#
# There is insufficient memory for the Java Runtime Environment to continue.
# Native memory allocation (malloc) failed to allocate 37216 bytes. Error detail: Chunk::new
# Possible reasons:
#   The system is out of physical RAM or swap space
#   This process is running with CompressedOops enabled, and the Java Heap may be blocking the growth of the native heap
# Possible solutions:
#   Reduce memory load on the system
#   Increase physical memory or swap space
#   Check if swap backing store is full
#   Decrease Java heap size (-Xmx/-Xms)
#   Decrease number of Java threads
#   Decrease Java thread stack sizes (-Xss)
#   Set larger code cache with -XX:ReservedCodeCacheSize=
#   JVM is running with Zero Based Compressed Oops mode in which the Java heap is
#     placed in the first 32GB address space. The Java Heap base address is the
#     maximum limit for the native heap growth. Please use -XX:HeapBaseMinAddress
#     to set the Java Heap base and to place the Java Heap above 32GB virtual address.
# This output file may be truncated or incomplete.
#
#  Out of Memory Error (arena.cpp:168), pid=7632, tid=6364
#
# JRE version: OpenJDK Runtime Environment Microsoft-11933218 (21.0.8+9) (build 21.0.8+9-LTS)
# Java VM: OpenJDK 64-Bit Server VM Microsoft-11933218 (21.0.8+9-LTS, mixed mode, sharing, tiered, compressed oops, compressed class ptrs, g1 gc, windows-amd64)
# No core dump will be written. Minidumps are not enabled by default on client versions of Windows
#

---------------  S U M M A R Y ------------

Command Line: -agentlib:jdwp=transport=dt_socket,address=127.0.0.1:54332,suspend=y,server=n -javaagent:C:\Users\araom\AppData\Local\JetBrains\IntelliJIdea2025.3\captureAgent\debugger-agent.jar=file:///C:/Users/araom/AppData/Local/Temp/capture13312494384572484278.props -Dkotlinx.coroutines.debug.enable.creation.stack.trace=false -Ddebugger.agent.enable.coroutines=true -Dkotlinx.coroutines.debug.enable.flows.stack.trace=true -Dkotlinx.coroutines.debug.enable.mutable.state.flows.stack.trace=true -Ddebugger.async.stack.trace.for.all.threads=true -Dfile.encoding=UTF-8 -Dsun.stdout.encoding=UTF-8 -Dsun.stderr.encoding=UTF-8 com.jobportal.Job.Poratl.JobPoratlApplication

Host: 13th Gen Intel(R) Core(TM) i5-1335U, 12 cores, 15G,  Windows 11 , 64 bit Build 26100 (10.0.26100.5074)
Time: Wed Feb  4 10:51:18 2026 elapsed time: 0.243569 seconds (0d 0h 0m 0s)

---------------  T H R E A D  ---------------

Current thread (0x0000029614020090):  JavaThread "C2 CompilerThread0" daemon [_thread_in_native, id=6364, stack(0x000000b040300000,0x000000b040400000) (1024K)]


Current CompileTask:
C2:243  334       4       java.lang.AbstractStringBuilder::ensureCapacityInternal (39 bytes)

Stack: [0x000000b040300000,0x000000b040400000]
Native frames: (J=compiled Java code, j=interpreted, Vv=VM code, C=native code)
V  [jvm.dll+0x6e1729]
V  [jvm.dll+0x8bf47b]
V  [jvm.dll+0x8c19aa]
V  [jvm.dll+0x8c2083]
V  [jvm.dll+0x289fd6]
V  [jvm.dll+0xc903d]
V  [jvm.dll+0xc958c]
V  [jvm.dll+0x30113e]
V  [jvm.dll+0x608897]
V  [jvm.dll+0x25af97]
V  [jvm.dll+0x25b36d]
V  [jvm.dll+0x253c69]
V  [jvm.dll+0x251171]
V  [jvm.dll+0x1d18bf]
V  [jvm.dll+0x260f4a]
V  [jvm.dll+0x25f2b5]
V  [jvm.dll+0x40151d]
V  [jvm.dll+0x86975d]
V  [jvm.dll+0x6dff2d]
C  [ucrtbase.dll+0x37b0]
C  [KERNEL32.DLL+0x2e8d7]
C  [ntdll.dll+0x8d9c]


---------------  P R O C E S S  ---------------

Threads class SMR info:
_java_thread_list=0x0000029614395160, length=15, elements={
0x00000295cef705f0, 0x00000295cef71240, 0x00000295cef75380, 0x00000295cef78e10,
0x00000295cef7b660, 0x00000295cef84c30, 0x0000029614020090, 0x0000029614021690,
0x00000295cef415e0, 0x000002961422b390, 0x0000029614282850, 0x00000296142f23c0,
0x000002961420f000, 0x000002961430cf30, 0x00000295af84faf0
}

Java Threads: ( => current thread )
  0x00000295cef705f0 JavaThread "Reference Handler"          daemon [_thread_blocked, id=9240, stack(0x000000b03fd00000,0x000000b03fe00000) (1024K)]
  0x00000295cef71240 JavaThread "Finalizer"                  daemon [_thread_blocked, id=22588, stack(0x000000b03fe00000,0x000000b03ff00000) (1024K)]
  0x00000295cef75380 JavaThread "Signal Dispatcher"          daemon [_thread_blocked, id=15252, stack(0x000000b03ff00000,0x000000b040000000) (1024K)]
  0x00000295cef78e10 JavaThread "Attach Listener"            daemon [_thread_blocked, id=27200, stack(0x000000b040000000,0x000000b040100000) (1024K)]
  0x00000295cef7b660 JavaThread "Service Thread"             daemon [_thread_blocked, id=4732, stack(0x000000b040100000,0x000000b040200000) (1024K)]
  0x00000295cef84c30 JavaThread "Monitor Deflation Thread"   daemon [_thread_blocked, id=17880, stack(0x000000b040200000,0x000000b040300000) (1024K)]
=>0x0000029614020090 JavaThread "C2 CompilerThread0"         daemon [_thread_in_native, id=6364, stack(0x000000b040300000,0x000000b040400000) (1024K)]
  0x0000029614021690 JavaThread "C1 CompilerThread0"         daemon [_thread_blocked, id=2580, stack(0x000000b040400000,0x000000b040500000) (1024K)]
  0x00000295cef415e0 JavaThread "Common-Cleaner"             daemon [_thread_blocked, id=4872, stack(0x000000b040500000,0x000000b040600000) (1024K)]
  0x000002961422b390 JavaThread "JDWP Transport Listener: dt_socket" daemon [_thread_blocked, id=9452, stack(0x000000b040600000,0x000000b040700000) (1024K)]
  0x0000029614282850 JavaThread "JDWP Event Helper Thread"   daemon [_thread_blocked, id=17296, stack(0x000000b040700000,0x000000b040800000) (1024K)]
  0x00000296142f23c0 JavaThread "JDWP Command Reader"        daemon [_thread_in_native, id=18320, stack(0x000000b040800000,0x000000b040900000) (1024K)]
  0x000002961420f000 JavaThread "IntelliJ Suspend Helper"    daemon [_thread_blocked, id=15892, stack(0x000000b040900000,0x000000b040a00000) (1024K)]
  0x000002961430cf30 JavaThread "Notification Thread"        daemon [_thread_blocked, id=25656, stack(0x000000b040a00000,0x000000b040b00000) (1024K)]
  0x00000295af84faf0 JavaThread "DestroyJavaVM"                     [_thread_blocked, id=20732, stack(0x000000b03f500000,0x000000b03f600000) (1024K)]
Total: 15

Other Threads:
  0x00000295cef52540 VMThread "VM Thread"                           [id=23148, stack(0x000000b03fc00000,0x000000b03fd00000) (1024K)]
  0x00000295cef40350 WatcherThread "VM Periodic Task Thread"        [id=15804, stack(0x000000b03fb00000,0x000000b03fc00000) (1024K)]
  0x00000295ad69df40 WorkerThread "GC Thread#0"                     [id=21128, stack(0x000000b03f600000,0x000000b03f700000) (1024K)]
  0x00000295af8c6960 ConcurrentGCThread "G1 Main Marker"            [id=21576, stack(0x000000b03f700000,0x000000b03f800000) (1024K)]
  0x00000295af8c7b10 WorkerThread "G1 Conc#0"                       [id=19132, stack(0x000000b03f800000,0x000000b03f900000) (1024K)]
  0x00000295cee0f7b0 ConcurrentGCThread "G1 Refine#0"               [id=14860, stack(0x000000b03f900000,0x000000b03fa00000) (1024K)]
  0x00000295cee10320 ConcurrentGCThread "G1 Service"                [id=20496, stack(0x000000b03fa00000,0x000000b03fb00000) (1024K)]
Total: 7

Threads with active compile tasks:
C2 CompilerThread0  282  334       4       java.lang.AbstractStringBuilder::ensureCapacityInternal (39 bytes)
Total: 1

VM state: not at safepoint (normal execution)

VM Mutex/Monitor currently owned by a thread: None

OutOfMemory and StackOverflow Exception counts:
OutOfMemoryError java_heap_errors=1
LinkageErrors=2

Heap address: 0x0000000705800000, size: 4008 MB, Compressed Oops mode: Zero based, Oop shift amount: 3

CDS archive(s) mapped at: [0x00000295cf000000-0x00000295cfc80000-0x00000295cfc80000), size 13107200, SharedBaseAddress: 0x00000295cf000000, ArchiveRelocationMode: 1.
Compressed class space mapped at: 0x00000295d0000000-0x0000029610000000, reserved size: 1073741824
Narrow klass base: 0x00000295cf000000, Narrow klass shift: 0, Narrow klass range: 0x100000000

GC Precious Log:
 CardTable entry size: 512
 Card Set container configuration: InlinePtr #cards 4 size 8 Array Of Cards #cards 16 size 48 Howl #buckets 8 coarsen threshold 3686 Howl Bitmap #cards 512 size 80 coarsen threshold 460 Card regions per heap region 1 cards per card region 4096
 CPUs: 12 total, 12 available
 Memory: 16024M
 Large Page Support: Disabled
 NUMA Support: Disabled
 Compressed Oops: Enabled (Zero based)
 Heap Region Size: 2M
 Heap Min Capacity: 8M
 Heap Initial Capacity: 252M
 Heap Max Capacity: 4008M
 Pre-touch: Disabled
 Parallel Workers: 10
 Concurrent Workers: 3
 Concurrent Refinement Workers: 10
 Periodic GC: Disabled

Heap:
 garbage-first heap   total 258048K, used 6144K [0x0000000705800000, 0x0000000800000000)
  region size 2048K, 4 young (8192K), 0 survivors (0K)
 Metaspace       used 2090K, committed 2240K, reserved 1114112K
  class space    used 173K, committed 256K, reserved 1048576K

Heap Regions: E=young(eden), S=young(survivor), O=old, HS=humongous(starts), HC=humongous(continues), CS=collection set, F=free, TAMS=top-at-mark-start, PB=parsable bottom
|   0|0x0000000705800000, 0x0000000705800000, 0x0000000705a00000|  0%| F|  |TAMS 0x0000000705800000| PB 0x0000000705800000| Untracked 
|   1|0x0000000705a00000, 0x0000000705a00000, 0x0000000705c00000|  0%| F|  |TAMS 0x0000000705a00000| PB 0x0000000705a00000| Untracked 
|   2|0x0000000705c00000, 0x0000000705c00000, 0x0000000705e00000|  0%| F|  |TAMS 0x0000000705c00000| PB 0x0000000705c00000| Untracked 
|   3|0x0000000705e00000, 0x0000000705e00000, 0x0000000706000000|  0%| F|  |TAMS 0x0000000705e00000| PB 0x0000000705e00000| Untracked 
|   4|0x0000000706000000, 0x0000000706000000, 0x0000000706200000|  0%| F|  |TAMS 0x0000000706000000| PB 0x0000000706000000| Untracked 
|   5|0x0000000706200000, 0x0000000706200000, 0x0000000706400000|  0%| F|  |TAMS 0x0000000706200000| PB 0x0000000706200000| Untracked 
|   6|0x0000000706400000, 0x0000000706400000, 0x0000000706600000|  0%| F|  |TAMS 0x0000000706400000| PB 0x0000000706400000| Untracked 
|   7|0x0000000706600000, 0x0000000706600000, 0x0000000706800000|  0%| F|  |TAMS 0x0000000706600000| PB 0x0000000706600000| Untracked 
|   8|0x0000000706800000, 0x0000000706800000, 0x0000000706a00000|  0%| F|  |TAMS 0x0000000706800000| PB 0x0000000706800000| Untracked 
|   9|0x0000000706a00000, 0x0000000706a00000, 0x0000000706c00000|  0%| F|  |TAMS 0x0000000706a00000| PB 0x0000000706a00000| Untracked 
|  10|0x0000000706c00000, 0x0000000706c00000, 0x0000000706e00000|  0%| F|  |TAMS 0x0000000706c00000| PB 0x0000000706c00000| Untracked 
|  11|0x0000000706e00000, 0x0000000706e00000, 0x0000000707000000|  0%| F|  |TAMS 0x0000000706e00000| PB 0x0000000706e00000| Untracked 
|  12|0x0000000707000000, 0x0000000707000000, 0x0000000707200000|  0%| F|  |TAMS 0x0000000707000000| PB 0x0000000707000000| Untracked 
|  13|0x0000000707200000, 0x0000000707200000, 0x0000000707400000|  0%| F|  |TAMS 0x0000000707200000| PB 0x0000000707200000| Untracked 
|  14|0x0000000707400000, 0x0000000707400000, 0x0000000707600000|  0%| F|  |TAMS 0x0000000707400000| PB 0x0000000707400000| Untracked 
|  15|0x0000000707600000, 0x0000000707600000, 0x0000000707800000|  0%| F|  |TAMS 0x0000000707600000| PB 0x0000000707600000| Untracked 
|  16|0x0000000707800000, 0x0000000707800000, 0x0000000707a00000|  0%| F|  |TAMS 0x0000000707800000| PB 0x0000000707800000| Untracked 
|  17|0x0000000707a00000, 0x0000000707a00000, 0x0000000707c00000|  0%| F|  |TAMS 0x0000000707a00000| PB 0x0000000707a00000| Untracked 
|  18|0x0000000707c00000, 0x0000000707c00000, 0x0000000707e00000|  0%| F|  |TAMS 0x0000000707c00000| PB 0x0000000707c00000| Untracked 
|  19|0x0000000707e00000, 0x0000000707e00000, 0x0000000708000000|  0%| F|  |TAMS 0x0000000707e00000| PB 0x0000000707e00000| Untracked 
|  20|0x0000000708000000, 0x0000000708000000, 0x0000000708200000|  0%| F|  |TAMS 0x0000000708000000| PB 0x0000000708000000| Untracked 
|  21|0x0000000708200000, 0x0000000708200000, 0x0000000708400000|  0%| F|  |TAMS 0x0000000708200000| PB 0x0000000708200000| Untracked 
|  22|0x0000000708400000, 0x0000000708400000, 0x0000000708600000|  0%| F|  |TAMS 0x0000000708400000| PB 0x0000000708400000| Untracked 
|  23|0x0000000708600000, 0x0000000708600000, 0x0000000708800000|  0%| F|  |TAMS 0x0000000708600000| PB 0x0000000708600000| Untracked 
|  24|0x0000000708800000, 0x0000000708800000, 0x0000000708a00000|  0%| F|  |TAMS 0x0000000708800000| PB 0x0000000708800000| Untracked 
|  25|0x0000000708a00000, 0x0000000708a00000, 0x0000000708c00000|  0%| F|  |TAMS 0x0000000708a00000| PB 0x0000000708a00000| Untracked 
|  26|0x0000000708c00000, 0x0000000708c00000, 0x0000000708e00000|  0%| F|  |TAMS 0x0000000708c00000| PB 0x0000000708c00000| Untracked 
|  27|0x0000000708e00000, 0x0000000708e00000, 0x0000000709000000|  0%| F|  |TAMS 0x0000000708e00000| PB 0x0000000708e00000| Untracked 
|  28|0x0000000709000000, 0x0000000709000000, 0x0000000709200000|  0%| F|  |TAMS 0x0000000709000000| PB 0x0000000709000000| Untracked 
|  29|0x0000000709200000, 0x0000000709200000, 0x0000000709400000|  0%| F|  |TAMS 0x0000000709200000| PB 0x0000000709200000| Untracked 
|  30|0x0000000709400000, 0x0000000709400000, 0x0000000709600000|  0%| F|  |TAMS 0x0000000709400000| PB 0x0000000709400000| Untracked 
|  31|0x0000000709600000, 0x0000000709600000, 0x0000000709800000|  0%| F|  |TAMS 0x0000000709600000| PB 0x0000000709600000| Untracked 
|  32|0x0000000709800000, 0x0000000709800000, 0x0000000709a00000|  0%| F|  |TAMS 0x0000000709800000| PB 0x0000000709800000| Untracked 
|  33|0x0000000709a00000, 0x0000000709a00000, 0x0000000709c00000|  0%| F|  |TAMS 0x0000000709a00000| PB 0x0000000709a00000| Untracked 
|  34|0x0000000709c00000, 0x0000000709c00000, 0x0000000709e00000|  0%| F|  |TAMS 0x0000000709c00000| PB 0x0000000709c00000| Untracked 
|  35|0x0000000709e00000, 0x0000000709e00000, 0x000000070a000000|  0%| F|  |TAMS 0x0000000709e00000| PB 0x0000000709e00000| Untracked 
|  36|0x000000070a000000, 0x000000070a000000, 0x000000070a200000|  0%| F|  |TAMS 0x000000070a000000| PB 0x000000070a000000| Untracked 
|  37|0x000000070a200000, 0x000000070a200000, 0x000000070a400000|  0%| F|  |TAMS 0x000000070a200000| PB 0x000000070a200000| Untracked 
|  38|0x000000070a400000, 0x000000070a400000, 0x000000070a600000|  0%| F|  |TAMS 0x000000070a400000| PB 0x000000070a400000| Untracked 
|  39|0x000000070a600000, 0x000000070a600000, 0x000000070a800000|  0%| F|  |TAMS 0x000000070a600000| PB 0x000000070a600000| Untracked 
|  40|0x000000070a800000, 0x000000070a800000, 0x000000070aa00000|  0%| F|  |TAMS 0x000000070a800000| PB 0x000000070a800000| Untracked 
|  41|0x000000070aa00000, 0x000000070aa00000, 0x000000070ac00000|  0%| F|  |TAMS 0x000000070aa00000| PB 0x000000070aa00000| Untracked 
|  42|0x000000070ac00000, 0x000000070ac00000, 0x000000070ae00000|  0%| F|  |TAMS 0x000000070ac00000| PB 0x000000070ac00000| Untracked 
|  43|0x000000070ae00000, 0x000000070ae00000, 0x000000070b000000|  0%| F|  |TAMS 0x000000070ae00000| PB 0x000000070ae00000| Untracked 
|  44|0x000000070b000000, 0x000000070b000000, 0x000000070b200000|  0%| F|  |TAMS 0x000000070b000000| PB 0x000000070b000000| Untracked 
|  45|0x000000070b200000, 0x000000070b200000, 0x000000070b400000|  0%| F|  |TAMS 0x000000070b200000| PB 0x000000070b200000| Untracked 
|  46|0x000000070b400000, 0x000000070b400000, 0x000000070b600000|  0%| F|  |TAMS 0x000000070b400000| PB 0x000000070b400000| Untracked 
|  47|0x000000070b600000, 0x000000070b600000, 0x000000070b800000|  0%| F|  |TAMS 0x000000070b600000| PB 0x000000070b600000| Untracked 
|  48|0x000000070b800000, 0x000000070b800000, 0x000000070ba00000|  0%| F|  |TAMS 0x000000070b800000| PB 0x000000070b800000| Untracked 
|  49|0x000000070ba00000, 0x000000070ba00000, 0x000000070bc00000|  0%| F|  |TAMS 0x000000070ba00000| PB 0x000000070ba00000| Untracked 
|  50|0x000000070bc00000, 0x000000070bc00000, 0x000000070be00000|  0%| F|  |TAMS 0x000000070bc00000| PB 0x000000070bc00000| Untracked 
|  51|0x000000070be00000, 0x000000070be00000, 0x000000070c000000|  0%| F|  |TAMS 0x000000070be00000| PB 0x000000070be00000| Untracked 
|  52|0x000000070c000000, 0x000000070c000000, 0x000000070c200000|  0%| F|  |TAMS 0x000000070c000000| PB 0x000000070c000000| Untracked 
|  53|0x000000070c200000, 0x000000070c200000, 0x000000070c400000|  0%| F|  |TAMS 0x000000070c200000| PB 0x000000070c200000| Untracked 
|  54|0x000000070c400000, 0x000000070c400000, 0x000000070c600000|  0%| F|  |TAMS 0x000000070c400000| PB 0x000000070c400000| Untracked 
|  55|0x000000070c600000, 0x000000070c600000, 0x000000070c800000|  0%| F|  |TAMS 0x000000070c600000| PB 0x000000070c600000| Untracked 
|  56|0x000000070c800000, 0x000000070c800000, 0x000000070ca00000|  0%| F|  |TAMS 0x000000070c800000| PB 0x000000070c800000| Untracked 
|  57|0x000000070ca00000, 0x000000070ca00000, 0x000000070cc00000|  0%| F|  |TAMS 0x000000070ca00000| PB 0x000000070ca00000| Untracked 
|  58|0x000000070cc00000, 0x000000070cc00000, 0x000000070ce00000|  0%| F|  |TAMS 0x000000070cc00000| PB 0x000000070cc00000| Untracked 
|  59|0x000000070ce00000, 0x000000070ce00000, 0x000000070d000000|  0%| F|  |TAMS 0x000000070ce00000| PB 0x000000070ce00000| Untracked 
|  60|0x000000070d000000, 0x000000070d000000, 0x000000070d200000|  0%| F|  |TAMS 0x000000070d000000| PB 0x000000070d000000| Untracked 
|  61|0x000000070d200000, 0x000000070d200000, 0x000000070d400000|  0%| F|  |TAMS 0x000000070d200000| PB 0x000000070d200000| Untracked 
|  62|0x000000070d400000, 0x000000070d400000, 0x000000070d600000|  0%| F|  |TAMS 0x000000070d400000| PB 0x000000070d400000| Untracked 
|  63|0x000000070d600000, 0x000000070d600000, 0x000000070d800000|  0%| F|  |TAMS 0x000000070d600000| PB 0x000000070d600000| Untracked 
|  64|0x000000070d800000, 0x000000070d800000, 0x000000070da00000|  0%| F|  |TAMS 0x000000070d800000| PB 0x000000070d800000| Untracked 
|  65|0x000000070da00000, 0x000000070da00000, 0x000000070dc00000|  0%| F|  |TAMS 0x000000070da00000| PB 0x000000070da00000| Untracked 
|  66|0x000000070dc00000, 0x000000070dc00000, 0x000000070de00000|  0%| F|  |TAMS 0x000000070dc00000| PB 0x000000070dc00000| Untracked 
|  67|0x000000070de00000, 0x000000070de00000, 0x000000070e000000|  0%| F|  |TAMS 0x000000070de00000| PB 0x000000070de00000| Untracked 
|  68|0x000000070e000000, 0x000000070e000000, 0x000000070e200000|  0%| F|  |TAMS 0x000000070e000000| PB 0x000000070e000000| Untracked 
|  69|0x000000070e200000, 0x000000070e200000, 0x000000070e400000|  0%| F|  |TAMS 0x000000070e200000| PB 0x000000070e200000| Untracked 
|  70|0x000000070e400000, 0x000000070e400000, 0x000000070e600000|  0%| F|  |TAMS 0x000000070e400000| PB 0x000000070e400000| Untracked 
|  71|0x000000070e600000, 0x000000070e600000, 0x000000070e800000|  0%| F|  |TAMS 0x000000070e600000| PB 0x000000070e600000| Untracked 
|  72|0x000000070e800000, 0x000000070e800000, 0x000000070ea00000|  0%| F|  |TAMS 0x000000070e800000| PB 0x000000070e800000| Untracked 
|  73|0x000000070ea00000, 0x000000070ea00000, 0x000000070ec00000|  0%| F|  |TAMS 0x000000070ea00000| PB 0x000000070ea00000| Untracked 
|  74|0x000000070ec00000, 0x000000070ec00000, 0x000000070ee00000|  0%| F|  |TAMS 0x000000070ec00000| PB 0x000000070ec00000| Untracked 
|  75|0x000000070ee00000, 0x000000070ee00000, 0x000000070f000000|  0%| F|  |TAMS 0x000000070ee00000| PB 0x000000070ee00000| Untracked 
|  76|0x000000070f000000, 0x000000070f000000, 0x000000070f200000|  0%| F|  |TAMS 0x000000070f000000| PB 0x000000070f000000| Untracked 
|  77|0x000000070f200000, 0x000000070f200000, 0x000000070f400000|  0%| F|  |TAMS 0x000000070f200000| PB 0x000000070f200000| Untracked 
|  78|0x000000070f400000, 0x000000070f400000, 0x000000070f600000|  0%| F|  |TAMS 0x000000070f400000| PB 0x000000070f400000| Untracked 
|  79|0x000000070f600000, 0x000000070f600000, 0x000000070f800000|  0%| F|  |TAMS 0x000000070f600000| PB 0x000000070f600000| Untracked 
|  80|0x000000070f800000, 0x000000070f800000, 0x000000070fa00000|  0%| F|  |TAMS 0x000000070f800000| PB 0x000000070f800000| Untracked 
|  81|0x000000070fa00000, 0x000000070fa00000, 0x000000070fc00000|  0%| F|  |TAMS 0x000000070fa00000| PB 0x000000070fa00000| Untracked 
|  82|0x000000070fc00000, 0x000000070fc00000, 0x000000070fe00000|  0%| F|  |TAMS 0x000000070fc00000| PB 0x000000070fc00000| Untracked 
|  83|0x000000070fe00000, 0x000000070fe00000, 0x0000000710000000|  0%| F|  |TAMS 0x000000070fe00000| PB 0x000000070fe00000| Untracked 
|  84|0x0000000710000000, 0x0000000710000000, 0x0000000710200000|  0%| F|  |TAMS 0x0000000710000000| PB 0x0000000710000000| Untracked 
|  85|0x0000000710200000, 0x0000000710200000, 0x0000000710400000|  0%| F|  |TAMS 0x0000000710200000| PB 0x0000000710200000| Untracked 
|  86|0x0000000710400000, 0x0000000710400000, 0x0000000710600000|  0%| F|  |TAMS 0x0000000710400000| PB 0x0000000710400000| Untracked 
|  87|0x0000000710600000, 0x0000000710600000, 0x0000000710800000|  0%| F|  |TAMS 0x0000000710600000| PB 0x0000000710600000| Untracked 
|  88|0x0000000710800000, 0x0000000710800000, 0x0000000710a00000|  0%| F|  |TAMS 0x0000000710800000| PB 0x0000000710800000| Untracked 
|  89|0x0000000710a00000, 0x0000000710a00000, 0x0000000710c00000|  0%| F|  |TAMS 0x0000000710a00000| PB 0x0000000710a00000| Untracked 
|  90|0x0000000710c00000, 0x0000000710c00000, 0x0000000710e00000|  0%| F|  |TAMS 0x0000000710c00000| PB 0x0000000710c00000| Untracked 
|  91|0x0000000710e00000, 0x0000000710e00000, 0x0000000711000000|  0%| F|  |TAMS 0x0000000710e00000| PB 0x0000000710e00000| Untracked 
|  92|0x0000000711000000, 0x0000000711000000, 0x0000000711200000|  0%| F|  |TAMS 0x0000000711000000| PB 0x0000000711000000| Untracked 
|  93|0x0000000711200000, 0x0000000711200000, 0x0000000711400000|  0%| F|  |TAMS 0x0000000711200000| PB 0x0000000711200000| Untracked 
|  94|0x0000000711400000, 0x0000000711400000, 0x0000000711600000|  0%| F|  |TAMS 0x0000000711400000| PB 0x0000000711400000| Untracked 
|  95|0x0000000711600000, 0x0000000711600000, 0x0000000711800000|  0%| F|  |TAMS 0x0000000711600000| PB 0x0000000711600000| Untracked 
|  96|0x0000000711800000, 0x0000000711800000, 0x0000000711a00000|  0%| F|  |TAMS 0x0000000711800000| PB 0x0000000711800000| Untracked 
|  97|0x0000000711a00000, 0x0000000711a00000, 0x0000000711c00000|  0%| F|  |TAMS 0x0000000711a00000| PB 0x0000000711a00000| Untracked 
|  98|0x0000000711c00000, 0x0000000711c00000, 0x0000000711e00000|  0%| F|  |TAMS 0x0000000711c00000| PB 0x0000000711c00000| Untracked 
|  99|0x0000000711e00000, 0x0000000711e00000, 0x0000000712000000|  0%| F|  |TAMS 0x0000000711e00000| PB 0x0000000711e00000| Untracked 
| 100|0x0000000712000000, 0x0000000712000000, 0x0000000712200000|  0%| F|  |TAMS 0x0000000712000000| PB 0x0000000712000000| Untracked 
| 101|0x0000000712200000, 0x0000000712200000, 0x0000000712400000|  0%| F|  |TAMS 0x0000000712200000| PB 0x0000000712200000| Untracked 
| 102|0x0000000712400000, 0x0000000712400000, 0x0000000712600000|  0%| F|  |TAMS 0x0000000712400000| PB 0x0000000712400000| Untracked 
| 103|0x0000000712600000, 0x0000000712600000, 0x0000000712800000|  0%| F|  |TAMS 0x0000000712600000| PB 0x0000000712600000| Untracked 
| 104|0x0000000712800000, 0x0000000712800000, 0x0000000712a00000|  0%| F|  |TAMS 0x0000000712800000| PB 0x0000000712800000| Untracked 
| 105|0x0000000712a00000, 0x0000000712a00000, 0x0000000712c00000|  0%| F|  |TAMS 0x0000000712a00000| PB 0x0000000712a00000| Untracked 
| 106|0x0000000712c00000, 0x0000000712c00000, 0x0000000712e00000|  0%| F|  |TAMS 0x0000000712c00000| PB 0x0000000712c00000| Untracked 
| 107|0x0000000712e00000, 0x0000000712e00000, 0x0000000713000000|  0%| F|  |TAMS 0x0000000712e00000| PB 0x0000000712e00000| Untracked 
| 108|0x0000000713000000, 0x0000000713000000, 0x0000000713200000|  0%| F|  |TAMS 0x0000000713000000| PB 0x0000000713000000| Untracked 
| 109|0x0000000713200000, 0x0000000713200000, 0x0000000713400000|  0%| F|  |TAMS 0x0000000713200000| PB 0x0000000713200000| Untracked 
| 110|0x0000000713400000, 0x0000000713400000, 0x0000000713600000|  0%| F|  |TAMS 0x0000000713400000| PB 0x0000000713400000| Untracked 
| 111|0x0000000713600000, 0x0000000713600000, 0x0000000713800000|  0%| F|  |TAMS 0x0000000713600000| PB 0x0000000713600000| Untracked 
| 112|0x0000000713800000, 0x0000000713800000, 0x0000000713a00000|  0%| F|  |TAMS 0x0000000713800000| PB 0x0000000713800000| Untracked 
| 113|0x0000000713a00000, 0x0000000713a00000, 0x0000000713c00000|  0%| F|  |TAMS 0x0000000713a00000| PB 0x0000000713a00000| Untracked 
| 114|0x0000000713c00000, 0x0000000713c00000, 0x0000000713e00000|  0%| F|  |TAMS 0x0000000713c00000| PB 0x0000000713c00000| Untracked 
| 115|0x0000000713e00000, 0x0000000713e00000, 0x0000000714000000|  0%| F|  |TAMS 0x0000000713e00000| PB 0x0000000713e00000| Untracked 
| 116|0x0000000714000000, 0x0000000714000000, 0x0000000714200000|  0%| F|  |TAMS 0x0000000714000000| PB 0x0000000714000000| Untracked 
| 117|0x0000000714200000, 0x0000000714200000, 0x0000000714400000|  0%| F|  |TAMS 0x0000000714200000| PB 0x0000000714200000| Untracked 
| 118|0x0000000714400000, 0x0000000714400000, 0x0000000714600000|  0%| F|  |TAMS 0x0000000714400000| PB 0x0000000714400000| Untracked 
| 119|0x0000000714600000, 0x0000000714600000, 0x0000000714800000|  0%| F|  |TAMS 0x0000000714600000| PB 0x0000000714600000| Untracked 
| 120|0x0000000714800000, 0x0000000714800000, 0x0000000714a00000|  0%| F|  |TAMS 0x0000000714800000| PB 0x0000000714800000| Untracked 
| 121|0x0000000714a00000, 0x0000000714a00000, 0x0000000714c00000|  0%| F|  |TAMS 0x0000000714a00000| PB 0x0000000714a00000| Untracked 
| 122|0x0000000714c00000, 0x0000000714d08820, 0x0000000714e00000| 51%| E|  |TAMS 0x0000000714c00000| PB 0x0000000714c00000| Complete 
| 123|0x0000000714e00000, 0x0000000715000000, 0x0000000715000000|100%| E|CS|TAMS 0x0000000714e00000| PB 0x0000000714e00000| Complete 
| 124|0x0000000715000000, 0x0000000715200000, 0x0000000715200000|100%| E|CS|TAMS 0x0000000715000000| PB 0x0000000715000000| Complete 
| 125|0x0000000715200000, 0x0000000715400000, 0x0000000715400000|100%| E|CS|TAMS 0x0000000715200000| PB 0x0000000715200000| Complete 

Card table byte_map: [0x00000295c7c70000,0x00000295c8450000] _byte_map_base: 0x00000295c4444000

Marking Bits: (CMBitMap*) 0x00000295ad69e640
 Bits: [0x00000295c8450000, 0x00000295cc2f0000)

Polling page: 0x00000295adb30000

Metaspace:

Usage:
  Non-class:      1.87 MB used.
      Class:    173.11 KB used.
       Both:      2.04 MB used.

Virtual space:
  Non-class space:       64.00 MB reserved,       1.94 MB (  3%) committed,  1 nodes.
      Class space:        1.00 GB reserved,     256.00 KB ( <1%) committed,  1 nodes.
             Both:        1.06 GB reserved,       2.19 MB ( <1%) committed. 

Chunk freelists:
   Non-Class:  11.98 MB
       Class:  15.74 MB
        Both:  27.72 MB

MaxMetaspaceSize: unlimited
CompressedClassSpaceSize: 1.00 GB
Initial GC threshold: 21.00 MB
Current GC threshold: 21.00 MB
CDS: on
 - commit_granule_bytes: 65536.
 - commit_granule_words: 8192.
 - virtual_space_node_default_size: 8388608.
 - enlarge_chunks_in_place: 1.
 - use_allocation_guard: 0.


Internal statistics:

num_allocs_failed_limit: 0.
num_arena_births: 22.
num_arena_deaths: 0.
num_vsnodes_births: 2.
num_vsnodes_deaths: 0.
num_space_committed: 35.
num_space_uncommitted: 0.
num_chunks_returned_to_freelist: 0.
num_chunks_taken_from_freelist: 23.
num_chunk_merges: 0.
num_chunk_splits: 15.
num_chunks_enlarged: 9.
num_inconsistent_stats: 0.

CodeHeap 'non-profiled nmethods': size=120000Kb used=118Kb max_used=118Kb free=119881Kb
 bounds [0x00000295bfa10000, 0x00000295bfc80000, 0x00000295c6f40000]
CodeHeap 'profiled nmethods': size=120000Kb used=379Kb max_used=379Kb free=119620Kb
 bounds [0x00000295b7f40000, 0x00000295b81b0000, 0x00000295bf470000]
CodeHeap 'non-nmethods': size=5760Kb used=1352Kb max_used=1366Kb free=4407Kb
 bounds [0x00000295bf470000, 0x00000295bf6e0000, 0x00000295bfa10000]
CodeCache: size=245760Kb, used=1849Kb, max_used=1863Kb, free=243908Kb
 total_blobs=741, nmethods=337, adapters=309, full_count=0
Compilation: enabled, stopped_count=0, restarted_count=0

Compilation events (20 events):
Event: 0.237 Thread 0x0000029614021690  324       3       jdk.internal.misc.Blocker::end (71 bytes)
Event: 0.237 Thread 0x0000029614021690 nmethod 324 0x00000295b7f9c190 code [0x00000295b7f9c380, 0x00000295b7f9c840]
Event: 0.237 Thread 0x0000029614021690  322       1       java.lang.String::value (5 bytes)
Event: 0.237 Thread 0x0000029614021690 nmethod 322 0x00000295bfa2b910 code [0x00000295bfa2baa0, 0x00000295bfa2bb70]
Event: 0.238 Thread 0x0000029614021690  327       3       java.io.WinNTFileSystem::normalize (143 bytes)
Event: 0.238 Thread 0x0000029614021690 nmethod 327 0x00000295b7f9ca10 code [0x00000295b7f9cca0, 0x00000295b7f9d7e0]
Event: 0.239 Thread 0x0000029614020090 nmethod 325 0x00000295bfa2c010 code [0x00000295bfa2c1a0, 0x00000295bfa2c438]
Event: 0.239 Thread 0x0000029614020090  326       4       java.util.Objects::requireNonNull (14 bytes)
Event: 0.239 Thread 0x0000029614021690  329       3       java.lang.StringLatin1::indexOf (37 bytes)
Event: 0.239 Thread 0x0000029614020090 nmethod 326 0x00000295bfa2c590 code [0x00000295bfa2c720, 0x00000295bfa2c7a8]
Event: 0.239 Thread 0x0000029614021690 nmethod 329 0x00000295b7f9dc10 code [0x00000295b7f9de00, 0x00000295b7f9e1f8]
Event: 0.239 Thread 0x0000029614021690  330       3       jdk.internal.misc.Unsafe::pickPos (14 bytes)
Event: 0.240 Thread 0x0000029614021690 nmethod 330 0x00000295b7f9e390 code [0x00000295b7f9e520, 0x00000295b7f9e620]
Event: 0.240 Thread 0x0000029614021690  331       1       java.net.URL::getHost (5 bytes)
Event: 0.240 Thread 0x0000029614021690 nmethod 331 0x00000295bfa2c890 code [0x00000295bfa2ca20, 0x00000295bfa2caf0]
Event: 0.241 Thread 0x0000029614021690  332       3       jdk.internal.misc.Unsafe::toUnsignedLong (7 bytes)
Event: 0.241 Thread 0x0000029614021690 nmethod 332 0x00000295b7f9e690 code [0x00000295b7f9e820, 0x00000295b7f9e920]
Event: 0.241 Thread 0x0000029614021690  333       3       java.io.WinNTFileSystem::isLetter (30 bytes)
Event: 0.241 Thread 0x0000029614020090  334       4       java.lang.AbstractStringBuilder::ensureCapacityInternal (39 bytes)
Event: 0.241 Thread 0x0000029614021690 nmethod 333 0x00000295b7f9e990 code [0x00000295b7f9eb40, 0x00000295b7f9ed30]

GC Heap History (0 events):
No events

Dll operation events (7 events):
Event: 0.014 Loaded shared library C:\Users\araom\.jdks\ms-21.0.8\bin\java.dll
Event: 0.015 Loaded shared library C:\Users\araom\.jdks\ms-21.0.8\bin\zip.dll
Event: 0.040 Loaded shared library C:\Users\araom\.jdks\ms-21.0.8\bin\jsvml.dll
Event: 0.159 Loaded shared library C:\Users\araom\.jdks\ms-21.0.8\bin\instrument.dll
Event: 0.212 Loaded shared library C:\Users\araom\.jdks\ms-21.0.8\bin\net.dll
Event: 0.214 Loaded shared library C:\Users\araom\.jdks\ms-21.0.8\bin\nio.dll
Event: 0.222 Loaded shared library C:\Users\araom\.jdks\ms-21.0.8\bin\zip.dll

Deoptimization events (20 events):
Event: 0.233 Thread 0x00000295af84faf0 DEOPT PACKING pc=0x00000295b7f8e049 sp=0x000000b03f5fd940
Event: 0.233 Thread 0x00000295af84faf0 DEOPT UNPACKING pc=0x00000295bf4c4e42 sp=0x000000b03f5fcdb0 mode 0
Event: 0.233 Thread 0x00000295af84faf0 DEOPT PACKING pc=0x00000295b7f8e049 sp=0x000000b03f5fd940
Event: 0.233 Thread 0x00000295af84faf0 DEOPT UNPACKING pc=0x00000295bf4c4e42 sp=0x000000b03f5fcdb0 mode 0
Event: 0.233 Thread 0x00000295af84faf0 DEOPT PACKING pc=0x00000295b7f8e049 sp=0x000000b03f5fd940
Event: 0.233 Thread 0x00000295af84faf0 DEOPT UNPACKING pc=0x00000295bf4c4e42 sp=0x000000b03f5fcdb0 mode 0
Event: 0.233 Thread 0x00000295af84faf0 DEOPT PACKING pc=0x00000295b7f8e049 sp=0x000000b03f5fd940
Event: 0.233 Thread 0x00000295af84faf0 DEOPT UNPACKING pc=0x00000295bf4c4e42 sp=0x000000b03f5fcdb0 mode 0
Event: 0.234 Thread 0x00000295af84faf0 DEOPT PACKING pc=0x00000295b7f8e049 sp=0x000000b03f5fd940
Event: 0.234 Thread 0x00000295af84faf0 DEOPT UNPACKING pc=0x00000295bf4c4e42 sp=0x000000b03f5fcdb0 mode 0
Event: 0.234 Thread 0x00000295af84faf0 DEOPT PACKING pc=0x00000295b7f8e049 sp=0x000000b03f5fd940
Event: 0.234 Thread 0x00000295af84faf0 DEOPT UNPACKING pc=0x00000295bf4c4e42 sp=0x000000b03f5fcdb0 mode 0
Event: 0.234 Thread 0x00000295af84faf0 DEOPT PACKING pc=0x00000295b7f8e049 sp=0x000000b03f5fd940
Event: 0.234 Thread 0x00000295af84faf0 DEOPT UNPACKING pc=0x00000295bf4c4e42 sp=0x000000b03f5fcdb0 mode 0
Event: 0.234 Thread 0x00000295af84faf0 DEOPT PACKING pc=0x00000295b7f8e049 sp=0x000000b03f5fd940
Event: 0.234 Thread 0x00000295af84faf0 DEOPT UNPACKING pc=0x00000295bf4c4e42 sp=0x000000b03f5fcdb0 mode 0
Event: 0.235 Thread 0x00000295af84faf0 DEOPT PACKING pc=0x00000295b7f8e049 sp=0x000000b03f5fd940
Event: 0.235 Thread 0x00000295af84faf0 DEOPT UNPACKING pc=0x00000295bf4c4e42 sp=0x000000b03f5fcdb0 mode 0
Event: 0.239 Thread 0x00000295af84faf0 DEOPT PACKING pc=0x00000295b7f4ad4f sp=0x000000b03f5fdca0
Event: 0.239 Thread 0x00000295af84faf0 DEOPT UNPACKING pc=0x00000295bf4c4e42 sp=0x000000b03f5fd0c0 mode 0

Classes loaded (20 events):
Event: 0.221 Loading class java/util/zip/ZipEntry
Event: 0.221 Loading class java/util/zip/ZipEntry done
Event: 0.221 Loading class java/util/jar/JarEntry
Event: 0.221 Loading class java/util/jar/JarEntry done
Event: 0.221 Loading class java/util/jar/JarFile$JarFileEntry
Event: 0.221 Loading class java/util/jar/JarFile$JarFileEntry done
Event: 0.221 Loading class java/util/zip/ZipFile$ZipFileInflaterInputStream
Event: 0.221 Loading class java/util/zip/ZipFile$ZipFileInflaterInputStream done
Event: 0.226 Loading class java/util/NavigableSet
Event: 0.226 Loading class java/util/NavigableSet done
Event: 0.226 Loading class java/util/TreeSet
Event: 0.227 Loading class java/util/TreeSet done
Event: 0.227 Loading class java/util/NavigableMap
Event: 0.227 Loading class java/util/NavigableMap done
Event: 0.227 Loading class java/util/TreeMap
Event: 0.228 Loading class java/util/TreeMap done
Event: 0.229 Loading class java/util/TreeMap$KeySet
Event: 0.229 Loading class java/util/TreeMap$KeySet done
Event: 0.229 Loading class java/util/TreeMap$KeyIterator
Event: 0.229 Loading class java/util/TreeMap$KeyIterator done

Classes unloaded (0 events):
No events

Classes redefined (1 events):
Event: 0.187 Thread 0x00000295cef52540 redefined class name=java.lang.Throwable, count=1

Internal exceptions (2 events):
Event: 0.160 Thread 0x00000295af84faf0 Exception <a 'java/lang/NoSuchMethodError'{0x0000000715133760}: 'void java.lang.invoke.DirectMethodHandle$Holder.invokeStatic(java.lang.Object, java.lang.Object, java.lang.Object)'> (0x0000000715133760) 
thrown [s\src\hotspot\share\interpreter\linkResolver.cpp, line 773]
Event: 0.165 Thread 0x00000295af84faf0 Exception <a 'java/lang/NoSuchMethodError'{0x000000071514b278}: 'java.lang.Object java.lang.invoke.Invokers$Holder.invokeExact_MT(java.lang.Object, java.lang.Object, java.lang.Object, java.lang.Object, java.lang.Object)'> (0x000000071514b278) 
thrown [s\src\hotspot\share\interpreter\linkResolver.cpp, line 773]

ZGC Phase Switch (0 events):
No events

VM Operations (10 events):
Event: 0.092 Executing VM operation: HandshakeAllThreads (Deoptimize)
Event: 0.092 Executing VM operation: HandshakeAllThreads (Deoptimize) done
Event: 0.153 Executing VM operation: ChangeBreakpoints
Event: 0.153 Executing VM operation: ChangeBreakpoints done
Event: 0.154 Executing VM operation: ChangeBreakpoints
Event: 0.154 Executing VM operation: ChangeBreakpoints done
Event: 0.186 Executing VM operation: RedefineClasses
Event: 0.187 Executing VM operation: RedefineClasses done
Event: 0.189 Executing VM operation: get/set locals
Event: 0.189 Executing VM operation: get/set locals done

Memory protections (0 events):
No events

Nmethod flushes (0 events):
No events

Events (15 events):
Event: 0.026 Thread 0x00000295af84faf0 Thread added: 0x00000295af84faf0
Event: 0.038 Thread 0x00000295af84faf0 Thread added: 0x00000295cef705f0
Event: 0.038 Thread 0x00000295af84faf0 Thread added: 0x00000295cef71240
Event: 0.038 Thread 0x00000295af84faf0 Thread added: 0x00000295cef75380
Event: 0.038 Thread 0x00000295af84faf0 Thread added: 0x00000295cef78e10
Event: 0.038 Thread 0x00000295af84faf0 Thread added: 0x00000295cef7b660
Event: 0.038 Thread 0x00000295af84faf0 Thread added: 0x00000295cef84c30
Event: 0.038 Thread 0x00000295af84faf0 Thread added: 0x0000029614020090
Event: 0.039 Thread 0x00000295af84faf0 Thread added: 0x0000029614021690
Event: 0.085 Thread 0x00000295af84faf0 Thread added: 0x00000295cef415e0
Event: 0.108 Thread 0x00000295af84faf0 Thread added: 0x000002961422b390
Event: 0.108 Thread 0x00000295af84faf0 Thread added: 0x0000029614282850
Event: 0.108 Thread 0x000002961422b390 Thread added: 0x00000296142f23c0
Event: 0.190 Thread 0x00000295af84faf0 Thread added: 0x000002961420f000
Event: 0.194 Thread 0x00000295af84faf0 Thread added: 0x000002961430cf30


Dynamic libraries:
0x00007ff6c6c50000 - 0x00007ff6c6c5e000 	C:\Users\araom\.jdks\ms-21.0.8\bin\java.exe
0x00007ffc7d840000 - 0x00007ffc7daa9000 	C:\WINDOWS\SYSTEM32\ntdll.dll
0x00007ffc7d060000 - 0x00007ffc7d129000 	C:\WINDOWS\System32\KERNEL32.DLL
0x00007ffc7b000000 - 0x00007ffc7b3f3000 	C:\WINDOWS\System32\KERNELBASE.dll
0x00007ffc7ab00000 - 0x00007ffc7ac4b000 	C:\WINDOWS\System32\ucrtbase.dll
0x00007ffc45bf0000 - 0x00007ffc45c0e000 	C:\Users\araom\.jdks\ms-21.0.8\bin\VCRUNTIME140.dll
0x00007ffc45f90000 - 0x00007ffc45fa8000 	C:\Users\araom\.jdks\ms-21.0.8\bin\jli.dll
0x00007ffc7d520000 - 0x00007ffc7d6e4000 	C:\WINDOWS\System32\USER32.dll
0x00007ffc7af10000 - 0x00007ffc7af37000 	C:\WINDOWS\System32\win32u.dll
0x00007ffc7d3b0000 - 0x00007ffc7d3db000 	C:\WINDOWS\System32\GDI32.dll
0x00007ffc3d5c0000 - 0x00007ffc3d853000 	C:\WINDOWS\WinSxS\amd64_microsoft.windows.common-controls_6595b64144ccf1df_6.0.26100.5074_none_3e0d6f78e32fd63f\COMCTL32.dll
0x00007ffc7a9d0000 - 0x00007ffc7aafd000 	C:\WINDOWS\System32\gdi32full.dll
0x00007ffc7b6d0000 - 0x00007ffc7b779000 	C:\WINDOWS\System32\msvcrt.dll
0x00007ffc7ae60000 - 0x00007ffc7af03000 	C:\WINDOWS\System32\msvcp_win.dll
0x00007ffc7cfb0000 - 0x00007ffc7cfdf000 	C:\WINDOWS\System32\IMM32.DLL
0x00007ffc50b20000 - 0x00007ffc50b2c000 	C:\Users\araom\.jdks\ms-21.0.8\bin\vcruntime140_1.dll
0x00007ffc456f0000 - 0x00007ffc45779000 	C:\Users\araom\.jdks\ms-21.0.8\bin\msvcp140.dll
0x00007ffbf0c60000 - 0x00007ffbf1a0c000 	C:\Users\araom\.jdks\ms-21.0.8\bin\server\jvm.dll
0x00007ffc7b7a0000 - 0x00007ffc7b854000 	C:\WINDOWS\System32\ADVAPI32.dll
0x00007ffc7d470000 - 0x00007ffc7d516000 	C:\WINDOWS\System32\sechost.dll
0x00007ffc7d130000 - 0x00007ffc7d248000 	C:\WINDOWS\System32\RPCRT4.dll
0x00007ffc7cdd0000 - 0x00007ffc7ce44000 	C:\WINDOWS\System32\WS2_32.dll
0x00007ffc7a830000 - 0x00007ffc7a88e000 	C:\WINDOWS\SYSTEM32\POWRPROF.dll
0x00007ffc718a0000 - 0x00007ffc718d5000 	C:\WINDOWS\SYSTEM32\WINMM.dll
0x00007ffc69c60000 - 0x00007ffc69c6b000 	C:\WINDOWS\SYSTEM32\VERSION.dll
0x00007ffc7a810000 - 0x00007ffc7a824000 	C:\WINDOWS\SYSTEM32\UMPDC.dll
0x00007ffc79770000 - 0x00007ffc7978b000 	C:\WINDOWS\SYSTEM32\kernel.appcore.dll
0x00007ffc45be0000 - 0x00007ffc45bea000 	C:\Users\araom\.jdks\ms-21.0.8\bin\jimage.dll
0x00007ffc6aef0000 - 0x00007ffc6b132000 	C:\WINDOWS\SYSTEM32\DBGHELP.DLL
0x00007ffc7c040000 - 0x00007ffc7c3bb000 	C:\WINDOWS\System32\combase.dll
0x00007ffc7d250000 - 0x00007ffc7d327000 	C:\WINDOWS\System32\OLEAUT32.dll
0x00007ffc5ec00000 - 0x00007ffc5ec3d000 	C:\WINDOWS\SYSTEM32\dbgcore.DLL
0x00007ffc7ac50000 - 0x00007ffc7ace9000 	C:\WINDOWS\System32\bcryptPrimitives.dll
0x00007ffc45990000 - 0x00007ffc459cc000 	C:\Users\araom\.jdks\ms-21.0.8\bin\jdwp.dll
0x00007ffc45ba0000 - 0x00007ffc45bb0000 	C:\Users\araom\.jdks\ms-21.0.8\bin\instrument.dll
0x00007ffc45bb0000 - 0x00007ffc45bd1000 	C:\Users\araom\.jdks\ms-21.0.8\bin\java.dll
0x00007ffc45a80000 - 0x00007ffc45a98000 	C:\Users\araom\.jdks\ms-21.0.8\bin\zip.dll
0x00007ffc7c680000 - 0x00007ffc7cdcd000 	C:\WINDOWS\System32\SHELL32.dll
0x00007ffc7acf0000 - 0x00007ffc7ae5c000 	C:\WINDOWS\System32\wintypes.dll
0x00007ffc785f0000 - 0x00007ffc78e49000 	C:\WINDOWS\SYSTEM32\windows.storage.dll
0x00007ffc7d700000 - 0x00007ffc7d7f0000 	C:\WINDOWS\System32\SHCORE.dll
0x00007ffc7cff0000 - 0x00007ffc7d052000 	C:\WINDOWS\System32\shlwapi.dll
0x00007ffc7a8f0000 - 0x00007ffc7a919000 	C:\WINDOWS\SYSTEM32\profapi.dll
0x00007ffc41040000 - 0x00007ffc41116000 	C:\Users\araom\.jdks\ms-21.0.8\bin\jsvml.dll
0x00007ffc45b90000 - 0x00007ffc45b9c000 	C:\Users\araom\.jdks\ms-21.0.8\bin\dt_socket.dll
0x00007ffc791c0000 - 0x00007ffc791f4000 	C:\WINDOWS\SYSTEM32\IPHLPAPI.DLL
0x00007ffc79cd0000 - 0x00007ffc79d3b000 	C:\WINDOWS\system32\mswsock.dll
0x00007ffc459f0000 - 0x00007ffc45a01000 	C:\Users\araom\.jdks\ms-21.0.8\bin\net.dll
0x00007ffc74af0000 - 0x00007ffc74c0f000 	C:\WINDOWS\SYSTEM32\WINHTTP.dll
0x00007ffc45900000 - 0x00007ffc45916000 	C:\Users\araom\.jdks\ms-21.0.8\bin\nio.dll

JVMTI agents:
jdwp path:C:\Users\araom\.jdks\ms-21.0.8\bin\jdwp.dll, loaded, initialized, options:transport=dt_socket,address=127.0.0.1:54332,suspend=y,server=n
C:\Users\araom\AppData\Local\JetBrains\IntelliJIdea2025.3\captureAgent\debugger-agent.jar path:C:\Users\araom\.jdks\ms-21.0.8\bin\instrument.dll, loaded, initialized, instrumentlib options:file:///C:/Users/araom/AppData/Local/Temp/capture13312494384572484278.props

dbghelp: loaded successfully - version: 4.0.5 - missing functions: none
symbol engine: initialized successfully - sym options: 0x614 - pdb path: .;C:\Users\araom\.jdks\ms-21.0.8\bin;C:\WINDOWS\SYSTEM32;C:\WINDOWS\WinSxS\amd64_microsoft.windows.common-controls_6595b64144ccf1df_6.0.26100.5074_none_3e0d6f78e32fd63f;C:\Users\araom\.jdks\ms-21.0.8\bin\server

VM Arguments:
jvm_args: -agentlib:jdwp=transport=dt_socket,address=127.0.0.1:54332,suspend=y,server=n -javaagent:C:\Users\araom\AppData\Local\JetBrains\IntelliJIdea2025.3\captureAgent\debugger-agent.jar=file:///C:/Users/araom/AppData/Local/Temp/capture13312494384572484278.props -Dkotlinx.coroutines.debug.enable.creation.stack.trace=false -Ddebugger.agent.enable.coroutines=true -Dkotlinx.coroutines.debug.enable.flows.stack.trace=true -Dkotlinx.coroutines.debug.enable.mutable.state.flows.stack.trace=true -Ddebugger.async.stack.trace.for.all.threads=true -Dfile.encoding=UTF-8 -Dsun.stdout.encoding=UTF-8 -Dsun.stderr.encoding=UTF-8 
java_command: com.jobportal.Job.Poratl.JobPoratlApplication
java_class_path (initial): C:\Users\araom\OneDrive\Desktop\Job Poratl backend\Job-Poratl\target\classes;C:\Users\araom\.m2\repository\org\springframework\boot\spring-boot-starter-web\4.0.1\spring-boot-starter-web-4.0.1.jar;C:\Users\araom\.m2\repository\org\springframework\boot\spring-boot-starter-jackson\4.0.1\spring-boot-starter-jackson-4.0.1.jar;C:\Users\araom\.m2\repository\org\springframework\boot\spring-boot-jackson\4.0.1\spring-boot-jackson-4.0.1.jar;C:\Users\araom\.m2\repository\tools\jackson\core\jackson-databind\3.0.3\jackson-databind-3.0.3.jar;C:\Users\araom\.m2\repository\tools\jackson\core\jackson-core\3.0.3\jackson-core-3.0.3.jar;C:\Users\araom\.m2\repository\org\springframework\boot\spring-boot-starter-tomcat\4.0.1\spring-boot-starter-tomcat-4.0.1.jar;C:\Users\araom\.m2\repository\org\springframework\boot\spring-boot-starter-tomcat-runtime\4.0.1\spring-boot-starter-tomcat-runtime-4.0.1.jar;C:\Users\araom\.m2\repository\org\springframework\boot\spring-boot-web-server\4.0.1\spring-boot-web-server-4.0.1.jar;C:\Users\araom\.m2\repository\org\apache\tomcat\embed\tomcat-embed-core\11.0.15\tomcat-embed-core-11.0.15.jar;C:\Users\araom\.m2\repository\org\apache\tomcat\embed\tomcat-embed-websocket\11.0.15\tomcat-embed-websocket-11.0.15.jar;C:\Users\araom\.m2\repository\org\springframework\boot\spring-boot-tomcat\4.0.1\spring-boot-tomcat-4.0.1.jar;C:\Users\araom\.m2\repository\org\springframework\boot\spring-boot-http-converter\4.0.1\spring-boot-http-converter-4.0.1.jar;C:\Users\araom\.m2\repository\org\springframework\spring-web\7.0.2\spring-web-7.0.2.jar;C:\Users\araom\.m2\repository\io\micrometer\micrometer-observation\1.16.1\micrometer-observation-1.16.1.jar;C:\Users\araom\.m2\repository\io\micrometer\micrometer-commons\1.16.1\micrometer-commons-1.16.1.jar;C:\Users\araom\.m2\repository\org\springframework\boot\spring-boot-webmvc\4.0.1\spring-boot-webmvc-4.0.1.jar;C:\Users\araom\.m2\repository\org\springframework\boot\spring-boot-servlet\4.0.1\spring-boot-servlet-4.0.1.jar;C:\Users\araom\.m2\repository\org\springframework\spring-webmvc\7.0.2\spring-webmvc-7.0.2.jar;C:\Users\araom\.m2\repository\org\springframework\spring-expression\7.0.2\spring-expression-7.0.2.jar;C:\Users\araom\.m2\repository\org\springframework\boot\spring-boot-starter-data-mongodb\4.0.1\spring-boot-starter-data-mongodb-4.0.1.jar;C:\Users\araom\.m2\repository\org\springframework\boot\spring-boot-starter-mongodb\4.0.1\spring-boot-starter-mongodb-4.0.1.jar;C:\Users\araom\.m2\repository\org\springframework\boot\spring-boot-mongodb\4.0.1\spring-boot-mongodb-4.0.1.jar;C:\Users\araom\.m2\repository\org\mongodb\mongodb-driver-sync\5.6.2\mongodb-driver-sync-5.6.2.jar;C:\Users\araom\.m2\repository\org\mongodb\bson\5.6.2\bson-5.6.2.jar;C:\Users\araom\.m2\repository\org\mongodb\mongodb-driver-core\5.6.2\mongodb-driver-core-5.6.2.jar;C:\Users\araom\.m2\repository\org\mongodb\bson-record-codec\5.6.2\bson-record-codec-5.6.2.jar;C:\Users\araom\.m2\repository\org\springframework\boot\spring-boot-data-mongodb\4.0.1\spring-boot-data-mongodb-4.0.1.jar;C:\Users\araom\.m2\repository\org\springframework\boot\spring-boot-data-commons\4.0.1\spring-boot-data-commons-4.0.1.jar;C:\Users\araom\.m2\repository\org\springframework\boot\spring-boot-persistence\4.0.1\spring-boot-persistence-4.0.1.jar;C:\Users\araom\.m2\repository\org\springframework\data\spring-data-commons\4.0.1\spring-data-commons-4.0.1.jar;C:\Users\araom\.m2\repository\org\springframework\boot\spring-boot-transaction\4.0.1\spring-boot-transaction-4.0.1.jar;C:\Users\araom\.m2\repository\org\springframework\spring-tx\7.0.2\spring-tx-7.0.2.jar;C:\Users\araom\.m2\repository\org\springframework\data\spring-data-mongodb\5.0.1\spring-data-mongodb-5.0.1.jar;C:\Users\araom\.m2\repository\org\projectlombok\lombok\1.18.42\lombok-1.18.42.jar;C:\Users\araom\.m2\repository\org\springframework\boot\spring-boot-devtools\4.0.1\spring-boot-devtools-4.0.1.jar;C:\Users\araom\.m2\repository\org\springframework\boot\spring-boot\4.0.1\spring-boot-4.0.1.jar;C:\Users\araom\.m2\repository\org\springframework\spring-context\7.0.2\spring-context-7.0.2.jar;C:\Users\araom\.m2\repository\org\springframework\boot\spring-boot-autoconfigure\4.0.1\spring-boot-autoconfigure-4.0.1.jar;C:\Users\araom\.m2\repository\org\springframework\boot\spring-boot-starter-validation\4.0.1\spring-boot-starter-validation-4.0.1.jar;C:\Users\araom\.m2\repository\org\springframework\boot\spring-boot-starter\4.0.1\spring-boot-starter-4.0.1.jar;C:\Users\araom\.m2\repository\org\springframework\boot\spring-boot-starter-logging\4.0.1\spring-boot-starter-logging-4.0.1.jar;C:\Users\araom\.m2\repository\ch\qos\logback\logback-classic\1.5.22\logback-classic-1.5.22.jar;C:\Users\araom\.m2\repository\ch\qos\logback\logback-core\1.5.22\logback-core-1.5.22.jar;C:\Users\araom\.m2\repository\org\apache\logging\log4j\log4j-to-slf4j\2.25.3\log4j-to-slf4j-2.25.3.jar;C:\Users\araom\.m2\repository\org\apache\logging\log4j\log4j-api\2.25.3\log4j-api-2.25.3.jar;C:\Users\araom\.m2\repository\org\slf4j\jul-to-slf4j\2.0.17\jul-to-slf4j-2.0.17.jar;C:\Users\araom\.m2\repository\jakarta\annotation\jakarta.annotation-api\3.0.0\jakarta.annotation-api-3.0.0.jar;C:\Users\araom\.m2\repository\org\yaml\snakeyaml\2.5\snakeyaml-2.5.jar;C:\Users\araom\.m2\repository\org\springframework\boot\spring-boot-validation\4.0.1\spring-boot-validation-4.0.1.jar;C:\Users\araom\.m2\repository\org\apache\tomcat\embed\tomcat-embed-el\11.0.15\tomcat-embed-el-11.0.15.jar;C:\Users\araom\.m2\repository\org\hibernate\validator\hibernate-validator\9.0.1.Final\hibernate-validator-9.0.1.Final.jar;C:\Users\araom\.m2\repository\jakarta\validation\jakarta.validation-api\3.1.1\jakarta.validation-api-3.1.1.jar;C:\Users\araom\.m2\repository\org\jboss\logging\jboss-logging\3.6.1.Final\jboss-logging-3.6.1.Final.jar;C:\Users\araom\.m2\repository\com\fasterxml\classmate\1.7.1\classmate-1.7.1.jar;C:\Users\araom\.m2\repository\org\slf4j\slf4j-api\2.0.17\slf4j-api-2.0.17.jar;C:\Users\araom\.m2\repository\jakarta\activation\jakarta.activation-api\2.1.4\jakarta.activation-api-2.1.4.jar;C:\Users\araom\.m2\repository\org\springframework\spring-core\7.0.2\spring-core-7.0.2.jar;C:\Users\araom\.m2\repository\commons-logging\commons-logging\1.3.5\commons-logging-1.3.5.jar;C:\Users\araom\.m2\repository\org\jspecify\jspecify\1.0.0\jspecify-1.0.0.jar;C:\Users\araom\.m2\repository\org\springframework\boot\spring-boot-starter-security\4.0.1\spring-boot-starter-security-4.0.1.jar;C:\Users\araom\.m2\repository\org\springframework\boot\spring-boot-security\4.0.1\spring-boot-security-4.0.1.jar;C:\Users\araom\.m2\repository\org\springframework\security\spring-security-config\7.0.2\spring-security-config-7.0.2.jar;C:\Users\araom\.m2\repository\org\springframework\security\spring-security-core\7.0.2\spring-security-core-7.0.2.jar;C:\Users\araom\.m2\repository\org\springframework\security\spring-security-crypto\7.0.2\spring-security-crypto-7.0.2.jar;C:\Users\araom\.m2\repository\org\springframework\security\spring-security-web\7.0.2\spring-security-web-7.0.2.jar;C:\Users\araom\.m2\repository\org\springframework\spring-aop\7.0.2\spring-aop-7.0.2.jar;C:\Users\araom\.m2\repository\org\springframework\spring-beans\7.0.2\spring-beans-7.0.2.jar;C:\Users\araom\.m2\repository\org\springframework\boot\spring-boot-starter-mail\4.0.1\spring-boot-starter-mail-4.0.1.jar;C:\Users\araom\.m2\repository\org\springframework\boot\spring-boot-mail\4.0.1\spring-boot-mail-4.0.1.jar;C:\Users\araom\.m2\repository\org\springframework\spring-context-support\7.0.2\spring-context-support-7.0.2.jar;C:\Users\araom\.m2\repository\jakarta\mail\jakarta.mail-api\2.1.5\jakarta.mail-api-2.1.5.jar;C:\Users\araom\.m2\repository\org\eclipse\angus\angus-mail\2.0.5\angus-mail-2.0.5.jar;C:\Users\araom\.m2\repository\org\eclipse\angus\angus-activation\2.0.3\angus-activation-2.0.3.jar;C:\Users\araom\.m2\repository\com\fasterxml\jackson\core\jackson-databind\2.20.1\jackson-databind-2.20.1.jar;C:\Users\araom\.m2\repository\com\fasterxml\jackson\core\jackson-annotations\2.20\jackson-annotations-2.20.jar;C:\Users\araom\.m2\repository\com\fasterxml\jackson\core\jackson-core\2.20.1\jackson-core-2.20.1.jar;C:\Users\araom\AppData\Local\Programs\IntelliJ IDEA Community Edition\lib\idea_rt.jar
Launcher Type: SUN_STANDARD

[Global flags]
     intx CICompilerCount                          = 4                                         {product} {ergonomic}
     uint ConcGCThreads                            = 3                                         {product} {ergonomic}
     uint G1ConcRefinementThreads                  = 10                                        {product} {ergonomic}
   size_t G1HeapRegionSize                         = 2097152                                   {product} {ergonomic}
    uintx GCDrainStackTargetSize                   = 64                                        {product} {ergonomic}
   size_t InitialHeapSize                          = 264241152                                 {product} {ergonomic}
   size_t MarkStackSize                            = 4194304                                   {product} {ergonomic}
   size_t MaxHeapSize                              = 4202692608                                {product} {ergonomic}
   size_t MaxNewSize                               = 2520776704                                {product} {ergonomic}
   size_t MinHeapDeltaBytes                        = 2097152                                   {product} {ergonomic}
   size_t MinHeapSize                              = 8388608                                   {product} {ergonomic}
    uintx NonNMethodCodeHeapSize                   = 5839372                                {pd product} {ergonomic}
    uintx NonProfiledCodeHeapSize                  = 122909434                              {pd product} {ergonomic}
    uintx ProfiledCodeHeapSize                     = 122909434                              {pd product} {ergonomic}
    uintx ReservedCodeCacheSize                    = 251658240                              {pd product} {ergonomic}
     bool SegmentedCodeCache                       = true                                      {product} {ergonomic}
   size_t SoftMaxHeapSize                          = 4202692608                             {manageable} {ergonomic}
     bool UseCompressedOops                        = true                           {product lp64_product} {ergonomic}
     bool UseG1GC                                  = true                                      {product} {ergonomic}
     bool UseLargePagesIndividualAllocation        = false                                  {pd product} {ergonomic}

Logging:
Log output configuration:
 #0: stdout all=warning uptime,level,tags foldmultilines=false
 #1: stderr all=off uptime,level,tags foldmultilines=false

Environment Variables:
JAVA_HOME=C:\Program Files\Eclipse Adoptium\jdk-21.0.6.7-hotspot\bin
PATH=C:\Program Files\Eclipse Adoptium\jdk-21.0.6.7-hotspot\bin;C:\Python313\Scripts\;C:\Python313\;C:\Python312\Scripts\;C:\Python312\;C:\WINDOWS\system32;C:\WINDOWS;C:\WINDOWS\System32\Wbem;C:\WINDOWS\System32\WindowsPowerShell\v1.0\;C:\WINDOWS\System32\OpenSSH\;C:\Program Files\Git\cmd;C:\Program Files (x86)\dotnet\;C:\MAMP\bin\mysql\bin;C:\Program Files\nodejs\;C:\ProgramData\chocolatey\bin;;C:\Program Files\Docker\Docker\resources\bin;C:\Users\araom\AppData\Local\Programs\Eclipse Adoptium\jdk-21.0.6.7-hotspot\bin;C:\Users\araom\AppData\Local\Microsoft\WindowsApps;C:\Users\araom\AppData\Local\Programs\Microsoft VS Code\bin;C:\Users\araom\AppData\Roaming\npm;C:\Users\araom\AppData\Local\JetBrains\Toolbox\scripts;C:\Users\araom\AppData\Local\Programs\mongosh\
USERNAME=araom
OS=Windows_NT
PROCESSOR_IDENTIFIER=Intel64 Family 6 Model 186 Stepping 3, GenuineIntel
TMP=C:\Users\araom\AppData\Local\Temp
TEMP=C:\Users\araom\AppData\Local\Temp




Periodic native trim disabled

---------------  S Y S T E M  ---------------

OS:
 Windows 11 , 64 bit Build 26100 (10.0.26100.5074)
OS uptime: 0 days 1:20 hours
Hyper-V role detected

CPU: total 12 (initial active 12) (6 cores per cpu, 2 threads per core) family 6 model 186 stepping 3 microcode 0x4129, cx8, cmov, fxsr, ht, mmx, 3dnowpref, sse, sse2, sse3, ssse3, sse4.1, sse4.2, popcnt, lzcnt, tsc, tscinvbit, avx, avx2, aes, erms, clmul, bmi1, bmi2, adx, sha, fma, vzeroupper, clflush, clflushopt, clwb, hv, serialize, rdtscp, rdpid, fsrm, f16c, cet_ibt, cet_ss
Processor Information for the first 12 processors :
  Max Mhz: 1300, Current Mhz: 1300, Mhz Limit: 1300

Memory: 4k page, system-wide physical 16024M (1465M free)
TotalPageFile size 19146M (AvailPageFile size 0M)
current process WorkingSet (physical memory assigned to process): 49M, peak: 49M
current process commit charge ("private bytes"): 345M, peak: 345M

vm_info: OpenJDK 64-Bit Server VM (21.0.8+9-LTS) for windows-amd64 JRE (21.0.8+9-LTS), built on 2025-07-10T20:22:44Z by "MicrosoftCorporation" with unknown MS VC++:1944

END.
