#
# There is insufficient memory for the Java Runtime Environment to continue.
# Native memory allocation (malloc) failed to allocate 453920 bytes. Error detail: Chunk::new
# Possible reasons:
#   The system is out of physical RAM or swap space
#   This process is running with CompressedOops enabled, and the Java Heap may be blocking the growth of the native heap
# Possible solutions:
#   Reduce memory load on the system
#   Increase physical memory or swap space
#   Check if swap backing store is full
#   Decrease Java heap size (-Xmx/-Xms)
#   Decrease number of Java threads
#   Decrease Java thread stack sizes (-Xss)
#   Set larger code cache with -XX:ReservedCodeCacheSize=
#   JVM is running with Zero Based Compressed Oops mode in which the Java heap is
#     placed in the first 32GB address space. The Java Heap base address is the
#     maximum limit for the native heap growth. Please use -XX:HeapBaseMinAddress
#     to set the Java Heap base and to place the Java Heap above 32GB virtual address.
# This output file may be truncated or incomplete.
#
#  Out of Memory Error (arena.cpp:168), pid=26688, tid=27080
#
# JRE version: OpenJDK Runtime Environment Microsoft-11933218 (21.0.8+9) (build 21.0.8+9-LTS)
# Java VM: OpenJDK 64-Bit Server VM Microsoft-11933218 (21.0.8+9-LTS, mixed mode, sharing, tiered, compressed oops, compressed class ptrs, g1 gc, windows-amd64)
# No core dump will be written. Minidumps are not enabled by default on client versions of Windows
#

---------------  S U M M A R Y ------------

Command Line: -agentlib:jdwp=transport=dt_socket,address=127.0.0.1:58733,suspend=y,server=n -javaagent:C:\Users\araom\AppData\Local\JetBrains\IdeaIC2025.2\captureAgent\debugger-agent.jar=file:///C:/Users/araom/AppData/Local/Temp/capture4171761073055506827.props -Dkotlinx.coroutines.debug.enable.creation.stack.trace=false -Ddebugger.agent.enable.coroutines=true -Dkotlinx.coroutines.debug.enable.flows.stack.trace=true -Dkotlinx.coroutines.debug.enable.mutable.state.flows.stack.trace=true -Dfile.encoding=UTF-8 -Dsun.stdout.encoding=UTF-8 -Dsun.stderr.encoding=UTF-8 com.jobportal.Job.Poratl.JobPoratlApplication

Host: 13th Gen Intel(R) Core(TM) i5-1335U, 12 cores, 15G,  Windows 11 , 64 bit Build 26100 (10.0.26100.5074)
Time: Sun Jan 25 08:21:48 2026 elapsed time: 117651.662293 seconds (1d 8h 40m 51s)

---------------  T H R E A D  ---------------

Current thread (0x0000027642812b10):  JavaThread "C2 CompilerThread0" daemon [_thread_in_native, id=27080, stack(0x000000f5d4500000,0x000000f5d4600000) (1024K)]


Current CompileTask:
C2:117651662 9084       4       org.apache.tomcat.util.http.parser.HttpHeaderParser::parseHeader (1205 bytes)

Stack: [0x000000f5d4500000,0x000000f5d4600000]
Native frames: (J=compiled Java code, j=interpreted, Vv=VM code, C=native code)
V  [jvm.dll+0x6e1729]
V  [jvm.dll+0x8bf47b]
V  [jvm.dll+0x8c19aa]
V  [jvm.dll+0x8c2083]
V  [jvm.dll+0x289fd6]
V  [jvm.dll+0xc903d]
V  [jvm.dll+0xc958c]
V  [jvm.dll+0x3c771c]
V  [jvm.dll+0x393f22]
V  [jvm.dll+0x39337a]
V  [jvm.dll+0x251c60]
V  [jvm.dll+0x251283]
V  [jvm.dll+0x1d18bf]
V  [jvm.dll+0x260f4a]
V  [jvm.dll+0x25f2b5]
V  [jvm.dll+0x40151d]
V  [jvm.dll+0x86975d]
V  [jvm.dll+0x6dff2d]
C  [ucrtbase.dll+0x37b0]
C  [KERNEL32.DLL+0x2e8d7]
C  [ntdll.dll+0x8d9c]


---------------  P R O C E S S  ---------------

Threads class SMR info:
_java_thread_list=0x0000027689d57fe0, length=36, elements={
0x00000276428024c0, 0x0000027642802d20, 0x000002764280ae40, 0x000002764280b4a0,
0x000002764280fb10, 0x0000027642810170, 0x0000027642812b10, 0x00000276428232f0,
0x0000027642960900, 0x0000027642b8f4f0, 0x0000027642aaca00, 0x0000027642aad890,
0x0000027642b57080, 0x0000027642b43b80, 0x000002768f2106d0, 0x000002768f2134c0,
0x000002768f210040, 0x000002768b1f8b50, 0x000002768b1fb940, 0x000002768b1fc660,
0x000002768b1fccf0, 0x000002769056a020, 0x000002769056a6b0, 0x000002769056ad40,
0x0000027690568c70, 0x000002769056e850, 0x000002769056ce10, 0x000002769056eee0,
0x000002769056db30, 0x000002769056f570, 0x000002769056fc00, 0x000002769056e1c0,
0x000002769056c780, 0x0000027690570290, 0x000002768f213b50, 0x000002768a0c8960
}

Java Threads: ( => current thread )
  0x00000276428024c0 JavaThread "Reference Handler"          daemon [_thread_blocked, id=21844, stack(0x000000f5d3f00000,0x000000f5d4000000) (1024K)]
  0x0000027642802d20 JavaThread "Finalizer"                  daemon [_thread_blocked, id=24020, stack(0x000000f5d4000000,0x000000f5d4100000) (1024K)]
  0x000002764280ae40 JavaThread "Signal Dispatcher"          daemon [_thread_blocked, id=23456, stack(0x000000f5d4100000,0x000000f5d4200000) (1024K)]
  0x000002764280b4a0 JavaThread "Attach Listener"            daemon [_thread_blocked, id=23636, stack(0x000000f5d4200000,0x000000f5d4300000) (1024K)]
  0x000002764280fb10 JavaThread "Service Thread"             daemon [_thread_blocked, id=4624, stack(0x000000f5d4300000,0x000000f5d4400000) (1024K)]
  0x0000027642810170 JavaThread "Monitor Deflation Thread"   daemon [_thread_blocked, id=26324, stack(0x000000f5d4400000,0x000000f5d4500000) (1024K)]
=>0x0000027642812b10 JavaThread "C2 CompilerThread0"         daemon [_thread_in_native, id=27080, stack(0x000000f5d4500000,0x000000f5d4600000) (1024K)]
  0x00000276428232f0 JavaThread "C1 CompilerThread0"         daemon [_thread_blocked, id=1128, stack(0x000000f5d4600000,0x000000f5d4700000) (1024K)]
  0x0000027642960900 JavaThread "Common-Cleaner"             daemon [_thread_blocked, id=22456, stack(0x000000f5d4700000,0x000000f5d4800000) (1024K)]
  0x0000027642b8f4f0 JavaThread "JDWP Transport Listener: dt_socket" daemon [_thread_blocked, id=19548, stack(0x000000f5d4900000,0x000000f5d4a00000) (1024K)]
  0x0000027642aaca00 JavaThread "JDWP Event Helper Thread"   daemon [_thread_blocked, id=8880, stack(0x000000f5d4a00000,0x000000f5d4b00000) (1024K)]
  0x0000027642aad890 JavaThread "JDWP Command Reader"        daemon [_thread_in_native, id=23188, stack(0x000000f5d4b00000,0x000000f5d4c00000) (1024K)]
  0x0000027642b57080 JavaThread "IntelliJ Suspend Helper"    daemon [_thread_blocked, id=21436, stack(0x000000f5d4c00000,0x000000f5d4d00000) (1024K)]
  0x0000027642b43b80 JavaThread "Notification Thread"        daemon [_thread_blocked, id=13952, stack(0x000000f5d4d00000,0x000000f5d4e00000) (1024K)]
  0x000002768f2106d0 JavaThread "Catalina-utility-1"                [_thread_blocked, id=27312, stack(0x000000f5d5900000,0x000000f5d5a00000) (1024K)]
  0x000002768f2134c0 JavaThread "Catalina-utility-2"                [_thread_blocked, id=26764, stack(0x000000f5d5c00000,0x000000f5d5d00000) (1024K)]
  0x000002768f210040 JavaThread "container-0"                       [_thread_blocked, id=15920, stack(0x000000f5d5d00000,0x000000f5d5e00000) (1024K)]
  0x000002768b1f8b50 JavaThread "BufferPoolPruner-1-thread-1" daemon [_thread_blocked, id=26252, stack(0x000000f5d5e00000,0x000000f5d5f00000) (1024K)]
  0x000002768b1fb940 JavaThread "cluster-ClusterId{value='69738883d230d392d3db349c', description='null'}-localhost:27017" daemon [_thread_in_native, id=3824, stack(0x000000f5d5f00000,0x000000f5d6000000) (1024K)]
  0x000002768b1fc660 JavaThread "cluster-rtt-ClusterId{value='69738883d230d392d3db349c', description='null'}-localhost:27017" daemon [_thread_blocked, id=25312, stack(0x000000f5d6100000,0x000000f5d6200000) (1024K)]
  0x000002768b1fccf0 JavaThread "MaintenanceTimer-2-thread-1" daemon [_thread_blocked, id=13476, stack(0x000000f5d6200000,0x000000f5d6300000) (1024K)]
  0x000002769056a020 JavaThread "File Watcher"               daemon [_thread_blocked, id=25984, stack(0x000000f5d6400000,0x000000f5d6500000) (1024K)]
  0x000002769056a6b0 JavaThread "http-nio-8080-exec-1"       daemon [_thread_blocked, id=15396, stack(0x000000f5d6500000,0x000000f5d6600000) (1024K)]
  0x000002769056ad40 JavaThread "http-nio-8080-exec-2"       daemon [_thread_blocked, id=7232, stack(0x000000f5d6600000,0x000000f5d6700000) (1024K)]
  0x0000027690568c70 JavaThread "http-nio-8080-exec-3"       daemon [_thread_blocked, id=20044, stack(0x000000f5d6700000,0x000000f5d6800000) (1024K)]
  0x000002769056e850 JavaThread "http-nio-8080-exec-4"       daemon [_thread_blocked, id=24224, stack(0x000000f5d6800000,0x000000f5d6900000) (1024K)]
  0x000002769056ce10 JavaThread "http-nio-8080-exec-5"       daemon [_thread_blocked, id=27032, stack(0x000000f5d6900000,0x000000f5d6a00000) (1024K)]
  0x000002769056eee0 JavaThread "http-nio-8080-exec-6"       daemon [_thread_blocked, id=21340, stack(0x000000f5d6a00000,0x000000f5d6b00000) (1024K)]
  0x000002769056db30 JavaThread "http-nio-8080-exec-7"       daemon [_thread_blocked, id=21972, stack(0x000000f5d6b00000,0x000000f5d6c00000) (1024K)]
  0x000002769056f570 JavaThread "http-nio-8080-exec-8"       daemon [_thread_blocked, id=26560, stack(0x000000f5d6c00000,0x000000f5d6d00000) (1024K)]
  0x000002769056fc00 JavaThread "http-nio-8080-exec-9"       daemon [_thread_blocked, id=22296, stack(0x000000f5d6d00000,0x000000f5d6e00000) (1024K)]
  0x000002769056e1c0 JavaThread "http-nio-8080-exec-10"      daemon [_thread_blocked, id=26636, stack(0x000000f5d6e00000,0x000000f5d6f00000) (1024K)]
  0x000002769056c780 JavaThread "http-nio-8080-Poller"       daemon [_thread_in_native, id=14480, stack(0x000000f5d6f00000,0x000000f5d7000000) (1024K)]
  0x0000027690570290 JavaThread "http-nio-8080-Acceptor"     daemon [_thread_in_native, id=21200, stack(0x000000f5d7000000,0x000000f5d7100000) (1024K)]
  0x000002768f213b50 JavaThread "scheduling-1"                      [_thread_blocked, id=25796, stack(0x000000f5d7100000,0x000000f5d7200000) (1024K)]
  0x000002768a0c8960 JavaThread "DestroyJavaVM"                     [_thread_blocked, id=20812, stack(0x000000f5d3700000,0x000000f5d3800000) (1024K)]
Total: 36

Other Threads:
  0x00000276427e5060 VMThread "VM Thread"                           [id=23704, stack(0x000000f5d3e00000,0x000000f5d3f00000) (1024K)]
  0x00000276427d4e20 WatcherThread "VM Periodic Task Thread"        [id=22472, stack(0x000000f5d3d00000,0x000000f5d3e00000) (1024K)]
  0x0000027623151700 WorkerThread "GC Thread#0"                     [id=16944, stack(0x000000f5d3800000,0x000000f5d3900000) (1024K)]
  0x00000276888ecca0 WorkerThread "GC Thread#1"                     [id=26756, stack(0x000000f5d4e00000,0x000000f5d4f00000) (1024K)]
  0x0000027688d056f0 WorkerThread "GC Thread#2"                     [id=6796, stack(0x000000f5d4f00000,0x000000f5d5000000) (1024K)]
  0x0000027688d31e50 WorkerThread "GC Thread#3"                     [id=15120, stack(0x000000f5d5000000,0x000000f5d5100000) (1024K)]
  0x0000027688d31710 WorkerThread "GC Thread#4"                     [id=23696, stack(0x000000f5d5100000,0x000000f5d5200000) (1024K)]
  0x0000027688d31370 WorkerThread "GC Thread#5"                     [id=15608, stack(0x000000f5d5200000,0x000000f5d5300000) (1024K)]
  0x0000027688d31ab0 WorkerThread "GC Thread#6"                     [id=14208, stack(0x000000f5d5300000,0x000000f5d5400000) (1024K)]
  0x0000027688d32930 WorkerThread "GC Thread#7"                     [id=7704, stack(0x000000f5d5400000,0x000000f5d5500000) (1024K)]
  0x0000027688d321f0 WorkerThread "GC Thread#8"                     [id=192, stack(0x000000f5d5500000,0x000000f5d5600000) (1024K)]
  0x0000027688d32590 WorkerThread "GC Thread#9"                     [id=26788, stack(0x000000f5d5600000,0x000000f5d5700000) (1024K)]
  0x0000027623162470 ConcurrentGCThread "G1 Main Marker"            [id=23228, stack(0x000000f5d3900000,0x000000f5d3a00000) (1024K)]
  0x0000027623164990 WorkerThread "G1 Conc#0"                       [id=25948, stack(0x000000f5d3a00000,0x000000f5d3b00000) (1024K)]
  0x0000027688f9d8c0 WorkerThread "G1 Conc#1"                       [id=1260, stack(0x000000f5d5a00000,0x000000f5d5b00000) (1024K)]
  0x0000027688f9c6a0 WorkerThread "G1 Conc#2"                       [id=26540, stack(0x000000f5d5b00000,0x000000f5d5c00000) (1024K)]
  0x00000276426a4050 ConcurrentGCThread "G1 Refine#0"               [id=21980, stack(0x000000f5d3b00000,0x000000f5d3c00000) (1024K)]
  0x00000276426a5590 ConcurrentGCThread "G1 Service"                [id=21516, stack(0x000000f5d3c00000,0x000000f5d3d00000) (1024K)]
Total: 18

Threads with active compile tasks:
C2 CompilerThread0  117651769 9084       4       org.apache.tomcat.util.http.parser.HttpHeaderParser::parseHeader (1205 bytes)
Total: 1

VM state: not at safepoint (normal execution)

VM Mutex/Monitor currently owned by a thread: None

Heap address: 0x0000000705800000, size: 4008 MB, Compressed Oops mode: Zero based, Oop shift amount: 3

CDS archive(s) mapped at: [0x0000027643000000-0x0000027643c80000-0x0000027643c80000), size 13107200, SharedBaseAddress: 0x0000027643000000, ArchiveRelocationMode: 1.
Compressed class space mapped at: 0x0000027644000000-0x0000027684000000, reserved size: 1073741824
Narrow klass base: 0x0000027643000000, Narrow klass shift: 0, Narrow klass range: 0x100000000

GC Precious Log:
 CardTable entry size: 512
 Card Set container configuration: InlinePtr #cards 4 size 8 Array Of Cards #cards 16 size 48 Howl #buckets 8 coarsen threshold 3686 Howl Bitmap #cards 512 size 80 coarsen threshold 460 Card regions per heap region 1 cards per card region 4096
 CPUs: 12 total, 12 available
 Memory: 16024M
 Large Page Support: Disabled
 NUMA Support: Disabled
 Compressed Oops: Enabled (Zero based)
 Heap Region Size: 2M
 Heap Min Capacity: 8M
 Heap Initial Capacity: 252M
 Heap Max Capacity: 4008M
 Pre-touch: Disabled
 Parallel Workers: 10
 Concurrent Workers: 3
 Concurrent Refinement Workers: 10
 Periodic GC: Disabled

Heap:
 garbage-first heap   total 96256K, used 72746K [0x0000000705800000, 0x0000000800000000)
  region size 2048K, 25 young (51200K), 1 survivors (2048K)
 Metaspace       used 59329K, committed 60352K, reserved 1114112K
  class space    used 7405K, committed 7808K, reserved 1048576K

Heap Regions: E=young(eden), S=young(survivor), O=old, HS=humongous(starts), HC=humongous(continues), CS=collection set, F=free, TAMS=top-at-mark-start, PB=parsable bottom
|   0|0x0000000705800000, 0x0000000705a00000, 0x0000000705a00000|100%| O|  |TAMS 0x0000000705800000| PB 0x0000000705800000| Untracked 
|   1|0x0000000705a00000, 0x0000000705c00000, 0x0000000705c00000|100%| O|  |TAMS 0x0000000705a00000| PB 0x0000000705a00000| Untracked 
|   2|0x0000000705c00000, 0x0000000705e00000, 0x0000000705e00000|100%| O|  |TAMS 0x0000000705c00000| PB 0x0000000705c00000| Untracked 
|   3|0x0000000705e00000, 0x0000000706000000, 0x0000000706000000|100%| O|  |TAMS 0x0000000705e00000| PB 0x0000000705e00000| Untracked 
|   4|0x0000000706000000, 0x0000000706200000, 0x0000000706200000|100%| O|  |TAMS 0x0000000706000000| PB 0x0000000706000000| Untracked 
|   5|0x0000000706200000, 0x0000000706400000, 0x0000000706400000|100%| O|  |TAMS 0x0000000706200000| PB 0x0000000706200000| Untracked 
|   6|0x0000000706400000, 0x0000000706600000, 0x0000000706600000|100%| O|Cm|TAMS 0x0000000706400000| PB 0x0000000706400000| Complete 
|   7|0x0000000706600000, 0x0000000706800000, 0x0000000706800000|100%| O|  |TAMS 0x0000000706600000| PB 0x0000000706600000| Untracked 
|   8|0x0000000706800000, 0x0000000706a00000, 0x0000000706a00000|100%| O|Cm|TAMS 0x0000000706800000| PB 0x0000000706800000| Complete 
|   9|0x0000000706a00000, 0x0000000706c00000, 0x0000000706c00000|100%| O|  |TAMS 0x0000000706a00000| PB 0x0000000706a00000| Untracked 
|  10|0x0000000706c00000, 0x0000000706e00000, 0x0000000706e00000|100%| O|  |TAMS 0x0000000706c00000| PB 0x0000000706c00000| Untracked 
|  11|0x0000000706e00000, 0x0000000707000000, 0x0000000707000000|100%| O|  |TAMS 0x0000000706e00000| PB 0x0000000706e00000| Untracked 
|  12|0x0000000707000000, 0x000000070708a640, 0x0000000707200000| 27%| O|Cm|TAMS 0x0000000707000000| PB 0x0000000707000000| Complete 
|  13|0x0000000707200000, 0x0000000707200000, 0x0000000707400000|  0%| F|  |TAMS 0x0000000707200000| PB 0x0000000707200000| Untracked 
|  14|0x0000000707400000, 0x0000000707400000, 0x0000000707600000|  0%| F|  |TAMS 0x0000000707400000| PB 0x0000000707400000| Untracked 
|  15|0x0000000707600000, 0x0000000707600000, 0x0000000707800000|  0%| F|  |TAMS 0x0000000707600000| PB 0x0000000707600000| Untracked 
|  16|0x0000000707800000, 0x0000000707800000, 0x0000000707a00000|  0%| F|  |TAMS 0x0000000707800000| PB 0x0000000707800000| Untracked 
|  17|0x0000000707a00000, 0x0000000707a00000, 0x0000000707c00000|  0%| F|  |TAMS 0x0000000707a00000| PB 0x0000000707a00000| Untracked 
|  18|0x0000000707c00000, 0x0000000707c00000, 0x0000000707e00000|  0%| F|  |TAMS 0x0000000707c00000| PB 0x0000000707c00000| Untracked 
|  19|0x0000000707e00000, 0x0000000707e00000, 0x0000000708000000|  0%| F|  |TAMS 0x0000000707e00000| PB 0x0000000707e00000| Untracked 
|  20|0x0000000708000000, 0x0000000708000000, 0x0000000708200000|  0%| F|  |TAMS 0x0000000708000000| PB 0x0000000708000000| Untracked 
|  21|0x0000000708200000, 0x0000000708200000, 0x0000000708400000|  0%| F|  |TAMS 0x0000000708200000| PB 0x0000000708200000| Untracked 
|  22|0x0000000708400000, 0x000000070854a198, 0x0000000708600000| 64%| E|  |TAMS 0x0000000708400000| PB 0x0000000708400000| Complete 
|  23|0x0000000708600000, 0x0000000708800000, 0x0000000708800000|100%| E|CS|TAMS 0x0000000708600000| PB 0x0000000708600000| Complete 
|  24|0x0000000708800000, 0x0000000708a00000, 0x0000000708a00000|100%| E|CS|TAMS 0x0000000708800000| PB 0x0000000708800000| Complete 
|  25|0x0000000708a00000, 0x0000000708c00000, 0x0000000708c00000|100%| E|CS|TAMS 0x0000000708a00000| PB 0x0000000708a00000| Complete 
|  26|0x0000000708c00000, 0x0000000708e00000, 0x0000000708e00000|100%| E|CS|TAMS 0x0000000708c00000| PB 0x0000000708c00000| Complete 
|  27|0x0000000708e00000, 0x0000000709000000, 0x0000000709000000|100%| E|CS|TAMS 0x0000000708e00000| PB 0x0000000708e00000| Complete 
|  28|0x0000000709000000, 0x0000000709200000, 0x0000000709200000|100%| E|CS|TAMS 0x0000000709000000| PB 0x0000000709000000| Complete 
|  29|0x0000000709200000, 0x0000000709400000, 0x0000000709400000|100%| E|CS|TAMS 0x0000000709200000| PB 0x0000000709200000| Complete 
|  30|0x0000000709400000, 0x0000000709600000, 0x0000000709600000|100%| E|CS|TAMS 0x0000000709400000| PB 0x0000000709400000| Complete 
|  31|0x0000000709600000, 0x0000000709800000, 0x0000000709800000|100%| E|CS|TAMS 0x0000000709600000| PB 0x0000000709600000| Complete 
|  32|0x0000000709800000, 0x0000000709a00000, 0x0000000709a00000|100%| E|CS|TAMS 0x0000000709800000| PB 0x0000000709800000| Complete 
|  33|0x0000000709a00000, 0x0000000709c00000, 0x0000000709c00000|100%| E|CS|TAMS 0x0000000709a00000| PB 0x0000000709a00000| Complete 
|  34|0x0000000709c00000, 0x0000000709e00000, 0x0000000709e00000|100%| E|CS|TAMS 0x0000000709c00000| PB 0x0000000709c00000| Complete 
|  35|0x0000000709e00000, 0x000000070a000000, 0x000000070a000000|100%| E|CS|TAMS 0x0000000709e00000| PB 0x0000000709e00000| Complete 
|  36|0x000000070a000000, 0x000000070a200000, 0x000000070a200000|100%| E|CS|TAMS 0x000000070a000000| PB 0x000000070a000000| Complete 
|  37|0x000000070a200000, 0x000000070a400000, 0x000000070a400000|100%| E|CS|TAMS 0x000000070a200000| PB 0x000000070a200000| Complete 
|  38|0x000000070a400000, 0x000000070a600000, 0x000000070a600000|100%| E|CS|TAMS 0x000000070a400000| PB 0x000000070a400000| Complete 
|  39|0x000000070a600000, 0x000000070a800000, 0x000000070a800000|100%| E|CS|TAMS 0x000000070a600000| PB 0x000000070a600000| Complete 
|  40|0x000000070a800000, 0x000000070aa00000, 0x000000070aa00000|100%| E|CS|TAMS 0x000000070a800000| PB 0x000000070a800000| Complete 
|  41|0x000000070aa00000, 0x000000070ac00000, 0x000000070ac00000|100%| E|CS|TAMS 0x000000070aa00000| PB 0x000000070aa00000| Complete 
|  42|0x000000070ac00000, 0x000000070ae00000, 0x000000070ae00000|100%| E|CS|TAMS 0x000000070ac00000| PB 0x000000070ac00000| Complete 
|  43|0x000000070ae00000, 0x000000070b000000, 0x000000070b000000|100%| E|CS|TAMS 0x000000070ae00000| PB 0x000000070ae00000| Complete 
|  44|0x000000070b000000, 0x000000070b200000, 0x000000070b200000|100%| E|CS|TAMS 0x000000070b000000| PB 0x000000070b000000| Complete 
|  67|0x000000070de00000, 0x000000070de80358, 0x000000070e000000| 25%| S|CS|TAMS 0x000000070de00000| PB 0x000000070de00000| Complete 
| 125|0x0000000715200000, 0x0000000715400000, 0x0000000715400000|100%| E|CS|TAMS 0x0000000715200000| PB 0x0000000715200000| Complete 

Card table byte_map: [0x000002763b510000,0x000002763bcf0000] _byte_map_base: 0x0000027637ce4000

Marking Bits: (CMBitMap*) 0x0000027623151e00
 Bits: [0x000002763bcf0000, 0x000002763fb90000)

Polling page: 0x0000027620fd0000

Metaspace:

Usage:
  Non-class:     50.71 MB used.
      Class:      7.23 MB used.
       Both:     57.94 MB used.

Virtual space:
  Non-class space:       64.00 MB reserved,      51.31 MB ( 80%) committed,  1 nodes.
      Class space:        1.00 GB reserved,       7.62 MB ( <1%) committed,  1 nodes.
             Both:        1.06 GB reserved,      58.94 MB (  5%) committed. 

Chunk freelists:
   Non-Class:  12.56 MB
       Class:  8.55 MB
        Both:  21.10 MB

MaxMetaspaceSize: unlimited
CompressedClassSpaceSize: 1.00 GB
Initial GC threshold: 21.00 MB
Current GC threshold: 98.25 MB
CDS: on
 - commit_granule_bytes: 65536.
 - commit_granule_words: 8192.
 - virtual_space_node_default_size: 8388608.
 - enlarge_chunks_in_place: 1.
 - use_allocation_guard: 0.


Internal statistics:

num_allocs_failed_limit: 11.
num_arena_births: 992.
num_arena_deaths: 332.
num_vsnodes_births: 2.
num_vsnodes_deaths: 0.
num_space_committed: 943.
num_space_uncommitted: 0.
num_chunks_returned_to_freelist: 388.
num_chunks_taken_from_freelist: 3097.
num_chunk_merges: 95.
num_chunk_splits: 2085.
num_chunks_enlarged: 1529.
num_inconsistent_stats: 0.

CodeHeap 'non-profiled nmethods': size=120000Kb used=6090Kb max_used=6225Kb free=113909Kb
 bounds [0x00000276332b0000, 0x00000276338d0000, 0x000002763a7e0000]
CodeHeap 'profiled nmethods': size=120000Kb used=17455Kb max_used=18426Kb free=102544Kb
 bounds [0x000002762b7e0000, 0x000002762c9e0000, 0x0000027632d10000]
CodeHeap 'non-nmethods': size=5760Kb used=1668Kb max_used=1728Kb free=4091Kb
 bounds [0x0000027632d10000, 0x0000027632f80000, 0x00000276332b0000]
CodeCache: size=245760Kb, used=25213Kb, max_used=26379Kb, free=220544Kb
 total_blobs=9113, nmethods=8456, adapters=560, full_count=0
Compilation: enabled, stopped_count=0, restarted_count=0

Compilation events (20 events):
Event: 113503.131 Thread 0x00000276428232f0 9069       1       org.springframework.core.annotation.AnnotatedMethod::getMethodParameters (5 bytes)
Event: 113503.131 Thread 0x00000276428232f0 nmethod 9069 0x0000027633434d90 code [0x0000027633434f20, 0x0000027633434ff0]
Event: 113503.132 Thread 0x00000276428232f0 9070       1       org.springframework.data.mapping.model.BasicPersistentEntity::getIdProperty (5 bytes)
Event: 113503.132 Thread 0x00000276428232f0 nmethod 9070 0x0000027633434a90 code [0x0000027633434c20, 0x0000027633434cf0]
Event: 113503.133 Thread 0x00000276428232f0 9071       1       org.springframework.http.server.ServletServerHttpResponse::getServletResponse (5 bytes)
Event: 113503.133 Thread 0x00000276428232f0 nmethod 9071 0x0000027633434790 code [0x0000027633434920, 0x00000276334349f0]
Event: 113503.133 Thread 0x00000276428232f0 9072       1       org.springframework.http.server.ServletServerHttpRequest::getServletRequest (5 bytes)
Event: 113503.133 Thread 0x00000276428232f0 nmethod 9072 0x0000027633434490 code [0x0000027633434620, 0x00000276334346f0]
Event: 113503.133 Thread 0x00000276428232f0 9073       3       tools.jackson.core.StreamWriteConstraints::validateNestingDepth (46 bytes)
Event: 113503.136 Thread 0x00000276428232f0 nmethod 9073 0x000002762bac2190 code [0x000002762bac24c0, 0x000002762bac39b0]
Event: 113503.136 Thread 0x00000276428232f0 9074       3       tools.jackson.core.json.JsonWriteContext::clearAndGetParent (10 bytes)
Event: 113503.136 Thread 0x00000276428232f0 nmethod 9074 0x000002762bacdb90 code [0x000002762bacdd20, 0x000002762bacde60]
Event: 113689.648 Thread 0x0000027642812b10 9075       4       java.util.stream.ReduceOps$2ReducingSink::get (5 bytes)
Event: 113689.652 Thread 0x0000027642812b10 nmethod 9075 0x0000027633434010 code [0x00000276334341a0, 0x0000027633434358]
Event: 117651.544 Thread 0x00000276428232f0 9076   !   3       org.apache.tomcat.util.http.parser.HttpParser::isNumeric (9 bytes)
Event: 117651.544 Thread 0x00000276428232f0 nmethod 9076 0x000002762b90b990 code [0x000002762b90bb40, 0x000002762b90bcb0]
Event: 117651.544 Thread 0x00000276428232f0 9078       3       org.apache.catalina.util.FilterUtil::matchFiltersURL (61 bytes)
Event: 117651.545 Thread 0x00000276428232f0 nmethod 9078 0x000002762b867590 code [0x000002762b867780, 0x000002762b867c28]
Event: 117651.561 Thread 0x00000276428232f0 9077   !   3       org.apache.catalina.connector.Request::doGetSession (516 bytes)
Event: 117651.585 Thread 0x0000027642812b10 9084       4       org.apache.tomcat.util.http.parser.HttpHeaderParser::parseHeader (1205 bytes)

GC Heap History (20 events):
Event: 78746.876 GC heap before
{Heap before GC invocations=18 (full 0):
 garbage-first heap   total 149504K, used 111603K [0x0000000705800000, 0x0000000800000000)
  region size 2048K, 43 young (88064K), 1 survivors (2048K)
 Metaspace       used 59505K, committed 60224K, reserved 1114112K
  class space    used 7488K, committed 7808K, reserved 1048576K
}
Event: 78746.892 GC heap after
{Heap after GC invocations=19 (full 0):
 garbage-first heap   total 149504K, used 25616K [0x0000000705800000, 0x0000000800000000)
  region size 2048K, 1 young (2048K), 1 survivors (2048K)
 Metaspace       used 59505K, committed 60224K, reserved 1114112K
  class space    used 7488K, committed 7808K, reserved 1048576K
}
Event: 80961.818 GC heap before
{Heap before GC invocations=19 (full 0):
 garbage-first heap   total 149504K, used 111632K [0x0000000705800000, 0x0000000800000000)
  region size 2048K, 43 young (88064K), 1 survivors (2048K)
 Metaspace       used 59512K, committed 60224K, reserved 1114112K
  class space    used 7489K, committed 7808K, reserved 1048576K
}
Event: 80961.833 GC heap after
{Heap after GC invocations=20 (full 0):
 garbage-first heap   total 149504K, used 25526K [0x0000000705800000, 0x0000000800000000)
  region size 2048K, 1 young (2048K), 1 survivors (2048K)
 Metaspace       used 59512K, committed 60224K, reserved 1114112K
  class space    used 7489K, committed 7808K, reserved 1048576K
}
Event: 83182.095 GC heap before
{Heap before GC invocations=20 (full 0):
 garbage-first heap   total 149504K, used 111542K [0x0000000705800000, 0x0000000800000000)
  region size 2048K, 43 young (88064K), 1 survivors (2048K)
 Metaspace       used 59556K, committed 60288K, reserved 1114112K
  class space    used 7489K, committed 7808K, reserved 1048576K
}
Event: 83182.103 GC heap after
{Heap after GC invocations=21 (full 0):
 garbage-first heap   total 149504K, used 25533K [0x0000000705800000, 0x0000000800000000)
  region size 2048K, 1 young (2048K), 1 survivors (2048K)
 Metaspace       used 59556K, committed 60288K, reserved 1114112K
  class space    used 7489K, committed 7808K, reserved 1048576K
}
Event: 85411.445 GC heap before
{Heap before GC invocations=21 (full 0):
 garbage-first heap   total 149504K, used 111549K [0x0000000705800000, 0x0000000800000000)
  region size 2048K, 43 young (88064K), 1 survivors (2048K)
 Metaspace       used 59556K, committed 60288K, reserved 1114112K
  class space    used 7489K, committed 7808K, reserved 1048576K
}
Event: 85411.464 GC heap after
{Heap after GC invocations=22 (full 0):
 garbage-first heap   total 149504K, used 25586K [0x0000000705800000, 0x0000000800000000)
  region size 2048K, 1 young (2048K), 1 survivors (2048K)
 Metaspace       used 59556K, committed 60288K, reserved 1114112K
  class space    used 7489K, committed 7808K, reserved 1048576K
}
Event: 87637.340 GC heap before
{Heap before GC invocations=22 (full 0):
 garbage-first heap   total 149504K, used 111602K [0x0000000705800000, 0x0000000800000000)
  region size 2048K, 43 young (88064K), 1 survivors (2048K)
 Metaspace       used 59557K, committed 60288K, reserved 1114112K
  class space    used 7490K, committed 7808K, reserved 1048576K
}
Event: 87637.352 GC heap after
{Heap after GC invocations=23 (full 0):
 garbage-first heap   total 149504K, used 25544K [0x0000000705800000, 0x0000000800000000)
  region size 2048K, 1 young (2048K), 1 survivors (2048K)
 Metaspace       used 59557K, committed 60288K, reserved 1114112K
  class space    used 7490K, committed 7808K, reserved 1048576K
}
Event: 89857.849 GC heap before
{Heap before GC invocations=23 (full 0):
 garbage-first heap   total 149504K, used 111560K [0x0000000705800000, 0x0000000800000000)
  region size 2048K, 43 young (88064K), 1 survivors (2048K)
 Metaspace       used 59558K, committed 60288K, reserved 1114112K
  class space    used 7490K, committed 7808K, reserved 1048576K
}
Event: 89857.865 GC heap after
{Heap after GC invocations=24 (full 0):
 garbage-first heap   total 149504K, used 25491K [0x0000000705800000, 0x0000000800000000)
  region size 2048K, 1 young (2048K), 1 survivors (2048K)
 Metaspace       used 59558K, committed 60288K, reserved 1114112K
  class space    used 7490K, committed 7808K, reserved 1048576K
}
Event: 92088.851 GC heap before
{Heap before GC invocations=24 (full 0):
 garbage-first heap   total 149504K, used 111507K [0x0000000705800000, 0x0000000800000000)
  region size 2048K, 43 young (88064K), 1 survivors (2048K)
 Metaspace       used 59562K, committed 60288K, reserved 1114112K
  class space    used 7490K, committed 7808K, reserved 1048576K
}
Event: 92088.858 GC heap after
{Heap after GC invocations=25 (full 0):
 garbage-first heap   total 149504K, used 25479K [0x0000000705800000, 0x0000000800000000)
  region size 2048K, 1 young (2048K), 1 survivors (2048K)
 Metaspace       used 59562K, committed 60288K, reserved 1114112K
  class space    used 7490K, committed 7808K, reserved 1048576K
}
Event: 94282.735 GC heap before
{Heap before GC invocations=25 (full 0):
 garbage-first heap   total 149504K, used 111495K [0x0000000705800000, 0x0000000800000000)
  region size 2048K, 43 young (88064K), 1 survivors (2048K)
 Metaspace       used 59569K, committed 60288K, reserved 1114112K
  class space    used 7490K, committed 7808K, reserved 1048576K
}
Event: 94282.739 GC heap after
{Heap after GC invocations=26 (full 0):
 garbage-first heap   total 149504K, used 25483K [0x0000000705800000, 0x0000000800000000)
  region size 2048K, 1 young (2048K), 1 survivors (2048K)
 Metaspace       used 59569K, committed 60288K, reserved 1114112K
  class space    used 7490K, committed 7808K, reserved 1048576K
}
Event: 96497.269 GC heap before
{Heap before GC invocations=26 (full 0):
 garbage-first heap   total 149504K, used 111499K [0x0000000705800000, 0x0000000800000000)
  region size 2048K, 43 young (88064K), 1 survivors (2048K)
 Metaspace       used 59569K, committed 60288K, reserved 1114112K
  class space    used 7490K, committed 7808K, reserved 1048576K
}
Event: 96497.275 GC heap after
{Heap after GC invocations=27 (full 0):
 garbage-first heap   total 149504K, used 25504K [0x0000000705800000, 0x0000000800000000)
  region size 2048K, 1 young (2048K), 1 survivors (2048K)
 Metaspace       used 59569K, committed 60288K, reserved 1114112K
  class space    used 7490K, committed 7808K, reserved 1048576K
}
Event: 99114.775 GC heap before
{Heap before GC invocations=27 (full 0):
 garbage-first heap   total 149504K, used 33696K [0x0000000705800000, 0x0000000800000000)
  region size 2048K, 6 young (12288K), 1 survivors (2048K)
 Metaspace       used 59602K, committed 60288K, reserved 1114112K
  class space    used 7490K, committed 7808K, reserved 1048576K
}
Event: 99114.802 GC heap after
{Heap after GC invocations=28 (full 0):
 garbage-first heap   total 149504K, used 25642K [0x0000000705800000, 0x0000000800000000)
  region size 2048K, 1 young (2048K), 1 survivors (2048K)
 Metaspace       used 59602K, committed 60288K, reserved 1114112K
  class space    used 7490K, committed 7808K, reserved 1048576K
}

Dll operation events (12 events):
Event: 0.036 Loaded shared library C:\Users\araom\.jdks\ms-21.0.8\bin\java.dll
Event: 0.038 Loaded shared library C:\Users\araom\.jdks\ms-21.0.8\bin\zip.dll
Event: 0.108 Loaded shared library C:\Users\araom\.jdks\ms-21.0.8\bin\jsvml.dll
Event: 0.322 Loaded shared library C:\Users\araom\.jdks\ms-21.0.8\bin\instrument.dll
Event: 0.520 Loaded shared library C:\Users\araom\.jdks\ms-21.0.8\bin\net.dll
Event: 0.522 Loaded shared library C:\Users\araom\.jdks\ms-21.0.8\bin\nio.dll
Event: 0.546 Loaded shared library C:\Users\araom\.jdks\ms-21.0.8\bin\zip.dll
Event: 0.709 Loaded shared library C:\Users\araom\.jdks\ms-21.0.8\bin\jimage.dll
Event: 1.435 Loaded shared library C:\Users\araom\.jdks\ms-21.0.8\bin\management.dll
Event: 1.447 Loaded shared library C:\Users\araom\.jdks\ms-21.0.8\bin\management_ext.dll
Event: 3.360 Loaded shared library C:\Users\araom\.jdks\ms-21.0.8\bin\sunmscapi.dll
Event: 7.064 Loaded shared library C:\Users\araom\.jdks\ms-21.0.8\bin\extnet.dll

Deoptimization events (20 events):
Event: 92651.242 Thread 0x000002769056a6b0 DEOPT PACKING pc=0x00000276334c42b0 sp=0x000000f5d65f8da0
Event: 92651.242 Thread 0x000002769056a6b0 DEOPT UNPACKING pc=0x0000027632d646a2 sp=0x000000f5d65f8d58 mode 2
Event: 110229.153 Thread 0x000002769056a6b0 Uncommon trap: trap_request=0xffffffbe fr.pc=0x0000027633405f84 relative=0x00000000000004e4
Event: 110229.153 Thread 0x000002769056a6b0 Uncommon trap: reason=profile_predicate action=maybe_recompile pc=0x0000027633405f84 method=tools.jackson.core.json.UTF8JsonGenerator._writeStringSegment(Ljava/lang/String;II)V @ 24 c2
Event: 110229.153 Thread 0x000002769056a6b0 DEOPT PACKING pc=0x0000027633405f84 sp=0x000000f5d65fb110
Event: 110229.153 Thread 0x000002769056a6b0 DEOPT UNPACKING pc=0x0000027632d646a2 sp=0x000000f5d65fb088 mode 2
Event: 110229.153 Thread 0x000002769056a6b0 Uncommon trap: trap_request=0xffffffbe fr.pc=0x0000027633405f84 relative=0x00000000000004e4
Event: 110229.153 Thread 0x000002769056a6b0 Uncommon trap: reason=profile_predicate action=maybe_recompile pc=0x0000027633405f84 method=tools.jackson.core.json.UTF8JsonGenerator._writeStringSegment(Ljava/lang/String;II)V @ 24 c2
Event: 110229.153 Thread 0x000002769056a6b0 DEOPT PACKING pc=0x0000027633405f84 sp=0x000000f5d65fb110
Event: 110229.153 Thread 0x000002769056a6b0 DEOPT UNPACKING pc=0x0000027632d646a2 sp=0x000000f5d65fb088 mode 2
Event: 110229.153 Thread 0x000002769056a6b0 Uncommon trap: trap_request=0xffffffbe fr.pc=0x0000027633405f84 relative=0x00000000000004e4
Event: 110229.153 Thread 0x000002769056a6b0 Uncommon trap: reason=profile_predicate action=maybe_recompile pc=0x0000027633405f84 method=tools.jackson.core.json.UTF8JsonGenerator._writeStringSegment(Ljava/lang/String;II)V @ 24 c2
Event: 110229.153 Thread 0x000002769056a6b0 DEOPT PACKING pc=0x0000027633405f84 sp=0x000000f5d65fb110
Event: 110229.153 Thread 0x000002769056a6b0 DEOPT UNPACKING pc=0x0000027632d646a2 sp=0x000000f5d65fb088 mode 2
Event: 110229.153 Thread 0x000002769056a6b0 Uncommon trap: trap_request=0xffffffbe fr.pc=0x0000027633405f84 relative=0x00000000000004e4
Event: 110229.153 Thread 0x000002769056a6b0 Uncommon trap: reason=profile_predicate action=maybe_recompile pc=0x0000027633405f84 method=tools.jackson.core.json.UTF8JsonGenerator._writeStringSegment(Ljava/lang/String;II)V @ 24 c2
Event: 110229.153 Thread 0x000002769056a6b0 DEOPT PACKING pc=0x0000027633405f84 sp=0x000000f5d65fb110
Event: 110229.153 Thread 0x000002769056a6b0 DEOPT UNPACKING pc=0x0000027632d646a2 sp=0x000000f5d65fb088 mode 2
Event: 113571.845 Thread 0x000002768f2134c0 DEOPT PACKING pc=0x000002762c7fce22 sp=0x000000f5d5cff030
Event: 113571.845 Thread 0x000002768f2134c0 DEOPT UNPACKING pc=0x0000027632d64e42 sp=0x000000f5d5cfe5c8 mode 0

Classes loaded (20 events):
Event: 6230.053 Loading class tools/jackson/databind/introspect/MethodGenericTypeResolver
Event: 6230.053 Loading class tools/jackson/databind/introspect/MethodGenericTypeResolver done
Event: 6230.054 Loading class tools/jackson/databind/util/EnumValues
Event: 6230.054 Loading class tools/jackson/databind/util/EnumValues done
Event: 6230.055 Loading class tools/jackson/databind/util/EnumDefinition
Event: 6230.055 Loading class tools/jackson/databind/util/EnumDefinition done
Event: 6230.056 Loading class tools/jackson/databind/annotation/EnumNaming
Event: 6230.056 Loading class tools/jackson/databind/annotation/EnumNaming done
Event: 6230.057 Loading class tools/jackson/databind/introspect/EnumNamingStrategyFactory
Event: 6230.057 Loading class tools/jackson/databind/introspect/EnumNamingStrategyFactory done
Event: 33821.615 Loading class com/mongodb/internal/connection/PowerOfTwoBufferPool$1
Event: 33821.616 Loading class com/mongodb/internal/connection/PowerOfTwoBufferPool$1 done
Event: 33822.108 Loading class com/mongodb/internal/logging/LoggingInterceptor
Event: 33822.108 Loading class com/mongodb/internal/logging/LoggingInterceptor done
Event: 79223.549 Loading class org/apache/catalina/Cluster
Event: 79223.549 Loading class org/apache/catalina/Cluster done
Event: 85452.312 Loading class org/bson/codecs/DecoderContext$1
Event: 85452.312 Loading class org/bson/codecs/DecoderContext$1 done
Event: 85862.480 Loading class com/mongodb/internal/connection/OperationContext$1
Event: 85862.480 Loading class com/mongodb/internal/connection/OperationContext$1 done

Classes unloaded (20 events):
Event: 99114.905 Thread 0x00000276427e5060 Unloading class 0x0000027644108000 'java/lang/invoke/LambdaForm$MH+0x0000027644108000'
Event: 99114.905 Thread 0x00000276427e5060 Unloading class 0x000002764408f400 'java/lang/invoke/LambdaForm$MH+0x000002764408f400'
Event: 99114.905 Thread 0x00000276427e5060 Unloading class 0x000002764408ec00 'java/lang/invoke/LambdaForm$MH+0x000002764408ec00'
Event: 99114.906 Thread 0x00000276427e5060 Unloading class 0x000002764408e400 'java/lang/invoke/LambdaForm$MH+0x000002764408e400'
Event: 99114.906 Thread 0x00000276427e5060 Unloading class 0x000002764408e000 'java/lang/invoke/LambdaForm$MH+0x000002764408e000'
Event: 99114.906 Thread 0x00000276427e5060 Unloading class 0x000002764408d000 'java/lang/invoke/LambdaForm$MH+0x000002764408d000'
Event: 99114.907 Thread 0x00000276427e5060 Unloading class 0x000002764408c400 'java/lang/invoke/LambdaForm$MH+0x000002764408c400'
Event: 99114.907 Thread 0x00000276427e5060 Unloading class 0x000002764408c000 'java/lang/invoke/LambdaForm$MH+0x000002764408c000'
Event: 99114.907 Thread 0x00000276427e5060 Unloading class 0x000002764408b800 'java/lang/invoke/LambdaForm$MH+0x000002764408b800'
Event: 99114.907 Thread 0x00000276427e5060 Unloading class 0x000002764408b400 'java/lang/invoke/LambdaForm$MH+0x000002764408b400'
Event: 99114.907 Thread 0x00000276427e5060 Unloading class 0x000002764408b000 'java/lang/invoke/LambdaForm$MH+0x000002764408b000'
Event: 99114.907 Thread 0x00000276427e5060 Unloading class 0x000002764408a400 'java/lang/invoke/LambdaForm$MH+0x000002764408a400'
Event: 99114.907 Thread 0x00000276427e5060 Unloading class 0x0000027644089400 'java/lang/invoke/LambdaForm$MH+0x0000027644089400'
Event: 99114.907 Thread 0x00000276427e5060 Unloading class 0x0000027644088800 'java/lang/invoke/LambdaForm$MH+0x0000027644088800'
Event: 99114.907 Thread 0x00000276427e5060 Unloading class 0x0000027644088000 'java/lang/invoke/LambdaForm$MH+0x0000027644088000'
Event: 99114.908 Thread 0x00000276427e5060 Unloading class 0x000002764400a800 'java/lang/invoke/LambdaForm$DMH+0x000002764400a800'
Event: 99114.908 Thread 0x00000276427e5060 Unloading class 0x0000027644002000 'java/lang/invoke/LambdaForm$MH+0x0000027644002000'
Event: 99114.908 Thread 0x00000276427e5060 Unloading class 0x0000027644001c00 'java/lang/invoke/LambdaForm$MH+0x0000027644001c00'
Event: 99114.908 Thread 0x00000276427e5060 Unloading class 0x0000027644001800 'java/lang/invoke/LambdaForm$MH+0x0000027644001800'
Event: 99114.908 Thread 0x00000276427e5060 Unloading class 0x0000027644001000 'java/lang/invoke/LambdaForm$MH+0x0000027644001000'

Classes redefined (1 events):
Event: 0.448 Thread 0x00000276427e5060 redefined class name=java.lang.Throwable, count=1

Internal exceptions (20 events):
Event: 10.002 Thread 0x000002768f213b50 Exception <a 'java/lang/NoSuchMethodError'{0x00000007153e0bf0}: 'long java.lang.invoke.DirectMethodHandle$Holder.invokeStatic(java.lang.Object, long)'> (0x00000007153e0bf0) 
thrown [s\src\hotspot\share\interpreter\linkResolver.cpp, line 773]
Event: 22.156 Thread 0x0000027690570290 Exception <a 'java/lang/NoSuchMethodError'{0x00000007139ba640}: 'java.lang.Object java.lang.invoke.DirectMethodHandle$Holder.invokeStatic(java.lang.Object, java.lang.Object, java.lang.Object, int, int)'> (0x00000007139ba640) 
thrown [s\src\hotspot\share\interpreter\linkResolver.cpp, line 773]
Event: 22.157 Thread 0x0000027690570290 Exception <a 'java/lang/NoSuchMethodError'{0x00000007139bdcf8}: 'java.lang.Object java.lang.invoke.DirectMethodHandle$Holder.invokeStaticInit(java.lang.Object, java.lang.Object, java.lang.Object, int, int)'> (0x00000007139bdcf8) 
thrown [s\src\hotspot\share\interpreter\linkResolver.cpp, line 773]
Event: 22.229 Thread 0x000002769056a6b0 Exception <a 'java/lang/NoSuchMethodError'{0x0000000713754598}: 'java.lang.Object java.lang.invoke.DirectMethodHandle$Holder.invokeSpecial(java.lang.Object, java.lang.Object, java.lang.Object, java.lang.Object, java.lang.Object, long)'> (0x0000000713754598) 
thrown [s\src\hotspot\share\interpreter\linkResolver.cpp, line 773]
Event: 22.229 Thread 0x000002769056a6b0 Exception <a 'java/lang/NoSuchMethodError'{0x0000000713757e50}: 'java.lang.Object java.lang.invoke.Invokers$Holder.linkToTargetMethod(java.lang.Object, java.lang.Object, java.lang.Object, long, java.lang.Object)'> (0x0000000713757e50) 
thrown [s\src\hotspot\share\interpreter\linkResolver.cpp, line 773]
Event: 22.755 Thread 0x000002769056a6b0 Exception <a 'java/lang/NoSuchMethodError'{0x000000070dcf7470}: 'java.lang.Object java.lang.invoke.DirectMethodHandle$Holder.newInvokeSpecial(java.lang.Object, java.lang.Object, java.lang.Object, java.lang.Object, java.lang.Object, java.lang.Object, java.lang.Object, java.lang.Object)'> (0x000000070dcf7470) 
thrown [s\src\hotspot\share\interpreter\linkResolver.cpp, line 773]
Event: 22.756 Thread 0x000002769056a6b0 Exception <a 'java/lang/NoSuchMethodError'{0x000000070dcfe338}: 'java.lang.Object java.lang.invoke.Invokers$Holder.invoker(java.lang.Object, java.lang.Object, java.lang.Object, java.lang.Object, java.lang.Object, java.lang.Object, java.lang.Object, java.lang.Object, java.lang.Object)'> (0x000000070dcfe338) 
thrown [s\src\hotspot\share\interpreter\linkResolver.cpp, line 773]
Event: 22.760 Thread 0x000002769056a6b0 Exception <a 'java/lang/NoSuchMethodError'{0x000000070dd163b0}: 'java.lang.Object java.lang.invoke.Invokers$Holder.invoker(java.lang.Object, java.lang.Object, java.lang.Object, java.lang.Object, java.lang.Object, java.lang.Object)'> (0x000000070dd163b0) 
thrown [s\src\hotspot\share\interpreter\linkResolver.cpp, line 773]
Event: 22.762 Thread 0x000002769056a6b0 Exception <a 'java/lang/NoSuchMethodError'{0x000000070dd24688}: 'java.lang.Object java.lang.invoke.DirectMethodHandle$Holder.newInvokeSpecial(java.lang.Object, java.lang.Object, java.lang.Object, java.lang.Object, java.lang.Object, java.lang.Object, java.lang.Object, java.lang.Object, java.lang.Object, java.lang.Object)'> (0x000000070dd24688) 
thrown [s\src\hotspot\share\interpreter\linkResolver.cpp, line 773]
Event: 22.763 Thread 0x000002769056a6b0 Exception <a 'java/lang/NoSuchMethodError'{0x000000070dd29938}: 'java.lang.Object java.lang.invoke.Invokers$Holder.invoker(java.lang.Object, java.lang.Object, java.lang.Object, java.lang.Object, java.lang.Object, java.lang.Object, java.lang.Object, java.lang.Object, java.lang.Object, java.lang.Object, java.lang.Object)'> (0x000000070dd29938) 
thrown [s\src\hotspot\share\interpreter\linkResolver.cpp, line 773]
Event: 23.049 Thread 0x000002769056a6b0 Exception <a 'java/lang/NoSuchMethodError'{0x000000070d851ad0}: 'void java.lang.invoke.Invokers$Holder.invoke_MT(java.lang.Object, java.lang.Object, java.lang.Object, java.lang.Object)'> (0x000000070d851ad0) 
thrown [s\src\hotspot\share\interpreter\linkResolver.cpp, line 773]
Event: 66.945 Thread 0x000002768b1f8b50 Exception <a 'java/lang/NoSuchMethodError'{0x000000070d5dcf90}: 'java.lang.Object java.lang.invoke.DirectMethodHandle$Holder.newInvokeSpecial(java.lang.Object, java.lang.Object, long)'> (0x000000070d5dcf90) 
thrown [s\src\hotspot\share\interpreter\linkResolver.cpp, line 773]
Event: 66.945 Thread 0x000002768b1f8b50 Exception <a 'java/lang/NoSuchMethodError'{0x000000070d5e0528}: 'java.lang.Object java.lang.invoke.Invokers$Holder.linkToTargetMethod(java.lang.Object, long, java.lang.Object)'> (0x000000070d5e0528) 
thrown [s\src\hotspot\share\interpreter\linkResolver.cpp, line 773]
Event: 5385.842 Thread 0x000002768f2134c0 Implicit null exception at 0x000002763375c959 to 0x000002763375ccb8
Event: 5798.086 Thread 0x000002769056fc00 Exception <a 'java/io/IOException'{0x000000070b309338}> (0x000000070b309338) 
thrown [s\src\hotspot\share\prims\jni.cpp, line 520]
Event: 5798.092 Thread 0x000002769056e1c0 Exception <a 'java/io/IOException'{0x000000070b340d30}> (0x000000070b340d30) 
thrown [s\src\hotspot\share\prims\jni.cpp, line 520]
Event: 6229.917 Thread 0x000002769056ce10 Exception <a 'java/lang/NoSuchMethodError'{0x000000070a13fbd0}: 'int java.lang.invoke.DirectMethodHandle$Holder.invokeStatic(java.lang.Object, int, java.lang.Object)'> (0x000000070a13fbd0) 
thrown [s\src\hotspot\share\interpreter\linkResolver.cpp, line 773]
Event: 92651.202 Thread 0x000002769056a6b0 Implicit null exception at 0x00000276334fc6e2 to 0x00000276334fcbc8
Event: 92651.220 Thread 0x000002769056a6b0 Implicit null exception at 0x00000276334d3ac2 to 0x00000276334d3e56
Event: 92651.242 Thread 0x000002769056a6b0 Implicit null exception at 0x00000276334c4193 to 0x00000276334c4299

ZGC Phase Switch (0 events):
No events

VM Operations (20 events):
Event: 102849.127 Executing VM operation: Cleanup
Event: 102849.127 Executing VM operation: Cleanup done
Event: 106268.097 Executing VM operation: Cleanup
Event: 106268.097 Executing VM operation: Cleanup done
Event: 106278.210 Executing VM operation: Cleanup
Event: 106278.210 Executing VM operation: Cleanup done
Event: 106327.709 Executing VM operation: Cleanup
Event: 106327.709 Executing VM operation: Cleanup done
Event: 106329.732 Executing VM operation: Cleanup
Event: 106329.732 Executing VM operation: Cleanup done
Event: 106450.109 Executing VM operation: Cleanup
Event: 106450.109 Executing VM operation: Cleanup done
Event: 110230.079 Executing VM operation: Cleanup
Event: 110230.079 Executing VM operation: Cleanup done
Event: 110246.222 Executing VM operation: Cleanup
Event: 110246.222 Executing VM operation: Cleanup done
Event: 113503.784 Executing VM operation: Cleanup
Event: 113503.784 Executing VM operation: Cleanup done
Event: 113699.908 Executing VM operation: Cleanup
Event: 113699.908 Executing VM operation: Cleanup done

Memory protections (0 events):
No events

Nmethod flushes (20 events):
Event: 99115.102 Thread 0x00000276427e5060 flushing  nmethod 0x000002762b8ba790
Event: 99115.102 Thread 0x00000276427e5060 flushing  nmethod 0x000002762b972b10
Event: 99115.102 Thread 0x00000276427e5060 flushing  nmethod 0x000002762b973410
Event: 99115.102 Thread 0x00000276427e5060 flushing  nmethod 0x000002762b973790
Event: 99115.102 Thread 0x00000276427e5060 flushing  nmethod 0x000002762b975110
Event: 99115.103 Thread 0x00000276427e5060 flushing  nmethod 0x000002762bb0b890
Event: 99115.103 Thread 0x00000276427e5060 flushing  nmethod 0x000002762bb49010
Event: 99115.103 Thread 0x00000276427e5060 flushing  nmethod 0x000002762bc85f90
Event: 99115.103 Thread 0x00000276427e5060 flushing  nmethod 0x000002762bc87690
Event: 99115.103 Thread 0x00000276427e5060 flushing  nmethod 0x000002762bcd9490
Event: 99115.103 Thread 0x00000276427e5060 flushing  nmethod 0x000002762bdd5f10
Event: 99115.103 Thread 0x00000276427e5060 flushing  nmethod 0x000002762be5c190
Event: 99115.103 Thread 0x00000276427e5060 flushing  nmethod 0x000002762be65590
Event: 99115.103 Thread 0x00000276427e5060 flushing  nmethod 0x000002762be66d90
Event: 99115.103 Thread 0x00000276427e5060 flushing  nmethod 0x000002762be67110
Event: 99115.103 Thread 0x00000276427e5060 flushing  nmethod 0x000002762bf3ba10
Event: 99115.103 Thread 0x00000276427e5060 flushing  nmethod 0x000002762c045d90
Event: 99115.103 Thread 0x00000276427e5060 flushing  nmethod 0x000002762c046090
Event: 99115.103 Thread 0x00000276427e5060 flushing  nmethod 0x000002762c046390
Event: 99115.103 Thread 0x00000276427e5060 flushing  nmethod 0x000002762c047790

Events (20 events):
Event: 9.801 Thread 0x0000027688ed8520 Thread added: 0x000002769056f570
Event: 9.802 Thread 0x0000027688ed8520 Thread added: 0x000002769056fc00
Event: 9.802 Thread 0x0000027688ed8520 Thread added: 0x000002769056e1c0
Event: 9.832 Thread 0x0000027688ed8520 Thread added: 0x000002769056c780
Event: 9.835 Thread 0x0000027688ed8520 Thread added: 0x0000027690570290
Event: 9.859 Thread 0x0000027688ed8520 Thread added: 0x000002768f213b50
Event: 9.883 Thread 0x0000027688ed8520 Thread exited: 0x0000027688ed8520
Event: 9.889 Thread 0x0000027688d27670 Thread exited: 0x0000027688d27670
Event: 9.890 Thread 0x00000276230ea260 Thread exited: 0x00000276230ea260
Event: 9.890 Thread 0x000002768a0c8960 Thread added: 0x000002768a0c8960
Event: 10.629 Thread 0x000002768d065ab0 Thread exited: 0x000002768d065ab0
Event: 10.629 Thread 0x0000027642965b50 Thread exited: 0x0000027642965b50
Event: 22.856 Thread 0x00000276428232f0 Thread added: 0x000002768d6bd9f0
Event: 22.990 Thread 0x000002768d6bd9f0 Thread exited: 0x000002768d6bd9f0
Event: 23.068 Thread 0x00000276428232f0 Thread added: 0x000002768d6c02d0
Event: 23.461 Thread 0x000002768d6c02d0 Thread exited: 0x000002768d6c02d0
Event: 6243.465 Thread 0x0000027642812b10 Thread added: 0x0000027689d94710
Event: 6248.489 Thread 0x0000027689d94710 Thread exited: 0x0000027689d94710
Event: 76531.925 Thread 0x0000027642812b10 Thread added: 0x0000027689d92500
Event: 76536.956 Thread 0x0000027689d92500 Thread exited: 0x0000027689d92500


Dynamic libraries:
0x00007ff793470000 - 0x00007ff79347e000 	C:\Users\araom\.jdks\ms-21.0.8\bin\java.exe
0x00007ffff0740000 - 0x00007ffff09a9000 	C:\WINDOWS\SYSTEM32\ntdll.dll
0x00007fffefd00000 - 0x00007fffefdc9000 	C:\WINDOWS\System32\KERNEL32.DLL
0x00007fffedaa0000 - 0x00007fffede93000 	C:\WINDOWS\System32\KERNELBASE.dll
0x00007fffee0a0000 - 0x00007fffee1eb000 	C:\WINDOWS\System32\ucrtbase.dll
0x00007fffcb7d0000 - 0x00007fffcb7ee000 	C:\Users\araom\.jdks\ms-21.0.8\bin\VCRUNTIME140.dll
0x00007fffcb7f0000 - 0x00007fffcb808000 	C:\Users\araom\.jdks\ms-21.0.8\bin\jli.dll
0x00007fffeea10000 - 0x00007fffeebd4000 	C:\WINDOWS\System32\USER32.dll
0x00007fffee370000 - 0x00007fffee397000 	C:\WINDOWS\System32\win32u.dll
0x00007fffaf130000 - 0x00007fffaf3c3000 	C:\WINDOWS\WinSxS\amd64_microsoft.windows.common-controls_6595b64144ccf1df_6.0.26100.5074_none_3e0d6f78e32fd63f\COMCTL32.dll
0x00007ffff04a0000 - 0x00007ffff04cb000 	C:\WINDOWS\System32\GDI32.dll
0x00007ffff0030000 - 0x00007ffff00d9000 	C:\WINDOWS\System32\msvcrt.dll
0x00007fffed970000 - 0x00007fffeda9d000 	C:\WINDOWS\System32\gdi32full.dll
0x00007fffedea0000 - 0x00007fffedf43000 	C:\WINDOWS\System32\msvcp_win.dll
0x00007ffff0550000 - 0x00007ffff057f000 	C:\WINDOWS\System32\IMM32.DLL
0x00007fffe8bf0000 - 0x00007fffe8bfc000 	C:\Users\araom\.jdks\ms-21.0.8\bin\vcruntime140_1.dll
0x00007fffcb690000 - 0x00007fffcb719000 	C:\Users\araom\.jdks\ms-21.0.8\bin\msvcp140.dll
0x00007fffc4c80000 - 0x00007fffc5a2c000 	C:\Users\araom\.jdks\ms-21.0.8\bin\server\jvm.dll
0x00007fffeebe0000 - 0x00007fffeec94000 	C:\WINDOWS\System32\ADVAPI32.dll
0x00007ffff0590000 - 0x00007ffff0636000 	C:\WINDOWS\System32\sechost.dll
0x00007fffeff10000 - 0x00007ffff0028000 	C:\WINDOWS\System32\RPCRT4.dll
0x00007fffef4a0000 - 0x00007fffef514000 	C:\WINDOWS\System32\WS2_32.dll
0x00007fffdcb50000 - 0x00007fffdcb5b000 	C:\WINDOWS\SYSTEM32\VERSION.dll
0x00007fffe6d10000 - 0x00007fffe6d45000 	C:\WINDOWS\SYSTEM32\WINMM.dll
0x00007fffed730000 - 0x00007fffed78e000 	C:\WINDOWS\SYSTEM32\POWRPROF.dll
0x00007fffed710000 - 0x00007fffed724000 	C:\WINDOWS\SYSTEM32\UMPDC.dll
0x00007fffec670000 - 0x00007fffec68b000 	C:\WINDOWS\SYSTEM32\kernel.appcore.dll
0x00007fffe8bc0000 - 0x00007fffe8bca000 	C:\Users\araom\.jdks\ms-21.0.8\bin\jimage.dll
0x00007fffdda30000 - 0x00007fffddc72000 	C:\WINDOWS\SYSTEM32\DBGHELP.DLL
0x00007fffee520000 - 0x00007fffee89b000 	C:\WINDOWS\System32\combase.dll
0x00007fffefe30000 - 0x00007fffeff07000 	C:\WINDOWS\System32\OLEAUT32.dll
0x00007fffcc3b0000 - 0x00007fffcc3ed000 	C:\WINDOWS\SYSTEM32\dbgcore.DLL
0x00007fffed8d0000 - 0x00007fffed969000 	C:\WINDOWS\System32\bcryptPrimitives.dll
0x00007fffcb790000 - 0x00007fffcb7cc000 	C:\Users\araom\.jdks\ms-21.0.8\bin\jdwp.dll
0x00007fffe8a90000 - 0x00007fffe8aa0000 	C:\Users\araom\.jdks\ms-21.0.8\bin\instrument.dll
0x00007fffcb660000 - 0x00007fffcb681000 	C:\Users\araom\.jdks\ms-21.0.8\bin\java.dll
0x00007fffcb4a0000 - 0x00007fffcb4b8000 	C:\Users\araom\.jdks\ms-21.0.8\bin\zip.dll
0x00007fffeeca0000 - 0x00007fffef3ed000 	C:\WINDOWS\System32\SHELL32.dll
0x00007fffee3a0000 - 0x00007fffee50c000 	C:\WINDOWS\System32\wintypes.dll
0x00007fffeb4f0000 - 0x00007fffebd49000 	C:\WINDOWS\SYSTEM32\windows.storage.dll
0x00007fffef530000 - 0x00007fffef620000 	C:\WINDOWS\System32\SHCORE.dll
0x00007fffee9a0000 - 0x00007fffeea02000 	C:\WINDOWS\System32\shlwapi.dll
0x00007fffed7f0000 - 0x00007fffed819000 	C:\WINDOWS\SYSTEM32\profapi.dll
0x00007fffc9a60000 - 0x00007fffc9b36000 	C:\Users\araom\.jdks\ms-21.0.8\bin\jsvml.dll
0x00007fffcb9f0000 - 0x00007fffcb9fc000 	C:\Users\araom\.jdks\ms-21.0.8\bin\dt_socket.dll
0x00007fffec070000 - 0x00007fffec0a4000 	C:\WINDOWS\SYSTEM32\IPHLPAPI.DLL
0x00007fffecbd0000 - 0x00007fffecc3b000 	C:\WINDOWS\system32\mswsock.dll
0x00007fffcb460000 - 0x00007fffcb471000 	C:\Users\araom\.jdks\ms-21.0.8\bin\net.dll
0x00007fffe6ec0000 - 0x00007fffe6fdf000 	C:\WINDOWS\SYSTEM32\WINHTTP.dll
0x00007fffca300000 - 0x00007fffca316000 	C:\Users\araom\.jdks\ms-21.0.8\bin\nio.dll
0x00007fffc9a30000 - 0x00007fffc9a3a000 	C:\Users\araom\.jdks\ms-21.0.8\bin\management.dll
0x00007fffc9a20000 - 0x00007fffc9a2c000 	C:\Users\araom\.jdks\ms-21.0.8\bin\management_ext.dll
0x00007fffee510000 - 0x00007fffee518000 	C:\WINDOWS\System32\PSAPI.DLL
0x00007fffc9a50000 - 0x00007fffc9a5e000 	C:\Users\araom\.jdks\ms-21.0.8\bin\sunmscapi.dll
0x00007fffee1f0000 - 0x00007fffee367000 	C:\WINDOWS\System32\CRYPT32.dll
0x00007fffed0f0000 - 0x00007fffed120000 	C:\WINDOWS\SYSTEM32\ncrypt.dll
0x00007fffed0a0000 - 0x00007fffed0df000 	C:\WINDOWS\SYSTEM32\NTASN1.dll
0x00007fffecfa0000 - 0x00007fffecfbb000 	C:\WINDOWS\SYSTEM32\CRYPTSP.dll
0x00007fffec5d0000 - 0x00007fffec60b000 	C:\WINDOWS\system32\rsaenh.dll
0x00007fffecc70000 - 0x00007fffecc9b000 	C:\WINDOWS\SYSTEM32\USERENV.dll
0x00007fffed7c0000 - 0x00007fffed7e6000 	C:\WINDOWS\SYSTEM32\bcrypt.dll
0x00007fffece00000 - 0x00007fffece0c000 	C:\WINDOWS\SYSTEM32\CRYPTBASE.dll
0x00007fffef6c0000 - 0x00007fffef6ca000 	C:\WINDOWS\System32\NSI.dll
0x00007fffec100000 - 0x00007fffec226000 	C:\WINDOWS\SYSTEM32\DNSAPI.dll
0x00007fffe7010000 - 0x00007fffe701b000 	C:\Windows\System32\rasadhlp.dll
0x00007fffe81a0000 - 0x00007fffe8226000 	C:\WINDOWS\System32\fwpuclnt.dll
0x00007fffc9a40000 - 0x00007fffc9a49000 	C:\Users\araom\.jdks\ms-21.0.8\bin\extnet.dll
0x00007fffa46d0000 - 0x00007fffa46d8000 	C:\WINDOWS\system32\wshunix.dll

JVMTI agents:
jdwp path:C:\Users\araom\.jdks\ms-21.0.8\bin\jdwp.dll, loaded, initialized, options:transport=dt_socket,address=127.0.0.1:58733,suspend=y,server=n
C:\Users\araom\AppData\Local\JetBrains\IdeaIC2025.2\captureAgent\debugger-agent.jar path:C:\Users\araom\.jdks\ms-21.0.8\bin\instrument.dll, loaded, initialized, instrumentlib options:file:///C:/Users/araom/AppData/Local/Temp/capture4171761073055506827.props

dbghelp: loaded successfully - version: 4.0.5 - missing functions: none
symbol engine: initialized successfully - sym options: 0x614 - pdb path: .;C:\Users\araom\.jdks\ms-21.0.8\bin;C:\WINDOWS\SYSTEM32;C:\WINDOWS\WinSxS\amd64_microsoft.windows.common-controls_6595b64144ccf1df_6.0.26100.5074_none_3e0d6f78e32fd63f;C:\Users\araom\.jdks\ms-21.0.8\bin\server

VM Arguments:
jvm_args: -agentlib:jdwp=transport=dt_socket,address=127.0.0.1:58733,suspend=y,server=n -javaagent:C:\Users\araom\AppData\Local\JetBrains\IdeaIC2025.2\captureAgent\debugger-agent.jar=file:///C:/Users/araom/AppData/Local/Temp/capture4171761073055506827.props -Dkotlinx.coroutines.debug.enable.creation.stack.trace=false -Ddebugger.agent.enable.coroutines=true -Dkotlinx.coroutines.debug.enable.flows.stack.trace=true -Dkotlinx.coroutines.debug.enable.mutable.state.flows.stack.trace=true -Dfile.encoding=UTF-8 -Dsun.stdout.encoding=UTF-8 -Dsun.stderr.encoding=UTF-8 
java_command: com.jobportal.Job.Poratl.JobPoratlApplication
java_class_path (initial): C:\Users\araom\Downloads\Job Poratl\Job-Poratl\target\classes;C:\Users\araom\.m2\repository\org\springframework\boot\spring-boot-starter-web\4.0.1\spring-boot-starter-web-4.0.1.jar;C:\Users\araom\.m2\repository\org\springframework\boot\spring-boot-starter-jackson\4.0.1\spring-boot-starter-jackson-4.0.1.jar;C:\Users\araom\.m2\repository\org\springframework\boot\spring-boot-jackson\4.0.1\spring-boot-jackson-4.0.1.jar;C:\Users\araom\.m2\repository\tools\jackson\core\jackson-databind\3.0.3\jackson-databind-3.0.3.jar;C:\Users\araom\.m2\repository\tools\jackson\core\jackson-core\3.0.3\jackson-core-3.0.3.jar;C:\Users\araom\.m2\repository\org\springframework\boot\spring-boot-starter-tomcat\4.0.1\spring-boot-starter-tomcat-4.0.1.jar;C:\Users\araom\.m2\repository\org\springframework\boot\spring-boot-starter-tomcat-runtime\4.0.1\spring-boot-starter-tomcat-runtime-4.0.1.jar;C:\Users\araom\.m2\repository\org\springframework\boot\spring-boot-web-server\4.0.1\spring-boot-web-server-4.0.1.jar;C:\Users\araom\.m2\repository\org\apache\tomcat\embed\tomcat-embed-core\11.0.15\tomcat-embed-core-11.0.15.jar;C:\Users\araom\.m2\repository\org\apache\tomcat\embed\tomcat-embed-websocket\11.0.15\tomcat-embed-websocket-11.0.15.jar;C:\Users\araom\.m2\repository\org\springframework\boot\spring-boot-tomcat\4.0.1\spring-boot-tomcat-4.0.1.jar;C:\Users\araom\.m2\repository\org\springframework\boot\spring-boot-http-converter\4.0.1\spring-boot-http-converter-4.0.1.jar;C:\Users\araom\.m2\repository\org\springframework\spring-web\7.0.2\spring-web-7.0.2.jar;C:\Users\araom\.m2\repository\io\micrometer\micrometer-observation\1.16.1\micrometer-observation-1.16.1.jar;C:\Users\araom\.m2\repository\io\micrometer\micrometer-commons\1.16.1\micrometer-commons-1.16.1.jar;C:\Users\araom\.m2\repository\org\springframework\boot\spring-boot-webmvc\4.0.1\spring-boot-webmvc-4.0.1.jar;C:\Users\araom\.m2\repository\org\springframework\boot\spring-boot-servlet\4.0.1\spring-boot-servlet-4.0.1.jar;C:\Users\araom\.m2\repository\org\springframework\spring-webmvc\7.0.2\spring-webmvc-7.0.2.jar;C:\Users\araom\.m2\repository\org\springframework\spring-expression\7.0.2\spring-expression-7.0.2.jar;C:\Users\araom\.m2\repository\org\springframework\boot\spring-boot-starter-data-mongodb\4.0.1\spring-boot-starter-data-mongodb-4.0.1.jar;C:\Users\araom\.m2\repository\org\springframework\boot\spring-boot-starter-mongodb\4.0.1\spring-boot-starter-mongodb-4.0.1.jar;C:\Users\araom\.m2\repository\org\springframework\boot\spring-boot-mongodb\4.0.1\spring-boot-mongodb-4.0.1.jar;C:\Users\araom\.m2\repository\org\mongodb\mongodb-driver-sync\5.6.2\mongodb-driver-sync-5.6.2.jar;C:\Users\araom\.m2\repository\org\mongodb\bson\5.6.2\bson-5.6.2.jar;C:\Users\araom\.m2\repository\org\mongodb\mongodb-driver-core\5.6.2\mongodb-driver-core-5.6.2.jar;C:\Users\araom\.m2\repository\org\mongodb\bson-record-codec\5.6.2\bson-record-codec-5.6.2.jar;C:\Users\araom\.m2\repository\org\springframework\boot\spring-boot-data-mongodb\4.0.1\spring-boot-data-mongodb-4.0.1.jar;C:\Users\araom\.m2\repository\org\springframework\boot\spring-boot-data-commons\4.0.1\spring-boot-data-commons-4.0.1.jar;C:\Users\araom\.m2\repository\org\springframework\boot\spring-boot-persistence\4.0.1\spring-boot-persistence-4.0.1.jar;C:\Users\araom\.m2\repository\org\springframework\data\spring-data-commons\4.0.1\spring-data-commons-4.0.1.jar;C:\Users\araom\.m2\repository\org\springframework\boot\spring-boot-transaction\4.0.1\spring-boot-transaction-4.0.1.jar;C:\Users\araom\.m2\repository\org\springframework\spring-tx\7.0.2\spring-tx-7.0.2.jar;C:\Users\araom\.m2\repository\org\springframework\data\spring-data-mongodb\5.0.1\spring-data-mongodb-5.0.1.jar;C:\Users\araom\.m2\repository\org\projectlombok\lombok\1.18.42\lombok-1.18.42.jar;C:\Users\araom\.m2\repository\org\springframework\boot\spring-boot-devtools\4.0.1\spring-boot-devtools-4.0.1.jar;C:\Users\araom\.m2\repository\org\springframework\boot\spring-boot\4.0.1\spring-boot-4.0.1.jar;C:\Users\araom\.m2\repository\org\springframework\spring-context\7.0.2\spring-context-7.0.2.jar;C:\Users\araom\.m2\repository\org\springframework\boot\spring-boot-autoconfigure\4.0.1\spring-boot-autoconfigure-4.0.1.jar;C:\Users\araom\.m2\repository\org\springframework\boot\spring-boot-starter-validation\4.0.1\spring-boot-starter-validation-4.0.1.jar;C:\Users\araom\.m2\repository\org\springframework\boot\spring-boot-starter\4.0.1\spring-boot-starter-4.0.1.jar;C:\Users\araom\.m2\repository\org\springframework\boot\spring-boot-starter-logging\4.0.1\spring-boot-starter-logging-4.0.1.jar;C:\Users\araom\.m2\repository\ch\qos\logback\logback-classic\1.5.22\logback-classic-1.5.22.jar;C:\Users\araom\.m2\repository\ch\qos\logback\logback-core\1.5.22\logback-core-1.5.22.jar;C:\Users\araom\.m2\repository\org\apache\logging\log4j\log4j-to-slf4j\2.25.3\log4j-to-slf4j-2.25.3.jar;C:\Users\araom\.m2\repository\org\apache\logging\log4j\log4j-api\2.25.3\log4j-api-2.25.3.jar;C:\Users\araom\.m2\repository\org\slf4j\jul-to-slf4j\2.0.17\jul-to-slf4j-2.0.17.jar;C:\Users\araom\.m2\repository\jakarta\annotation\jakarta.annotation-api\3.0.0\jakarta.annotation-api-3.0.0.jar;C:\Users\araom\.m2\repository\org\yaml\snakeyaml\2.5\snakeyaml-2.5.jar;C:\Users\araom\.m2\repository\org\springframework\boot\spring-boot-validation\4.0.1\spring-boot-validation-4.0.1.jar;C:\Users\araom\.m2\repository\org\apache\tomcat\embed\tomcat-embed-el\11.0.15\tomcat-embed-el-11.0.15.jar;C:\Users\araom\.m2\repository\org\hibernate\validator\hibernate-validator\9.0.1.Final\hibernate-validator-9.0.1.Final.jar;C:\Users\araom\.m2\repository\jakarta\validation\jakarta.validation-api\3.1.1\jakarta.validation-api-3.1.1.jar;C:\Users\araom\.m2\repository\org\jboss\logging\jboss-logging\3.6.1.Final\jboss-logging-3.6.1.Final.jar;C:\Users\araom\.m2\repository\com\fasterxml\classmate\1.7.1\classmate-1.7.1.jar;C:\Users\araom\.m2\repository\org\slf4j\slf4j-api\2.0.17\slf4j-api-2.0.17.jar;C:\Users\araom\.m2\repository\jakarta\activation\jakarta.activation-api\2.1.4\jakarta.activation-api-2.1.4.jar;C:\Users\araom\.m2\repository\org\springframework\spring-core\7.0.2\spring-core-7.0.2.jar;C:\Users\araom\.m2\repository\commons-logging\commons-logging\1.3.5\commons-logging-1.3.5.jar;C:\Users\araom\.m2\repository\org\jspecify\jspecify\1.0.0\jspecify-1.0.0.jar;C:\Users\araom\.m2\repository\org\springframework\boot\spring-boot-starter-security\4.0.1\spring-boot-starter-security-4.0.1.jar;C:\Users\araom\.m2\repository\org\springframework\boot\spring-boot-security\4.0.1\spring-boot-security-4.0.1.jar;C:\Users\araom\.m2\repository\org\springframework\security\spring-security-config\7.0.2\spring-security-config-7.0.2.jar;C:\Users\araom\.m2\repository\org\springframework\security\spring-security-core\7.0.2\spring-security-core-7.0.2.jar;C:\Users\araom\.m2\repository\org\springframework\security\spring-security-crypto\7.0.2\spring-security-crypto-7.0.2.jar;C:\Users\araom\.m2\repository\org\springframework\security\spring-security-web\7.0.2\spring-security-web-7.0.2.jar;C:\Users\araom\.m2\repository\org\springframework\spring-aop\7.0.2\spring-aop-7.0.2.jar;C:\Users\araom\.m2\repository\org\springframework\spring-beans\7.0.2\spring-beans-7.0.2.jar;C:\Users\araom\.m2\repository\org\springframework\boot\spring-boot-starter-mail\4.0.1\spring-boot-starter-mail-4.0.1.jar;C:\Users\araom\.m2\repository\org\springframework\boot\spring-boot-mail\4.0.1\spring-boot-mail-4.0.1.jar;C:\Users\araom\.m2\repository\org\springframework\spring-context-support\7.0.2\spring-context-support-7.0.2.jar;C:\Users\araom\.m2\repository\jakarta\mail\jakarta.mail-api\2.1.5\jakarta.mail-api-2.1.5.jar;C:\Users\araom\.m2\repository\org\eclipse\angus\angus-mail\2.0.5\angus-mail-2.0.5.jar;C:\Users\araom\.m2\repository\org\eclipse\angus\angus-activation\2.0.3\angus-activation-2.0.3.jar;C:\Users\araom\.m2\repository\com\fasterxml\jackson\core\jackson-databind\2.20.1\jackson-databind-2.20.1.jar;C:\Users\araom\.m2\repository\com\fasterxml\jackson\core\jackson-annotations\2.20\jackson-annotations-2.20.jar;C:\Users\araom\.m2\repository\com\fasterxml\jackson\core\jackson-core\2.20.1\jackson-core-2.20.1.jar;C:\Users\araom\AppData\Local\Programs\IntelliJ IDEA Community Edition\lib\idea_rt.jar
Launcher Type: SUN_STANDARD

[Global flags]
     intx CICompilerCount                          = 4                                         {product} {ergonomic}
     uint ConcGCThreads                            = 3                                         {product} {ergonomic}
     uint G1ConcRefinementThreads                  = 10                                        {product} {ergonomic}
   size_t G1HeapRegionSize                         = 2097152                                   {product} {ergonomic}
    uintx GCDrainStackTargetSize                   = 64                                        {product} {ergonomic}
   size_t InitialHeapSize                          = 264241152                                 {product} {ergonomic}
   size_t MarkStackSize                            = 4194304                                   {product} {ergonomic}
   size_t MaxHeapSize                              = 4202692608                                {product} {ergonomic}
   size_t MaxNewSize                               = 2520776704                                {product} {ergonomic}
   size_t MinHeapDeltaBytes                        = 2097152                                   {product} {ergonomic}
   size_t MinHeapSize                              = 8388608                                   {product} {ergonomic}
    uintx NonNMethodCodeHeapSize                   = 5839372                                {pd product} {ergonomic}
    uintx NonProfiledCodeHeapSize                  = 122909434                              {pd product} {ergonomic}
    uintx ProfiledCodeHeapSize                     = 122909434                              {pd product} {ergonomic}
    uintx ReservedCodeCacheSize                    = 251658240                              {pd product} {ergonomic}
     bool SegmentedCodeCache                       = true                                      {product} {ergonomic}
   size_t SoftMaxHeapSize                          = 4202692608                             {manageable} {ergonomic}
     bool UseCompressedOops                        = true                           {product lp64_product} {ergonomic}
     bool UseG1GC                                  = true                                      {product} {ergonomic}
     bool UseLargePagesIndividualAllocation        = false                                  {pd product} {ergonomic}

Logging:
Log output configuration:
 #0: stdout all=warning uptime,level,tags foldmultilines=false
 #1: stderr all=off uptime,level,tags foldmultilines=false

Environment Variables:
JAVA_HOME=C:\Program Files\Eclipse Adoptium\jdk-21.0.6.7-hotspot\bin
PATH=C:\Program Files\Eclipse Adoptium\jdk-21.0.6.7-hotspot\bin;C:\Python313\Scripts\;C:\Python313\;C:\Python312\Scripts\;C:\Python312\;C:\WINDOWS\system32;C:\WINDOWS;C:\WINDOWS\System32\Wbem;C:\WINDOWS\System32\WindowsPowerShell\v1.0\;C:\WINDOWS\System32\OpenSSH\;C:\Program Files\Git\cmd;C:\Program Files (x86)\dotnet\;C:\MAMP\bin\mysql\bin;C:\Program Files\nodejs\;C:\ProgramData\chocolatey\bin;;C:\Program Files\Docker\Docker\resources\bin;C:\Users\araom\AppData\Local\Programs\Eclipse Adoptium\jdk-21.0.6.7-hotspot\bin;C:\Users\araom\AppData\Local\Microsoft\WindowsApps;C:\Users\araom\AppData\Local\Programs\Microsoft VS Code\bin;C:\Users\araom\AppData\Roaming\npm;C:\Users\araom\AppData\Local\JetBrains\Toolbox\scripts;C:\Users\araom\AppData\Local\Programs\mongosh\
USERNAME=araom
OS=Windows_NT
PROCESSOR_IDENTIFIER=Intel64 Family 6 Model 186 Stepping 3, GenuineIntel
TMP=C:\Users\araom\AppData\Local\Temp
TEMP=C:\Users\araom\AppData\Local\Temp




Periodic native trim disabled

---------------  S Y S T E M  ---------------

OS:
 Windows 11 , 64 bit Build 26100 (10.0.26100.5074)
OS uptime: 1 days 9:11 hours
Hyper-V role detected

CPU: total 12 (initial active 12) (6 cores per cpu, 2 threads per core) family 6 model 186 stepping 3 microcode 0x4129, cx8, cmov, fxsr, ht, mmx, 3dnowpref, sse, sse2, sse3, ssse3, sse4.1, sse4.2, popcnt, lzcnt, tsc, tscinvbit, avx, avx2, aes, erms, clmul, bmi1, bmi2, adx, sha, fma, vzeroupper, clflush, clflushopt, clwb, hv, serialize, rdtscp, rdpid, fsrm, f16c, cet_ibt, cet_ss
Processor Information for the first 12 processors :
  Max Mhz: 1300, Current Mhz: 1300, Mhz Limit: 1300

Memory: 4k page, system-wide physical 16024M (829M free)
TotalPageFile size 27320M (AvailPageFile size 53M)
current process WorkingSet (physical memory assigned to process): 130M, peak: 413M
current process commit charge ("private bytes"): 351M, peak: 481M

vm_info: OpenJDK 64-Bit Server VM (21.0.8+9-LTS) for windows-amd64 JRE (21.0.8+9-LTS), built on 2025-07-10T20:22:44Z by "MicrosoftCorporation" with unknown MS VC++:1944

END.
