#
# There is insufficient memory for the Java Runtime Environment to continue.
# Native memory allocation (mmap) failed to map 29360128 bytes. Error detail: G1 virtual space
# Possible reasons:
#   The system is out of physical RAM or swap space
#   This process is running with CompressedOops enabled, and the Java Heap may be blocking the growth of the native heap
# Possible solutions:
#   Reduce memory load on the system
#   Increase physical memory or swap space
#   Check if swap backing store is full
#   Decrease Java heap size (-Xmx/-Xms)
#   Decrease number of Java threads
#   Decrease Java thread stack sizes (-Xss)
#   Set larger code cache with -XX:ReservedCodeCacheSize=
#   JVM is running with Zero Based Compressed Oops mode in which the Java heap is
#     placed in the first 32GB address space. The Java Heap base address is the
#     maximum limit for the native heap growth. Please use -XX:HeapBaseMinAddress
#     to set the Java Heap base and to place the Java Heap above 32GB virtual address.
# This output file may be truncated or incomplete.
#
#  Out of Memory Error (os_windows.cpp:3736), pid=25360, tid=14724
#
# JRE version: OpenJDK Runtime Environment Microsoft-11933218 (21.0.8+9) (build 21.0.8+9-LTS)
# Java VM: OpenJDK 64-Bit Server VM Microsoft-11933218 (21.0.8+9-LTS, mixed mode, emulated-client, sharing, tiered, compressed oops, compressed class ptrs, g1 gc, windows-amd64)
# No core dump will be written. Minidumps are not enabled by default on client versions of Windows
#

---------------  S U M M A R Y ------------

Command Line: -XX:TieredStopAtLevel=1 -Dspring.output.ansi.enabled=always -javaagent:C:\Users\araom\AppData\Local\Programs\IntelliJ IDEA Community Edition\lib\idea_rt.jar=54274 -Dfile.encoding=UTF-8 -Dsun.stdout.encoding=UTF-8 -Dsun.stderr.encoding=UTF-8 com.jobportal.Job.Poratl.JobPoratlApplication

Host: 13th Gen Intel(R) Core(TM) i5-1335U, 12 cores, 15G,  Windows 11 , 64 bit Build 26100 (10.0.26100.5074)
Time: Mon Feb 16 12:42:32 2026 elapsed time: 486.336532 seconds (0d 0h 8m 6s)

---------------  T H R E A D  ---------------

Current thread (0x0000010b476efc10):  VMThread "VM Thread"          [id=14724, stack(0x0000000218a00000,0x0000000218b00000) (1024K)]

Stack: [0x0000000218a00000,0x0000000218b00000]
Native frames: (J=compiled Java code, j=interpreted, Vv=VM code, C=native code)
V  [jvm.dll+0x6e1729]
V  [jvm.dll+0x8bf47b]
V  [jvm.dll+0x8c19aa]
V  [jvm.dll+0x8c2083]
V  [jvm.dll+0x289fd6]
V  [jvm.dll+0x6de085]
V  [jvm.dll+0x6d218a]
V  [jvm.dll+0x366f6e]
V  [jvm.dll+0x36ee1b]
V  [jvm.dll+0x3c06b9]
V  [jvm.dll+0x3c095b]
V  [jvm.dll+0x33a8b7]
V  [jvm.dll+0x33a947]
V  [jvm.dll+0x37f68c]
V  [jvm.dll+0x37de6e]
V  [jvm.dll+0x33a011]
V  [jvm.dll+0x37d4da]
V  [jvm.dll+0x8c7def]
V  [jvm.dll+0x8c92fc]
V  [jvm.dll+0x8c9874]
V  [jvm.dll+0x8c9973]
V  [jvm.dll+0x86975d]
V  [jvm.dll+0x6dff2d]
C  [ucrtbase.dll+0x37b0]
C  [KERNEL32.DLL+0x2e8d7]
C  [ntdll.dll+0x8d9c]

VM_Operation (0x000000021adfe220): G1CollectForAllocation, mode: safepoint, requested by thread 0x0000010b8f276c40


---------------  P R O C E S S  ---------------

Threads class SMR info:
_java_thread_list=0x0000010b8d695060, length=32, elements={
0x0000010b47707be0, 0x0000010b8d0050a0, 0x0000010b47708c30, 0x0000010b47709290,
0x0000010b47709f40, 0x0000010b8d011f10, 0x0000010b8d012570, 0x0000010b8d13f150,
0x0000010b8d545ed0, 0x0000010b8d542fb0, 0x0000010b8e904820, 0x0000010b8ef9cee0,
0x0000010b8d14a170, 0x0000010b8d14a7d0, 0x0000010b8f1969a0, 0x0000010b8f197000,
0x0000010b8f274b70, 0x0000010b8f276c40, 0x0000010b8f275200, 0x0000010b8f275890,
0x0000010b8f2772d0, 0x0000010b8f2765b0, 0x0000010b8f277960, 0x0000010b8f2744e0,
0x0000010b8f275f20, 0x0000010b8f58a290, 0x0000010b8f58a920, 0x0000010b8f5881c0,
0x0000010b8f58afb0, 0x0000010b8f58b640, 0x0000010b8f588850, 0x0000010b8f589c00
}

Java Threads: ( => current thread )
  0x0000010b47707be0 JavaThread "Reference Handler"          daemon [_thread_blocked, id=2840, stack(0x0000000218b00000,0x0000000218c00000) (1024K)]
  0x0000010b8d0050a0 JavaThread "Finalizer"                  daemon [_thread_blocked, id=28936, stack(0x0000000218c00000,0x0000000218d00000) (1024K)]
  0x0000010b47708c30 JavaThread "Signal Dispatcher"          daemon [_thread_blocked, id=10964, stack(0x0000000218d00000,0x0000000218e00000) (1024K)]
  0x0000010b47709290 JavaThread "Attach Listener"            daemon [_thread_blocked, id=20928, stack(0x0000000218e00000,0x0000000218f00000) (1024K)]
  0x0000010b47709f40 JavaThread "Service Thread"             daemon [_thread_blocked, id=28328, stack(0x0000000218f00000,0x0000000219000000) (1024K)]
  0x0000010b8d011f10 JavaThread "Monitor Deflation Thread"   daemon [_thread_blocked, id=5192, stack(0x0000000219000000,0x0000000219100000) (1024K)]
  0x0000010b8d012570 JavaThread "C1 CompilerThread0"         daemon [_thread_blocked, id=1596, stack(0x0000000219100000,0x0000000219200000) (1024K)]
  0x0000010b8d13f150 JavaThread "Common-Cleaner"             daemon [_thread_blocked, id=10560, stack(0x0000000219300000,0x0000000219400000) (1024K)]
  0x0000010b8d545ed0 JavaThread "Monitor Ctrl-Break"         daemon [_thread_in_native, id=20264, stack(0x0000000219400000,0x0000000219500000) (1024K)]
  0x0000010b8d542fb0 JavaThread "Notification Thread"        daemon [_thread_blocked, id=13260, stack(0x0000000219500000,0x0000000219600000) (1024K)]
  0x0000010b8e904820 JavaThread "BufferPoolPruner-1-thread-1" daemon [_thread_blocked, id=22336, stack(0x000000021a500000,0x000000021a600000) (1024K)]
  0x0000010b8ef9cee0 JavaThread "cluster-ClusterId{value='69929044d52290a332555b02', description='null'}-localhost:27017" daemon [_thread_in_native, id=9180, stack(0x000000021a600000,0x000000021a700000) (1024K)]
  0x0000010b8d14a170 JavaThread "cluster-rtt-ClusterId{value='69929044d52290a332555b02', description='null'}-localhost:27017" daemon [_thread_blocked, id=5564, stack(0x000000021a800000,0x000000021a900000) (1024K)]
  0x0000010b8d14a7d0 JavaThread "MaintenanceTimer-2-thread-1" daemon [_thread_blocked, id=13148, stack(0x000000021a900000,0x000000021aa00000) (1024K)]
  0x0000010b8f1969a0 JavaThread "Catalina-utility-1"                [_thread_blocked, id=27176, stack(0x000000021aa00000,0x000000021ab00000) (1024K)]
  0x0000010b8f197000 JavaThread "Catalina-utility-2"                [_thread_blocked, id=11508, stack(0x000000021ab00000,0x000000021ac00000) (1024K)]
  0x0000010b8f274b70 JavaThread "container-0"                       [_thread_blocked, id=25832, stack(0x000000021ac00000,0x000000021ad00000) (1024K)]
  0x0000010b8f276c40 JavaThread "File Watcher"               daemon [_thread_blocked, id=27232, stack(0x000000021ad00000,0x000000021ae00000) (1024K)]
  0x0000010b8f275200 JavaThread "http-nio-8080-exec-1"       daemon [_thread_blocked, id=27828, stack(0x000000021ae00000,0x000000021af00000) (1024K)]
  0x0000010b8f275890 JavaThread "http-nio-8080-exec-2"       daemon [_thread_blocked, id=13992, stack(0x000000021af00000,0x000000021b000000) (1024K)]
  0x0000010b8f2772d0 JavaThread "http-nio-8080-exec-3"       daemon [_thread_blocked, id=29312, stack(0x000000021b000000,0x000000021b100000) (1024K)]
  0x0000010b8f2765b0 JavaThread "http-nio-8080-exec-4"       daemon [_thread_blocked, id=24412, stack(0x000000021b100000,0x000000021b200000) (1024K)]
  0x0000010b8f277960 JavaThread "http-nio-8080-exec-5"       daemon [_thread_blocked, id=22464, stack(0x000000021b200000,0x000000021b300000) (1024K)]
  0x0000010b8f2744e0 JavaThread "http-nio-8080-exec-6"       daemon [_thread_blocked, id=21164, stack(0x000000021b300000,0x000000021b400000) (1024K)]
  0x0000010b8f275f20 JavaThread "http-nio-8080-exec-7"       daemon [_thread_blocked, id=29556, stack(0x000000021b400000,0x000000021b500000) (1024K)]
  0x0000010b8f58a290 JavaThread "http-nio-8080-exec-8"       daemon [_thread_blocked, id=29284, stack(0x000000021b500000,0x000000021b600000) (1024K)]
  0x0000010b8f58a920 JavaThread "http-nio-8080-exec-9"       daemon [_thread_blocked, id=24344, stack(0x000000021b600000,0x000000021b700000) (1024K)]
  0x0000010b8f5881c0 JavaThread "http-nio-8080-exec-10"      daemon [_thread_blocked, id=29104, stack(0x000000021b700000,0x000000021b800000) (1024K)]
  0x0000010b8f58afb0 JavaThread "http-nio-8080-Poller"       daemon [_thread_in_native, id=29252, stack(0x000000021b800000,0x000000021b900000) (1024K)]
  0x0000010b8f58b640 JavaThread "http-nio-8080-Acceptor"     daemon [_thread_in_native, id=27268, stack(0x000000021b900000,0x000000021ba00000) (1024K)]
  0x0000010b8f588850 JavaThread "scheduling-1"                      [_thread_blocked, id=26856, stack(0x000000021ba00000,0x000000021bb00000) (1024K)]
  0x0000010b8f589c00 JavaThread "DestroyJavaVM"                     [_thread_blocked, id=604, stack(0x0000000218300000,0x0000000218400000) (1024K)]
Total: 32

Other Threads:
=>0x0000010b476efc10 VMThread "VM Thread"                           [id=14724, stack(0x0000000218a00000,0x0000000218b00000) (1024K)]
  0x0000010b476df590 WatcherThread "VM Periodic Task Thread"        [id=14508, stack(0x0000000218900000,0x0000000218a00000) (1024K)]
  0x0000010b3481ddd0 WorkerThread "GC Thread#0"                     [id=18288, stack(0x0000000218400000,0x0000000218500000) (1024K)]
  0x0000010b8d943320 WorkerThread "GC Thread#1"                     [id=26928, stack(0x0000000219800000,0x0000000219900000) (1024K)]
  0x0000010b8d8a32e0 WorkerThread "GC Thread#2"                     [id=5140, stack(0x0000000219900000,0x0000000219a00000) (1024K)]
  0x0000010b8d8a3680 WorkerThread "GC Thread#3"                     [id=29656, stack(0x0000000219a00000,0x0000000219b00000) (1024K)]
  0x0000010b8d8a3a20 WorkerThread "GC Thread#4"                     [id=3656, stack(0x0000000219b00000,0x0000000219c00000) (1024K)]
  0x0000010b8d8a3dc0 WorkerThread "GC Thread#5"                     [id=26032, stack(0x0000000219c00000,0x0000000219d00000) (1024K)]
  0x0000010b8ddebff0 WorkerThread "GC Thread#6"                     [id=23212, stack(0x000000021a000000,0x000000021a100000) (1024K)]
  0x0000010b8de0f280 WorkerThread "GC Thread#7"                     [id=28632, stack(0x000000021a100000,0x000000021a200000) (1024K)]
  0x0000010b8de278f0 WorkerThread "GC Thread#8"                     [id=25168, stack(0x000000021a200000,0x000000021a300000) (1024K)]
  0x0000010b8de28420 WorkerThread "GC Thread#9"                     [id=9004, stack(0x000000021a300000,0x000000021a400000) (1024K)]
  0x0000010b3482f840 ConcurrentGCThread "G1 Main Marker"            [id=11952, stack(0x0000000218500000,0x0000000218600000) (1024K)]
  0x0000010b348311c0 WorkerThread "G1 Conc#0"                       [id=13876, stack(0x0000000218600000,0x0000000218700000) (1024K)]
  0x0000010b8de287c0 WorkerThread "G1 Conc#1"                       [id=27632, stack(0x0000000219f00000,0x000000021a000000) (1024K)]
  0x0000010b8de28b60 WorkerThread "G1 Conc#2"                       [id=27900, stack(0x000000021a400000,0x000000021a500000) (1024K)]
  0x0000010b3486e630 ConcurrentGCThread "G1 Refine#0"               [id=27748, stack(0x0000000218700000,0x0000000218800000) (1024K)]
  0x0000010b475a1160 ConcurrentGCThread "G1 Service"                [id=29276, stack(0x0000000218800000,0x0000000218900000) (1024K)]
Total: 18

Threads with active compile tasks:
Total: 0

VM state: at safepoint (normal execution)

VM Mutex/Monitor currently owned by a thread:  ([mutex/lock_event])
[0x00007ffc920da7c8] Threads_lock - owner thread: 0x0000010b476efc10
[0x00007ffc920da8c8] Heap_lock - owner thread: 0x0000010b8f276c40

Heap address: 0x0000000705800000, size: 4008 MB, Compressed Oops mode: Zero based, Oop shift amount: 3

CDS archive(s) mapped at: [0x0000010b48000000-0x0000010b48c80000-0x0000010b48c80000), size 13107200, SharedBaseAddress: 0x0000010b48000000, ArchiveRelocationMode: 1.
Compressed class space mapped at: 0x0000010b49000000-0x0000010b89000000, reserved size: 1073741824
Narrow klass base: 0x0000010b48000000, Narrow klass shift: 0, Narrow klass range: 0x100000000

GC Precious Log:
 CardTable entry size: 512
 Card Set container configuration: InlinePtr #cards 4 size 8 Array Of Cards #cards 16 size 48 Howl #buckets 8 coarsen threshold 3686 Howl Bitmap #cards 512 size 80 coarsen threshold 460 Card regions per heap region 1 cards per card region 4096
 CPUs: 12 total, 12 available
 Memory: 16024M
 Large Page Support: Disabled
 NUMA Support: Disabled
 Compressed Oops: Enabled (Zero based)
 Heap Region Size: 2M
 Heap Min Capacity: 8M
 Heap Initial Capacity: 252M
 Heap Max Capacity: 4008M
 Pre-touch: Disabled
 Parallel Workers: 10
 Concurrent Workers: 3
 Concurrent Refinement Workers: 10
 Periodic GC: Disabled

Heap:
 garbage-first heap   total 227328K, used 25993K [0x0000000705800000, 0x0000000800000000)
  region size 2048K, 1 young (2048K), 1 survivors (2048K)
 Metaspace       used 52344K, committed 52992K, reserved 1114112K
  class space    used 7453K, committed 7744K, reserved 1048576K

Heap Regions: E=young(eden), S=young(survivor), O=old, HS=humongous(starts), HC=humongous(continues), CS=collection set, F=free, TAMS=top-at-mark-start, PB=parsable bottom
|   0|0x0000000705800000, 0x0000000705a00000, 0x0000000705a00000|100%| O|  |TAMS 0x0000000705800000| PB 0x0000000705800000| Untracked 
|   1|0x0000000705a00000, 0x0000000705c00000, 0x0000000705c00000|100%| O|  |TAMS 0x0000000705a00000| PB 0x0000000705a00000| Untracked 
|   2|0x0000000705c00000, 0x0000000705e00000, 0x0000000705e00000|100%| O|  |TAMS 0x0000000705c00000| PB 0x0000000705c00000| Untracked 
|   3|0x0000000705e00000, 0x0000000706000000, 0x0000000706000000|100%| O|  |TAMS 0x0000000705e00000| PB 0x0000000705e00000| Untracked 
|   4|0x0000000706000000, 0x0000000706200000, 0x0000000706200000|100%| O|  |TAMS 0x0000000706000000| PB 0x0000000706000000| Untracked 
|   5|0x0000000706200000, 0x0000000706400000, 0x0000000706400000|100%| O|  |TAMS 0x0000000706200000| PB 0x0000000706200000| Untracked 
|   6|0x0000000706400000, 0x0000000706400000, 0x0000000706600000|  0%| F|  |TAMS 0x0000000706400000| PB 0x0000000706400000| Untracked 
|   7|0x0000000706600000, 0x0000000706600000, 0x0000000706800000|  0%| F|  |TAMS 0x0000000706600000| PB 0x0000000706600000| Untracked 
|   8|0x0000000706800000, 0x0000000706a00000, 0x0000000706a00000|100%| O|  |TAMS 0x0000000706800000| PB 0x0000000706800000| Untracked 
|   9|0x0000000706a00000, 0x0000000706c00000, 0x0000000706c00000|100%| O|  |TAMS 0x0000000706a00000| PB 0x0000000706a00000| Untracked 
|  10|0x0000000706c00000, 0x0000000706e00000, 0x0000000706e00000|100%| O|  |TAMS 0x0000000706c00000| PB 0x0000000706c00000| Untracked 
|  11|0x0000000706e00000, 0x0000000707000000, 0x0000000707000000|100%| O|  |TAMS 0x0000000706e00000| PB 0x0000000706e00000| Untracked 
|  12|0x0000000707000000, 0x0000000707000000, 0x0000000707200000|  0%| F|  |TAMS 0x0000000707000000| PB 0x0000000707000000| Untracked 
|  13|0x0000000707200000, 0x0000000707200000, 0x0000000707400000|  0%| F|  |TAMS 0x0000000707200000| PB 0x0000000707200000| Untracked 
|  14|0x0000000707400000, 0x0000000707400000, 0x0000000707600000|  0%| F|  |TAMS 0x0000000707400000| PB 0x0000000707400000| Untracked 
|  15|0x0000000707600000, 0x0000000707800000, 0x0000000707800000|100%| O|  |TAMS 0x0000000707600000| PB 0x0000000707600000| Untracked 
|  16|0x0000000707800000, 0x0000000707800000, 0x0000000707a00000|  0%| F|  |TAMS 0x0000000707800000| PB 0x0000000707800000| Untracked 
|  17|0x0000000707a00000, 0x0000000707a00000, 0x0000000707c00000|  0%| F|  |TAMS 0x0000000707a00000| PB 0x0000000707a00000| Untracked 
|  18|0x0000000707c00000, 0x0000000707c00000, 0x0000000707e00000|  0%| F|  |TAMS 0x0000000707c00000| PB 0x0000000707c00000| Untracked 
|  19|0x0000000707e00000, 0x0000000707e00000, 0x0000000708000000|  0%| F|  |TAMS 0x0000000707e00000| PB 0x0000000707e00000| Untracked 
|  20|0x0000000708000000, 0x0000000708000000, 0x0000000708200000|  0%| F|  |TAMS 0x0000000708000000| PB 0x0000000708000000| Untracked 
|  21|0x0000000708200000, 0x0000000708200000, 0x0000000708400000|  0%| F|  |TAMS 0x0000000708200000| PB 0x0000000708200000| Untracked 
|  22|0x0000000708400000, 0x0000000708400000, 0x0000000708600000|  0%| F|  |TAMS 0x0000000708400000| PB 0x0000000708400000| Untracked 
|  23|0x0000000708600000, 0x0000000708600000, 0x0000000708800000|  0%| F|  |TAMS 0x0000000708600000| PB 0x0000000708600000| Untracked 
|  24|0x0000000708800000, 0x0000000708800000, 0x0000000708a00000|  0%| F|  |TAMS 0x0000000708800000| PB 0x0000000708800000| Untracked 
|  25|0x0000000708a00000, 0x0000000708a00000, 0x0000000708c00000|  0%| F|  |TAMS 0x0000000708a00000| PB 0x0000000708a00000| Untracked 
|  26|0x0000000708c00000, 0x0000000708c00000, 0x0000000708e00000|  0%| F|  |TAMS 0x0000000708c00000| PB 0x0000000708c00000| Untracked 
|  27|0x0000000708e00000, 0x0000000708e00000, 0x0000000709000000|  0%| F|  |TAMS 0x0000000708e00000| PB 0x0000000708e00000| Untracked 
|  28|0x0000000709000000, 0x0000000709000000, 0x0000000709200000|  0%| F|  |TAMS 0x0000000709000000| PB 0x0000000709000000| Untracked 
|  29|0x0000000709200000, 0x0000000709200000, 0x0000000709400000|  0%| F|  |TAMS 0x0000000709200000| PB 0x0000000709200000| Untracked 
|  30|0x0000000709400000, 0x0000000709400000, 0x0000000709600000|  0%| F|  |TAMS 0x0000000709400000| PB 0x0000000709400000| Untracked 
|  31|0x0000000709600000, 0x0000000709600000, 0x0000000709800000|  0%| F|  |TAMS 0x0000000709600000| PB 0x0000000709600000| Untracked 
|  32|0x0000000709800000, 0x0000000709800000, 0x0000000709a00000|  0%| F|  |TAMS 0x0000000709800000| PB 0x0000000709800000| Untracked 
|  33|0x0000000709a00000, 0x0000000709a00000, 0x0000000709c00000|  0%| F|  |TAMS 0x0000000709a00000| PB 0x0000000709a00000| Untracked 
|  34|0x0000000709c00000, 0x0000000709c00000, 0x0000000709e00000|  0%| F|  |TAMS 0x0000000709c00000| PB 0x0000000709c00000| Untracked 
|  35|0x0000000709e00000, 0x0000000709e00000, 0x000000070a000000|  0%| F|  |TAMS 0x0000000709e00000| PB 0x0000000709e00000| Untracked 
|  36|0x000000070a000000, 0x000000070a000000, 0x000000070a200000|  0%| F|  |TAMS 0x000000070a000000| PB 0x000000070a000000| Untracked 
|  37|0x000000070a200000, 0x000000070a200000, 0x000000070a400000|  0%| F|  |TAMS 0x000000070a200000| PB 0x000000070a200000| Untracked 
|  38|0x000000070a400000, 0x000000070a400000, 0x000000070a600000|  0%| F|  |TAMS 0x000000070a400000| PB 0x000000070a400000| Untracked 
|  39|0x000000070a600000, 0x000000070a600000, 0x000000070a800000|  0%| F|  |TAMS 0x000000070a600000| PB 0x000000070a600000| Untracked 
|  40|0x000000070a800000, 0x000000070a800000, 0x000000070aa00000|  0%| F|  |TAMS 0x000000070a800000| PB 0x000000070a800000| Untracked 
|  41|0x000000070aa00000, 0x000000070aa00000, 0x000000070ac00000|  0%| F|  |TAMS 0x000000070aa00000| PB 0x000000070aa00000| Untracked 
|  42|0x000000070ac00000, 0x000000070ac00000, 0x000000070ae00000|  0%| F|  |TAMS 0x000000070ac00000| PB 0x000000070ac00000| Untracked 
|  43|0x000000070ae00000, 0x000000070ae00000, 0x000000070b000000|  0%| F|  |TAMS 0x000000070ae00000| PB 0x000000070ae00000| Untracked 
|  44|0x000000070b000000, 0x000000070b000000, 0x000000070b200000|  0%| F|  |TAMS 0x000000070b000000| PB 0x000000070b000000| Untracked 
|  45|0x000000070b200000, 0x000000070b200000, 0x000000070b400000|  0%| F|  |TAMS 0x000000070b200000| PB 0x000000070b200000| Untracked 
|  46|0x000000070b400000, 0x000000070b400000, 0x000000070b600000|  0%| F|  |TAMS 0x000000070b400000| PB 0x000000070b400000| Untracked 
|  47|0x000000070b600000, 0x000000070b600000, 0x000000070b800000|  0%| F|  |TAMS 0x000000070b600000| PB 0x000000070b600000| Untracked 
|  48|0x000000070b800000, 0x000000070b800000, 0x000000070ba00000|  0%| F|  |TAMS 0x000000070b800000| PB 0x000000070b800000| Untracked 
|  49|0x000000070ba00000, 0x000000070ba00000, 0x000000070bc00000|  0%| F|  |TAMS 0x000000070ba00000| PB 0x000000070ba00000| Untracked 
|  50|0x000000070bc00000, 0x000000070bc00000, 0x000000070be00000|  0%| F|  |TAMS 0x000000070bc00000| PB 0x000000070bc00000| Untracked 
|  51|0x000000070be00000, 0x000000070be00000, 0x000000070c000000|  0%| F|  |TAMS 0x000000070be00000| PB 0x000000070be00000| Untracked 
|  52|0x000000070c000000, 0x000000070c000000, 0x000000070c200000|  0%| F|  |TAMS 0x000000070c000000| PB 0x000000070c000000| Untracked 
|  53|0x000000070c200000, 0x000000070c200000, 0x000000070c400000|  0%| F|  |TAMS 0x000000070c200000| PB 0x000000070c200000| Untracked 
|  54|0x000000070c400000, 0x000000070c400000, 0x000000070c600000|  0%| F|  |TAMS 0x000000070c400000| PB 0x000000070c400000| Untracked 
|  55|0x000000070c600000, 0x000000070c600000, 0x000000070c800000|  0%| F|  |TAMS 0x000000070c600000| PB 0x000000070c600000| Untracked 
|  56|0x000000070c800000, 0x000000070c800000, 0x000000070ca00000|  0%| F|  |TAMS 0x000000070c800000| PB 0x000000070c800000| Untracked 
|  57|0x000000070ca00000, 0x000000070ca00000, 0x000000070cc00000|  0%| F|  |TAMS 0x000000070ca00000| PB 0x000000070ca00000| Untracked 
|  58|0x000000070cc00000, 0x000000070cc00000, 0x000000070ce00000|  0%| F|  |TAMS 0x000000070cc00000| PB 0x000000070cc00000| Untracked 
|  59|0x000000070ce00000, 0x000000070ce00000, 0x000000070d000000|  0%| F|  |TAMS 0x000000070ce00000| PB 0x000000070ce00000| Untracked 
|  60|0x000000070d000000, 0x000000070d000000, 0x000000070d200000|  0%| F|  |TAMS 0x000000070d000000| PB 0x000000070d000000| Untracked 
|  61|0x000000070d200000, 0x000000070d200000, 0x000000070d400000|  0%| F|  |TAMS 0x000000070d200000| PB 0x000000070d200000| Untracked 
|  62|0x000000070d400000, 0x000000070d400000, 0x000000070d600000|  0%| F|  |TAMS 0x000000070d400000| PB 0x000000070d400000| Untracked 
|  63|0x000000070d600000, 0x000000070d600000, 0x000000070d800000|  0%| F|  |TAMS 0x000000070d600000| PB 0x000000070d600000| Untracked 
|  64|0x000000070d800000, 0x000000070d800000, 0x000000070da00000|  0%| F|  |TAMS 0x000000070d800000| PB 0x000000070d800000| Untracked 
|  65|0x000000070da00000, 0x000000070da00000, 0x000000070dc00000|  0%| F|  |TAMS 0x000000070da00000| PB 0x000000070da00000| Untracked 
|  66|0x000000070dc00000, 0x000000070dc00000, 0x000000070de00000|  0%| F|  |TAMS 0x000000070dc00000| PB 0x000000070dc00000| Untracked 
|  67|0x000000070de00000, 0x000000070de00000, 0x000000070e000000|  0%| F|  |TAMS 0x000000070de00000| PB 0x000000070de00000| Untracked 
|  68|0x000000070e000000, 0x000000070e000000, 0x000000070e200000|  0%| F|  |TAMS 0x000000070e000000| PB 0x000000070e000000| Untracked 
|  69|0x000000070e200000, 0x000000070e200000, 0x000000070e400000|  0%| F|  |TAMS 0x000000070e200000| PB 0x000000070e200000| Untracked 
|  70|0x000000070e400000, 0x000000070e400000, 0x000000070e600000|  0%| F|  |TAMS 0x000000070e400000| PB 0x000000070e400000| Untracked 
|  71|0x000000070e600000, 0x000000070e600000, 0x000000070e800000|  0%| F|  |TAMS 0x000000070e600000| PB 0x000000070e600000| Untracked 
|  72|0x000000070e800000, 0x000000070e800000, 0x000000070ea00000|  0%| F|  |TAMS 0x000000070e800000| PB 0x000000070e800000| Untracked 
|  73|0x000000070ea00000, 0x000000070ea00000, 0x000000070ec00000|  0%| F|  |TAMS 0x000000070ea00000| PB 0x000000070ea00000| Untracked 
|  74|0x000000070ec00000, 0x000000070ec00000, 0x000000070ee00000|  0%| F|  |TAMS 0x000000070ec00000| PB 0x000000070ec00000| Untracked 
|  75|0x000000070ee00000, 0x000000070ee00000, 0x000000070f000000|  0%| F|  |TAMS 0x000000070ee00000| PB 0x000000070ee00000| Untracked 
|  76|0x000000070f000000, 0x000000070f000000, 0x000000070f200000|  0%| F|  |TAMS 0x000000070f000000| PB 0x000000070f000000| Untracked 
|  77|0x000000070f200000, 0x000000070f200000, 0x000000070f400000|  0%| F|  |TAMS 0x000000070f200000| PB 0x000000070f200000| Untracked 
|  78|0x000000070f400000, 0x000000070f400000, 0x000000070f600000|  0%| F|  |TAMS 0x000000070f400000| PB 0x000000070f400000| Untracked 
|  79|0x000000070f600000, 0x000000070f600000, 0x000000070f800000|  0%| F|  |TAMS 0x000000070f600000| PB 0x000000070f600000| Untracked 
|  80|0x000000070f800000, 0x000000070f800000, 0x000000070fa00000|  0%| F|  |TAMS 0x000000070f800000| PB 0x000000070f800000| Untracked 
|  81|0x000000070fa00000, 0x000000070fa00000, 0x000000070fc00000|  0%| F|  |TAMS 0x000000070fa00000| PB 0x000000070fa00000| Untracked 
|  82|0x000000070fc00000, 0x000000070fc00000, 0x000000070fe00000|  0%| F|  |TAMS 0x000000070fc00000| PB 0x000000070fc00000| Untracked 
|  83|0x000000070fe00000, 0x000000070fe00000, 0x0000000710000000|  0%| F|  |TAMS 0x000000070fe00000| PB 0x000000070fe00000| Untracked 
|  84|0x0000000710000000, 0x0000000710000000, 0x0000000710200000|  0%| F|  |TAMS 0x0000000710000000| PB 0x0000000710000000| Untracked 
|  85|0x0000000710200000, 0x0000000710200000, 0x0000000710400000|  0%| F|  |TAMS 0x0000000710200000| PB 0x0000000710200000| Untracked 
|  86|0x0000000710400000, 0x0000000710400000, 0x0000000710600000|  0%| F|  |TAMS 0x0000000710400000| PB 0x0000000710400000| Untracked 
|  87|0x0000000710600000, 0x0000000710600000, 0x0000000710800000|  0%| F|  |TAMS 0x0000000710600000| PB 0x0000000710600000| Untracked 
|  88|0x0000000710800000, 0x0000000710800000, 0x0000000710a00000|  0%| F|  |TAMS 0x0000000710800000| PB 0x0000000710800000| Untracked 
|  89|0x0000000710a00000, 0x0000000710a00000, 0x0000000710c00000|  0%| F|  |TAMS 0x0000000710a00000| PB 0x0000000710a00000| Untracked 
|  90|0x0000000710c00000, 0x0000000710d4c140, 0x0000000710e00000| 64%| S|CS|TAMS 0x0000000710c00000| PB 0x0000000710c00000| Complete 
|  91|0x0000000710e00000, 0x0000000710e00000, 0x0000000711000000|  0%| F|  |TAMS 0x0000000710e00000| PB 0x0000000710e00000| Untracked 
|  92|0x0000000711000000, 0x0000000711000000, 0x0000000711200000|  0%| F|  |TAMS 0x0000000711000000| PB 0x0000000711000000| Untracked 
|  93|0x0000000711200000, 0x0000000711200000, 0x0000000711400000|  0%| F|  |TAMS 0x0000000711200000| PB 0x0000000711200000| Untracked 
|  94|0x0000000711400000, 0x0000000711400000, 0x0000000711600000|  0%| F|  |TAMS 0x0000000711400000| PB 0x0000000711400000| Untracked 
|  95|0x0000000711600000, 0x0000000711600000, 0x0000000711800000|  0%| F|  |TAMS 0x0000000711600000| PB 0x0000000711600000| Untracked 
|  96|0x0000000711800000, 0x0000000711800000, 0x0000000711a00000|  0%| F|  |TAMS 0x0000000711800000| PB 0x0000000711800000| Untracked 
|  97|0x0000000711a00000, 0x0000000711a00000, 0x0000000711c00000|  0%| F|  |TAMS 0x0000000711a00000| PB 0x0000000711a00000| Untracked 
|  98|0x0000000711c00000, 0x0000000711c00000, 0x0000000711e00000|  0%| F|  |TAMS 0x0000000711c00000| PB 0x0000000711c00000| Untracked 
|  99|0x0000000711e00000, 0x0000000711e00000, 0x0000000712000000|  0%| F|  |TAMS 0x0000000711e00000| PB 0x0000000711e00000| Untracked 
| 100|0x0000000712000000, 0x0000000712000000, 0x0000000712200000|  0%| F|  |TAMS 0x0000000712000000| PB 0x0000000712000000| Untracked 
| 101|0x0000000712200000, 0x0000000712200000, 0x0000000712400000|  0%| F|  |TAMS 0x0000000712200000| PB 0x0000000712200000| Untracked 
| 102|0x0000000712400000, 0x0000000712400000, 0x0000000712600000|  0%| F|  |TAMS 0x0000000712400000| PB 0x0000000712400000| Untracked 
| 159|0x0000000719600000, 0x0000000719600000, 0x0000000719800000|  0%| F|  |TAMS 0x0000000719600000| PB 0x0000000719600000| Untracked 
| 160|0x0000000719800000, 0x0000000719800000, 0x0000000719a00000|  0%| F|  |TAMS 0x0000000719800000| PB 0x0000000719800000| Untracked 
|1998|0x00000007ff400000, 0x00000007ff4162c0, 0x00000007ff600000|  4%| O|  |TAMS 0x00000007ff400000| PB 0x00000007ff400000| Untracked 
|1999|0x00000007ff600000, 0x00000007ff800000, 0x00000007ff800000|100%| O|  |TAMS 0x00000007ff600000| PB 0x00000007ff600000| Untracked 
|2000|0x00000007ff800000, 0x00000007ff800000, 0x00000007ffa00000|  0%| F|  |TAMS 0x00000007ff800000| PB 0x00000007ff800000| Untracked 
|2001|0x00000007ffa00000, 0x00000007ffa00000, 0x00000007ffc00000|  0%| F|  |TAMS 0x00000007ffa00000| PB 0x00000007ffa00000| Untracked 
|2002|0x00000007ffc00000, 0x00000007ffc00000, 0x00000007ffe00000|  0%| F|  |TAMS 0x00000007ffc00000| PB 0x00000007ffc00000| Untracked 
|2003|0x00000007ffe00000, 0x00000007ffe00000, 0x0000000800000000|  0%| F|  |TAMS 0x00000007ffe00000| PB 0x00000007ffe00000| Untracked 

Card table byte_map: [0x0000010b409c0000,0x0000010b411a0000] _byte_map_base: 0x0000010b3d194000

Marking Bits: (CMBitMap*) 0x0000010b3481e4d0
 Bits: [0x0000010b411a0000, 0x0000010b45040000)

Polling page: 0x0000010b32730000

Metaspace:

Usage:
  Non-class:     43.84 MB used.
      Class:      7.28 MB used.
       Both:     51.12 MB used.

Virtual space:
  Non-class space:       64.00 MB reserved,      44.19 MB ( 69%) committed,  1 nodes.
      Class space:        1.00 GB reserved,       7.56 MB ( <1%) committed,  1 nodes.
             Both:        1.06 GB reserved,      51.75 MB (  5%) committed. 

Chunk freelists:
   Non-Class:  3.23 MB
       Class:  8.28 MB
        Both:  11.51 MB

MaxMetaspaceSize: unlimited
CompressedClassSpaceSize: 1.00 GB
Initial GC threshold: 21.00 MB
Current GC threshold: 86.06 MB
CDS: on
 - commit_granule_bytes: 65536.
 - commit_granule_words: 8192.
 - virtual_space_node_default_size: 8388608.
 - enlarge_chunks_in_place: 1.
 - use_allocation_guard: 0.


Internal statistics:

num_allocs_failed_limit: 6.
num_arena_births: 1272.
num_arena_deaths: 382.
num_vsnodes_births: 2.
num_vsnodes_deaths: 0.
num_space_committed: 828.
num_space_uncommitted: 0.
num_chunks_returned_to_freelist: 449.
num_chunks_taken_from_freelist: 3426.
num_chunk_merges: 106.
num_chunk_splits: 2222.
num_chunks_enlarged: 1645.
num_inconsistent_stats: 0.

CodeCache: size=49152Kb used=9341Kb max_used=12873Kb free=39810Kb
 bounds [0x0000010b3ceb0000, 0x0000010b3db50000, 0x0000010b3feb0000]
 total_blobs=5521, nmethods=4876, adapters=569, full_count=0
Compilation: enabled, stopped_count=0, restarted_count=0

Compilation events (20 events):
Event: 451.928 Thread 0x0000010b8d012570 7352       1       org.bson.BsonValue::isBoolean (5 bytes)
Event: 451.928 Thread 0x0000010b8d012570 nmethod 7352 0x0000010b3d55c590 code [0x0000010b3d55c720, 0x0000010b3d55c828]
Event: 451.928 Thread 0x0000010b8d012570 7353       1       org.bson.BsonDouble::intValue (6 bytes)
Event: 451.928 Thread 0x0000010b8d012570 nmethod 7353 0x0000010b3d566890 code [0x0000010b3d566a20, 0x0000010b3d566b08]
Event: 472.288 Thread 0x0000010b8d012570 7354       1       org.bson.BsonInt32::getBsonType (4 bytes)
Event: 472.289 Thread 0x0000010b8d012570 nmethod 7354 0x0000010b3d567310 code [0x0000010b3d5674a0, 0x0000010b3d567570]
Event: 481.934 Thread 0x0000010b8d012570 7355       1       com.mongodb.internal.Locks$$Lambda/0x0000010b494adfd8::get (10 bytes)
Event: 481.935 Thread 0x0000010b8d012570 nmethod 7355 0x0000010b3d338e90 code [0x0000010b3d339040, 0x0000010b3d339138]
Event: 482.296 Thread 0x0000010b8d012570 7356       1       org.bson.AbstractBsonReader::readBoolean (22 bytes)
Event: 482.297 Thread 0x0000010b8d012570 nmethod 7356 0x0000010b3d6c3d10 code [0x0000010b3d6c3ee0, 0x0000010b3d6c4148]
Event: 482.297 Thread 0x0000010b8d012570 7357       1       org.bson.BsonBinaryReader::doReadBoolean (54 bytes)
Event: 482.299 Thread 0x0000010b8d012570 nmethod 7357 0x0000010b3d556790 code [0x0000010b3d556a00, 0x0000010b3d557210]
Event: 482.687 Thread 0x0000010b8d012570 7358   !   1       java.time.Instant::from (92 bytes)
Event: 482.688 Thread 0x0000010b8d012570 nmethod 7358 0x0000010b3d2d8390 code [0x0000010b3d2d8640, 0x0000010b3d2d8e00]
Event: 482.688 Thread 0x0000010b8d012570 7359       1       java.time.ZoneRegion::getOffset (12 bytes)
Event: 482.688 Thread 0x0000010b8d012570 nmethod 7359 0x0000010b3d11df10 code [0x0000010b3d11e100, 0x0000010b3d11e370]
Event: 482.688 Thread 0x0000010b8d012570 7360       1       java.io.Writer::<init> (10 bytes)
Event: 482.688 Thread 0x0000010b8d012570 nmethod 7360 0x0000010b3d567c10 code [0x0000010b3d567da0, 0x0000010b3d567eb8]
Event: 482.688 Thread 0x0000010b8d012570 7361       1       com.mongodb.internal.TimeoutContext::getTimeoutSettings (5 bytes)
Event: 482.688 Thread 0x0000010b8d012570 nmethod 7361 0x0000010b3d571190 code [0x0000010b3d571320, 0x0000010b3d5713f0]

GC Heap History (20 events):
Event: 194.941 GC heap after
{Heap after GC invocations=19 (full 0):
 garbage-first heap   total 182272K, used 31607K [0x0000000705800000, 0x0000000800000000)
  region size 2048K, 1 young (2048K), 1 survivors (2048K)
 Metaspace       used 51930K, committed 52864K, reserved 1114112K
  class space    used 7360K, committed 7744K, reserved 1048576K
}
Event: 197.673 GC heap before
{Heap before GC invocations=19 (full 0):
 garbage-first heap   total 258048K, used 254839K [0x0000000705800000, 0x0000000800000000)
  region size 2048K, 11 young (22528K), 1 survivors (2048K)
 Metaspace       used 52055K, committed 52864K, reserved 1114112K
  class space    used 7391K, committed 7744K, reserved 1048576K
}
Event: 197.678 GC heap after
{Heap after GC invocations=20 (full 0):
 garbage-first heap   total 264192K, used 45539K [0x0000000705800000, 0x0000000800000000)
  region size 2048K, 2 young (4096K), 2 survivors (4096K)
 Metaspace       used 52055K, committed 52864K, reserved 1114112K
  class space    used 7391K, committed 7744K, reserved 1048576K
}
Event: 197.680 GC heap before
{Heap before GC invocations=20 (full 0):
 garbage-first heap   total 264192K, used 45539K [0x0000000705800000, 0x0000000800000000)
  region size 2048K, 3 young (6144K), 2 survivors (4096K)
 Metaspace       used 52055K, committed 52864K, reserved 1114112K
  class space    used 7391K, committed 7744K, reserved 1048576K
}
Event: 197.682 GC heap after
{Heap after GC invocations=21 (full 0):
 garbage-first heap   total 264192K, used 45478K [0x0000000705800000, 0x0000000800000000)
  region size 2048K, 2 young (4096K), 2 survivors (4096K)
 Metaspace       used 52055K, committed 52864K, reserved 1114112K
  class space    used 7391K, committed 7744K, reserved 1048576K
}
Event: 207.150 GC heap before
{Heap before GC invocations=22 (full 0):
 garbage-first heap   total 217088K, used 213414K [0x0000000705800000, 0x0000000800000000)
  region size 2048K, 10 young (20480K), 2 survivors (4096K)
 Metaspace       used 52277K, committed 52928K, reserved 1114112K
  class space    used 7436K, committed 7744K, reserved 1048576K
}
Event: 207.153 GC heap after
{Heap after GC invocations=23 (full 0):
 garbage-first heap   total 266240K, used 38949K [0x0000000705800000, 0x0000000800000000)
  region size 2048K, 2 young (4096K), 2 survivors (4096K)
 Metaspace       used 52277K, committed 52928K, reserved 1114112K
  class space    used 7436K, committed 7744K, reserved 1048576K
}
Event: 211.825 GC heap before
{Heap before GC invocations=23 (full 0):
 garbage-first heap   total 344064K, used 340005K [0x0000000705800000, 0x0000000800000000)
  region size 2048K, 10 young (20480K), 2 survivors (4096K)
 Metaspace       used 52277K, committed 52928K, reserved 1114112K
  class space    used 7436K, committed 7744K, reserved 1048576K
}
Event: 211.834 GC heap after
{Heap after GC invocations=24 (full 0):
 garbage-first heap   total 350208K, used 34163K [0x0000000705800000, 0x0000000800000000)
  region size 2048K, 2 young (4096K), 2 survivors (4096K)
 Metaspace       used 52277K, committed 52928K, reserved 1114112K
  class space    used 7436K, committed 7744K, reserved 1048576K
}
Event: 345.612 GC heap before
{Heap before GC invocations=24 (full 0):
 garbage-first heap   total 350208K, used 46451K [0x0000000705800000, 0x0000000800000000)
  region size 2048K, 9 young (18432K), 2 survivors (4096K)
 Metaspace       used 52277K, committed 52928K, reserved 1114112K
  class space    used 7436K, committed 7744K, reserved 1048576K
}
Event: 345.614 GC heap after
{Heap after GC invocations=25 (full 0):
 garbage-first heap   total 350208K, used 26046K [0x0000000705800000, 0x0000000800000000)
  region size 2048K, 2 young (4096K), 2 survivors (4096K)
 Metaspace       used 52277K, committed 52928K, reserved 1114112K
  class space    used 7436K, committed 7744K, reserved 1048576K
}
Event: 345.711 GC heap before
{Heap before GC invocations=26 (full 0):
 garbage-first heap   total 192512K, used 187838K [0x0000000705800000, 0x0000000800000000)
  region size 2048K, 6 young (12288K), 2 survivors (4096K)
 Metaspace       used 52279K, committed 52928K, reserved 1114112K
  class space    used 7437K, committed 7744K, reserved 1048576K
}
Event: 345.713 GC heap after
{Heap after GC invocations=27 (full 0):
 garbage-first heap   total 196608K, used 38787K [0x0000000705800000, 0x0000000800000000)
  region size 2048K, 2 young (4096K), 2 survivors (4096K)
 Metaspace       used 52279K, committed 52928K, reserved 1114112K
  class space    used 7437K, committed 7744K, reserved 1048576K
}
Event: 353.337 GC heap before
{Heap before GC invocations=27 (full 0):
 garbage-first heap   total 221184K, used 216963K [0x0000000705800000, 0x0000000800000000)
  region size 2048K, 11 young (22528K), 2 survivors (4096K)
 Metaspace       used 52314K, committed 52928K, reserved 1114112K
  class space    used 7445K, committed 7744K, reserved 1048576K
}
Event: 353.343 GC heap after
{Heap after GC invocations=28 (full 0):
 garbage-first heap   total 227328K, used 36869K [0x0000000705800000, 0x0000000800000000)
  region size 2048K, 2 young (4096K), 2 survivors (4096K)
 Metaspace       used 52314K, committed 52928K, reserved 1114112K
  class space    used 7445K, committed 7744K, reserved 1048576K
}
Event: 353.346 GC heap before
{Heap before GC invocations=28 (full 0):
 garbage-first heap   total 227328K, used 36869K [0x0000000705800000, 0x0000000800000000)
  region size 2048K, 4 young (8192K), 2 survivors (4096K)
 Metaspace       used 52314K, committed 52928K, reserved 1114112K
  class space    used 7445K, committed 7744K, reserved 1048576K
}
Event: 353.349 GC heap after
{Heap after GC invocations=29 (full 0):
 garbage-first heap   total 227328K, used 37829K [0x0000000705800000, 0x0000000800000000)
  region size 2048K, 2 young (4096K), 2 survivors (4096K)
 Metaspace       used 52314K, committed 52928K, reserved 1114112K
  class space    used 7445K, committed 7744K, reserved 1048576K
}
Event: 353.464 GC heap before
{Heap before GC invocations=30 (full 0):
 garbage-first heap   total 196608K, used 193477K [0x0000000705800000, 0x0000000800000000)
  region size 2048K, 6 young (12288K), 2 survivors (4096K)
 Metaspace       used 52343K, committed 52992K, reserved 1114112K
  class space    used 7453K, committed 7744K, reserved 1048576K
}
Event: 353.467 GC heap after
{Heap after GC invocations=31 (full 0):
 garbage-first heap   total 200704K, used 43801K [0x0000000705800000, 0x0000000800000000)
  region size 2048K, 2 young (4096K), 2 survivors (4096K)
 Metaspace       used 52343K, committed 52992K, reserved 1114112K
  class space    used 7453K, committed 7744K, reserved 1048576K
}
Event: 486.321 GC heap before
{Heap before GC invocations=31 (full 0):
 garbage-first heap   total 200704K, used 197401K [0x0000000705800000, 0x0000000800000000)
  region size 2048K, 11 young (22528K), 2 survivors (4096K)
 Metaspace       used 52344K, committed 52992K, reserved 1114112K
  class space    used 7453K, committed 7744K, reserved 1048576K
}

Dll operation events (11 events):
Event: 0.010 Loaded shared library C:\Users\araom\.jdks\ms-21.0.8\bin\java.dll
Event: 0.098 Loaded shared library C:\Users\araom\.jdks\ms-21.0.8\bin\zip.dll
Event: 0.101 Loaded shared library C:\Users\araom\.jdks\ms-21.0.8\bin\instrument.dll
Event: 0.104 Loaded shared library C:\Users\araom\.jdks\ms-21.0.8\bin\net.dll
Event: 0.107 Loaded shared library C:\Users\araom\.jdks\ms-21.0.8\bin\nio.dll
Event: 0.109 Loaded shared library C:\Users\araom\.jdks\ms-21.0.8\bin\zip.dll
Event: 0.181 Loaded shared library C:\Users\araom\.jdks\ms-21.0.8\bin\extnet.dll
Event: 0.198 Loaded shared library C:\Users\araom\.jdks\ms-21.0.8\bin\jimage.dll
Event: 0.388 Loaded shared library C:\Users\araom\.jdks\ms-21.0.8\bin\management.dll
Event: 0.391 Loaded shared library C:\Users\araom\.jdks\ms-21.0.8\bin\management_ext.dll
Event: 0.886 Loaded shared library C:\Users\araom\.jdks\ms-21.0.8\bin\sunmscapi.dll

Deoptimization events (0 events):
No events

Classes loaded (20 events):
Event: 183.751 Loading class java/io/PushbackInputStream
Event: 183.751 Loading class java/io/PushbackInputStream done
Event: 183.782 Loading class org/w3c/dom/Node
Event: 183.783 Loading class org/w3c/dom/Node done
Event: 183.783 Loading class org/w3c/dom/Document
Event: 183.784 Loading class org/w3c/dom/Document done
Event: 184.736 Loading class java/util/stream/LongStream
Event: 184.737 Loading class java/util/stream/LongStream done
Event: 184.738 Loading class java/util/stream/DoubleStream
Event: 184.739 Loading class java/util/stream/DoubleStream done
Event: 192.401 Loading class java/util/Base64
Event: 192.402 Loading class java/util/Base64 done
Event: 192.402 Loading class java/util/Base64$Encoder
Event: 192.402 Loading class java/util/Base64$Encoder done
Event: 192.453 Loading class java/lang/invoke/BoundMethodHandle$Species_LLLLLLLLLL
Event: 192.453 Loading class java/lang/invoke/BoundMethodHandle$Species_LLLLLLLLLL done
Event: 192.456 Loading class java/lang/invoke/BoundMethodHandle$Species_LLLLLLLLLLL
Event: 192.456 Loading class java/lang/invoke/BoundMethodHandle$Species_LLLLLLLLLLL done
Event: 192.602 Loading class sun/reflect/generics/reflectiveObjects/GenericArrayTypeImpl
Event: 192.602 Loading class sun/reflect/generics/reflectiveObjects/GenericArrayTypeImpl done

Classes unloaded (20 events):
Event: 194.575 Thread 0x0000010b476efc10 Unloading class 0x0000010b49690400 'java/lang/invoke/LambdaForm$MH+0x0000010b49690400'
Event: 194.575 Thread 0x0000010b476efc10 Unloading class 0x0000010b49690000 'java/lang/invoke/LambdaForm$MH+0x0000010b49690000'
Event: 194.575 Thread 0x0000010b476efc10 Unloading class 0x0000010b49681000 'java/lang/invoke/LambdaForm$DMH+0x0000010b49681000'
Event: 194.575 Thread 0x0000010b476efc10 Unloading class 0x0000010b4966c000 'java/lang/invoke/LambdaForm$MH+0x0000010b4966c000'
Event: 194.575 Thread 0x0000010b476efc10 Unloading class 0x0000010b49651400 'java/lang/invoke/LambdaForm$MH+0x0000010b49651400'
Event: 194.575 Thread 0x0000010b476efc10 Unloading class 0x0000010b49651000 'java/lang/invoke/LambdaForm$MH+0x0000010b49651000'
Event: 194.575 Thread 0x0000010b476efc10 Unloading class 0x0000010b49650c00 'java/lang/invoke/LambdaForm$MH+0x0000010b49650c00'
Event: 194.575 Thread 0x0000010b476efc10 Unloading class 0x0000010b49650400 'java/lang/invoke/LambdaForm$MH+0x0000010b49650400'
Event: 194.575 Thread 0x0000010b476efc10 Unloading class 0x0000010b49650000 'java/lang/invoke/LambdaForm$MH+0x0000010b49650000'
Event: 194.575 Thread 0x0000010b476efc10 Unloading class 0x0000010b49638400 'java/lang/invoke/LambdaForm$MH+0x0000010b49638400'
Event: 194.575 Thread 0x0000010b476efc10 Unloading class 0x0000010b4962a400 'java/lang/invoke/LambdaForm$MH+0x0000010b4962a400'
Event: 194.575 Thread 0x0000010b476efc10 Unloading class 0x0000010b49629c00 'java/lang/invoke/LambdaForm$MH+0x0000010b49629c00'
Event: 194.575 Thread 0x0000010b476efc10 Unloading class 0x0000010b49629800 'java/lang/invoke/LambdaForm$MH+0x0000010b49629800'
Event: 194.575 Thread 0x0000010b476efc10 Unloading class 0x0000010b49629400 'java/lang/invoke/LambdaForm$MH+0x0000010b49629400'
Event: 194.575 Thread 0x0000010b476efc10 Unloading class 0x0000010b49628800 'java/lang/invoke/LambdaForm$MH+0x0000010b49628800'
Event: 194.575 Thread 0x0000010b476efc10 Unloading class 0x0000010b49628400 'java/lang/invoke/LambdaForm$MH+0x0000010b49628400'
Event: 194.575 Thread 0x0000010b476efc10 Unloading class 0x0000010b49628000 'java/lang/invoke/LambdaForm$MH+0x0000010b49628000'
Event: 194.575 Thread 0x0000010b476efc10 Unloading class 0x0000010b49614c00 'java/lang/invoke/LambdaForm$MH+0x0000010b49614c00'
Event: 194.575 Thread 0x0000010b476efc10 Unloading class 0x0000010b49614400 'java/lang/invoke/LambdaForm$MH+0x0000010b49614400'
Event: 194.575 Thread 0x0000010b476efc10 Unloading class 0x0000010b49614000 'java/lang/invoke/LambdaForm$MH+0x0000010b49614000'

Classes redefined (0 events):
No events

Internal exceptions (20 events):
Event: 2.515 Thread 0x0000010b8d9db1d0 Exception <a 'java/lang/IncompatibleClassChangeError'{0x00000007153f2688}: Found class java.lang.Object, but interface was expected> (0x00000007153f2688) 
thrown [s\src\hotspot\share\interpreter\linkResolver.cpp, line 840]
Event: 2.547 Thread 0x0000010b8d9db1d0 Exception <a 'java/lang/NoSuchMethodError'{0x0000000709c7bf50}: 'java.lang.Object java.lang.invoke.DirectMethodHandle$Holder.invokeSpecial(java.lang.Object, java.lang.Object, int, int, int, int)'> (0x0000000709c7bf50) 
thrown [s\src\hotspot\share\interpreter\linkResolver.cpp, line 773]
Event: 2.565 Thread 0x0000010b8d9db1d0 Exception <a 'java/lang/NoSuchMethodError'{0x0000000709dfaed8}: 'int java.lang.invoke.DirectMethodHandle$Holder.invokeStaticInit(java.lang.Object, java.lang.Object, java.lang.Object, java.lang.Object)'> (0x0000000709dfaed8) 
thrown [s\src\hotspot\share\interpreter\linkResolver.cpp, line 773]
Event: 2.662 Thread 0x0000010b8d9db1d0 Exception <a 'java/lang/NoSuchMethodError'{0x000000070952ace8}: 'java.lang.Object java.lang.invoke.DirectMethodHandle$Holder.newInvokeSpecial(java.lang.Object, java.lang.Object, int, java.lang.Object, java.lang.Object)'> (0x000000070952ace8) 
thrown [s\src\hotspot\share\interpreter\linkResolver.cpp, line 773]
Event: 2.736 Thread 0x0000010b8f588850 Exception <a 'java/lang/NoSuchMethodError'{0x0000000708e599d8}: 'long java.lang.invoke.DirectMethodHandle$Holder.invokeStatic(java.lang.Object, long)'> (0x0000000708e599d8) 
thrown [s\src\hotspot\share\interpreter\linkResolver.cpp, line 773]
Event: 61.765 Thread 0x0000010b8e904820 Exception <a 'java/lang/NoSuchMethodError'{0x0000000708adc5c8}: 'java.lang.Object java.lang.invoke.DirectMethodHandle$Holder.newInvokeSpecial(java.lang.Object, java.lang.Object, long)'> (0x0000000708adc5c8) 
thrown [s\src\hotspot\share\interpreter\linkResolver.cpp, line 773]
Event: 61.765 Thread 0x0000010b8e904820 Exception <a 'java/lang/NoSuchMethodError'{0x0000000708adfb40}: 'java.lang.Object java.lang.invoke.Invokers$Holder.linkToTargetMethod(java.lang.Object, long, java.lang.Object)'> (0x0000000708adfb40) 
thrown [s\src\hotspot\share\interpreter\linkResolver.cpp, line 773]
Event: 117.669 Thread 0x0000010b8f58b640 Exception <a 'java/lang/NoSuchMethodError'{0x00000007086c0bf8}: 'java.lang.Object java.lang.invoke.DirectMethodHandle$Holder.invokeStatic(java.lang.Object, java.lang.Object, java.lang.Object, int, int)'> (0x00000007086c0bf8) 
thrown [s\src\hotspot\share\interpreter\linkResolver.cpp, line 773]
Event: 117.669 Thread 0x0000010b8f58b640 Exception <a 'java/lang/NoSuchMethodError'{0x00000007086c41f8}: 'java.lang.Object java.lang.invoke.DirectMethodHandle$Holder.invokeStaticInit(java.lang.Object, java.lang.Object, java.lang.Object, int, int)'> (0x00000007086c41f8) 
thrown [s\src\hotspot\share\interpreter\linkResolver.cpp, line 773]
Event: 117.748 Thread 0x0000010b8f58a920 Exception <a 'java/lang/NoSuchMethodError'{0x00000007087fc1c8}: 'java.lang.Object java.lang.invoke.DirectMethodHandle$Holder.invokeSpecial(java.lang.Object, java.lang.Object, java.lang.Object, java.lang.Object, java.lang.Object, long)'> (0x00000007087fc1c8) 
thrown [s\src\hotspot\share\interpreter\linkResolver.cpp, line 773]
Event: 117.748 Thread 0x0000010b8f58a920 Exception <a 'java/lang/NoSuchMethodError'{0x00000007087ff9a8}: 'java.lang.Object java.lang.invoke.Invokers$Holder.linkToTargetMethod(java.lang.Object, java.lang.Object, java.lang.Object, long, java.lang.Object)'> (0x00000007087ff9a8) 
thrown [s\src\hotspot\share\interpreter\linkResolver.cpp, line 773]
Event: 118.331 Thread 0x0000010b8f2765b0 Exception <a 'sun/nio/fs/WindowsException'{0x0000000709863098}> (0x0000000709863098) 
thrown [s\src\hotspot\share\prims\jni.cpp, line 520]
Event: 162.170 Thread 0x0000010b8f2772d0 Exception <a 'sun/net/ConnectionResetException'{0x0000000709510a50}: Connection reset> (0x0000000709510a50) 
thrown [s\src\hotspot\share\prims\jni.cpp, line 539]
Event: 184.310 Thread 0x0000010b8f2765b0 Exception <a 'java/lang/NoSuchMethodError'{0x0000000708de88f8}: 'void java.lang.invoke.Invokers$Holder.invoke_MT(java.lang.Object, java.lang.Object, java.lang.Object, java.lang.Object)'> (0x0000000708de88f8) 
thrown [s\src\hotspot\share\interpreter\linkResolver.cpp, line 773]
Event: 192.046 Thread 0x0000010b8f5881c0 Exception <a 'java/lang/NoSuchMethodError'{0x000000070838cd38}: 'int java.lang.invoke.DirectMethodHandle$Holder.invokeStatic(java.lang.Object, int, java.lang.Object)'> (0x000000070838cd38) 
thrown [s\src\hotspot\share\interpreter\linkResolver.cpp, line 773]
Event: 192.455 Thread 0x0000010b8f5881c0 Exception <a 'java/lang/NoSuchMethodError'{0x0000000709b385e0}: 'java.lang.Object java.lang.invoke.DirectMethodHandle$Holder.invokeStatic(java.lang.Object, java.lang.Object, java.lang.Object, java.lang.Object, java.lang.Object, java.lang.Object, java.lang.Object, java.lang.Object, java.lang.Object, java.lang.Object, java.lang.Object, java.lang.Object, java.lang.Object)'> (0x0000000709b385e0) 
thrown [s\src\hotspot\share\interpreter\linkResolver.cpp, line 773]
Event: 192.457 Thread 0x0000010b8f5881c0 Exception <a 'java/lang/NoSuchMethodError'{0x0000000709b58a88}: 'java.lang.Object java.lang.invoke.DirectMethodHandle$Holder.invokeStatic(java.lang.Object, java.lang.Object, java.lang.Object, java.lang.Object, java.lang.Object, java.lang.Object, java.lang.Object, java.lang.Object, java.lang.Object, java.lang.Object, java.lang.Object, java.lang.Object, java.lang.Object, java.lang.Object)'> (0x0000000709b58a88) 
thrown [s\src\hotspot\share\interpreter\linkResolver.cpp, line 773]
Event: 192.458 Thread 0x0000010b8f5881c0 Exception <a 'java/lang/NoSuchMethodError'{0x0000000709b6cef8}: 'java.lang.Object java.lang.invoke.Invokers$Holder.linkToTargetMethod(java.lang.Object, java.lang.Object, java.lang.Object, java.lang.Object, java.lang.Object, java.lang.Object, java.lang.Object, java.lang.Object, java.lang.Object, java.lang.Object, java.lang.Object, java.lang.Object, java.lang.Object, java.lang.Object, java.lang.Object, java.lang.Object)'> (0x0000000709b6cef8) 
thrown [s\src\hotspot\share\interpreter\linkResolver.cpp, line 77
Event: 195.041 Thread 0x0000010b8f275890 Exception <a 'java/lang/NoSuchMethodError'{0x00000007128a51e8}: 'java.lang.Object java.lang.invoke.DirectMethodHandle$Holder.invokeSpecial(java.lang.Object, java.lang.Object, java.lang.Object, java.lang.Object, java.lang.Object, java.lang.Object, java.lang.Object, java.lang.Object, java.lang.Object, java.lang.Object, java.lang.Object, java.lang.Object, java.lang.Object, java.lang.Object, java.lang.Object)'> (0x00000007128a51e8) 
thrown [s\src\hotspot\share\interpreter\linkResolver.cpp, line 773]
Event: 195.042 Thread 0x0000010b8f275890 Exception <a 'java/lang/NoSuchMethodError'{0x00000007128aa498}: 'java.lang.Object java.lang.invoke.Invokers$Holder.linkToTargetMethod(java.lang.Object, java.lang.Object, java.lang.Object, java.lang.Object, java.lang.Object, java.lang.Object, java.lang.Object, java.lang.Object, java.lang.Object, java.lang.Object, java.lang.Object, java.lang.Object, java.lang.Object, java.lang.Object)'> (0x00000007128aa498) 
thrown [s\src\hotspot\share\interpreter\linkResolver.cpp, line 773]

ZGC Phase Switch (0 events):
No events

VM Operations (20 events):
Event: 356.504 Executing VM operation: Cleanup done
Event: 358.516 Executing VM operation: Cleanup
Event: 358.516 Executing VM operation: Cleanup done
Event: 360.542 Executing VM operation: Cleanup
Event: 360.542 Executing VM operation: Cleanup done
Event: 360.605 Executing VM operation: HandshakeAllThreads (HandshakeForDeflation)
Event: 360.605 Executing VM operation: HandshakeAllThreads (HandshakeForDeflation) done
Event: 360.605 Executing VM operation: RendezvousGCThreads
Event: 360.605 Executing VM operation: RendezvousGCThreads done
Event: 362.635 Executing VM operation: Cleanup
Event: 362.635 Executing VM operation: Cleanup done
Event: 363.637 Executing VM operation: Cleanup
Event: 363.637 Executing VM operation: Cleanup done
Event: 391.878 Executing VM operation: Cleanup
Event: 391.878 Executing VM operation: Cleanup done
Event: 423.114 Executing VM operation: Cleanup
Event: 423.114 Executing VM operation: Cleanup done
Event: 483.642 Executing VM operation: Cleanup
Event: 483.642 Executing VM operation: Cleanup done
Event: 486.321 Executing VM operation: G1CollectForAllocation (G1 Evacuation Pause)

Memory protections (0 events):
No events

Nmethod flushes (20 events):
Event: 345.636 Thread 0x0000010b476efc10 flushing  nmethod 0x0000010b3d7fd390
Event: 345.636 Thread 0x0000010b476efc10 flushing  nmethod 0x0000010b3d7fd790
Event: 345.636 Thread 0x0000010b476efc10 flushing  nmethod 0x0000010b3d7fda90
Event: 345.636 Thread 0x0000010b476efc10 flushing  nmethod 0x0000010b3d7fe110
Event: 345.636 Thread 0x0000010b476efc10 flushing  nmethod 0x0000010b3d7fef10
Event: 345.636 Thread 0x0000010b476efc10 flushing  nmethod 0x0000010b3d7ff210
Event: 345.636 Thread 0x0000010b476efc10 flushing  nmethod 0x0000010b3d800410
Event: 345.636 Thread 0x0000010b476efc10 flushing  nmethod 0x0000010b3d833990
Event: 345.636 Thread 0x0000010b476efc10 flushing  nmethod 0x0000010b3d834010
Event: 345.636 Thread 0x0000010b476efc10 flushing  nmethod 0x0000010b3d837490
Event: 345.636 Thread 0x0000010b476efc10 flushing  nmethod 0x0000010b3d838310
Event: 345.636 Thread 0x0000010b476efc10 flushing  nmethod 0x0000010b3d83b890
Event: 345.636 Thread 0x0000010b476efc10 flushing  nmethod 0x0000010b3d83be10
Event: 345.636 Thread 0x0000010b476efc10 flushing  nmethod 0x0000010b3d83c390
Event: 345.636 Thread 0x0000010b476efc10 flushing  nmethod 0x0000010b3d988c10
Event: 345.636 Thread 0x0000010b476efc10 flushing  nmethod 0x0000010b3d988f10
Event: 345.636 Thread 0x0000010b476efc10 flushing  nmethod 0x0000010b3d989410
Event: 345.636 Thread 0x0000010b476efc10 flushing  nmethod 0x0000010b3d989790
Event: 345.636 Thread 0x0000010b476efc10 flushing  nmethod 0x0000010b3d989b90
Event: 345.636 Thread 0x0000010b476efc10 flushing  nmethod 0x0000010b3d989f90

Events (20 events):
Event: 188.686 Thread 0x0000010b8e4a8950 Thread exited: 0x0000010b8e4a8950
Event: 188.686 Thread 0x0000010b8d8241a0 Thread exited: 0x0000010b8d8241a0
Event: 191.991 Thread 0x0000010b8d012570 Thread added: 0x0000010b8e4a8950
Event: 191.992 Thread 0x0000010b8e4a8950 Thread added: 0x0000010b8d8241a0
Event: 194.447 Thread 0x0000010b8d8241a0 Thread exited: 0x0000010b8d8241a0
Event: 197.491 Thread 0x0000010b8e4a8950 Thread exited: 0x0000010b8e4a8950
Event: 197.647 Thread 0x0000010b8d012570 Thread added: 0x0000010b8e01d280
Event: 197.648 Thread 0x0000010b8d012570 Thread added: 0x0000010b8d0a8330
Event: 199.687 Thread 0x0000010b8d0a8330 Thread exited: 0x0000010b8d0a8330
Event: 200.815 Thread 0x0000010b8e01d280 Thread exited: 0x0000010b8e01d280
Event: 207.104 Thread 0x0000010b8d012570 Thread added: 0x0000010b8e01d280
Event: 207.167 Thread 0x0000010b8d012570 Thread added: 0x0000010b8e4302c0
Event: 207.167 Thread 0x0000010b8d012570 Thread added: 0x0000010b8d0a8330
Event: 209.924 Thread 0x0000010b8d0a8330 Thread exited: 0x0000010b8d0a8330
Event: 209.930 Thread 0x0000010b8e4302c0 Thread exited: 0x0000010b8e4302c0
Event: 209.930 Thread 0x0000010b8e01d280 Thread exited: 0x0000010b8e01d280
Event: 221.870 Thread 0x0000010b8d012570 Thread added: 0x0000010b8e01d280
Event: 227.336 Thread 0x0000010b8e01d280 Thread exited: 0x0000010b8e01d280
Event: 353.307 Thread 0x0000010b8d012570 Thread added: 0x0000010b8f3a0260
Event: 358.180 Thread 0x0000010b8f3a0260 Thread exited: 0x0000010b8f3a0260


Dynamic libraries:
0x00007ff63e160000 - 0x00007ff63e16e000 	C:\Users\araom\.jdks\ms-21.0.8\bin\java.exe
0x00007ffd39c80000 - 0x00007ffd39ee9000 	C:\WINDOWS\SYSTEM32\ntdll.dll
0x00007ffd37c30000 - 0x00007ffd37cf9000 	C:\WINDOWS\System32\KERNEL32.DLL
0x00007ffd37260000 - 0x00007ffd37653000 	C:\WINDOWS\System32\KERNELBASE.dll
0x00007ffd37110000 - 0x00007ffd3725b000 	C:\WINDOWS\System32\ucrtbase.dll
0x00007ffd1aff0000 - 0x00007ffd1b00e000 	C:\Users\araom\.jdks\ms-21.0.8\bin\VCRUNTIME140.dll
0x00007ffd33cd0000 - 0x00007ffd33ce8000 	C:\Users\araom\.jdks\ms-21.0.8\bin\jli.dll
0x00007ffd392f0000 - 0x00007ffd394b4000 	C:\WINDOWS\System32\USER32.dll
0x00007ffd36e10000 - 0x00007ffd36e37000 	C:\WINDOWS\System32\win32u.dll
0x00007ffd38e00000 - 0x00007ffd38e2b000 	C:\WINDOWS\System32\GDI32.dll
0x00007ffd37860000 - 0x00007ffd3798d000 	C:\WINDOWS\System32\gdi32full.dll
0x00007ffd36e40000 - 0x00007ffd36ee3000 	C:\WINDOWS\System32\msvcp_win.dll
0x00007ffd10290000 - 0x00007ffd10523000 	C:\WINDOWS\WinSxS\amd64_microsoft.windows.common-controls_6595b64144ccf1df_6.0.26100.5074_none_3e0d6f78e32fd63f\COMCTL32.dll
0x00007ffd37de0000 - 0x00007ffd37e89000 	C:\WINDOWS\System32\msvcrt.dll
0x00007ffd39730000 - 0x00007ffd3975f000 	C:\WINDOWS\System32\IMM32.DLL
0x00007ffd1afe0000 - 0x00007ffd1afec000 	C:\Users\araom\.jdks\ms-21.0.8\bin\vcruntime140_1.dll
0x00007ffd1af50000 - 0x00007ffd1afd9000 	C:\Users\araom\.jdks\ms-21.0.8\bin\msvcp140.dll
0x00007ffc91410000 - 0x00007ffc921bc000 	C:\Users\araom\.jdks\ms-21.0.8\bin\server\jvm.dll
0x00007ffd39500000 - 0x00007ffd395b4000 	C:\WINDOWS\System32\ADVAPI32.dll
0x00007ffd38d40000 - 0x00007ffd38de6000 	C:\WINDOWS\System32\sechost.dll
0x00007ffd39780000 - 0x00007ffd39898000 	C:\WINDOWS\System32\RPCRT4.dll
0x00007ffd39110000 - 0x00007ffd39184000 	C:\WINDOWS\System32\WS2_32.dll
0x00007ffd36c60000 - 0x00007ffd36cbe000 	C:\WINDOWS\SYSTEM32\POWRPROF.dll
0x00007ffd26110000 - 0x00007ffd2611b000 	C:\WINDOWS\SYSTEM32\VERSION.dll
0x00007ffd2ed40000 - 0x00007ffd2ed75000 	C:\WINDOWS\SYSTEM32\WINMM.dll
0x00007ffd36c30000 - 0x00007ffd36c44000 	C:\WINDOWS\SYSTEM32\UMPDC.dll
0x00007ffd35bb0000 - 0x00007ffd35bcb000 	C:\WINDOWS\SYSTEM32\kernel.appcore.dll
0x00007ffd1af40000 - 0x00007ffd1af4a000 	C:\Users\araom\.jdks\ms-21.0.8\bin\jimage.dll
0x00007ffd1d3e0000 - 0x00007ffd1d622000 	C:\WINDOWS\SYSTEM32\DBGHELP.DLL
0x00007ffd398c0000 - 0x00007ffd39c3b000 	C:\WINDOWS\System32\combase.dll
0x00007ffd37d00000 - 0x00007ffd37dd7000 	C:\WINDOWS\System32\OLEAUT32.dll
0x00007ffd0d990000 - 0x00007ffd0d9cd000 	C:\WINDOWS\SYSTEM32\dbgcore.DLL
0x00007ffd36ef0000 - 0x00007ffd36f89000 	C:\WINDOWS\System32\bcryptPrimitives.dll
0x00007ffd1aeb0000 - 0x00007ffd1aec0000 	C:\Users\araom\.jdks\ms-21.0.8\bin\instrument.dll
0x00007ffd1aec0000 - 0x00007ffd1aee1000 	C:\Users\araom\.jdks\ms-21.0.8\bin\java.dll
0x00007ffd37e90000 - 0x00007ffd385dd000 	C:\WINDOWS\System32\SHELL32.dll
0x00007ffd376f0000 - 0x00007ffd3785c000 	C:\WINDOWS\System32\wintypes.dll
0x00007ffd34a30000 - 0x00007ffd35289000 	C:\WINDOWS\SYSTEM32\windows.storage.dll
0x00007ffd37aa0000 - 0x00007ffd37b90000 	C:\WINDOWS\System32\SHCORE.dll
0x00007ffd387c0000 - 0x00007ffd38822000 	C:\WINDOWS\System32\shlwapi.dll
0x00007ffd36d30000 - 0x00007ffd36d59000 	C:\WINDOWS\SYSTEM32\profapi.dll
0x00007ffd00880000 - 0x00007ffd00898000 	C:\Users\araom\.jdks\ms-21.0.8\bin\zip.dll
0x00007ffd17ed0000 - 0x00007ffd17ee1000 	C:\Users\araom\.jdks\ms-21.0.8\bin\net.dll
0x00007ffd30400000 - 0x00007ffd3051f000 	C:\WINDOWS\SYSTEM32\WINHTTP.dll
0x00007ffd36110000 - 0x00007ffd3617b000 	C:\WINDOWS\system32\mswsock.dll
0x00007ffd127a0000 - 0x00007ffd127b6000 	C:\Users\araom\.jdks\ms-21.0.8\bin\nio.dll
0x00007ffd17ec0000 - 0x00007ffd17ec9000 	C:\Users\araom\.jdks\ms-21.0.8\bin\extnet.dll
0x00007ffd12730000 - 0x00007ffd1273a000 	C:\Users\araom\.jdks\ms-21.0.8\bin\management.dll
0x00007ffd00870000 - 0x00007ffd0087c000 	C:\Users\araom\.jdks\ms-21.0.8\bin\management_ext.dll
0x00007ffd395c0000 - 0x00007ffd395c8000 	C:\WINDOWS\System32\PSAPI.DLL
0x00007ffd12ae0000 - 0x00007ffd12aee000 	C:\Users\araom\.jdks\ms-21.0.8\bin\sunmscapi.dll
0x00007ffd36f90000 - 0x00007ffd37107000 	C:\WINDOWS\System32\CRYPT32.dll
0x00007ffd36620000 - 0x00007ffd36650000 	C:\WINDOWS\SYSTEM32\ncrypt.dll
0x00007ffd365d0000 - 0x00007ffd3660f000 	C:\WINDOWS\SYSTEM32\NTASN1.dll
0x00007ffd364e0000 - 0x00007ffd364fb000 	C:\WINDOWS\SYSTEM32\CRYPTSP.dll
0x00007ffd35b10000 - 0x00007ffd35b4b000 	C:\WINDOWS\system32\rsaenh.dll
0x00007ffd361b0000 - 0x00007ffd361db000 	C:\WINDOWS\SYSTEM32\USERENV.dll
0x00007ffd36d00000 - 0x00007ffd36d26000 	C:\WINDOWS\SYSTEM32\bcrypt.dll
0x00007ffd36340000 - 0x00007ffd3634c000 	C:\WINDOWS\SYSTEM32\CRYPTBASE.dll
0x00007ffd35600000 - 0x00007ffd35634000 	C:\WINDOWS\SYSTEM32\IPHLPAPI.DLL
0x00007ffd39770000 - 0x00007ffd3977a000 	C:\WINDOWS\System32\NSI.dll
0x00007ffd356a0000 - 0x00007ffd357c6000 	C:\WINDOWS\SYSTEM32\DNSAPI.dll
0x00007ffd2ec70000 - 0x00007ffd2ec7b000 	C:\Windows\System32\rasadhlp.dll
0x00007ffd31790000 - 0x00007ffd31816000 	C:\WINDOWS\System32\fwpuclnt.dll
0x00007ffd12c60000 - 0x00007ffd12c68000 	C:\WINDOWS\system32\wshunix.dll

JVMTI agents:
C:\Users\araom\AppData\Local\Programs\IntelliJ IDEA Community Edition\lib\idea_rt.jar path:C:\Users\araom\.jdks\ms-21.0.8\bin\instrument.dll, loaded, initialized, instrumentlib options:54274

dbghelp: loaded successfully - version: 4.0.5 - missing functions: none
symbol engine: initialized successfully - sym options: 0x614 - pdb path: .;C:\Users\araom\.jdks\ms-21.0.8\bin;C:\WINDOWS\SYSTEM32;C:\WINDOWS\WinSxS\amd64_microsoft.windows.common-controls_6595b64144ccf1df_6.0.26100.5074_none_3e0d6f78e32fd63f;C:\Users\araom\.jdks\ms-21.0.8\bin\server

VM Arguments:
jvm_args: -XX:TieredStopAtLevel=1 -Dspring.output.ansi.enabled=always -javaagent:C:\Users\araom\AppData\Local\Programs\IntelliJ IDEA Community Edition\lib\idea_rt.jar=54274 -Dfile.encoding=UTF-8 -Dsun.stdout.encoding=UTF-8 -Dsun.stderr.encoding=UTF-8 
java_command: com.jobportal.Job.Poratl.JobPoratlApplication
java_class_path (initial): C:\Users\araom\OneDrive\Desktop\Job Poratl backend\Job-Poratl\target\classes;C:\Users\araom\.m2\repository\org\springframework\boot\spring-boot-starter-web\4.0.1\spring-boot-starter-web-4.0.1.jar;C:\Users\araom\.m2\repository\org\springframework\boot\spring-boot-starter-jackson\4.0.1\spring-boot-starter-jackson-4.0.1.jar;C:\Users\araom\.m2\repository\org\springframework\boot\spring-boot-jackson\4.0.1\spring-boot-jackson-4.0.1.jar;C:\Users\araom\.m2\repository\tools\jackson\core\jackson-databind\3.0.3\jackson-databind-3.0.3.jar;C:\Users\araom\.m2\repository\tools\jackson\core\jackson-core\3.0.3\jackson-core-3.0.3.jar;C:\Users\araom\.m2\repository\org\springframework\boot\spring-boot-starter-tomcat\4.0.1\spring-boot-starter-tomcat-4.0.1.jar;C:\Users\araom\.m2\repository\org\springframework\boot\spring-boot-starter-tomcat-runtime\4.0.1\spring-boot-starter-tomcat-runtime-4.0.1.jar;C:\Users\araom\.m2\repository\org\springframework\boot\spring-boot-web-server\4.0.1\spring-boot-web-server-4.0.1.jar;C:\Users\araom\.m2\repository\org\apache\tomcat\embed\tomcat-embed-core\11.0.15\tomcat-embed-core-11.0.15.jar;C:\Users\araom\.m2\repository\org\apache\tomcat\embed\tomcat-embed-websocket\11.0.15\tomcat-embed-websocket-11.0.15.jar;C:\Users\araom\.m2\repository\org\springframework\boot\spring-boot-tomcat\4.0.1\spring-boot-tomcat-4.0.1.jar;C:\Users\araom\.m2\repository\org\springframework\boot\spring-boot-http-converter\4.0.1\spring-boot-http-converter-4.0.1.jar;C:\Users\araom\.m2\repository\org\springframework\spring-web\7.0.2\spring-web-7.0.2.jar;C:\Users\araom\.m2\repository\io\micrometer\micrometer-observation\1.16.1\micrometer-observation-1.16.1.jar;C:\Users\araom\.m2\repository\io\micrometer\micrometer-commons\1.16.1\micrometer-commons-1.16.1.jar;C:\Users\araom\.m2\repository\org\springframework\boot\spring-boot-webmvc\4.0.1\spring-boot-webmvc-4.0.1.jar;C:\Users\araom\.m2\repository\org\springframework\boot\spring-boot-servlet\4.0.1\spring-boot-servlet-4.0.1.jar;C:\Users\araom\.m2\repository\org\springframework\spring-webmvc\7.0.2\spring-webmvc-7.0.2.jar;C:\Users\araom\.m2\repository\org\springframework\spring-expression\7.0.2\spring-expression-7.0.2.jar;C:\Users\araom\.m2\repository\org\springframework\boot\spring-boot-starter-data-mongodb\4.0.1\spring-boot-starter-data-mongodb-4.0.1.jar;C:\Users\araom\.m2\repository\org\springframework\boot\spring-boot-starter-mongodb\4.0.1\spring-boot-starter-mongodb-4.0.1.jar;C:\Users\araom\.m2\repository\org\springframework\boot\spring-boot-mongodb\4.0.1\spring-boot-mongodb-4.0.1.jar;C:\Users\araom\.m2\repository\org\mongodb\mongodb-driver-sync\5.6.2\mongodb-driver-sync-5.6.2.jar;C:\Users\araom\.m2\repository\org\mongodb\bson\5.6.2\bson-5.6.2.jar;C:\Users\araom\.m2\repository\org\mongodb\mongodb-driver-core\5.6.2\mongodb-driver-core-5.6.2.jar;C:\Users\araom\.m2\repository\org\mongodb\bson-record-codec\5.6.2\bson-record-codec-5.6.2.jar;C:\Users\araom\.m2\repository\org\springframework\boot\spring-boot-data-mongodb\4.0.1\spring-boot-data-mongodb-4.0.1.jar;C:\Users\araom\.m2\repository\org\springframework\boot\spring-boot-data-commons\4.0.1\spring-boot-data-commons-4.0.1.jar;C:\Users\araom\.m2\repository\org\springframework\boot\spring-boot-persistence\4.0.1\spring-boot-persistence-4.0.1.jar;C:\Users\araom\.m2\repository\org\springframework\data\spring-data-commons\4.0.1\spring-data-commons-4.0.1.jar;C:\Users\araom\.m2\repository\org\springframework\boot\spring-boot-transaction\4.0.1\spring-boot-transaction-4.0.1.jar;C:\Users\araom\.m2\repository\org\springframework\spring-tx\7.0.2\spring-tx-7.0.2.jar;C:\Users\araom\.m2\repository\org\springframework\data\spring-data-mongodb\5.0.1\spring-data-mongodb-5.0.1.jar;C:\Users\araom\.m2\repository\org\projectlombok\lombok\1.18.42\lombok-1.18.42.jar;C:\Users\araom\.m2\repository\org\springframework\boot\spring-boot-devtools\4.0.1\spring-boot-devtools-4.0.1.jar;C:\Users\araom\.m2\repository\org\springframework\boot\spring-boot\4.0.1\spring-boot-4.0.1.jar;C:\Users\araom\.m2\repository\org\springframework\spring-context\7.0.2\spring-context-7.0.2.jar;C:\Users\araom\.m2\repository\org\springframework\boot\spring-boot-autoconfigure\4.0.1\spring-boot-autoconfigure-4.0.1.jar;C:\Users\araom\.m2\repository\org\springframework\boot\spring-boot-starter-validation\4.0.1\spring-boot-starter-validation-4.0.1.jar;C:\Users\araom\.m2\repository\org\springframework\boot\spring-boot-starter\4.0.1\spring-boot-starter-4.0.1.jar;C:\Users\araom\.m2\repository\org\springframework\boot\spring-boot-starter-logging\4.0.1\spring-boot-starter-logging-4.0.1.jar;C:\Users\araom\.m2\repository\ch\qos\logback\logback-classic\1.5.22\logback-classic-1.5.22.jar;C:\Users\araom\.m2\repository\ch\qos\logback\logback-core\1.5.22\logback-core-1.5.22.jar;C:\Users\araom\.m2\repository\org\apache\logging\log4j\log4j-to-slf4j\2.25.3\log4j-to-slf4j-2.25.3.jar;C:\Users\araom\.m2\repository\org\apache\logging\log4j\log4j-api\2.25.3\log4j-api-2.25.3.jar;C:\Users\araom\.m2\repository\org\slf4j\jul-to-slf4j\2.0.17\jul-to-slf4j-2.0.17.jar;C:\Users\araom\.m2\repository\jakarta\annotation\jakarta.annotation-api\3.0.0\jakarta.annotation-api-3.0.0.jar;C:\Users\araom\.m2\repository\org\yaml\snakeyaml\2.5\snakeyaml-2.5.jar;C:\Users\araom\.m2\repository\org\springframework\boot\spring-boot-validation\4.0.1\spring-boot-validation-4.0.1.jar;C:\Users\araom\.m2\repository\org\apache\tomcat\embed\tomcat-embed-el\11.0.15\tomcat-embed-el-11.0.15.jar;C:\Users\araom\.m2\repository\org\hibernate\validator\hibernate-validator\9.0.1.Final\hibernate-validator-9.0.1.Final.jar;C:\Users\araom\.m2\repository\jakarta\validation\jakarta.validation-api\3.1.1\jakarta.validation-api-3.1.1.jar;C:\Users\araom\.m2\repository\org\jboss\logging\jboss-logging\3.6.1.Final\jboss-logging-3.6.1.Final.jar;C:\Users\araom\.m2\repository\com\fasterxml\classmate\1.7.1\classmate-1.7.1.jar;C:\Users\araom\.m2\repository\org\slf4j\slf4j-api\2.0.17\slf4j-api-2.0.17.jar;C:\Users\araom\.m2\repository\jakarta\activation\jakarta.activation-api\2.1.4\jakarta.activation-api-2.1.4.jar;C:\Users\araom\.m2\repository\org\springframework\spring-core\7.0.2\spring-core-7.0.2.jar;C:\Users\araom\.m2\repository\commons-logging\commons-logging\1.3.5\commons-logging-1.3.5.jar;C:\Users\araom\.m2\repository\org\jspecify\jspecify\1.0.0\jspecify-1.0.0.jar;C:\Users\araom\.m2\repository\org\springframework\boot\spring-boot-starter-security\4.0.1\spring-boot-starter-security-4.0.1.jar;C:\Users\araom\.m2\repository\org\springframework\boot\spring-boot-security\4.0.1\spring-boot-security-4.0.1.jar;C:\Users\araom\.m2\repository\org\springframework\security\spring-security-config\7.0.2\spring-security-config-7.0.2.jar;C:\Users\araom\.m2\repository\org\springframework\security\spring-security-core\7.0.2\spring-security-core-7.0.2.jar;C:\Users\araom\.m2\repository\org\springframework\security\spring-security-crypto\7.0.2\spring-security-crypto-7.0.2.jar;C:\Users\araom\.m2\repository\org\springframework\security\spring-security-web\7.0.2\spring-security-web-7.0.2.jar;C:\Users\araom\.m2\repository\org\springframework\spring-aop\7.0.2\spring-aop-7.0.2.jar;C:\Users\araom\.m2\repository\org\springframework\spring-beans\7.0.2\spring-beans-7.0.2.jar;C:\Users\araom\.m2\repository\org\springframework\boot\spring-boot-starter-mail\4.0.1\spring-boot-starter-mail-4.0.1.jar;C:\Users\araom\.m2\repository\org\springframework\boot\spring-boot-mail\4.0.1\spring-boot-mail-4.0.1.jar;C:\Users\araom\.m2\repository\org\springframework\spring-context-support\7.0.2\spring-context-support-7.0.2.jar;C:\Users\araom\.m2\repository\jakarta\mail\jakarta.mail-api\2.1.5\jakarta.mail-api-2.1.5.jar;C:\Users\araom\.m2\repository\org\eclipse\angus\angus-mail\2.0.5\angus-mail-2.0.5.jar;C:\Users\araom\.m2\repository\org\eclipse\angus\angus-activation\2.0.3\angus-activation-2.0.3.jar;C:\Users\araom\.m2\repository\com\fasterxml\jackson\core\jackson-databind\2.20.1\jackson-databind-2.20.1.jar;C:\Users\araom\.m2\repository\com\fasterxml\jackson\core\jackson-annotations\2.20\jackson-annotations-2.20.jar;C:\Users\araom\.m2\repository\com\fasterxml\jackson\core\jackson-core\2.20.1\jackson-core-2.20.1.jar;C:\Users\araom\.m2\repository\io\jsonwebtoken\jjwt-api\0.11.5\jjwt-api-0.11.5.jar;C:\Users\araom\.m2\repository\io\jsonwebtoken\jjwt-impl\0.11.5\jjwt-impl-0.11.5.jar;C:\Users\araom\.m2\repository\io\jsonwebtoken\jjwt-jackson\0.11.5\jjwt-jackson-0.11.5.jar
Launcher Type: SUN_STANDARD

[Global flags]
     intx CICompilerCount                          = 4                                         {product} {ergonomic}
     uint ConcGCThreads                            = 3                                         {product} {ergonomic}
     uint G1ConcRefinementThreads                  = 10                                        {product} {ergonomic}
   size_t G1HeapRegionSize                         = 2097152                                   {product} {ergonomic}
    uintx GCDrainStackTargetSize                   = 64                                        {product} {ergonomic}
   size_t InitialHeapSize                          = 264241152                                 {product} {ergonomic}
   size_t MarkStackSize                            = 4194304                                   {product} {ergonomic}
   size_t MaxHeapSize                              = 4202692608                                {product} {ergonomic}
   size_t MaxNewSize                               = 2520776704                                {product} {ergonomic}
   size_t MinHeapDeltaBytes                        = 2097152                                   {product} {ergonomic}
   size_t MinHeapSize                              = 8388608                                   {product} {ergonomic}
    uintx NonNMethodCodeHeapSize                   = 4096                                   {pd product} {ergonomic}
    uintx NonProfiledCodeHeapSize                  = 0                                      {pd product} {ergonomic}
     bool ProfileInterpreter                       = false                                  {pd product} {command line}
    uintx ProfiledCodeHeapSize                     = 0                                      {pd product} {ergonomic}
   size_t SoftMaxHeapSize                          = 4202692608                             {manageable} {ergonomic}
     intx TieredStopAtLevel                        = 1                                         {product} {command line}
     bool UseCompressedOops                        = true                           {product lp64_product} {ergonomic}
     bool UseG1GC                                  = true                                      {product} {ergonomic}
     bool UseLargePagesIndividualAllocation        = false                                  {pd product} {ergonomic}

Logging:
Log output configuration:
 #0: stdout all=warning uptime,level,tags foldmultilines=false
 #1: stderr all=off uptime,level,tags foldmultilines=false

Environment Variables:
JAVA_HOME=C:\Program Files\Eclipse Adoptium\jdk-21.0.6.7-hotspot\bin
PATH=C:\Program Files\Eclipse Adoptium\jdk-21.0.6.7-hotspot\bin;C:\Python313\Scripts\;C:\Python313\;C:\Python312\Scripts\;C:\Python312\;C:\WINDOWS\system32;C:\WINDOWS;C:\WINDOWS\System32\Wbem;C:\WINDOWS\System32\WindowsPowerShell\v1.0\;C:\WINDOWS\System32\OpenSSH\;C:\Program Files\Git\cmd;C:\Program Files (x86)\dotnet\;C:\MAMP\bin\mysql\bin;C:\Program Files\nodejs\;C:\ProgramData\chocolatey\bin;;C:\Program Files\Docker\Docker\resources\bin;C:\Users\araom\AppData\Local\Programs\Eclipse Adoptium\jdk-21.0.6.7-hotspot\bin;C:\Users\araom\AppData\Local\Microsoft\WindowsApps;C:\Users\araom\AppData\Local\Programs\Microsoft VS Code\bin;C:\Users\araom\AppData\Roaming\npm;C:\Users\araom\AppData\Local\JetBrains\Toolbox\scripts;C:\Users\araom\AppData\Local\Programs\mongosh\
USERNAME=araom
OS=Windows_NT
PROCESSOR_IDENTIFIER=Intel64 Family 6 Model 186 Stepping 3, GenuineIntel
TMP=C:\Users\araom\AppData\Local\Temp
TEMP=C:\Users\araom\AppData\Local\Temp




Periodic native trim disabled

---------------  S Y S T E M  ---------------

OS:
 Windows 11 , 64 bit Build 26100 (10.0.26100.5074)
OS uptime: 0 days 10:19 hours
Hyper-V role detected

CPU: total 12 (initial active 12) (6 cores per cpu, 2 threads per core) family 6 model 186 stepping 3 microcode 0x4129, cx8, cmov, fxsr, ht, mmx, 3dnowpref, sse, sse2, sse3, ssse3, sse4.1, sse4.2, popcnt, lzcnt, tsc, tscinvbit, avx, avx2, aes, erms, clmul, bmi1, bmi2, adx, sha, fma, vzeroupper, clflush, clflushopt, clwb, hv, serialize, rdtscp, rdpid, fsrm, f16c, cet_ibt, cet_ss
Processor Information for the first 12 processors :
  Max Mhz: 1300, Current Mhz: 1300, Mhz Limit: 1300

Memory: 4k page, system-wide physical 16024M (1754M free)
TotalPageFile size 21908M (AvailPageFile size 21M)
current process WorkingSet (physical memory assigned to process): 340M, peak: 466M
current process commit charge ("private bytes"): 405M, peak: 527M

vm_info: OpenJDK 64-Bit Server VM (21.0.8+9-LTS) for windows-amd64 JRE (21.0.8+9-LTS), built on 2025-07-10T20:22:44Z by "MicrosoftCorporation" with unknown MS VC++:1944

END.
