#
# There is insufficient memory for the Java Runtime Environment to continue.
# Native memory allocation (mmap) failed to map 90177536 bytes. Error detail: G1 virtual space
# Possible reasons:
#   The system is out of physical RAM or swap space
#   This process is running with CompressedOops enabled, and the Java Heap may be blocking the growth of the native heap
# Possible solutions:
#   Reduce memory load on the system
#   Increase physical memory or swap space
#   Check if swap backing store is full
#   Decrease Java heap size (-Xmx/-Xms)
#   Decrease number of Java threads
#   Decrease Java thread stack sizes (-Xss)
#   Set larger code cache with -XX:ReservedCodeCacheSize=
#   JVM is running with Zero Based Compressed Oops mode in which the Java heap is
#     placed in the first 32GB address space. The Java Heap base address is the
#     maximum limit for the native heap growth. Please use -XX:HeapBaseMinAddress
#     to set the Java Heap base and to place the Java Heap above 32GB virtual address.
# This output file may be truncated or incomplete.
#
#  Out of Memory Error (os_windows.cpp:3736), pid=22188, tid=14228
#
# JRE version: OpenJDK Runtime Environment Microsoft-11933218 (21.0.8+9) (build 21.0.8+9-LTS)
# Java VM: OpenJDK 64-Bit Server VM Microsoft-11933218 (21.0.8+9-LTS, mixed mode, emulated-client, sharing, tiered, compressed oops, compressed class ptrs, g1 gc, windows-amd64)
# No core dump will be written. Minidumps are not enabled by default on client versions of Windows
#

---------------  S U M M A R Y ------------

Command Line: -XX:TieredStopAtLevel=1 -Dspring.output.ansi.enabled=always -javaagent:C:\Users\araom\AppData\Local\Programs\IntelliJ IDEA Community Edition\lib\idea_rt.jar=49733 -Dfile.encoding=UTF-8 -Dsun.stdout.encoding=UTF-8 -Dsun.stderr.encoding=UTF-8 com.jobportal.Job.Poratl.JobPoratlApplication

Host: 13th Gen Intel(R) Core(TM) i5-1335U, 12 cores, 15G,  Windows 11 , 64 bit Build 26100 (10.0.26100.5074)
Time: Mon Feb 16 14:50:22 2026 elapsed time: 15.010132 seconds (0d 0h 0m 15s)

---------------  T H R E A D  ---------------

Current thread (0x00000237c7ed0660):  VMThread "VM Thread"          [id=14228, stack(0x0000004e2a800000,0x0000004e2a900000) (1024K)]

Stack: [0x0000004e2a800000,0x0000004e2a900000]
Native frames: (J=compiled Java code, j=interpreted, Vv=VM code, C=native code)
V  [jvm.dll+0x6e1729]
V  [jvm.dll+0x8bf47b]
V  [jvm.dll+0x8c19aa]
V  [jvm.dll+0x8c2083]
V  [jvm.dll+0x289fd6]
V  [jvm.dll+0x6de085]
V  [jvm.dll+0x6d218a]
V  [jvm.dll+0x366f6e]
V  [jvm.dll+0x36ee1b]
V  [jvm.dll+0x3c06b9]
V  [jvm.dll+0x3c095b]
V  [jvm.dll+0x33a8b7]
V  [jvm.dll+0x33a947]
V  [jvm.dll+0x37f68c]
V  [jvm.dll+0x37de6e]
V  [jvm.dll+0x33a011]
V  [jvm.dll+0x37d898]
V  [jvm.dll+0x8c7def]
V  [jvm.dll+0x8c92fc]
V  [jvm.dll+0x8c9874]
V  [jvm.dll+0x8c9973]
V  [jvm.dll+0x86975d]
V  [jvm.dll+0x6dff2d]
C  [ucrtbase.dll+0x37b0]
C  [KERNEL32.DLL+0x2e8d7]
C  [ntdll.dll+0x8d9c]

VM_Operation (0x0000004e2d1faba0): G1TryInitiateConcMark, mode: safepoint, requested by thread 0x000002380d8590c0


---------------  P R O C E S S  ---------------

Threads class SMR info:
_java_thread_list=0x000002380f31d860, length=33, elements={
0x00000237c7eeeaa0, 0x00000237c7ef0500, 0x00000237c7ef4230, 0x00000237c7ef5010,
0x00000237c7ef5ce0, 0x00000237c7ef8ee0, 0x00000237c7efc860, 0x00000237c7ebf980,
0x000002380d0d4250, 0x000002380d50b450, 0x000002380d3fcf30, 0x000002380ea5fd90,
0x000002380f1b8960, 0x000002380d0e0fd0, 0x000002380f2addf0, 0x000002380f412e10,
0x000002380f4106b0, 0x000002380f40f990, 0x000002380f410020, 0x000002380f4113d0,
0x000002380f411a60, 0x000002380f410d40, 0x000002380f4120f0, 0x000002380f412780,
0x000002380d8590c0, 0x000002380d8583a0, 0x000002380d859750, 0x000002380d858a30,
0x000002380d857d10, 0x000002380d8562d0, 0x000002380d859de0, 0x000002380d856960,
0x000002380d85a470
}

Java Threads: ( => current thread )
  0x00000237c7eeeaa0 JavaThread "Reference Handler"          daemon [_thread_blocked, id=8800, stack(0x0000004e2a900000,0x0000004e2aa00000) (1024K)]
  0x00000237c7ef0500 JavaThread "Finalizer"                  daemon [_thread_blocked, id=8564, stack(0x0000004e2aa00000,0x0000004e2ab00000) (1024K)]
  0x00000237c7ef4230 JavaThread "Signal Dispatcher"          daemon [_thread_blocked, id=14952, stack(0x0000004e2ab00000,0x0000004e2ac00000) (1024K)]
  0x00000237c7ef5010 JavaThread "Attach Listener"            daemon [_thread_blocked, id=15124, stack(0x0000004e2ac00000,0x0000004e2ad00000) (1024K)]
  0x00000237c7ef5ce0 JavaThread "Service Thread"             daemon [_thread_blocked, id=27616, stack(0x0000004e2ad00000,0x0000004e2ae00000) (1024K)]
  0x00000237c7ef8ee0 JavaThread "Monitor Deflation Thread"   daemon [_thread_blocked, id=27044, stack(0x0000004e2ae00000,0x0000004e2af00000) (1024K)]
  0x00000237c7efc860 JavaThread "C1 CompilerThread0"         daemon [_thread_blocked, id=17936, stack(0x0000004e2af00000,0x0000004e2b000000) (1024K)]
  0x00000237c7ebf980 JavaThread "Common-Cleaner"             daemon [_thread_blocked, id=21296, stack(0x0000004e2b000000,0x0000004e2b100000) (1024K)]
  0x000002380d0d4250 JavaThread "C1 CompilerThread1"         daemon [_thread_blocked, id=20672, stack(0x0000004e2b100000,0x0000004e2b200000) (1024K)]
  0x000002380d50b450 JavaThread "Monitor Ctrl-Break"         daemon [_thread_in_native, id=25492, stack(0x0000004e2b300000,0x0000004e2b400000) (1024K)]
  0x000002380d3fcf30 JavaThread "Notification Thread"        daemon [_thread_blocked, id=22396, stack(0x0000004e2b400000,0x0000004e2b500000) (1024K)]
  0x000002380ea5fd90 JavaThread "BufferPoolPruner-1-thread-1" daemon [_thread_blocked, id=9984, stack(0x0000004e2c300000,0x0000004e2c400000) (1024K)]
  0x000002380f1b8960 JavaThread "cluster-ClusterId{value='6992b013de99e828f1cdd166', description='null'}-localhost:27017" daemon [_thread_in_native, id=4908, stack(0x0000004e2c400000,0x0000004e2c500000) (1024K)]
  0x000002380d0e0fd0 JavaThread "cluster-rtt-ClusterId{value='6992b013de99e828f1cdd166', description='null'}-localhost:27017" daemon [_thread_blocked, id=28160, stack(0x0000004e2c600000,0x0000004e2c700000) (1024K)]
  0x000002380f2addf0 JavaThread "MaintenanceTimer-2-thread-1" daemon [_thread_blocked, id=25268, stack(0x0000004e2c700000,0x0000004e2c800000) (1024K)]
  0x000002380f412e10 JavaThread "Catalina-utility-1"                [_thread_blocked, id=2624, stack(0x0000004e2c800000,0x0000004e2c900000) (1024K)]
  0x000002380f4106b0 JavaThread "Catalina-utility-2"                [_thread_blocked, id=23148, stack(0x0000004e2c900000,0x0000004e2ca00000) (1024K)]
  0x000002380f40f990 JavaThread "container-0"                       [_thread_blocked, id=28596, stack(0x0000004e2ca00000,0x0000004e2cb00000) (1024K)]
  0x000002380f410020 JavaThread "File Watcher"               daemon [_thread_blocked, id=27504, stack(0x0000004e2cb00000,0x0000004e2cc00000) (1024K)]
  0x000002380f4113d0 JavaThread "http-nio-8080-exec-1"       daemon [_thread_blocked, id=3604, stack(0x0000004e2cc00000,0x0000004e2cd00000) (1024K)]
  0x000002380f411a60 JavaThread "http-nio-8080-exec-2"       daemon [_thread_blocked, id=12600, stack(0x0000004e2cd00000,0x0000004e2ce00000) (1024K)]
  0x000002380f410d40 JavaThread "http-nio-8080-exec-3"       daemon [_thread_blocked, id=18544, stack(0x0000004e2ce00000,0x0000004e2cf00000) (1024K)]
  0x000002380f4120f0 JavaThread "http-nio-8080-exec-4"       daemon [_thread_blocked, id=19612, stack(0x0000004e2cf00000,0x0000004e2d000000) (1024K)]
  0x000002380f412780 JavaThread "http-nio-8080-exec-5"       daemon [_thread_blocked, id=28452, stack(0x0000004e2d000000,0x0000004e2d100000) (1024K)]
  0x000002380d8590c0 JavaThread "http-nio-8080-exec-6"       daemon [_thread_blocked, id=4312, stack(0x0000004e2d100000,0x0000004e2d200000) (1024K)]
  0x000002380d8583a0 JavaThread "http-nio-8080-exec-7"       daemon [_thread_blocked, id=772, stack(0x0000004e2d200000,0x0000004e2d300000) (1024K)]
  0x000002380d859750 JavaThread "http-nio-8080-exec-8"       daemon [_thread_blocked, id=1592, stack(0x0000004e2d300000,0x0000004e2d400000) (1024K)]
  0x000002380d858a30 JavaThread "http-nio-8080-exec-9"       daemon [_thread_blocked, id=6532, stack(0x0000004e2d400000,0x0000004e2d500000) (1024K)]
  0x000002380d857d10 JavaThread "http-nio-8080-exec-10"      daemon [_thread_blocked, id=26072, stack(0x0000004e2d500000,0x0000004e2d600000) (1024K)]
  0x000002380d8562d0 JavaThread "http-nio-8080-Poller"       daemon [_thread_in_native, id=28100, stack(0x0000004e2d600000,0x0000004e2d700000) (1024K)]
  0x000002380d859de0 JavaThread "http-nio-8080-Acceptor"     daemon [_thread_in_native, id=3480, stack(0x0000004e2d700000,0x0000004e2d800000) (1024K)]
  0x000002380d856960 JavaThread "scheduling-1"                      [_thread_blocked, id=4736, stack(0x0000004e2d800000,0x0000004e2d900000) (1024K)]
  0x000002380d85a470 JavaThread "DestroyJavaVM"                     [_thread_blocked, id=28300, stack(0x0000004e2a100000,0x0000004e2a200000) (1024K)]
Total: 33

Other Threads:
=>0x00000237c7ed0660 VMThread "VM Thread"                           [id=14228, stack(0x0000004e2a800000,0x0000004e2a900000) (1024K)]
  0x00000237c7ebf210 WatcherThread "VM Periodic Task Thread"        [id=22952, stack(0x0000004e2a700000,0x0000004e2a800000) (1024K)]
  0x00000237b4a4c8f0 WorkerThread "GC Thread#0"                     [id=20404, stack(0x0000004e2a200000,0x0000004e2a300000) (1024K)]
  0x000002380da6cce0 WorkerThread "GC Thread#1"                     [id=21764, stack(0x0000004e2b600000,0x0000004e2b700000) (1024K)]
  0x000002380da6d490 WorkerThread "GC Thread#2"                     [id=18948, stack(0x0000004e2b700000,0x0000004e2b800000) (1024K)]
  0x000002380da6d830 WorkerThread "GC Thread#3"                     [id=21544, stack(0x0000004e2b800000,0x0000004e2b900000) (1024K)]
  0x000002380da6dbd0 WorkerThread "GC Thread#4"                     [id=21408, stack(0x0000004e2b900000,0x0000004e2ba00000) (1024K)]
  0x000002380d830cc0 WorkerThread "GC Thread#5"                     [id=16900, stack(0x0000004e2ba00000,0x0000004e2bb00000) (1024K)]
  0x000002380ded1670 WorkerThread "GC Thread#6"                     [id=1492, stack(0x0000004e2be00000,0x0000004e2bf00000) (1024K)]
  0x000002380df56c30 WorkerThread "GC Thread#7"                     [id=20476, stack(0x0000004e2bf00000,0x0000004e2c000000) (1024K)]
  0x000002380df753d0 WorkerThread "GC Thread#8"                     [id=8636, stack(0x0000004e2c000000,0x0000004e2c100000) (1024K)]
  0x000002380df748f0 WorkerThread "GC Thread#9"                     [id=21184, stack(0x0000004e2c100000,0x0000004e2c200000) (1024K)]
  0x00000237b4a5e670 ConcurrentGCThread "G1 Main Marker"            [id=24492, stack(0x0000004e2a300000,0x0000004e2a400000) (1024K)]
  0x00000237b4a60b90 WorkerThread "G1 Conc#0"                       [id=21816, stack(0x0000004e2a400000,0x0000004e2a500000) (1024K)]
  0x000002380df74550 WorkerThread "G1 Conc#1"                       [id=18696, stack(0x0000004e2bd00000,0x0000004e2be00000) (1024K)]
  0x000002380df741b0 WorkerThread "G1 Conc#2"                       [id=28152, stack(0x0000004e2c200000,0x0000004e2c300000) (1024K)]
  0x00000237c7d86020 ConcurrentGCThread "G1 Refine#0"               [id=21456, stack(0x0000004e2a500000,0x0000004e2a600000) (1024K)]
  0x00000237c7d89860 ConcurrentGCThread "G1 Service"                [id=21444, stack(0x0000004e2a600000,0x0000004e2a700000) (1024K)]
Total: 18

Threads with active compile tasks:
Total: 0

VM state: at safepoint (normal execution)

VM Mutex/Monitor currently owned by a thread:  ([mutex/lock_event])
[0x00007ff8f862a7c8] Threads_lock - owner thread: 0x00000237c7ed0660
[0x00007ff8f862a8c8] Heap_lock - owner thread: 0x000002380d8590c0

Heap address: 0x0000000705800000, size: 4008 MB, Compressed Oops mode: Zero based, Oop shift amount: 3

CDS archive(s) mapped at: [0x00000237c8000000-0x00000237c8c80000-0x00000237c8c80000), size 13107200, SharedBaseAddress: 0x00000237c8000000, ArchiveRelocationMode: 1.
Compressed class space mapped at: 0x00000237c9000000-0x0000023809000000, reserved size: 1073741824
Narrow klass base: 0x00000237c8000000, Narrow klass shift: 0, Narrow klass range: 0x100000000

GC Precious Log:
 CardTable entry size: 512
 Card Set container configuration: InlinePtr #cards 4 size 8 Array Of Cards #cards 16 size 48 Howl #buckets 8 coarsen threshold 3686 Howl Bitmap #cards 512 size 80 coarsen threshold 460 Card regions per heap region 1 cards per card region 4096
 CPUs: 12 total, 12 available
 Memory: 16024M
 Large Page Support: Disabled
 NUMA Support: Disabled
 Compressed Oops: Enabled (Zero based)
 Heap Region Size: 2M
 Heap Min Capacity: 8M
 Heap Initial Capacity: 252M
 Heap Max Capacity: 4008M
 Pre-touch: Disabled
 Parallel Workers: 10
 Concurrent Workers: 3
 Concurrent Refinement Workers: 10
 Periodic GC: Disabled

Heap:
 garbage-first heap   total 258048K, used 54641K [0x0000000705800000, 0x0000000800000000)
  region size 2048K, 2 young (4096K), 2 survivors (4096K)
 Metaspace       used 51154K, committed 51968K, reserved 1114112K
  class space    used 7313K, committed 7680K, reserved 1048576K

Heap Regions: E=young(eden), S=young(survivor), O=old, HS=humongous(starts), HC=humongous(continues), CS=collection set, F=free, TAMS=top-at-mark-start, PB=parsable bottom
|   0|0x0000000705800000, 0x0000000705a00000, 0x0000000705a00000|100%| O|  |TAMS 0x0000000705a00000| PB 0x0000000705800000| Untracked 
|   1|0x0000000705a00000, 0x0000000705c00000, 0x0000000705c00000|100%| O|  |TAMS 0x0000000705c00000| PB 0x0000000705a00000| Untracked 
|   2|0x0000000705c00000, 0x0000000705e00000, 0x0000000705e00000|100%| O|  |TAMS 0x0000000705e00000| PB 0x0000000705c00000| Untracked 
|   3|0x0000000705e00000, 0x0000000706000000, 0x0000000706000000|100%| O|  |TAMS 0x0000000706000000| PB 0x0000000705e00000| Untracked 
|   4|0x0000000706000000, 0x0000000706200000, 0x0000000706200000|100%| O|  |TAMS 0x0000000706200000| PB 0x0000000706000000| Untracked 
|   5|0x0000000706200000, 0x0000000706400000, 0x0000000706400000|100%| O|  |TAMS 0x0000000706400000| PB 0x0000000706200000| Untracked 
|   6|0x0000000706400000, 0x000000070640e490, 0x0000000706600000|  2%| O|  |TAMS 0x000000070640e490| PB 0x0000000706400000| Untracked 
|   7|0x0000000706600000, 0x0000000706800000, 0x0000000706800000|100%| O|  |TAMS 0x0000000706800000| PB 0x0000000706600000| Untracked 
|   8|0x0000000706800000, 0x0000000706a00000, 0x0000000706a00000|100%| O|  |TAMS 0x0000000706a00000| PB 0x0000000706800000| Untracked 
|   9|0x0000000706a00000, 0x0000000706c00000, 0x0000000706c00000|100%| O|  |TAMS 0x0000000706c00000| PB 0x0000000706a00000| Untracked 
|  10|0x0000000706c00000, 0x0000000706e00000, 0x0000000706e00000|100%| O|  |TAMS 0x0000000706e00000| PB 0x0000000706c00000| Untracked 
|  11|0x0000000706e00000, 0x0000000707000000, 0x0000000707000000|100%| O|  |TAMS 0x0000000707000000| PB 0x0000000706e00000| Untracked 
|  12|0x0000000707000000, 0x0000000707200000, 0x0000000707200000|100%| O|  |TAMS 0x0000000707200000| PB 0x0000000707000000| Untracked 
|  13|0x0000000707200000, 0x0000000707400000, 0x0000000707400000|100%|HS|  |TAMS 0x0000000707400000| PB 0x0000000707200000| Complete 
|  14|0x0000000707400000, 0x0000000707600000, 0x0000000707600000|100%|HC|  |TAMS 0x0000000707600000| PB 0x0000000707400000| Complete 
|  15|0x0000000707600000, 0x0000000707800000, 0x0000000707800000|100%|HC|  |TAMS 0x0000000707800000| PB 0x0000000707600000| Complete 
|  16|0x0000000707800000, 0x0000000707a00000, 0x0000000707a00000|100%|HS|  |TAMS 0x0000000707a00000| PB 0x0000000707800000| Complete 
|  17|0x0000000707a00000, 0x0000000707c00000, 0x0000000707c00000|100%|HC|  |TAMS 0x0000000707c00000| PB 0x0000000707a00000| Complete 
|  18|0x0000000707c00000, 0x0000000707e00000, 0x0000000707e00000|100%|HC|  |TAMS 0x0000000707e00000| PB 0x0000000707c00000| Complete 
|  19|0x0000000707e00000, 0x0000000708000000, 0x0000000708000000|100%|HC|  |TAMS 0x0000000708000000| PB 0x0000000707e00000| Complete 
|  20|0x0000000708000000, 0x0000000708200000, 0x0000000708200000|100%|HC|  |TAMS 0x0000000708200000| PB 0x0000000708000000| Complete 
|  21|0x0000000708200000, 0x0000000708200000, 0x0000000708400000|  0%| F|  |TAMS 0x0000000708200000| PB 0x0000000708200000| Untracked 
|  22|0x0000000708400000, 0x0000000708400000, 0x0000000708600000|  0%| F|  |TAMS 0x0000000708400000| PB 0x0000000708400000| Untracked 
|  23|0x0000000708600000, 0x0000000708600000, 0x0000000708800000|  0%| F|  |TAMS 0x0000000708600000| PB 0x0000000708600000| Untracked 
|  24|0x0000000708800000, 0x0000000708800000, 0x0000000708a00000|  0%| F|  |TAMS 0x0000000708800000| PB 0x0000000708800000| Untracked 
|  25|0x0000000708a00000, 0x0000000708c00000, 0x0000000708c00000|100%|HS|  |TAMS 0x0000000708c00000| PB 0x0000000708a00000| Complete 
|  26|0x0000000708c00000, 0x0000000708e00000, 0x0000000708e00000|100%|HC|  |TAMS 0x0000000708e00000| PB 0x0000000708c00000| Complete 
|  27|0x0000000708e00000, 0x0000000709000000, 0x0000000709000000|100%|HC|  |TAMS 0x0000000709000000| PB 0x0000000708e00000| Complete 
|  28|0x0000000709000000, 0x0000000709000000, 0x0000000709200000|  0%| F|  |TAMS 0x0000000709000000| PB 0x0000000709000000| Untracked 
|  29|0x0000000709200000, 0x0000000709200000, 0x0000000709400000|  0%| F|  |TAMS 0x0000000709200000| PB 0x0000000709200000| Untracked 
|  30|0x0000000709400000, 0x0000000709400000, 0x0000000709600000|  0%| F|  |TAMS 0x0000000709400000| PB 0x0000000709400000| Untracked 
|  31|0x0000000709600000, 0x0000000709800000, 0x0000000709800000|100%|HS|  |TAMS 0x0000000709800000| PB 0x0000000709600000| Complete 
|  32|0x0000000709800000, 0x0000000709a00000, 0x0000000709a00000|100%|HC|  |TAMS 0x0000000709a00000| PB 0x0000000709800000| Complete 
|  33|0x0000000709a00000, 0x0000000709a00000, 0x0000000709c00000|  0%| F|  |TAMS 0x0000000709a00000| PB 0x0000000709a00000| Untracked 
|  34|0x0000000709c00000, 0x0000000709c00000, 0x0000000709e00000|  0%| F|  |TAMS 0x0000000709c00000| PB 0x0000000709c00000| Untracked 
|  35|0x0000000709e00000, 0x0000000709e00000, 0x000000070a000000|  0%| F|  |TAMS 0x0000000709e00000| PB 0x0000000709e00000| Untracked 
|  36|0x000000070a000000, 0x000000070a000000, 0x000000070a200000|  0%| F|  |TAMS 0x000000070a000000| PB 0x000000070a000000| Untracked 
|  37|0x000000070a200000, 0x000000070a200000, 0x000000070a400000|  0%| F|  |TAMS 0x000000070a200000| PB 0x000000070a200000| Untracked 
|  38|0x000000070a400000, 0x000000070a400000, 0x000000070a600000|  0%| F|  |TAMS 0x000000070a400000| PB 0x000000070a400000| Untracked 
|  39|0x000000070a600000, 0x000000070a600000, 0x000000070a800000|  0%| F|  |TAMS 0x000000070a600000| PB 0x000000070a600000| Untracked 
|  40|0x000000070a800000, 0x000000070a800000, 0x000000070aa00000|  0%| F|  |TAMS 0x000000070a800000| PB 0x000000070a800000| Untracked 
|  41|0x000000070aa00000, 0x000000070aa00000, 0x000000070ac00000|  0%| F|  |TAMS 0x000000070aa00000| PB 0x000000070aa00000| Untracked 
|  42|0x000000070ac00000, 0x000000070ac00000, 0x000000070ae00000|  0%| F|  |TAMS 0x000000070ac00000| PB 0x000000070ac00000| Untracked 
|  43|0x000000070ae00000, 0x000000070ae00000, 0x000000070b000000|  0%| F|  |TAMS 0x000000070ae00000| PB 0x000000070ae00000| Untracked 
|  44|0x000000070b000000, 0x000000070b000000, 0x000000070b200000|  0%| F|  |TAMS 0x000000070b000000| PB 0x000000070b000000| Untracked 
|  45|0x000000070b200000, 0x000000070b200000, 0x000000070b400000|  0%| F|  |TAMS 0x000000070b200000| PB 0x000000070b200000| Untracked 
|  46|0x000000070b400000, 0x000000070b400000, 0x000000070b600000|  0%| F|  |TAMS 0x000000070b400000| PB 0x000000070b400000| Untracked 
|  47|0x000000070b600000, 0x000000070b600000, 0x000000070b800000|  0%| F|  |TAMS 0x000000070b600000| PB 0x000000070b600000| Untracked 
|  48|0x000000070b800000, 0x000000070b800000, 0x000000070ba00000|  0%| F|  |TAMS 0x000000070b800000| PB 0x000000070b800000| Untracked 
|  49|0x000000070ba00000, 0x000000070ba00000, 0x000000070bc00000|  0%| F|  |TAMS 0x000000070ba00000| PB 0x000000070ba00000| Untracked 
|  50|0x000000070bc00000, 0x000000070bc00000, 0x000000070be00000|  0%| F|  |TAMS 0x000000070bc00000| PB 0x000000070bc00000| Untracked 
|  51|0x000000070be00000, 0x000000070be00000, 0x000000070c000000|  0%| F|  |TAMS 0x000000070be00000| PB 0x000000070be00000| Untracked 
|  52|0x000000070c000000, 0x000000070c000000, 0x000000070c200000|  0%| F|  |TAMS 0x000000070c000000| PB 0x000000070c000000| Untracked 
|  53|0x000000070c200000, 0x000000070c200000, 0x000000070c400000|  0%| F|  |TAMS 0x000000070c200000| PB 0x000000070c200000| Untracked 
|  54|0x000000070c400000, 0x000000070c400000, 0x000000070c600000|  0%| F|  |TAMS 0x000000070c400000| PB 0x000000070c400000| Untracked 
|  55|0x000000070c600000, 0x000000070c600000, 0x000000070c800000|  0%| F|  |TAMS 0x000000070c600000| PB 0x000000070c600000| Untracked 
|  56|0x000000070c800000, 0x000000070c800000, 0x000000070ca00000|  0%| F|  |TAMS 0x000000070c800000| PB 0x000000070c800000| Untracked 
|  57|0x000000070ca00000, 0x000000070ca00000, 0x000000070cc00000|  0%| F|  |TAMS 0x000000070ca00000| PB 0x000000070ca00000| Untracked 
|  58|0x000000070cc00000, 0x000000070cc00000, 0x000000070ce00000|  0%| F|  |TAMS 0x000000070cc00000| PB 0x000000070cc00000| Untracked 
|  59|0x000000070ce00000, 0x000000070ce00000, 0x000000070d000000|  0%| F|  |TAMS 0x000000070ce00000| PB 0x000000070ce00000| Untracked 
|  60|0x000000070d000000, 0x000000070d000000, 0x000000070d200000|  0%| F|  |TAMS 0x000000070d000000| PB 0x000000070d000000| Untracked 
|  61|0x000000070d200000, 0x000000070d200000, 0x000000070d400000|  0%| F|  |TAMS 0x000000070d200000| PB 0x000000070d200000| Untracked 
|  62|0x000000070d400000, 0x000000070d400000, 0x000000070d600000|  0%| F|  |TAMS 0x000000070d400000| PB 0x000000070d400000| Untracked 
|  63|0x000000070d600000, 0x000000070d600000, 0x000000070d800000|  0%| F|  |TAMS 0x000000070d600000| PB 0x000000070d600000| Untracked 
|  64|0x000000070d800000, 0x000000070d800000, 0x000000070da00000|  0%| F|  |TAMS 0x000000070d800000| PB 0x000000070d800000| Untracked 
|  65|0x000000070da00000, 0x000000070da00000, 0x000000070dc00000|  0%| F|  |TAMS 0x000000070da00000| PB 0x000000070da00000| Untracked 
|  66|0x000000070dc00000, 0x000000070dc00000, 0x000000070de00000|  0%| F|  |TAMS 0x000000070dc00000| PB 0x000000070dc00000| Untracked 
|  67|0x000000070de00000, 0x000000070de00000, 0x000000070e000000|  0%| F|  |TAMS 0x000000070de00000| PB 0x000000070de00000| Untracked 
|  68|0x000000070e000000, 0x000000070e000000, 0x000000070e200000|  0%| F|  |TAMS 0x000000070e000000| PB 0x000000070e000000| Untracked 
|  69|0x000000070e200000, 0x000000070e200000, 0x000000070e400000|  0%| F|  |TAMS 0x000000070e200000| PB 0x000000070e200000| Untracked 
|  70|0x000000070e400000, 0x000000070e400000, 0x000000070e600000|  0%| F|  |TAMS 0x000000070e400000| PB 0x000000070e400000| Untracked 
|  71|0x000000070e600000, 0x000000070e600000, 0x000000070e800000|  0%| F|  |TAMS 0x000000070e600000| PB 0x000000070e600000| Untracked 
|  72|0x000000070e800000, 0x000000070e800000, 0x000000070ea00000|  0%| F|  |TAMS 0x000000070e800000| PB 0x000000070e800000| Untracked 
|  73|0x000000070ea00000, 0x000000070ea00000, 0x000000070ec00000|  0%| F|  |TAMS 0x000000070ea00000| PB 0x000000070ea00000| Untracked 
|  74|0x000000070ec00000, 0x000000070ec00000, 0x000000070ee00000|  0%| F|  |TAMS 0x000000070ec00000| PB 0x000000070ec00000| Untracked 
|  75|0x000000070ee00000, 0x000000070ee00000, 0x000000070f000000|  0%| F|  |TAMS 0x000000070ee00000| PB 0x000000070ee00000| Untracked 
|  76|0x000000070f000000, 0x000000070f000000, 0x000000070f200000|  0%| F|  |TAMS 0x000000070f000000| PB 0x000000070f000000| Untracked 
|  77|0x000000070f200000, 0x000000070f200000, 0x000000070f400000|  0%| F|  |TAMS 0x000000070f200000| PB 0x000000070f200000| Untracked 
|  78|0x000000070f400000, 0x000000070f400000, 0x000000070f600000|  0%| F|  |TAMS 0x000000070f400000| PB 0x000000070f400000| Untracked 
|  79|0x000000070f600000, 0x000000070f600000, 0x000000070f800000|  0%| F|  |TAMS 0x000000070f600000| PB 0x000000070f600000| Untracked 
|  80|0x000000070f800000, 0x000000070f800000, 0x000000070fa00000|  0%| F|  |TAMS 0x000000070f800000| PB 0x000000070f800000| Untracked 
|  81|0x000000070fa00000, 0x000000070fa00000, 0x000000070fc00000|  0%| F|  |TAMS 0x000000070fa00000| PB 0x000000070fa00000| Untracked 
|  82|0x000000070fc00000, 0x000000070fc00000, 0x000000070fe00000|  0%| F|  |TAMS 0x000000070fc00000| PB 0x000000070fc00000| Untracked 
|  83|0x000000070fe00000, 0x000000070fe00000, 0x0000000710000000|  0%| F|  |TAMS 0x000000070fe00000| PB 0x000000070fe00000| Untracked 
|  84|0x0000000710000000, 0x0000000710000000, 0x0000000710200000|  0%| F|  |TAMS 0x0000000710000000| PB 0x0000000710000000| Untracked 
|  85|0x0000000710200000, 0x0000000710200000, 0x0000000710400000|  0%| F|  |TAMS 0x0000000710200000| PB 0x0000000710200000| Untracked 
|  86|0x0000000710400000, 0x0000000710400000, 0x0000000710600000|  0%| F|  |TAMS 0x0000000710400000| PB 0x0000000710400000| Untracked 
|  87|0x0000000710600000, 0x0000000710600000, 0x0000000710800000|  0%| F|  |TAMS 0x0000000710600000| PB 0x0000000710600000| Untracked 
|  88|0x0000000710800000, 0x0000000710800000, 0x0000000710a00000|  0%| F|  |TAMS 0x0000000710800000| PB 0x0000000710800000| Untracked 
|  89|0x0000000710a00000, 0x0000000710a00000, 0x0000000710c00000|  0%| F|  |TAMS 0x0000000710a00000| PB 0x0000000710a00000| Untracked 
|  90|0x0000000710c00000, 0x0000000710c00000, 0x0000000710e00000|  0%| F|  |TAMS 0x0000000710c00000| PB 0x0000000710c00000| Untracked 
|  91|0x0000000710e00000, 0x0000000710e00000, 0x0000000711000000|  0%| F|  |TAMS 0x0000000710e00000| PB 0x0000000710e00000| Untracked 
|  92|0x0000000711000000, 0x0000000711000000, 0x0000000711200000|  0%| F|  |TAMS 0x0000000711000000| PB 0x0000000711000000| Untracked 
|  93|0x0000000711200000, 0x0000000711200000, 0x0000000711400000|  0%| F|  |TAMS 0x0000000711200000| PB 0x0000000711200000| Untracked 
|  94|0x0000000711400000, 0x0000000711400000, 0x0000000711600000|  0%| F|  |TAMS 0x0000000711400000| PB 0x0000000711400000| Untracked 
|  95|0x0000000711600000, 0x0000000711600000, 0x0000000711800000|  0%| F|  |TAMS 0x0000000711600000| PB 0x0000000711600000| Untracked 
|  96|0x0000000711800000, 0x0000000711800000, 0x0000000711a00000|  0%| F|  |TAMS 0x0000000711800000| PB 0x0000000711800000| Untracked 
|  97|0x0000000711a00000, 0x0000000711a00000, 0x0000000711c00000|  0%| F|  |TAMS 0x0000000711a00000| PB 0x0000000711a00000| Untracked 
|  98|0x0000000711c00000, 0x0000000711c00000, 0x0000000711e00000|  0%| F|  |TAMS 0x0000000711c00000| PB 0x0000000711c00000| Untracked 
|  99|0x0000000711e00000, 0x0000000711f4e210, 0x0000000712000000| 65%| S|CS|TAMS 0x0000000711e00000| PB 0x0000000711e00000| Complete 
| 100|0x0000000712000000, 0x0000000712200000, 0x0000000712200000|100%| S|CS|TAMS 0x0000000712000000| PB 0x0000000712000000| Complete 
| 101|0x0000000712200000, 0x0000000712200000, 0x0000000712400000|  0%| F|  |TAMS 0x0000000712200000| PB 0x0000000712200000| Untracked 
| 102|0x0000000712400000, 0x0000000712400000, 0x0000000712600000|  0%| F|  |TAMS 0x0000000712400000| PB 0x0000000712400000| Untracked 
| 103|0x0000000712600000, 0x0000000712600000, 0x0000000712800000|  0%| F|  |TAMS 0x0000000712600000| PB 0x0000000712600000| Untracked 
| 104|0x0000000712800000, 0x0000000712800000, 0x0000000712a00000|  0%| F|  |TAMS 0x0000000712800000| PB 0x0000000712800000| Untracked 
| 105|0x0000000712a00000, 0x0000000712a00000, 0x0000000712c00000|  0%| F|  |TAMS 0x0000000712a00000| PB 0x0000000712a00000| Untracked 
| 106|0x0000000712c00000, 0x0000000712c00000, 0x0000000712e00000|  0%| F|  |TAMS 0x0000000712c00000| PB 0x0000000712c00000| Untracked 
| 107|0x0000000712e00000, 0x0000000712e00000, 0x0000000713000000|  0%| F|  |TAMS 0x0000000712e00000| PB 0x0000000712e00000| Untracked 
| 108|0x0000000713000000, 0x0000000713000000, 0x0000000713200000|  0%| F|  |TAMS 0x0000000713000000| PB 0x0000000713000000| Untracked 
| 109|0x0000000713200000, 0x0000000713200000, 0x0000000713400000|  0%| F|  |TAMS 0x0000000713200000| PB 0x0000000713200000| Untracked 
| 110|0x0000000713400000, 0x0000000713400000, 0x0000000713600000|  0%| F|  |TAMS 0x0000000713400000| PB 0x0000000713400000| Untracked 
| 111|0x0000000713600000, 0x0000000713600000, 0x0000000713800000|  0%| F|  |TAMS 0x0000000713600000| PB 0x0000000713600000| Untracked 
| 112|0x0000000713800000, 0x0000000713800000, 0x0000000713a00000|  0%| F|  |TAMS 0x0000000713800000| PB 0x0000000713800000| Untracked 
| 113|0x0000000713a00000, 0x0000000713a00000, 0x0000000713c00000|  0%| F|  |TAMS 0x0000000713a00000| PB 0x0000000713a00000| Untracked 
| 114|0x0000000713c00000, 0x0000000713c00000, 0x0000000713e00000|  0%| F|  |TAMS 0x0000000713c00000| PB 0x0000000713c00000| Untracked 
| 115|0x0000000713e00000, 0x0000000713e00000, 0x0000000714000000|  0%| F|  |TAMS 0x0000000713e00000| PB 0x0000000713e00000| Untracked 
| 116|0x0000000714000000, 0x0000000714000000, 0x0000000714200000|  0%| F|  |TAMS 0x0000000714000000| PB 0x0000000714000000| Untracked 
| 117|0x0000000714200000, 0x0000000714200000, 0x0000000714400000|  0%| F|  |TAMS 0x0000000714200000| PB 0x0000000714200000| Untracked 
| 118|0x0000000714400000, 0x0000000714400000, 0x0000000714600000|  0%| F|  |TAMS 0x0000000714400000| PB 0x0000000714400000| Untracked 
| 119|0x0000000714600000, 0x0000000714600000, 0x0000000714800000|  0%| F|  |TAMS 0x0000000714600000| PB 0x0000000714600000| Untracked 
| 120|0x0000000714800000, 0x0000000714800000, 0x0000000714a00000|  0%| F|  |TAMS 0x0000000714800000| PB 0x0000000714800000| Untracked 
| 121|0x0000000714a00000, 0x0000000714a00000, 0x0000000714c00000|  0%| F|  |TAMS 0x0000000714a00000| PB 0x0000000714a00000| Untracked 
| 122|0x0000000714c00000, 0x0000000714c00000, 0x0000000714e00000|  0%| F|  |TAMS 0x0000000714c00000| PB 0x0000000714c00000| Untracked 
| 123|0x0000000714e00000, 0x0000000714e00000, 0x0000000715000000|  0%| F|  |TAMS 0x0000000714e00000| PB 0x0000000714e00000| Untracked 
| 124|0x0000000715000000, 0x0000000715000000, 0x0000000715200000|  0%| F|  |TAMS 0x0000000715000000| PB 0x0000000715000000| Untracked 
| 125|0x0000000715200000, 0x0000000715200000, 0x0000000715400000|  0%| F|  |TAMS 0x0000000715200000| PB 0x0000000715200000| Untracked 

Card table byte_map: [0x00000237c0bf0000,0x00000237c13d0000] _byte_map_base: 0x00000237bd3c4000

Marking Bits: (CMBitMap*) 0x00000237b4a4cff0
 Bits: [0x00000237c13d0000, 0x00000237c5270000)

Polling page: 0x00000237b2960000

Metaspace:

Usage:
  Non-class:     42.81 MB used.
      Class:      7.14 MB used.
       Both:     49.96 MB used.

Virtual space:
  Non-class space:       64.00 MB reserved,      43.25 MB ( 68%) committed,  1 nodes.
      Class space:        1.00 GB reserved,       7.50 MB ( <1%) committed,  1 nodes.
             Both:        1.06 GB reserved,      50.75 MB (  5%) committed. 

Chunk freelists:
   Non-Class:  4.17 MB
       Class:  8.36 MB
        Both:  12.53 MB

MaxMetaspaceSize: unlimited
CompressedClassSpaceSize: 1.00 GB
Initial GC threshold: 21.00 MB
Current GC threshold: 58.75 MB
CDS: on
 - commit_granule_bytes: 65536.
 - commit_granule_words: 8192.
 - virtual_space_node_default_size: 8388608.
 - enlarge_chunks_in_place: 1.
 - use_allocation_guard: 0.


Internal statistics:

num_allocs_failed_limit: 6.
num_arena_births: 1022.
num_arena_deaths: 0.
num_vsnodes_births: 2.
num_vsnodes_deaths: 0.
num_space_committed: 812.
num_space_uncommitted: 0.
num_chunks_returned_to_freelist: 6.
num_chunks_taken_from_freelist: 3086.
num_chunk_merges: 6.
num_chunk_splits: 2082.
num_chunks_enlarged: 1507.
num_inconsistent_stats: 0.

CodeCache: size=49152Kb used=10629Kb max_used=11209Kb free=38522Kb
 bounds [0x00000237bd0e0000, 0x00000237bdbe0000, 0x00000237c00e0000]
 total_blobs=6116, nmethods=5483, adapters=556, full_count=0
Compilation: enabled, stopped_count=0, restarted_count=0

Compilation events (20 events):
Event: 14.954 Thread 0x000002380d0d4250 5506       1       org.apache.coyote.Request::getMimeHeaders (5 bytes)
Event: 14.954 Thread 0x000002380d0d4250 nmethod 5506 0x00000237bd44fe90 code [0x00000237bd450020, 0x00000237bd4500f0]
Event: 14.954 Thread 0x00000237c7efc860 5507       1       org.springframework.util.MimeType::getType (5 bytes)
Event: 14.954 Thread 0x00000237c7efc860 nmethod 5507 0x00000237bd44fb90 code [0x00000237bd44fd20, 0x00000237bd44fdf0]
Event: 14.955 Thread 0x00000237c7efc860 5508       1       java.lang.invoke.StringConcatFactory::prepender (67 bytes)
Event: 14.955 Thread 0x00000237c7efc860 nmethod 5508 0x00000237bd44ed10 code [0x00000237bd44ef00, 0x00000237bd44f3e8]
Event: 14.955 Thread 0x000002380d0d4250 5510       1       java.lang.invoke.LambdaForm$NamedFunction::<init> (7 bytes)
Event: 14.955 Thread 0x00000237c7efc860 5511       1       java.util.ImmutableCollections$ListN::<init> (15 bytes)
Event: 14.955 Thread 0x000002380d0d4250 nmethod 5510 0x00000237bd44e110 code [0x00000237bd44e2a0, 0x00000237bd44e3e8]
Event: 14.955 Thread 0x00000237c7efc860 nmethod 5511 0x00000237bd44de10 code [0x00000237bd44dfa0, 0x00000237bd44e0c0]
Event: 14.956 Thread 0x00000237c7efc860 5513       1       java.util.List::of (64 bytes)
Event: 14.956 Thread 0x00000237c7efc860 nmethod 5513 0x00000237bd44cd90 code [0x00000237bd44cfa0, 0x00000237bd44d5c0]
Event: 14.956 Thread 0x00000237c7efc860 5515       1       java.lang.StringUTF16::inflate (42 bytes)
Event: 14.957 Thread 0x00000237c7efc860 nmethod 5515 0x00000237bd44c890 code [0x00000237bd44ca40, 0x00000237bd44cbe0]
Event: 14.958 Thread 0x00000237c7efc860 5516       1       java.lang.invoke.LambdaForm$BasicType::basicTypeChar (5 bytes)
Event: 14.958 Thread 0x00000237c7efc860 nmethod 5516 0x00000237bd44b990 code [0x00000237bd44bb20, 0x00000237bd44bbf0]
Event: 14.959 Thread 0x00000237c7efc860 5519       1       java.lang.invoke.ClassSpecializer$Factory$1Var::slotSize (8 bytes)
Event: 14.959 Thread 0x00000237c7efc860 nmethod 5519 0x00000237bd44b010 code [0x00000237bd44b1a0, 0x00000237bd44b288]
Event: 14.959 Thread 0x00000237c7efc860 5521       1       java.lang.invoke.DirectMethodHandle::make (21 bytes)
Event: 14.960 Thread 0x00000237c7efc860 nmethod 5521 0x00000237bd44a690 code [0x00000237bd44a840, 0x00000237bd44a938]

GC Heap History (20 events):
Event: 4.263 GC heap after
{Heap after GC invocations=7 (full 0):
 garbage-first heap   total 59392K, used 19477K [0x0000000705800000, 0x0000000800000000)
  region size 2048K, 3 young (6144K), 3 survivors (6144K)
 Metaspace       used 34465K, committed 35072K, reserved 1114112K
  class space    used 4902K, committed 5184K, reserved 1048576K
}
Event: 4.364 GC heap before
{Heap before GC invocations=7 (full 0):
 garbage-first heap   total 59392K, used 23573K [0x0000000705800000, 0x0000000800000000)
  region size 2048K, 6 young (12288K), 3 survivors (6144K)
 Metaspace       used 35390K, committed 35968K, reserved 1114112K
  class space    used 5030K, committed 5248K, reserved 1048576K
}
Event: 4.367 GC heap after
{Heap after GC invocations=8 (full 0):
 garbage-first heap   total 59392K, used 20707K [0x0000000705800000, 0x0000000800000000)
  region size 2048K, 1 young (2048K), 1 survivors (2048K)
 Metaspace       used 35390K, committed 35968K, reserved 1114112K
  class space    used 5030K, committed 5248K, reserved 1048576K
}
Event: 4.822 GC heap before
{Heap before GC invocations=9 (full 0):
 garbage-first heap   total 59392K, used 47331K [0x0000000705800000, 0x0000000800000000)
  region size 2048K, 14 young (28672K), 1 survivors (2048K)
 Metaspace       used 39033K, committed 39616K, reserved 1114112K
  class space    used 5604K, committed 5888K, reserved 1048576K
}
Event: 4.824 GC heap after
{Heap after GC invocations=10 (full 0):
 garbage-first heap   total 59392K, used 22800K [0x0000000705800000, 0x0000000800000000)
  region size 2048K, 2 young (4096K), 2 survivors (4096K)
 Metaspace       used 39033K, committed 39616K, reserved 1114112K
  class space    used 5604K, committed 5888K, reserved 1048576K
}
Event: 5.281 GC heap before
{Heap before GC invocations=10 (full 0):
 garbage-first heap   total 59392K, used 47376K [0x0000000705800000, 0x0000000800000000)
  region size 2048K, 14 young (28672K), 2 survivors (4096K)
 Metaspace       used 42371K, committed 43072K, reserved 1114112K
  class space    used 6095K, committed 6400K, reserved 1048576K
}
Event: 5.285 GC heap after
{Heap after GC invocations=11 (full 0):
 garbage-first heap   total 59392K, used 24894K [0x0000000705800000, 0x0000000800000000)
  region size 2048K, 2 young (4096K), 2 survivors (4096K)
 Metaspace       used 42371K, committed 43072K, reserved 1114112K
  class space    used 6095K, committed 6400K, reserved 1048576K
}
Event: 14.576 GC heap before
{Heap before GC invocations=11 (full 0):
 garbage-first heap   total 59392K, used 45374K [0x0000000705800000, 0x0000000800000000)
  region size 2048K, 13 young (26624K), 2 survivors (4096K)
 Metaspace       used 47503K, committed 48256K, reserved 1114112K
  class space    used 6761K, committed 7104K, reserved 1048576K
}
Event: 14.581 GC heap after
{Heap after GC invocations=12 (full 0):
 garbage-first heap   total 59392K, used 26500K [0x0000000705800000, 0x0000000800000000)
  region size 2048K, 2 young (4096K), 2 survivors (4096K)
 Metaspace       used 47503K, committed 48256K, reserved 1114112K
  class space    used 6761K, committed 7104K, reserved 1048576K
}
Event: 14.871 GC heap before
{Heap before GC invocations=12 (full 0):
 garbage-first heap   total 59392K, used 36740K [0x0000000705800000, 0x0000000800000000)
  region size 2048K, 9 young (18432K), 2 survivors (4096K)
 Metaspace       used 50268K, committed 51008K, reserved 1114112K
  class space    used 7181K, committed 7488K, reserved 1048576K
}
Event: 14.876 GC heap after
{Heap after GC invocations=13 (full 0):
 garbage-first heap   total 59392K, used 26920K [0x0000000705800000, 0x0000000800000000)
  region size 2048K, 2 young (4096K), 2 survivors (4096K)
 Metaspace       used 50268K, committed 51008K, reserved 1114112K
  class space    used 7181K, committed 7488K, reserved 1048576K
}
Event: 14.902 GC heap before
{Heap before GC invocations=13 (full 0):
 garbage-first heap   total 59392K, used 33064K [0x0000000705800000, 0x0000000800000000)
  region size 2048K, 3 young (6144K), 2 survivors (4096K)
 Metaspace       used 50512K, committed 51264K, reserved 1114112K
  class space    used 7212K, committed 7552K, reserved 1048576K
}
Event: 14.905 GC heap after
{Heap after GC invocations=14 (full 0):
 garbage-first heap   total 159744K, used 33497K [0x0000000705800000, 0x0000000800000000)
  region size 2048K, 2 young (4096K), 2 survivors (4096K)
 Metaspace       used 50512K, committed 51264K, reserved 1114112K
  class space    used 7212K, committed 7552K, reserved 1048576K
}
Event: 14.963 GC heap before
{Heap before GC invocations=14 (full 0):
 garbage-first heap   total 159744K, used 74457K [0x0000000705800000, 0x0000000800000000)
  region size 2048K, 7 young (14336K), 2 survivors (4096K)
 Metaspace       used 51025K, committed 51776K, reserved 1114112K
  class space    used 7291K, committed 7616K, reserved 1048576K
}
Event: 14.966 GC heap after
{Heap after GC invocations=15 (full 0):
 garbage-first heap   total 159744K, used 44201K [0x0000000705800000, 0x0000000800000000)
  region size 2048K, 2 young (4096K), 2 survivors (4096K)
 Metaspace       used 51025K, committed 51776K, reserved 1114112K
  class space    used 7291K, committed 7616K, reserved 1048576K
}
Event: 14.975 GC heap before
{Heap before GC invocations=15 (full 0):
 garbage-first heap   total 159744K, used 70825K [0x0000000705800000, 0x0000000800000000)
  region size 2048K, 3 young (6144K), 2 survivors (4096K)
 Metaspace       used 51100K, committed 51840K, reserved 1114112K
  class space    used 7303K, committed 7616K, reserved 1048576K
}
Event: 14.977 GC heap after
{Heap after GC invocations=16 (full 0):
 garbage-first heap   total 159744K, used 54480K [0x0000000705800000, 0x0000000800000000)
  region size 2048K, 2 young (4096K), 2 survivors (4096K)
 Metaspace       used 51100K, committed 51840K, reserved 1114112K
  class space    used 7303K, committed 7616K, reserved 1048576K
}
Event: 14.982 GC heap before
{Heap before GC invocations=16 (full 0):
 garbage-first heap   total 159744K, used 74960K [0x0000000705800000, 0x0000000800000000)
  region size 2048K, 3 young (6144K), 2 survivors (4096K)
 Metaspace       used 51134K, committed 51840K, reserved 1114112K
  class space    used 7309K, committed 7616K, reserved 1048576K
}
Event: 14.984 GC heap after
{Heap after GC invocations=17 (full 0):
 garbage-first heap   total 159744K, used 64762K [0x0000000705800000, 0x0000000800000000)
  region size 2048K, 2 young (4096K), 2 survivors (4096K)
 Metaspace       used 51134K, committed 51840K, reserved 1114112K
  class space    used 7309K, committed 7616K, reserved 1048576K
}
Event: 14.987 GC heap before
{Heap before GC invocations=17 (full 0):
 garbage-first heap   total 159744K, used 75002K [0x0000000705800000, 0x0000000800000000)
  region size 2048K, 3 young (6144K), 2 survivors (4096K)
 Metaspace       used 51154K, committed 51968K, reserved 1114112K
  class space    used 7313K, committed 7680K, reserved 1048576K
}

Dll operation events (11 events):
Event: 0.014 Loaded shared library C:\Users\araom\.jdks\ms-21.0.8\bin\java.dll
Event: 0.181 Loaded shared library C:\Users\araom\.jdks\ms-21.0.8\bin\zip.dll
Event: 0.186 Loaded shared library C:\Users\araom\.jdks\ms-21.0.8\bin\instrument.dll
Event: 0.194 Loaded shared library C:\Users\araom\.jdks\ms-21.0.8\bin\net.dll
Event: 0.197 Loaded shared library C:\Users\araom\.jdks\ms-21.0.8\bin\nio.dll
Event: 0.200 Loaded shared library C:\Users\araom\.jdks\ms-21.0.8\bin\zip.dll
Event: 0.283 Loaded shared library C:\Users\araom\.jdks\ms-21.0.8\bin\extnet.dll
Event: 0.309 Loaded shared library C:\Users\araom\.jdks\ms-21.0.8\bin\jimage.dll
Event: 0.596 Loaded shared library C:\Users\araom\.jdks\ms-21.0.8\bin\management.dll
Event: 0.599 Loaded shared library C:\Users\araom\.jdks\ms-21.0.8\bin\management_ext.dll
Event: 1.411 Loaded shared library C:\Users\araom\.jdks\ms-21.0.8\bin\sunmscapi.dll

Deoptimization events (0 events):
No events

Classes loaded (20 events):
Event: 14.681 Loading class javax/crypto/MacSpi
Event: 14.681 Loading class javax/crypto/MacSpi done
Event: 14.681 Loading class com/sun/crypto/provider/HmacCore done
Event: 14.681 Loading class com/sun/crypto/provider/HmacCore$HmacSHA256 done
Event: 14.942 Loading class java/util/Base64
Event: 14.942 Loading class java/util/Base64 done
Event: 14.942 Loading class java/util/Base64$Encoder
Event: 14.942 Loading class java/util/Base64$Encoder done
Event: 14.946 Loading class java/util/stream/LongStream
Event: 14.946 Loading class java/util/stream/LongStream done
Event: 14.946 Loading class java/util/stream/DoubleStream
Event: 14.946 Loading class java/util/stream/DoubleStream done
Event: 14.952 Loading class org/w3c/dom/Node
Event: 14.952 Loading class org/w3c/dom/Node done
Event: 14.952 Loading class org/w3c/dom/Document
Event: 14.952 Loading class org/w3c/dom/Document done
Event: 14.958 Loading class java/lang/invoke/BoundMethodHandle$Species_LLLLLLLLLL
Event: 14.958 Loading class java/lang/invoke/BoundMethodHandle$Species_LLLLLLLLLL done
Event: 14.959 Loading class java/lang/invoke/BoundMethodHandle$Species_LLLLLLLLLLL
Event: 14.959 Loading class java/lang/invoke/BoundMethodHandle$Species_LLLLLLLLLLL done

Classes unloaded (0 events):
No events

Classes redefined (0 events):
No events

Internal exceptions (20 events):
Event: 4.802 Thread 0x000002380da47a50 Exception <a 'java/lang/NoSuchMethodError'{0x00000007076c8b20}: 'java.lang.Object java.lang.invoke.DirectMethodHandle$Holder.newInvokeSpecial(java.lang.Object, java.lang.Object, java.lang.Object, java.lang.Object, java.lang.Object, java.lang.Object, java.lang.Object, java.lang.Object, java.lang.Object, java.lang.Object, java.lang.Object)'> (0x00000007076c8b20) 
thrown [s\src\hotspot\share\interpreter\linkResolver.cpp, line 773]
Event: 4.836 Thread 0x000002380da47a50 Exception <a 'java/lang/NoSuchMethodError'{0x00000007152ae2f0}: 'java.lang.Object java.lang.invoke.DirectMethodHandle$Holder.invokeVirtual(java.lang.Object, java.lang.Object, java.lang.Object, int)'> (0x00000007152ae2f0) 
thrown [s\src\hotspot\share\interpreter\linkResolver.cpp, line 773]
Event: 5.075 Thread 0x000002380da47a50 Exception <a 'java/lang/NoSuchMethodError'{0x00000007084faf60}: 'java.lang.Object java.lang.invoke.DirectMethodHandle$Holder.invokeInterface(java.lang.Object, java.lang.Object, java.lang.Object, java.lang.Object)'> (0x00000007084faf60) 
thrown [s\src\hotspot\share\interpreter\linkResolver.cpp, line 773]
Event: 5.112 Thread 0x000002380da47a50 Exception <a 'java/lang/NoSuchMethodError'{0x00000007082e3588}: 'java.lang.Object java.lang.invoke.DirectMethodHandle$Holder.invokeVirtual(java.lang.Object, java.lang.Object, int)'> (0x00000007082e3588) 
thrown [s\src\hotspot\share\interpreter\linkResolver.cpp, line 773]
Event: 5.175 Thread 0x000002380da47a50 Exception <a 'java/lang/IncompatibleClassChangeError'{0x0000000707e2a360}: Found class java.lang.Object, but interface was expected> (0x0000000707e2a360) 
thrown [s\src\hotspot\share\interpreter\linkResolver.cpp, line 840]
Event: 5.217 Thread 0x000002380da47a50 Exception <a 'java/lang/NoSuchMethodError'{0x0000000707cb73b8}: 'java.lang.Object java.lang.invoke.DirectMethodHandle$Holder.invokeSpecial(java.lang.Object, java.lang.Object, int, int, int, int)'> (0x0000000707cb73b8) 
thrown [s\src\hotspot\share\interpreter\linkResolver.cpp, line 773]
Event: 5.244 Thread 0x000002380da47a50 Exception <a 'java/lang/NoSuchMethodError'{0x0000000707a39138}: 'int java.lang.invoke.DirectMethodHandle$Holder.invokeStaticInit(java.lang.Object, java.lang.Object, java.lang.Object, java.lang.Object)'> (0x0000000707a39138) 
thrown [s\src\hotspot\share\interpreter\linkResolver.cpp, line 773]
Event: 5.409 Thread 0x000002380da47a50 Exception <a 'java/lang/NoSuchMethodError'{0x0000000711f95f40}: 'java.lang.Object java.lang.invoke.DirectMethodHandle$Holder.newInvokeSpecial(java.lang.Object, java.lang.Object, int, java.lang.Object, java.lang.Object)'> (0x0000000711f95f40) 
thrown [s\src\hotspot\share\interpreter\linkResolver.cpp, line 773]
Event: 5.472 Thread 0x000002380d856960 Exception <a 'java/lang/NoSuchMethodError'{0x00000007086103b0}: 'long java.lang.invoke.DirectMethodHandle$Holder.invokeStatic(java.lang.Object, long)'> (0x00000007086103b0) 
thrown [s\src\hotspot\share\interpreter\linkResolver.cpp, line 773]
Event: 14.343 Thread 0x000002380d859de0 Exception <a 'java/lang/NoSuchMethodError'{0x0000000708711eb0}: 'java.lang.Object java.lang.invoke.DirectMethodHandle$Holder.invokeStatic(java.lang.Object, java.lang.Object, java.lang.Object, int, int)'> (0x0000000708711eb0) 
thrown [s\src\hotspot\share\interpreter\linkResolver.cpp, line 773]
Event: 14.343 Thread 0x000002380d859de0 Exception <a 'java/lang/NoSuchMethodError'{0x00000007087154c0}: 'java.lang.Object java.lang.invoke.DirectMethodHandle$Holder.invokeStaticInit(java.lang.Object, java.lang.Object, java.lang.Object, int, int)'> (0x00000007087154c0) 
thrown [s\src\hotspot\share\interpreter\linkResolver.cpp, line 773]
Event: 14.373 Thread 0x000002380f410d40 Exception <a 'java/lang/NoSuchMethodError'{0x000000070842a078}: 'java.lang.Object java.lang.invoke.DirectMethodHandle$Holder.invokeSpecial(java.lang.Object, java.lang.Object, java.lang.Object, java.lang.Object, java.lang.Object, long)'> (0x000000070842a078) 
thrown [s\src\hotspot\share\interpreter\linkResolver.cpp, line 773]
Event: 14.374 Thread 0x000002380f410d40 Exception <a 'java/lang/NoSuchMethodError'{0x000000070842d858}: 'java.lang.Object java.lang.invoke.Invokers$Holder.linkToTargetMethod(java.lang.Object, java.lang.Object, java.lang.Object, long, java.lang.Object)'> (0x000000070842d858) 
thrown [s\src\hotspot\share\interpreter\linkResolver.cpp, line 773]
Event: 14.677 Thread 0x000002380d8590c0 Exception <a 'sun/nio/fs/WindowsException'{0x0000000711c97cb0}> (0x0000000711c97cb0) 
thrown [s\src\hotspot\share\prims\jni.cpp, line 520]
Event: 14.734 Thread 0x000002380d8590c0 Exception <a 'java/lang/NoSuchMethodError'{0x0000000711ddab60}: 'void java.lang.invoke.Invokers$Holder.invoke_MT(java.lang.Object, java.lang.Object, java.lang.Object, java.lang.Object)'> (0x0000000711ddab60) 
thrown [s\src\hotspot\share\interpreter\linkResolver.cpp, line 773]
Event: 14.734 Thread 0x000002380f412780 Exception <a 'java/lang/NoSuchMethodError'{0x0000000711d82760}: 'void java.lang.invoke.Invokers$Holder.invoke_MT(java.lang.Object, java.lang.Object, java.lang.Object, java.lang.Object)'> (0x0000000711d82760) 
thrown [s\src\hotspot\share\interpreter\linkResolver.cpp, line 773]
Event: 14.840 Thread 0x000002380d8590c0 Exception <a 'java/lang/NoSuchMethodError'{0x0000000708724900}: 'int java.lang.invoke.DirectMethodHandle$Holder.invokeStatic(java.lang.Object, int, java.lang.Object)'> (0x0000000708724900) 
thrown [s\src\hotspot\share\interpreter\linkResolver.cpp, line 773]
Event: 14.959 Thread 0x000002380d8590c0 Exception <a 'java/lang/NoSuchMethodError'{0x0000000711b0f980}: 'java.lang.Object java.lang.invoke.DirectMethodHandle$Holder.invokeStatic(java.lang.Object, java.lang.Object, java.lang.Object, java.lang.Object, java.lang.Object, java.lang.Object, java.lang.Object, java.lang.Object, java.lang.Object, java.lang.Object, java.lang.Object, java.lang.Object, java.lang.Object)'> (0x0000000711b0f980) 
thrown [s\src\hotspot\share\interpreter\linkResolver.cpp, line 773]
Event: 14.959 Thread 0x000002380d8590c0 Exception <a 'java/lang/NoSuchMethodError'{0x0000000711b2fd38}: 'java.lang.Object java.lang.invoke.DirectMethodHandle$Holder.invokeStatic(java.lang.Object, java.lang.Object, java.lang.Object, java.lang.Object, java.lang.Object, java.lang.Object, java.lang.Object, java.lang.Object, java.lang.Object, java.lang.Object, java.lang.Object, java.lang.Object, java.lang.Object, java.lang.Object)'> (0x0000000711b2fd38) 
thrown [s\src\hotspot\share\interpreter\linkResolver.cpp, line 773]
Event: 14.960 Thread 0x000002380d8590c0 Exception <a 'java/lang/NoSuchMethodError'{0x0000000711b69d50}: 'java.lang.Object java.lang.invoke.Invokers$Holder.linkToTargetMethod(java.lang.Object, java.lang.Object, java.lang.Object, java.lang.Object, java.lang.Object, java.lang.Object, java.lang.Object, java.lang.Object, java.lang.Object, java.lang.Object, java.lang.Object, java.lang.Object, java.lang.Object, java.lang.Object, java.lang.Object, java.lang.Object)'> (0x0000000711b69d50) 
thrown [s\src\hotspot\share\interpreter\linkResolver.cpp, line 77

ZGC Phase Switch (0 events):
No events

VM Operations (20 events):
Event: 14.581 Executing VM operation: G1CollectForAllocation (G1 Evacuation Pause) done
Event: 14.650 Executing VM operation: HandshakeAllThreads (Deoptimize)
Event: 14.650 Executing VM operation: HandshakeAllThreads (Deoptimize) done
Event: 14.677 Executing VM operation: HandshakeAllThreads (Deoptimize)
Event: 14.678 Executing VM operation: HandshakeAllThreads (Deoptimize) done
Event: 14.680 Executing VM operation: HandshakeAllThreads (Deoptimize)
Event: 14.680 Executing VM operation: HandshakeAllThreads (Deoptimize) done
Event: 14.865 Executing VM operation: HandshakeAllThreads (Deoptimize)
Event: 14.865 Executing VM operation: HandshakeAllThreads (Deoptimize) done
Event: 14.871 Executing VM operation: G1TryInitiateConcMark (G1 Humongous Allocation)
Event: 14.877 Executing VM operation: G1TryInitiateConcMark (G1 Humongous Allocation) done
Event: 14.902 Executing VM operation: G1TryInitiateConcMark (G1 Humongous Allocation)
Event: 14.905 Executing VM operation: G1TryInitiateConcMark (G1 Humongous Allocation) done
Event: 14.963 Executing VM operation: G1TryInitiateConcMark (G1 Humongous Allocation)
Event: 14.966 Executing VM operation: G1TryInitiateConcMark (G1 Humongous Allocation) done
Event: 14.975 Executing VM operation: G1TryInitiateConcMark (G1 Humongous Allocation)
Event: 14.977 Executing VM operation: G1TryInitiateConcMark (G1 Humongous Allocation) done
Event: 14.982 Executing VM operation: G1TryInitiateConcMark (G1 Humongous Allocation)
Event: 14.984 Executing VM operation: G1TryInitiateConcMark (G1 Humongous Allocation) done
Event: 14.987 Executing VM operation: G1TryInitiateConcMark (G1 Humongous Allocation)

Memory protections (0 events):
No events

Nmethod flushes (20 events):
Event: 4.377 Thread 0x00000237c7ed0660 flushing  nmethod 0x00000237bd3de810
Event: 4.377 Thread 0x00000237c7ed0660 flushing  nmethod 0x00000237bd3f4610
Event: 4.377 Thread 0x00000237c7ed0660 flushing  nmethod 0x00000237bd417710
Event: 4.377 Thread 0x00000237c7ed0660 flushing  nmethod 0x00000237bd381e10
Event: 4.377 Thread 0x00000237c7ed0660 flushing  nmethod 0x00000237bd382290
Event: 4.377 Thread 0x00000237c7ed0660 flushing  nmethod 0x00000237bd3d6090
Event: 4.377 Thread 0x00000237c7ed0660 flushing  nmethod 0x00000237bd3d8710
Event: 4.377 Thread 0x00000237c7ed0660 flushing  nmethod 0x00000237bd419d90
Event: 4.377 Thread 0x00000237c7ed0660 flushing  nmethod 0x00000237bd62e690
Event: 4.377 Thread 0x00000237c7ed0660 flushing  nmethod 0x00000237bd221b90
Event: 4.377 Thread 0x00000237c7ed0660 flushing  nmethod 0x00000237bd223110
Event: 4.377 Thread 0x00000237c7ed0660 flushing  nmethod 0x00000237bd385990
Event: 4.377 Thread 0x00000237c7ed0660 flushing  nmethod 0x00000237bd386d90
Event: 4.377 Thread 0x00000237c7ed0660 flushing  nmethod 0x00000237bd39e610
Event: 4.377 Thread 0x00000237c7ed0660 flushing  nmethod 0x00000237bd3e3710
Event: 4.377 Thread 0x00000237c7ed0660 flushing  nmethod 0x00000237bd613f10
Event: 4.377 Thread 0x00000237c7ed0660 flushing  nmethod 0x00000237bd632f10
Event: 4.377 Thread 0x00000237c7ed0660 flushing  nmethod 0x00000237bd5b0490
Event: 4.377 Thread 0x00000237c7ed0660 flushing  nmethod 0x00000237bd5fc890
Event: 4.377 Thread 0x00000237c7ed0660 flushing  nmethod 0x00000237bd619f90

Events (20 events):
Event: 5.355 Thread 0x000002380da47a50 Thread added: 0x000002380f410020
Event: 5.415 Thread 0x000002380da47a50 Thread added: 0x000002380f4113d0
Event: 5.415 Thread 0x000002380da47a50 Thread added: 0x000002380f411a60
Event: 5.415 Thread 0x000002380da47a50 Thread added: 0x000002380f410d40
Event: 5.415 Thread 0x000002380da47a50 Thread added: 0x000002380f4120f0
Event: 5.415 Thread 0x000002380da47a50 Thread added: 0x000002380f412780
Event: 5.415 Thread 0x000002380da47a50 Thread added: 0x000002380d8590c0
Event: 5.415 Thread 0x000002380da47a50 Thread added: 0x000002380d8583a0
Event: 5.415 Thread 0x000002380da47a50 Thread added: 0x000002380d859750
Event: 5.415 Thread 0x000002380da47a50 Thread added: 0x000002380d858a30
Event: 5.415 Thread 0x000002380da47a50 Thread added: 0x000002380d857d10
Event: 5.426 Thread 0x000002380da47a50 Thread added: 0x000002380d8562d0
Event: 5.427 Thread 0x000002380da47a50 Thread added: 0x000002380d859de0
Event: 5.433 Thread 0x000002380da47a50 Thread added: 0x000002380d856960
Event: 5.438 Thread 0x000002380da47a50 Thread exited: 0x000002380da47a50
Event: 5.440 Thread 0x000002380da491a0 Thread exited: 0x000002380da491a0
Event: 5.440 Thread 0x00000237b260f4c0 Thread exited: 0x00000237b260f4c0
Event: 5.440 Thread 0x000002380d85a470 Thread added: 0x000002380d85a470
Event: 9.069 Thread 0x000002380d66a1e0 Thread exited: 0x000002380d66a1e0
Event: 9.070 Thread 0x000002380d0da910 Thread exited: 0x000002380d0da910


Dynamic libraries:
0x00007ff7a5ce0000 - 0x00007ff7a5cee000 	C:\Users\araom\.jdks\ms-21.0.8\bin\java.exe
0x00007ff97b960000 - 0x00007ff97bbc9000 	C:\WINDOWS\SYSTEM32\ntdll.dll
0x00007ff979ed0000 - 0x00007ff979f99000 	C:\WINDOWS\System32\KERNEL32.DLL
0x00007ff9790d0000 - 0x00007ff9794c3000 	C:\WINDOWS\System32\KERNELBASE.dll
0x00007ff978ee0000 - 0x00007ff97902b000 	C:\WINDOWS\System32\ucrtbase.dll
0x00007ff957320000 - 0x00007ff95733e000 	C:\Users\araom\.jdks\ms-21.0.8\bin\VCRUNTIME140.dll
0x00007ff954c50000 - 0x00007ff954c68000 	C:\Users\araom\.jdks\ms-21.0.8\bin\jli.dll
0x00007ff97b750000 - 0x00007ff97b914000 	C:\WINDOWS\System32\USER32.dll
0x00007ff979650000 - 0x00007ff979677000 	C:\WINDOWS\System32\win32u.dll
0x00007ff97a130000 - 0x00007ff97a15b000 	C:\WINDOWS\System32\GDI32.dll
0x00007ff93add0000 - 0x00007ff93b063000 	C:\WINDOWS\WinSxS\amd64_microsoft.windows.common-controls_6595b64144ccf1df_6.0.26100.5074_none_3e0d6f78e32fd63f\COMCTL32.dll
0x00007ff978b80000 - 0x00007ff978cad000 	C:\WINDOWS\System32\gdi32full.dll
0x00007ff979680000 - 0x00007ff979723000 	C:\WINDOWS\System32\msvcp_win.dll
0x00007ff97a080000 - 0x00007ff97a129000 	C:\WINDOWS\System32\msvcrt.dll
0x00007ff97b710000 - 0x00007ff97b73f000 	C:\WINDOWS\System32\IMM32.DLL
0x00007ff957510000 - 0x00007ff95751c000 	C:\Users\araom\.jdks\ms-21.0.8\bin\vcruntime140_1.dll
0x00007ff9549d0000 - 0x00007ff954a59000 	C:\Users\araom\.jdks\ms-21.0.8\bin\msvcp140.dll
0x00007ff8f7960000 - 0x00007ff8f870c000 	C:\Users\araom\.jdks\ms-21.0.8\bin\server\jvm.dll
0x00007ff979e10000 - 0x00007ff979ec4000 	C:\WINDOWS\System32\ADVAPI32.dll
0x00007ff97ab40000 - 0x00007ff97abe6000 	C:\WINDOWS\System32\sechost.dll
0x00007ff97b490000 - 0x00007ff97b5a8000 	C:\WINDOWS\System32\RPCRT4.dll
0x00007ff97b1a0000 - 0x00007ff97b214000 	C:\WINDOWS\System32\WS2_32.dll
0x00007ff970cc0000 - 0x00007ff970cf5000 	C:\WINDOWS\SYSTEM32\WINMM.dll
0x00007ff978940000 - 0x00007ff97899e000 	C:\WINDOWS\SYSTEM32\POWRPROF.dll
0x00007ff96a720000 - 0x00007ff96a72b000 	C:\WINDOWS\SYSTEM32\VERSION.dll
0x00007ff978920000 - 0x00007ff978934000 	C:\WINDOWS\SYSTEM32\UMPDC.dll
0x00007ff977890000 - 0x00007ff9778ab000 	C:\WINDOWS\SYSTEM32\kernel.appcore.dll
0x00007ff957440000 - 0x00007ff95744a000 	C:\Users\araom\.jdks\ms-21.0.8\bin\jimage.dll
0x00007ff961ee0000 - 0x00007ff962122000 	C:\WINDOWS\SYSTEM32\DBGHELP.DLL
0x00007ff979730000 - 0x00007ff979aab000 	C:\WINDOWS\System32\combase.dll
0x00007ff97a300000 - 0x00007ff97a3d7000 	C:\WINDOWS\System32\OLEAUT32.dll
0x00007ff958770000 - 0x00007ff9587ad000 	C:\WINDOWS\SYSTEM32\dbgcore.DLL
0x00007ff979030000 - 0x00007ff9790c9000 	C:\WINDOWS\System32\bcryptPrimitives.dll
0x00007ff957310000 - 0x00007ff957320000 	C:\Users\araom\.jdks\ms-21.0.8\bin\instrument.dll
0x00007ff9549a0000 - 0x00007ff9549c1000 	C:\Users\araom\.jdks\ms-21.0.8\bin\java.dll
0x00007ff97a3f0000 - 0x00007ff97ab3d000 	C:\WINDOWS\System32\SHELL32.dll
0x00007ff978d70000 - 0x00007ff978edc000 	C:\WINDOWS\System32\wintypes.dll
0x00007ff976710000 - 0x00007ff976f69000 	C:\WINDOWS\SYSTEM32\windows.storage.dll
0x00007ff97b220000 - 0x00007ff97b310000 	C:\WINDOWS\System32\SHCORE.dll
0x00007ff97aca0000 - 0x00007ff97ad02000 	C:\WINDOWS\System32\shlwapi.dll
0x00007ff978a10000 - 0x00007ff978a39000 	C:\WINDOWS\SYSTEM32\profapi.dll
0x00007ff954940000 - 0x00007ff954958000 	C:\Users\araom\.jdks\ms-21.0.8\bin\zip.dll
0x00007ff954980000 - 0x00007ff954991000 	C:\Users\araom\.jdks\ms-21.0.8\bin\net.dll
0x00007ff972650000 - 0x00007ff97276f000 	C:\WINDOWS\SYSTEM32\WINHTTP.dll
0x00007ff977df0000 - 0x00007ff977e5b000 	C:\WINDOWS\system32\mswsock.dll
0x00007ff954960000 - 0x00007ff954976000 	C:\Users\araom\.jdks\ms-21.0.8\bin\nio.dll
0x00007ff9541d0000 - 0x00007ff9541d9000 	C:\Users\araom\.jdks\ms-21.0.8\bin\extnet.dll
0x00007ff953ca0000 - 0x00007ff953caa000 	C:\Users\araom\.jdks\ms-21.0.8\bin\management.dll
0x00007ff953720000 - 0x00007ff95372c000 	C:\Users\araom\.jdks\ms-21.0.8\bin\management_ext.dll
0x00007ff97abf0000 - 0x00007ff97abf8000 	C:\WINDOWS\System32\PSAPI.DLL
0x00007ff954180000 - 0x00007ff95418e000 	C:\Users\araom\.jdks\ms-21.0.8\bin\sunmscapi.dll
0x00007ff9794d0000 - 0x00007ff979647000 	C:\WINDOWS\System32\CRYPT32.dll
0x00007ff978310000 - 0x00007ff978340000 	C:\WINDOWS\SYSTEM32\ncrypt.dll
0x00007ff9782c0000 - 0x00007ff9782ff000 	C:\WINDOWS\SYSTEM32\NTASN1.dll
0x00007ff9781c0000 - 0x00007ff9781db000 	C:\WINDOWS\SYSTEM32\CRYPTSP.dll
0x00007ff9777f0000 - 0x00007ff97782b000 	C:\WINDOWS\system32\rsaenh.dll
0x00007ff977e90000 - 0x00007ff977ebb000 	C:\WINDOWS\SYSTEM32\USERENV.dll
0x00007ff9789e0000 - 0x00007ff978a06000 	C:\WINDOWS\SYSTEM32\bcrypt.dll
0x00007ff978020000 - 0x00007ff97802c000 	C:\WINDOWS\SYSTEM32\CRYPTBASE.dll
0x00007ff977290000 - 0x00007ff9772c4000 	C:\WINDOWS\SYSTEM32\IPHLPAPI.DLL
0x00007ff979fa0000 - 0x00007ff979faa000 	C:\WINDOWS\System32\NSI.dll
0x00007ff977320000 - 0x00007ff977446000 	C:\WINDOWS\SYSTEM32\DNSAPI.dll
0x00007ff970ad0000 - 0x00007ff970adb000 	C:\Windows\System32\rasadhlp.dll
0x00007ff973490000 - 0x00007ff973516000 	C:\WINDOWS\System32\fwpuclnt.dll
0x00007ff967590000 - 0x00007ff967598000 	C:\WINDOWS\system32\wshunix.dll

JVMTI agents:
C:\Users\araom\AppData\Local\Programs\IntelliJ IDEA Community Edition\lib\idea_rt.jar path:C:\Users\araom\.jdks\ms-21.0.8\bin\instrument.dll, loaded, initialized, instrumentlib options:49733

dbghelp: loaded successfully - version: 4.0.5 - missing functions: none
symbol engine: initialized successfully - sym options: 0x614 - pdb path: .;C:\Users\araom\.jdks\ms-21.0.8\bin;C:\WINDOWS\SYSTEM32;C:\WINDOWS\WinSxS\amd64_microsoft.windows.common-controls_6595b64144ccf1df_6.0.26100.5074_none_3e0d6f78e32fd63f;C:\Users\araom\.jdks\ms-21.0.8\bin\server

VM Arguments:
jvm_args: -XX:TieredStopAtLevel=1 -Dspring.output.ansi.enabled=always -javaagent:C:\Users\araom\AppData\Local\Programs\IntelliJ IDEA Community Edition\lib\idea_rt.jar=49733 -Dfile.encoding=UTF-8 -Dsun.stdout.encoding=UTF-8 -Dsun.stderr.encoding=UTF-8 
java_command: com.jobportal.Job.Poratl.JobPoratlApplication
java_class_path (initial): C:\Users\araom\OneDrive\Desktop\Job Poratl backend\Job-Poratl\target\classes;C:\Users\araom\.m2\repository\org\springframework\boot\spring-boot-starter-web\4.0.1\spring-boot-starter-web-4.0.1.jar;C:\Users\araom\.m2\repository\org\springframework\boot\spring-boot-starter-jackson\4.0.1\spring-boot-starter-jackson-4.0.1.jar;C:\Users\araom\.m2\repository\org\springframework\boot\spring-boot-jackson\4.0.1\spring-boot-jackson-4.0.1.jar;C:\Users\araom\.m2\repository\tools\jackson\core\jackson-databind\3.0.3\jackson-databind-3.0.3.jar;C:\Users\araom\.m2\repository\tools\jackson\core\jackson-core\3.0.3\jackson-core-3.0.3.jar;C:\Users\araom\.m2\repository\org\springframework\boot\spring-boot-starter-tomcat\4.0.1\spring-boot-starter-tomcat-4.0.1.jar;C:\Users\araom\.m2\repository\org\springframework\boot\spring-boot-starter-tomcat-runtime\4.0.1\spring-boot-starter-tomcat-runtime-4.0.1.jar;C:\Users\araom\.m2\repository\org\springframework\boot\spring-boot-web-server\4.0.1\spring-boot-web-server-4.0.1.jar;C:\Users\araom\.m2\repository\org\apache\tomcat\embed\tomcat-embed-core\11.0.15\tomcat-embed-core-11.0.15.jar;C:\Users\araom\.m2\repository\org\apache\tomcat\embed\tomcat-embed-websocket\11.0.15\tomcat-embed-websocket-11.0.15.jar;C:\Users\araom\.m2\repository\org\springframework\boot\spring-boot-tomcat\4.0.1\spring-boot-tomcat-4.0.1.jar;C:\Users\araom\.m2\repository\org\springframework\boot\spring-boot-http-converter\4.0.1\spring-boot-http-converter-4.0.1.jar;C:\Users\araom\.m2\repository\org\springframework\spring-web\7.0.2\spring-web-7.0.2.jar;C:\Users\araom\.m2\repository\io\micrometer\micrometer-observation\1.16.1\micrometer-observation-1.16.1.jar;C:\Users\araom\.m2\repository\io\micrometer\micrometer-commons\1.16.1\micrometer-commons-1.16.1.jar;C:\Users\araom\.m2\repository\org\springframework\boot\spring-boot-webmvc\4.0.1\spring-boot-webmvc-4.0.1.jar;C:\Users\araom\.m2\repository\org\springframework\boot\spring-boot-servlet\4.0.1\spring-boot-servlet-4.0.1.jar;C:\Users\araom\.m2\repository\org\springframework\spring-webmvc\7.0.2\spring-webmvc-7.0.2.jar;C:\Users\araom\.m2\repository\org\springframework\spring-expression\7.0.2\spring-expression-7.0.2.jar;C:\Users\araom\.m2\repository\org\springframework\boot\spring-boot-starter-data-mongodb\4.0.1\spring-boot-starter-data-mongodb-4.0.1.jar;C:\Users\araom\.m2\repository\org\springframework\boot\spring-boot-starter-mongodb\4.0.1\spring-boot-starter-mongodb-4.0.1.jar;C:\Users\araom\.m2\repository\org\springframework\boot\spring-boot-mongodb\4.0.1\spring-boot-mongodb-4.0.1.jar;C:\Users\araom\.m2\repository\org\mongodb\mongodb-driver-sync\5.6.2\mongodb-driver-sync-5.6.2.jar;C:\Users\araom\.m2\repository\org\mongodb\bson\5.6.2\bson-5.6.2.jar;C:\Users\araom\.m2\repository\org\mongodb\mongodb-driver-core\5.6.2\mongodb-driver-core-5.6.2.jar;C:\Users\araom\.m2\repository\org\mongodb\bson-record-codec\5.6.2\bson-record-codec-5.6.2.jar;C:\Users\araom\.m2\repository\org\springframework\boot\spring-boot-data-mongodb\4.0.1\spring-boot-data-mongodb-4.0.1.jar;C:\Users\araom\.m2\repository\org\springframework\boot\spring-boot-data-commons\4.0.1\spring-boot-data-commons-4.0.1.jar;C:\Users\araom\.m2\repository\org\springframework\boot\spring-boot-persistence\4.0.1\spring-boot-persistence-4.0.1.jar;C:\Users\araom\.m2\repository\org\springframework\data\spring-data-commons\4.0.1\spring-data-commons-4.0.1.jar;C:\Users\araom\.m2\repository\org\springframework\boot\spring-boot-transaction\4.0.1\spring-boot-transaction-4.0.1.jar;C:\Users\araom\.m2\repository\org\springframework\spring-tx\7.0.2\spring-tx-7.0.2.jar;C:\Users\araom\.m2\repository\org\springframework\data\spring-data-mongodb\5.0.1\spring-data-mongodb-5.0.1.jar;C:\Users\araom\.m2\repository\org\projectlombok\lombok\1.18.42\lombok-1.18.42.jar;C:\Users\araom\.m2\repository\org\springframework\boot\spring-boot-devtools\4.0.1\spring-boot-devtools-4.0.1.jar;C:\Users\araom\.m2\repository\org\springframework\boot\spring-boot\4.0.1\spring-boot-4.0.1.jar;C:\Users\araom\.m2\repository\org\springframework\spring-context\7.0.2\spring-context-7.0.2.jar;C:\Users\araom\.m2\repository\org\springframework\boot\spring-boot-autoconfigure\4.0.1\spring-boot-autoconfigure-4.0.1.jar;C:\Users\araom\.m2\repository\org\springframework\boot\spring-boot-starter-validation\4.0.1\spring-boot-starter-validation-4.0.1.jar;C:\Users\araom\.m2\repository\org\springframework\boot\spring-boot-starter\4.0.1\spring-boot-starter-4.0.1.jar;C:\Users\araom\.m2\repository\org\springframework\boot\spring-boot-starter-logging\4.0.1\spring-boot-starter-logging-4.0.1.jar;C:\Users\araom\.m2\repository\ch\qos\logback\logback-classic\1.5.22\logback-classic-1.5.22.jar;C:\Users\araom\.m2\repository\ch\qos\logback\logback-core\1.5.22\logback-core-1.5.22.jar;C:\Users\araom\.m2\repository\org\apache\logging\log4j\log4j-to-slf4j\2.25.3\log4j-to-slf4j-2.25.3.jar;C:\Users\araom\.m2\repository\org\apache\logging\log4j\log4j-api\2.25.3\log4j-api-2.25.3.jar;C:\Users\araom\.m2\repository\org\slf4j\jul-to-slf4j\2.0.17\jul-to-slf4j-2.0.17.jar;C:\Users\araom\.m2\repository\jakarta\annotation\jakarta.annotation-api\3.0.0\jakarta.annotation-api-3.0.0.jar;C:\Users\araom\.m2\repository\org\yaml\snakeyaml\2.5\snakeyaml-2.5.jar;C:\Users\araom\.m2\repository\org\springframework\boot\spring-boot-validation\4.0.1\spring-boot-validation-4.0.1.jar;C:\Users\araom\.m2\repository\org\apache\tomcat\embed\tomcat-embed-el\11.0.15\tomcat-embed-el-11.0.15.jar;C:\Users\araom\.m2\repository\org\hibernate\validator\hibernate-validator\9.0.1.Final\hibernate-validator-9.0.1.Final.jar;C:\Users\araom\.m2\repository\jakarta\validation\jakarta.validation-api\3.1.1\jakarta.validation-api-3.1.1.jar;C:\Users\araom\.m2\repository\org\jboss\logging\jboss-logging\3.6.1.Final\jboss-logging-3.6.1.Final.jar;C:\Users\araom\.m2\repository\com\fasterxml\classmate\1.7.1\classmate-1.7.1.jar;C:\Users\araom\.m2\repository\org\slf4j\slf4j-api\2.0.17\slf4j-api-2.0.17.jar;C:\Users\araom\.m2\repository\jakarta\activation\jakarta.activation-api\2.1.4\jakarta.activation-api-2.1.4.jar;C:\Users\araom\.m2\repository\org\springframework\spring-core\7.0.2\spring-core-7.0.2.jar;C:\Users\araom\.m2\repository\commons-logging\commons-logging\1.3.5\commons-logging-1.3.5.jar;C:\Users\araom\.m2\repository\org\jspecify\jspecify\1.0.0\jspecify-1.0.0.jar;C:\Users\araom\.m2\repository\org\springframework\boot\spring-boot-starter-security\4.0.1\spring-boot-starter-security-4.0.1.jar;C:\Users\araom\.m2\repository\org\springframework\boot\spring-boot-security\4.0.1\spring-boot-security-4.0.1.jar;C:\Users\araom\.m2\repository\org\springframework\security\spring-security-config\7.0.2\spring-security-config-7.0.2.jar;C:\Users\araom\.m2\repository\org\springframework\security\spring-security-core\7.0.2\spring-security-core-7.0.2.jar;C:\Users\araom\.m2\repository\org\springframework\security\spring-security-crypto\7.0.2\spring-security-crypto-7.0.2.jar;C:\Users\araom\.m2\repository\org\springframework\security\spring-security-web\7.0.2\spring-security-web-7.0.2.jar;C:\Users\araom\.m2\repository\org\springframework\spring-aop\7.0.2\spring-aop-7.0.2.jar;C:\Users\araom\.m2\repository\org\springframework\spring-beans\7.0.2\spring-beans-7.0.2.jar;C:\Users\araom\.m2\repository\org\springframework\boot\spring-boot-starter-mail\4.0.1\spring-boot-starter-mail-4.0.1.jar;C:\Users\araom\.m2\repository\org\springframework\boot\spring-boot-mail\4.0.1\spring-boot-mail-4.0.1.jar;C:\Users\araom\.m2\repository\org\springframework\spring-context-support\7.0.2\spring-context-support-7.0.2.jar;C:\Users\araom\.m2\repository\jakarta\mail\jakarta.mail-api\2.1.5\jakarta.mail-api-2.1.5.jar;C:\Users\araom\.m2\repository\org\eclipse\angus\angus-mail\2.0.5\angus-mail-2.0.5.jar;C:\Users\araom\.m2\repository\org\eclipse\angus\angus-activation\2.0.3\angus-activation-2.0.3.jar;C:\Users\araom\.m2\repository\com\fasterxml\jackson\core\jackson-databind\2.20.1\jackson-databind-2.20.1.jar;C:\Users\araom\.m2\repository\com\fasterxml\jackson\core\jackson-annotations\2.20\jackson-annotations-2.20.jar;C:\Users\araom\.m2\repository\com\fasterxml\jackson\core\jackson-core\2.20.1\jackson-core-2.20.1.jar;C:\Users\araom\.m2\repository\io\jsonwebtoken\jjwt-api\0.11.5\jjwt-api-0.11.5.jar;C:\Users\araom\.m2\repository\io\jsonwebtoken\jjwt-impl\0.11.5\jjwt-impl-0.11.5.jar;C:\Users\araom\.m2\repository\io\jsonwebtoken\jjwt-jackson\0.11.5\jjwt-jackson-0.11.5.jar
Launcher Type: SUN_STANDARD

[Global flags]
     intx CICompilerCount                          = 4                                         {product} {ergonomic}
     uint ConcGCThreads                            = 3                                         {product} {ergonomic}
     uint G1ConcRefinementThreads                  = 10                                        {product} {ergonomic}
   size_t G1HeapRegionSize                         = 2097152                                   {product} {ergonomic}
    uintx GCDrainStackTargetSize                   = 64                                        {product} {ergonomic}
   size_t InitialHeapSize                          = 264241152                                 {product} {ergonomic}
   size_t MarkStackSize                            = 4194304                                   {product} {ergonomic}
   size_t MaxHeapSize                              = 4202692608                                {product} {ergonomic}
   size_t MaxNewSize                               = 2520776704                                {product} {ergonomic}
   size_t MinHeapDeltaBytes                        = 2097152                                   {product} {ergonomic}
   size_t MinHeapSize                              = 8388608                                   {product} {ergonomic}
    uintx NonNMethodCodeHeapSize                   = 4096                                   {pd product} {ergonomic}
    uintx NonProfiledCodeHeapSize                  = 0                                      {pd product} {ergonomic}
     bool ProfileInterpreter                       = false                                  {pd product} {command line}
    uintx ProfiledCodeHeapSize                     = 0                                      {pd product} {ergonomic}
   size_t SoftMaxHeapSize                          = 4202692608                             {manageable} {ergonomic}
     intx TieredStopAtLevel                        = 1                                         {product} {command line}
     bool UseCompressedOops                        = true                           {product lp64_product} {ergonomic}
     bool UseG1GC                                  = true                                      {product} {ergonomic}
     bool UseLargePagesIndividualAllocation        = false                                  {pd product} {ergonomic}

Logging:
Log output configuration:
 #0: stdout all=warning uptime,level,tags foldmultilines=false
 #1: stderr all=off uptime,level,tags foldmultilines=false

Environment Variables:
JAVA_HOME=C:\Program Files\Eclipse Adoptium\jdk-21.0.6.7-hotspot\bin
PATH=C:\Program Files\Eclipse Adoptium\jdk-21.0.6.7-hotspot\bin;C:\Python313\Scripts\;C:\Python313\;C:\Python312\Scripts\;C:\Python312\;C:\WINDOWS\system32;C:\WINDOWS;C:\WINDOWS\System32\Wbem;C:\WINDOWS\System32\WindowsPowerShell\v1.0\;C:\WINDOWS\System32\OpenSSH\;C:\Program Files\Git\cmd;C:\Program Files (x86)\dotnet\;C:\MAMP\bin\mysql\bin;C:\Program Files\nodejs\;C:\ProgramData\chocolatey\bin;;C:\Program Files\Docker\Docker\resources\bin;C:\Users\araom\AppData\Local\Programs\Eclipse Adoptium\jdk-21.0.6.7-hotspot\bin;C:\Users\araom\AppData\Local\Microsoft\WindowsApps;C:\Users\araom\AppData\Local\Programs\Microsoft VS Code\bin;C:\Users\araom\AppData\Roaming\npm;C:\Users\araom\AppData\Local\JetBrains\Toolbox\scripts;C:\Users\araom\AppData\Local\Programs\mongosh\
USERNAME=araom
OS=Windows_NT
PROCESSOR_IDENTIFIER=Intel64 Family 6 Model 186 Stepping 3, GenuineIntel
TMP=C:\Users\araom\AppData\Local\Temp
TEMP=C:\Users\araom\AppData\Local\Temp




Periodic native trim disabled

---------------  S Y S T E M  ---------------

OS:
 Windows 11 , 64 bit Build 26100 (10.0.26100.5074)
OS uptime: 0 days 1:58 hours
Hyper-V role detected

CPU: total 12 (initial active 12) (6 cores per cpu, 2 threads per core) family 6 model 186 stepping 3 microcode 0x4129, cx8, cmov, fxsr, ht, mmx, 3dnowpref, sse, sse2, sse3, ssse3, sse4.1, sse4.2, popcnt, lzcnt, tsc, tscinvbit, avx, avx2, aes, erms, clmul, bmi1, bmi2, adx, sha, fma, vzeroupper, clflush, clflushopt, clwb, hv, serialize, rdtscp, rdpid, fsrm, f16c, cet_ibt, cet_ss
Processor Information for the first 12 processors :
  Max Mhz: 1300, Current Mhz: 1300, Mhz Limit: 1300

Memory: 4k page, system-wide physical 16024M (1535M free)
TotalPageFile size 21624M (AvailPageFile size 31M)
current process WorkingSet (physical memory assigned to process): 237M, peak: 237M
current process commit charge ("private bytes"): 431M, peak: 517M

vm_info: OpenJDK 64-Bit Server VM (21.0.8+9-LTS) for windows-amd64 JRE (21.0.8+9-LTS), built on 2025-07-10T20:22:44Z by "MicrosoftCorporation" with unknown MS VC++:1944

END.
