#
# There is insufficient memory for the Java Runtime Environment to continue.
# Native memory allocation (malloc) failed to allocate 1098896 bytes. Error detail: Chunk::new
# Possible reasons:
#   The system is out of physical RAM or swap space
#   This process is running with CompressedOops enabled, and the Java Heap may be blocking the growth of the native heap
# Possible solutions:
#   Reduce memory load on the system
#   Increase physical memory or swap space
#   Check if swap backing store is full
#   Decrease Java heap size (-Xmx/-Xms)
#   Decrease number of Java threads
#   Decrease Java thread stack sizes (-Xss)
#   Set larger code cache with -XX:ReservedCodeCacheSize=
#   JVM is running with Zero Based Compressed Oops mode in which the Java heap is
#     placed in the first 32GB address space. The Java Heap base address is the
#     maximum limit for the native heap growth. Please use -XX:HeapBaseMinAddress
#     to set the Java Heap base and to place the Java Heap above 32GB virtual address.
# This output file may be truncated or incomplete.
#
#  Out of Memory Error (arena.cpp:168), pid=26764, tid=35240
#
# JRE version: OpenJDK Runtime Environment Microsoft-11933218 (21.0.8+9) (build 21.0.8+9-LTS)
# Java VM: OpenJDK 64-Bit Server VM Microsoft-11933218 (21.0.8+9-LTS, mixed mode, sharing, tiered, compressed oops, compressed class ptrs, g1 gc, windows-amd64)
# No core dump will be written. Minidumps are not enabled by default on client versions of Windows
#

---------------  S U M M A R Y ------------

Command Line: -agentlib:jdwp=transport=dt_socket,address=127.0.0.1:53526,suspend=y,server=n -javaagent:C:\Users\araom\AppData\Local\JetBrains\IdeaIC2025.2\captureAgent\debugger-agent.jar=file:///C:/Users/araom/AppData/Local/Temp/capture11658710895199893236.props -Dkotlinx.coroutines.debug.enable.creation.stack.trace=false -Ddebugger.agent.enable.coroutines=true -Dkotlinx.coroutines.debug.enable.flows.stack.trace=true -Dkotlinx.coroutines.debug.enable.mutable.state.flows.stack.trace=true -Dfile.encoding=UTF-8 -Dsun.stdout.encoding=UTF-8 -Dsun.stderr.encoding=UTF-8 com.jobportal.Job.Poratl.JobPoratlApplication

Host: 13th Gen Intel(R) Core(TM) i5-1335U, 12 cores, 15G,  Windows 11 , 64 bit Build 26100 (10.0.26100.5074)
Time: Sun Jan 25 19:35:14 2026 elapsed time: 27658.055547 seconds (0d 7h 40m 58s)

---------------  T H R E A D  ---------------

Current thread (0x00000263d02ec720):  JavaThread "C2 CompilerThread0" daemon [_thread_in_native, id=35240, stack(0x000000fab2500000,0x000000fab2600000) (1024K)]


Current CompileTask:
C2:27658055 7716       4       org.springframework.core.annotation.AnnotationsScanner::getDeclaredAnnotations (167 bytes)

Stack: [0x000000fab2500000,0x000000fab2600000]
Native frames: (J=compiled Java code, j=interpreted, Vv=VM code, C=native code)
V  [jvm.dll+0x6e1729]
V  [jvm.dll+0x8bf47b]
V  [jvm.dll+0x8c19aa]
V  [jvm.dll+0x8c2083]
V  [jvm.dll+0x289fd6]
V  [jvm.dll+0xc903d]
V  [jvm.dll+0xc958c]
V  [jvm.dll+0x3c76e2]
V  [jvm.dll+0x1ea5ad]
V  [jvm.dll+0x251db3]
V  [jvm.dll+0x251283]
V  [jvm.dll+0x1d18bf]
V  [jvm.dll+0x260f4a]
V  [jvm.dll+0x25f2b5]
V  [jvm.dll+0x40151d]
V  [jvm.dll+0x86975d]
V  [jvm.dll+0x6dff2d]
C  [ucrtbase.dll+0x37b0]
C  [KERNEL32.DLL+0x2e8d7]
C  [ntdll.dll+0x8d9c]


---------------  P R O C E S S  ---------------

Threads class SMR info:
_java_thread_list=0x000002641f9453f0, length=37, elements={
0x00000263d02d01e0, 0x00000263d02d0c30, 0x00000263d02d4a30, 0x00000263d02d76f0,
0x00000263d02e2510, 0x00000263d02ea1a0, 0x00000263d02ec720, 0x00000263d03204a0,
0x00000263d02ea830, 0x00000263d04ea8f0, 0x00000263d0599f30, 0x00000263d059a9c0,
0x00000263d02eaec0, 0x00000263d02e9480, 0x0000026417ce3b90, 0x0000026417ce4220,
0x0000026417ce27e0, 0x0000026419bbf0f0, 0x0000026418a976b0, 0x0000026419d28ab0,
0x0000026419d2b210, 0x000002641c307f10, 0x000002641c3085a0, 0x000002641c305e40,
0x000002641c30b390, 0x000002641c30a670, 0x000002641c309950, 0x000002641c309fe0,
0x000002641c30ad00, 0x0000026419d2d970, 0x0000026419d2a4f0, 0x000002641f58df80,
0x000002641f590050, 0x000002641f58f9c0, 0x000002641f58e610, 0x000002641f58d260,
0x000002641bbb5960
}

Java Threads: ( => current thread )
  0x00000263d02d01e0 JavaThread "Reference Handler"          daemon [_thread_blocked, id=38820, stack(0x000000fab1f00000,0x000000fab2000000) (1024K)]
  0x00000263d02d0c30 JavaThread "Finalizer"                  daemon [_thread_blocked, id=11188, stack(0x000000fab2000000,0x000000fab2100000) (1024K)]
  0x00000263d02d4a30 JavaThread "Signal Dispatcher"          daemon [_thread_blocked, id=23328, stack(0x000000fab2100000,0x000000fab2200000) (1024K)]
  0x00000263d02d76f0 JavaThread "Attach Listener"            daemon [_thread_blocked, id=7996, stack(0x000000fab2200000,0x000000fab2300000) (1024K)]
  0x00000263d02e2510 JavaThread "Service Thread"             daemon [_thread_blocked, id=28972, stack(0x000000fab2300000,0x000000fab2400000) (1024K)]
  0x00000263d02ea1a0 JavaThread "Monitor Deflation Thread"   daemon [_thread_blocked, id=35860, stack(0x000000fab2400000,0x000000fab2500000) (1024K)]
=>0x00000263d02ec720 JavaThread "C2 CompilerThread0"         daemon [_thread_in_native, id=35240, stack(0x000000fab2500000,0x000000fab2600000) (1024K)]
  0x00000263d03204a0 JavaThread "C1 CompilerThread0"         daemon [_thread_in_native, id=8404, stack(0x000000fab2600000,0x000000fab2700000) (1024K)]
  0x00000263d02ea830 JavaThread "Common-Cleaner"             daemon [_thread_blocked, id=8728, stack(0x000000fab2700000,0x000000fab2800000) (1024K)]
  0x00000263d04ea8f0 JavaThread "JDWP Transport Listener: dt_socket" daemon [_thread_blocked, id=35136, stack(0x000000fab2800000,0x000000fab2900000) (1024K)]
  0x00000263d0599f30 JavaThread "JDWP Event Helper Thread"   daemon [_thread_blocked, id=20796, stack(0x000000fab2900000,0x000000fab2a00000) (1024K)]
  0x00000263d059a9c0 JavaThread "JDWP Command Reader"        daemon [_thread_in_native, id=35176, stack(0x000000fab2a00000,0x000000fab2b00000) (1024K)]
  0x00000263d02eaec0 JavaThread "IntelliJ Suspend Helper"    daemon [_thread_blocked, id=33196, stack(0x000000fab2b00000,0x000000fab2c00000) (1024K)]
  0x00000263d02e9480 JavaThread "Notification Thread"        daemon [_thread_blocked, id=30352, stack(0x000000fab2c00000,0x000000fab2d00000) (1024K)]
  0x0000026417ce3b90 JavaThread "Catalina-utility-1"                [_thread_blocked, id=6512, stack(0x000000fab3800000,0x000000fab3900000) (1024K)]
  0x0000026417ce4220 JavaThread "Catalina-utility-2"                [_thread_blocked, id=18768, stack(0x000000fab3900000,0x000000fab3a00000) (1024K)]
  0x0000026417ce27e0 JavaThread "container-0"                       [_thread_blocked, id=24244, stack(0x000000fab3c00000,0x000000fab3d00000) (1024K)]
  0x0000026419bbf0f0 JavaThread "BufferPoolPruner-1-thread-1" daemon [_thread_blocked, id=7336, stack(0x000000fab3d00000,0x000000fab3e00000) (1024K)]
  0x0000026418a976b0 JavaThread "cluster-ClusterId{value='697585ecf53c2711e9ef6c83', description='null'}-localhost:27017" daemon [_thread_in_native, id=28312, stack(0x000000fab3e00000,0x000000fab3f00000) (1024K)]
  0x0000026419d28ab0 JavaThread "cluster-rtt-ClusterId{value='697585ecf53c2711e9ef6c83', description='null'}-localhost:27017" daemon [_thread_blocked, id=30596, stack(0x000000fab4000000,0x000000fab4100000) (1024K)]
  0x0000026419d2b210 JavaThread "MaintenanceTimer-2-thread-1" daemon [_thread_blocked, id=20500, stack(0x000000fab4100000,0x000000fab4200000) (1024K)]
  0x000002641c307f10 JavaThread "File Watcher"               daemon [_thread_blocked, id=33104, stack(0x000000fab4300000,0x000000fab4400000) (1024K)]
  0x000002641c3085a0 JavaThread "http-nio-8080-exec-1"       daemon [_thread_blocked, id=8212, stack(0x000000fab4500000,0x000000fab4600000) (1024K)]
  0x000002641c305e40 JavaThread "http-nio-8080-exec-2"       daemon [_thread_blocked, id=31348, stack(0x000000fab4600000,0x000000fab4700000) (1024K)]
  0x000002641c30b390 JavaThread "http-nio-8080-exec-3"       daemon [_thread_blocked, id=38872, stack(0x000000fab4700000,0x000000fab4800000) (1024K)]
  0x000002641c30a670 JavaThread "http-nio-8080-exec-4"       daemon [_thread_blocked, id=26236, stack(0x000000fab4800000,0x000000fab4900000) (1024K)]
  0x000002641c309950 JavaThread "http-nio-8080-exec-5"       daemon [_thread_blocked, id=31420, stack(0x000000fab4900000,0x000000fab4a00000) (1024K)]
  0x000002641c309fe0 JavaThread "http-nio-8080-exec-6"       daemon [_thread_blocked, id=33912, stack(0x000000fab4a00000,0x000000fab4b00000) (1024K)]
  0x000002641c30ad00 JavaThread "http-nio-8080-exec-7"       daemon [_thread_blocked, id=33924, stack(0x000000fab4b00000,0x000000fab4c00000) (1024K)]
  0x0000026419d2d970 JavaThread "http-nio-8080-exec-8"       daemon [_thread_blocked, id=24160, stack(0x000000fab4c00000,0x000000fab4d00000) (1024K)]
  0x0000026419d2a4f0 JavaThread "http-nio-8080-exec-9"       daemon [_thread_blocked, id=38740, stack(0x000000fab4d00000,0x000000fab4e00000) (1024K)]
  0x000002641f58df80 JavaThread "http-nio-8080-exec-10"      daemon [_thread_blocked, id=7256, stack(0x000000fab4e00000,0x000000fab4f00000) (1024K)]
  0x000002641f590050 JavaThread "http-nio-8080-Poller"       daemon [_thread_in_native, id=38140, stack(0x000000fab4f00000,0x000000fab5000000) (1024K)]
  0x000002641f58f9c0 JavaThread "http-nio-8080-Acceptor"     daemon [_thread_in_native, id=22892, stack(0x000000fab5000000,0x000000fab5100000) (1024K)]
  0x000002641f58e610 JavaThread "scheduling-1"                      [_thread_in_native, id=34632, stack(0x000000fab5100000,0x000000fab5200000) (1024K)]
  0x000002641f58d260 JavaThread "DestroyJavaVM"                     [_thread_blocked, id=31684, stack(0x000000fab1700000,0x000000fab1800000) (1024K)]
  0x000002641bbb5960 JavaThread "C2 CompilerThread1"         daemon [_thread_blocked, id=5912, stack(0x000000fab1400000,0x000000fab1500000) (1024K)]
Total: 37

Other Threads:
  0x00000263d02b5db0 VMThread "VM Thread"                           [id=17020, stack(0x000000fab1e00000,0x000000fab1f00000) (1024K)]
  0x00000263d02a3d30 WatcherThread "VM Periodic Task Thread"        [id=36784, stack(0x000000fab1d00000,0x000000fab1e00000) (1024K)]
  0x00000263b0c21570 WorkerThread "GC Thread#0"                     [id=30260, stack(0x000000fab1800000,0x000000fab1900000) (1024K)]
  0x00000263d0efcb60 WorkerThread "GC Thread#1"                     [id=13420, stack(0x000000fab2d00000,0x000000fab2e00000) (1024K)]
  0x000002641622fbd0 WorkerThread "GC Thread#2"                     [id=22832, stack(0x000000fab2e00000,0x000000fab2f00000) (1024K)]
  0x00000264165394a0 WorkerThread "GC Thread#3"                     [id=28956, stack(0x000000fab2f00000,0x000000fab3000000) (1024K)]
  0x0000026416539100 WorkerThread "GC Thread#4"                     [id=37656, stack(0x000000fab3000000,0x000000fab3100000) (1024K)]
  0x0000026416537ee0 WorkerThread "GC Thread#5"                     [id=38532, stack(0x000000fab3100000,0x000000fab3200000) (1024K)]
  0x0000026416538d60 WorkerThread "GC Thread#6"                     [id=20800, stack(0x000000fab3200000,0x000000fab3300000) (1024K)]
  0x0000026416537b40 WorkerThread "GC Thread#7"                     [id=5876, stack(0x000000fab3300000,0x000000fab3400000) (1024K)]
  0x0000026416538280 WorkerThread "GC Thread#8"                     [id=14064, stack(0x000000fab3400000,0x000000fab3500000) (1024K)]
  0x0000026416538620 WorkerThread "GC Thread#9"                     [id=35464, stack(0x000000fab3500000,0x000000fab3600000) (1024K)]
  0x00000263b0c31fd0 ConcurrentGCThread "G1 Main Marker"            [id=23684, stack(0x000000fab1900000,0x000000fab1a00000) (1024K)]
  0x00000263b0c32ad0 WorkerThread "G1 Conc#0"                       [id=12852, stack(0x000000fab1a00000,0x000000fab1b00000) (1024K)]
  0x000002641677b090 WorkerThread "G1 Conc#1"                       [id=17832, stack(0x000000fab3a00000,0x000000fab3b00000) (1024K)]
  0x000002641677b430 WorkerThread "G1 Conc#2"                       [id=30988, stack(0x000000fab3b00000,0x000000fab3c00000) (1024K)]
  0x00000263d0172330 ConcurrentGCThread "G1 Refine#0"               [id=31304, stack(0x000000fab1b00000,0x000000fab1c00000) (1024K)]
  0x00000263d0174db0 ConcurrentGCThread "G1 Service"                [id=23160, stack(0x000000fab1c00000,0x000000fab1d00000) (1024K)]
Total: 18

Threads with active compile tasks:
C2 CompilerThread0  27658101 7716       4       org.springframework.core.annotation.AnnotationsScanner::getDeclaredAnnotations (167 bytes)
C1 CompilerThread0  27658101 7815       3       org.springframework.data.mongodb.core.convert.QueryMapper::mapMetaAttributes (94 bytes)
Total: 2

VM state: not at safepoint (normal execution)

VM Mutex/Monitor currently owned by a thread:  ([mutex/lock_event])
[0x00007fffc5949348] MethodCompileQueue_lock - owner thread: 0x00000263d03204a0

Heap address: 0x0000000705800000, size: 4008 MB, Compressed Oops mode: Zero based, Oop shift amount: 3

CDS archive(s) mapped at: [0x00000263d1000000-0x00000263d1c80000-0x00000263d1c80000), size 13107200, SharedBaseAddress: 0x00000263d1000000, ArchiveRelocationMode: 1.
Compressed class space mapped at: 0x00000263d2000000-0x0000026412000000, reserved size: 1073741824
Narrow klass base: 0x00000263d1000000, Narrow klass shift: 0, Narrow klass range: 0x100000000

GC Precious Log:
 CardTable entry size: 512
 Card Set container configuration: InlinePtr #cards 4 size 8 Array Of Cards #cards 16 size 48 Howl #buckets 8 coarsen threshold 3686 Howl Bitmap #cards 512 size 80 coarsen threshold 460 Card regions per heap region 1 cards per card region 4096
 CPUs: 12 total, 12 available
 Memory: 16024M
 Large Page Support: Disabled
 NUMA Support: Disabled
 Compressed Oops: Enabled (Zero based)
 Heap Region Size: 2M
 Heap Min Capacity: 8M
 Heap Initial Capacity: 252M
 Heap Max Capacity: 4008M
 Pre-touch: Disabled
 Parallel Workers: 10
 Concurrent Workers: 3
 Concurrent Refinement Workers: 10
 Periodic GC: Disabled

Heap:
 garbage-first heap   total 149504K, used 49476K [0x0000000705800000, 0x0000000800000000)
  region size 2048K, 14 young (28672K), 1 survivors (2048K)
 Metaspace       used 57413K, committed 58176K, reserved 1114112K
  class space    used 7269K, committed 7616K, reserved 1048576K

Heap Regions: E=young(eden), S=young(survivor), O=old, HS=humongous(starts), HC=humongous(continues), CS=collection set, F=free, TAMS=top-at-mark-start, PB=parsable bottom
|   0|0x0000000705800000, 0x0000000705a00000, 0x0000000705a00000|100%| O|  |TAMS 0x0000000705800000| PB 0x0000000705800000| Untracked 
|   1|0x0000000705a00000, 0x0000000705c00000, 0x0000000705c00000|100%| O|  |TAMS 0x0000000705a00000| PB 0x0000000705a00000| Untracked 
|   2|0x0000000705c00000, 0x0000000705e00000, 0x0000000705e00000|100%| O|  |TAMS 0x0000000705c00000| PB 0x0000000705c00000| Untracked 
|   3|0x0000000705e00000, 0x0000000706000000, 0x0000000706000000|100%| O|  |TAMS 0x0000000705e00000| PB 0x0000000705e00000| Untracked 
|   4|0x0000000706000000, 0x0000000706200000, 0x0000000706200000|100%| O|  |TAMS 0x0000000706000000| PB 0x0000000706000000| Untracked 
|   5|0x0000000706200000, 0x0000000706400000, 0x0000000706400000|100%| O|  |TAMS 0x0000000706200000| PB 0x0000000706200000| Untracked 
|   6|0x0000000706400000, 0x0000000706600000, 0x0000000706600000|100%| O|  |TAMS 0x0000000706400000| PB 0x0000000706400000| Untracked 
|   7|0x0000000706600000, 0x0000000706800000, 0x0000000706800000|100%| O|  |TAMS 0x0000000706600000| PB 0x0000000706600000| Untracked 
|   8|0x0000000706800000, 0x0000000706a00000, 0x0000000706a00000|100%| O|  |TAMS 0x0000000706800000| PB 0x0000000706800000| Untracked 
|   9|0x0000000706a00000, 0x0000000706c00000, 0x0000000706c00000|100%| O|  |TAMS 0x0000000706a00000| PB 0x0000000706a00000| Untracked 
|  10|0x0000000706c00000, 0x0000000706e00000, 0x0000000706e00000|100%| O|  |TAMS 0x0000000706c00000| PB 0x0000000706c00000| Untracked 
|  11|0x0000000706e00000, 0x0000000706f41d20, 0x0000000707000000| 62%| O|  |TAMS 0x0000000706e00000| PB 0x0000000706e00000| Untracked 
|  12|0x0000000707000000, 0x0000000707000000, 0x0000000707200000|  0%| F|  |TAMS 0x0000000707000000| PB 0x0000000707000000| Untracked 
|  13|0x0000000707200000, 0x0000000707200000, 0x0000000707400000|  0%| F|  |TAMS 0x0000000707200000| PB 0x0000000707200000| Untracked 
|  14|0x0000000707400000, 0x0000000707400000, 0x0000000707600000|  0%| F|  |TAMS 0x0000000707400000| PB 0x0000000707400000| Untracked 
|  15|0x0000000707600000, 0x0000000707600000, 0x0000000707800000|  0%| F|  |TAMS 0x0000000707600000| PB 0x0000000707600000| Untracked 
|  16|0x0000000707800000, 0x0000000707800000, 0x0000000707a00000|  0%| F|  |TAMS 0x0000000707800000| PB 0x0000000707800000| Untracked 
|  17|0x0000000707a00000, 0x0000000707a00000, 0x0000000707c00000|  0%| F|  |TAMS 0x0000000707a00000| PB 0x0000000707a00000| Untracked 
|  18|0x0000000707c00000, 0x0000000707c00000, 0x0000000707e00000|  0%| F|  |TAMS 0x0000000707c00000| PB 0x0000000707c00000| Untracked 
|  19|0x0000000707e00000, 0x0000000707e00000, 0x0000000708000000|  0%| F|  |TAMS 0x0000000707e00000| PB 0x0000000707e00000| Untracked 
|  20|0x0000000708000000, 0x0000000708000000, 0x0000000708200000|  0%| F|  |TAMS 0x0000000708000000| PB 0x0000000708000000| Untracked 
|  21|0x0000000708200000, 0x0000000708200000, 0x0000000708400000|  0%| F|  |TAMS 0x0000000708200000| PB 0x0000000708200000| Untracked 
|  22|0x0000000708400000, 0x0000000708400000, 0x0000000708600000|  0%| F|  |TAMS 0x0000000708400000| PB 0x0000000708400000| Untracked 
|  23|0x0000000708600000, 0x0000000708600000, 0x0000000708800000|  0%| F|  |TAMS 0x0000000708600000| PB 0x0000000708600000| Untracked 
|  24|0x0000000708800000, 0x0000000708800000, 0x0000000708a00000|  0%| F|  |TAMS 0x0000000708800000| PB 0x0000000708800000| Untracked 
|  25|0x0000000708a00000, 0x0000000708a00000, 0x0000000708c00000|  0%| F|  |TAMS 0x0000000708a00000| PB 0x0000000708a00000| Untracked 
|  26|0x0000000708c00000, 0x0000000708c00000, 0x0000000708e00000|  0%| F|  |TAMS 0x0000000708c00000| PB 0x0000000708c00000| Untracked 
|  27|0x0000000708e00000, 0x0000000708e00000, 0x0000000709000000|  0%| F|  |TAMS 0x0000000708e00000| PB 0x0000000708e00000| Untracked 
|  28|0x0000000709000000, 0x0000000709000000, 0x0000000709200000|  0%| F|  |TAMS 0x0000000709000000| PB 0x0000000709000000| Untracked 
|  29|0x0000000709200000, 0x0000000709200000, 0x0000000709400000|  0%| F|  |TAMS 0x0000000709200000| PB 0x0000000709200000| Untracked 
|  30|0x0000000709400000, 0x000000070950f4d8, 0x0000000709600000| 52%| S|CS|TAMS 0x0000000709400000| PB 0x0000000709400000| Complete 
|  31|0x0000000709600000, 0x0000000709600000, 0x0000000709800000|  0%| F|  |TAMS 0x0000000709600000| PB 0x0000000709600000| Untracked 
|  32|0x0000000709800000, 0x0000000709800000, 0x0000000709a00000|  0%| F|  |TAMS 0x0000000709800000| PB 0x0000000709800000| Untracked 
|  33|0x0000000709a00000, 0x0000000709a00000, 0x0000000709c00000|  0%| F|  |TAMS 0x0000000709a00000| PB 0x0000000709a00000| Untracked 
|  34|0x0000000709c00000, 0x0000000709c00000, 0x0000000709e00000|  0%| F|  |TAMS 0x0000000709c00000| PB 0x0000000709c00000| Untracked 
|  35|0x0000000709e00000, 0x0000000709e00000, 0x000000070a000000|  0%| F|  |TAMS 0x0000000709e00000| PB 0x0000000709e00000| Untracked 
|  36|0x000000070a000000, 0x000000070a000000, 0x000000070a200000|  0%| F|  |TAMS 0x000000070a000000| PB 0x000000070a000000| Untracked 
|  37|0x000000070a200000, 0x000000070a200000, 0x000000070a400000|  0%| F|  |TAMS 0x000000070a200000| PB 0x000000070a200000| Untracked 
|  38|0x000000070a400000, 0x000000070a400000, 0x000000070a600000|  0%| F|  |TAMS 0x000000070a400000| PB 0x000000070a400000| Untracked 
|  39|0x000000070a600000, 0x000000070a600000, 0x000000070a800000|  0%| F|  |TAMS 0x000000070a600000| PB 0x000000070a600000| Untracked 
|  40|0x000000070a800000, 0x000000070a800000, 0x000000070aa00000|  0%| F|  |TAMS 0x000000070a800000| PB 0x000000070a800000| Untracked 
|  41|0x000000070aa00000, 0x000000070aa00000, 0x000000070ac00000|  0%| F|  |TAMS 0x000000070aa00000| PB 0x000000070aa00000| Untracked 
|  42|0x000000070ac00000, 0x000000070ac00000, 0x000000070ae00000|  0%| F|  |TAMS 0x000000070ac00000| PB 0x000000070ac00000| Untracked 
|  43|0x000000070ae00000, 0x000000070ae00000, 0x000000070b000000|  0%| F|  |TAMS 0x000000070ae00000| PB 0x000000070ae00000| Untracked 
|  44|0x000000070b000000, 0x000000070b000000, 0x000000070b200000|  0%| F|  |TAMS 0x000000070b000000| PB 0x000000070b000000| Untracked 
|  45|0x000000070b200000, 0x000000070b200000, 0x000000070b400000|  0%| F|  |TAMS 0x000000070b200000| PB 0x000000070b200000| Untracked 
|  46|0x000000070b400000, 0x000000070b400000, 0x000000070b600000|  0%| F|  |TAMS 0x000000070b400000| PB 0x000000070b400000| Untracked 
|  47|0x000000070b600000, 0x000000070b600000, 0x000000070b800000|  0%| F|  |TAMS 0x000000070b600000| PB 0x000000070b600000| Untracked 
|  48|0x000000070b800000, 0x000000070b800000, 0x000000070ba00000|  0%| F|  |TAMS 0x000000070b800000| PB 0x000000070b800000| Untracked 
|  49|0x000000070ba00000, 0x000000070ba00000, 0x000000070bc00000|  0%| F|  |TAMS 0x000000070ba00000| PB 0x000000070ba00000| Untracked 
|  50|0x000000070bc00000, 0x000000070bc00000, 0x000000070be00000|  0%| F|  |TAMS 0x000000070bc00000| PB 0x000000070bc00000| Untracked 
|  51|0x000000070be00000, 0x000000070be00000, 0x000000070c000000|  0%| F|  |TAMS 0x000000070be00000| PB 0x000000070be00000| Untracked 
|  52|0x000000070c000000, 0x000000070c000000, 0x000000070c200000|  0%| F|  |TAMS 0x000000070c000000| PB 0x000000070c000000| Untracked 
|  53|0x000000070c200000, 0x000000070c200000, 0x000000070c400000|  0%| F|  |TAMS 0x000000070c200000| PB 0x000000070c200000| Untracked 
|  54|0x000000070c400000, 0x000000070c400000, 0x000000070c600000|  0%| F|  |TAMS 0x000000070c400000| PB 0x000000070c400000| Untracked 
|  55|0x000000070c600000, 0x000000070c600000, 0x000000070c800000|  0%| F|  |TAMS 0x000000070c600000| PB 0x000000070c600000| Untracked 
|  56|0x000000070c800000, 0x000000070c800000, 0x000000070ca00000|  0%| F|  |TAMS 0x000000070c800000| PB 0x000000070c800000| Untracked 
|  57|0x000000070ca00000, 0x000000070ca00000, 0x000000070cc00000|  0%| F|  |TAMS 0x000000070ca00000| PB 0x000000070ca00000| Untracked 
|  58|0x000000070cc00000, 0x000000070cc00000, 0x000000070ce00000|  0%| F|  |TAMS 0x000000070cc00000| PB 0x000000070cc00000| Untracked 
|  59|0x000000070ce00000, 0x000000070ce00000, 0x000000070d000000|  0%| F|  |TAMS 0x000000070ce00000| PB 0x000000070ce00000| Untracked 
|  60|0x000000070d000000, 0x000000070d11d650, 0x000000070d200000| 55%| E|  |TAMS 0x000000070d000000| PB 0x000000070d000000| Complete 
|  61|0x000000070d200000, 0x000000070d400000, 0x000000070d400000|100%| E|CS|TAMS 0x000000070d200000| PB 0x000000070d200000| Complete 
|  62|0x000000070d400000, 0x000000070d600000, 0x000000070d600000|100%| E|CS|TAMS 0x000000070d400000| PB 0x000000070d400000| Complete 
|  63|0x000000070d600000, 0x000000070d800000, 0x000000070d800000|100%| E|CS|TAMS 0x000000070d600000| PB 0x000000070d600000| Complete 
|  64|0x000000070d800000, 0x000000070da00000, 0x000000070da00000|100%| E|CS|TAMS 0x000000070d800000| PB 0x000000070d800000| Complete 
|  65|0x000000070da00000, 0x000000070dc00000, 0x000000070dc00000|100%| E|CS|TAMS 0x000000070da00000| PB 0x000000070da00000| Complete 
|  66|0x000000070dc00000, 0x000000070de00000, 0x000000070de00000|100%| E|CS|TAMS 0x000000070dc00000| PB 0x000000070dc00000| Complete 
|  67|0x000000070de00000, 0x000000070e000000, 0x000000070e000000|100%| E|CS|TAMS 0x000000070de00000| PB 0x000000070de00000| Complete 
|  68|0x000000070e000000, 0x000000070e200000, 0x000000070e200000|100%| E|CS|TAMS 0x000000070e000000| PB 0x000000070e000000| Complete 
| 111|0x0000000713600000, 0x0000000713800000, 0x0000000713800000|100%| E|CS|TAMS 0x0000000713600000| PB 0x0000000713600000| Complete 
| 112|0x0000000713800000, 0x0000000713a00000, 0x0000000713a00000|100%| E|CS|TAMS 0x0000000713800000| PB 0x0000000713800000| Complete 
| 124|0x0000000715000000, 0x0000000715200000, 0x0000000715200000|100%| E|CS|TAMS 0x0000000715000000| PB 0x0000000715000000| Complete 
| 125|0x0000000715200000, 0x0000000715400000, 0x0000000715400000|100%| E|CS|TAMS 0x0000000715200000| PB 0x0000000715200000| Complete 

Card table byte_map: [0x00000263c8fe0000,0x00000263c97c0000] _byte_map_base: 0x00000263c57b4000

Marking Bits: (CMBitMap*) 0x00000263b0c21c70
 Bits: [0x00000263c97c0000, 0x00000263cd660000)

Polling page: 0x00000263aeb00000

Metaspace:

Usage:
  Non-class:     48.97 MB used.
      Class:      7.10 MB used.
       Both:     56.07 MB used.

Virtual space:
  Non-class space:       64.00 MB reserved,      49.38 MB ( 77%) committed,  1 nodes.
      Class space:        1.00 GB reserved,       7.44 MB ( <1%) committed,  1 nodes.
             Both:        1.06 GB reserved,      56.81 MB (  5%) committed. 

Chunk freelists:
   Non-Class:  14.67 MB
       Class:  8.59 MB
        Both:  23.26 MB

MaxMetaspaceSize: unlimited
CompressedClassSpaceSize: 1.00 GB
Initial GC threshold: 21.00 MB
Current GC threshold: 59.06 MB
CDS: on
 - commit_granule_bytes: 65536.
 - commit_granule_words: 8192.
 - virtual_space_node_default_size: 8388608.
 - enlarge_chunks_in_place: 1.
 - use_allocation_guard: 0.


Internal statistics:

num_allocs_failed_limit: 8.
num_arena_births: 968.
num_arena_deaths: 0.
num_vsnodes_births: 2.
num_vsnodes_deaths: 0.
num_space_committed: 909.
num_space_uncommitted: 0.
num_chunks_returned_to_freelist: 8.
num_chunks_taken_from_freelist: 2999.
num_chunk_merges: 8.
num_chunk_splits: 2007.
num_chunks_enlarged: 1460.
num_inconsistent_stats: 0.

CodeHeap 'non-profiled nmethods': size=120000Kb used=5527Kb max_used=5527Kb free=114472Kb
 bounds [0x00000263c0d80000, 0x00000263c12f0000, 0x00000263c82b0000]
CodeHeap 'profiled nmethods': size=120000Kb used=15729Kb max_used=15729Kb free=104270Kb
 bounds [0x00000263b92b0000, 0x00000263ba210000, 0x00000263c07e0000]
CodeHeap 'non-nmethods': size=5760Kb used=1636Kb max_used=1680Kb free=4123Kb
 bounds [0x00000263c07e0000, 0x00000263c0a50000, 0x00000263c0d80000]
CodeCache: size=245760Kb, used=22892Kb, max_used=22936Kb, free=222865Kb
 total_blobs=8186, nmethods=7556, adapters=534, full_count=0
Compilation: enabled, stopped_count=0, restarted_count=0

Compilation events (20 events):
Event: 27658.020 Thread 0x00000263d03204a0 7773   !   3       com.mongodb.internal.operation.CommandBatchCursor$ResourceManager::execute (38 bytes)
Event: 27658.024 Thread 0x00000263d03204a0 nmethod 7773 0x00000263ba1e9b90 code [0x00000263ba1ea0c0, 0x00000263ba1ecc40]
Event: 27658.024 Thread 0x00000263d03204a0 7774       3       com.mongodb.internal.operation.CursorResourceManager::tryStartOperation (20 bytes)
Event: 27658.025 Thread 0x00000263d03204a0 nmethod 7774 0x00000263ba1eda90 code [0x00000263ba1edd80, 0x00000263ba1eee48]
Event: 27658.025 Thread 0x00000263d03204a0 7775       3       com.mongodb.internal.operation.CursorResourceManager$$Lambda/0x00000263d26f4da0::get (8 bytes)
Event: 27658.025 Thread 0x00000263d03204a0 nmethod 7775 0x00000263ba1ef410 code [0x00000263ba1ef5c0, 0x00000263ba1ef710]
Event: 27658.025 Thread 0x00000263d03204a0 7776       3       org.springframework.data.mongodb.core.mapping.BasicMongoPersistentEntity::getCollection (32 bytes)
Event: 27658.035 Thread 0x00000263d03204a0 nmethod 7776 0x00000263ba1ef810 code [0x00000263ba1efa80, 0x00000263ba1f0550]
Event: 27658.038 Thread 0x000002641bbb5960 7725       4       org.springframework.util.ConcurrentReferenceHashMap::purgeUnreferencedEntries (33 bytes)
Event: 27658.039 Thread 0x00000263d03204a0 7778       3       org.springframework.data.mongodb.core.convert.MappingMongoConverter::getTypeMapper (19 bytes)
Event: 27658.040 Thread 0x00000263d03204a0 nmethod 7778 0x00000263ba1f0990 code [0x00000263ba1f0b20, 0x00000263ba1f0c78]
Event: 27658.041 Thread 0x00000263d03204a0 7780       3       java.util.Date::getTime (5 bytes)
Event: 27658.044 Thread 0x00000263d03204a0 nmethod 7780 0x00000263ba1f0d10 code [0x00000263ba1f0ec0, 0x00000263ba1f1170]
Event: 27658.044 Thread 0x00000263d03204a0 7781       3       java.util.Date::getTimeImpl (27 bytes)
Event: 27658.044 Thread 0x00000263d03204a0 nmethod 7781 0x00000263ba1f1290 code [0x00000263ba1f1440, 0x00000263ba1f1698]
Event: 27658.047 Thread 0x000002641bbb5960 nmethod 7725 0x00000263c12e1410 code [0x00000263c12e1620, 0x00000263c12e1b58]
Event: 27658.047 Thread 0x00000263d03204a0 7782       3       java.time.Clock$SystemClock::instant (4 bytes)
Event: 27658.048 Thread 0x00000263d03204a0 nmethod 7782 0x00000263ba1f1790 code [0x00000263ba1f1940, 0x00000263ba1f1a80]
Event: 27658.049 Thread 0x000002641bbb5960 7777   !   4       java.lang.ref.ReferenceQueue::poll (40 bytes)
Event: 27658.049 Thread 0x00000263d03204a0 7783       3       org.springframework.data.repository.core.RepositoryInformationSupport::getMetadata (13 bytes)

GC Heap History (20 events):
Event: 7.894 GC heap before
{Heap before GC invocations=5 (full 0):
 garbage-first heap   total 40960K, used 27975K [0x0000000705800000, 0x0000000800000000)
  region size 2048K, 12 young (24576K), 3 survivors (6144K)
 Metaspace       used 27783K, committed 28160K, reserved 1114112K
  class space    used 3355K, committed 3520K, reserved 1048576K
}
Event: 7.904 GC heap after
{Heap after GC invocations=6 (full 0):
 garbage-first heap   total 40960K, used 12743K [0x0000000705800000, 0x0000000800000000)
  region size 2048K, 1 young (2048K), 1 survivors (2048K)
 Metaspace       used 27783K, committed 28160K, reserved 1114112K
  class space    used 3355K, committed 3520K, reserved 1048576K
}
Event: 8.691 GC heap before
{Heap before GC invocations=6 (full 0):
 garbage-first heap   total 40960K, used 31175K [0x0000000705800000, 0x0000000800000000)
  region size 2048K, 10 young (20480K), 1 survivors (2048K)
 Metaspace       used 29982K, committed 30336K, reserved 1114112K
  class space    used 3629K, committed 3776K, reserved 1048576K
}
Event: 8.695 GC heap after
{Heap after GC invocations=7 (full 0):
 garbage-first heap   total 40960K, used 13889K [0x0000000705800000, 0x0000000800000000)
  region size 2048K, 2 young (4096K), 2 survivors (4096K)
 Metaspace       used 29982K, committed 30336K, reserved 1114112K
  class space    used 3629K, committed 3776K, reserved 1048576K
}
Event: 11.539 GC heap before
{Heap before GC invocations=7 (full 0):
 garbage-first heap   total 40960K, used 28225K [0x0000000705800000, 0x0000000800000000)
  region size 2048K, 10 young (20480K), 2 survivors (4096K)
 Metaspace       used 32981K, committed 33472K, reserved 1114112K
  class space    used 4010K, committed 4224K, reserved 1048576K
}
Event: 11.548 GC heap after
{Heap after GC invocations=8 (full 0):
 garbage-first heap   total 40960K, used 15136K [0x0000000705800000, 0x0000000800000000)
  region size 2048K, 2 young (4096K), 2 survivors (4096K)
 Metaspace       used 32981K, committed 33472K, reserved 1114112K
  class space    used 4010K, committed 4224K, reserved 1048576K
}
Event: 14.407 GC heap before
{Heap before GC invocations=8 (full 0):
 garbage-first heap   total 40960K, used 25376K [0x0000000705800000, 0x0000000800000000)
  region size 2048K, 9 young (18432K), 2 survivors (4096K)
 Metaspace       used 35673K, committed 36096K, reserved 1114112K
  class space    used 4412K, committed 4608K, reserved 1048576K
}
Event: 14.416 GC heap after
{Heap after GC invocations=9 (full 0):
 garbage-first heap   total 40960K, used 16570K [0x0000000705800000, 0x0000000800000000)
  region size 2048K, 2 young (4096K), 2 survivors (4096K)
 Metaspace       used 35673K, committed 36096K, reserved 1114112K
  class space    used 4412K, committed 4608K, reserved 1048576K
}
Event: 18.123 GC heap before
{Heap before GC invocations=10 (full 0):
 garbage-first heap   total 40960K, used 32954K [0x0000000705800000, 0x0000000800000000)
  region size 2048K, 10 young (20480K), 2 survivors (4096K)
 Metaspace       used 38723K, committed 39232K, reserved 1114112K
  class space    used 4791K, committed 5056K, reserved 1048576K
}
Event: 18.182 GC heap after
{Heap after GC invocations=11 (full 0):
 garbage-first heap   total 149504K, used 17938K [0x0000000705800000, 0x0000000800000000)
  region size 2048K, 2 young (4096K), 2 survivors (4096K)
 Metaspace       used 38723K, committed 39232K, reserved 1114112K
  class space    used 4791K, committed 5056K, reserved 1048576K
}
Event: 37.859 GC heap before
{Heap before GC invocations=11 (full 0):
 garbage-first heap   total 149504K, used 99858K [0x0000000705800000, 0x0000000800000000)
  region size 2048K, 43 young (88064K), 2 survivors (4096K)
 Metaspace       used 52403K, committed 52992K, reserved 1114112K
  class space    used 6731K, committed 6976K, reserved 1048576K
}
Event: 37.872 GC heap after
{Heap after GC invocations=12 (full 0):
 garbage-first heap   total 149504K, used 24160K [0x0000000705800000, 0x0000000800000000)
  region size 2048K, 5 young (10240K), 5 survivors (10240K)
 Metaspace       used 52403K, committed 52992K, reserved 1114112K
  class space    used 6731K, committed 6976K, reserved 1048576K
}
Event: 1598.483 GC heap before
{Heap before GC invocations=12 (full 0):
 garbage-first heap   total 149504K, used 101984K [0x0000000705800000, 0x0000000800000000)
  region size 2048K, 43 young (88064K), 5 survivors (10240K)
 Metaspace       used 56548K, committed 57280K, reserved 1114112K
  class space    used 7267K, committed 7616K, reserved 1048576K
}
Event: 1598.521 GC heap after
{Heap after GC invocations=13 (full 0):
 garbage-first heap   total 149504K, used 25368K [0x0000000705800000, 0x0000000800000000)
  region size 2048K, 4 young (8192K), 4 survivors (8192K)
 Metaspace       used 56548K, committed 57280K, reserved 1114112K
  class space    used 7267K, committed 7616K, reserved 1048576K
}
Event: 3577.612 GC heap before
{Heap before GC invocations=13 (full 0):
 garbage-first heap   total 149504K, used 105240K [0x0000000705800000, 0x0000000800000000)
  region size 2048K, 43 young (88064K), 4 survivors (8192K)
 Metaspace       used 57008K, committed 57792K, reserved 1114112K
  class space    used 7268K, committed 7616K, reserved 1048576K
}
Event: 3577.642 GC heap after
{Heap after GC invocations=14 (full 0):
 garbage-first heap   total 149504K, used 25703K [0x0000000705800000, 0x0000000800000000)
  region size 2048K, 1 young (2048K), 1 survivors (2048K)
 Metaspace       used 57008K, committed 57792K, reserved 1114112K
  class space    used 7268K, committed 7616K, reserved 1048576K
}
Event: 5759.109 GC heap before
{Heap before GC invocations=14 (full 0):
 garbage-first heap   total 149504K, used 111719K [0x0000000705800000, 0x0000000800000000)
  region size 2048K, 43 young (88064K), 1 survivors (2048K)
 Metaspace       used 57281K, committed 58048K, reserved 1114112K
  class space    used 7269K, committed 7616K, reserved 1048576K
}
Event: 5759.122 GC heap after
{Heap after GC invocations=15 (full 0):
 garbage-first heap   total 149504K, used 25116K [0x0000000705800000, 0x0000000800000000)
  region size 2048K, 1 young (2048K), 1 survivors (2048K)
 Metaspace       used 57281K, committed 58048K, reserved 1114112K
  class space    used 7269K, committed 7616K, reserved 1048576K
}
Event: 7999.839 GC heap before
{Heap before GC invocations=15 (full 0):
 garbage-first heap   total 149504K, used 111132K [0x0000000705800000, 0x0000000800000000)
  region size 2048K, 43 young (88064K), 1 survivors (2048K)
 Metaspace       used 57316K, committed 58112K, reserved 1114112K
  class space    used 7269K, committed 7616K, reserved 1048576K
}
Event: 7999.856 GC heap after
{Heap after GC invocations=16 (full 0):
 garbage-first heap   total 149504K, used 24900K [0x0000000705800000, 0x0000000800000000)
  region size 2048K, 1 young (2048K), 1 survivors (2048K)
 Metaspace       used 57316K, committed 58112K, reserved 1114112K
  class space    used 7269K, committed 7616K, reserved 1048576K
}

Dll operation events (12 events):
Event: 0.081 Loaded shared library C:\Users\araom\.jdks\ms-21.0.8\bin\java.dll
Event: 0.093 Loaded shared library C:\Users\araom\.jdks\ms-21.0.8\bin\zip.dll
Event: 0.168 Loaded shared library C:\Users\araom\.jdks\ms-21.0.8\bin\jsvml.dll
Event: 0.394 Loaded shared library C:\Users\araom\.jdks\ms-21.0.8\bin\instrument.dll
Event: 0.582 Loaded shared library C:\Users\araom\.jdks\ms-21.0.8\bin\net.dll
Event: 0.585 Loaded shared library C:\Users\araom\.jdks\ms-21.0.8\bin\nio.dll
Event: 0.626 Loaded shared library C:\Users\araom\.jdks\ms-21.0.8\bin\zip.dll
Event: 3.674 Loaded shared library C:\Users\araom\.jdks\ms-21.0.8\bin\jimage.dll
Event: 4.678 Loaded shared library C:\Users\araom\.jdks\ms-21.0.8\bin\management.dll
Event: 4.692 Loaded shared library C:\Users\araom\.jdks\ms-21.0.8\bin\management_ext.dll
Event: 6.937 Loaded shared library C:\Users\araom\.jdks\ms-21.0.8\bin\sunmscapi.dll
Event: 20.387 Loaded shared library C:\Users\araom\.jdks\ms-21.0.8\bin\extnet.dll

Deoptimization events (20 events):
Event: 5417.833 Thread 0x0000026417ce4220 DEOPT PACKING pc=0x00000263c129f2f8 sp=0x000000fab39fedc0
Event: 5417.833 Thread 0x0000026417ce4220 DEOPT UNPACKING pc=0x00000263c08346a2 sp=0x000000fab39feb68 mode 2
Event: 5418.832 Thread 0x0000026417ce3b90 Uncommon trap: trap_request=0xffffffbe fr.pc=0x00000263c129fef0 relative=0x0000000000000430
Event: 5418.832 Thread 0x0000026417ce3b90 Uncommon trap: reason=profile_predicate action=maybe_recompile pc=0x00000263c129fef0 method=java.util.concurrent.ConcurrentHashMap$Traverser.advance()Ljava/util/concurrent/ConcurrentHashMap$Node; @ 15 c2
Event: 5418.832 Thread 0x0000026417ce3b90 DEOPT PACKING pc=0x00000263c129fef0 sp=0x000000fab38feda0
Event: 5418.832 Thread 0x0000026417ce3b90 DEOPT UNPACKING pc=0x00000263c08346a2 sp=0x000000fab38febb0 mode 2
Event: 6893.382 Thread 0x00000263d02eaec0 DEOPT PACKING pc=0x00000263ba0b9802 sp=0x000000fab2bff290
Event: 6893.383 Thread 0x00000263d02eaec0 DEOPT UNPACKING pc=0x00000263c0834e42 sp=0x000000fab2bfe760 mode 0
Event: 8017.831 Thread 0x000002641f58e610 Uncommon trap: trap_request=0xffffff54 fr.pc=0x00000263c0fde3d0 relative=0x0000000000000f10
Event: 8017.831 Thread 0x000002641f58e610 Uncommon trap: reason=speculate_null_assert action=make_not_entrant pc=0x00000263c0fde3d0 method=org.springframework.util.ConcurrentReferenceHashMap$Segment.restructureIfNecessary(Z)V @ 41 c2
Event: 8017.831 Thread 0x000002641f58e610 DEOPT PACKING pc=0x00000263c0fde3d0 sp=0x000000fab51fdb10
Event: 8017.832 Thread 0x000002641f58e610 DEOPT UNPACKING pc=0x00000263c08346a2 sp=0x000000fab51fd938 mode 2
Event: 8017.833 Thread 0x000002641f58e610 Uncommon trap: trap_request=0xffffff54 fr.pc=0x00000263c0f7f678 relative=0x0000000000000598
Event: 8017.833 Thread 0x000002641f58e610 Uncommon trap: reason=speculate_null_assert action=make_not_entrant pc=0x00000263c0f7f678 method=org.springframework.util.ConcurrentReferenceHashMap$Segment.restructureIfNecessary(Z)V @ 41 c2
Event: 8017.833 Thread 0x000002641f58e610 DEOPT PACKING pc=0x00000263c0f7f678 sp=0x000000fab51fd8a0
Event: 8017.833 Thread 0x000002641f58e610 DEOPT UNPACKING pc=0x00000263c08346a2 sp=0x000000fab51fd758 mode 2
Event: 8017.835 Thread 0x000002641f58e610 Uncommon trap: trap_request=0xffffff54 fr.pc=0x00000263c0f48aec relative=0x00000000000001ec
Event: 8017.835 Thread 0x000002641f58e610 Uncommon trap: reason=speculate_null_assert action=make_not_entrant pc=0x00000263c0f48aec method=org.springframework.util.ConcurrentReferenceHashMap$Segment.restructureIfNecessary(Z)V @ 41 c2
Event: 8017.835 Thread 0x000002641f58e610 DEOPT PACKING pc=0x00000263c0f48aec sp=0x000000fab51fdd90
Event: 8017.835 Thread 0x000002641f58e610 DEOPT UNPACKING pc=0x00000263c08346a2 sp=0x000000fab51fdcc8 mode 2

Classes loaded (20 events):
Event: 57.467 Loading class org/springframework/web/method/annotation/SessionAttributesHandler
Event: 57.467 Loading class org/springframework/web/method/annotation/SessionAttributesHandler done
Event: 57.467 Loading class org/springframework/web/context/request/WebRequest
Event: 57.467 Loading class org/springframework/web/context/request/WebRequest done
Event: 57.470 Loading class org/springframework/security/core/Authentication$Builder
Event: 57.470 Loading class org/springframework/security/core/Authentication$Builder done
Event: 57.471 Loading class org/springframework/security/web/authentication/WebAuthenticationDetails
Event: 57.471 Loading class org/springframework/security/web/authentication/WebAuthenticationDetails done
Event: 57.474 Loading class org/apache/coyote/NonPipeliningProcessor
Event: 57.474 Loading class org/apache/coyote/NonPipeliningProcessor done
Event: 57.488 Loading class tools/jackson/databind/util/internal/PrivateMaxEntriesMap$WriteThroughEntry
Event: 57.488 Loading class tools/jackson/databind/util/internal/PrivateMaxEntriesMap$WriteThroughEntry done
Event: 79.545 Loading class com/mongodb/internal/connection/PowerOfTwoBufferPool$BufferPool
Event: 79.545 Loading class com/mongodb/internal/connection/PowerOfTwoBufferPool$BufferPool done
Event: 79.545 Loading class com/mongodb/internal/connection/PowerOfTwoBufferPool$BufferPool
Event: 79.545 Loading class com/mongodb/internal/connection/PowerOfTwoBufferPool$BufferPool done
Event: 79.546 Loading class com/mongodb/internal/connection/PowerOfTwoBufferPool$IdleTrackingByteBuffer
Event: 79.546 Loading class com/mongodb/internal/connection/PowerOfTwoBufferPool$IdleTrackingByteBuffer done
Event: 79.547 Loading class com/mongodb/internal/connection/PowerOfTwoBufferPool$IdleTrackingByteBuffer
Event: 79.547 Loading class com/mongodb/internal/connection/PowerOfTwoBufferPool$IdleTrackingByteBuffer done

Classes unloaded (0 events):
No events

Classes redefined (1 events):
Event: 0.490 Thread 0x00000263d02b5db0 redefined class name=java.lang.Throwable, count=1

Internal exceptions (20 events):
Event: 26.948 Thread 0x00000263d02ebbe0 Exception <a 'java/lang/NoSuchMethodError'{0x000000070bc50f28}: 'java.lang.Object java.lang.invoke.DirectMethodHandle$Holder.invokeVirtual(java.lang.Object, java.lang.Object, java.lang.Object, int)'> (0x000000070bc50f28) 
thrown [s\src\hotspot\share\interpreter\linkResolver.cpp, line 773]
Event: 34.224 Thread 0x00000263d02ebbe0 Exception <a 'java/lang/NoSuchMethodError'{0x000000070ae5f170}: 'java.lang.Object java.lang.invoke.DirectMethodHandle$Holder.invokeInterface(java.lang.Object, java.lang.Object, java.lang.Object, java.lang.Object)'> (0x000000070ae5f170) 
thrown [s\src\hotspot\share\interpreter\linkResolver.cpp, line 773]
Event: 34.351 Thread 0x00000263d02ebbe0 Exception <a 'java/lang/NoSuchMethodError'{0x000000070ac76208}: 'java.lang.Object java.lang.invoke.DirectMethodHandle$Holder.invokeVirtual(java.lang.Object, java.lang.Object, int)'> (0x000000070ac76208) 
thrown [s\src\hotspot\share\interpreter\linkResolver.cpp, line 773]
Event: 36.150 Thread 0x00000263d02ebbe0 Exception <a 'java/lang/IncompatibleClassChangeError'{0x000000070ab86a00}: Found class java.lang.Object, but interface was expected> (0x000000070ab86a00) 
thrown [s\src\hotspot\share\interpreter\linkResolver.cpp, line 840]
Event: 37.007 Thread 0x00000263d02ebbe0 Exception <a 'java/lang/NoSuchMethodError'{0x000000070a7dd228}: 'int java.lang.invoke.DirectMethodHandle$Holder.invokeStaticInit(java.lang.Object, java.lang.Object, java.lang.Object, java.lang.Object)'> (0x000000070a7dd228) 
thrown [s\src\hotspot\share\interpreter\linkResolver.cpp, line 773]
Event: 37.015 Thread 0x00000263d02ebbe0 Implicit null exception at 0x00000263c0f7672b to 0x00000263c0f76d64
Event: 37.761 Thread 0x00000263d02ebbe0 Exception <a 'java/lang/NoSuchMethodError'{0x0000000709f44330}: 'java.lang.Object java.lang.invoke.DirectMethodHandle$Holder.newInvokeSpecial(java.lang.Object, java.lang.Object, int, java.lang.Object, java.lang.Object)'> (0x0000000709f44330) 
thrown [s\src\hotspot\share\interpreter\linkResolver.cpp, line 773]
Event: 37.970 Thread 0x000002641f58e610 Exception <a 'java/lang/NoSuchMethodError'{0x00000007150b58c8}: 'long java.lang.invoke.DirectMethodHandle$Holder.invokeStatic(java.lang.Object, long)'> (0x00000007150b58c8) 
thrown [s\src\hotspot\share\interpreter\linkResolver.cpp, line 773]
Event: 56.839 Thread 0x000002641f58f9c0 Exception <a 'java/lang/NoSuchMethodError'{0x0000000713889368}: 'java.lang.Object java.lang.invoke.DirectMethodHandle$Holder.invokeStatic(java.lang.Object, java.lang.Object, java.lang.Object, int, int)'> (0x0000000713889368) 
thrown [s\src\hotspot\share\interpreter\linkResolver.cpp, line 773]
Event: 56.839 Thread 0x000002641f58f9c0 Exception <a 'java/lang/NoSuchMethodError'{0x000000071388ca20}: 'java.lang.Object java.lang.invoke.DirectMethodHandle$Holder.invokeStaticInit(java.lang.Object, java.lang.Object, java.lang.Object, int, int)'> (0x000000071388ca20) 
thrown [s\src\hotspot\share\interpreter\linkResolver.cpp, line 773]
Event: 56.920 Thread 0x000002641c3085a0 Exception <a 'java/lang/NoSuchMethodError'{0x0000000713609d68}: 'java.lang.Object java.lang.invoke.DirectMethodHandle$Holder.invokeSpecial(java.lang.Object, java.lang.Object, java.lang.Object, java.lang.Object, java.lang.Object, long)'> (0x0000000713609d68) 
thrown [s\src\hotspot\share\interpreter\linkResolver.cpp, line 773]
Event: 56.921 Thread 0x000002641c3085a0 Exception <a 'java/lang/NoSuchMethodError'{0x000000071360d558}: 'java.lang.Object java.lang.invoke.Invokers$Holder.linkToTargetMethod(java.lang.Object, java.lang.Object, java.lang.Object, long, java.lang.Object)'> (0x000000071360d558) 
thrown [s\src\hotspot\share\interpreter\linkResolver.cpp, line 773]
Event: 57.299 Thread 0x000002641c3085a0 Exception <a 'java/lang/NoSuchMethodError'{0x000000070dcbcbc0}: 'void java.lang.invoke.Invokers$Holder.invoke_MT(java.lang.Object, java.lang.Object, java.lang.Object, java.lang.Object)'> (0x000000070dcbcbc0) 
thrown [s\src\hotspot\share\interpreter\linkResolver.cpp, line 773]
Event: 79.548 Thread 0x0000026419bbf0f0 Exception <a 'java/lang/NoSuchMethodError'{0x000000070d6cbd90}: 'java.lang.Object java.lang.invoke.DirectMethodHandle$Holder.newInvokeSpecial(java.lang.Object, java.lang.Object, long)'> (0x000000070d6cbd90) 
thrown [s\src\hotspot\share\interpreter\linkResolver.cpp, line 773]
Event: 79.549 Thread 0x0000026419bbf0f0 Exception <a 'java/lang/NoSuchMethodError'{0x000000070d6cf328}: 'java.lang.Object java.lang.invoke.Invokers$Holder.linkToTargetMethod(java.lang.Object, long, java.lang.Object)'> (0x000000070d6cf328) 
thrown [s\src\hotspot\share\interpreter\linkResolver.cpp, line 773]
Event: 5414.845 Thread 0x0000026417ce4220 Implicit null exception at 0x00000263c129eede to 0x00000263c129f2b8
Event: 5415.835 Thread 0x0000026417ce4220 Implicit null exception at 0x00000263c129eede to 0x00000263c129f2b8
Event: 5416.836 Thread 0x0000026417ce4220 Implicit null exception at 0x00000263c129eede to 0x00000263c129f2b8
Event: 5417.833 Thread 0x0000026417ce4220 Implicit null exception at 0x00000263c129eede to 0x00000263c129f2b8
Event: 5418.832 Thread 0x0000026417ce3b90 Implicit null exception at 0x00000263c129fb59 to 0x00000263c129feb8

ZGC Phase Switch (0 events):
No events

VM Operations (20 events):
Event: 7729.413 Executing VM operation: Cleanup
Event: 7729.413 Executing VM operation: Cleanup done
Event: 7849.706 Executing VM operation: Cleanup
Event: 7849.706 Executing VM operation: Cleanup done
Event: 7915.451 Executing VM operation: Cleanup
Event: 7915.451 Executing VM operation: Cleanup done
Event: 7919.495 Executing VM operation: Cleanup
Event: 7919.495 Executing VM operation: Cleanup done
Event: 7999.839 Executing VM operation: G1CollectForAllocation (G1 Evacuation Pause)
Event: 7999.856 Executing VM operation: G1CollectForAllocation (G1 Evacuation Pause) done
Event: 8018.039 Executing VM operation: Cleanup
Event: 8018.039 Executing VM operation: Cleanup done
Event: 8198.116 Executing VM operation: Cleanup
Event: 8198.116 Executing VM operation: Cleanup done
Event: 8395.305 Executing VM operation: Cleanup
Event: 8395.305 Executing VM operation: Cleanup done
Event: 8440.778 Executing VM operation: Cleanup
Event: 8440.778 Executing VM operation: Cleanup done
Event: 8444.829 Executing VM operation: Cleanup
Event: 8444.829 Executing VM operation: Cleanup done

Memory protections (0 events):
No events

Nmethod flushes (20 events):
Event: 14.440 Thread 0x00000263d02b5db0 flushing  nmethod 0x00000263b9372c10
Event: 14.440 Thread 0x00000263d02b5db0 flushing  nmethod 0x00000263b938d690
Event: 14.440 Thread 0x00000263d02b5db0 flushing  nmethod 0x00000263b9390c90
Event: 14.440 Thread 0x00000263d02b5db0 flushing  nmethod 0x00000263b9393210
Event: 14.440 Thread 0x00000263d02b5db0 flushing  nmethod 0x00000263b9405a10
Event: 14.440 Thread 0x00000263d02b5db0 flushing  nmethod 0x00000263b9490910
Event: 14.440 Thread 0x00000263d02b5db0 flushing  nmethod 0x00000263b9491510
Event: 14.440 Thread 0x00000263d02b5db0 flushing  nmethod 0x00000263b94c5b10
Event: 14.440 Thread 0x00000263d02b5db0 flushing  nmethod 0x00000263b94cf810
Event: 14.440 Thread 0x00000263d02b5db0 flushing  nmethod 0x00000263b94d0190
Event: 14.440 Thread 0x00000263d02b5db0 flushing  nmethod 0x00000263b94d0590
Event: 14.440 Thread 0x00000263d02b5db0 flushing  nmethod 0x00000263b9553d10
Event: 14.440 Thread 0x00000263d02b5db0 flushing  nmethod 0x00000263b956eb90
Event: 14.440 Thread 0x00000263d02b5db0 flushing  nmethod 0x00000263b956ee90
Event: 14.440 Thread 0x00000263d02b5db0 flushing  nmethod 0x00000263b9588790
Event: 14.440 Thread 0x00000263d02b5db0 flushing  nmethod 0x00000263b9589d90
Event: 14.440 Thread 0x00000263d02b5db0 flushing  nmethod 0x00000263b9595110
Event: 14.440 Thread 0x00000263d02b5db0 flushing  nmethod 0x00000263b95b9f90
Event: 14.440 Thread 0x00000263d02b5db0 flushing  nmethod 0x00000263b95baf90
Event: 14.440 Thread 0x00000263d02b5db0 flushing  nmethod 0x00000263b95bf990

Events (20 events):
Event: 37.777 Thread 0x00000263d02ebbe0 Thread added: 0x000002641c30b390
Event: 37.777 Thread 0x00000263d02ebbe0 Thread added: 0x000002641c30a670
Event: 37.777 Thread 0x00000263d02ebbe0 Thread added: 0x000002641c309950
Event: 37.777 Thread 0x00000263d02ebbe0 Thread added: 0x000002641c309fe0
Event: 37.777 Thread 0x00000263d02ebbe0 Thread added: 0x000002641c30ad00
Event: 37.777 Thread 0x00000263d02ebbe0 Thread added: 0x0000026419d2d970
Event: 37.777 Thread 0x00000263d02ebbe0 Thread added: 0x0000026419d2a4f0
Event: 37.777 Thread 0x00000263d02ebbe0 Thread added: 0x000002641f58df80
Event: 37.802 Thread 0x00000263d02ebbe0 Thread added: 0x000002641f590050
Event: 37.804 Thread 0x00000263d02ebbe0 Thread added: 0x000002641f58f9c0
Event: 37.821 Thread 0x00000263d02ebbe0 Thread added: 0x000002641f58e610
Event: 37.839 Thread 0x00000263d02ebbe0 Thread exited: 0x00000263d02ebbe0
Event: 37.852 Thread 0x00000263d02e9b10 Thread exited: 0x00000263d02e9b10
Event: 37.853 Thread 0x00000263b0bba020 Thread exited: 0x00000263b0bba020
Event: 37.853 Thread 0x000002641f58d260 Thread added: 0x000002641f58d260
Event: 38.347 Thread 0x000002641862bd90 Thread exited: 0x000002641862bd90
Event: 38.348 Thread 0x000002641bbb5960 Thread exited: 0x000002641bbb5960
Event: 57.488 Thread 0x00000263d03204a0 Thread added: 0x000002641862bd90
Event: 58.464 Thread 0x000002641862bd90 Thread exited: 0x000002641862bd90
Event: 27658.037 Thread 0x00000263d03204a0 Thread added: 0x000002641bbb5960


Dynamic libraries:
0x00007ff793470000 - 0x00007ff79347e000 	C:\Users\araom\.jdks\ms-21.0.8\bin\java.exe
0x00007ffff0740000 - 0x00007ffff09a9000 	C:\WINDOWS\SYSTEM32\ntdll.dll
0x00007fffefd00000 - 0x00007fffefdc9000 	C:\WINDOWS\System32\KERNEL32.DLL
0x00007fffedaa0000 - 0x00007fffede93000 	C:\WINDOWS\System32\KERNELBASE.dll
0x00007fffee0a0000 - 0x00007fffee1eb000 	C:\WINDOWS\System32\ucrtbase.dll
0x00007fffdac60000 - 0x00007fffdac7e000 	C:\Users\araom\.jdks\ms-21.0.8\bin\VCRUNTIME140.dll
0x00007fffdac40000 - 0x00007fffdac58000 	C:\Users\araom\.jdks\ms-21.0.8\bin\jli.dll
0x00007fffeea10000 - 0x00007fffeebd4000 	C:\WINDOWS\System32\USER32.dll
0x00007fffee370000 - 0x00007fffee397000 	C:\WINDOWS\System32\win32u.dll
0x00007ffff04a0000 - 0x00007ffff04cb000 	C:\WINDOWS\System32\GDI32.dll
0x00007fffed970000 - 0x00007fffeda9d000 	C:\WINDOWS\System32\gdi32full.dll
0x00007fffedea0000 - 0x00007fffedf43000 	C:\WINDOWS\System32\msvcp_win.dll
0x00007fffaf130000 - 0x00007fffaf3c3000 	C:\WINDOWS\WinSxS\amd64_microsoft.windows.common-controls_6595b64144ccf1df_6.0.26100.5074_none_3e0d6f78e32fd63f\COMCTL32.dll
0x00007ffff0030000 - 0x00007ffff00d9000 	C:\WINDOWS\System32\msvcrt.dll
0x00007ffff0550000 - 0x00007ffff057f000 	C:\WINDOWS\System32\IMM32.DLL
0x00007fffe8bf0000 - 0x00007fffe8bfc000 	C:\Users\araom\.jdks\ms-21.0.8\bin\vcruntime140_1.dll
0x00007fffd1820000 - 0x00007fffd18a9000 	C:\Users\araom\.jdks\ms-21.0.8\bin\msvcp140.dll
0x00007fffc4c80000 - 0x00007fffc5a2c000 	C:\Users\araom\.jdks\ms-21.0.8\bin\server\jvm.dll
0x00007fffeebe0000 - 0x00007fffeec94000 	C:\WINDOWS\System32\ADVAPI32.dll
0x00007ffff0590000 - 0x00007ffff0636000 	C:\WINDOWS\System32\sechost.dll
0x00007fffeff10000 - 0x00007ffff0028000 	C:\WINDOWS\System32\RPCRT4.dll
0x00007fffef4a0000 - 0x00007fffef514000 	C:\WINDOWS\System32\WS2_32.dll
0x00007fffdcb50000 - 0x00007fffdcb5b000 	C:\WINDOWS\SYSTEM32\VERSION.dll
0x00007fffe6d10000 - 0x00007fffe6d45000 	C:\WINDOWS\SYSTEM32\WINMM.dll
0x00007fffed730000 - 0x00007fffed78e000 	C:\WINDOWS\SYSTEM32\POWRPROF.dll
0x00007fffed710000 - 0x00007fffed724000 	C:\WINDOWS\SYSTEM32\UMPDC.dll
0x00007fffec670000 - 0x00007fffec68b000 	C:\WINDOWS\SYSTEM32\kernel.appcore.dll
0x00007fffe8bc0000 - 0x00007fffe8bca000 	C:\Users\araom\.jdks\ms-21.0.8\bin\jimage.dll
0x00007fffdda30000 - 0x00007fffddc72000 	C:\WINDOWS\SYSTEM32\DBGHELP.DLL
0x00007fffee520000 - 0x00007fffee89b000 	C:\WINDOWS\System32\combase.dll
0x00007fffefe30000 - 0x00007fffeff07000 	C:\WINDOWS\System32\OLEAUT32.dll
0x00007fffcc3b0000 - 0x00007fffcc3ed000 	C:\WINDOWS\SYSTEM32\dbgcore.DLL
0x00007fffed8d0000 - 0x00007fffed969000 	C:\WINDOWS\System32\bcryptPrimitives.dll
0x00007fffdabd0000 - 0x00007fffdac0c000 	C:\Users\araom\.jdks\ms-21.0.8\bin\jdwp.dll
0x00007fffdab40000 - 0x00007fffdab50000 	C:\Users\araom\.jdks\ms-21.0.8\bin\instrument.dll
0x00007fffd1900000 - 0x00007fffd1921000 	C:\Users\araom\.jdks\ms-21.0.8\bin\java.dll
0x00007fffd18e0000 - 0x00007fffd18f8000 	C:\Users\araom\.jdks\ms-21.0.8\bin\zip.dll
0x00007fffeeca0000 - 0x00007fffef3ed000 	C:\WINDOWS\System32\SHELL32.dll
0x00007fffee3a0000 - 0x00007fffee50c000 	C:\WINDOWS\System32\wintypes.dll
0x00007fffeb4f0000 - 0x00007fffebd49000 	C:\WINDOWS\SYSTEM32\windows.storage.dll
0x00007fffef530000 - 0x00007fffef620000 	C:\WINDOWS\System32\SHCORE.dll
0x00007fffee9a0000 - 0x00007fffeea02000 	C:\WINDOWS\System32\shlwapi.dll
0x00007fffed7f0000 - 0x00007fffed819000 	C:\WINDOWS\SYSTEM32\profapi.dll
0x00007fffca520000 - 0x00007fffca5f6000 	C:\Users\araom\.jdks\ms-21.0.8\bin\jsvml.dll
0x00007fffdaae0000 - 0x00007fffdaaec000 	C:\Users\araom\.jdks\ms-21.0.8\bin\dt_socket.dll
0x00007fffec070000 - 0x00007fffec0a4000 	C:\WINDOWS\SYSTEM32\IPHLPAPI.DLL
0x00007fffecbd0000 - 0x00007fffecc3b000 	C:\WINDOWS\system32\mswsock.dll
0x00007fffd1730000 - 0x00007fffd1741000 	C:\Users\araom\.jdks\ms-21.0.8\bin\net.dll
0x00007fffe6ec0000 - 0x00007fffe6fdf000 	C:\WINDOWS\SYSTEM32\WINHTTP.dll
0x00007fffcc150000 - 0x00007fffcc166000 	C:\Users\araom\.jdks\ms-21.0.8\bin\nio.dll
0x00007fffd1810000 - 0x00007fffd181a000 	C:\Users\araom\.jdks\ms-21.0.8\bin\management.dll
0x00007fffd1720000 - 0x00007fffd172c000 	C:\Users\araom\.jdks\ms-21.0.8\bin\management_ext.dll
0x00007fffee510000 - 0x00007fffee518000 	C:\WINDOWS\System32\PSAPI.DLL
0x00007fffda700000 - 0x00007fffda70e000 	C:\Users\araom\.jdks\ms-21.0.8\bin\sunmscapi.dll
0x00007fffee1f0000 - 0x00007fffee367000 	C:\WINDOWS\System32\CRYPT32.dll
0x00007fffed0f0000 - 0x00007fffed120000 	C:\WINDOWS\SYSTEM32\ncrypt.dll
0x00007fffed0a0000 - 0x00007fffed0df000 	C:\WINDOWS\SYSTEM32\NTASN1.dll
0x00007fffecfa0000 - 0x00007fffecfbb000 	C:\WINDOWS\SYSTEM32\CRYPTSP.dll
0x00007fffec5d0000 - 0x00007fffec60b000 	C:\WINDOWS\system32\rsaenh.dll
0x00007fffecc70000 - 0x00007fffecc9b000 	C:\WINDOWS\SYSTEM32\USERENV.dll
0x00007fffed7c0000 - 0x00007fffed7e6000 	C:\WINDOWS\SYSTEM32\bcrypt.dll
0x00007fffece00000 - 0x00007fffece0c000 	C:\WINDOWS\SYSTEM32\CRYPTBASE.dll
0x00007fffef6c0000 - 0x00007fffef6ca000 	C:\WINDOWS\System32\NSI.dll
0x00007fffec100000 - 0x00007fffec226000 	C:\WINDOWS\SYSTEM32\DNSAPI.dll
0x00007fffe7010000 - 0x00007fffe701b000 	C:\Windows\System32\rasadhlp.dll
0x00007fffe81a0000 - 0x00007fffe8226000 	C:\WINDOWS\System32\fwpuclnt.dll
0x00007fffd18d0000 - 0x00007fffd18d9000 	C:\Users\araom\.jdks\ms-21.0.8\bin\extnet.dll
0x00007fffa46d0000 - 0x00007fffa46d8000 	C:\WINDOWS\system32\wshunix.dll

JVMTI agents:
jdwp path:C:\Users\araom\.jdks\ms-21.0.8\bin\jdwp.dll, loaded, initialized, options:transport=dt_socket,address=127.0.0.1:53526,suspend=y,server=n
C:\Users\araom\AppData\Local\JetBrains\IdeaIC2025.2\captureAgent\debugger-agent.jar path:C:\Users\araom\.jdks\ms-21.0.8\bin\instrument.dll, loaded, initialized, instrumentlib options:file:///C:/Users/araom/AppData/Local/Temp/capture11658710895199893236.props

dbghelp: loaded successfully - version: 4.0.5 - missing functions: none
symbol engine: initialized successfully - sym options: 0x614 - pdb path: .;C:\Users\araom\.jdks\ms-21.0.8\bin;C:\WINDOWS\SYSTEM32;C:\WINDOWS\WinSxS\amd64_microsoft.windows.common-controls_6595b64144ccf1df_6.0.26100.5074_none_3e0d6f78e32fd63f;C:\Users\araom\.jdks\ms-21.0.8\bin\server

VM Arguments:
jvm_args: -agentlib:jdwp=transport=dt_socket,address=127.0.0.1:53526,suspend=y,server=n -javaagent:C:\Users\araom\AppData\Local\JetBrains\IdeaIC2025.2\captureAgent\debugger-agent.jar=file:///C:/Users/araom/AppData/Local/Temp/capture11658710895199893236.props -Dkotlinx.coroutines.debug.enable.creation.stack.trace=false -Ddebugger.agent.enable.coroutines=true -Dkotlinx.coroutines.debug.enable.flows.stack.trace=true -Dkotlinx.coroutines.debug.enable.mutable.state.flows.stack.trace=true -Dfile.encoding=UTF-8 -Dsun.stdout.encoding=UTF-8 -Dsun.stderr.encoding=UTF-8 
java_command: com.jobportal.Job.Poratl.JobPoratlApplication
java_class_path (initial): C:\Users\araom\Downloads\Job Poratl\Job-Poratl\target\classes;C:\Users\araom\.m2\repository\org\springframework\boot\spring-boot-starter-web\4.0.1\spring-boot-starter-web-4.0.1.jar;C:\Users\araom\.m2\repository\org\springframework\boot\spring-boot-starter-jackson\4.0.1\spring-boot-starter-jackson-4.0.1.jar;C:\Users\araom\.m2\repository\org\springframework\boot\spring-boot-jackson\4.0.1\spring-boot-jackson-4.0.1.jar;C:\Users\araom\.m2\repository\tools\jackson\core\jackson-databind\3.0.3\jackson-databind-3.0.3.jar;C:\Users\araom\.m2\repository\tools\jackson\core\jackson-core\3.0.3\jackson-core-3.0.3.jar;C:\Users\araom\.m2\repository\org\springframework\boot\spring-boot-starter-tomcat\4.0.1\spring-boot-starter-tomcat-4.0.1.jar;C:\Users\araom\.m2\repository\org\springframework\boot\spring-boot-starter-tomcat-runtime\4.0.1\spring-boot-starter-tomcat-runtime-4.0.1.jar;C:\Users\araom\.m2\repository\org\springframework\boot\spring-boot-web-server\4.0.1\spring-boot-web-server-4.0.1.jar;C:\Users\araom\.m2\repository\org\apache\tomcat\embed\tomcat-embed-core\11.0.15\tomcat-embed-core-11.0.15.jar;C:\Users\araom\.m2\repository\org\apache\tomcat\embed\tomcat-embed-websocket\11.0.15\tomcat-embed-websocket-11.0.15.jar;C:\Users\araom\.m2\repository\org\springframework\boot\spring-boot-tomcat\4.0.1\spring-boot-tomcat-4.0.1.jar;C:\Users\araom\.m2\repository\org\springframework\boot\spring-boot-http-converter\4.0.1\spring-boot-http-converter-4.0.1.jar;C:\Users\araom\.m2\repository\org\springframework\spring-web\7.0.2\spring-web-7.0.2.jar;C:\Users\araom\.m2\repository\io\micrometer\micrometer-observation\1.16.1\micrometer-observation-1.16.1.jar;C:\Users\araom\.m2\repository\io\micrometer\micrometer-commons\1.16.1\micrometer-commons-1.16.1.jar;C:\Users\araom\.m2\repository\org\springframework\boot\spring-boot-webmvc\4.0.1\spring-boot-webmvc-4.0.1.jar;C:\Users\araom\.m2\repository\org\springframework\boot\spring-boot-servlet\4.0.1\spring-boot-servlet-4.0.1.jar;C:\Users\araom\.m2\repository\org\springframework\spring-webmvc\7.0.2\spring-webmvc-7.0.2.jar;C:\Users\araom\.m2\repository\org\springframework\spring-expression\7.0.2\spring-expression-7.0.2.jar;C:\Users\araom\.m2\repository\org\springframework\boot\spring-boot-starter-data-mongodb\4.0.1\spring-boot-starter-data-mongodb-4.0.1.jar;C:\Users\araom\.m2\repository\org\springframework\boot\spring-boot-starter-mongodb\4.0.1\spring-boot-starter-mongodb-4.0.1.jar;C:\Users\araom\.m2\repository\org\springframework\boot\spring-boot-mongodb\4.0.1\spring-boot-mongodb-4.0.1.jar;C:\Users\araom\.m2\repository\org\mongodb\mongodb-driver-sync\5.6.2\mongodb-driver-sync-5.6.2.jar;C:\Users\araom\.m2\repository\org\mongodb\bson\5.6.2\bson-5.6.2.jar;C:\Users\araom\.m2\repository\org\mongodb\mongodb-driver-core\5.6.2\mongodb-driver-core-5.6.2.jar;C:\Users\araom\.m2\repository\org\mongodb\bson-record-codec\5.6.2\bson-record-codec-5.6.2.jar;C:\Users\araom\.m2\repository\org\springframework\boot\spring-boot-data-mongodb\4.0.1\spring-boot-data-mongodb-4.0.1.jar;C:\Users\araom\.m2\repository\org\springframework\boot\spring-boot-data-commons\4.0.1\spring-boot-data-commons-4.0.1.jar;C:\Users\araom\.m2\repository\org\springframework\boot\spring-boot-persistence\4.0.1\spring-boot-persistence-4.0.1.jar;C:\Users\araom\.m2\repository\org\springframework\data\spring-data-commons\4.0.1\spring-data-commons-4.0.1.jar;C:\Users\araom\.m2\repository\org\springframework\boot\spring-boot-transaction\4.0.1\spring-boot-transaction-4.0.1.jar;C:\Users\araom\.m2\repository\org\springframework\spring-tx\7.0.2\spring-tx-7.0.2.jar;C:\Users\araom\.m2\repository\org\springframework\data\spring-data-mongodb\5.0.1\spring-data-mongodb-5.0.1.jar;C:\Users\araom\.m2\repository\org\projectlombok\lombok\1.18.42\lombok-1.18.42.jar;C:\Users\araom\.m2\repository\org\springframework\boot\spring-boot-devtools\4.0.1\spring-boot-devtools-4.0.1.jar;C:\Users\araom\.m2\repository\org\springframework\boot\spring-boot\4.0.1\spring-boot-4.0.1.jar;C:\Users\araom\.m2\repository\org\springframework\spring-context\7.0.2\spring-context-7.0.2.jar;C:\Users\araom\.m2\repository\org\springframework\boot\spring-boot-autoconfigure\4.0.1\spring-boot-autoconfigure-4.0.1.jar;C:\Users\araom\.m2\repository\org\springframework\boot\spring-boot-starter-validation\4.0.1\spring-boot-starter-validation-4.0.1.jar;C:\Users\araom\.m2\repository\org\springframework\boot\spring-boot-starter\4.0.1\spring-boot-starter-4.0.1.jar;C:\Users\araom\.m2\repository\org\springframework\boot\spring-boot-starter-logging\4.0.1\spring-boot-starter-logging-4.0.1.jar;C:\Users\araom\.m2\repository\ch\qos\logback\logback-classic\1.5.22\logback-classic-1.5.22.jar;C:\Users\araom\.m2\repository\ch\qos\logback\logback-core\1.5.22\logback-core-1.5.22.jar;C:\Users\araom\.m2\repository\org\apache\logging\log4j\log4j-to-slf4j\2.25.3\log4j-to-slf4j-2.25.3.jar;C:\Users\araom\.m2\repository\org\apache\logging\log4j\log4j-api\2.25.3\log4j-api-2.25.3.jar;C:\Users\araom\.m2\repository\org\slf4j\jul-to-slf4j\2.0.17\jul-to-slf4j-2.0.17.jar;C:\Users\araom\.m2\repository\jakarta\annotation\jakarta.annotation-api\3.0.0\jakarta.annotation-api-3.0.0.jar;C:\Users\araom\.m2\repository\org\yaml\snakeyaml\2.5\snakeyaml-2.5.jar;C:\Users\araom\.m2\repository\org\springframework\boot\spring-boot-validation\4.0.1\spring-boot-validation-4.0.1.jar;C:\Users\araom\.m2\repository\org\apache\tomcat\embed\tomcat-embed-el\11.0.15\tomcat-embed-el-11.0.15.jar;C:\Users\araom\.m2\repository\org\hibernate\validator\hibernate-validator\9.0.1.Final\hibernate-validator-9.0.1.Final.jar;C:\Users\araom\.m2\repository\jakarta\validation\jakarta.validation-api\3.1.1\jakarta.validation-api-3.1.1.jar;C:\Users\araom\.m2\repository\org\jboss\logging\jboss-logging\3.6.1.Final\jboss-logging-3.6.1.Final.jar;C:\Users\araom\.m2\repository\com\fasterxml\classmate\1.7.1\classmate-1.7.1.jar;C:\Users\araom\.m2\repository\org\slf4j\slf4j-api\2.0.17\slf4j-api-2.0.17.jar;C:\Users\araom\.m2\repository\jakarta\activation\jakarta.activation-api\2.1.4\jakarta.activation-api-2.1.4.jar;C:\Users\araom\.m2\repository\org\springframework\spring-core\7.0.2\spring-core-7.0.2.jar;C:\Users\araom\.m2\repository\commons-logging\commons-logging\1.3.5\commons-logging-1.3.5.jar;C:\Users\araom\.m2\repository\org\jspecify\jspecify\1.0.0\jspecify-1.0.0.jar;C:\Users\araom\.m2\repository\org\springframework\boot\spring-boot-starter-security\4.0.1\spring-boot-starter-security-4.0.1.jar;C:\Users\araom\.m2\repository\org\springframework\boot\spring-boot-security\4.0.1\spring-boot-security-4.0.1.jar;C:\Users\araom\.m2\repository\org\springframework\security\spring-security-config\7.0.2\spring-security-config-7.0.2.jar;C:\Users\araom\.m2\repository\org\springframework\security\spring-security-core\7.0.2\spring-security-core-7.0.2.jar;C:\Users\araom\.m2\repository\org\springframework\security\spring-security-crypto\7.0.2\spring-security-crypto-7.0.2.jar;C:\Users\araom\.m2\repository\org\springframework\security\spring-security-web\7.0.2\spring-security-web-7.0.2.jar;C:\Users\araom\.m2\repository\org\springframework\spring-aop\7.0.2\spring-aop-7.0.2.jar;C:\Users\araom\.m2\repository\org\springframework\spring-beans\7.0.2\spring-beans-7.0.2.jar;C:\Users\araom\.m2\repository\org\springframework\boot\spring-boot-starter-mail\4.0.1\spring-boot-starter-mail-4.0.1.jar;C:\Users\araom\.m2\repository\org\springframework\boot\spring-boot-mail\4.0.1\spring-boot-mail-4.0.1.jar;C:\Users\araom\.m2\repository\org\springframework\spring-context-support\7.0.2\spring-context-support-7.0.2.jar;C:\Users\araom\.m2\repository\jakarta\mail\jakarta.mail-api\2.1.5\jakarta.mail-api-2.1.5.jar;C:\Users\araom\.m2\repository\org\eclipse\angus\angus-mail\2.0.5\angus-mail-2.0.5.jar;C:\Users\araom\.m2\repository\org\eclipse\angus\angus-activation\2.0.3\angus-activation-2.0.3.jar;C:\Users\araom\.m2\repository\com\fasterxml\jackson\core\jackson-databind\2.20.1\jackson-databind-2.20.1.jar;C:\Users\araom\.m2\repository\com\fasterxml\jackson\core\jackson-annotations\2.20\jackson-annotations-2.20.jar;C:\Users\araom\.m2\repository\com\fasterxml\jackson\core\jackson-core\2.20.1\jackson-core-2.20.1.jar;C:\Users\araom\AppData\Local\Programs\IntelliJ IDEA Community Edition\lib\idea_rt.jar
Launcher Type: SUN_STANDARD

[Global flags]
     intx CICompilerCount                          = 4                                         {product} {ergonomic}
     uint ConcGCThreads                            = 3                                         {product} {ergonomic}
     uint G1ConcRefinementThreads                  = 10                                        {product} {ergonomic}
   size_t G1HeapRegionSize                         = 2097152                                   {product} {ergonomic}
    uintx GCDrainStackTargetSize                   = 64                                        {product} {ergonomic}
   size_t InitialHeapSize                          = 264241152                                 {product} {ergonomic}
   size_t MarkStackSize                            = 4194304                                   {product} {ergonomic}
   size_t MaxHeapSize                              = 4202692608                                {product} {ergonomic}
   size_t MaxNewSize                               = 2520776704                                {product} {ergonomic}
   size_t MinHeapDeltaBytes                        = 2097152                                   {product} {ergonomic}
   size_t MinHeapSize                              = 8388608                                   {product} {ergonomic}
    uintx NonNMethodCodeHeapSize                   = 5839372                                {pd product} {ergonomic}
    uintx NonProfiledCodeHeapSize                  = 122909434                              {pd product} {ergonomic}
    uintx ProfiledCodeHeapSize                     = 122909434                              {pd product} {ergonomic}
    uintx ReservedCodeCacheSize                    = 251658240                              {pd product} {ergonomic}
     bool SegmentedCodeCache                       = true                                      {product} {ergonomic}
   size_t SoftMaxHeapSize                          = 4202692608                             {manageable} {ergonomic}
     bool UseCompressedOops                        = true                           {product lp64_product} {ergonomic}
     bool UseG1GC                                  = true                                      {product} {ergonomic}
     bool UseLargePagesIndividualAllocation        = false                                  {pd product} {ergonomic}

Logging:
Log output configuration:
 #0: stdout all=warning uptime,level,tags foldmultilines=false
 #1: stderr all=off uptime,level,tags foldmultilines=false

Environment Variables:
JAVA_HOME=C:\Program Files\Eclipse Adoptium\jdk-21.0.6.7-hotspot\bin
PATH=C:\Program Files\Eclipse Adoptium\jdk-21.0.6.7-hotspot\bin;C:\Python313\Scripts\;C:\Python313\;C:\Python312\Scripts\;C:\Python312\;C:\WINDOWS\system32;C:\WINDOWS;C:\WINDOWS\System32\Wbem;C:\WINDOWS\System32\WindowsPowerShell\v1.0\;C:\WINDOWS\System32\OpenSSH\;C:\Program Files\Git\cmd;C:\Program Files (x86)\dotnet\;C:\MAMP\bin\mysql\bin;C:\Program Files\nodejs\;C:\ProgramData\chocolatey\bin;;C:\Program Files\Docker\Docker\resources\bin;C:\Users\araom\AppData\Local\Programs\Eclipse Adoptium\jdk-21.0.6.7-hotspot\bin;C:\Users\araom\AppData\Local\Microsoft\WindowsApps;C:\Users\araom\AppData\Local\Programs\Microsoft VS Code\bin;C:\Users\araom\AppData\Roaming\npm;C:\Users\araom\AppData\Local\JetBrains\Toolbox\scripts;C:\Users\araom\AppData\Local\Programs\mongosh\
USERNAME=araom
OS=Windows_NT
PROCESSOR_IDENTIFIER=Intel64 Family 6 Model 186 Stepping 3, GenuineIntel
TMP=C:\Users\araom\AppData\Local\Temp
TEMP=C:\Users\araom\AppData\Local\Temp




Periodic native trim disabled

---------------  S Y S T E M  ---------------

OS:
 Windows 11 , 64 bit Build 26100 (10.0.26100.5074)
OS uptime: 1 days 20:25 hours
Hyper-V role detected

CPU: total 12 (initial active 12) (6 cores per cpu, 2 threads per core) family 6 model 186 stepping 3 microcode 0x4129, cx8, cmov, fxsr, ht, mmx, 3dnowpref, sse, sse2, sse3, ssse3, sse4.1, sse4.2, popcnt, lzcnt, tsc, tscinvbit, avx, avx2, aes, erms, clmul, bmi1, bmi2, adx, sha, fma, vzeroupper, clflush, clflushopt, clwb, hv, serialize, rdtscp, rdpid, fsrm, f16c, cet_ibt, cet_ss
Processor Information for the first 12 processors :
  Max Mhz: 1300, Current Mhz: 1300, Mhz Limit: 1300

Memory: 4k page, system-wide physical 16024M (1021M free)
TotalPageFile size 26976M (AvailPageFile size 2M)
current process WorkingSet (physical memory assigned to process): 195M, peak: 358M
current process commit charge ("private bytes"): 403M, peak: 444M

vm_info: OpenJDK 64-Bit Server VM (21.0.8+9-LTS) for windows-amd64 JRE (21.0.8+9-LTS), built on 2025-07-10T20:22:44Z by "MicrosoftCorporation" with unknown MS VC++:1944

END.
