#
# There is insufficient memory for the Java Runtime Environment to continue.
# Native memory allocation (mmap) failed to map 547356672 bytes. Error detail: G1 virtual space
# Possible reasons:
#   The system is out of physical RAM or swap space
#   This process is running with CompressedOops enabled, and the Java Heap may be blocking the growth of the native heap
# Possible solutions:
#   Reduce memory load on the system
#   Increase physical memory or swap space
#   Check if swap backing store is full
#   Decrease Java heap size (-Xmx/-Xms)
#   Decrease number of Java threads
#   Decrease Java thread stack sizes (-Xss)
#   Set larger code cache with -XX:ReservedCodeCacheSize=
#   JVM is running with Zero Based Compressed Oops mode in which the Java heap is
#     placed in the first 32GB address space. The Java Heap base address is the
#     maximum limit for the native heap growth. Please use -XX:HeapBaseMinAddress
#     to set the Java Heap base and to place the Java Heap above 32GB virtual address.
# This output file may be truncated or incomplete.
#
#  Out of Memory Error (os_windows.cpp:3736), pid=28380, tid=10168
#
# JRE version: OpenJDK Runtime Environment Microsoft-11933218 (21.0.8+9) (build 21.0.8+9-LTS)
# Java VM: OpenJDK 64-Bit Server VM Microsoft-11933218 (21.0.8+9-LTS, mixed mode, emulated-client, sharing, tiered, compressed oops, compressed class ptrs, g1 gc, windows-amd64)
# No core dump will be written. Minidumps are not enabled by default on client versions of Windows
#

---------------  S U M M A R Y ------------

Command Line: -XX:TieredStopAtLevel=1 -Dspring.output.ansi.enabled=always -javaagent:C:\Users\araom\AppData\Local\Programs\IntelliJ IDEA Community Edition\lib\idea_rt.jar=65064 -Dfile.encoding=UTF-8 -Dsun.stdout.encoding=UTF-8 -Dsun.stderr.encoding=UTF-8 com.jobportal.Job.Poratl.JobPoratlApplication

Host: 13th Gen Intel(R) Core(TM) i5-1335U, 12 cores, 15G,  Windows 11 , 64 bit Build 26100 (10.0.26100.5074)
Time: Mon Feb 16 14:49:07 2026 elapsed time: 271.398700 seconds (0d 0h 4m 31s)

---------------  T H R E A D  ---------------

Current thread (0x0000020f13fada00):  VMThread "VM Thread"          [id=10168, stack(0x000000e78a700000,0x000000e78a800000) (1024K)]

Stack: [0x000000e78a700000,0x000000e78a800000]
Native frames: (J=compiled Java code, j=interpreted, Vv=VM code, C=native code)
V  [jvm.dll+0x6e1729]
V  [jvm.dll+0x8bf47b]
V  [jvm.dll+0x8c19aa]
V  [jvm.dll+0x8c2083]
V  [jvm.dll+0x289fd6]
V  [jvm.dll+0x6de085]
V  [jvm.dll+0x6d218a]
V  [jvm.dll+0x366f6e]
V  [jvm.dll+0x36ee1b]
V  [jvm.dll+0x3c06b9]
V  [jvm.dll+0x3c095b]
V  [jvm.dll+0x33a8b7]
V  [jvm.dll+0x33a947]
V  [jvm.dll+0x37f68c]
V  [jvm.dll+0x37de6e]
V  [jvm.dll+0x33a011]
V  [jvm.dll+0x37d898]
V  [jvm.dll+0x8c7def]
V  [jvm.dll+0x8c92fc]
V  [jvm.dll+0x8c9874]
V  [jvm.dll+0x8c9973]
V  [jvm.dll+0x86975d]
V  [jvm.dll+0x6dff2d]
C  [ucrtbase.dll+0x37b0]
C  [KERNEL32.DLL+0x2e8d7]
C  [ntdll.dll+0x8d9c]

VM_Operation (0x000000e78ccfb4b0): G1TryInitiateConcMark, mode: safepoint, requested by thread 0x0000020f5b2bedf0


---------------  P R O C E S S  ---------------

Threads class SMR info:
_java_thread_list=0x0000020f5bb7ac70, length=34, elements={
0x0000020f13fcab60, 0x0000020f13fcd4e0, 0x0000020f13fd3230, 0x0000020f13fd3db0,
0x0000020f13fd58d0, 0x0000020f13fdfeb0, 0x0000020f13fe15a0, 0x0000020f13f9b1a0,
0x0000020f59572ad0, 0x0000020f59573130, 0x0000020f5b07d230, 0x0000020f5b0b05e0,
0x0000020f5b1da9a0, 0x0000020f5b1db000, 0x0000020f5b2be0d0, 0x0000020f5b2bc000,
0x0000020f5b2bc690, 0x0000020f5b2be760, 0x0000020f5b2bd3b0, 0x0000020f5b2bedf0,
0x0000020f5b2bcd20, 0x0000020f5b2bb970, 0x0000020f5b2bda40, 0x0000020f5b70bb80,
0x0000020f5b70b4f0, 0x0000020f5b70cf30, 0x0000020f5b70ae60, 0x0000020f5b70c210,
0x0000020f5b70f690, 0x0000020f5b70fd20, 0x0000020f5b70f000, 0x0000020f5b70d5c0,
0x0000020f5b849e00, 0x0000020f5b84aba0
}

Java Threads: ( => current thread )
  0x0000020f13fcab60 JavaThread "Reference Handler"          daemon [_thread_blocked, id=8336, stack(0x000000e78a800000,0x000000e78a900000) (1024K)]
  0x0000020f13fcd4e0 JavaThread "Finalizer"                  daemon [_thread_blocked, id=28564, stack(0x000000e78a900000,0x000000e78aa00000) (1024K)]
  0x0000020f13fd3230 JavaThread "Signal Dispatcher"          daemon [_thread_blocked, id=13380, stack(0x000000e78aa00000,0x000000e78ab00000) (1024K)]
  0x0000020f13fd3db0 JavaThread "Attach Listener"            daemon [_thread_blocked, id=27856, stack(0x000000e78ab00000,0x000000e78ac00000) (1024K)]
  0x0000020f13fd58d0 JavaThread "Service Thread"             daemon [_thread_blocked, id=27832, stack(0x000000e78ac00000,0x000000e78ad00000) (1024K)]
  0x0000020f13fdfeb0 JavaThread "Monitor Deflation Thread"   daemon [_thread_blocked, id=27384, stack(0x000000e78ad00000,0x000000e78ae00000) (1024K)]
  0x0000020f13fe15a0 JavaThread "C1 CompilerThread0"         daemon [_thread_blocked, id=28344, stack(0x000000e78ae00000,0x000000e78af00000) (1024K)]
  0x0000020f13f9b1a0 JavaThread "Common-Cleaner"             daemon [_thread_blocked, id=6560, stack(0x000000e78af00000,0x000000e78b000000) (1024K)]
  0x0000020f59572ad0 JavaThread "Monitor Ctrl-Break"         daemon [_thread_in_native, id=24788, stack(0x000000e78b100000,0x000000e78b200000) (1024K)]
  0x0000020f59573130 JavaThread "Notification Thread"        daemon [_thread_blocked, id=23728, stack(0x000000e78b200000,0x000000e78b300000) (1024K)]
  0x0000020f5b07d230 JavaThread "BufferPoolPruner-1-thread-1" daemon [_thread_blocked, id=22600, stack(0x000000e78c200000,0x000000e78c300000) (1024K)]
  0x0000020f5b0b05e0 JavaThread "cluster-ClusterId{value='6992aec75a08ec538c940210', description='null'}-localhost:27017" daemon [_thread_in_native, id=11124, stack(0x000000e78c300000,0x000000e78c400000) (1024K)]
  0x0000020f5b1da9a0 JavaThread "cluster-rtt-ClusterId{value='6992aec75a08ec538c940210', description='null'}-localhost:27017" daemon [_thread_blocked, id=12784, stack(0x000000e78c500000,0x000000e78c600000) (1024K)]
  0x0000020f5b1db000 JavaThread "MaintenanceTimer-2-thread-1" daemon [_thread_blocked, id=19428, stack(0x000000e78c600000,0x000000e78c700000) (1024K)]
  0x0000020f5b2be0d0 JavaThread "Catalina-utility-1"                [_thread_blocked, id=25052, stack(0x000000e78c700000,0x000000e78c800000) (1024K)]
  0x0000020f5b2bc000 JavaThread "Catalina-utility-2"                [_thread_blocked, id=4400, stack(0x000000e78c800000,0x000000e78c900000) (1024K)]
  0x0000020f5b2bc690 JavaThread "container-0"                       [_thread_blocked, id=21608, stack(0x000000e78c900000,0x000000e78ca00000) (1024K)]
  0x0000020f5b2be760 JavaThread "File Watcher"               daemon [_thread_blocked, id=23744, stack(0x000000e78ca00000,0x000000e78cb00000) (1024K)]
  0x0000020f5b2bd3b0 JavaThread "http-nio-8080-exec-1"       daemon [_thread_blocked, id=23972, stack(0x000000e78cb00000,0x000000e78cc00000) (1024K)]
  0x0000020f5b2bedf0 JavaThread "http-nio-8080-exec-2"       daemon [_thread_blocked, id=20352, stack(0x000000e78cc00000,0x000000e78cd00000) (1024K)]
  0x0000020f5b2bcd20 JavaThread "http-nio-8080-exec-3"       daemon [_thread_blocked, id=12256, stack(0x000000e78cd00000,0x000000e78ce00000) (1024K)]
  0x0000020f5b2bb970 JavaThread "http-nio-8080-exec-4"       daemon [_thread_blocked, id=14364, stack(0x000000e78ce00000,0x000000e78cf00000) (1024K)]
  0x0000020f5b2bda40 JavaThread "http-nio-8080-exec-5"       daemon [_thread_blocked, id=22964, stack(0x000000e78cf00000,0x000000e78d000000) (1024K)]
  0x0000020f5b70bb80 JavaThread "http-nio-8080-exec-6"       daemon [_thread_blocked, id=9872, stack(0x000000e78d000000,0x000000e78d100000) (1024K)]
  0x0000020f5b70b4f0 JavaThread "http-nio-8080-exec-7"       daemon [_thread_blocked, id=3836, stack(0x000000e78d100000,0x000000e78d200000) (1024K)]
  0x0000020f5b70cf30 JavaThread "http-nio-8080-exec-8"       daemon [_thread_blocked, id=2904, stack(0x000000e78d200000,0x000000e78d300000) (1024K)]
  0x0000020f5b70ae60 JavaThread "http-nio-8080-exec-9"       daemon [_thread_blocked, id=13280, stack(0x000000e78d300000,0x000000e78d400000) (1024K)]
  0x0000020f5b70c210 JavaThread "http-nio-8080-exec-10"      daemon [_thread_blocked, id=24224, stack(0x000000e78d400000,0x000000e78d500000) (1024K)]
  0x0000020f5b70f690 JavaThread "http-nio-8080-Poller"       daemon [_thread_in_native, id=13608, stack(0x000000e78d500000,0x000000e78d600000) (1024K)]
  0x0000020f5b70fd20 JavaThread "http-nio-8080-Acceptor"     daemon [_thread_in_native, id=12788, stack(0x000000e78d600000,0x000000e78d700000) (1024K)]
  0x0000020f5b70f000 JavaThread "scheduling-1"                      [_thread_blocked, id=26548, stack(0x000000e78d700000,0x000000e78d800000) (1024K)]
  0x0000020f5b70d5c0 JavaThread "DestroyJavaVM"                     [_thread_blocked, id=23840, stack(0x000000e78a000000,0x000000e78a100000) (1024K)]
  0x0000020f5b849e00 JavaThread "C1 CompilerThread1"         daemon [_thread_blocked, id=7400, stack(0x000000e789d00000,0x000000e789e00000) (1024K)]
  0x0000020f5b84aba0 JavaThread "C1 CompilerThread2"         daemon [_thread_blocked, id=5216, stack(0x000000e789e00000,0x000000e789f00000) (1024K)]
Total: 34

Other Threads:
=>0x0000020f13fada00 VMThread "VM Thread"                           [id=10168, stack(0x000000e78a700000,0x000000e78a800000) (1024K)]
  0x0000020f13f99f10 WatcherThread "VM Periodic Task Thread"        [id=28420, stack(0x000000e78a600000,0x000000e78a700000) (1024K)]
  0x0000020f7f58ef50 WorkerThread "GC Thread#0"                     [id=28652, stack(0x000000e78a100000,0x000000e78a200000) (1024K)]
  0x0000020f599e7ad0 WorkerThread "GC Thread#1"                     [id=9768, stack(0x000000e78b500000,0x000000e78b600000) (1024K)]
  0x0000020f59997690 WorkerThread "GC Thread#2"                     [id=23936, stack(0x000000e78b600000,0x000000e78b700000) (1024K)]
  0x0000020f59997a30 WorkerThread "GC Thread#3"                     [id=25996, stack(0x000000e78b700000,0x000000e78b800000) (1024K)]
  0x0000020f599714f0 WorkerThread "GC Thread#4"                     [id=28216, stack(0x000000e78b800000,0x000000e78b900000) (1024K)]
  0x0000020f59971890 WorkerThread "GC Thread#5"                     [id=27388, stack(0x000000e78b900000,0x000000e78ba00000) (1024K)]
  0x0000020f59ecf700 WorkerThread "GC Thread#6"                     [id=23672, stack(0x000000e78bd00000,0x000000e78be00000) (1024K)]
  0x0000020f59ed49a0 WorkerThread "GC Thread#7"                     [id=13308, stack(0x000000e78be00000,0x000000e78bf00000) (1024K)]
  0x0000020f59ef6a00 WorkerThread "GC Thread#8"                     [id=9316, stack(0x000000e78bf00000,0x000000e78c000000) (1024K)]
  0x0000020f59ef74e0 WorkerThread "GC Thread#9"                     [id=25356, stack(0x000000e78c000000,0x000000e78c100000) (1024K)]
  0x0000020f7f5a09c0 ConcurrentGCThread "G1 Main Marker"            [id=27736, stack(0x000000e78a200000,0x000000e78a300000) (1024K)]
  0x0000020f7f5a2340 WorkerThread "G1 Conc#0"                       [id=6556, stack(0x000000e78a300000,0x000000e78a400000) (1024K)]
  0x0000020f59ef5f20 WorkerThread "G1 Conc#1"                       [id=25432, stack(0x000000e78bc00000,0x000000e78bd00000) (1024K)]
  0x0000020f59ef62c0 WorkerThread "G1 Conc#2"                       [id=25008, stack(0x000000e78c100000,0x000000e78c200000) (1024K)]
  0x0000020f13e6a490 ConcurrentGCThread "G1 Refine#0"               [id=21232, stack(0x000000e78a400000,0x000000e78a500000) (1024K)]
  0x0000020f13e6beb0 ConcurrentGCThread "G1 Service"                [id=28124, stack(0x000000e78a500000,0x000000e78a600000) (1024K)]
Total: 18

Threads with active compile tasks:
Total: 0

VM state: at safepoint (normal execution)

VM Mutex/Monitor currently owned by a thread:  ([mutex/lock_event])
[0x00007ff8f862a7c8] Threads_lock - owner thread: 0x0000020f13fada00
[0x00007ff8f862a8c8] Heap_lock - owner thread: 0x0000020f5b2bedf0

Heap address: 0x0000000705800000, size: 4008 MB, Compressed Oops mode: Zero based, Oop shift amount: 3

CDS archive(s) mapped at: [0x0000020f14000000-0x0000020f14c80000-0x0000020f14c80000), size 13107200, SharedBaseAddress: 0x0000020f14000000, ArchiveRelocationMode: 1.
Compressed class space mapped at: 0x0000020f15000000-0x0000020f55000000, reserved size: 1073741824
Narrow klass base: 0x0000020f14000000, Narrow klass shift: 0, Narrow klass range: 0x100000000

GC Precious Log:
 CardTable entry size: 512
 Card Set container configuration: InlinePtr #cards 4 size 8 Array Of Cards #cards 16 size 48 Howl #buckets 8 coarsen threshold 3686 Howl Bitmap #cards 512 size 80 coarsen threshold 460 Card regions per heap region 1 cards per card region 4096
 CPUs: 12 total, 12 available
 Memory: 16024M
 Large Page Support: Disabled
 NUMA Support: Disabled
 Compressed Oops: Enabled (Zero based)
 Heap Region Size: 2M
 Heap Min Capacity: 8M
 Heap Initial Capacity: 252M
 Heap Max Capacity: 4008M
 Pre-touch: Disabled
 Parallel Workers: 10
 Concurrent Workers: 3
 Concurrent Refinement Workers: 10
 Periodic GC: Disabled

Heap:
 garbage-first heap   total 479232K, used 62934K [0x0000000705800000, 0x0000000800000000)
  region size 2048K, 3 young (6144K), 3 survivors (6144K)
 Metaspace       used 52067K, committed 52864K, reserved 1114112K
  class space    used 7445K, committed 7808K, reserved 1048576K

Heap Regions: E=young(eden), S=young(survivor), O=old, HS=humongous(starts), HC=humongous(continues), CS=collection set, F=free, TAMS=top-at-mark-start, PB=parsable bottom
|   0|0x0000000705800000, 0x0000000705a00000, 0x0000000705a00000|100%| O|  |TAMS 0x0000000705a00000| PB 0x0000000705800000| Untracked 
|   1|0x0000000705a00000, 0x0000000705c00000, 0x0000000705c00000|100%| O|  |TAMS 0x0000000705c00000| PB 0x0000000705a00000| Untracked 
|   2|0x0000000705c00000, 0x0000000705e00000, 0x0000000705e00000|100%| O|  |TAMS 0x0000000705e00000| PB 0x0000000705c00000| Untracked 
|   3|0x0000000705e00000, 0x0000000706000000, 0x0000000706000000|100%| O|  |TAMS 0x0000000706000000| PB 0x0000000705e00000| Untracked 
|   4|0x0000000706000000, 0x0000000706200000, 0x0000000706200000|100%| O|  |TAMS 0x0000000706200000| PB 0x0000000706000000| Untracked 
|   5|0x0000000706200000, 0x0000000706400000, 0x0000000706400000|100%| O|  |TAMS 0x0000000706400000| PB 0x0000000706200000| Untracked 
|   6|0x0000000706400000, 0x0000000706600000, 0x0000000706600000|100%| O|  |TAMS 0x0000000706600000| PB 0x0000000706400000| Untracked 
|   7|0x0000000706600000, 0x0000000706800000, 0x0000000706800000|100%| O|  |TAMS 0x0000000706800000| PB 0x0000000706600000| Untracked 
|   8|0x0000000706800000, 0x0000000706a00000, 0x0000000706a00000|100%| O|  |TAMS 0x0000000706a00000| PB 0x0000000706800000| Untracked 
|   9|0x0000000706a00000, 0x0000000706c00000, 0x0000000706c00000|100%| O|  |TAMS 0x0000000706c00000| PB 0x0000000706a00000| Untracked 
|  10|0x0000000706c00000, 0x0000000706e00000, 0x0000000706e00000|100%|HS|  |TAMS 0x0000000706e00000| PB 0x0000000706c00000| Complete 
|  11|0x0000000706e00000, 0x0000000707000000, 0x0000000707000000|100%|HC|  |TAMS 0x0000000707000000| PB 0x0000000706e00000| Complete 
|  12|0x0000000707000000, 0x0000000707200000, 0x0000000707200000|100%|HC|  |TAMS 0x0000000707200000| PB 0x0000000707000000| Complete 
|  13|0x0000000707200000, 0x00000007073cf4f0, 0x0000000707400000| 90%| O|  |TAMS 0x00000007073cf4f0| PB 0x0000000707200000| Untracked 
|  14|0x0000000707400000, 0x0000000707400000, 0x0000000707600000|  0%| F|  |TAMS 0x0000000707400000| PB 0x0000000707400000| Untracked 
|  15|0x0000000707600000, 0x0000000707600000, 0x0000000707800000|  0%| F|  |TAMS 0x0000000707600000| PB 0x0000000707600000| Untracked 
|  16|0x0000000707800000, 0x0000000707800000, 0x0000000707a00000|  0%| F|  |TAMS 0x0000000707800000| PB 0x0000000707800000| Untracked 
|  17|0x0000000707a00000, 0x0000000707a00000, 0x0000000707c00000|  0%| F|  |TAMS 0x0000000707a00000| PB 0x0000000707a00000| Untracked 
|  18|0x0000000707c00000, 0x0000000707c00000, 0x0000000707e00000|  0%| F|  |TAMS 0x0000000707c00000| PB 0x0000000707c00000| Untracked 
|  19|0x0000000707e00000, 0x0000000707e00000, 0x0000000708000000|  0%| F|  |TAMS 0x0000000707e00000| PB 0x0000000707e00000| Untracked 
|  20|0x0000000708000000, 0x0000000708000000, 0x0000000708200000|  0%| F|  |TAMS 0x0000000708000000| PB 0x0000000708000000| Untracked 
|  21|0x0000000708200000, 0x0000000708200000, 0x0000000708400000|  0%| F|  |TAMS 0x0000000708200000| PB 0x0000000708200000| Untracked 
|  22|0x0000000708400000, 0x0000000708400000, 0x0000000708600000|  0%| F|  |TAMS 0x0000000708400000| PB 0x0000000708400000| Untracked 
|  23|0x0000000708600000, 0x0000000708600000, 0x0000000708800000|  0%| F|  |TAMS 0x0000000708600000| PB 0x0000000708600000| Untracked 
|  24|0x0000000708800000, 0x0000000708800000, 0x0000000708a00000|  0%| F|  |TAMS 0x0000000708800000| PB 0x0000000708800000| Untracked 
|  25|0x0000000708a00000, 0x0000000708a00000, 0x0000000708c00000|  0%| F|  |TAMS 0x0000000708a00000| PB 0x0000000708a00000| Untracked 
|  26|0x0000000708c00000, 0x0000000708c00000, 0x0000000708e00000|  0%| F|  |TAMS 0x0000000708c00000| PB 0x0000000708c00000| Untracked 
|  27|0x0000000708e00000, 0x0000000708e00000, 0x0000000709000000|  0%| F|  |TAMS 0x0000000708e00000| PB 0x0000000708e00000| Untracked 
|  28|0x0000000709000000, 0x0000000709000000, 0x0000000709200000|  0%| F|  |TAMS 0x0000000709000000| PB 0x0000000709000000| Untracked 
|  29|0x0000000709200000, 0x0000000709200000, 0x0000000709400000|  0%| F|  |TAMS 0x0000000709200000| PB 0x0000000709200000| Untracked 
|  30|0x0000000709400000, 0x0000000709400000, 0x0000000709600000|  0%| F|  |TAMS 0x0000000709400000| PB 0x0000000709400000| Untracked 
|  31|0x0000000709600000, 0x0000000709600000, 0x0000000709800000|  0%| F|  |TAMS 0x0000000709600000| PB 0x0000000709600000| Untracked 
|  32|0x0000000709800000, 0x0000000709800000, 0x0000000709a00000|  0%| F|  |TAMS 0x0000000709800000| PB 0x0000000709800000| Untracked 
|  33|0x0000000709a00000, 0x0000000709a00000, 0x0000000709c00000|  0%| F|  |TAMS 0x0000000709a00000| PB 0x0000000709a00000| Untracked 
|  34|0x0000000709c00000, 0x0000000709c00000, 0x0000000709e00000|  0%| F|  |TAMS 0x0000000709c00000| PB 0x0000000709c00000| Untracked 
|  35|0x0000000709e00000, 0x0000000709e00000, 0x000000070a000000|  0%| F|  |TAMS 0x0000000709e00000| PB 0x0000000709e00000| Untracked 
|  36|0x000000070a000000, 0x000000070a200000, 0x000000070a200000|100%|HS|  |TAMS 0x000000070a200000| PB 0x000000070a000000| Complete 
|  37|0x000000070a200000, 0x000000070a400000, 0x000000070a400000|100%|HC|  |TAMS 0x000000070a400000| PB 0x000000070a200000| Complete 
|  38|0x000000070a400000, 0x000000070a600000, 0x000000070a600000|100%|HC|  |TAMS 0x000000070a600000| PB 0x000000070a400000| Complete 
|  39|0x000000070a600000, 0x000000070a600000, 0x000000070a800000|  0%| F|  |TAMS 0x000000070a600000| PB 0x000000070a600000| Untracked 
|  40|0x000000070a800000, 0x000000070a800000, 0x000000070aa00000|  0%| F|  |TAMS 0x000000070a800000| PB 0x000000070a800000| Untracked 
|  41|0x000000070aa00000, 0x000000070aa00000, 0x000000070ac00000|  0%| F|  |TAMS 0x000000070aa00000| PB 0x000000070aa00000| Untracked 
|  42|0x000000070ac00000, 0x000000070ac00000, 0x000000070ae00000|  0%| F|  |TAMS 0x000000070ac00000| PB 0x000000070ac00000| Untracked 
|  43|0x000000070ae00000, 0x000000070ae00000, 0x000000070b000000|  0%| F|  |TAMS 0x000000070ae00000| PB 0x000000070ae00000| Untracked 
|  44|0x000000070b000000, 0x000000070b000000, 0x000000070b200000|  0%| F|  |TAMS 0x000000070b000000| PB 0x000000070b000000| Untracked 
|  45|0x000000070b200000, 0x000000070b200000, 0x000000070b400000|  0%| F|  |TAMS 0x000000070b200000| PB 0x000000070b200000| Untracked 
|  46|0x000000070b400000, 0x000000070b400000, 0x000000070b600000|  0%| F|  |TAMS 0x000000070b400000| PB 0x000000070b400000| Untracked 
|  47|0x000000070b600000, 0x000000070b600000, 0x000000070b800000|  0%| F|  |TAMS 0x000000070b600000| PB 0x000000070b600000| Untracked 
|  48|0x000000070b800000, 0x000000070b800000, 0x000000070ba00000|  0%| F|  |TAMS 0x000000070b800000| PB 0x000000070b800000| Untracked 
|  49|0x000000070ba00000, 0x000000070ba00000, 0x000000070bc00000|  0%| F|  |TAMS 0x000000070ba00000| PB 0x000000070ba00000| Untracked 
|  50|0x000000070bc00000, 0x000000070bc00000, 0x000000070be00000|  0%| F|  |TAMS 0x000000070bc00000| PB 0x000000070bc00000| Untracked 
|  51|0x000000070be00000, 0x000000070be00000, 0x000000070c000000|  0%| F|  |TAMS 0x000000070be00000| PB 0x000000070be00000| Untracked 
|  52|0x000000070c000000, 0x000000070c000000, 0x000000070c200000|  0%| F|  |TAMS 0x000000070c000000| PB 0x000000070c000000| Untracked 
|  53|0x000000070c200000, 0x000000070c200000, 0x000000070c400000|  0%| F|  |TAMS 0x000000070c200000| PB 0x000000070c200000| Untracked 
|  54|0x000000070c400000, 0x000000070c400000, 0x000000070c600000|  0%| F|  |TAMS 0x000000070c400000| PB 0x000000070c400000| Untracked 
|  55|0x000000070c600000, 0x000000070c600000, 0x000000070c800000|  0%| F|  |TAMS 0x000000070c600000| PB 0x000000070c600000| Untracked 
|  56|0x000000070c800000, 0x000000070c800000, 0x000000070ca00000|  0%| F|  |TAMS 0x000000070c800000| PB 0x000000070c800000| Untracked 
|  57|0x000000070ca00000, 0x000000070ca00000, 0x000000070cc00000|  0%| F|  |TAMS 0x000000070ca00000| PB 0x000000070ca00000| Untracked 
|  58|0x000000070cc00000, 0x000000070cc00000, 0x000000070ce00000|  0%| F|  |TAMS 0x000000070cc00000| PB 0x000000070cc00000| Untracked 
|  59|0x000000070ce00000, 0x000000070ce00000, 0x000000070d000000|  0%| F|  |TAMS 0x000000070ce00000| PB 0x000000070ce00000| Untracked 
|  60|0x000000070d000000, 0x000000070d000000, 0x000000070d200000|  0%| F|  |TAMS 0x000000070d000000| PB 0x000000070d000000| Untracked 
|  61|0x000000070d200000, 0x000000070d200000, 0x000000070d400000|  0%| F|  |TAMS 0x000000070d200000| PB 0x000000070d200000| Untracked 
|  62|0x000000070d400000, 0x000000070d400000, 0x000000070d600000|  0%| F|  |TAMS 0x000000070d400000| PB 0x000000070d400000| Untracked 
|  63|0x000000070d600000, 0x000000070d600000, 0x000000070d800000|  0%| F|  |TAMS 0x000000070d600000| PB 0x000000070d600000| Untracked 
|  64|0x000000070d800000, 0x000000070d800000, 0x000000070da00000|  0%| F|  |TAMS 0x000000070d800000| PB 0x000000070d800000| Untracked 
|  65|0x000000070da00000, 0x000000070da00000, 0x000000070dc00000|  0%| F|  |TAMS 0x000000070da00000| PB 0x000000070da00000| Untracked 
|  66|0x000000070dc00000, 0x000000070dc00000, 0x000000070de00000|  0%| F|  |TAMS 0x000000070dc00000| PB 0x000000070dc00000| Untracked 
|  67|0x000000070de00000, 0x000000070de00000, 0x000000070e000000|  0%| F|  |TAMS 0x000000070de00000| PB 0x000000070de00000| Untracked 
|  68|0x000000070e000000, 0x000000070e000000, 0x000000070e200000|  0%| F|  |TAMS 0x000000070e000000| PB 0x000000070e000000| Untracked 
|  69|0x000000070e200000, 0x000000070e200000, 0x000000070e400000|  0%| F|  |TAMS 0x000000070e200000| PB 0x000000070e200000| Untracked 
|  70|0x000000070e400000, 0x000000070e400000, 0x000000070e600000|  0%| F|  |TAMS 0x000000070e400000| PB 0x000000070e400000| Untracked 
|  71|0x000000070e600000, 0x000000070e600000, 0x000000070e800000|  0%| F|  |TAMS 0x000000070e600000| PB 0x000000070e600000| Untracked 
|  72|0x000000070e800000, 0x000000070e800000, 0x000000070ea00000|  0%| F|  |TAMS 0x000000070e800000| PB 0x000000070e800000| Untracked 
|  73|0x000000070ea00000, 0x000000070ea00000, 0x000000070ec00000|  0%| F|  |TAMS 0x000000070ea00000| PB 0x000000070ea00000| Untracked 
|  74|0x000000070ec00000, 0x000000070ec00000, 0x000000070ee00000|  0%| F|  |TAMS 0x000000070ec00000| PB 0x000000070ec00000| Untracked 
|  75|0x000000070ee00000, 0x000000070ee00000, 0x000000070f000000|  0%| F|  |TAMS 0x000000070ee00000| PB 0x000000070ee00000| Untracked 
|  76|0x000000070f000000, 0x000000070f000000, 0x000000070f200000|  0%| F|  |TAMS 0x000000070f000000| PB 0x000000070f000000| Untracked 
|  77|0x000000070f200000, 0x000000070f200000, 0x000000070f400000|  0%| F|  |TAMS 0x000000070f200000| PB 0x000000070f200000| Untracked 
|  78|0x000000070f400000, 0x000000070f400000, 0x000000070f600000|  0%| F|  |TAMS 0x000000070f400000| PB 0x000000070f400000| Untracked 
|  79|0x000000070f600000, 0x000000070f600000, 0x000000070f800000|  0%| F|  |TAMS 0x000000070f600000| PB 0x000000070f600000| Untracked 
|  80|0x000000070f800000, 0x000000070f800000, 0x000000070fa00000|  0%| F|  |TAMS 0x000000070f800000| PB 0x000000070f800000| Untracked 
|  81|0x000000070fa00000, 0x000000070fa00000, 0x000000070fc00000|  0%| F|  |TAMS 0x000000070fa00000| PB 0x000000070fa00000| Untracked 
|  82|0x000000070fc00000, 0x000000070fc00000, 0x000000070fe00000|  0%| F|  |TAMS 0x000000070fc00000| PB 0x000000070fc00000| Untracked 
|  83|0x000000070fe00000, 0x000000070fe00000, 0x0000000710000000|  0%| F|  |TAMS 0x000000070fe00000| PB 0x000000070fe00000| Untracked 
|  84|0x0000000710000000, 0x0000000710000000, 0x0000000710200000|  0%| F|  |TAMS 0x0000000710000000| PB 0x0000000710000000| Untracked 
|  85|0x0000000710200000, 0x0000000710200000, 0x0000000710400000|  0%| F|  |TAMS 0x0000000710200000| PB 0x0000000710200000| Untracked 
|  86|0x0000000710400000, 0x0000000710400000, 0x0000000710600000|  0%| F|  |TAMS 0x0000000710400000| PB 0x0000000710400000| Untracked 
|  87|0x0000000710600000, 0x0000000710600000, 0x0000000710800000|  0%| F|  |TAMS 0x0000000710600000| PB 0x0000000710600000| Untracked 
|  88|0x0000000710800000, 0x0000000710800000, 0x0000000710a00000|  0%| F|  |TAMS 0x0000000710800000| PB 0x0000000710800000| Untracked 
|  89|0x0000000710a00000, 0x0000000710a00000, 0x0000000710c00000|  0%| F|  |TAMS 0x0000000710a00000| PB 0x0000000710a00000| Untracked 
|  90|0x0000000710c00000, 0x0000000710c00000, 0x0000000710e00000|  0%| F|  |TAMS 0x0000000710c00000| PB 0x0000000710c00000| Untracked 
|  91|0x0000000710e00000, 0x0000000710e00000, 0x0000000711000000|  0%| F|  |TAMS 0x0000000710e00000| PB 0x0000000710e00000| Untracked 
|  92|0x0000000711000000, 0x0000000711000000, 0x0000000711200000|  0%| F|  |TAMS 0x0000000711000000| PB 0x0000000711000000| Untracked 
|  93|0x0000000711200000, 0x0000000711200000, 0x0000000711400000|  0%| F|  |TAMS 0x0000000711200000| PB 0x0000000711200000| Untracked 
|  94|0x0000000711400000, 0x0000000711400000, 0x0000000711600000|  0%| F|  |TAMS 0x0000000711400000| PB 0x0000000711400000| Untracked 
|  95|0x0000000711600000, 0x0000000711600000, 0x0000000711800000|  0%| F|  |TAMS 0x0000000711600000| PB 0x0000000711600000| Untracked 
|  96|0x0000000711800000, 0x0000000711800000, 0x0000000711a00000|  0%| F|  |TAMS 0x0000000711800000| PB 0x0000000711800000| Untracked 
|  97|0x0000000711a00000, 0x0000000711a00000, 0x0000000711c00000|  0%| F|  |TAMS 0x0000000711a00000| PB 0x0000000711a00000| Untracked 
|  98|0x0000000711c00000, 0x0000000711c00000, 0x0000000711e00000|  0%| F|  |TAMS 0x0000000711c00000| PB 0x0000000711c00000| Untracked 
|  99|0x0000000711e00000, 0x0000000711e00000, 0x0000000712000000|  0%| F|  |TAMS 0x0000000711e00000| PB 0x0000000711e00000| Untracked 
| 100|0x0000000712000000, 0x0000000712000000, 0x0000000712200000|  0%| F|  |TAMS 0x0000000712000000| PB 0x0000000712000000| Untracked 
| 101|0x0000000712200000, 0x0000000712400000, 0x0000000712400000|100%|HS|  |TAMS 0x0000000712400000| PB 0x0000000712200000| Complete 
| 102|0x0000000712400000, 0x0000000712600000, 0x0000000712600000|100%|HC|  |TAMS 0x0000000712600000| PB 0x0000000712400000| Complete 
| 103|0x0000000712600000, 0x0000000712800000, 0x0000000712800000|100%|HC|  |TAMS 0x0000000712800000| PB 0x0000000712600000| Complete 
| 104|0x0000000712800000, 0x0000000712a00000, 0x0000000712a00000|100%|HC|  |TAMS 0x0000000712a00000| PB 0x0000000712800000| Complete 
| 105|0x0000000712a00000, 0x0000000712c00000, 0x0000000712c00000|100%|HC|  |TAMS 0x0000000712c00000| PB 0x0000000712a00000| Complete 
| 106|0x0000000712c00000, 0x0000000712e00000, 0x0000000712e00000|100%|HC|  |TAMS 0x0000000712e00000| PB 0x0000000712c00000| Complete 
| 107|0x0000000712e00000, 0x0000000713000000, 0x0000000713000000|100%|HC|  |TAMS 0x0000000713000000| PB 0x0000000712e00000| Complete 
| 108|0x0000000713000000, 0x0000000713200000, 0x0000000713200000|100%|HC|  |TAMS 0x0000000713200000| PB 0x0000000713000000| Complete 
| 109|0x0000000713200000, 0x0000000713400000, 0x0000000713400000|100%|HC|  |TAMS 0x0000000713400000| PB 0x0000000713200000| Complete 
| 110|0x0000000713400000, 0x0000000713600000, 0x0000000713600000|100%|HC|  |TAMS 0x0000000713600000| PB 0x0000000713400000| Complete 
| 111|0x0000000713600000, 0x0000000713800000, 0x0000000713800000|100%|HC|  |TAMS 0x0000000713800000| PB 0x0000000713600000| Complete 
| 112|0x0000000713800000, 0x0000000713800000, 0x0000000713a00000|  0%| F|  |TAMS 0x0000000713800000| PB 0x0000000713800000| Untracked 
| 113|0x0000000713a00000, 0x0000000713a00000, 0x0000000713c00000|  0%| F|  |TAMS 0x0000000713a00000| PB 0x0000000713a00000| Untracked 
| 114|0x0000000713c00000, 0x0000000713c00000, 0x0000000713e00000|  0%| F|  |TAMS 0x0000000713c00000| PB 0x0000000713c00000| Untracked 
| 115|0x0000000713e00000, 0x0000000713e00000, 0x0000000714000000|  0%| F|  |TAMS 0x0000000713e00000| PB 0x0000000713e00000| Untracked 
| 116|0x0000000714000000, 0x0000000714000000, 0x0000000714200000|  0%| F|  |TAMS 0x0000000714000000| PB 0x0000000714000000| Untracked 
| 117|0x0000000714200000, 0x0000000714200000, 0x0000000714400000|  0%| F|  |TAMS 0x0000000714200000| PB 0x0000000714200000| Untracked 
| 118|0x0000000714400000, 0x0000000714400000, 0x0000000714600000|  0%| F|  |TAMS 0x0000000714400000| PB 0x0000000714400000| Untracked 
| 119|0x0000000714600000, 0x0000000714600000, 0x0000000714800000|  0%| F|  |TAMS 0x0000000714600000| PB 0x0000000714600000| Untracked 
| 120|0x0000000714800000, 0x0000000714800000, 0x0000000714a00000|  0%| F|  |TAMS 0x0000000714800000| PB 0x0000000714800000| Untracked 
| 121|0x0000000714a00000, 0x0000000714a00000, 0x0000000714c00000|  0%| F|  |TAMS 0x0000000714a00000| PB 0x0000000714a00000| Untracked 
| 122|0x0000000714c00000, 0x0000000714c00000, 0x0000000714e00000|  0%| F|  |TAMS 0x0000000714c00000| PB 0x0000000714c00000| Untracked 
| 123|0x0000000714e00000, 0x0000000714e00000, 0x0000000715000000|  0%| F|  |TAMS 0x0000000714e00000| PB 0x0000000714e00000| Untracked 
| 124|0x0000000715000000, 0x0000000715000000, 0x0000000715200000|  0%| F|  |TAMS 0x0000000715000000| PB 0x0000000715000000| Untracked 
| 125|0x0000000715200000, 0x0000000715200000, 0x0000000715400000|  0%| F|  |TAMS 0x0000000715200000| PB 0x0000000715200000| Untracked 
| 126|0x0000000715400000, 0x0000000715400000, 0x0000000715600000|  0%| F|  |TAMS 0x0000000715400000| PB 0x0000000715400000| Untracked 
| 127|0x0000000715600000, 0x0000000715600000, 0x0000000715800000|  0%| F|  |TAMS 0x0000000715600000| PB 0x0000000715600000| Untracked 
| 128|0x0000000715800000, 0x0000000715800000, 0x0000000715a00000|  0%| F|  |TAMS 0x0000000715800000| PB 0x0000000715800000| Untracked 
| 129|0x0000000715a00000, 0x0000000715a00000, 0x0000000715c00000|  0%| F|  |TAMS 0x0000000715a00000| PB 0x0000000715a00000| Untracked 
| 130|0x0000000715c00000, 0x0000000715c00000, 0x0000000715e00000|  0%| F|  |TAMS 0x0000000715c00000| PB 0x0000000715c00000| Untracked 
| 131|0x0000000715e00000, 0x0000000715e00000, 0x0000000716000000|  0%| F|  |TAMS 0x0000000715e00000| PB 0x0000000715e00000| Untracked 
| 132|0x0000000716000000, 0x0000000716000000, 0x0000000716200000|  0%| F|  |TAMS 0x0000000716000000| PB 0x0000000716000000| Untracked 
| 133|0x0000000716200000, 0x0000000716200000, 0x0000000716400000|  0%| F|  |TAMS 0x0000000716200000| PB 0x0000000716200000| Untracked 
| 134|0x0000000716400000, 0x0000000716400000, 0x0000000716600000|  0%| F|  |TAMS 0x0000000716400000| PB 0x0000000716400000| Untracked 
| 135|0x0000000716600000, 0x0000000716600000, 0x0000000716800000|  0%| F|  |TAMS 0x0000000716600000| PB 0x0000000716600000| Untracked 
| 136|0x0000000716800000, 0x0000000716800000, 0x0000000716a00000|  0%| F|  |TAMS 0x0000000716800000| PB 0x0000000716800000| Untracked 
| 137|0x0000000716a00000, 0x0000000716a00000, 0x0000000716c00000|  0%| F|  |TAMS 0x0000000716a00000| PB 0x0000000716a00000| Untracked 
| 138|0x0000000716c00000, 0x0000000716c00000, 0x0000000716e00000|  0%| F|  |TAMS 0x0000000716c00000| PB 0x0000000716c00000| Untracked 
| 139|0x0000000716e00000, 0x0000000716e00000, 0x0000000717000000|  0%| F|  |TAMS 0x0000000716e00000| PB 0x0000000716e00000| Untracked 
| 140|0x0000000717000000, 0x0000000717000000, 0x0000000717200000|  0%| F|  |TAMS 0x0000000717000000| PB 0x0000000717000000| Untracked 
| 141|0x0000000717200000, 0x0000000717200000, 0x0000000717400000|  0%| F|  |TAMS 0x0000000717200000| PB 0x0000000717200000| Untracked 
| 142|0x0000000717400000, 0x0000000717400000, 0x0000000717600000|  0%| F|  |TAMS 0x0000000717400000| PB 0x0000000717400000| Untracked 
| 143|0x0000000717600000, 0x0000000717600000, 0x0000000717800000|  0%| F|  |TAMS 0x0000000717600000| PB 0x0000000717600000| Untracked 
| 144|0x0000000717800000, 0x0000000717800000, 0x0000000717a00000|  0%| F|  |TAMS 0x0000000717800000| PB 0x0000000717800000| Untracked 
| 145|0x0000000717a00000, 0x0000000717a00000, 0x0000000717c00000|  0%| F|  |TAMS 0x0000000717a00000| PB 0x0000000717a00000| Untracked 
| 146|0x0000000717c00000, 0x0000000717c00000, 0x0000000717e00000|  0%| F|  |TAMS 0x0000000717c00000| PB 0x0000000717c00000| Untracked 
| 147|0x0000000717e00000, 0x0000000717e00000, 0x0000000718000000|  0%| F|  |TAMS 0x0000000717e00000| PB 0x0000000717e00000| Untracked 
| 148|0x0000000718000000, 0x0000000718000000, 0x0000000718200000|  0%| F|  |TAMS 0x0000000718000000| PB 0x0000000718000000| Untracked 
| 149|0x0000000718200000, 0x0000000718200000, 0x0000000718400000|  0%| F|  |TAMS 0x0000000718200000| PB 0x0000000718200000| Untracked 
| 150|0x0000000718400000, 0x0000000718400000, 0x0000000718600000|  0%| F|  |TAMS 0x0000000718400000| PB 0x0000000718400000| Untracked 
| 151|0x0000000718600000, 0x0000000718600000, 0x0000000718800000|  0%| F|  |TAMS 0x0000000718600000| PB 0x0000000718600000| Untracked 
| 152|0x0000000718800000, 0x0000000718800000, 0x0000000718a00000|  0%| F|  |TAMS 0x0000000718800000| PB 0x0000000718800000| Untracked 
| 153|0x0000000718a00000, 0x0000000718a00000, 0x0000000718c00000|  0%| F|  |TAMS 0x0000000718a00000| PB 0x0000000718a00000| Untracked 
| 154|0x0000000718c00000, 0x0000000718c00000, 0x0000000718e00000|  0%| F|  |TAMS 0x0000000718c00000| PB 0x0000000718c00000| Untracked 
| 155|0x0000000718e00000, 0x0000000718e00000, 0x0000000719000000|  0%| F|  |TAMS 0x0000000718e00000| PB 0x0000000718e00000| Untracked 
| 156|0x0000000719000000, 0x0000000719000000, 0x0000000719200000|  0%| F|  |TAMS 0x0000000719000000| PB 0x0000000719000000| Untracked 
| 157|0x0000000719200000, 0x0000000719200000, 0x0000000719400000|  0%| F|  |TAMS 0x0000000719200000| PB 0x0000000719200000| Untracked 
| 158|0x0000000719400000, 0x0000000719400000, 0x0000000719600000|  0%| F|  |TAMS 0x0000000719400000| PB 0x0000000719400000| Untracked 
| 159|0x0000000719600000, 0x0000000719600000, 0x0000000719800000|  0%| F|  |TAMS 0x0000000719600000| PB 0x0000000719600000| Untracked 
| 160|0x0000000719800000, 0x0000000719800000, 0x0000000719a00000|  0%| F|  |TAMS 0x0000000719800000| PB 0x0000000719800000| Untracked 
| 161|0x0000000719a00000, 0x0000000719a00000, 0x0000000719c00000|  0%| F|  |TAMS 0x0000000719a00000| PB 0x0000000719a00000| Untracked 
| 162|0x0000000719c00000, 0x0000000719c00000, 0x0000000719e00000|  0%| F|  |TAMS 0x0000000719c00000| PB 0x0000000719c00000| Untracked 
| 163|0x0000000719e00000, 0x0000000719e00000, 0x000000071a000000|  0%| F|  |TAMS 0x0000000719e00000| PB 0x0000000719e00000| Untracked 
| 164|0x000000071a000000, 0x000000071a000000, 0x000000071a200000|  0%| F|  |TAMS 0x000000071a000000| PB 0x000000071a000000| Untracked 
| 165|0x000000071a200000, 0x000000071a200000, 0x000000071a400000|  0%| F|  |TAMS 0x000000071a200000| PB 0x000000071a200000| Untracked 
| 166|0x000000071a400000, 0x000000071a400000, 0x000000071a600000|  0%| F|  |TAMS 0x000000071a400000| PB 0x000000071a400000| Untracked 
| 167|0x000000071a600000, 0x000000071a600000, 0x000000071a800000|  0%| F|  |TAMS 0x000000071a600000| PB 0x000000071a600000| Untracked 
| 168|0x000000071a800000, 0x000000071a800000, 0x000000071aa00000|  0%| F|  |TAMS 0x000000071a800000| PB 0x000000071a800000| Untracked 
| 169|0x000000071aa00000, 0x000000071aa00000, 0x000000071ac00000|  0%| F|  |TAMS 0x000000071aa00000| PB 0x000000071aa00000| Untracked 
| 170|0x000000071ac00000, 0x000000071ac00000, 0x000000071ae00000|  0%| F|  |TAMS 0x000000071ac00000| PB 0x000000071ac00000| Untracked 
| 171|0x000000071ae00000, 0x000000071ae00000, 0x000000071b000000|  0%| F|  |TAMS 0x000000071ae00000| PB 0x000000071ae00000| Untracked 
| 172|0x000000071b000000, 0x000000071b000000, 0x000000071b200000|  0%| F|  |TAMS 0x000000071b000000| PB 0x000000071b000000| Untracked 
| 173|0x000000071b200000, 0x000000071b200000, 0x000000071b400000|  0%| F|  |TAMS 0x000000071b200000| PB 0x000000071b200000| Untracked 
| 174|0x000000071b400000, 0x000000071b400000, 0x000000071b600000|  0%| F|  |TAMS 0x000000071b400000| PB 0x000000071b400000| Untracked 
| 175|0x000000071b600000, 0x000000071b600000, 0x000000071b800000|  0%| F|  |TAMS 0x000000071b600000| PB 0x000000071b600000| Untracked 
| 176|0x000000071b800000, 0x000000071b800000, 0x000000071ba00000|  0%| F|  |TAMS 0x000000071b800000| PB 0x000000071b800000| Untracked 
| 177|0x000000071ba00000, 0x000000071ba00000, 0x000000071bc00000|  0%| F|  |TAMS 0x000000071ba00000| PB 0x000000071ba00000| Untracked 
| 178|0x000000071bc00000, 0x000000071bc00000, 0x000000071be00000|  0%| F|  |TAMS 0x000000071bc00000| PB 0x000000071bc00000| Untracked 
| 179|0x000000071be00000, 0x000000071be00000, 0x000000071c000000|  0%| F|  |TAMS 0x000000071be00000| PB 0x000000071be00000| Untracked 
| 180|0x000000071c000000, 0x000000071c000000, 0x000000071c200000|  0%| F|  |TAMS 0x000000071c000000| PB 0x000000071c000000| Untracked 
| 181|0x000000071c200000, 0x000000071c200000, 0x000000071c400000|  0%| F|  |TAMS 0x000000071c200000| PB 0x000000071c200000| Untracked 
| 182|0x000000071c400000, 0x000000071c400000, 0x000000071c600000|  0%| F|  |TAMS 0x000000071c400000| PB 0x000000071c400000| Untracked 
| 183|0x000000071c600000, 0x000000071c600000, 0x000000071c800000|  0%| F|  |TAMS 0x000000071c600000| PB 0x000000071c600000| Untracked 
| 184|0x000000071c800000, 0x000000071c800000, 0x000000071ca00000|  0%| F|  |TAMS 0x000000071c800000| PB 0x000000071c800000| Untracked 
| 185|0x000000071ca00000, 0x000000071ca00000, 0x000000071cc00000|  0%| F|  |TAMS 0x000000071ca00000| PB 0x000000071ca00000| Untracked 
| 186|0x000000071cc00000, 0x000000071cc00000, 0x000000071ce00000|  0%| F|  |TAMS 0x000000071cc00000| PB 0x000000071cc00000| Untracked 
| 187|0x000000071ce00000, 0x000000071ce00000, 0x000000071d000000|  0%| F|  |TAMS 0x000000071ce00000| PB 0x000000071ce00000| Untracked 
| 188|0x000000071d000000, 0x000000071d000000, 0x000000071d200000|  0%| F|  |TAMS 0x000000071d000000| PB 0x000000071d000000| Untracked 
| 189|0x000000071d200000, 0x000000071d200000, 0x000000071d400000|  0%| F|  |TAMS 0x000000071d200000| PB 0x000000071d200000| Untracked 
| 190|0x000000071d400000, 0x000000071d400000, 0x000000071d600000|  0%| F|  |TAMS 0x000000071d400000| PB 0x000000071d400000| Untracked 
| 191|0x000000071d600000, 0x000000071d600000, 0x000000071d800000|  0%| F|  |TAMS 0x000000071d600000| PB 0x000000071d600000| Untracked 
| 192|0x000000071d800000, 0x000000071d800000, 0x000000071da00000|  0%| F|  |TAMS 0x000000071d800000| PB 0x000000071d800000| Untracked 
| 193|0x000000071da00000, 0x000000071da00000, 0x000000071dc00000|  0%| F|  |TAMS 0x000000071da00000| PB 0x000000071da00000| Untracked 
| 194|0x000000071dc00000, 0x000000071dc00000, 0x000000071de00000|  0%| F|  |TAMS 0x000000071dc00000| PB 0x000000071dc00000| Untracked 
| 195|0x000000071de00000, 0x000000071de00000, 0x000000071e000000|  0%| F|  |TAMS 0x000000071de00000| PB 0x000000071de00000| Untracked 
| 196|0x000000071e000000, 0x000000071e000000, 0x000000071e200000|  0%| F|  |TAMS 0x000000071e000000| PB 0x000000071e000000| Untracked 
| 197|0x000000071e200000, 0x000000071e200000, 0x000000071e400000|  0%| F|  |TAMS 0x000000071e200000| PB 0x000000071e200000| Untracked 
| 198|0x000000071e400000, 0x000000071e400000, 0x000000071e600000|  0%| F|  |TAMS 0x000000071e400000| PB 0x000000071e400000| Untracked 
| 199|0x000000071e600000, 0x000000071e600000, 0x000000071e800000|  0%| F|  |TAMS 0x000000071e600000| PB 0x000000071e600000| Untracked 
| 200|0x000000071e800000, 0x000000071e800000, 0x000000071ea00000|  0%| F|  |TAMS 0x000000071e800000| PB 0x000000071e800000| Untracked 
| 201|0x000000071ea00000, 0x000000071ea00000, 0x000000071ec00000|  0%| F|  |TAMS 0x000000071ea00000| PB 0x000000071ea00000| Untracked 
| 202|0x000000071ec00000, 0x000000071ec00000, 0x000000071ee00000|  0%| F|  |TAMS 0x000000071ec00000| PB 0x000000071ec00000| Untracked 
| 203|0x000000071ee00000, 0x000000071ee00000, 0x000000071f000000|  0%| F|  |TAMS 0x000000071ee00000| PB 0x000000071ee00000| Untracked 
| 204|0x000000071f000000, 0x000000071f000000, 0x000000071f200000|  0%| F|  |TAMS 0x000000071f000000| PB 0x000000071f000000| Untracked 
| 205|0x000000071f200000, 0x000000071f200000, 0x000000071f400000|  0%| F|  |TAMS 0x000000071f200000| PB 0x000000071f200000| Untracked 
| 206|0x000000071f400000, 0x000000071f400000, 0x000000071f600000|  0%| F|  |TAMS 0x000000071f400000| PB 0x000000071f400000| Untracked 
| 207|0x000000071f600000, 0x000000071f600000, 0x000000071f800000|  0%| F|  |TAMS 0x000000071f600000| PB 0x000000071f600000| Untracked 
| 208|0x000000071f800000, 0x000000071f800000, 0x000000071fa00000|  0%| F|  |TAMS 0x000000071f800000| PB 0x000000071f800000| Untracked 
| 209|0x000000071fa00000, 0x000000071fa00000, 0x000000071fc00000|  0%| F|  |TAMS 0x000000071fa00000| PB 0x000000071fa00000| Untracked 
| 210|0x000000071fc00000, 0x000000071fc00000, 0x000000071fe00000|  0%| F|  |TAMS 0x000000071fc00000| PB 0x000000071fc00000| Untracked 
| 211|0x000000071fe00000, 0x000000071fe00000, 0x0000000720000000|  0%| F|  |TAMS 0x000000071fe00000| PB 0x000000071fe00000| Untracked 
| 212|0x0000000720000000, 0x00000007201a6580, 0x0000000720200000| 82%| S|CS|TAMS 0x0000000720000000| PB 0x0000000720000000| Complete 
| 213|0x0000000720200000, 0x0000000720400000, 0x0000000720400000|100%| S|CS|TAMS 0x0000000720200000| PB 0x0000000720200000| Complete 
| 214|0x0000000720400000, 0x0000000720600000, 0x0000000720600000|100%| S|CS|TAMS 0x0000000720400000| PB 0x0000000720400000| Complete 
| 215|0x0000000720600000, 0x0000000720600000, 0x0000000720800000|  0%| F|  |TAMS 0x0000000720600000| PB 0x0000000720600000| Untracked 
| 216|0x0000000720800000, 0x0000000720800000, 0x0000000720a00000|  0%| F|  |TAMS 0x0000000720800000| PB 0x0000000720800000| Untracked 
| 217|0x0000000720a00000, 0x0000000720a00000, 0x0000000720c00000|  0%| F|  |TAMS 0x0000000720a00000| PB 0x0000000720a00000| Untracked 
| 218|0x0000000720c00000, 0x0000000720c00000, 0x0000000720e00000|  0%| F|  |TAMS 0x0000000720c00000| PB 0x0000000720c00000| Untracked 
| 219|0x0000000720e00000, 0x0000000720e00000, 0x0000000721000000|  0%| F|  |TAMS 0x0000000720e00000| PB 0x0000000720e00000| Untracked 
| 220|0x0000000721000000, 0x0000000721000000, 0x0000000721200000|  0%| F|  |TAMS 0x0000000721000000| PB 0x0000000721000000| Untracked 
| 221|0x0000000721200000, 0x0000000721200000, 0x0000000721400000|  0%| F|  |TAMS 0x0000000721200000| PB 0x0000000721200000| Untracked 
| 222|0x0000000721400000, 0x0000000721400000, 0x0000000721600000|  0%| F|  |TAMS 0x0000000721400000| PB 0x0000000721400000| Untracked 
| 223|0x0000000721600000, 0x0000000721600000, 0x0000000721800000|  0%| F|  |TAMS 0x0000000721600000| PB 0x0000000721600000| Untracked 
| 224|0x0000000721800000, 0x0000000721800000, 0x0000000721a00000|  0%| F|  |TAMS 0x0000000721800000| PB 0x0000000721800000| Untracked 
| 225|0x0000000721a00000, 0x0000000721a00000, 0x0000000721c00000|  0%| F|  |TAMS 0x0000000721a00000| PB 0x0000000721a00000| Untracked 
| 226|0x0000000721c00000, 0x0000000721c00000, 0x0000000721e00000|  0%| F|  |TAMS 0x0000000721c00000| PB 0x0000000721c00000| Untracked 
| 227|0x0000000721e00000, 0x0000000721e00000, 0x0000000722000000|  0%| F|  |TAMS 0x0000000721e00000| PB 0x0000000721e00000| Untracked 
| 228|0x0000000722000000, 0x0000000722000000, 0x0000000722200000|  0%| F|  |TAMS 0x0000000722000000| PB 0x0000000722000000| Untracked 
| 229|0x0000000722200000, 0x0000000722200000, 0x0000000722400000|  0%| F|  |TAMS 0x0000000722200000| PB 0x0000000722200000| Untracked 
| 230|0x0000000722400000, 0x0000000722400000, 0x0000000722600000|  0%| F|  |TAMS 0x0000000722400000| PB 0x0000000722400000| Untracked 
| 231|0x0000000722600000, 0x0000000722600000, 0x0000000722800000|  0%| F|  |TAMS 0x0000000722600000| PB 0x0000000722600000| Untracked 
| 232|0x0000000722800000, 0x0000000722800000, 0x0000000722a00000|  0%| F|  |TAMS 0x0000000722800000| PB 0x0000000722800000| Untracked 
| 233|0x0000000722a00000, 0x0000000722a00000, 0x0000000722c00000|  0%| F|  |TAMS 0x0000000722a00000| PB 0x0000000722a00000| Untracked 

Card table byte_map: [0x0000020f0d230000,0x0000020f0da10000] _byte_map_base: 0x0000020f09a04000

Marking Bits: (CMBitMap*) 0x0000020f7f58f650
 Bits: [0x0000020f0da10000, 0x0000020f118b0000)

Polling page: 0x0000020f7ece0000

Metaspace:

Usage:
  Non-class:     43.58 MB used.
      Class:      7.27 MB used.
       Both:     50.85 MB used.

Virtual space:
  Non-class space:       64.00 MB reserved,      44.00 MB ( 69%) committed,  1 nodes.
      Class space:        1.00 GB reserved,       7.62 MB ( <1%) committed,  1 nodes.
             Both:        1.06 GB reserved,      51.62 MB (  5%) committed. 

Chunk freelists:
   Non-Class:  3.43 MB
       Class:  8.23 MB
        Both:  11.66 MB

MaxMetaspaceSize: unlimited
CompressedClassSpaceSize: 1.00 GB
Initial GC threshold: 21.00 MB
Current GC threshold: 58.88 MB
CDS: on
 - commit_granule_bytes: 65536.
 - commit_granule_words: 8192.
 - virtual_space_node_default_size: 8388608.
 - enlarge_chunks_in_place: 1.
 - use_allocation_guard: 0.


Internal statistics:

num_allocs_failed_limit: 6.
num_arena_births: 1048.
num_arena_deaths: 0.
num_vsnodes_births: 2.
num_vsnodes_deaths: 0.
num_space_committed: 826.
num_space_uncommitted: 0.
num_chunks_returned_to_freelist: 6.
num_chunks_taken_from_freelist: 3149.
num_chunk_merges: 6.
num_chunk_splits: 2133.
num_chunks_enlarged: 1535.
num_inconsistent_stats: 0.

CodeCache: size=49152Kb used=12793Kb max_used=12793Kb free=36358Kb
 bounds [0x0000020f09a50000, 0x0000020f0a6e0000, 0x0000020f0ca50000]
 total_blobs=7203, nmethods=6560, adapters=565, full_count=0
Compilation: enabled, stopped_count=0, restarted_count=0

Compilation events (20 events):
Event: 271.309 Thread 0x0000020f5b849e00 nmethod 6589 0x0000020f0a5c2790 code [0x0000020f0a5c2920, 0x0000020f0a5c29f0]
Event: 271.309 Thread 0x0000020f13fe15a0 6591       1       org.bson.json.JsonWriterSettings::getMaxLength (5 bytes)
Event: 271.310 Thread 0x0000020f5b84aba0 nmethod 6590 0x0000020f0a5c2490 code [0x0000020f0a5c2620, 0x0000020f0a5c26f0]
Event: 271.310 Thread 0x0000020f5b849e00 6593       1       org.bson.json.JsonWriterSettings$Builder::access$2100 (5 bytes)
Event: 271.310 Thread 0x0000020f13fe15a0 nmethod 6591 0x0000020f0a5c2190 code [0x0000020f0a5c2320, 0x0000020f0a5c23e8]
Event: 271.310 Thread 0x0000020f5b84aba0 6597       1       org.bson.BsonDocumentWriter::getContext (5 bytes)
Event: 271.310 Thread 0x0000020f5b849e00 nmethod 6593 0x0000020f0a5c1e90 code [0x0000020f0a5c2020, 0x0000020f0a5c20d0]
Event: 271.311 Thread 0x0000020f13fe15a0 6598       1       org.bson.BsonBinary::getType (5 bytes)
Event: 271.311 Thread 0x0000020f5b84aba0 nmethod 6597 0x0000020f0a5c1b10 code [0x0000020f0a5c1ca0, 0x0000020f0a5c1da8]
Event: 271.311 Thread 0x0000020f5b849e00 6599       1       org.springframework.data.mongodb.core.convert.DocumentAccessor::get (13 bytes)
Event: 271.311 Thread 0x0000020f13fe15a0 nmethod 6598 0x0000020f0a5c1810 code [0x0000020f0a5c19a0, 0x0000020f0a5c1a70]
Event: 271.311 Thread 0x0000020f5b84aba0 6595       1       com.mongodb.connection.ConnectionDescription::getMaxWireVersion (5 bytes)
Event: 271.312 Thread 0x0000020f13fe15a0 6594       1       org.springframework.data.mongodb.core.mapping.FieldName::name (5 bytes)
Event: 271.312 Thread 0x0000020f5b84aba0 nmethod 6595 0x0000020f0a5c1510 code [0x0000020f0a5c16a0, 0x0000020f0a5c1768]
Event: 271.312 Thread 0x0000020f5b849e00 nmethod 6599 0x0000020f0a5c1090 code [0x0000020f0a5c1260, 0x0000020f0a5c13d0]
Event: 271.312 Thread 0x0000020f5b84aba0 6596       1       com.mongodb.internal.connection.RequestMessage::getOpCode (5 bytes)
Event: 271.312 Thread 0x0000020f13fe15a0 nmethod 6594 0x0000020f0a5c0d90 code [0x0000020f0a5c0f20, 0x0000020f0a5c0ff0]
Event: 271.312 Thread 0x0000020f5b84aba0 nmethod 6596 0x0000020f0a5c0a90 code [0x0000020f0a5c0c20, 0x0000020f0a5c0cf0]
Event: 271.326 Thread 0x0000020f5b84aba0 6600       1       java.lang.AbstractStringBuilder::inflate (42 bytes)
Event: 271.327 Thread 0x0000020f5b84aba0 nmethod 6600 0x0000020f0a5c0610 code [0x0000020f0a5c07c0, 0x0000020f0a5c09b0]

GC Heap History (20 events):
Event: 18.179 GC heap after
{Heap after GC invocations=12 (full 0):
 garbage-first heap   total 159744K, used 54270K [0x0000000705800000, 0x0000000800000000)
  region size 2048K, 3 young (6144K), 3 survivors (6144K)
 Metaspace       used 51272K, committed 52032K, reserved 1114112K
  class space    used 7327K, committed 7680K, reserved 1048576K
}
Event: 18.184 GC heap before
{Heap before GC invocations=12 (full 0):
 garbage-first heap   total 159744K, used 74750K [0x0000000705800000, 0x0000000800000000)
  region size 2048K, 4 young (8192K), 3 survivors (6144K)
 Metaspace       used 51272K, committed 52032K, reserved 1114112K
  class space    used 7327K, committed 7680K, reserved 1048576K
}
Event: 18.187 GC heap after
{Heap after GC invocations=13 (full 0):
 garbage-first heap   total 159744K, used 64429K [0x0000000705800000, 0x0000000800000000)
  region size 2048K, 3 young (6144K), 3 survivors (6144K)
 Metaspace       used 51272K, committed 52032K, reserved 1114112K
  class space    used 7327K, committed 7680K, reserved 1048576K
}
Event: 18.190 GC heap before
{Heap before GC invocations=13 (full 0):
 garbage-first heap   total 159744K, used 74669K [0x0000000705800000, 0x0000000800000000)
  region size 2048K, 4 young (8192K), 3 survivors (6144K)
 Metaspace       used 51272K, committed 52032K, reserved 1114112K
  class space    used 7327K, committed 7680K, reserved 1048576K
}
Event: 18.192 GC heap after
{Heap after GC invocations=14 (full 0):
 garbage-first heap   total 159744K, used 54247K [0x0000000705800000, 0x0000000800000000)
  region size 2048K, 3 young (6144K), 3 survivors (6144K)
 Metaspace       used 51272K, committed 52032K, reserved 1114112K
  class space    used 7327K, committed 7680K, reserved 1048576K
}
Event: 18.199 GC heap before
{Heap before GC invocations=14 (full 0):
 garbage-first heap   total 159744K, used 76775K [0x0000000705800000, 0x0000000800000000)
  region size 2048K, 4 young (8192K), 3 survivors (6144K)
 Metaspace       used 51272K, committed 52032K, reserved 1114112K
  class space    used 7327K, committed 7680K, reserved 1048576K
}
Event: 18.201 GC heap after
{Heap after GC invocations=15 (full 0):
 garbage-first heap   total 159744K, used 52211K [0x0000000705800000, 0x0000000800000000)
  region size 2048K, 3 young (6144K), 3 survivors (6144K)
 Metaspace       used 51272K, committed 52032K, reserved 1114112K
  class space    used 7327K, committed 7680K, reserved 1048576K
}
Event: 18.204 GC heap before
{Heap before GC invocations=15 (full 0):
 garbage-first heap   total 159744K, used 74739K [0x0000000705800000, 0x0000000800000000)
  region size 2048K, 4 young (8192K), 3 survivors (6144K)
 Metaspace       used 51272K, committed 52032K, reserved 1114112K
  class space    used 7327K, committed 7680K, reserved 1048576K
}
Event: 18.208 GC heap after
{Heap after GC invocations=16 (full 0):
 garbage-first heap   total 479232K, used 62277K [0x0000000705800000, 0x0000000800000000)
  region size 2048K, 3 young (6144K), 3 survivors (6144K)
 Metaspace       used 51272K, committed 52032K, reserved 1114112K
  class space    used 7327K, committed 7680K, reserved 1048576K
}
Event: 18.303 GC heap before
{Heap before GC invocations=16 (full 0):
 garbage-first heap   total 479232K, used 217925K [0x0000000705800000, 0x0000000800000000)
  region size 2048K, 8 young (16384K), 3 survivors (6144K)
 Metaspace       used 51295K, committed 52032K, reserved 1114112K
  class space    used 7332K, committed 7680K, reserved 1048576K
}
Event: 18.307 GC heap after
{Heap after GC invocations=17 (full 0):
 garbage-first heap   total 479232K, used 62468K [0x0000000705800000, 0x0000000800000000)
  region size 2048K, 3 young (6144K), 3 survivors (6144K)
 Metaspace       used 51295K, committed 52032K, reserved 1114112K
  class space    used 7332K, committed 7680K, reserved 1048576K
}
Event: 26.218 GC heap before
{Heap before GC invocations=17 (full 0):
 garbage-first heap   total 479232K, used 228356K [0x0000000705800000, 0x0000000800000000)
  region size 2048K, 13 young (26624K), 3 survivors (6144K)
 Metaspace       used 52053K, committed 52800K, reserved 1114112K
  class space    used 7440K, committed 7808K, reserved 1048576K
}
Event: 26.228 GC heap after
{Heap after GC invocations=18 (full 0):
 garbage-first heap   total 479232K, used 62622K [0x0000000705800000, 0x0000000800000000)
  region size 2048K, 3 young (6144K), 3 survivors (6144K)
 Metaspace       used 52053K, committed 52800K, reserved 1114112K
  class space    used 7440K, committed 7808K, reserved 1048576K
}
Event: 26.364 GC heap before
{Heap before GC invocations=18 (full 0):
 garbage-first heap   total 479232K, used 218270K [0x0000000705800000, 0x0000000800000000)
  region size 2048K, 8 young (16384K), 3 survivors (6144K)
 Metaspace       used 52055K, committed 52864K, reserved 1114112K
  class space    used 7440K, committed 7808K, reserved 1048576K
}
Event: 26.368 GC heap after
{Heap after GC invocations=19 (full 0):
 garbage-first heap   total 479232K, used 62824K [0x0000000705800000, 0x0000000800000000)
  region size 2048K, 3 young (6144K), 3 survivors (6144K)
 Metaspace       used 52055K, committed 52864K, reserved 1114112K
  class space    used 7440K, committed 7808K, reserved 1048576K
}
Event: 48.706 GC heap before
{Heap before GC invocations=19 (full 0):
 garbage-first heap   total 479232K, used 226664K [0x0000000705800000, 0x0000000800000000)
  region size 2048K, 12 young (24576K), 3 survivors (6144K)
 Metaspace       used 52056K, committed 52864K, reserved 1114112K
  class space    used 7441K, committed 7808K, reserved 1048576K
}
Event: 48.711 GC heap after
{Heap after GC invocations=20 (full 0):
 garbage-first heap   total 479232K, used 62830K [0x0000000705800000, 0x0000000800000000)
  region size 2048K, 3 young (6144K), 3 survivors (6144K)
 Metaspace       used 52056K, committed 52864K, reserved 1114112K
  class space    used 7441K, committed 7808K, reserved 1048576K
}
Event: 48.841 GC heap before
{Heap before GC invocations=20 (full 0):
 garbage-first heap   total 479232K, used 218478K [0x0000000705800000, 0x0000000800000000)
  region size 2048K, 8 young (16384K), 3 survivors (6144K)
 Metaspace       used 52056K, committed 52864K, reserved 1114112K
  class space    used 7441K, committed 7808K, reserved 1048576K
}
Event: 48.846 GC heap after
{Heap after GC invocations=21 (full 0):
 garbage-first heap   total 479232K, used 62809K [0x0000000705800000, 0x0000000800000000)
  region size 2048K, 3 young (6144K), 3 survivors (6144K)
 Metaspace       used 52056K, committed 52864K, reserved 1114112K
  class space    used 7441K, committed 7808K, reserved 1048576K
}
Event: 271.373 GC heap before
{Heap before GC invocations=21 (full 0):
 garbage-first heap   total 479232K, used 247129K [0x0000000705800000, 0x0000000800000000)
  region size 2048K, 19 young (38912K), 3 survivors (6144K)
 Metaspace       used 52067K, committed 52864K, reserved 1114112K
  class space    used 7445K, committed 7808K, reserved 1048576K
}

Dll operation events (11 events):
Event: 0.031 Loaded shared library C:\Users\araom\.jdks\ms-21.0.8\bin\java.dll
Event: 0.144 Loaded shared library C:\Users\araom\.jdks\ms-21.0.8\bin\zip.dll
Event: 0.149 Loaded shared library C:\Users\araom\.jdks\ms-21.0.8\bin\instrument.dll
Event: 0.155 Loaded shared library C:\Users\araom\.jdks\ms-21.0.8\bin\net.dll
Event: 0.158 Loaded shared library C:\Users\araom\.jdks\ms-21.0.8\bin\nio.dll
Event: 0.162 Loaded shared library C:\Users\araom\.jdks\ms-21.0.8\bin\zip.dll
Event: 0.223 Loaded shared library C:\Users\araom\.jdks\ms-21.0.8\bin\extnet.dll
Event: 0.239 Loaded shared library C:\Users\araom\.jdks\ms-21.0.8\bin\jimage.dll
Event: 0.530 Loaded shared library C:\Users\araom\.jdks\ms-21.0.8\bin\management.dll
Event: 0.536 Loaded shared library C:\Users\araom\.jdks\ms-21.0.8\bin\management_ext.dll
Event: 1.147 Loaded shared library C:\Users\araom\.jdks\ms-21.0.8\bin\sunmscapi.dll

Deoptimization events (0 events):
No events

Classes loaded (20 events):
Event: 18.126 Loading class java/util/stream/LongStream
Event: 18.126 Loading class java/util/stream/LongStream done
Event: 18.126 Loading class java/util/stream/DoubleStream
Event: 18.127 Loading class java/util/stream/DoubleStream done
Event: 18.128 Loading class org/w3c/dom/Node
Event: 18.128 Loading class org/w3c/dom/Node done
Event: 18.128 Loading class org/w3c/dom/Document
Event: 18.128 Loading class org/w3c/dom/Document done
Event: 18.139 Loading class java/util/Base64
Event: 18.139 Loading class java/util/Base64 done
Event: 18.139 Loading class java/util/Base64$Encoder
Event: 18.139 Loading class java/util/Base64$Encoder done
Event: 18.154 Loading class java/lang/invoke/BoundMethodHandle$Species_LLLLLLLLLL
Event: 18.154 Loading class java/lang/invoke/BoundMethodHandle$Species_LLLLLLLLLL done
Event: 18.154 Loading class java/lang/invoke/BoundMethodHandle$Species_LLLLLLLLLLL
Event: 18.154 Loading class java/lang/invoke/BoundMethodHandle$Species_LLLLLLLLLLL done
Event: 18.214 Loading class sun/reflect/generics/reflectiveObjects/GenericArrayTypeImpl
Event: 18.214 Loading class sun/reflect/generics/reflectiveObjects/GenericArrayTypeImpl done
Event: 21.106 Loading class java/io/PushbackInputStream
Event: 21.106 Loading class java/io/PushbackInputStream done

Classes unloaded (0 events):
No events

Classes redefined (0 events):
No events

Internal exceptions (20 events):
Event: 3.834 Thread 0x0000020f59a29f90 Exception <a 'java/lang/NoSuchMethodError'{0x000000070e65e788}: 'java.lang.Object java.lang.invoke.DirectMethodHandle$Holder.invokeInterface(java.lang.Object, java.lang.Object, java.lang.Object, java.lang.Object)'> (0x000000070e65e788) 
thrown [s\src\hotspot\share\interpreter\linkResolver.cpp, line 773]
Event: 3.862 Thread 0x0000020f59a29f90 Exception <a 'java/lang/NoSuchMethodError'{0x000000070e453820}: 'java.lang.Object java.lang.invoke.DirectMethodHandle$Holder.invokeVirtual(java.lang.Object, java.lang.Object, int)'> (0x000000070e453820) 
thrown [s\src\hotspot\share\interpreter\linkResolver.cpp, line 773]
Event: 3.912 Thread 0x0000020f59a29f90 Exception <a 'java/lang/IncompatibleClassChangeError'{0x000000070e3a0590}: Found class java.lang.Object, but interface was expected> (0x000000070e3a0590) 
thrown [s\src\hotspot\share\interpreter\linkResolver.cpp, line 840]
Event: 3.957 Thread 0x0000020f59a29f90 Exception <a 'java/lang/NoSuchMethodError'{0x000000070de20bb0}: 'java.lang.Object java.lang.invoke.DirectMethodHandle$Holder.invokeSpecial(java.lang.Object, java.lang.Object, int, int, int, int)'> (0x000000070de20bb0) 
thrown [s\src\hotspot\share\interpreter\linkResolver.cpp, line 773]
Event: 3.974 Thread 0x0000020f59a29f90 Exception <a 'java/lang/NoSuchMethodError'{0x000000070dfa0190}: 'int java.lang.invoke.DirectMethodHandle$Holder.invokeStaticInit(java.lang.Object, java.lang.Object, java.lang.Object, java.lang.Object)'> (0x000000070dfa0190) 
thrown [s\src\hotspot\share\interpreter\linkResolver.cpp, line 773]
Event: 4.086 Thread 0x0000020f59a29f90 Exception <a 'java/lang/NoSuchMethodError'{0x000000070d6d48f8}: 'java.lang.Object java.lang.invoke.DirectMethodHandle$Holder.newInvokeSpecial(java.lang.Object, java.lang.Object, int, java.lang.Object, java.lang.Object)'> (0x000000070d6d48f8) 
thrown [s\src\hotspot\share\interpreter\linkResolver.cpp, line 773]
Event: 4.156 Thread 0x0000020f5b70f000 Exception <a 'java/lang/NoSuchMethodError'{0x000000070d1cb668}: 'long java.lang.invoke.DirectMethodHandle$Holder.invokeStatic(java.lang.Object, long)'> (0x000000070d1cb668) 
thrown [s\src\hotspot\share\interpreter\linkResolver.cpp, line 773]
Event: 17.792 Thread 0x0000020f5b70fd20 Exception <a 'java/lang/NoSuchMethodError'{0x000000070d238b58}: 'java.lang.Object java.lang.invoke.DirectMethodHandle$Holder.invokeStatic(java.lang.Object, java.lang.Object, java.lang.Object, int, int)'> (0x000000070d238b58) 
thrown [s\src\hotspot\share\interpreter\linkResolver.cpp, line 773]
Event: 17.792 Thread 0x0000020f5b70fd20 Exception <a 'java/lang/NoSuchMethodError'{0x000000070d23c158}: 'java.lang.Object java.lang.invoke.DirectMethodHandle$Holder.invokeStaticInit(java.lang.Object, java.lang.Object, java.lang.Object, int, int)'> (0x000000070d23c158) 
thrown [s\src\hotspot\share\interpreter\linkResolver.cpp, line 773]
Event: 17.817 Thread 0x0000020f5b2bb970 Exception <a 'java/lang/NoSuchMethodError'{0x000000070cf9c268}: 'java.lang.Object java.lang.invoke.DirectMethodHandle$Holder.invokeSpecial(java.lang.Object, java.lang.Object, java.lang.Object, java.lang.Object, java.lang.Object, long)'> (0x000000070cf9c268) 
thrown [s\src\hotspot\share\interpreter\linkResolver.cpp, line 773]
Event: 17.817 Thread 0x0000020f5b2bb970 Exception <a 'java/lang/NoSuchMethodError'{0x000000070cf9fa48}: 'java.lang.Object java.lang.invoke.Invokers$Holder.linkToTargetMethod(java.lang.Object, java.lang.Object, java.lang.Object, long, java.lang.Object)'> (0x000000070cf9fa48) 
thrown [s\src\hotspot\share\interpreter\linkResolver.cpp, line 773]
Event: 18.025 Thread 0x0000020f5b2bcd20 Exception <a 'sun/nio/fs/WindowsException'{0x000000070bfe79e8}> (0x000000070bfe79e8) 
thrown [s\src\hotspot\share\prims\jni.cpp, line 520]
Event: 18.052 Thread 0x0000020f5b2bcd20 Exception <a 'java/lang/NoSuchMethodError'{0x000000070bd2d068}: 'void java.lang.invoke.Invokers$Holder.invoke_MT(java.lang.Object, java.lang.Object, java.lang.Object, java.lang.Object)'> (0x000000070bd2d068) 
thrown [s\src\hotspot\share\interpreter\linkResolver.cpp, line 773]
Event: 18.052 Thread 0x0000020f5b70bb80 Exception <a 'java/lang/NoSuchMethodError'{0x000000070bc99390}: 'void java.lang.invoke.Invokers$Holder.invoke_MT(java.lang.Object, java.lang.Object, java.lang.Object, java.lang.Object)'> (0x000000070bc99390) 
thrown [s\src\hotspot\share\interpreter\linkResolver.cpp, line 773]
Event: 18.090 Thread 0x0000020f5b2bcd20 Exception <a 'java/lang/NoSuchMethodError'{0x000000070b8628e8}: 'int java.lang.invoke.DirectMethodHandle$Holder.invokeStatic(java.lang.Object, int, java.lang.Object)'> (0x000000070b8628e8) 
thrown [s\src\hotspot\share\interpreter\linkResolver.cpp, line 773]
Event: 18.154 Thread 0x0000020f5b2bcd20 Exception <a 'java/lang/NoSuchMethodError'{0x000000070b1f5ef8}: 'java.lang.Object java.lang.invoke.DirectMethodHandle$Holder.invokeStatic(java.lang.Object, java.lang.Object, java.lang.Object, java.lang.Object, java.lang.Object, java.lang.Object, java.lang.Object, java.lang.Object, java.lang.Object, java.lang.Object, java.lang.Object, java.lang.Object, java.lang.Object)'> (0x000000070b1f5ef8) 
thrown [s\src\hotspot\share\interpreter\linkResolver.cpp, line 773]
Event: 18.155 Thread 0x0000020f5b2bcd20 Exception <a 'java/lang/NoSuchMethodError'{0x000000070ae16298}: 'java.lang.Object java.lang.invoke.DirectMethodHandle$Holder.invokeStatic(java.lang.Object, java.lang.Object, java.lang.Object, java.lang.Object, java.lang.Object, java.lang.Object, java.lang.Object, java.lang.Object, java.lang.Object, java.lang.Object, java.lang.Object, java.lang.Object, java.lang.Object, java.lang.Object)'> (0x000000070ae16298) 
thrown [s\src\hotspot\share\interpreter\linkResolver.cpp, line 773]
Event: 18.155 Thread 0x0000020f5b2bcd20 Exception <a 'java/lang/NoSuchMethodError'{0x000000070ae2a6f0}: 'java.lang.Object java.lang.invoke.Invokers$Holder.linkToTargetMethod(java.lang.Object, java.lang.Object, java.lang.Object, java.lang.Object, java.lang.Object, java.lang.Object, java.lang.Object, java.lang.Object, java.lang.Object, java.lang.Object, java.lang.Object, java.lang.Object, java.lang.Object, java.lang.Object, java.lang.Object, java.lang.Object)'> (0x000000070ae2a6f0) 
thrown [s\src\hotspot\share\interpreter\linkResolver.cpp, line 77
Event: 62.995 Thread 0x0000020f5b07d230 Exception <a 'java/lang/NoSuchMethodError'{0x000000072297df98}: 'java.lang.Object java.lang.invoke.DirectMethodHandle$Holder.newInvokeSpecial(java.lang.Object, java.lang.Object, long)'> (0x000000072297df98) 
thrown [s\src\hotspot\share\interpreter\linkResolver.cpp, line 773]
Event: 62.995 Thread 0x0000020f5b07d230 Exception <a 'java/lang/NoSuchMethodError'{0x0000000722981510}: 'java.lang.Object java.lang.invoke.Invokers$Holder.linkToTargetMethod(java.lang.Object, long, java.lang.Object)'> (0x0000000722981510) 
thrown [s\src\hotspot\share\interpreter\linkResolver.cpp, line 773]

ZGC Phase Switch (0 events):
No events

VM Operations (20 events):
Event: 103.551 Executing VM operation: Cleanup done
Event: 109.615 Executing VM operation: Cleanup
Event: 109.615 Executing VM operation: Cleanup done
Event: 120.181 Executing VM operation: HandshakeAllThreads (HandshakeForDeflation)
Event: 120.181 Executing VM operation: HandshakeAllThreads (HandshakeForDeflation) done
Event: 120.181 Executing VM operation: RendezvousGCThreads
Event: 120.181 Executing VM operation: RendezvousGCThreads done
Event: 144.426 Executing VM operation: Cleanup
Event: 144.426 Executing VM operation: Cleanup done
Event: 153.510 Executing VM operation: Cleanup
Event: 153.510 Executing VM operation: Cleanup done
Event: 184.789 Executing VM operation: Cleanup
Event: 184.789 Executing VM operation: Cleanup done
Event: 198.934 Executing VM operation: Cleanup
Event: 198.934 Executing VM operation: Cleanup done
Event: 203.974 Executing VM operation: Cleanup
Event: 203.974 Executing VM operation: Cleanup done
Event: 264.424 Executing VM operation: Cleanup
Event: 264.424 Executing VM operation: Cleanup done
Event: 271.373 Executing VM operation: G1TryInitiateConcMark (G1 Humongous Allocation)

Memory protections (0 events):
No events

Nmethod flushes (20 events):
Event: 3.353 Thread 0x0000020f13fada00 flushing  nmethod 0x0000020f09c23d90
Event: 3.353 Thread 0x0000020f13fada00 flushing  nmethod 0x0000020f09c90f10
Event: 3.353 Thread 0x0000020f13fada00 flushing  nmethod 0x0000020f09cd4e10
Event: 3.353 Thread 0x0000020f13fada00 flushing  nmethod 0x0000020f09f9a110
Event: 3.353 Thread 0x0000020f13fada00 flushing  nmethod 0x0000020f09c69690
Event: 3.353 Thread 0x0000020f13fada00 flushing  nmethod 0x0000020f09cc5490
Event: 3.353 Thread 0x0000020f13fada00 flushing  nmethod 0x0000020f09ce1110
Event: 3.353 Thread 0x0000020f13fada00 flushing  nmethod 0x0000020f09f3c990
Event: 3.353 Thread 0x0000020f13fada00 flushing  nmethod 0x0000020f09fa7a10
Event: 3.353 Thread 0x0000020f13fada00 flushing  nmethod 0x0000020f09c5fe10
Event: 3.353 Thread 0x0000020f13fada00 flushing  nmethod 0x0000020f09cb8810
Event: 3.353 Thread 0x0000020f13fada00 flushing  nmethod 0x0000020f09cbae90
Event: 3.353 Thread 0x0000020f13fada00 flushing  nmethod 0x0000020f09cee690
Event: 3.353 Thread 0x0000020f13fada00 flushing  nmethod 0x0000020f09ec3710
Event: 3.353 Thread 0x0000020f13fada00 flushing  nmethod 0x0000020f09ec3a90
Event: 3.353 Thread 0x0000020f13fada00 flushing  nmethod 0x0000020f09ec4b90
Event: 3.353 Thread 0x0000020f13fada00 flushing  nmethod 0x0000020f09cbc910
Event: 3.353 Thread 0x0000020f13fada00 flushing  nmethod 0x0000020f09cc0f90
Event: 3.353 Thread 0x0000020f13fada00 flushing  nmethod 0x0000020f09f69010
Event: 3.353 Thread 0x0000020f13fada00 flushing  nmethod 0x0000020f09f9e990

Events (20 events):
Event: 4.118 Thread 0x0000020f59a0b300 Thread exited: 0x0000020f59a0b300
Event: 4.119 Thread 0x0000020f7e6df310 Thread exited: 0x0000020f7e6df310
Event: 4.119 Thread 0x0000020f5b70d5c0 Thread added: 0x0000020f5b70d5c0
Event: 4.656 Thread 0x0000020f59650300 Thread exited: 0x0000020f59650300
Event: 4.656 Thread 0x0000020f59672a00 Thread exited: 0x0000020f59672a00
Event: 5.671 Thread 0x0000020f590d62b0 Thread exited: 0x0000020f590d62b0
Event: 17.882 Thread 0x0000020f13fe15a0 Thread added: 0x0000020f59828d30
Event: 18.245 Thread 0x0000020f59828d30 Thread added: 0x0000020f5b84b940
Event: 21.075 Thread 0x0000020f5b84b940 Thread exited: 0x0000020f5b84b940
Event: 22.115 Thread 0x0000020f59828d30 Thread exited: 0x0000020f59828d30
Event: 26.109 Thread 0x0000020f13fe15a0 Thread added: 0x0000020f5b849e00
Event: 26.109 Thread 0x0000020f13fe15a0 Thread added: 0x0000020f5b84c6e0
Event: 29.978 Thread 0x0000020f5b84c6e0 Thread exited: 0x0000020f5b84c6e0
Event: 43.116 Thread 0x0000020f5b849e00 Thread exited: 0x0000020f5b849e00
Event: 48.595 Thread 0x0000020f13fe15a0 Thread added: 0x0000020f5b849060
Event: 53.107 Thread 0x0000020f5b849060 Thread exited: 0x0000020f5b849060
Event: 223.140 Thread 0x0000020f13fe15a0 Thread added: 0x0000020f5b849e00
Event: 228.322 Thread 0x0000020f5b849e00 Thread exited: 0x0000020f5b849e00
Event: 271.245 Thread 0x0000020f13fe15a0 Thread added: 0x0000020f5b849e00
Event: 271.306 Thread 0x0000020f5b849e00 Thread added: 0x0000020f5b84aba0


Dynamic libraries:
0x00007ff7a5ce0000 - 0x00007ff7a5cee000 	C:\Users\araom\.jdks\ms-21.0.8\bin\java.exe
0x00007ff97b960000 - 0x00007ff97bbc9000 	C:\WINDOWS\SYSTEM32\ntdll.dll
0x00007ff979ed0000 - 0x00007ff979f99000 	C:\WINDOWS\System32\KERNEL32.DLL
0x00007ff9790d0000 - 0x00007ff9794c3000 	C:\WINDOWS\System32\KERNELBASE.dll
0x00007ff978ee0000 - 0x00007ff97902b000 	C:\WINDOWS\System32\ucrtbase.dll
0x00007ff954c50000 - 0x00007ff954c68000 	C:\Users\araom\.jdks\ms-21.0.8\bin\jli.dll
0x00007ff957320000 - 0x00007ff95733e000 	C:\Users\araom\.jdks\ms-21.0.8\bin\VCRUNTIME140.dll
0x00007ff97b750000 - 0x00007ff97b914000 	C:\WINDOWS\System32\USER32.dll
0x00007ff979650000 - 0x00007ff979677000 	C:\WINDOWS\System32\win32u.dll
0x00007ff93add0000 - 0x00007ff93b063000 	C:\WINDOWS\WinSxS\amd64_microsoft.windows.common-controls_6595b64144ccf1df_6.0.26100.5074_none_3e0d6f78e32fd63f\COMCTL32.dll
0x00007ff97a130000 - 0x00007ff97a15b000 	C:\WINDOWS\System32\GDI32.dll
0x00007ff97a080000 - 0x00007ff97a129000 	C:\WINDOWS\System32\msvcrt.dll
0x00007ff978b80000 - 0x00007ff978cad000 	C:\WINDOWS\System32\gdi32full.dll
0x00007ff979680000 - 0x00007ff979723000 	C:\WINDOWS\System32\msvcp_win.dll
0x00007ff97b710000 - 0x00007ff97b73f000 	C:\WINDOWS\System32\IMM32.DLL
0x00007ff957310000 - 0x00007ff95731c000 	C:\Users\araom\.jdks\ms-21.0.8\bin\vcruntime140_1.dll
0x00007ff9549d0000 - 0x00007ff954a59000 	C:\Users\araom\.jdks\ms-21.0.8\bin\msvcp140.dll
0x00007ff8f7960000 - 0x00007ff8f870c000 	C:\Users\araom\.jdks\ms-21.0.8\bin\server\jvm.dll
0x00007ff979e10000 - 0x00007ff979ec4000 	C:\WINDOWS\System32\ADVAPI32.dll
0x00007ff97ab40000 - 0x00007ff97abe6000 	C:\WINDOWS\System32\sechost.dll
0x00007ff97b490000 - 0x00007ff97b5a8000 	C:\WINDOWS\System32\RPCRT4.dll
0x00007ff97b1a0000 - 0x00007ff97b214000 	C:\WINDOWS\System32\WS2_32.dll
0x00007ff978940000 - 0x00007ff97899e000 	C:\WINDOWS\SYSTEM32\POWRPROF.dll
0x00007ff970cc0000 - 0x00007ff970cf5000 	C:\WINDOWS\SYSTEM32\WINMM.dll
0x00007ff96a720000 - 0x00007ff96a72b000 	C:\WINDOWS\SYSTEM32\VERSION.dll
0x00007ff978920000 - 0x00007ff978934000 	C:\WINDOWS\SYSTEM32\UMPDC.dll
0x00007ff977890000 - 0x00007ff9778ab000 	C:\WINDOWS\SYSTEM32\kernel.appcore.dll
0x00007ff9549c0000 - 0x00007ff9549ca000 	C:\Users\araom\.jdks\ms-21.0.8\bin\jimage.dll
0x00007ff961ee0000 - 0x00007ff962122000 	C:\WINDOWS\SYSTEM32\DBGHELP.DLL
0x00007ff979730000 - 0x00007ff979aab000 	C:\WINDOWS\System32\combase.dll
0x00007ff97a300000 - 0x00007ff97a3d7000 	C:\WINDOWS\System32\OLEAUT32.dll
0x00007ff958770000 - 0x00007ff9587ad000 	C:\WINDOWS\SYSTEM32\dbgcore.DLL
0x00007ff979030000 - 0x00007ff9790c9000 	C:\WINDOWS\System32\bcryptPrimitives.dll
0x00007ff9549b0000 - 0x00007ff9549c0000 	C:\Users\araom\.jdks\ms-21.0.8\bin\instrument.dll
0x00007ff954980000 - 0x00007ff9549a1000 	C:\Users\araom\.jdks\ms-21.0.8\bin\java.dll
0x00007ff97a3f0000 - 0x00007ff97ab3d000 	C:\WINDOWS\System32\SHELL32.dll
0x00007ff978d70000 - 0x00007ff978edc000 	C:\WINDOWS\System32\wintypes.dll
0x00007ff976710000 - 0x00007ff976f69000 	C:\WINDOWS\SYSTEM32\windows.storage.dll
0x00007ff97b220000 - 0x00007ff97b310000 	C:\WINDOWS\System32\SHCORE.dll
0x00007ff97aca0000 - 0x00007ff97ad02000 	C:\WINDOWS\System32\shlwapi.dll
0x00007ff978a10000 - 0x00007ff978a39000 	C:\WINDOWS\SYSTEM32\profapi.dll
0x00007ff9541c0000 - 0x00007ff9541d8000 	C:\Users\araom\.jdks\ms-21.0.8\bin\zip.dll
0x00007ff954960000 - 0x00007ff954971000 	C:\Users\araom\.jdks\ms-21.0.8\bin\net.dll
0x00007ff972650000 - 0x00007ff97276f000 	C:\WINDOWS\SYSTEM32\WINHTTP.dll
0x00007ff977df0000 - 0x00007ff977e5b000 	C:\WINDOWS\system32\mswsock.dll
0x00007ff954940000 - 0x00007ff954956000 	C:\Users\araom\.jdks\ms-21.0.8\bin\nio.dll
0x00007ff9541b0000 - 0x00007ff9541b9000 	C:\Users\araom\.jdks\ms-21.0.8\bin\extnet.dll
0x00007ff954190000 - 0x00007ff95419a000 	C:\Users\araom\.jdks\ms-21.0.8\bin\management.dll
0x00007ff954180000 - 0x00007ff95418c000 	C:\Users\araom\.jdks\ms-21.0.8\bin\management_ext.dll
0x00007ff97abf0000 - 0x00007ff97abf8000 	C:\WINDOWS\System32\PSAPI.DLL
0x00007ff9541a0000 - 0x00007ff9541ae000 	C:\Users\araom\.jdks\ms-21.0.8\bin\sunmscapi.dll
0x00007ff9794d0000 - 0x00007ff979647000 	C:\WINDOWS\System32\CRYPT32.dll
0x00007ff978310000 - 0x00007ff978340000 	C:\WINDOWS\SYSTEM32\ncrypt.dll
0x00007ff9782c0000 - 0x00007ff9782ff000 	C:\WINDOWS\SYSTEM32\NTASN1.dll
0x00007ff9781c0000 - 0x00007ff9781db000 	C:\WINDOWS\SYSTEM32\CRYPTSP.dll
0x00007ff9777f0000 - 0x00007ff97782b000 	C:\WINDOWS\system32\rsaenh.dll
0x00007ff977e90000 - 0x00007ff977ebb000 	C:\WINDOWS\SYSTEM32\USERENV.dll
0x00007ff9789e0000 - 0x00007ff978a06000 	C:\WINDOWS\SYSTEM32\bcrypt.dll
0x00007ff978020000 - 0x00007ff97802c000 	C:\WINDOWS\SYSTEM32\CRYPTBASE.dll
0x00007ff977290000 - 0x00007ff9772c4000 	C:\WINDOWS\SYSTEM32\IPHLPAPI.DLL
0x00007ff979fa0000 - 0x00007ff979faa000 	C:\WINDOWS\System32\NSI.dll
0x00007ff977320000 - 0x00007ff977446000 	C:\WINDOWS\SYSTEM32\DNSAPI.dll
0x00007ff970ad0000 - 0x00007ff970adb000 	C:\Windows\System32\rasadhlp.dll
0x00007ff973490000 - 0x00007ff973516000 	C:\WINDOWS\System32\fwpuclnt.dll
0x00007ff967590000 - 0x00007ff967598000 	C:\WINDOWS\system32\wshunix.dll

JVMTI agents:
C:\Users\araom\AppData\Local\Programs\IntelliJ IDEA Community Edition\lib\idea_rt.jar path:C:\Users\araom\.jdks\ms-21.0.8\bin\instrument.dll, loaded, initialized, instrumentlib options:65064

dbghelp: loaded successfully - version: 4.0.5 - missing functions: none
symbol engine: initialized successfully - sym options: 0x614 - pdb path: .;C:\Users\araom\.jdks\ms-21.0.8\bin;C:\WINDOWS\SYSTEM32;C:\WINDOWS\WinSxS\amd64_microsoft.windows.common-controls_6595b64144ccf1df_6.0.26100.5074_none_3e0d6f78e32fd63f;C:\Users\araom\.jdks\ms-21.0.8\bin\server

VM Arguments:
jvm_args: -XX:TieredStopAtLevel=1 -Dspring.output.ansi.enabled=always -javaagent:C:\Users\araom\AppData\Local\Programs\IntelliJ IDEA Community Edition\lib\idea_rt.jar=65064 -Dfile.encoding=UTF-8 -Dsun.stdout.encoding=UTF-8 -Dsun.stderr.encoding=UTF-8 
java_command: com.jobportal.Job.Poratl.JobPoratlApplication
java_class_path (initial): C:\Users\araom\OneDrive\Desktop\Job Poratl backend\Job-Poratl\target\classes;C:\Users\araom\.m2\repository\org\springframework\boot\spring-boot-starter-web\4.0.1\spring-boot-starter-web-4.0.1.jar;C:\Users\araom\.m2\repository\org\springframework\boot\spring-boot-starter-jackson\4.0.1\spring-boot-starter-jackson-4.0.1.jar;C:\Users\araom\.m2\repository\org\springframework\boot\spring-boot-jackson\4.0.1\spring-boot-jackson-4.0.1.jar;C:\Users\araom\.m2\repository\tools\jackson\core\jackson-databind\3.0.3\jackson-databind-3.0.3.jar;C:\Users\araom\.m2\repository\tools\jackson\core\jackson-core\3.0.3\jackson-core-3.0.3.jar;C:\Users\araom\.m2\repository\org\springframework\boot\spring-boot-starter-tomcat\4.0.1\spring-boot-starter-tomcat-4.0.1.jar;C:\Users\araom\.m2\repository\org\springframework\boot\spring-boot-starter-tomcat-runtime\4.0.1\spring-boot-starter-tomcat-runtime-4.0.1.jar;C:\Users\araom\.m2\repository\org\springframework\boot\spring-boot-web-server\4.0.1\spring-boot-web-server-4.0.1.jar;C:\Users\araom\.m2\repository\org\apache\tomcat\embed\tomcat-embed-core\11.0.15\tomcat-embed-core-11.0.15.jar;C:\Users\araom\.m2\repository\org\apache\tomcat\embed\tomcat-embed-websocket\11.0.15\tomcat-embed-websocket-11.0.15.jar;C:\Users\araom\.m2\repository\org\springframework\boot\spring-boot-tomcat\4.0.1\spring-boot-tomcat-4.0.1.jar;C:\Users\araom\.m2\repository\org\springframework\boot\spring-boot-http-converter\4.0.1\spring-boot-http-converter-4.0.1.jar;C:\Users\araom\.m2\repository\org\springframework\spring-web\7.0.2\spring-web-7.0.2.jar;C:\Users\araom\.m2\repository\io\micrometer\micrometer-observation\1.16.1\micrometer-observation-1.16.1.jar;C:\Users\araom\.m2\repository\io\micrometer\micrometer-commons\1.16.1\micrometer-commons-1.16.1.jar;C:\Users\araom\.m2\repository\org\springframework\boot\spring-boot-webmvc\4.0.1\spring-boot-webmvc-4.0.1.jar;C:\Users\araom\.m2\repository\org\springframework\boot\spring-boot-servlet\4.0.1\spring-boot-servlet-4.0.1.jar;C:\Users\araom\.m2\repository\org\springframework\spring-webmvc\7.0.2\spring-webmvc-7.0.2.jar;C:\Users\araom\.m2\repository\org\springframework\spring-expression\7.0.2\spring-expression-7.0.2.jar;C:\Users\araom\.m2\repository\org\springframework\boot\spring-boot-starter-data-mongodb\4.0.1\spring-boot-starter-data-mongodb-4.0.1.jar;C:\Users\araom\.m2\repository\org\springframework\boot\spring-boot-starter-mongodb\4.0.1\spring-boot-starter-mongodb-4.0.1.jar;C:\Users\araom\.m2\repository\org\springframework\boot\spring-boot-mongodb\4.0.1\spring-boot-mongodb-4.0.1.jar;C:\Users\araom\.m2\repository\org\mongodb\mongodb-driver-sync\5.6.2\mongodb-driver-sync-5.6.2.jar;C:\Users\araom\.m2\repository\org\mongodb\bson\5.6.2\bson-5.6.2.jar;C:\Users\araom\.m2\repository\org\mongodb\mongodb-driver-core\5.6.2\mongodb-driver-core-5.6.2.jar;C:\Users\araom\.m2\repository\org\mongodb\bson-record-codec\5.6.2\bson-record-codec-5.6.2.jar;C:\Users\araom\.m2\repository\org\springframework\boot\spring-boot-data-mongodb\4.0.1\spring-boot-data-mongodb-4.0.1.jar;C:\Users\araom\.m2\repository\org\springframework\boot\spring-boot-data-commons\4.0.1\spring-boot-data-commons-4.0.1.jar;C:\Users\araom\.m2\repository\org\springframework\boot\spring-boot-persistence\4.0.1\spring-boot-persistence-4.0.1.jar;C:\Users\araom\.m2\repository\org\springframework\data\spring-data-commons\4.0.1\spring-data-commons-4.0.1.jar;C:\Users\araom\.m2\repository\org\springframework\boot\spring-boot-transaction\4.0.1\spring-boot-transaction-4.0.1.jar;C:\Users\araom\.m2\repository\org\springframework\spring-tx\7.0.2\spring-tx-7.0.2.jar;C:\Users\araom\.m2\repository\org\springframework\data\spring-data-mongodb\5.0.1\spring-data-mongodb-5.0.1.jar;C:\Users\araom\.m2\repository\org\projectlombok\lombok\1.18.42\lombok-1.18.42.jar;C:\Users\araom\.m2\repository\org\springframework\boot\spring-boot-devtools\4.0.1\spring-boot-devtools-4.0.1.jar;C:\Users\araom\.m2\repository\org\springframework\boot\spring-boot\4.0.1\spring-boot-4.0.1.jar;C:\Users\araom\.m2\repository\org\springframework\spring-context\7.0.2\spring-context-7.0.2.jar;C:\Users\araom\.m2\repository\org\springframework\boot\spring-boot-autoconfigure\4.0.1\spring-boot-autoconfigure-4.0.1.jar;C:\Users\araom\.m2\repository\org\springframework\boot\spring-boot-starter-validation\4.0.1\spring-boot-starter-validation-4.0.1.jar;C:\Users\araom\.m2\repository\org\springframework\boot\spring-boot-starter\4.0.1\spring-boot-starter-4.0.1.jar;C:\Users\araom\.m2\repository\org\springframework\boot\spring-boot-starter-logging\4.0.1\spring-boot-starter-logging-4.0.1.jar;C:\Users\araom\.m2\repository\ch\qos\logback\logback-classic\1.5.22\logback-classic-1.5.22.jar;C:\Users\araom\.m2\repository\ch\qos\logback\logback-core\1.5.22\logback-core-1.5.22.jar;C:\Users\araom\.m2\repository\org\apache\logging\log4j\log4j-to-slf4j\2.25.3\log4j-to-slf4j-2.25.3.jar;C:\Users\araom\.m2\repository\org\apache\logging\log4j\log4j-api\2.25.3\log4j-api-2.25.3.jar;C:\Users\araom\.m2\repository\org\slf4j\jul-to-slf4j\2.0.17\jul-to-slf4j-2.0.17.jar;C:\Users\araom\.m2\repository\jakarta\annotation\jakarta.annotation-api\3.0.0\jakarta.annotation-api-3.0.0.jar;C:\Users\araom\.m2\repository\org\yaml\snakeyaml\2.5\snakeyaml-2.5.jar;C:\Users\araom\.m2\repository\org\springframework\boot\spring-boot-validation\4.0.1\spring-boot-validation-4.0.1.jar;C:\Users\araom\.m2\repository\org\apache\tomcat\embed\tomcat-embed-el\11.0.15\tomcat-embed-el-11.0.15.jar;C:\Users\araom\.m2\repository\org\hibernate\validator\hibernate-validator\9.0.1.Final\hibernate-validator-9.0.1.Final.jar;C:\Users\araom\.m2\repository\jakarta\validation\jakarta.validation-api\3.1.1\jakarta.validation-api-3.1.1.jar;C:\Users\araom\.m2\repository\org\jboss\logging\jboss-logging\3.6.1.Final\jboss-logging-3.6.1.Final.jar;C:\Users\araom\.m2\repository\com\fasterxml\classmate\1.7.1\classmate-1.7.1.jar;C:\Users\araom\.m2\repository\org\slf4j\slf4j-api\2.0.17\slf4j-api-2.0.17.jar;C:\Users\araom\.m2\repository\jakarta\activation\jakarta.activation-api\2.1.4\jakarta.activation-api-2.1.4.jar;C:\Users\araom\.m2\repository\org\springframework\spring-core\7.0.2\spring-core-7.0.2.jar;C:\Users\araom\.m2\repository\commons-logging\commons-logging\1.3.5\commons-logging-1.3.5.jar;C:\Users\araom\.m2\repository\org\jspecify\jspecify\1.0.0\jspecify-1.0.0.jar;C:\Users\araom\.m2\repository\org\springframework\boot\spring-boot-starter-security\4.0.1\spring-boot-starter-security-4.0.1.jar;C:\Users\araom\.m2\repository\org\springframework\boot\spring-boot-security\4.0.1\spring-boot-security-4.0.1.jar;C:\Users\araom\.m2\repository\org\springframework\security\spring-security-config\7.0.2\spring-security-config-7.0.2.jar;C:\Users\araom\.m2\repository\org\springframework\security\spring-security-core\7.0.2\spring-security-core-7.0.2.jar;C:\Users\araom\.m2\repository\org\springframework\security\spring-security-crypto\7.0.2\spring-security-crypto-7.0.2.jar;C:\Users\araom\.m2\repository\org\springframework\security\spring-security-web\7.0.2\spring-security-web-7.0.2.jar;C:\Users\araom\.m2\repository\org\springframework\spring-aop\7.0.2\spring-aop-7.0.2.jar;C:\Users\araom\.m2\repository\org\springframework\spring-beans\7.0.2\spring-beans-7.0.2.jar;C:\Users\araom\.m2\repository\org\springframework\boot\spring-boot-starter-mail\4.0.1\spring-boot-starter-mail-4.0.1.jar;C:\Users\araom\.m2\repository\org\springframework\boot\spring-boot-mail\4.0.1\spring-boot-mail-4.0.1.jar;C:\Users\araom\.m2\repository\org\springframework\spring-context-support\7.0.2\spring-context-support-7.0.2.jar;C:\Users\araom\.m2\repository\jakarta\mail\jakarta.mail-api\2.1.5\jakarta.mail-api-2.1.5.jar;C:\Users\araom\.m2\repository\org\eclipse\angus\angus-mail\2.0.5\angus-mail-2.0.5.jar;C:\Users\araom\.m2\repository\org\eclipse\angus\angus-activation\2.0.3\angus-activation-2.0.3.jar;C:\Users\araom\.m2\repository\com\fasterxml\jackson\core\jackson-databind\2.20.1\jackson-databind-2.20.1.jar;C:\Users\araom\.m2\repository\com\fasterxml\jackson\core\jackson-annotations\2.20\jackson-annotations-2.20.jar;C:\Users\araom\.m2\repository\com\fasterxml\jackson\core\jackson-core\2.20.1\jackson-core-2.20.1.jar;C:\Users\araom\.m2\repository\io\jsonwebtoken\jjwt-api\0.11.5\jjwt-api-0.11.5.jar;C:\Users\araom\.m2\repository\io\jsonwebtoken\jjwt-impl\0.11.5\jjwt-impl-0.11.5.jar;C:\Users\araom\.m2\repository\io\jsonwebtoken\jjwt-jackson\0.11.5\jjwt-jackson-0.11.5.jar
Launcher Type: SUN_STANDARD

[Global flags]
     intx CICompilerCount                          = 4                                         {product} {ergonomic}
     uint ConcGCThreads                            = 3                                         {product} {ergonomic}
     uint G1ConcRefinementThreads                  = 10                                        {product} {ergonomic}
   size_t G1HeapRegionSize                         = 2097152                                   {product} {ergonomic}
    uintx GCDrainStackTargetSize                   = 64                                        {product} {ergonomic}
   size_t InitialHeapSize                          = 264241152                                 {product} {ergonomic}
   size_t MarkStackSize                            = 4194304                                   {product} {ergonomic}
   size_t MaxHeapSize                              = 4202692608                                {product} {ergonomic}
   size_t MaxNewSize                               = 2520776704                                {product} {ergonomic}
   size_t MinHeapDeltaBytes                        = 2097152                                   {product} {ergonomic}
   size_t MinHeapSize                              = 8388608                                   {product} {ergonomic}
    uintx NonNMethodCodeHeapSize                   = 4096                                   {pd product} {ergonomic}
    uintx NonProfiledCodeHeapSize                  = 0                                      {pd product} {ergonomic}
     bool ProfileInterpreter                       = false                                  {pd product} {command line}
    uintx ProfiledCodeHeapSize                     = 0                                      {pd product} {ergonomic}
   size_t SoftMaxHeapSize                          = 4202692608                             {manageable} {ergonomic}
     intx TieredStopAtLevel                        = 1                                         {product} {command line}
     bool UseCompressedOops                        = true                           {product lp64_product} {ergonomic}
     bool UseG1GC                                  = true                                      {product} {ergonomic}
     bool UseLargePagesIndividualAllocation        = false                                  {pd product} {ergonomic}

Logging:
Log output configuration:
 #0: stdout all=warning uptime,level,tags foldmultilines=false
 #1: stderr all=off uptime,level,tags foldmultilines=false

Environment Variables:
JAVA_HOME=C:\Program Files\Eclipse Adoptium\jdk-21.0.6.7-hotspot\bin
PATH=C:\Program Files\Eclipse Adoptium\jdk-21.0.6.7-hotspot\bin;C:\Python313\Scripts\;C:\Python313\;C:\Python312\Scripts\;C:\Python312\;C:\WINDOWS\system32;C:\WINDOWS;C:\WINDOWS\System32\Wbem;C:\WINDOWS\System32\WindowsPowerShell\v1.0\;C:\WINDOWS\System32\OpenSSH\;C:\Program Files\Git\cmd;C:\Program Files (x86)\dotnet\;C:\MAMP\bin\mysql\bin;C:\Program Files\nodejs\;C:\ProgramData\chocolatey\bin;;C:\Program Files\Docker\Docker\resources\bin;C:\Users\araom\AppData\Local\Programs\Eclipse Adoptium\jdk-21.0.6.7-hotspot\bin;C:\Users\araom\AppData\Local\Microsoft\WindowsApps;C:\Users\araom\AppData\Local\Programs\Microsoft VS Code\bin;C:\Users\araom\AppData\Roaming\npm;C:\Users\araom\AppData\Local\JetBrains\Toolbox\scripts;C:\Users\araom\AppData\Local\Programs\mongosh\
USERNAME=araom
OS=Windows_NT
PROCESSOR_IDENTIFIER=Intel64 Family 6 Model 186 Stepping 3, GenuineIntel
TMP=C:\Users\araom\AppData\Local\Temp
TEMP=C:\Users\araom\AppData\Local\Temp




Periodic native trim disabled

---------------  S Y S T E M  ---------------

OS:
 Windows 11 , 64 bit Build 26100 (10.0.26100.5074)
OS uptime: 0 days 1:57 hours
Hyper-V role detected

CPU: total 12 (initial active 12) (6 cores per cpu, 2 threads per core) family 6 model 186 stepping 3 microcode 0x4129, cx8, cmov, fxsr, ht, mmx, 3dnowpref, sse, sse2, sse3, ssse3, sse4.1, sse4.2, popcnt, lzcnt, tsc, tscinvbit, avx, avx2, aes, erms, clmul, bmi1, bmi2, adx, sha, fma, vzeroupper, clflush, clflushopt, clwb, hv, serialize, rdtscp, rdpid, fsrm, f16c, cet_ibt, cet_ss
Processor Information for the first 12 processors :
  Max Mhz: 1300, Current Mhz: 1300, Mhz Limit: 1300

Memory: 4k page, system-wide physical 16024M (1280M free)
TotalPageFile size 21594M (AvailPageFile size 391M)
current process WorkingSet (physical memory assigned to process): 407M, peak: 407M
current process commit charge ("private bytes"): 657M, peak: 1179M

vm_info: OpenJDK 64-Bit Server VM (21.0.8+9-LTS) for windows-amd64 JRE (21.0.8+9-LTS), built on 2025-07-10T20:22:44Z by "MicrosoftCorporation" with unknown MS VC++:1944

END.
