#
# There is insufficient memory for the Java Runtime Environment to continue.
# Native memory allocation (mmap) failed to map 2097152 bytes. Error detail: G1 virtual space
# Possible reasons:
#   The system is out of physical RAM or swap space
#   This process is running with CompressedOops enabled, and the Java Heap may be blocking the growth of the native heap
# Possible solutions:
#   Reduce memory load on the system
#   Increase physical memory or swap space
#   Check if swap backing store is full
#   Decrease Java heap size (-Xmx/-Xms)
#   Decrease number of Java threads
#   Decrease Java thread stack sizes (-Xss)
#   Set larger code cache with -XX:ReservedCodeCacheSize=
#   JVM is running with Zero Based Compressed Oops mode in which the Java heap is
#     placed in the first 32GB address space. The Java Heap base address is the
#     maximum limit for the native heap growth. Please use -XX:HeapBaseMinAddress
#     to set the Java Heap base and to place the Java Heap above 32GB virtual address.
# This output file may be truncated or incomplete.
#
#  Out of Memory Error (os_windows.cpp:3736), pid=6820, tid=21676
#
# JRE version: OpenJDK Runtime Environment Microsoft-11933218 (21.0.8+9) (build 21.0.8+9-LTS)
# Java VM: OpenJDK 64-Bit Server VM Microsoft-11933218 (21.0.8+9-LTS, mixed mode, emulated-client, sharing, tiered, compressed oops, compressed class ptrs, g1 gc, windows-amd64)
# No core dump will be written. Minidumps are not enabled by default on client versions of Windows
#

---------------  S U M M A R Y ------------

Command Line: -agentlib:jdwp=transport=dt_socket,address=127.0.0.1:63319,suspend=y,server=n -javaagent:C:\Users\araom\AppData\Local\JetBrains\IntelliJIdea2025.3\captureAgent\debugger-agent.jar=file:///C:/Users/araom/AppData/Local/Temp/capture7380130864444283988.props -XX:TieredStopAtLevel=1 -Dspring.output.ansi.enabled=always -Dkotlinx.coroutines.debug.enable.creation.stack.trace=false -Ddebugger.agent.enable.coroutines=true -Dkotlinx.coroutines.debug.enable.flows.stack.trace=true -Dkotlinx.coroutines.debug.enable.mutable.state.flows.stack.trace=true -Ddebugger.async.stack.trace.for.all.threads=true -Dfile.encoding=UTF-8 -Dsun.stdout.encoding=UTF-8 -Dsun.stderr.encoding=UTF-8 com.jobportal.Job.Poratl.JobPoratlApplication

Host: 13th Gen Intel(R) Core(TM) i5-1335U, 12 cores, 15G,  Windows 11 , 64 bit Build 26100 (10.0.26100.5074)
Time: Sun Feb  8 04:17:03 2026 elapsed time: 5404.982898 seconds (0d 1h 30m 4s)

---------------  T H R E A D  ---------------

Current thread (0x0000020a7ab28db0):  WorkerThread "GC Thread#9"    [id=21676, stack(0x000000574f900000,0x000000574fa00000) (1024K)]

Stack: [0x000000574f900000,0x000000574fa00000]
Native frames: (J=compiled Java code, j=interpreted, Vv=VM code, C=native code)
V  [jvm.dll+0x6e1729]
V  [jvm.dll+0x8bf47b]
V  [jvm.dll+0x8c19aa]
V  [jvm.dll+0x8c2083]
V  [jvm.dll+0x289fd6]
V  [jvm.dll+0x6de085]
V  [jvm.dll+0x6d218a]
V  [jvm.dll+0x366f6e]
V  [jvm.dll+0x36ee1b]
V  [jvm.dll+0x3c03c0]
V  [jvm.dll+0x3c0a41]
V  [jvm.dll+0x3c0aff]
V  [jvm.dll+0x33beac]
V  [jvm.dll+0x33bc05]
V  [jvm.dll+0x32a7c6]
V  [jvm.dll+0x32b5da]
V  [jvm.dll+0x32ba65]
V  [jvm.dll+0x32b43d]
V  [jvm.dll+0x368d96]
V  [jvm.dll+0x3690f0]
V  [jvm.dll+0x377a4c]
V  [jvm.dll+0x6cd2c1]
V  [jvm.dll+0x6cddf0]
V  [jvm.dll+0x324ef6]
V  [jvm.dll+0x400031]
V  [jvm.dll+0x869a96]
V  [jvm.dll+0x8737d6]
V  [jvm.dll+0x378164]
V  [jvm.dll+0x377fea]
V  [jvm.dll+0x37fb44]
V  [jvm.dll+0x37fcbe]
V  [jvm.dll+0x8ed2f1]
V  [jvm.dll+0x86975d]
V  [jvm.dll+0x6dff2d]
C  [ucrtbase.dll+0x37b0]
C  [KERNEL32.DLL+0x2e8d7]
C  [ntdll.dll+0x8d9c]

JavaThread 0x0000020a7cb68260 (nid = 31240) was being processed
Java frames: (J=compiled Java code, j=interpreted, Vv=VM code)
J 5161  jdk.internal.misc.Unsafe.park(ZJ)V java.base@21.0.8 (0 bytes) @ 0x0000020a29cb31f3 [0x0000020a29cb31a0+0x0000000000000053]
J 5573 c1 java.util.concurrent.locks.AbstractQueuedSynchronizer$ConditionNode.block()Z java.base@21.0.8 (15 bytes) @ 0x0000020a29a273cc [0x0000020a29a272c0+0x000000000000010c]
J 5571 c1 java.util.concurrent.ForkJoinPool.managedBlock(Ljava/util/concurrent/ForkJoinPool$ManagedBlocker;)V java.base@21.0.8 (36 bytes) @ 0x0000020a29a27d5c [0x0000020a29a27c80+0x00000000000000dc]
J 5570 c1 java.util.concurrent.locks.AbstractQueuedSynchronizer$ConditionObject.await()V java.base@21.0.8 (185 bytes) @ 0x0000020a29a2873c [0x0000020a29a283a0+0x000000000000039c]
J 5538 c1 java.util.concurrent.ScheduledThreadPoolExecutor$DelayedWorkQueue.take()Ljava/util/concurrent/RunnableScheduledFuture; java.base@21.0.8 (203 bytes) @ 0x0000020a29a369e4 [0x0000020a29a36740+0x00000000000002a4]
J 5537 c1 java.util.concurrent.ScheduledThreadPoolExecutor$DelayedWorkQueue.take()Ljava/lang/Object; java.base@21.0.8 (5 bytes) @ 0x0000020a29a3520c [0x0000020a29a351c0+0x000000000000004c]
J 5536 c1 java.util.concurrent.ThreadPoolExecutor.getTask()Ljava/lang/Runnable; java.base@21.0.8 (177 bytes) @ 0x0000020a29a3581c [0x0000020a29a355a0+0x000000000000027c]
j  java.util.concurrent.ThreadPoolExecutor.runWorker(Ljava/util/concurrent/ThreadPoolExecutor$Worker;)V+26 java.base@21.0.8
j  java.util.concurrent.ThreadPoolExecutor$Worker.run()V+5 java.base@21.0.8
j  org.apache.tomcat.util.threads.TaskThread$WrappingRunnable.run()V+4
j  java.lang.Thread.runWith(Ljava/lang/Object;Ljava/lang/Runnable;)V+5 java.base@21.0.8
j  java.lang.Thread.run()V+19 java.base@21.0.8
v  ~StubRoutines::call_stub 0x0000020a298a100d

---------------  P R O C E S S  ---------------

Threads class SMR info:
_java_thread_list=0x0000020a7a903fa0, length=43, elements={
0x0000020a346a3320, 0x0000020a346a3f70, 0x0000020a346ac1d0, 0x0000020a346acd50,
0x0000020a346ae440, 0x0000020a346f02f0, 0x0000020a346b8020, 0x0000020a347947a0,
0x0000020a3484cca0, 0x0000020a348501a0, 0x0000020a34834f60, 0x0000020a34891230,
0x0000020a3498b9f0, 0x0000020a7cb64750, 0x0000020a7cb68260, 0x0000020a7cb66820,
0x0000020a7d561130, 0x0000020a7cb69610, 0x0000020a7d82a7d0, 0x0000020a7d829420,
0x0000020a7e08f1a0, 0x0000020a7e0939d0, 0x0000020a7e094060, 0x0000020a7e0946f0,
0x0000020a7e095aa0, 0x0000020a7e095410, 0x0000020a7d82dc50, 0x0000020a7e6c4100,
0x0000020a7e6c7580, 0x0000020a7e6c4e20, 0x0000020a7eff25d0, 0x0000020a7eff18b0,
0x0000020a7eff0500, 0x0000020a7eff46a0, 0x0000020a7eff1220, 0x0000020a7eff6770,
0x0000020a7eff4d30, 0x0000020a7eff3980, 0x0000020a7eff5a50, 0x0000020a7eff7490,
0x0000020a7eff4010, 0x0000020a7eff53c0, 0x0000020a7d82a140
}

Java Threads: ( => current thread )
  0x0000020a346a3320 JavaThread "Reference Handler"          daemon [_thread_blocked, id=15256, stack(0x000000574e100000,0x000000574e200000) (1024K)]
  0x0000020a346a3f70 JavaThread "Finalizer"                  daemon [_thread_blocked, id=21176, stack(0x000000574e200000,0x000000574e300000) (1024K)]
  0x0000020a346ac1d0 JavaThread "Signal Dispatcher"          daemon [_thread_blocked, id=14852, stack(0x000000574e300000,0x000000574e400000) (1024K)]
  0x0000020a346acd50 JavaThread "Attach Listener"            daemon [_thread_blocked, id=6296, stack(0x000000574e400000,0x000000574e500000) (1024K)]
  0x0000020a346ae440 JavaThread "Service Thread"             daemon [_thread_blocked, id=14524, stack(0x000000574e500000,0x000000574e600000) (1024K)]
  0x0000020a346f02f0 JavaThread "Monitor Deflation Thread"   daemon [_thread_blocked, id=24548, stack(0x000000574e600000,0x000000574e700000) (1024K)]
  0x0000020a346b8020 JavaThread "C1 CompilerThread0"         daemon [_thread_blocked, id=5536, stack(0x000000574e700000,0x000000574e800000) (1024K)]
  0x0000020a347947a0 JavaThread "Common-Cleaner"             daemon [_thread_blocked, id=24180, stack(0x000000574e900000,0x000000574ea00000) (1024K)]
  0x0000020a3484cca0 JavaThread "JDWP Transport Listener: dt_socket" daemon [_thread_blocked, id=10752, stack(0x000000574ea00000,0x000000574eb00000) (1024K)]
  0x0000020a348501a0 JavaThread "JDWP Event Helper Thread"   daemon [_thread_blocked, id=31444, stack(0x000000574eb00000,0x000000574ec00000) (1024K)]
  0x0000020a34834f60 JavaThread "JDWP Command Reader"        daemon [_thread_in_native, id=22792, stack(0x000000574ec00000,0x000000574ed00000) (1024K)]
  0x0000020a34891230 JavaThread "IntelliJ Suspend Helper"    daemon [_thread_blocked, id=25452, stack(0x000000574ed00000,0x000000574ee00000) (1024K)]
  0x0000020a3498b9f0 JavaThread "Notification Thread"        daemon [_thread_blocked, id=26176, stack(0x000000574ee00000,0x000000574ef00000) (1024K)]
  0x0000020a7cb64750 JavaThread "Catalina-utility-1"                [_thread_blocked, id=3980, stack(0x000000574fc00000,0x000000574fd00000) (1024K)]
  0x0000020a7cb68260 JavaThread "Catalina-utility-2"                [_thread_blocked, id=31240, stack(0x000000574ff00000,0x0000005750000000) (1024K)]
  0x0000020a7cb66820 JavaThread "container-0"                       [_thread_blocked, id=11632, stack(0x0000005750000000,0x0000005750100000) (1024K)]
  0x0000020a7d561130 JavaThread "BufferPoolPruner-1-thread-1" daemon [_thread_blocked, id=8064, stack(0x0000005750100000,0x0000005750200000) (1024K)]
  0x0000020a7cb69610 JavaThread "cluster-ClusterId{value='69877a957536be11a36e8dc2', description='null'}-localhost:27017" daemon [_thread_in_native, id=28300, stack(0x0000005750200000,0x0000005750300000) (1024K)]
  0x0000020a7d82a7d0 JavaThread "cluster-rtt-ClusterId{value='69877a957536be11a36e8dc2', description='null'}-localhost:27017" daemon [_thread_blocked, id=25216, stack(0x0000005750400000,0x0000005750500000) (1024K)]
  0x0000020a7d829420 JavaThread "MaintenanceTimer-2-thread-1" daemon [_thread_blocked, id=10072, stack(0x0000005750500000,0x0000005750600000) (1024K)]
  0x0000020a7e08f1a0 JavaThread "File Watcher"               daemon [_thread_blocked, id=27920, stack(0x0000005750600000,0x0000005750700000) (1024K)]
  0x0000020a7e0939d0 JavaThread "http-nio-8080-exec-2"       daemon [_thread_blocked, id=21000, stack(0x0000005750800000,0x0000005750900000) (1024K)]
  0x0000020a7e094060 JavaThread "http-nio-8080-exec-3"       daemon [_thread_blocked, id=26908, stack(0x0000005750900000,0x0000005750a00000) (1024K)]
  0x0000020a7e0946f0 JavaThread "http-nio-8080-exec-4"       daemon [_thread_blocked, id=30216, stack(0x0000005750a00000,0x0000005750b00000) (1024K)]
  0x0000020a7e095aa0 JavaThread "http-nio-8080-exec-6"       daemon [_thread_blocked, id=24588, stack(0x0000005750c00000,0x0000005750d00000) (1024K)]
  0x0000020a7e095410 JavaThread "http-nio-8080-exec-9"       daemon [_thread_blocked, id=30984, stack(0x0000005750f00000,0x0000005751000000) (1024K)]
  0x0000020a7d82dc50 JavaThread "http-nio-8080-Poller"       daemon [_thread_blocked, id=25188, stack(0x0000005751100000,0x0000005751200000) (1024K)]
  0x0000020a7e6c4100 JavaThread "http-nio-8080-Acceptor"     daemon [_thread_in_native, id=13296, stack(0x0000005751200000,0x0000005751300000) (1024K)]
  0x0000020a7e6c7580 JavaThread "scheduling-1"                      [_thread_blocked, id=18060, stack(0x0000005751300000,0x0000005751400000) (1024K)]
  0x0000020a7e6c4e20 JavaThread "DestroyJavaVM"                     [_thread_blocked, id=15116, stack(0x000000574d900000,0x000000574da00000) (1024K)]
  0x0000020a7eff25d0 JavaThread "http-nio-8080-exec-11"      daemon [_thread_blocked, id=18072, stack(0x000000574d700000,0x000000574d800000) (1024K)]
  0x0000020a7eff18b0 JavaThread "http-nio-8080-exec-12"      daemon [_thread_blocked, id=28932, stack(0x000000574d800000,0x000000574d900000) (1024K)]
  0x0000020a7eff0500 JavaThread "http-nio-8080-exec-14"      daemon [_thread_blocked, id=1912, stack(0x000000574f000000,0x000000574f100000) (1024K)]
  0x0000020a7eff46a0 JavaThread "http-nio-8080-exec-15"      daemon [_thread_blocked, id=25448, stack(0x000000574fa00000,0x000000574fb00000) (1024K)]
  0x0000020a7eff1220 JavaThread "http-nio-8080-exec-16"      daemon [_thread_blocked, id=25080, stack(0x000000574fb00000,0x000000574fc00000) (1024K)]
  0x0000020a7eff6770 JavaThread "http-nio-8080-exec-17"      daemon [_thread_blocked, id=21760, stack(0x000000574e800000,0x000000574e900000) (1024K)]
  0x0000020a7eff4d30 JavaThread "http-nio-8080-exec-18"      daemon [_thread_blocked, id=8368, stack(0x000000574ef00000,0x000000574f000000) (1024K)]
  0x0000020a7eff3980 JavaThread "http-nio-8080-exec-19"      daemon [_thread_blocked, id=30812, stack(0x0000005750300000,0x0000005750400000) (1024K)]
  0x0000020a7eff5a50 JavaThread "http-nio-8080-exec-20"      daemon [_thread_blocked, id=25504, stack(0x0000005750700000,0x0000005750800000) (1024K)]
  0x0000020a7eff7490 JavaThread "http-nio-8080-exec-21"      daemon [_thread_blocked, id=28720, stack(0x0000005750b00000,0x0000005750c00000) (1024K)]
  0x0000020a7eff4010 JavaThread "http-nio-8080-exec-22"      daemon [_thread_blocked, id=3876, stack(0x0000005750d00000,0x0000005750e00000) (1024K)]
  0x0000020a7eff53c0 JavaThread "http-nio-8080-exec-23"      daemon [_thread_blocked, id=22656, stack(0x0000005750e00000,0x0000005750f00000) (1024K)]
  0x0000020a7d82a140 JavaThread "http-nio-8080-exec-24"      daemon [_thread_blocked, id=28740, stack(0x0000005751000000,0x0000005751100000) (1024K)]
Total: 43

Other Threads:
  0x0000020a34682b80 VMThread "VM Thread"                           [id=23640, stack(0x000000574e000000,0x000000574e100000) (1024K)]
  0x0000020a3466d380 WatcherThread "VM Periodic Task Thread"        [id=7508, stack(0x000000574df00000,0x000000574e000000) (1024K)]
  0x0000020a21214bd0 WorkerThread "GC Thread#0"                     [id=11172, stack(0x000000574da00000,0x000000574db00000) (1024K)]
  0x0000020a7aacdd60 WorkerThread "GC Thread#1"                     [id=14972, stack(0x000000574f100000,0x000000574f200000) (1024K)]
  0x0000020a7a996ba0 WorkerThread "GC Thread#2"                     [id=28780, stack(0x000000574f200000,0x000000574f300000) (1024K)]
  0x0000020a7a9b4ea0 WorkerThread "GC Thread#3"                     [id=23460, stack(0x000000574f300000,0x000000574f400000) (1024K)]
  0x0000020a7aaadc70 WorkerThread "GC Thread#4"                     [id=22440, stack(0x000000574f400000,0x000000574f500000) (1024K)]
  0x0000020a7ab27f30 WorkerThread "GC Thread#5"                     [id=15104, stack(0x000000574f500000,0x000000574f600000) (1024K)]
  0x0000020a7ab282d0 WorkerThread "GC Thread#6"                     [id=25372, stack(0x000000574f600000,0x000000574f700000) (1024K)]
  0x0000020a7ab28670 WorkerThread "GC Thread#7"                     [id=10688, stack(0x000000574f700000,0x000000574f800000) (1024K)]
  0x0000020a7ab29150 WorkerThread "GC Thread#8"                     [id=23244, stack(0x000000574f800000,0x000000574f900000) (1024K)]
=>0x0000020a7ab28db0 WorkerThread "GC Thread#9"                     [id=21676, stack(0x000000574f900000,0x000000574fa00000) (1024K)]
  0x0000020a21225540 ConcurrentGCThread "G1 Main Marker"            [id=24580, stack(0x000000574db00000,0x000000574dc00000) (1024K)]
  0x0000020a21226dd0 WorkerThread "G1 Conc#0"                       [id=29196, stack(0x000000574dc00000,0x000000574dd00000) (1024K)]
  0x0000020a7afa16f0 WorkerThread "G1 Conc#1"                       [id=20676, stack(0x000000574fd00000,0x000000574fe00000) (1024K)]
  0x0000020a7afa3790 WorkerThread "G1 Conc#2"                       [id=10008, stack(0x000000574fe00000,0x000000574ff00000) (1024K)]
  0x0000020a345409a0 ConcurrentGCThread "G1 Refine#0"               [id=7468, stack(0x000000574dd00000,0x000000574de00000) (1024K)]
  0x0000020a345422d0 ConcurrentGCThread "G1 Service"                [id=13500, stack(0x000000574de00000,0x000000574df00000) (1024K)]
Total: 18

Threads with active compile tasks:
Total: 0

VM state: at safepoint (normal execution)

VM Mutex/Monitor currently owned by a thread:  ([mutex/lock_event])
[0x00007ffc83fc82c8] FreeList_lock - owner thread: 0x0000020a7ab28db0
[0x00007ffc83fca7c8] Threads_lock - owner thread: 0x0000020a34682b80
[0x00007ffc83fca8c8] Heap_lock - owner thread: 0x0000020a7eff53c0

Heap address: 0x0000000705800000, size: 4008 MB, Compressed Oops mode: Zero based, Oop shift amount: 3

CDS archive(s) mapped at: [0x0000020a35000000-0x0000020a35c80000-0x0000020a35c80000), size 13107200, SharedBaseAddress: 0x0000020a35000000, ArchiveRelocationMode: 1.
Compressed class space mapped at: 0x0000020a36000000-0x0000020a76000000, reserved size: 1073741824
Narrow klass base: 0x0000020a35000000, Narrow klass shift: 0, Narrow klass range: 0x100000000

GC Precious Log:
 CardTable entry size: 512
 Card Set container configuration: InlinePtr #cards 4 size 8 Array Of Cards #cards 16 size 48 Howl #buckets 8 coarsen threshold 3686 Howl Bitmap #cards 512 size 80 coarsen threshold 460 Card regions per heap region 1 cards per card region 4096
 CPUs: 12 total, 12 available
 Memory: 16024M
 Large Page Support: Disabled
 NUMA Support: Disabled
 Compressed Oops: Enabled (Zero based)
 Heap Region Size: 2M
 Heap Min Capacity: 8M
 Heap Initial Capacity: 252M
 Heap Max Capacity: 4008M
 Pre-touch: Disabled
 Parallel Workers: 10
 Concurrent Workers: 3
 Concurrent Refinement Workers: 10
 Periodic GC: Disabled

Heap:
 garbage-first heap   total 466944K, used 463072K [0x0000000705800000, 0x0000000800000000)
  region size 2048K, 13 young (26624K), 0 survivors (0K)
 Metaspace       used 53434K, committed 54080K, reserved 1114112K
  class space    used 7365K, committed 7680K, reserved 1048576K

Heap Regions: E=young(eden), S=young(survivor), O=old, HS=humongous(starts), HC=humongous(continues), CS=collection set, F=free, TAMS=top-at-mark-start, PB=parsable bottom
|   0|0x0000000705800000, 0x0000000705a00000, 0x0000000705a00000|100%| O|  |TAMS 0x0000000705800000| PB 0x0000000705800000| Untracked 
|   1|0x0000000705a00000, 0x0000000705c00000, 0x0000000705c00000|100%| O|  |TAMS 0x0000000705a00000| PB 0x0000000705a00000| Untracked 
|   2|0x0000000705c00000, 0x0000000705e00000, 0x0000000705e00000|100%|HS|  |TAMS 0x0000000705c00000| PB 0x0000000705c00000| Complete 
|   3|0x0000000705e00000, 0x0000000706000000, 0x0000000706000000|100%| O|  |TAMS 0x0000000705e00000| PB 0x0000000705e00000| Untracked 
|   4|0x0000000706000000, 0x0000000706200000, 0x0000000706200000|100%| O|  |TAMS 0x0000000706000000| PB 0x0000000706000000| Untracked 
|   5|0x0000000706200000, 0x0000000706400000, 0x0000000706400000|100%| O|  |TAMS 0x0000000706200000| PB 0x0000000706200000| Untracked 
|   6|0x0000000706400000, 0x0000000706600000, 0x0000000706600000|100%|HS|  |TAMS 0x0000000706400000| PB 0x0000000706400000| Complete 
|   7|0x0000000706600000, 0x0000000706800000, 0x0000000706800000|100%| O|Cm|TAMS 0x0000000706600000| PB 0x0000000706600000| Complete 
|   8|0x0000000706800000, 0x0000000706a00000, 0x0000000706a00000|100%|HS|  |TAMS 0x0000000706800000| PB 0x0000000706800000| Complete 
|   9|0x0000000706a00000, 0x0000000706c00000, 0x0000000706c00000|100%|HC|  |TAMS 0x0000000706a00000| PB 0x0000000706a00000| Complete 
|  10|0x0000000706c00000, 0x0000000706e00000, 0x0000000706e00000|100%|HC|  |TAMS 0x0000000706c00000| PB 0x0000000706c00000| Complete 
|  11|0x0000000706e00000, 0x0000000707000000, 0x0000000707000000|100%|HS|  |TAMS 0x0000000706e00000| PB 0x0000000706e00000| Complete 
|  12|0x0000000707000000, 0x0000000707200000, 0x0000000707200000|100%|HS|  |TAMS 0x0000000707000000| PB 0x0000000707000000| Complete 
|  13|0x0000000707200000, 0x0000000707400000, 0x0000000707400000|100%|HC|  |TAMS 0x0000000707200000| PB 0x0000000707200000| Complete 
|  14|0x0000000707400000, 0x0000000707600000, 0x0000000707600000|100%|HC|  |TAMS 0x0000000707400000| PB 0x0000000707400000| Complete 
|  15|0x0000000707600000, 0x0000000707800000, 0x0000000707800000|100%|HC|  |TAMS 0x0000000707600000| PB 0x0000000707600000| Complete 
|  16|0x0000000707800000, 0x0000000707a00000, 0x0000000707a00000|100%|HC|  |TAMS 0x0000000707800000| PB 0x0000000707800000| Complete 
|  17|0x0000000707a00000, 0x0000000707c00000, 0x0000000707c00000|100%|HS|  |TAMS 0x0000000707a00000| PB 0x0000000707a00000| Complete 
|  18|0x0000000707c00000, 0x0000000707e00000, 0x0000000707e00000|100%|HC|  |TAMS 0x0000000707c00000| PB 0x0000000707c00000| Complete 
|  19|0x0000000707e00000, 0x0000000708000000, 0x0000000708000000|100%|HC|  |TAMS 0x0000000707e00000| PB 0x0000000707e00000| Complete 
|  20|0x0000000708000000, 0x0000000708200000, 0x0000000708200000|100%|HC|  |TAMS 0x0000000708000000| PB 0x0000000708000000| Complete 
|  21|0x0000000708200000, 0x0000000708400000, 0x0000000708400000|100%|HC|  |TAMS 0x0000000708200000| PB 0x0000000708200000| Complete 
|  22|0x0000000708400000, 0x0000000708600000, 0x0000000708600000|100%|HC|  |TAMS 0x0000000708400000| PB 0x0000000708400000| Complete 
|  23|0x0000000708600000, 0x0000000708800000, 0x0000000708800000|100%|HS|  |TAMS 0x0000000708600000| PB 0x0000000708600000| Complete 
|  24|0x0000000708800000, 0x0000000708a00000, 0x0000000708a00000|100%|HC|  |TAMS 0x0000000708800000| PB 0x0000000708800000| Complete 
|  25|0x0000000708a00000, 0x0000000708c00000, 0x0000000708c00000|100%|HC|  |TAMS 0x0000000708a00000| PB 0x0000000708a00000| Complete 
|  26|0x0000000708c00000, 0x0000000708e00000, 0x0000000708e00000|100%|HS|  |TAMS 0x0000000708c00000| PB 0x0000000708c00000| Complete 
|  27|0x0000000708e00000, 0x0000000709000000, 0x0000000709000000|100%|HC|  |TAMS 0x0000000708e00000| PB 0x0000000708e00000| Complete 
|  28|0x0000000709000000, 0x0000000709200000, 0x0000000709200000|100%|HS|  |TAMS 0x0000000709000000| PB 0x0000000709000000| Complete 
|  29|0x0000000709200000, 0x0000000709400000, 0x0000000709400000|100%|HS|  |TAMS 0x0000000709200000| PB 0x0000000709200000| Complete 
|  30|0x0000000709400000, 0x0000000709600000, 0x0000000709600000|100%|HS|  |TAMS 0x0000000709400000| PB 0x0000000709400000| Complete 
|  31|0x0000000709600000, 0x0000000709800000, 0x0000000709800000|100%|HS|  |TAMS 0x0000000709600000| PB 0x0000000709600000| Complete 
|  32|0x0000000709800000, 0x0000000709a00000, 0x0000000709a00000|100%|HC|  |TAMS 0x0000000709800000| PB 0x0000000709800000| Complete 
|  33|0x0000000709a00000, 0x0000000709c00000, 0x0000000709c00000|100%|HC|  |TAMS 0x0000000709a00000| PB 0x0000000709a00000| Complete 
|  34|0x0000000709c00000, 0x0000000709e00000, 0x0000000709e00000|100%|HS|  |TAMS 0x0000000709c00000| PB 0x0000000709c00000| Complete 
|  35|0x0000000709e00000, 0x000000070a000000, 0x000000070a000000|100%|HC|  |TAMS 0x0000000709e00000| PB 0x0000000709e00000| Complete 
|  36|0x000000070a000000, 0x000000070a200000, 0x000000070a200000|100%|HC|  |TAMS 0x000000070a000000| PB 0x000000070a000000| Complete 
|  37|0x000000070a200000, 0x000000070a400000, 0x000000070a400000|100%|HS|  |TAMS 0x000000070a200000| PB 0x000000070a200000| Complete 
|  38|0x000000070a400000, 0x000000070a600000, 0x000000070a600000|100%|HC|  |TAMS 0x000000070a400000| PB 0x000000070a400000| Complete 
|  39|0x000000070a600000, 0x000000070a800000, 0x000000070a800000|100%|HC|  |TAMS 0x000000070a600000| PB 0x000000070a600000| Complete 
|  40|0x000000070a800000, 0x000000070aa00000, 0x000000070aa00000|100%|HC|  |TAMS 0x000000070a800000| PB 0x000000070a800000| Complete 
|  41|0x000000070aa00000, 0x000000070ac00000, 0x000000070ac00000|100%|HC|  |TAMS 0x000000070aa00000| PB 0x000000070aa00000| Complete 
|  42|0x000000070ac00000, 0x000000070ae00000, 0x000000070ae00000|100%|HC|  |TAMS 0x000000070ac00000| PB 0x000000070ac00000| Complete 
|  43|0x000000070ae00000, 0x000000070b000000, 0x000000070b000000|100%|HC|  |TAMS 0x000000070ae00000| PB 0x000000070ae00000| Complete 
|  44|0x000000070b000000, 0x000000070b200000, 0x000000070b200000|100%|HC|  |TAMS 0x000000070b000000| PB 0x000000070b000000| Complete 
|  45|0x000000070b200000, 0x000000070b400000, 0x000000070b400000|100%|HC|  |TAMS 0x000000070b200000| PB 0x000000070b200000| Complete 
|  46|0x000000070b400000, 0x000000070b600000, 0x000000070b600000|100%|HS|  |TAMS 0x000000070b400000| PB 0x000000070b400000| Complete 
|  47|0x000000070b600000, 0x000000070b800000, 0x000000070b800000|100%|HC|  |TAMS 0x000000070b600000| PB 0x000000070b600000| Complete 
|  48|0x000000070b800000, 0x000000070ba00000, 0x000000070ba00000|100%|HC|  |TAMS 0x000000070b800000| PB 0x000000070b800000| Complete 
|  49|0x000000070ba00000, 0x000000070bc00000, 0x000000070bc00000|100%|HS|  |TAMS 0x000000070ba00000| PB 0x000000070ba00000| Complete 
|  50|0x000000070bc00000, 0x000000070be00000, 0x000000070be00000|100%|HS|  |TAMS 0x000000070bc00000| PB 0x000000070bc00000| Complete 
|  51|0x000000070be00000, 0x000000070c000000, 0x000000070c000000|100%|HC|  |TAMS 0x000000070be00000| PB 0x000000070be00000| Complete 
|  52|0x000000070c000000, 0x000000070c200000, 0x000000070c200000|100%|HC|  |TAMS 0x000000070c000000| PB 0x000000070c000000| Complete 
|  53|0x000000070c200000, 0x000000070c400000, 0x000000070c400000|100%|HC|  |TAMS 0x000000070c200000| PB 0x000000070c200000| Complete 
|  54|0x000000070c400000, 0x000000070c600000, 0x000000070c600000|100%|HS|  |TAMS 0x000000070c400000| PB 0x000000070c400000| Complete 
|  55|0x000000070c600000, 0x000000070c800000, 0x000000070c800000|100%|HC|  |TAMS 0x000000070c600000| PB 0x000000070c600000| Complete 
|  56|0x000000070c800000, 0x000000070ca00000, 0x000000070ca00000|100%|HC|  |TAMS 0x000000070c800000| PB 0x000000070c800000| Complete 
|  57|0x000000070ca00000, 0x000000070cc00000, 0x000000070cc00000|100%|HC|  |TAMS 0x000000070ca00000| PB 0x000000070ca00000| Complete 
|  58|0x000000070cc00000, 0x000000070ce00000, 0x000000070ce00000|100%|HC|  |TAMS 0x000000070cc00000| PB 0x000000070cc00000| Complete 
|  59|0x000000070ce00000, 0x000000070d000000, 0x000000070d000000|100%|HC|  |TAMS 0x000000070ce00000| PB 0x000000070ce00000| Complete 
|  60|0x000000070d000000, 0x000000070d200000, 0x000000070d200000|100%|HC|  |TAMS 0x000000070d000000| PB 0x000000070d000000| Complete 
|  61|0x000000070d200000, 0x000000070d400000, 0x000000070d400000|100%|HC|  |TAMS 0x000000070d200000| PB 0x000000070d200000| Complete 
|  62|0x000000070d400000, 0x000000070d600000, 0x000000070d600000|100%|HC|  |TAMS 0x000000070d400000| PB 0x000000070d400000| Complete 
|  63|0x000000070d600000, 0x000000070d800000, 0x000000070d800000|100%|HC|  |TAMS 0x000000070d600000| PB 0x000000070d600000| Complete 
|  64|0x000000070d800000, 0x000000070da00000, 0x000000070da00000|100%|HC|  |TAMS 0x000000070d800000| PB 0x000000070d800000| Complete 
|  65|0x000000070da00000, 0x000000070dc00000, 0x000000070dc00000|100%|HC|  |TAMS 0x000000070da00000| PB 0x000000070da00000| Complete 
|  66|0x000000070dc00000, 0x000000070de00000, 0x000000070de00000|100%|HC|  |TAMS 0x000000070dc00000| PB 0x000000070dc00000| Complete 
|  67|0x000000070de00000, 0x000000070e000000, 0x000000070e000000|100%|HC|  |TAMS 0x000000070de00000| PB 0x000000070de00000| Complete 
|  68|0x000000070e000000, 0x000000070e200000, 0x000000070e200000|100%|HC|  |TAMS 0x000000070e000000| PB 0x000000070e000000| Complete 
|  69|0x000000070e200000, 0x000000070e400000, 0x000000070e400000|100%|HC|  |TAMS 0x000000070e200000| PB 0x000000070e200000| Complete 
|  70|0x000000070e400000, 0x000000070e600000, 0x000000070e600000|100%|HC|  |TAMS 0x000000070e400000| PB 0x000000070e400000| Complete 
|  71|0x000000070e600000, 0x000000070e800000, 0x000000070e800000|100%|HS|  |TAMS 0x000000070e600000| PB 0x000000070e600000| Complete 
|  72|0x000000070e800000, 0x000000070ea00000, 0x000000070ea00000|100%|HC|  |TAMS 0x000000070e800000| PB 0x000000070e800000| Complete 
|  73|0x000000070ea00000, 0x000000070ec00000, 0x000000070ec00000|100%|HS|  |TAMS 0x000000070ea00000| PB 0x000000070ea00000| Complete 
|  74|0x000000070ec00000, 0x000000070ee00000, 0x000000070ee00000|100%|HC|  |TAMS 0x000000070ec00000| PB 0x000000070ec00000| Complete 
|  75|0x000000070ee00000, 0x000000070f000000, 0x000000070f000000|100%|HS|  |TAMS 0x000000070ee00000| PB 0x000000070ee00000| Complete 
|  76|0x000000070f000000, 0x000000070f200000, 0x000000070f200000|100%|HC|  |TAMS 0x000000070f000000| PB 0x000000070f000000| Complete 
|  77|0x000000070f200000, 0x000000070f400000, 0x000000070f400000|100%|HS|  |TAMS 0x000000070f200000| PB 0x000000070f200000| Complete 
|  78|0x000000070f400000, 0x000000070f600000, 0x000000070f600000|100%|HC|  |TAMS 0x000000070f400000| PB 0x000000070f400000| Complete 
|  79|0x000000070f600000, 0x000000070f800000, 0x000000070f800000|100%|HS|  |TAMS 0x000000070f600000| PB 0x000000070f600000| Complete 
|  80|0x000000070f800000, 0x000000070fa00000, 0x000000070fa00000|100%|HC|  |TAMS 0x000000070f800000| PB 0x000000070f800000| Complete 
|  81|0x000000070fa00000, 0x000000070fc00000, 0x000000070fc00000|100%|HS|  |TAMS 0x000000070fa00000| PB 0x000000070fa00000| Complete 
|  82|0x000000070fc00000, 0x000000070fe00000, 0x000000070fe00000|100%|HC|  |TAMS 0x000000070fc00000| PB 0x000000070fc00000| Complete 
|  83|0x000000070fe00000, 0x0000000710000000, 0x0000000710000000|100%|HC|  |TAMS 0x000000070fe00000| PB 0x000000070fe00000| Complete 
|  84|0x0000000710000000, 0x0000000710200000, 0x0000000710200000|100%|HS|  |TAMS 0x0000000710000000| PB 0x0000000710000000| Complete 
|  85|0x0000000710200000, 0x0000000710400000, 0x0000000710400000|100%|HC|  |TAMS 0x0000000710200000| PB 0x0000000710200000| Complete 
|  86|0x0000000710400000, 0x0000000710600000, 0x0000000710600000|100%|HC|  |TAMS 0x0000000710400000| PB 0x0000000710400000| Complete 
|  87|0x0000000710600000, 0x0000000710800000, 0x0000000710800000|100%|HC|  |TAMS 0x0000000710600000| PB 0x0000000710600000| Complete 
|  88|0x0000000710800000, 0x0000000710a00000, 0x0000000710a00000|100%|HC|  |TAMS 0x0000000710800000| PB 0x0000000710800000| Complete 
|  89|0x0000000710a00000, 0x0000000710c00000, 0x0000000710c00000|100%|HC|  |TAMS 0x0000000710a00000| PB 0x0000000710a00000| Complete 
|  90|0x0000000710c00000, 0x0000000710e00000, 0x0000000710e00000|100%|HC|  |TAMS 0x0000000710c00000| PB 0x0000000710c00000| Complete 
|  91|0x0000000710e00000, 0x0000000711000000, 0x0000000711000000|100%|HC|  |TAMS 0x0000000710e00000| PB 0x0000000710e00000| Complete 
|  92|0x0000000711000000, 0x0000000711200000, 0x0000000711200000|100%|HC|  |TAMS 0x0000000711000000| PB 0x0000000711000000| Complete 
|  93|0x0000000711200000, 0x0000000711400000, 0x0000000711400000|100%|HC|  |TAMS 0x0000000711200000| PB 0x0000000711200000| Complete 
|  94|0x0000000711400000, 0x0000000711600000, 0x0000000711600000|100%|HS|  |TAMS 0x0000000711400000| PB 0x0000000711400000| Complete 
|  95|0x0000000711600000, 0x0000000711800000, 0x0000000711800000|100%|HC|  |TAMS 0x0000000711600000| PB 0x0000000711600000| Complete 
|  96|0x0000000711800000, 0x0000000711a00000, 0x0000000711a00000|100%|HS|  |TAMS 0x0000000711800000| PB 0x0000000711800000| Complete 
|  97|0x0000000711a00000, 0x0000000711c00000, 0x0000000711c00000|100%|HC|  |TAMS 0x0000000711a00000| PB 0x0000000711a00000| Complete 
|  98|0x0000000711c00000, 0x0000000711e00000, 0x0000000711e00000|100%|HC|  |TAMS 0x0000000711c00000| PB 0x0000000711c00000| Complete 
|  99|0x0000000711e00000, 0x0000000712000000, 0x0000000712000000|100%|HC|  |TAMS 0x0000000711e00000| PB 0x0000000711e00000| Complete 
| 100|0x0000000712000000, 0x0000000712200000, 0x0000000712200000|100%|HS|  |TAMS 0x0000000712000000| PB 0x0000000712000000| Complete 
| 101|0x0000000712200000, 0x0000000712400000, 0x0000000712400000|100%|HS|  |TAMS 0x0000000712200000| PB 0x0000000712200000| Complete 
| 102|0x0000000712400000, 0x0000000712600000, 0x0000000712600000|100%|HS|  |TAMS 0x0000000712400000| PB 0x0000000712400000| Complete 
| 103|0x0000000712600000, 0x0000000712800000, 0x0000000712800000|100%|HC|  |TAMS 0x0000000712600000| PB 0x0000000712600000| Complete 
| 104|0x0000000712800000, 0x0000000712a00000, 0x0000000712a00000|100%|HS|  |TAMS 0x0000000712800000| PB 0x0000000712800000| Complete 
| 105|0x0000000712a00000, 0x0000000712c00000, 0x0000000712c00000|100%|HC|  |TAMS 0x0000000712a00000| PB 0x0000000712a00000| Complete 
| 106|0x0000000712c00000, 0x0000000712e00000, 0x0000000712e00000|100%|HC|  |TAMS 0x0000000712c00000| PB 0x0000000712c00000| Complete 
| 107|0x0000000712e00000, 0x0000000713000000, 0x0000000713000000|100%|HS|  |TAMS 0x0000000712e00000| PB 0x0000000712e00000| Complete 
| 108|0x0000000713000000, 0x0000000713200000, 0x0000000713200000|100%|HC|  |TAMS 0x0000000713000000| PB 0x0000000713000000| Complete 
| 109|0x0000000713200000, 0x0000000713400000, 0x0000000713400000|100%|HS|  |TAMS 0x0000000713200000| PB 0x0000000713200000| Complete 
| 110|0x0000000713400000, 0x0000000713600000, 0x0000000713600000|100%|HC|  |TAMS 0x0000000713400000| PB 0x0000000713400000| Complete 
| 111|0x0000000713600000, 0x0000000713800000, 0x0000000713800000|100%|HS|  |TAMS 0x0000000713600000| PB 0x0000000713600000| Complete 
| 112|0x0000000713800000, 0x0000000713a00000, 0x0000000713a00000|100%|HC|  |TAMS 0x0000000713800000| PB 0x0000000713800000| Complete 
| 113|0x0000000713a00000, 0x0000000713c00000, 0x0000000713c00000|100%|HC|  |TAMS 0x0000000713a00000| PB 0x0000000713a00000| Complete 
| 114|0x0000000713c00000, 0x0000000713e00000, 0x0000000713e00000|100%|HS|  |TAMS 0x0000000713c00000| PB 0x0000000713c00000| Complete 
| 115|0x0000000713e00000, 0x0000000714000000, 0x0000000714000000|100%|HC|  |TAMS 0x0000000713e00000| PB 0x0000000713e00000| Complete 
| 116|0x0000000714000000, 0x0000000714200000, 0x0000000714200000|100%|HC|  |TAMS 0x0000000714000000| PB 0x0000000714000000| Complete 
| 117|0x0000000714200000, 0x0000000714400000, 0x0000000714400000|100%|HC|  |TAMS 0x0000000714200000| PB 0x0000000714200000| Complete 
| 118|0x0000000714400000, 0x0000000714600000, 0x0000000714600000|100%|HC|  |TAMS 0x0000000714400000| PB 0x0000000714400000| Complete 
| 119|0x0000000714600000, 0x0000000714800000, 0x0000000714800000|100%|HC|  |TAMS 0x0000000714600000| PB 0x0000000714600000| Complete 
| 120|0x0000000714800000, 0x0000000714a00000, 0x0000000714a00000|100%|HS|  |TAMS 0x0000000714800000| PB 0x0000000714800000| Complete 
| 121|0x0000000714a00000, 0x0000000714c00000, 0x0000000714c00000|100%|HC|  |TAMS 0x0000000714a00000| PB 0x0000000714a00000| Complete 
| 122|0x0000000714c00000, 0x0000000714e00000, 0x0000000714e00000|100%|HC|  |TAMS 0x0000000714c00000| PB 0x0000000714c00000| Complete 
| 123|0x0000000714e00000, 0x0000000715000000, 0x0000000715000000|100%|HC|  |TAMS 0x0000000714e00000| PB 0x0000000714e00000| Complete 
| 124|0x0000000715000000, 0x0000000715200000, 0x0000000715200000|100%|HC|  |TAMS 0x0000000715000000| PB 0x0000000715000000| Complete 
| 125|0x0000000715200000, 0x0000000715400000, 0x0000000715400000|100%|HC|  |TAMS 0x0000000715200000| PB 0x0000000715200000| Complete 
| 126|0x0000000715400000, 0x0000000715600000, 0x0000000715600000|100%|HS|  |TAMS 0x0000000715400000| PB 0x0000000715400000| Complete 
| 127|0x0000000715600000, 0x0000000715800000, 0x0000000715800000|100%|HS|  |TAMS 0x0000000715600000| PB 0x0000000715600000| Complete 
| 128|0x0000000715800000, 0x0000000715a00000, 0x0000000715a00000|100%|HS|  |TAMS 0x0000000715800000| PB 0x0000000715800000| Complete 
| 129|0x0000000715a00000, 0x0000000715c00000, 0x0000000715c00000|100%|HC|  |TAMS 0x0000000715a00000| PB 0x0000000715a00000| Complete 
| 130|0x0000000715c00000, 0x0000000715caedf8, 0x0000000715e00000| 34%| E|CS|TAMS 0x0000000715c00000| PB 0x0000000715c00000| Complete 
| 131|0x0000000715e00000, 0x0000000716000000, 0x0000000716000000|100%|HS|  |TAMS 0x0000000715e00000| PB 0x0000000715e00000| Complete 
| 132|0x0000000716000000, 0x0000000716200000, 0x0000000716200000|100%|HC|  |TAMS 0x0000000716000000| PB 0x0000000716000000| Complete 
| 133|0x0000000716200000, 0x0000000716400000, 0x0000000716400000|100%|HC|  |TAMS 0x0000000716200000| PB 0x0000000716200000| Complete 
| 134|0x0000000716400000, 0x0000000716600000, 0x0000000716600000|100%|HC|  |TAMS 0x0000000716400000| PB 0x0000000716400000| Complete 
| 135|0x0000000716600000, 0x0000000716800000, 0x0000000716800000|100%|HC|  |TAMS 0x0000000716600000| PB 0x0000000716600000| Complete 
| 136|0x0000000716800000, 0x0000000716a00000, 0x0000000716a00000|100%|HC|  |TAMS 0x0000000716800000| PB 0x0000000716800000| Complete 
| 137|0x0000000716a00000, 0x0000000716c00000, 0x0000000716c00000|100%|HS|  |TAMS 0x0000000716a00000| PB 0x0000000716a00000| Complete 
| 138|0x0000000716c00000, 0x0000000716e00000, 0x0000000716e00000|100%|HC|  |TAMS 0x0000000716c00000| PB 0x0000000716c00000| Complete 
| 139|0x0000000716e00000, 0x0000000717000000, 0x0000000717000000|100%|HC|  |TAMS 0x0000000716e00000| PB 0x0000000716e00000| Complete 
| 140|0x0000000717000000, 0x0000000717200000, 0x0000000717200000|100%|HC|  |TAMS 0x0000000717000000| PB 0x0000000717000000| Complete 
| 141|0x0000000717200000, 0x0000000717400000, 0x0000000717400000|100%|HC|  |TAMS 0x0000000717200000| PB 0x0000000717200000| Complete 
| 142|0x0000000717400000, 0x0000000717600000, 0x0000000717600000|100%|HC|  |TAMS 0x0000000717400000| PB 0x0000000717400000| Complete 
| 143|0x0000000717600000, 0x0000000717800000, 0x0000000717800000|100%|HS|  |TAMS 0x0000000717600000| PB 0x0000000717600000| Complete 
| 144|0x0000000717800000, 0x0000000717a00000, 0x0000000717a00000|100%|HC|  |TAMS 0x0000000717800000| PB 0x0000000717800000| Complete 
| 145|0x0000000717a00000, 0x0000000717c00000, 0x0000000717c00000|100%| E|CS|TAMS 0x0000000717a00000| PB 0x0000000717a00000| Complete 
| 146|0x0000000717c00000, 0x0000000717e00000, 0x0000000717e00000|100%| E|CS|TAMS 0x0000000717c00000| PB 0x0000000717c00000| Complete 
| 147|0x0000000717e00000, 0x0000000718000000, 0x0000000718000000|100%| E|CS|TAMS 0x0000000717e00000| PB 0x0000000717e00000| Complete 
| 148|0x0000000718000000, 0x0000000718200000, 0x0000000718200000|100%| E|CS|TAMS 0x0000000718000000| PB 0x0000000718000000| Complete 
| 149|0x0000000718200000, 0x0000000718400000, 0x0000000718400000|100%| E|CS|TAMS 0x0000000718200000| PB 0x0000000718200000| Complete 
| 150|0x0000000718400000, 0x0000000718600000, 0x0000000718600000|100%| E|CS|TAMS 0x0000000718400000| PB 0x0000000718400000| Complete 
| 151|0x0000000718600000, 0x0000000718800000, 0x0000000718800000|100%| E|CS|TAMS 0x0000000718600000| PB 0x0000000718600000| Complete 
| 152|0x0000000718800000, 0x0000000718a00000, 0x0000000718a00000|100%| E|CS|TAMS 0x0000000718800000| PB 0x0000000718800000| Complete 
| 153|0x0000000718a00000, 0x0000000718c00000, 0x0000000718c00000|100%| E|CS|TAMS 0x0000000718a00000| PB 0x0000000718a00000| Complete 
| 154|0x0000000718c00000, 0x0000000718e00000, 0x0000000718e00000|100%| E|CS|TAMS 0x0000000718c00000| PB 0x0000000718c00000| Complete 
| 155|0x0000000718e00000, 0x0000000719000000, 0x0000000719000000|100%| E|CS|TAMS 0x0000000718e00000| PB 0x0000000718e00000| Complete 
| 156|0x0000000719000000, 0x0000000719200000, 0x0000000719200000|100%|HS|  |TAMS 0x0000000719000000| PB 0x0000000719000000| Complete 
| 157|0x0000000719200000, 0x0000000719400000, 0x0000000719400000|100%|HC|  |TAMS 0x0000000719200000| PB 0x0000000719200000| Complete 
| 158|0x0000000719400000, 0x0000000719600000, 0x0000000719600000|100%|HC|  |TAMS 0x0000000719400000| PB 0x0000000719400000| Complete 
| 160|0x0000000719800000, 0x0000000719a00000, 0x0000000719a00000|100%| E|CS|TAMS 0x0000000719800000| PB 0x0000000719800000| Complete 
| 161|0x0000000719a00000, 0x0000000719c00000, 0x0000000719c00000|100%| E|CS|TAMS 0x0000000719a00000| PB 0x0000000719a00000| Complete 
| 162|0x0000000719c00000, 0x0000000719e00000, 0x0000000719e00000|100%| E|CS|TAMS 0x0000000719c00000| PB 0x0000000719c00000| Complete 
| 163|0x0000000719e00000, 0x000000071a000000, 0x000000071a000000|100%|HS|  |TAMS 0x0000000719e00000| PB 0x0000000719e00000| Complete 
| 164|0x000000071a000000, 0x000000071a200000, 0x000000071a200000|100%|HC|  |TAMS 0x000000071a000000| PB 0x000000071a000000| Complete 
| 165|0x000000071a200000, 0x000000071a400000, 0x000000071a400000|100%|HC|  |TAMS 0x000000071a200000| PB 0x000000071a200000| Complete 
| 166|0x000000071a400000, 0x000000071a600000, 0x000000071a600000|100%|HC|  |TAMS 0x000000071a400000| PB 0x000000071a400000| Complete 
| 167|0x000000071a600000, 0x000000071a800000, 0x000000071a800000|100%|HC|  |TAMS 0x000000071a600000| PB 0x000000071a600000| Complete 
| 168|0x000000071a800000, 0x000000071aa00000, 0x000000071aa00000|100%|HC|  |TAMS 0x000000071a800000| PB 0x000000071a800000| Complete 
| 169|0x000000071aa00000, 0x000000071ac00000, 0x000000071ac00000|100%|HC|  |TAMS 0x000000071aa00000| PB 0x000000071aa00000| Complete 
| 170|0x000000071ac00000, 0x000000071ae00000, 0x000000071ae00000|100%|HC|  |TAMS 0x000000071ac00000| PB 0x000000071ac00000| Complete 
| 171|0x000000071ae00000, 0x000000071b000000, 0x000000071b000000|100%|HC|  |TAMS 0x000000071ae00000| PB 0x000000071ae00000| Complete 
| 172|0x000000071b000000, 0x000000071b200000, 0x000000071b200000|100%|HC|  |TAMS 0x000000071b000000| PB 0x000000071b000000| Complete 
| 173|0x000000071b200000, 0x000000071b400000, 0x000000071b400000|100%|HC|  |TAMS 0x000000071b200000| PB 0x000000071b200000| Complete 
| 174|0x000000071b400000, 0x000000071b600000, 0x000000071b600000|100%|HS|  |TAMS 0x000000071b400000| PB 0x000000071b400000| Complete 
| 175|0x000000071b600000, 0x000000071b800000, 0x000000071b800000|100%|HC|  |TAMS 0x000000071b600000| PB 0x000000071b600000| Complete 
| 176|0x000000071b800000, 0x000000071ba00000, 0x000000071ba00000|100%|HC|  |TAMS 0x000000071b800000| PB 0x000000071b800000| Complete 
| 177|0x000000071ba00000, 0x000000071bc00000, 0x000000071bc00000|100%|HC|  |TAMS 0x000000071ba00000| PB 0x000000071ba00000| Complete 
| 178|0x000000071bc00000, 0x000000071be00000, 0x000000071be00000|100%|HC|  |TAMS 0x000000071bc00000| PB 0x000000071bc00000| Complete 
| 179|0x000000071be00000, 0x000000071c000000, 0x000000071c000000|100%|HC|  |TAMS 0x000000071be00000| PB 0x000000071be00000| Complete 
| 180|0x000000071c000000, 0x000000071c200000, 0x000000071c200000|100%|HS|  |TAMS 0x000000071c000000| PB 0x000000071c000000| Complete 
| 181|0x000000071c200000, 0x000000071c400000, 0x000000071c400000|100%|HC|  |TAMS 0x000000071c200000| PB 0x000000071c200000| Complete 
| 182|0x000000071c400000, 0x000000071c600000, 0x000000071c600000|100%|HC|  |TAMS 0x000000071c400000| PB 0x000000071c400000| Complete 
| 183|0x000000071c600000, 0x000000071c800000, 0x000000071c800000|100%|HC|  |TAMS 0x000000071c600000| PB 0x000000071c600000| Complete 
| 184|0x000000071c800000, 0x000000071ca00000, 0x000000071ca00000|100%|HC|  |TAMS 0x000000071c800000| PB 0x000000071c800000| Complete 
| 185|0x000000071ca00000, 0x000000071cc00000, 0x000000071cc00000|100%|HC|  |TAMS 0x000000071ca00000| PB 0x000000071ca00000| Complete 
| 186|0x000000071cc00000, 0x000000071ce00000, 0x000000071ce00000|100%|HC|  |TAMS 0x000000071cc00000| PB 0x000000071cc00000| Complete 
| 187|0x000000071ce00000, 0x000000071d000000, 0x000000071d000000|100%|HC|  |TAMS 0x000000071ce00000| PB 0x000000071ce00000| Complete 
| 188|0x000000071d000000, 0x000000071d200000, 0x000000071d200000|100%|HC|  |TAMS 0x000000071d000000| PB 0x000000071d000000| Complete 
| 189|0x000000071d200000, 0x000000071d400000, 0x000000071d400000|100%|HS|  |TAMS 0x000000071d200000| PB 0x000000071d200000| Complete 
| 190|0x000000071d400000, 0x000000071d600000, 0x000000071d600000|100%|HC|  |TAMS 0x000000071d400000| PB 0x000000071d400000| Complete 
| 191|0x000000071d600000, 0x000000071d800000, 0x000000071d800000|100%|HC|  |TAMS 0x000000071d600000| PB 0x000000071d600000| Complete 
| 192|0x000000071d800000, 0x000000071da00000, 0x000000071da00000|100%|HC|  |TAMS 0x000000071d800000| PB 0x000000071d800000| Complete 
| 193|0x000000071da00000, 0x000000071dc00000, 0x000000071dc00000|100%|HC|  |TAMS 0x000000071da00000| PB 0x000000071da00000| Complete 
| 194|0x000000071dc00000, 0x000000071de00000, 0x000000071de00000|100%|HC|  |TAMS 0x000000071dc00000| PB 0x000000071dc00000| Complete 
| 195|0x000000071de00000, 0x000000071e000000, 0x000000071e000000|100%|HC|  |TAMS 0x000000071de00000| PB 0x000000071de00000| Complete 
| 196|0x000000071e000000, 0x000000071e200000, 0x000000071e200000|100%|HC|  |TAMS 0x000000071e000000| PB 0x000000071e000000| Complete 
| 197|0x000000071e200000, 0x000000071e400000, 0x000000071e400000|100%|HC|  |TAMS 0x000000071e200000| PB 0x000000071e200000| Complete 
| 198|0x000000071e400000, 0x000000071e600000, 0x000000071e600000|100%|HC|  |TAMS 0x000000071e400000| PB 0x000000071e400000| Complete 
| 199|0x000000071e600000, 0x000000071e800000, 0x000000071e800000|100%|HC|  |TAMS 0x000000071e600000| PB 0x000000071e600000| Complete 
| 200|0x000000071e800000, 0x000000071ea00000, 0x000000071ea00000|100%|HC|  |TAMS 0x000000071e800000| PB 0x000000071e800000| Complete 
| 201|0x000000071ea00000, 0x000000071ec00000, 0x000000071ec00000|100%|HC|  |TAMS 0x000000071ea00000| PB 0x000000071ea00000| Complete 
| 202|0x000000071ec00000, 0x000000071ee00000, 0x000000071ee00000|100%|HC|  |TAMS 0x000000071ec00000| PB 0x000000071ec00000| Complete 
| 203|0x000000071ee00000, 0x000000071f000000, 0x000000071f000000|100%|HC|  |TAMS 0x000000071ee00000| PB 0x000000071ee00000| Complete 
| 204|0x000000071f000000, 0x000000071f200000, 0x000000071f200000|100%|HC|  |TAMS 0x000000071f000000| PB 0x000000071f000000| Complete 
| 205|0x000000071f200000, 0x000000071f400000, 0x000000071f400000|100%|HC|  |TAMS 0x000000071f200000| PB 0x000000071f200000| Complete 
| 206|0x000000071f400000, 0x000000071f600000, 0x000000071f600000|100%|HS|  |TAMS 0x000000071f400000| PB 0x000000071f400000| Complete 
| 207|0x000000071f600000, 0x000000071f800000, 0x000000071f800000|100%|HC|  |TAMS 0x000000071f600000| PB 0x000000071f600000| Complete 
| 208|0x000000071f800000, 0x000000071fa00000, 0x000000071fa00000|100%|HS|  |TAMS 0x000000071f800000| PB 0x000000071f800000| Complete 
| 209|0x000000071fa00000, 0x000000071fc00000, 0x000000071fc00000|100%|HC|  |TAMS 0x000000071fa00000| PB 0x000000071fa00000| Complete 
| 210|0x000000071fc00000, 0x000000071fe00000, 0x000000071fe00000|100%|HC|  |TAMS 0x000000071fc00000| PB 0x000000071fc00000| Complete 
| 211|0x000000071fe00000, 0x0000000720000000, 0x0000000720000000|100%|HC|  |TAMS 0x000000071fe00000| PB 0x000000071fe00000| Complete 
| 212|0x0000000720000000, 0x0000000720200000, 0x0000000720200000|100%|HC|  |TAMS 0x0000000720000000| PB 0x0000000720000000| Complete 
| 213|0x0000000720200000, 0x0000000720400000, 0x0000000720400000|100%|HC|  |TAMS 0x0000000720200000| PB 0x0000000720200000| Complete 
| 214|0x0000000720400000, 0x0000000720600000, 0x0000000720600000|100%|HC|  |TAMS 0x0000000720400000| PB 0x0000000720400000| Complete 
| 215|0x0000000720600000, 0x0000000720800000, 0x0000000720800000|100%|HC|  |TAMS 0x0000000720600000| PB 0x0000000720600000| Complete 
| 216|0x0000000720800000, 0x0000000720a00000, 0x0000000720a00000|100%|HC|  |TAMS 0x0000000720800000| PB 0x0000000720800000| Complete 
| 217|0x0000000720a00000, 0x0000000720c00000, 0x0000000720c00000|100%|HC|  |TAMS 0x0000000720a00000| PB 0x0000000720a00000| Complete 
|1993|0x00000007fea00000, 0x00000007feb98ce0, 0x00000007fec00000| 79%| O|  |TAMS 0x00000007fea00000| PB 0x00000007fea00000| Untracked 
|1994|0x00000007fec00000, 0x00000007fee00000, 0x00000007fee00000|100%| O|  |TAMS 0x00000007fec00000| PB 0x00000007fec00000| Untracked 
|1995|0x00000007fee00000, 0x00000007fee0c3a0, 0x00000007ff000000|  2%| O|  |TAMS 0x00000007fee00000| PB 0x00000007fee00000| Untracked 
|1996|0x00000007ff000000, 0x00000007ff200000, 0x00000007ff200000|100%| E|CS|TAMS 0x00000007ff000000| PB 0x00000007ff000000| Complete 
|1997|0x00000007ff200000, 0x00000007ff3e4550, 0x00000007ff400000| 94%| O|  |TAMS 0x00000007ff200000| PB 0x00000007ff200000| Untracked 
|1998|0x00000007ff400000, 0x00000007ff600000, 0x00000007ff600000|100%| E|CS|TAMS 0x00000007ff400000| PB 0x00000007ff400000| Complete 
|1999|0x00000007ff600000, 0x00000007ff800000, 0x00000007ff800000|100%| O|  |TAMS 0x00000007ff600000| PB 0x00000007ff600000| Untracked 
|2000|0x00000007ff800000, 0x00000007ffa00000, 0x00000007ffa00000|100%| O|  |TAMS 0x00000007ff800000| PB 0x00000007ff800000| Untracked 
|2001|0x00000007ffa00000, 0x00000007ffc00000, 0x00000007ffc00000|100%| E|CS|TAMS 0x00000007ffa00000| PB 0x00000007ffa00000| Complete 
|2002|0x00000007ffc00000, 0x00000007ffe00000, 0x00000007ffe00000|100%| E|CS|TAMS 0x00000007ffc00000| PB 0x00000007ffc00000| Complete 
|2003|0x00000007ffe00000, 0x0000000800000000, 0x0000000800000000|100%| O|  |TAMS 0x00000007ffe00000| PB 0x00000007ffe00000| Untracked 

Card table byte_map: [0x0000020a2d3b0000,0x0000020a2db90000] _byte_map_base: 0x0000020a29b84000

Marking Bits: (CMBitMap*) 0x0000020a212151e0
 Bits: [0x0000020a2db90000, 0x0000020a31a30000)

Polling page: 0x0000020a1f010000

Metaspace:

Usage:
  Non-class:     44.99 MB used.
      Class:      7.19 MB used.
       Both:     52.18 MB used.

Virtual space:
  Non-class space:       64.00 MB reserved,      45.31 MB ( 71%) committed,  1 nodes.
      Class space:        1.00 GB reserved,       7.50 MB ( <1%) committed,  1 nodes.
             Both:        1.06 GB reserved,      52.81 MB (  5%) committed. 

Chunk freelists:
   Non-Class:  2.40 MB
       Class:  8.57 MB
        Both:  10.97 MB

MaxMetaspaceSize: unlimited
CompressedClassSpaceSize: 1.00 GB
Initial GC threshold: 21.00 MB
Current GC threshold: 87.81 MB
CDS: on
 - commit_granule_bytes: 65536.
 - commit_granule_words: 8192.
 - virtual_space_node_default_size: 8388608.
 - enlarge_chunks_in_place: 1.
 - use_allocation_guard: 0.


Internal statistics:

num_allocs_failed_limit: 6.
num_arena_births: 1326.
num_arena_deaths: 468.
num_vsnodes_births: 2.
num_vsnodes_deaths: 0.
num_space_committed: 845.
num_space_uncommitted: 0.
num_chunks_returned_to_freelist: 573.
num_chunks_taken_from_freelist: 3517.
num_chunk_merges: 150.
num_chunk_splits: 2114.
num_chunks_enlarged: 1413.
num_inconsistent_stats: 0.

CodeCache: size=49152Kb used=12034Kb max_used=19166Kb free=37117Kb
 bounds [0x0000020a298a0000, 0x0000020a2ac00000, 0x0000020a2c8a0000]
 total_blobs=5601, nmethods=4982, adapters=542, full_count=0
Compilation: enabled, stopped_count=0, restarted_count=0

Compilation events (20 events):
Event: 5389.212 Thread 0x0000020a346b8020 11041       1       java.lang.invoke.InvokerBytecodeGenerator::assertStaticType (58 bytes)
Event: 5389.212 Thread 0x0000020a346b8020 nmethod 11041 0x0000020a29d94f10 code [0x0000020a29d950e0, 0x0000020a29d953d8]
Event: 5389.262 Thread 0x0000020a346b8020 11042       1       java.lang.String::decodeUTF8_UTF16 (624 bytes)
Event: 5389.277 Thread 0x0000020a346b8020 nmethod 11042 0x0000020a29bf2890 code [0x0000020a29bf2b20, 0x0000020a29bf3750]
Event: 5389.347 Thread 0x0000020a346b8020 11043       1       jdk.internal.org.objectweb.asm.Frame::getInputStackSize (6 bytes)
Event: 5389.347 Thread 0x0000020a346b8020 nmethod 11043 0x0000020a29a58390 code [0x0000020a29a58520, 0x0000020a29a585f8]
Event: 5389.348 Thread 0x0000020a346b8020 11044       1       jdk.internal.org.objectweb.asm.MethodWriter::computeAllFrames (510 bytes)
Event: 5389.349 Thread 0x0000020a346b8020 nmethod 11044 0x0000020a29d48010 code [0x0000020a29d482a0, 0x0000020a29d48db0]
Event: 5389.376 Thread 0x0000020a346b8020 11045       1       tools.jackson.databind.ser.jdk.EnumSerializer::serialize (11 bytes)
Event: 5389.377 Thread 0x0000020a346b8020 nmethod 11045 0x0000020a29a87590 code [0x0000020a29a87740, 0x0000020a29a87888]
Event: 5389.377 Thread 0x0000020a346b8020 11046       1       tools.jackson.databind.ser.jdk.EnumSerializer::serialize (77 bytes)
Event: 5389.377 Thread 0x0000020a346b8020 nmethod 11046 0x0000020a29f1a810 code [0x0000020a29f1aa40, 0x0000020a29f1ae68]
Event: 5389.377 Thread 0x0000020a346b8020 11047       1       tools.jackson.databind.ser.jdk.EnumSerializer::_serializeAsIndex (23 bytes)
Event: 5389.378 Thread 0x0000020a346b8020 nmethod 11047 0x0000020a299c5810 code [0x0000020a299c59c0, 0x0000020a299c5b30]
Event: 5389.378 Thread 0x0000020a346b8020 11048       1       tools.jackson.databind.util.EnumValues::serializedValueFor (10 bytes)
Event: 5389.378 Thread 0x0000020a346b8020 nmethod 11048 0x0000020a29a03690 code [0x0000020a29a03820, 0x0000020a29a03920]
Event: 5389.378 Thread 0x0000020a346b8020 11049       1       tools.jackson.core.json.UTF8JsonGenerator::writeString (120 bytes)
Event: 5389.378 Thread 0x0000020a346b8020 nmethod 11049 0x0000020a29f2a390 code [0x0000020a29f2a5a0, 0x0000020a29f2a978]
Event: 5404.972 Thread 0x0000020a346b8020 11050       1       java.nio.channels.spi.AbstractSelectableChannel::addKey (162 bytes)
Event: 5404.972 Thread 0x0000020a346b8020 nmethod 11050 0x0000020a29a92d10 code [0x0000020a29a92ee0, 0x0000020a29a93450]

GC Heap History (20 events):
Event: 4148.414 GC heap after
{Heap after GC invocations=83 (full 0):
 garbage-first heap   total 159744K, used 46133K [0x0000000705800000, 0x0000000800000000)
  region size 2048K, 2 young (4096K), 2 survivors (4096K)
 Metaspace       used 53350K, committed 54016K, reserved 1114112K
  class space    used 7347K, committed 7680K, reserved 1048576K
}
Event: 4762.406 GC heap before
{Heap before GC invocations=84 (full 0):
 garbage-first heap   total 159744K, used 154677K [0x0000000705800000, 0x0000000800000000)
  region size 2048K, 32 young (65536K), 2 survivors (4096K)
 Metaspace       used 53350K, committed 54016K, reserved 1114112K
  class space    used 7347K, committed 7680K, reserved 1048576K
}
Event: 4762.410 GC heap after
{Heap after GC invocations=85 (full 0):
 garbage-first heap   total 194560K, used 25006K [0x0000000705800000, 0x0000000800000000)
  region size 2048K, 1 young (2048K), 1 survivors (2048K)
 Metaspace       used 53350K, committed 54016K, reserved 1114112K
  class space    used 7347K, committed 7680K, reserved 1048576K
}
Event: 5029.170 GC heap before
{Heap before GC invocations=85 (full 0):
 garbage-first heap   total 342016K, used 336302K [0x0000000705800000, 0x0000000800000000)
  region size 2048K, 24 young (49152K), 1 survivors (2048K)
 Metaspace       used 53352K, committed 54016K, reserved 1114112K
  class space    used 7348K, committed 7680K, reserved 1048576K
}
Event: 5029.173 GC heap after
{Heap after GC invocations=86 (full 0):
 garbage-first heap   total 352256K, used 47403K [0x0000000705800000, 0x0000000800000000)
  region size 2048K, 4 young (8192K), 4 survivors (8192K)
 Metaspace       used 53352K, committed 54016K, reserved 1114112K
  class space    used 7348K, committed 7680K, reserved 1048576K
}
Event: 5029.174 GC heap before
{Heap before GC invocations=86 (full 0):
 garbage-first heap   total 352256K, used 49451K [0x0000000705800000, 0x0000000800000000)
  region size 2048K, 7 young (14336K), 4 survivors (8192K)
 Metaspace       used 53352K, committed 54016K, reserved 1114112K
  class space    used 7348K, committed 7680K, reserved 1048576K
}
Event: 5029.176 GC heap after
{Heap after GC invocations=87 (full 0):
 garbage-first heap   total 352256K, used 49396K [0x0000000705800000, 0x0000000800000000)
  region size 2048K, 5 young (10240K), 5 survivors (10240K)
 Metaspace       used 53352K, committed 54016K, reserved 1114112K
  class space    used 7348K, committed 7680K, reserved 1048576K
}
Event: 5029.266 GC heap before
{Heap before GC invocations=88 (full 0):
 garbage-first heap   total 292864K, used 286964K [0x0000000705800000, 0x0000000800000000)
  region size 2048K, 18 young (36864K), 5 survivors (10240K)
 Metaspace       used 53352K, committed 54016K, reserved 1114112K
  class space    used 7348K, committed 7680K, reserved 1048576K
}
Event: 5029.268 GC heap after
{Heap after GC invocations=89 (full 0):
 garbage-first heap   total 303104K, used 82170K [0x0000000705800000, 0x0000000800000000)
  region size 2048K, 4 young (8192K), 4 survivors (8192K)
 Metaspace       used 53352K, committed 54016K, reserved 1114112K
  class space    used 7348K, committed 7680K, reserved 1048576K
}
Event: 5040.406 GC heap before
{Heap before GC invocations=89 (full 0):
 garbage-first heap   total 305152K, used 297210K [0x0000000705800000, 0x0000000800000000)
  region size 2048K, 45 young (92160K), 4 survivors (8192K)
 Metaspace       used 53354K, committed 54016K, reserved 1114112K
  class space    used 7348K, committed 7680K, reserved 1048576K
}
Event: 5040.408 GC heap after
{Heap after GC invocations=90 (full 0):
 garbage-first heap   total 307200K, used 43809K [0x0000000705800000, 0x0000000800000000)
  region size 2048K, 1 young (2048K), 1 survivors (2048K)
 Metaspace       used 53354K, committed 54016K, reserved 1114112K
  class space    used 7348K, committed 7680K, reserved 1048576K
}
Event: 5040.409 GC heap before
{Heap before GC invocations=90 (full 0):
 garbage-first heap   total 307200K, used 43809K [0x0000000705800000, 0x0000000800000000)
  region size 2048K, 3 young (6144K), 1 survivors (2048K)
 Metaspace       used 53354K, committed 54016K, reserved 1114112K
  class space    used 7348K, committed 7680K, reserved 1048576K
}
Event: 5040.410 GC heap after
{Heap after GC invocations=91 (full 0):
 garbage-first heap   total 307200K, used 44453K [0x0000000705800000, 0x0000000800000000)
  region size 2048K, 1 young (2048K), 1 survivors (2048K)
 Metaspace       used 53354K, committed 54016K, reserved 1114112K
  class space    used 7348K, committed 7680K, reserved 1048576K
}
Event: 5389.173 GC heap before
{Heap before GC invocations=92 (full 0):
 garbage-first heap   total 235520K, used 230821K [0x0000000705800000, 0x0000000800000000)
  region size 2048K, 58 young (118784K), 1 survivors (2048K)
 Metaspace       used 53395K, committed 54016K, reserved 1114112K
  class space    used 7356K, committed 7680K, reserved 1048576K
}
Event: 5389.175 GC heap after
{Heap after GC invocations=93 (full 0):
 garbage-first heap   total 241664K, used 39473K [0x0000000705800000, 0x0000000800000000)
  region size 2048K, 2 young (4096K), 2 survivors (4096K)
 Metaspace       used 53395K, committed 54016K, reserved 1114112K
  class space    used 7356K, committed 7680K, reserved 1048576K
}
Event: 5389.274 GC heap before
{Heap before GC invocations=93 (full 0):
 garbage-first heap   total 276480K, used 268849K [0x0000000705800000, 0x0000000800000000)
  region size 2048K, 25 young (51200K), 2 survivors (4096K)
 Metaspace       used 53412K, committed 54080K, reserved 1114112K
  class space    used 7360K, committed 7680K, reserved 1048576K
}
Event: 5389.276 GC heap after
{Heap after GC invocations=94 (full 0):
 garbage-first heap   total 288768K, used 106788K [0x0000000705800000, 0x0000000800000000)
  region size 2048K, 6 young (12288K), 6 survivors (12288K)
 Metaspace       used 53412K, committed 54080K, reserved 1114112K
  class space    used 7360K, committed 7680K, reserved 1048576K
}
Event: 5389.278 GC heap before
{Heap before GC invocations=94 (full 0):
 garbage-first heap   total 288768K, used 106788K [0x0000000705800000, 0x0000000800000000)
  region size 2048K, 8 young (16384K), 6 survivors (12288K)
 Metaspace       used 53412K, committed 54080K, reserved 1114112K
  class space    used 7360K, committed 7680K, reserved 1048576K
}
Event: 5389.280 GC heap after
{Heap after GC invocations=95 (full 0):
 garbage-first heap   total 348160K, used 84192K [0x0000000705800000, 0x0000000800000000)
  region size 2048K, 6 young (12288K), 6 survivors (12288K)
 Metaspace       used 53412K, committed 54080K, reserved 1114112K
  class space    used 7360K, committed 7680K, reserved 1048576K
}
Event: 5404.976 GC heap before
{Heap before GC invocations=96 (full 0):
 garbage-first heap   total 466944K, used 461024K [0x0000000705800000, 0x0000000800000000)
  region size 2048K, 19 young (38912K), 6 survivors (12288K)
 Metaspace       used 53434K, committed 54080K, reserved 1114112K
  class space    used 7365K, committed 7680K, reserved 1048576K
}

Dll operation events (11 events):
Event: 0.011 Loaded shared library C:\Users\araom\.jdks\ms-21.0.8\bin\java.dll
Event: 0.013 Loaded shared library C:\Users\araom\.jdks\ms-21.0.8\bin\zip.dll
Event: 0.135 Loaded shared library C:\Users\araom\.jdks\ms-21.0.8\bin\instrument.dll
Event: 0.177 Loaded shared library C:\Users\araom\.jdks\ms-21.0.8\bin\net.dll
Event: 0.178 Loaded shared library C:\Users\araom\.jdks\ms-21.0.8\bin\nio.dll
Event: 0.183 Loaded shared library C:\Users\araom\.jdks\ms-21.0.8\bin\zip.dll
Event: 0.252 Loaded shared library C:\Users\araom\.jdks\ms-21.0.8\bin\jimage.dll
Event: 0.594 Loaded shared library C:\Users\araom\.jdks\ms-21.0.8\bin\management.dll
Event: 0.600 Loaded shared library C:\Users\araom\.jdks\ms-21.0.8\bin\management_ext.dll
Event: 1.251 Loaded shared library C:\Users\araom\.jdks\ms-21.0.8\bin\sunmscapi.dll
Event: 3.040 Loaded shared library C:\Users\araom\.jdks\ms-21.0.8\bin\extnet.dll

Deoptimization events (20 events):
Event: 5404.135 Thread 0x0000020a7e6c7580 DEOPT PACKING pc=0x0000020a29c3c93c sp=0x00000057513fca70
Event: 5404.135 Thread 0x0000020a7e6c7580 DEOPT UNPACKING pc=0x0000020a298f4e42 sp=0x00000057513fbfe8 mode 1
Event: 5404.135 Thread 0x0000020a7e6c7580 DEOPT PACKING pc=0x0000020a29c3baa4 sp=0x00000057513fcbb0
Event: 5404.135 Thread 0x0000020a7e6c7580 DEOPT UNPACKING pc=0x0000020a298f4e42 sp=0x00000057513fc050 mode 1
Event: 5404.135 Thread 0x0000020a7e6c7580 DEOPT PACKING pc=0x0000020a2a23a8dc sp=0x00000057513fcbf0
Event: 5404.135 Thread 0x0000020a7e6c7580 DEOPT UNPACKING pc=0x0000020a298f4e42 sp=0x00000057513fc0c8 mode 1
Event: 5404.135 Thread 0x0000020a7e6c7580 DEOPT PACKING pc=0x0000020a2a26cf8c sp=0x00000057513fcce0
Event: 5404.135 Thread 0x0000020a7e6c7580 DEOPT UNPACKING pc=0x0000020a298f4e42 sp=0x00000057513fc1c8 mode 1
Event: 5404.135 Thread 0x0000020a7e6c7580 DEOPT PACKING pc=0x0000020a2a4a68ac sp=0x00000057513fcd70
Event: 5404.135 Thread 0x0000020a7e6c7580 DEOPT UNPACKING pc=0x0000020a298f4e42 sp=0x00000057513fc240 mode 1
Event: 5404.135 Thread 0x0000020a7e6c7580 DEOPT PACKING pc=0x0000020a2a6344f4 sp=0x00000057513fce00
Event: 5404.135 Thread 0x0000020a7e6c7580 DEOPT UNPACKING pc=0x0000020a298f4e42 sp=0x00000057513fc2d8 mode 1
Event: 5404.135 Thread 0x0000020a7e6c7580 DEOPT PACKING pc=0x0000020a2a6332e4 sp=0x00000057513fcea0
Event: 5404.135 Thread 0x0000020a7e6c7580 DEOPT UNPACKING pc=0x0000020a298f4e42 sp=0x00000057513fc348 mode 1
Event: 5404.135 Thread 0x0000020a7e6c7580 DEOPT PACKING pc=0x0000020a2a6c2b1c sp=0x00000057513fcf00
Event: 5404.135 Thread 0x0000020a7e6c7580 DEOPT UNPACKING pc=0x0000020a298f4e42 sp=0x00000057513fc428 mode 1
Event: 5404.135 Thread 0x0000020a7e6c7580 DEOPT PACKING pc=0x0000020a2a6fc7f4 sp=0x00000057513fcfe0
Event: 5404.135 Thread 0x0000020a7e6c7580 DEOPT UNPACKING pc=0x0000020a298f4e42 sp=0x00000057513fc480 mode 1
Event: 5404.135 Thread 0x0000020a7e6c7580 DEOPT PACKING pc=0x0000020a2a76e714 sp=0x00000057513fd100
Event: 5404.135 Thread 0x0000020a7e6c7580 DEOPT UNPACKING pc=0x0000020a298f4e42 sp=0x00000057513fc6a0 mode 1

Classes loaded (20 events):
Event: 2824.148 Loading class java/util/concurrent/locks/AbstractQueuedSynchronizer$SharedNode
Event: 2824.155 Loading class java/util/concurrent/locks/AbstractQueuedSynchronizer$SharedNode done
Event: 2825.492 Loading class com/mongodb/MongoSocketWriteTimeoutException
Event: 2825.492 Loading class com/mongodb/MongoSocketWriteTimeoutException done
Event: 3273.674 Loading class com/mongodb/internal/connection/ConcurrentPool$StateAndPermits
Event: 3273.674 Loading class com/mongodb/internal/connection/ConcurrentPool$StateAndPermits done
Event: 3273.677 Loading class com/mongodb/internal/connection/DefaultConnectionPool$OpenConcurrencyLimiter
Event: 3273.677 Loading class com/mongodb/internal/connection/DefaultConnectionPool$OpenConcurrencyLimiter done
Event: 3273.677 Loading class com/mongodb/internal/time/StartTime
Event: 3273.677 Loading class com/mongodb/internal/time/StartTime done
Event: 3502.118 Loading class java/text/ParsePosition
Event: 3502.119 Loading class java/text/ParsePosition done
Event: 3502.119 Loading class java/time/format/DateTimeParseContext
Event: 3502.120 Loading class java/time/format/DateTimeParseContext done
Event: 3502.120 Loading class java/time/format/Parsed
Event: 3502.121 Loading class java/time/format/Parsed done
Event: 5389.147 Loading class tools/jackson/core/TokenStreamLocation
Event: 5389.147 Loading class tools/jackson/core/TokenStreamLocation done
Event: 5389.150 Loading class tools/jackson/core/JacksonException$Reference
Event: 5389.150 Loading class tools/jackson/core/JacksonException$Reference done

Classes unloaded (20 events):
Event: 2348.521 Thread 0x0000020a34682b80 Unloading class 0x0000020a36738c00 'java/lang/invoke/LambdaForm$MH+0x0000020a36738c00'
Event: 2348.521 Thread 0x0000020a34682b80 Unloading class 0x0000020a36738800 'java/lang/invoke/LambdaForm$MH+0x0000020a36738800'
Event: 2348.521 Thread 0x0000020a34682b80 Unloading class 0x0000020a36738400 'java/lang/invoke/LambdaForm$MH+0x0000020a36738400'
Event: 2348.521 Thread 0x0000020a34682b80 Unloading class 0x0000020a363f4800 'java/lang/invoke/LambdaForm$MH+0x0000020a363f4800'
Event: 2348.521 Thread 0x0000020a34682b80 Unloading class 0x0000020a3608f400 'java/lang/invoke/LambdaForm$MH+0x0000020a3608f400'
Event: 2348.521 Thread 0x0000020a34682b80 Unloading class 0x0000020a3608ec00 'java/lang/invoke/LambdaForm$MH+0x0000020a3608ec00'
Event: 2348.521 Thread 0x0000020a34682b80 Unloading class 0x0000020a3608e400 'java/lang/invoke/LambdaForm$MH+0x0000020a3608e400'
Event: 2503.075 Thread 0x0000020a34682b80 Unloading class 0x0000020a3615e400 'java/lang/invoke/LambdaForm$MH+0x0000020a3615e400'
Event: 2503.075 Thread 0x0000020a34682b80 Unloading class 0x0000020a3615dc00 'java/lang/invoke/LambdaForm$MH+0x0000020a3615dc00'
Event: 2503.075 Thread 0x0000020a34682b80 Unloading class 0x0000020a3615d800 'java/lang/invoke/LambdaForm$MH+0x0000020a3615d800'
Event: 2503.075 Thread 0x0000020a34682b80 Unloading class 0x0000020a3615d400 'java/lang/invoke/LambdaForm$MH+0x0000020a3615d400'
Event: 2503.075 Thread 0x0000020a34682b80 Unloading class 0x0000020a3615d000 'java/lang/invoke/LambdaForm$MH+0x0000020a3615d000'
Event: 2503.075 Thread 0x0000020a34682b80 Unloading class 0x0000020a3615c800 'java/lang/invoke/LambdaForm$MH+0x0000020a3615c800'
Event: 2503.075 Thread 0x0000020a34682b80 Unloading class 0x0000020a3615c400 'java/lang/invoke/LambdaForm$MH+0x0000020a3615c400'
Event: 2503.075 Thread 0x0000020a34682b80 Unloading class 0x0000020a3615c000 'java/lang/invoke/LambdaForm$MH+0x0000020a3615c000'
Event: 2503.075 Thread 0x0000020a34682b80 Unloading class 0x0000020a3610c800 'java/lang/invoke/LambdaForm$MH+0x0000020a3610c800'
Event: 2503.075 Thread 0x0000020a34682b80 Unloading class 0x0000020a3610c000 'java/lang/invoke/LambdaForm$MH+0x0000020a3610c000'
Event: 2503.075 Thread 0x0000020a34682b80 Unloading class 0x0000020a3608e000 'java/lang/invoke/LambdaForm$MH+0x0000020a3608e000'
Event: 2786.081 Thread 0x0000020a34682b80 Unloading class 0x0000020a3615e400 'java/lang/invoke/LambdaForm$MH+0x0000020a3615e400'
Event: 4086.038 Thread 0x0000020a34682b80 Unloading class 0x0000020a3615c800 'java/lang/invoke/LambdaForm$MH+0x0000020a3615c800'

Classes redefined (1 events):
Event: 0.153 Thread 0x0000020a34682b80 redefined class name=java.lang.Throwable, count=1

Internal exceptions (20 events):
Event: 5386.518 Thread 0x0000020a7cb69610 Exception <a 'java/net/ConnectException'{0x000000070e109668}: Connection refused: getsockopt> (0x000000070e109668) 
thrown [s\src\hotspot\share\prims\jni.cpp, line 539]
Event: 5387.036 Thread 0x0000020a7cb69610 Exception <a 'java/net/ConnectException'{0x000000070e10b070}: Connection refused: getsockopt> (0x000000070e10b070) 
thrown [s\src\hotspot\share\prims\jni.cpp, line 539]
Event: 5387.552 Thread 0x0000020a7cb69610 Exception <a 'java/net/ConnectException'{0x000000070e10ca68}: Connection refused: getsockopt> (0x000000070e10ca68) 
thrown [s\src\hotspot\share\prims\jni.cpp, line 539]
Event: 5387.973 Thread 0x0000020a7d82a7d0 Exception <a 'java/net/ConnectException'{0x000000070e2fb670}: Connection refused: getsockopt> (0x000000070e2fb670) 
thrown [s\src\hotspot\share\prims\jni.cpp, line 539]
Event: 5388.072 Thread 0x0000020a7cb69610 Exception <a 'java/net/ConnectException'{0x000000070e12dc40}: Connection refused: getsockopt> (0x000000070e12dc40) 
thrown [s\src\hotspot\share\prims\jni.cpp, line 539]
Event: 5388.573 Thread 0x0000020a7cb69610 Exception <a 'java/net/ConnectException'{0x000000070e12f638}: Connection refused: getsockopt> (0x000000070e12f638) 
thrown [s\src\hotspot\share\prims\jni.cpp, line 539]
Event: 5388.719 Thread 0x0000020a7eff25d0 Exception <a 'java/io/IOException'{0x000000070e1e14e8}> (0x000000070e1e14e8) 
thrown [s\src\hotspot\share\prims\jni.cpp, line 520]
Event: 5388.719 Thread 0x0000020a7eff46a0 Exception <a 'java/io/IOException'{0x000000070de8dd70}> (0x000000070de8dd70) 
thrown [s\src\hotspot\share\prims\jni.cpp, line 520]
Event: 5388.719 Thread 0x0000020a7e094060 Exception <a 'java/io/IOException'{0x000000070e290c20}> (0x000000070e290c20) 
thrown [s\src\hotspot\share\prims\jni.cpp, line 520]
Event: 5388.719 Thread 0x0000020a7e0939d0 Exception <a 'java/io/IOException'{0x000000070de3aef8}> (0x000000070de3aef8) 
thrown [s\src\hotspot\share\prims\jni.cpp, line 520]
Event: 5388.722 Thread 0x0000020a7e095410 Exception <a 'java/io/IOException'{0x000000070df53d40}> (0x000000070df53d40) 
thrown [s\src\hotspot\share\prims\jni.cpp, line 520]
Event: 5388.723 Thread 0x0000020a7eff0500 Exception <a 'java/io/IOException'{0x000000070df385a0}> (0x000000070df385a0) 
thrown [s\src\hotspot\share\prims\jni.cpp, line 520]
Event: 5389.083 Thread 0x0000020a7eff18b0 Exception <a 'java/io/IOException'{0x000000070e02cb20}> (0x000000070e02cb20) 
thrown [s\src\hotspot\share\prims\jni.cpp, line 520]
Event: 5389.087 Thread 0x0000020a7e095aa0 Exception <a 'java/io/IOException'{0x000000070dc18508}> (0x000000070dc18508) 
thrown [s\src\hotspot\share\prims\jni.cpp, line 520]
Event: 5389.087 Thread 0x0000020a7e0946f0 Exception <a 'java/io/IOException'{0x000000070dd495f0}> (0x000000070dd495f0) 
thrown [s\src\hotspot\share\prims\jni.cpp, line 520]
Event: 5389.087 Thread 0x0000020a7eff4d30 Exception <a 'java/io/IOException'{0x000000070dd07eb0}> (0x000000070dd07eb0) 
thrown [s\src\hotspot\share\prims\jni.cpp, line 520]
Event: 5389.091 Thread 0x0000020a7eff1220 Exception <a 'java/io/IOException'{0x000000070dfd8ee0}> (0x000000070dfd8ee0) 
thrown [s\src\hotspot\share\prims\jni.cpp, line 520]
Event: 5389.139 Thread 0x0000020a7eff6770 Exception <a 'java/io/IOException'{0x000000070d596c98}> (0x000000070d596c98) 
thrown [s\src\hotspot\share\prims\jni.cpp, line 520]
Event: 5389.166 Thread 0x0000020a7eff6770 Exception <a 'java/io/IOException'{0x000000070c0cab50}> (0x000000070c0cab50) 
thrown [s\src\hotspot\share\prims\jni.cpp, line 520]
Event: 5389.168 Thread 0x0000020a7eff6770 Exception <a 'java/io/IOException'{0x000000070c0d7b50}> (0x000000070c0d7b50) 
thrown [s\src\hotspot\share\prims\jni.cpp, line 520]

ZGC Phase Switch (0 events):
No events

VM Operations (20 events):
Event: 5351.394 Executing VM operation: HandshakeAllThreads (HandshakeForDeflation) done
Event: 5351.394 Executing VM operation: RendezvousGCThreads
Event: 5351.394 Executing VM operation: RendezvousGCThreads done
Event: 5369.410 Executing VM operation: Cleanup
Event: 5369.410 Executing VM operation: Cleanup done
Event: 5389.145 Executing VM operation: HandshakeAllThreads (Deoptimize)
Event: 5389.146 Executing VM operation: HandshakeAllThreads (Deoptimize) done
Event: 5389.146 Executing VM operation: Cleanup
Event: 5389.146 Executing VM operation: Cleanup done
Event: 5389.172 Executing VM operation: G1CollectForAllocation (G1 Evacuation Pause)
Event: 5389.175 Executing VM operation: G1CollectForAllocation (G1 Evacuation Pause) done
Event: 5389.263 Executing VM operation: G1CollectForAllocation (G1 Evacuation Pause)
Event: 5389.276 Executing VM operation: G1CollectForAllocation (G1 Evacuation Pause) done
Event: 5389.278 Executing VM operation: G1TryInitiateConcMark (G1 Humongous Allocation)
Event: 5389.280 Executing VM operation: G1TryInitiateConcMark (G1 Humongous Allocation) done
Event: 5389.297 Executing VM operation: G1PauseRemark
Event: 5389.311 Executing VM operation: G1PauseRemark done
Event: 5389.318 Executing VM operation: G1PauseCleanup
Event: 5389.318 Executing VM operation: G1PauseCleanup done
Event: 5404.976 Executing VM operation: G1CollectForAllocation (G1 Evacuation Pause)

Memory protections (0 events):
No events

Nmethod flushes (20 events):
Event: 5389.309 Thread 0x0000020a34682b80 flushing  nmethod 0x0000020a29a5a810
Event: 5389.309 Thread 0x0000020a34682b80 flushing  nmethod 0x0000020a29a5ab90
Event: 5389.309 Thread 0x0000020a34682b80 flushing  nmethod 0x0000020a29a5be90
Event: 5389.309 Thread 0x0000020a34682b80 flushing  nmethod 0x0000020a29b38890
Event: 5389.309 Thread 0x0000020a34682b80 flushing  nmethod 0x0000020a29b3bf10
Event: 5389.309 Thread 0x0000020a34682b80 flushing  nmethod 0x0000020a29c76090
Event: 5389.309 Thread 0x0000020a34682b80 flushing  nmethod 0x0000020a29da3e10
Event: 5389.309 Thread 0x0000020a34682b80 flushing  nmethod 0x0000020a29e4ef10
Event: 5389.310 Thread 0x0000020a34682b80 flushing  nmethod 0x0000020a29e50590
Event: 5389.310 Thread 0x0000020a34682b80 flushing  nmethod 0x0000020a29e52290
Event: 5389.310 Thread 0x0000020a34682b80 flushing  nmethod 0x0000020a29e58210
Event: 5389.310 Thread 0x0000020a34682b80 flushing  nmethod 0x0000020a29e58e10
Event: 5389.310 Thread 0x0000020a34682b80 flushing  nmethod 0x0000020a299f8710
Event: 5389.310 Thread 0x0000020a34682b80 flushing  nmethod 0x0000020a29a58390
Event: 5389.310 Thread 0x0000020a34682b80 flushing  nmethod 0x0000020a29a93310
Event: 5389.310 Thread 0x0000020a34682b80 flushing  nmethod 0x0000020a29b75c90
Event: 5389.310 Thread 0x0000020a34682b80 flushing  nmethod 0x0000020a29d02690
Event: 5389.310 Thread 0x0000020a34682b80 flushing  nmethod 0x0000020a29e14190
Event: 5389.310 Thread 0x0000020a34682b80 flushing  nmethod 0x0000020a2a674010
Event: 5389.310 Thread 0x0000020a34682b80 flushing  nmethod 0x0000020a2a678910

Events (20 events):
Event: 5284.152 Thread 0x0000020a346b8020 Thread added: 0x0000020a7f69d480
Event: 5284.152 Thread 0x0000020a346b8020 Thread added: 0x0000020a7f69e220
Event: 5284.152 Thread 0x0000020a346b8020 Thread added: 0x0000020a7f69e8f0
Event: 5288.783 Thread 0x0000020a7f69e8f0 Thread exited: 0x0000020a7f69e8f0
Event: 5293.790 Thread 0x0000020a7f69e220 Thread exited: 0x0000020a7f69e220
Event: 5294.997 Thread 0x0000020a7f69d480 Thread exited: 0x0000020a7f69d480
Event: 5360.857 Thread 0x0000020a7d82dc50 Thread added: 0x0000020a7eff6770
Event: 5360.859 Thread 0x0000020a7d82dc50 Thread added: 0x0000020a7eff4d30
Event: 5362.400 Thread 0x0000020a7d82dc50 Thread added: 0x0000020a7eff3980
Event: 5362.403 Thread 0x0000020a7d82dc50 Thread added: 0x0000020a7eff5a50
Event: 5362.404 Thread 0x0000020a7d82dc50 Thread added: 0x0000020a7eff7490
Event: 5362.405 Thread 0x0000020a7d82dc50 Thread added: 0x0000020a7eff4010
Event: 5362.405 Thread 0x0000020a7d82dc50 Thread added: 0x0000020a7eff53c0
Event: 5362.407 Thread 0x0000020a7d82dc50 Thread added: 0x0000020a7d82a140
Event: 5367.949 Thread 0x0000020a346b8020 Thread added: 0x0000020a7f69efc0
Event: 5367.949 Thread 0x0000020a346b8020 Thread added: 0x0000020a7f69e220
Event: 5367.949 Thread 0x0000020a346b8020 Thread added: 0x0000020a7f6a0430
Event: 5372.952 Thread 0x0000020a7f6a0430 Thread exited: 0x0000020a7f6a0430
Event: 5377.951 Thread 0x0000020a7f69e220 Thread exited: 0x0000020a7f69e220
Event: 5377.951 Thread 0x0000020a7f69efc0 Thread exited: 0x0000020a7f69efc0


Dynamic libraries:
0x00007ff7c1e60000 - 0x00007ff7c1e6e000 	C:\Users\araom\.jdks\ms-21.0.8\bin\java.exe
0x00007ffcb6640000 - 0x00007ffcb68a9000 	C:\WINDOWS\SYSTEM32\ntdll.dll
0x00007ffcb6210000 - 0x00007ffcb62d9000 	C:\WINDOWS\System32\KERNEL32.DLL
0x00007ffcb3bd0000 - 0x00007ffcb3fc3000 	C:\WINDOWS\System32\KERNELBASE.dll
0x00007ffcb37d0000 - 0x00007ffcb391b000 	C:\WINDOWS\System32\ucrtbase.dll
0x00007ffcb0720000 - 0x00007ffcb0738000 	C:\Users\araom\.jdks\ms-21.0.8\bin\jli.dll
0x00007ffcb06c0000 - 0x00007ffcb06de000 	C:\Users\araom\.jdks\ms-21.0.8\bin\VCRUNTIME140.dll
0x00007ffcb4fd0000 - 0x00007ffcb5194000 	C:\WINDOWS\System32\USER32.dll
0x00007ffcb3ba0000 - 0x00007ffcb3bc7000 	C:\WINDOWS\System32\win32u.dll
0x00007ffc76340000 - 0x00007ffc765d3000 	C:\WINDOWS\WinSxS\amd64_microsoft.windows.common-controls_6595b64144ccf1df_6.0.26100.5074_none_3e0d6f78e32fd63f\COMCTL32.dll
0x00007ffcb5d00000 - 0x00007ffcb5d2b000 	C:\WINDOWS\System32\GDI32.dll
0x00007ffcb64d0000 - 0x00007ffcb6579000 	C:\WINDOWS\System32\msvcrt.dll
0x00007ffcb3920000 - 0x00007ffcb3a4d000 	C:\WINDOWS\System32\gdi32full.dll
0x00007ffcb41f0000 - 0x00007ffcb4293000 	C:\WINDOWS\System32\msvcp_win.dll
0x00007ffcb5550000 - 0x00007ffcb557f000 	C:\WINDOWS\System32\IMM32.DLL
0x00007ffcb0690000 - 0x00007ffcb069c000 	C:\Users\araom\.jdks\ms-21.0.8\bin\vcruntime140_1.dll
0x00007ffc96b10000 - 0x00007ffc96b99000 	C:\Users\araom\.jdks\ms-21.0.8\bin\msvcp140.dll
0x00007ffc83300000 - 0x00007ffc840ac000 	C:\Users\araom\.jdks\ms-21.0.8\bin\server\jvm.dll
0x00007ffcb6150000 - 0x00007ffcb6204000 	C:\WINDOWS\System32\ADVAPI32.dll
0x00007ffcb4dc0000 - 0x00007ffcb4e66000 	C:\WINDOWS\System32\sechost.dll
0x00007ffcb5d40000 - 0x00007ffcb5e58000 	C:\WINDOWS\System32\RPCRT4.dll
0x00007ffcb63e0000 - 0x00007ffcb6454000 	C:\WINDOWS\System32\WS2_32.dll
0x00007ffcb3620000 - 0x00007ffcb367e000 	C:\WINDOWS\SYSTEM32\POWRPROF.dll
0x00007ffca57c0000 - 0x00007ffca57cb000 	C:\WINDOWS\SYSTEM32\VERSION.dll
0x00007ffcab820000 - 0x00007ffcab855000 	C:\WINDOWS\SYSTEM32\WINMM.dll
0x00007ffcb3600000 - 0x00007ffcb3614000 	C:\WINDOWS\SYSTEM32\UMPDC.dll
0x00007ffcb2570000 - 0x00007ffcb258b000 	C:\WINDOWS\SYSTEM32\kernel.appcore.dll
0x00007ffcb0680000 - 0x00007ffcb068a000 	C:\Users\araom\.jdks\ms-21.0.8\bin\jimage.dll
0x00007ffc9cb60000 - 0x00007ffc9cda2000 	C:\WINDOWS\SYSTEM32\DBGHELP.DLL
0x00007ffcb51a0000 - 0x00007ffcb551b000 	C:\WINDOWS\System32\combase.dll
0x00007ffcb4ce0000 - 0x00007ffcb4db7000 	C:\WINDOWS\System32\OLEAUT32.dll
0x00007ffc9c270000 - 0x00007ffc9c2ad000 	C:\WINDOWS\SYSTEM32\dbgcore.DLL
0x00007ffcb3fd0000 - 0x00007ffcb4069000 	C:\WINDOWS\System32\bcryptPrimitives.dll
0x00007ffc96ab0000 - 0x00007ffc96aec000 	C:\Users\araom\.jdks\ms-21.0.8\bin\jdwp.dll
0x00007ffcae710000 - 0x00007ffcae720000 	C:\Users\araom\.jdks\ms-21.0.8\bin\instrument.dll
0x00007ffcae600000 - 0x00007ffcae621000 	C:\Users\araom\.jdks\ms-21.0.8\bin\java.dll
0x00007ffc96de0000 - 0x00007ffc96df8000 	C:\Users\araom\.jdks\ms-21.0.8\bin\zip.dll
0x00007ffcb4410000 - 0x00007ffcb4b5d000 	C:\WINDOWS\System32\SHELL32.dll
0x00007ffcb42a0000 - 0x00007ffcb440c000 	C:\WINDOWS\System32\wintypes.dll
0x00007ffcb13f0000 - 0x00007ffcb1c49000 	C:\WINDOWS\SYSTEM32\windows.storage.dll
0x00007ffcb62e0000 - 0x00007ffcb63d0000 	C:\WINDOWS\System32\SHCORE.dll
0x00007ffcb6460000 - 0x00007ffcb64c2000 	C:\WINDOWS\System32\shlwapi.dll
0x00007ffcb36f0000 - 0x00007ffcb3719000 	C:\WINDOWS\SYSTEM32\profapi.dll
0x00007ffc96dd0000 - 0x00007ffc96ddc000 	C:\Users\araom\.jdks\ms-21.0.8\bin\dt_socket.dll
0x00007ffcb1fc0000 - 0x00007ffcb1ff4000 	C:\WINDOWS\SYSTEM32\IPHLPAPI.DLL
0x00007ffcb2ad0000 - 0x00007ffcb2b3b000 	C:\WINDOWS\system32\mswsock.dll
0x00007ffc961d0000 - 0x00007ffc961e1000 	C:\Users\araom\.jdks\ms-21.0.8\bin\net.dll
0x00007ffcad4f0000 - 0x00007ffcad60f000 	C:\WINDOWS\SYSTEM32\WINHTTP.dll
0x00007ffc961b0000 - 0x00007ffc961c6000 	C:\Users\araom\.jdks\ms-21.0.8\bin\nio.dll
0x00007ffc96190000 - 0x00007ffc9619a000 	C:\Users\araom\.jdks\ms-21.0.8\bin\management.dll
0x00007ffc96180000 - 0x00007ffc9618c000 	C:\Users\araom\.jdks\ms-21.0.8\bin\management_ext.dll
0x00007ffcb5d30000 - 0x00007ffcb5d38000 	C:\WINDOWS\System32\PSAPI.DLL
0x00007ffc96db0000 - 0x00007ffc96dbe000 	C:\Users\araom\.jdks\ms-21.0.8\bin\sunmscapi.dll
0x00007ffcb4070000 - 0x00007ffcb41e7000 	C:\WINDOWS\System32\CRYPT32.dll
0x00007ffcb2ff0000 - 0x00007ffcb3020000 	C:\WINDOWS\SYSTEM32\ncrypt.dll
0x00007ffcb2fa0000 - 0x00007ffcb2fdf000 	C:\WINDOWS\SYSTEM32\NTASN1.dll
0x00007ffcb2ea0000 - 0x00007ffcb2ebb000 	C:\WINDOWS\SYSTEM32\CRYPTSP.dll
0x00007ffcb24d0000 - 0x00007ffcb250b000 	C:\WINDOWS\system32\rsaenh.dll
0x00007ffcb2b70000 - 0x00007ffcb2b9b000 	C:\WINDOWS\SYSTEM32\USERENV.dll
0x00007ffcb36c0000 - 0x00007ffcb36e6000 	C:\WINDOWS\SYSTEM32\bcrypt.dll
0x00007ffcb2d00000 - 0x00007ffcb2d0c000 	C:\WINDOWS\SYSTEM32\CRYPTBASE.dll
0x00007ffcb55a0000 - 0x00007ffcb55aa000 	C:\WINDOWS\System32\NSI.dll
0x00007ffcb2060000 - 0x00007ffcb2186000 	C:\WINDOWS\SYSTEM32\DNSAPI.dll
0x00007ffcab600000 - 0x00007ffcab60b000 	C:\Windows\System32\rasadhlp.dll
0x00007ffcae150000 - 0x00007ffcae1d6000 	C:\WINDOWS\System32\fwpuclnt.dll
0x00007ffc961a0000 - 0x00007ffc961a9000 	C:\Users\araom\.jdks\ms-21.0.8\bin\extnet.dll
0x00007ffc789c0000 - 0x00007ffc789c8000 	C:\WINDOWS\system32\wshunix.dll

JVMTI agents:
jdwp path:C:\Users\araom\.jdks\ms-21.0.8\bin\jdwp.dll, loaded, initialized, options:transport=dt_socket,address=127.0.0.1:63319,suspend=y,server=n
C:\Users\araom\AppData\Local\JetBrains\IntelliJIdea2025.3\captureAgent\debugger-agent.jar path:C:\Users\araom\.jdks\ms-21.0.8\bin\instrument.dll, loaded, initialized, instrumentlib options:file:///C:/Users/araom/AppData/Local/Temp/capture7380130864444283988.props

dbghelp: loaded successfully - version: 4.0.5 - missing functions: none
symbol engine: initialized successfully - sym options: 0x614 - pdb path: .;C:\Users\araom\.jdks\ms-21.0.8\bin;C:\WINDOWS\SYSTEM32;C:\WINDOWS\WinSxS\amd64_microsoft.windows.common-controls_6595b64144ccf1df_6.0.26100.5074_none_3e0d6f78e32fd63f;C:\Users\araom\.jdks\ms-21.0.8\bin\server

VM Arguments:
jvm_args: -agentlib:jdwp=transport=dt_socket,address=127.0.0.1:63319,suspend=y,server=n -javaagent:C:\Users\araom\AppData\Local\JetBrains\IntelliJIdea2025.3\captureAgent\debugger-agent.jar=file:///C:/Users/araom/AppData/Local/Temp/capture7380130864444283988.props -XX:TieredStopAtLevel=1 -Dspring.output.ansi.enabled=always -Dkotlinx.coroutines.debug.enable.creation.stack.trace=false -Ddebugger.agent.enable.coroutines=true -Dkotlinx.coroutines.debug.enable.flows.stack.trace=true -Dkotlinx.coroutines.debug.enable.mutable.state.flows.stack.trace=true -Ddebugger.async.stack.trace.for.all.threads=true -Dfile.encoding=UTF-8 -Dsun.stdout.encoding=UTF-8 -Dsun.stderr.encoding=UTF-8 
java_command: com.jobportal.Job.Poratl.JobPoratlApplication
java_class_path (initial): C:\Users\araom\OneDrive\Desktop\Job Poratl backend\Job-Poratl\target\classes;C:\Users\araom\.m2\repository\org\springframework\boot\spring-boot-starter-web\4.0.1\spring-boot-starter-web-4.0.1.jar;C:\Users\araom\.m2\repository\org\springframework\boot\spring-boot-starter-jackson\4.0.1\spring-boot-starter-jackson-4.0.1.jar;C:\Users\araom\.m2\repository\org\springframework\boot\spring-boot-jackson\4.0.1\spring-boot-jackson-4.0.1.jar;C:\Users\araom\.m2\repository\tools\jackson\core\jackson-databind\3.0.3\jackson-databind-3.0.3.jar;C:\Users\araom\.m2\repository\tools\jackson\core\jackson-core\3.0.3\jackson-core-3.0.3.jar;C:\Users\araom\.m2\repository\org\springframework\boot\spring-boot-starter-tomcat\4.0.1\spring-boot-starter-tomcat-4.0.1.jar;C:\Users\araom\.m2\repository\org\springframework\boot\spring-boot-starter-tomcat-runtime\4.0.1\spring-boot-starter-tomcat-runtime-4.0.1.jar;C:\Users\araom\.m2\repository\org\springframework\boot\spring-boot-web-server\4.0.1\spring-boot-web-server-4.0.1.jar;C:\Users\araom\.m2\repository\org\apache\tomcat\embed\tomcat-embed-core\11.0.15\tomcat-embed-core-11.0.15.jar;C:\Users\araom\.m2\repository\org\apache\tomcat\embed\tomcat-embed-websocket\11.0.15\tomcat-embed-websocket-11.0.15.jar;C:\Users\araom\.m2\repository\org\springframework\boot\spring-boot-tomcat\4.0.1\spring-boot-tomcat-4.0.1.jar;C:\Users\araom\.m2\repository\org\springframework\boot\spring-boot-http-converter\4.0.1\spring-boot-http-converter-4.0.1.jar;C:\Users\araom\.m2\repository\org\springframework\spring-web\7.0.2\spring-web-7.0.2.jar;C:\Users\araom\.m2\repository\io\micrometer\micrometer-observation\1.16.1\micrometer-observation-1.16.1.jar;C:\Users\araom\.m2\repository\io\micrometer\micrometer-commons\1.16.1\micrometer-commons-1.16.1.jar;C:\Users\araom\.m2\repository\org\springframework\boot\spring-boot-webmvc\4.0.1\spring-boot-webmvc-4.0.1.jar;C:\Users\araom\.m2\repository\org\springframework\boot\spring-boot-servlet\4.0.1\spring-boot-servlet-4.0.1.jar;C:\Users\araom\.m2\repository\org\springframework\spring-webmvc\7.0.2\spring-webmvc-7.0.2.jar;C:\Users\araom\.m2\repository\org\springframework\spring-expression\7.0.2\spring-expression-7.0.2.jar;C:\Users\araom\.m2\repository\org\springframework\boot\spring-boot-starter-data-mongodb\4.0.1\spring-boot-starter-data-mongodb-4.0.1.jar;C:\Users\araom\.m2\repository\org\springframework\boot\spring-boot-starter-mongodb\4.0.1\spring-boot-starter-mongodb-4.0.1.jar;C:\Users\araom\.m2\repository\org\springframework\boot\spring-boot-mongodb\4.0.1\spring-boot-mongodb-4.0.1.jar;C:\Users\araom\.m2\repository\org\mongodb\mongodb-driver-sync\5.6.2\mongodb-driver-sync-5.6.2.jar;C:\Users\araom\.m2\repository\org\mongodb\bson\5.6.2\bson-5.6.2.jar;C:\Users\araom\.m2\repository\org\mongodb\mongodb-driver-core\5.6.2\mongodb-driver-core-5.6.2.jar;C:\Users\araom\.m2\repository\org\mongodb\bson-record-codec\5.6.2\bson-record-codec-5.6.2.jar;C:\Users\araom\.m2\repository\org\springframework\boot\spring-boot-data-mongodb\4.0.1\spring-boot-data-mongodb-4.0.1.jar;C:\Users\araom\.m2\repository\org\springframework\boot\spring-boot-data-commons\4.0.1\spring-boot-data-commons-4.0.1.jar;C:\Users\araom\.m2\repository\org\springframework\boot\spring-boot-persistence\4.0.1\spring-boot-persistence-4.0.1.jar;C:\Users\araom\.m2\repository\org\springframework\data\spring-data-commons\4.0.1\spring-data-commons-4.0.1.jar;C:\Users\araom\.m2\repository\org\springframework\boot\spring-boot-transaction\4.0.1\spring-boot-transaction-4.0.1.jar;C:\Users\araom\.m2\repository\org\springframework\spring-tx\7.0.2\spring-tx-7.0.2.jar;C:\Users\araom\.m2\repository\org\springframework\data\spring-data-mongodb\5.0.1\spring-data-mongodb-5.0.1.jar;C:\Users\araom\.m2\repository\org\projectlombok\lombok\1.18.42\lombok-1.18.42.jar;C:\Users\araom\.m2\repository\org\springframework\boot\spring-boot-devtools\4.0.1\spring-boot-devtools-4.0.1.jar;C:\Users\araom\.m2\repository\org\springframework\boot\spring-boot\4.0.1\spring-boot-4.0.1.jar;C:\Users\araom\.m2\repository\org\springframework\spring-context\7.0.2\spring-context-7.0.2.jar;C:\Users\araom\.m2\repository\org\springframework\boot\spring-boot-autoconfigure\4.0.1\spring-boot-autoconfigure-4.0.1.jar;C:\Users\araom\.m2\repository\org\springframework\boot\spring-boot-starter-validation\4.0.1\spring-boot-starter-validation-4.0.1.jar;C:\Users\araom\.m2\repository\org\springframework\boot\spring-boot-starter\4.0.1\spring-boot-starter-4.0.1.jar;C:\Users\araom\.m2\repository\org\springframework\boot\spring-boot-starter-logging\4.0.1\spring-boot-starter-logging-4.0.1.jar;C:\Users\araom\.m2\repository\ch\qos\logback\logback-classic\1.5.22\logback-classic-1.5.22.jar;C:\Users\araom\.m2\repository\ch\qos\logback\logback-core\1.5.22\logback-core-1.5.22.jar;C:\Users\araom\.m2\repository\org\apache\logging\log4j\log4j-to-slf4j\2.25.3\log4j-to-slf4j-2.25.3.jar;C:\Users\araom\.m2\repository\org\apache\logging\log4j\log4j-api\2.25.3\log4j-api-2.25.3.jar;C:\Users\araom\.m2\repository\org\slf4j\jul-to-slf4j\2.0.17\jul-to-slf4j-2.0.17.jar;C:\Users\araom\.m2\repository\jakarta\annotation\jakarta.annotation-api\3.0.0\jakarta.annotation-api-3.0.0.jar;C:\Users\araom\.m2\repository\org\yaml\snakeyaml\2.5\snakeyaml-2.5.jar;C:\Users\araom\.m2\repository\org\springframework\boot\spring-boot-validation\4.0.1\spring-boot-validation-4.0.1.jar;C:\Users\araom\.m2\repository\org\apache\tomcat\embed\tomcat-embed-el\11.0.15\tomcat-embed-el-11.0.15.jar;C:\Users\araom\.m2\repository\org\hibernate\validator\hibernate-validator\9.0.1.Final\hibernate-validator-9.0.1.Final.jar;C:\Users\araom\.m2\repository\jakarta\validation\jakarta.validation-api\3.1.1\jakarta.validation-api-3.1.1.jar;C:\Users\araom\.m2\repository\org\jboss\logging\jboss-logging\3.6.1.Final\jboss-logging-3.6.1.Final.jar;C:\Users\araom\.m2\repository\com\fasterxml\classmate\1.7.1\classmate-1.7.1.jar;C:\Users\araom\.m2\repository\org\slf4j\slf4j-api\2.0.17\slf4j-api-2.0.17.jar;C:\Users\araom\.m2\repository\jakarta\activation\jakarta.activation-api\2.1.4\jakarta.activation-api-2.1.4.jar;C:\Users\araom\.m2\repository\org\springframework\spring-core\7.0.2\spring-core-7.0.2.jar;C:\Users\araom\.m2\repository\commons-logging\commons-logging\1.3.5\commons-logging-1.3.5.jar;C:\Users\araom\.m2\repository\org\jspecify\jspecify\1.0.0\jspecify-1.0.0.jar;C:\Users\araom\.m2\repository\org\springframework\boot\spring-boot-starter-security\4.0.1\spring-boot-starter-security-4.0.1.jar;C:\Users\araom\.m2\repository\org\springframework\boot\spring-boot-security\4.0.1\spring-boot-security-4.0.1.jar;C:\Users\araom\.m2\repository\org\springframework\security\spring-security-config\7.0.2\spring-security-config-7.0.2.jar;C:\Users\araom\.m2\repository\org\springframework\security\spring-security-core\7.0.2\spring-security-core-7.0.2.jar;C:\Users\araom\.m2\repository\org\springframework\security\spring-security-crypto\7.0.2\spring-security-crypto-7.0.2.jar;C:\Users\araom\.m2\repository\org\springframework\security\spring-security-web\7.0.2\spring-security-web-7.0.2.jar;C:\Users\araom\.m2\repository\org\springframework\spring-aop\7.0.2\spring-aop-7.0.2.jar;C:\Users\araom\.m2\repository\org\springframework\spring-beans\7.0.2\spring-beans-7.0.2.jar;C:\Users\araom\.m2\repository\org\springframework\boot\spring-boot-starter-mail\4.0.1\spring-boot-starter-mail-4.0.1.jar;C:\Users\araom\.m2\repository\org\springframework\boot\spring-boot-mail\4.0.1\spring-boot-mail-4.0.1.jar;C:\Users\araom\.m2\repository\org\springframework\spring-context-support\7.0.2\spring-context-support-7.0.2.jar;C:\Users\araom\.m2\repository\jakarta\mail\jakarta.mail-api\2.1.5\jakarta.mail-api-2.1.5.jar;C:\Users\araom\.m2\repository\org\eclipse\angus\angus-mail\2.0.5\angus-mail-2.0.5.jar;C:\Users\araom\.m2\repository\org\eclipse\angus\angus-activation\2.0.3\angus-activation-2.0.3.jar;C:\Users\araom\.m2\repository\com\fasterxml\jackson\core\jackson-databind\2.20.1\jackson-databind-2.20.1.jar;C:\Users\araom\.m2\repository\com\fasterxml\jackson\core\jackson-annotations\2.20\jackson-annotations-2.20.jar;C:\Users\araom\.m2\repository\com\fasterxml\jackson\core\jackson-core\2.20.1\jackson-core-2.20.1.jar;C:\Users\araom\AppData\Local\Programs\IntelliJ IDEA Community Edition\lib\idea_rt.jar
Launcher Type: SUN_STANDARD

[Global flags]
     intx CICompilerCount                          = 4                                         {product} {ergonomic}
     uint ConcGCThreads                            = 3                                         {product} {ergonomic}
     uint G1ConcRefinementThreads                  = 10                                        {product} {ergonomic}
   size_t G1HeapRegionSize                         = 2097152                                   {product} {ergonomic}
    uintx GCDrainStackTargetSize                   = 64                                        {product} {ergonomic}
   size_t InitialHeapSize                          = 264241152                                 {product} {ergonomic}
   size_t MarkStackSize                            = 4194304                                   {product} {ergonomic}
   size_t MaxHeapSize                              = 4202692608                                {product} {ergonomic}
   size_t MaxNewSize                               = 2520776704                                {product} {ergonomic}
   size_t MinHeapDeltaBytes                        = 2097152                                   {product} {ergonomic}
   size_t MinHeapSize                              = 8388608                                   {product} {ergonomic}
    uintx NonNMethodCodeHeapSize                   = 4096                                   {pd product} {ergonomic}
    uintx NonProfiledCodeHeapSize                  = 0                                      {pd product} {ergonomic}
     bool ProfileInterpreter                       = false                                  {pd product} {command line}
    uintx ProfiledCodeHeapSize                     = 0                                      {pd product} {ergonomic}
   size_t SoftMaxHeapSize                          = 4202692608                             {manageable} {ergonomic}
     intx TieredStopAtLevel                        = 1                                         {product} {command line}
     bool UseCompressedOops                        = true                           {product lp64_product} {ergonomic}
     bool UseG1GC                                  = true                                      {product} {ergonomic}
     bool UseLargePagesIndividualAllocation        = false                                  {pd product} {ergonomic}

Logging:
Log output configuration:
 #0: stdout all=warning uptime,level,tags foldmultilines=false
 #1: stderr all=off uptime,level,tags foldmultilines=false

Environment Variables:
JAVA_HOME=C:\Program Files\Eclipse Adoptium\jdk-21.0.6.7-hotspot\bin
PATH=C:\Program Files\Eclipse Adoptium\jdk-21.0.6.7-hotspot\bin;C:\Python313\Scripts\;C:\Python313\;C:\Python312\Scripts\;C:\Python312\;C:\WINDOWS\system32;C:\WINDOWS;C:\WINDOWS\System32\Wbem;C:\WINDOWS\System32\WindowsPowerShell\v1.0\;C:\WINDOWS\System32\OpenSSH\;C:\Program Files\Git\cmd;C:\Program Files (x86)\dotnet\;C:\MAMP\bin\mysql\bin;C:\Program Files\nodejs\;C:\ProgramData\chocolatey\bin;;C:\Program Files\Docker\Docker\resources\bin;C:\Users\araom\AppData\Local\Programs\Eclipse Adoptium\jdk-21.0.6.7-hotspot\bin;C:\Users\araom\AppData\Local\Microsoft\WindowsApps;C:\Users\araom\AppData\Local\Programs\Microsoft VS Code\bin;C:\Users\araom\AppData\Roaming\npm;C:\Users\araom\AppData\Local\JetBrains\Toolbox\scripts;C:\Users\araom\AppData\Local\Programs\mongosh\
USERNAME=araom
OS=Windows_NT
PROCESSOR_IDENTIFIER=Intel64 Family 6 Model 186 Stepping 3, GenuineIntel
TMP=C:\Users\araom\AppData\Local\Temp
TEMP=C:\Users\araom\AppData\Local\Temp




Periodic native trim disabled

---------------  S Y S T E M  ---------------

OS:
 Windows 11 , 64 bit Build 26100 (10.0.26100.5074)
OS uptime: 0 days 11:36 hours
Hyper-V role detected

CPU: total 12 (initial active 12) (6 cores per cpu, 2 threads per core) family 6 model 186 stepping 3 microcode 0x4129, cx8, cmov, fxsr, ht, mmx, 3dnowpref, sse, sse2, sse3, ssse3, sse4.1, sse4.2, popcnt, lzcnt, tsc, tscinvbit, avx, avx2, aes, erms, clmul, bmi1, bmi2, adx, sha, fma, vzeroupper, clflush, clflushopt, clwb, hv, serialize, rdtscp, rdpid, fsrm, f16c, cet_ibt, cet_ss
Processor Information for the first 12 processors :
  Max Mhz: 1300, Current Mhz: 1300, Mhz Limit: 1300

Memory: 4k page, system-wide physical 16024M (1425M free)
TotalPageFile size 24949M (AvailPageFile size 2M)
current process WorkingSet (physical memory assigned to process): 571M, peak: 666M
current process commit charge ("private bytes"): 702M, peak: 1103M

vm_info: OpenJDK 64-Bit Server VM (21.0.8+9-LTS) for windows-amd64 JRE (21.0.8+9-LTS), built on 2025-07-10T20:22:44Z by "MicrosoftCorporation" with unknown MS VC++:1944

END.
