#
# There is insufficient memory for the Java Runtime Environment to continue.
# Native memory allocation (mmap) failed to map 65536 bytes. Error detail: Failed to commit metaspace.
# Possible reasons:
#   The system is out of physical RAM or swap space
#   This process is running with CompressedOops enabled, and the Java Heap may be blocking the growth of the native heap
# Possible solutions:
#   Reduce memory load on the system
#   Increase physical memory or swap space
#   Check if swap backing store is full
#   Decrease Java heap size (-Xmx/-Xms)
#   Decrease number of Java threads
#   Decrease Java thread stack sizes (-Xss)
#   Set larger code cache with -XX:ReservedCodeCacheSize=
#   JVM is running with Zero Based Compressed Oops mode in which the Java heap is
#     placed in the first 32GB address space. The Java Heap base address is the
#     maximum limit for the native heap growth. Please use -XX:HeapBaseMinAddress
#     to set the Java Heap base and to place the Java Heap above 32GB virtual address.
# This output file may be truncated or incomplete.
#
#  Out of Memory Error (virtualSpaceNode.cpp:113), pid=22332, tid=15428
#
# JRE version: OpenJDK Runtime Environment Microsoft-11933218 (21.0.8+9) (build 21.0.8+9-LTS)
# Java VM: OpenJDK 64-Bit Server VM Microsoft-11933218 (21.0.8+9-LTS, mixed mode, sharing, tiered, compressed oops, compressed class ptrs, g1 gc, windows-amd64)
# No core dump will be written. Minidumps are not enabled by default on client versions of Windows
#

---------------  S U M M A R Y ------------

Command Line: -agentlib:jdwp=transport=dt_socket,address=127.0.0.1:54318,suspend=y,server=n -javaagent:C:\Users\araom\AppData\Local\JetBrains\IntelliJIdea2025.3\captureAgent\debugger-agent.jar=file:///C:/Users/araom/AppData/Local/Temp/capture17242741936444729244.props -Dkotlinx.coroutines.debug.enable.creation.stack.trace=false -Ddebugger.agent.enable.coroutines=true -Dkotlinx.coroutines.debug.enable.flows.stack.trace=true -Dkotlinx.coroutines.debug.enable.mutable.state.flows.stack.trace=true -Ddebugger.async.stack.trace.for.all.threads=true -Dfile.encoding=UTF-8 -Dsun.stdout.encoding=UTF-8 -Dsun.stderr.encoding=UTF-8 com.jobportal.Job.Poratl.JobPoratlApplication

Host: 13th Gen Intel(R) Core(TM) i5-1335U, 12 cores, 15G,  Windows 11 , 64 bit Build 26100 (10.0.26100.5074)
Time: Wed Feb  4 10:50:56 2026 elapsed time: 3.388913 seconds (0d 0h 0m 3s)

---------------  T H R E A D  ---------------

Current thread (0x0000022b9251ca40):  JavaThread "background-preinit"        [_thread_in_vm, id=15428, stack(0x0000009665700000,0x0000009665800000) (1024K)]

Stack: [0x0000009665700000,0x0000009665800000]
Native frames: (J=compiled Java code, j=interpreted, Vv=VM code, C=native code)
V  [jvm.dll+0x6e1729]
V  [jvm.dll+0x8bf47b]
V  [jvm.dll+0x8c19aa]
V  [jvm.dll+0x8c2083]
V  [jvm.dll+0x289fd6]
V  [jvm.dll+0x8bb208]
V  [jvm.dll+0x683354]
V  [jvm.dll+0x1ee8d7]
V  [jvm.dll+0x1ee69e]
V  [jvm.dll+0x685c5f]
V  [jvm.dll+0x685a92]
V  [jvm.dll+0x683d2e]
V  [jvm.dll+0x21fb35]
V  [jvm.dll+0x22059c]
V  [jvm.dll+0x215a8e]
V  [jvm.dll+0x5c064f]
V  [jvm.dll+0x838c15]
V  [jvm.dll+0x4827e7]
V  [jvm.dll+0x488838]
C  [java.dll+0x1818]

Java frames: (J=compiled Java code, j=interpreted, Vv=VM code)
J 696  java.lang.ClassLoader.defineClass1(Ljava/lang/ClassLoader;Ljava/lang/String;[BIILjava/security/ProtectionDomain;Ljava/lang/String;)Ljava/lang/Class; java.base@21.0.8 (0 bytes) @ 0x0000022b3c5cd711 [0x0000022b3c5cd640+0x00000000000000d1]
J 1339 c1 java.lang.ClassLoader.defineClass(Ljava/lang/String;[BIILjava/security/ProtectionDomain;)Ljava/lang/Class; java.base@21.0.8 (43 bytes) @ 0x0000022b34d12dac [0x0000022b34d12a20+0x000000000000038c]
J 1259 c1 java.security.SecureClassLoader.defineClass(Ljava/lang/String;[BIILjava/security/CodeSource;)Ljava/lang/Class; java.base@21.0.8 (16 bytes) @ 0x0000022b34cf25a4 [0x0000022b34cf24c0+0x00000000000000e4]
J 1050 c1 jdk.internal.loader.BuiltinClassLoader.defineClass(Ljava/lang/String;Ljdk/internal/loader/Resource;)Ljava/lang/Class; java.base@21.0.8 (121 bytes) @ 0x0000022b34c76904 [0x0000022b34c75940+0x0000000000000fc4]
J 928 c1 jdk.internal.loader.BuiltinClassLoader.findClassOnClassPathOrNull(Ljava/lang/String;)Ljava/lang/Class; java.base@21.0.8 (64 bytes) @ 0x0000022b34c2e05c [0x0000022b34c2d320+0x0000000000000d3c]
J 589 c1 jdk.internal.loader.BuiltinClassLoader.loadClassOrNull(Ljava/lang/String;Z)Ljava/lang/Class; java.base@21.0.8 (143 bytes) @ 0x0000022b34b93bac [0x0000022b34b93160+0x0000000000000a4c]
J 949 c1 jdk.internal.loader.ClassLoaders$AppClassLoader.loadClass(Ljava/lang/String;Z)Ljava/lang/Class; java.base@21.0.8 (40 bytes) @ 0x0000022b34c3f884 [0x0000022b34c3f680+0x0000000000000204]
J 948 c1 java.lang.ClassLoader.loadClass(Ljava/lang/String;)Ljava/lang/Class; java.base@21.0.8 (7 bytes) @ 0x0000022b34c3f2e4 [0x0000022b34c3f1c0+0x0000000000000124]
v  ~StubRoutines::call_stub 0x0000022b3bff100d
j  tools.jackson.databind.deser.BeanDeserializerFactory.withConfig(Ltools/jackson/databind/cfg/DeserializerFactoryConfig;)Ltools/jackson/databind/deser/DeserializerFactory;+15
j  tools.jackson.databind.deser.BasicDeserializerFactory.withAdditionalDeserializers(Ltools/jackson/databind/deser/Deserializers;)Ltools/jackson/databind/deser/DeserializerFactory;+9
j  tools.jackson.databind.cfg.ModuleContextBase.addDeserializers(Ltools/jackson/databind/deser/Deserializers;)Ltools/jackson/databind/JacksonModule$SetupContext;+6
j  tools.jackson.databind.ext.javatime.JavaTimeInitializer.setupModule(Ltools/jackson/databind/JacksonModule$SetupContext;)V+128
j  tools.jackson.databind.cfg.MapperBuilder.saveStateApplyModules()Ltools/jackson/databind/cfg/MapperBuilderState;+24
j  tools.jackson.databind.ObjectMapper.<init>(Ltools/jackson/databind/cfg/MapperBuilder;)V+22
j  tools.jackson.databind.json.JsonMapper.<init>(Ltools/jackson/databind/json/JsonMapper$Builder;)V+2
j  tools.jackson.databind.json.JsonMapper$Builder.build()Ltools/jackson/databind/json/JsonMapper;+5
j  org.springframework.boot.jackson.autoconfigure.JacksonBackgroundPreinitializer.preinitialize()V+3
j  org.springframework.boot.autoconfigure.preinitialize.BackgroundPreinitializingApplicationListener$Runner.run()V+30
j  java.lang.Thread.runWith(Ljava/lang/Object;Ljava/lang/Runnable;)V+5 java.base@21.0.8
j  java.lang.Thread.run()V+19 java.base@21.0.8
v  ~StubRoutines::call_stub 0x0000022b3bff100d

Compiled method (n/a) 3416  696     n 0       java.lang.ClassLoader::defineClass1 (native)
 total in heap  [0x0000022b3c5cd490,0x0000022b3c5cdaf0] = 1632
 relocation     [0x0000022b3c5cd5f0,0x0000022b3c5cd628] = 56
 main code      [0x0000022b3c5cd640,0x0000022b3c5cdaef] = 1199
 stub code      [0x0000022b3c5cdaef,0x0000022b3c5cdaf0] = 1

[Constant Pool (empty)]

[MachCode]
[Entry Point]
  # {method} {0x0000022b4c436f00} 'defineClass1' '(Ljava/lang/ClassLoader;Ljava/lang/String;[BIILjava/security/ProtectionDomain;Ljava/lang/String;)Ljava/lang/Class;' in 'java/lang/ClassLoader'
  # parm0:    rdx:rdx   = 'java/lang/ClassLoader'
  # parm1:    r8:r8     = 'java/lang/String'
  # parm2:    r9:r9     = '[B'
  # parm3:    rdi       = int
  # parm4:    rsi       = int
  # parm5:    rcx:rcx   = 'java/security/ProtectionDomain'
  # parm6:    [sp+0xa0]   = 'java/lang/String'  (sp of caller)
  0x0000022b3c5cd640: 448b 5208 | 49bb 0000 | 004c 2b02 | 0000 4d03 | d349 3bc2 | 0f84 0600 

  0x0000022b3c5cd658: ;   {runtime_call ic_miss_stub}
  0x0000022b3c5cd658: 0000 e921 | 11a7 ff90 
[Verified Entry Point]
  0x0000022b3c5cd660: 8984 2400 | 80ff ff55 | 488b ec48 | 81ec 9000 | 0000 6690 | 4181 7f20 | 0100 0000 

  0x0000022b3c5cd67c: ;   {runtime_call StubRoutines (final stubs)}
  0x0000022b3c5cd67c: 7405 e8dd | 76a5 ff48 | 837d 1000 | 488d 4510 | 480f 4445 | 1048 8944 | 2440 4889 | 4c24 7048 
  0x0000022b3c5cd69c: 83f9 0048 | 8d44 2470 | 480f 4444 | 2470 4889 | 4424 3848 | 8974 2430 | 4889 7c24 | 284c 894c 
  0x0000022b3c5cd6bc: 2458 4983 | f900 488d | 4424 5848 | 0f44 4424 | 5848 8944 | 2420 4c89 | 4424 5049 | 83f8 004c 
  0x0000022b3c5cd6dc: 8d4c 2450 | 4c0f 444c | 2450 4889 | 5424 4848 | 83fa 004c | 8d44 2448 | 4c0f 4444 

  0x0000022b3c5cd6f8: ;   {oop(a 'java/lang/Class'{0x0000000705950980} = 'java/lang/ClassLoader')}
  0x0000022b3c5cd6f8: 2448 49be | 8009 9505 | 0700 0000 | 4c89 7424 | 784c 8d74 | 2478 498b | d6c5 f877 

  0x0000022b3c5cd714: ;   {internal_word}
  0x0000022b3c5cd714: 49ba 11d7 | 5c3c 2b02 | 0000 4d89 | 97a0 0300 | 0049 89a7 | 9803 0000 

  0x0000022b3c5cd72c: ;   {external_word}
  0x0000022b3c5cd72c: 49ba 691e | 91f1 fb7f | 0000 4180 | 3a00 0f84 | 4e00 0000 | 5241 5041 

  0x0000022b3c5cd744: ;   {metadata({method} {0x0000022b4c436f00} 'defineClass1' '(Ljava/lang/ClassLoader;Ljava/lang/String;[BIILjava/security/ProtectionDomain;Ljava/lang/String;)Ljava/lang/Class;' in 'java/lang/ClassLoader')}
  0x0000022b3c5cd744: 5148 baf8 | 6e43 4c2b | 0200 0049 | 8bcf 4883 | ec20 40f6 | c40f 0f84 | 1900 0000 | 4883 ec08 
  0x0000022b3c5cd764: ;   {runtime_call}
  0x0000022b3c5cd764: 48b8 008c | 3af1 fb7f | 0000 ffd0 | 4883 c408 | e90c 0000 

  0x0000022b3c5cd778: ;   {runtime_call}
  0x0000022b3c5cd778: 0048 b800 | 8c3a f1fb | 7f00 00ff | d048 83c4 | 2041 5941 | 585a 498d | 8fb8 0300 | 0041 c787 
  0x0000022b3c5cd798: 4404 0000 | 0400 0000 

  0x0000022b3c5cd7a0: ;   {runtime_call}
  0x0000022b3c5cd7a0: 48b8 d016 | bb45 fc7f | 0000 ffd0 | c5f8 7741 | c787 4404 | 0000 0500 | 0000 f083 | 4424 c000 
  0x0000022b3c5cd7c0: 493b af48 | 0400 000f | 870e 0000 | 0041 83bf | 4004 0000 | 000f 842b | 0000 00c5 | f877 4889 
  0x0000022b3c5cd7e0: 45f8 498b | cf4c 8be4 | 4883 ec20 | 4883 e4f0 

  0x0000022b3c5cd7f0: ;   {runtime_call}
  0x0000022b3c5cd7f0: 48b8 a0e1 | 05f1 fb7f | 0000 ffd0 | 498b e44d | 33e4 488b | 45f8 41c7 | 8744 0400 | 0008 0000 
  0x0000022b3c5cd810: 0041 83bf | c004 0000 | 020f 84a3 

  0x0000022b3c5cd81c: ;   {external_word}
  0x0000022b3c5cd81c: 0200 0049 | ba69 1e91 | f1fb 7f00 | 0041 803a | 000f 844c | 0000 0048 

  0x0000022b3c5cd834: ;   {metadata({method} {0x0000022b4c436f00} 'defineClass1' '(Ljava/lang/ClassLoader;Ljava/lang/String;[BIILjava/security/ProtectionDomain;Ljava/lang/String;)Ljava/lang/Class;' in 'java/lang/ClassLoader')}
  0x0000022b3c5cd834: 8945 f848 | baf8 6e43 | 4c2b 0200 | 0049 8bcf | 4883 ec20 | 40f6 c40f | 0f84 1900 | 0000 4883 
  0x0000022b3c5cd854: ;   {runtime_call}
  0x0000022b3c5cd854: ec08 48b8 | 008c 3af1 | fb7f 0000 | ffd0 4883 | c408 e90c 

  0x0000022b3c5cd868: ;   {runtime_call}
  0x0000022b3c5cd868: 0000 0048 | b800 8c3a | f1fb 7f00 | 00ff d048 | 83c4 2048 | 8b45 f849 | c787 9803 | 0000 0000 
  0x0000022b3c5cd888: 0000 49c7 | 87a0 0300 | 0000 0000 | 00c5 f877 | 4885 c00f | 84fe 0100 | 00a8 030f | 8508 0000 
  0x0000022b3c5cd8a8: 0048 8b00 | e9ee 0100 | 00a8 010f | 8509 0000 | 0048 8b40 | fee9 dd01 | 0000 488b | 40ff 4180 
  0x0000022b3c5cd8c8: 7f40 000f | 84ce 0100 | 0048 83f8 | 000f 84c4 | 0100 0049 | 8b4f 2848 | 83f9 000f | 8414 0000 
  0x0000022b3c5cd8e8: 0048 83e9 | 0849 894f | 2849 034f | 3848 8901 | e9a2 0100 | 0048 81ec | d000 0000 | 4889 0424 
  0x0000022b3c5cd908: 4889 4c24 | 0848 8954 | 2410 4889 | 7424 1848 | 897c 2420 | 4c89 4424 | 284c 894c | 2430 4c89 
  0x0000022b3c5cd928: 5424 384c | 895c 2440 | c5fb 1144 | 2450 c5fb | 114c 2458 | c5fb 1154 | 2460 c5fb | 115c 2468 
  0x0000022b3c5cd948: c5fb 1164 | 2470 c5fb | 116c 2478 | c5fb 11b4 | 2480 0000 | 00c5 fb11 | bc24 8800 | 0000 c57b 
  0x0000022b3c5cd968: ;   {no_reloc}
  0x0000022b3c5cd968: 1184 2490 | 0000 00c5 | 7b11 8c24 | 9800 0000 | c57b 1194 | 24a0 0000 | 00c5 7b11 | 9c24 a800 
  0x0000022b3c5cd988: 0000 c57b | 11a4 24b0 | 0000 00c5 | 7b11 ac24 | b800 0000 | c57b 11b4 | 24c0 0000 | 00c5 7b11 
  0x0000022b3c5cd9a8: bc24 c800 | 0000 498b | d748 8bc8 | 4883 ec20 | 40f6 c40f | 0f84 1900 | 0000 4883 

  0x0000022b3c5cd9c4: ;   {runtime_call}
  0x0000022b3c5cd9c4: ec08 48b8 | c019 f9f0 | fb7f 0000 | ffd0 4883 | c408 e90c 

  0x0000022b3c5cd9d8: ;   {runtime_call}
  0x0000022b3c5cd9d8: 0000 0048 | b8c0 19f9 | f0fb 7f00 | 00ff d048 | 83c4 20c5 | 7b10 bc24 | c800 0000 | c57b 10b4 
  0x0000022b3c5cd9f8: 24c0 0000 | 00c5 7b10 | ac24 b800 | 0000 c57b | 10a4 24b0 | 0000 00c5 | 7b10 9c24 | a800 0000 
  0x0000022b3c5cda18: c57b 1094 | 24a0 0000 | 00c5 7b10 | 8c24 9800 | 0000 c57b | 1084 2490 | 0000 00c5 | fb10 bc24 
  0x0000022b3c5cda38: 8800 0000 | c5fb 10b4 | 2480 0000 | 00c5 fb10 | 6c24 78c5 | fb10 6424 | 70c5 fb10 | 5c24 68c5 
  0x0000022b3c5cda58: fb10 5424 | 60c5 fb10 | 4c24 58c5 | fb10 4424 | 504c 8b5c | 2440 4c8b | 5424 384c | 8b4c 2430 
  0x0000022b3c5cda78: 4c8b 4424 | 2848 8b7c | 2420 488b | 7424 1848 | 8b54 2410 | 488b 4c24 | 0848 8b04 | 2448 81c4 
  0x0000022b3c5cda98: d000 0000 | c5f8 7749 | 8b8f 2804 | 0000 c781 | 0001 0000 | 0000 0000 | c949 837f | 0800 0f85 
  0x0000022b3c5cdab8: 0100 0000 

  0x0000022b3c5cdabc: ;   {runtime_call StubRoutines (initial stubs)}
  0x0000022b3c5cdabc: c3e9 3e34 | a2ff c5f8 | 7748 8945 | f84c 8be4 | 4883 ec20 | 4883 e4f0 

  0x0000022b3c5cdad4: ;   {runtime_call}
  0x0000022b3c5cdad4: 48b8 30c3 | 3af1 fb7f | 0000 ffd0 | 498b e44d | 33e4 488b | 45f8 e930 | fdff fff4 
[/MachCode]


Compiled method (c1) 3435 1339       3       java.lang.ClassLoader::defineClass (43 bytes)
 total in heap  [0x0000022b34d12810,0x0000022b34d13200] = 2544
 relocation     [0x0000022b34d12970,0x0000022b34d12a10] = 160
 main code      [0x0000022b34d12a20,0x0000022b34d12ef0] = 1232
 stub code      [0x0000022b34d12ef0,0x0000022b34d12f68] = 120
 metadata       [0x0000022b34d12f68,0x0000022b34d12fa8] = 64
 scopes data    [0x0000022b34d12fa8,0x0000022b34d130e0] = 312
 scopes pcs     [0x0000022b34d130e0,0x0000022b34d131c0] = 224
 dependencies   [0x0000022b34d131c0,0x0000022b34d131d8] = 24
 nul chk table  [0x0000022b34d131d8,0x0000022b34d13200] = 40

[Constant Pool (empty)]

[MachCode]
[Entry Point]
  # {method} {0x0000022b4c437280} 'defineClass' '(Ljava/lang/String;[BIILjava/security/ProtectionDomain;)Ljava/lang/Class;' in 'java/lang/ClassLoader'
  # this:     rdx:rdx   = 'java/lang/ClassLoader'
  # parm0:    r8:r8     = 'java/lang/String'
  # parm1:    r9:r9     = '[B'
  # parm2:    rdi       = int
  # parm3:    rsi       = int
  # parm4:    rcx:rcx   = 'java/security/ProtectionDomain'
  #           [sp+0xe0]  (sp of caller)
  0x0000022b34d12a20: 448b 5208 | 49bb 0000 | 004c 2b02 | 0000 4d03 | d34c 3bd0 

  0x0000022b34d12a34: ;   {runtime_call ic_miss_stub}
  0x0000022b34d12a34: 0f85 46bd | 3207 660f | 1f44 0000 
[Verified Entry Point]
  0x0000022b34d12a40: 8984 2400 | 80ff ff55 | 4881 ecd0 | 0000 0090 | 4181 7f20 | 0100 0000 

  0x0000022b34d12a58: ;   {runtime_call StubRoutines (final stubs)}
  0x0000022b34d12a58: 7405 e801 | 2331 0748 | 8954 2478 | 4c89 8424 | 8000 0000 | 4c89 8c24 | 8800 0000 | 89bc 2490 
  0x0000022b34d12a78: 0000 0089 | b424 9400 

  0x0000022b34d12a80: ;   {metadata(method data for {method} {0x0000022b4c437280} 'defineClass' '(Ljava/lang/String;[BIILjava/security/ProtectionDomain;)Ljava/lang/Class;' in 'java/lang/ClassLoader')}
  0x0000022b34d12a80: 0000 48bb | 684c 7c8d | 2b02 0000 | 8b83 cc00 | 0000 83c0 | 0289 83cc | 0000 0025 | fe07 0000 
  0x0000022b34d12aa0: 85c0 0f84 | 6a03 0000 

  0x0000022b34d12aa8: ;   {metadata(method data for {method} {0x0000022b4c437280} 'defineClass' '(Ljava/lang/String;[BIILjava/security/ProtectionDomain;)Ljava/lang/Class;' in 'java/lang/ClassLoader')}
  0x0000022b34d12aa8: 488b da48 | b868 4c7c | 8d2b 0200 | 0048 8380 | 1001 0000 | 0149 8bd8 | 4c8b c34c | 8bc9 4c8b 
  0x0000022b34d12ac8: da49 8bd3 | 4889 8c24 | 9800 0000 

  0x0000022b34d12ad4: ;   {optimized virtual_call}
  0x0000022b34d12ad4: 6666 90e8 

  0x0000022b34d12ad8: ; ImmutableOopMap {[120]=Oop [128]=Oop [136]=Oop [152]=Oop }
                      ;*invokevirtual preDefineClass {reexecute=0 rethrow=0 return_oop=0}
                      ; - java.lang.ClassLoader::defineClass@4 (line 1025)
  0x0000022b34d12ad8: e422 ffff 

  0x0000022b34d12adc: ;   {other}
  0x0000022b34d12adc: 0f1f 8400 | cc02 0000 | 4889 8424 | a000 0000 | 488b 5424 

  0x0000022b34d12af0: ;   {metadata(method data for {method} {0x0000022b4c437280} 'defineClass' '(Ljava/lang/String;[BIILjava/security/ProtectionDomain;)Ljava/lang/Class;' in 'java/lang/ClassLoader')}
  0x0000022b34d12af0: 7849 b868 | 4c7c 8d2b | 0200 0049 | 8380 4801 

  0x0000022b34d12b00: ;   {metadata(method data for {method} {0x0000022b4c436f68} 'defineClassSourceLocation' '(Ljava/security/ProtectionDomain;)Ljava/lang/String;' in 'java/lang/ClassLoader')}
  0x0000022b34d12b00: 0000 0149 | b8e0 7a91 | 8d2b 0200 | 0041 8b90 | cc00 0000 | 83c2 0241 | 8990 cc00 | 0000 81e2 
  0x0000022b34d12b20: feff 1f00 | 85d2 0f84 | 0703 0000 

  0x0000022b34d12b2c: ; implicit exception: dispatches to 0x0000022b34d12e54
  0x0000022b34d12b2c: 483b 004c 

  0x0000022b34d12b30: ;   {metadata(method data for {method} {0x0000022b4c436f68} 'defineClassSourceLocation' '(Ljava/security/ProtectionDomain;)Ljava/lang/String;' in 'java/lang/ClassLoader')}
  0x0000022b34d12b30: 8bc0 48ba | e07a 918d | 2b02 0000 | 4883 8210 | 0100 0001 | 8b70 1048 | c1e6 0348 

  0x0000022b34d12b4c: ;   {metadata(method data for {method} {0x0000022b4c436f68} 'defineClassSourceLocation' '(Ljava/security/ProtectionDomain;)Ljava/lang/String;' in 'java/lang/ClassLoader')}
  0x0000022b34d12b4c: 85f6 49b8 | e07a 918d | 2b02 0000 | 48c7 c258 | 0100 0075 | 0748 c7c2 | 4801 0000 | 498b 3c10 
  0x0000022b34d12b6c: 488d 7f01 | 4989 3c10 | 0f85 0f00 

  0x0000022b34d12b78: ;   {oop(nullptr)}
  0x0000022b34d12b78: 0000 48bb | 0000 0000 | 0000 0000 | e9b6 0100 | 0048 3b06 

  0x0000022b34d12b8c: ;   {metadata(method data for {method} {0x0000022b4c436f68} 'defineClassSourceLocation' '(Ljava/security/ProtectionDomain;)Ljava/lang/String;' in 'java/lang/ClassLoader')}
  0x0000022b34d12b8c: 4c8b c648 | bae0 7a91 | 8d2b 0200 | 0048 8382 | 6801 0000 | 018b 7e0c | 48c1 e703 

  0x0000022b34d12ba8: ;   {metadata(method data for {method} {0x0000022b4c436f68} 'defineClassSourceLocation' '(Ljava/security/ProtectionDomain;)Ljava/lang/String;' in 'java/lang/ClassLoader')}
  0x0000022b34d12ba8: 4885 ff49 | b8e0 7a91 | 8d2b 0200 | 0048 c7c2 | b001 0000 | 7507 48c7 | c2a0 0100 | 0049 8b1c 
  0x0000022b34d12bc8: 1048 8d5b | 0149 891c | 100f 850f 

  0x0000022b34d12bd4: ;   {oop(nullptr)}
  0x0000022b34d12bd4: 0000 0048 | bb00 0000 | 0000 0000 | 00e9 5901 | 0000 4c8b 

  0x0000022b34d12be8: ;   {metadata(method data for {method} {0x0000022b4c436f68} 'defineClassSourceLocation' '(Ljava/security/ProtectionDomain;)Ljava/lang/String;' in 'java/lang/ClassLoader')}
  0x0000022b34d12be8: c648 bae0 | 7a91 8d2b | 0200 0048 | 8382 c001 | 0000 0148 | 3b07 4c8b 

  0x0000022b34d12c00: ;   {metadata(method data for {method} {0x0000022b4c436f68} 'defineClassSourceLocation' '(Ljava/security/ProtectionDomain;)Ljava/lang/String;' in 'java/lang/ClassLoader')}
  0x0000022b34d12c00: c748 bae0 | 7a91 8d2b | 0200 0048 | 8382 f801 

  0x0000022b34d12c10: ;   {metadata(method data for {method} {0x0000022b4c01ade8} 'toString' '()Ljava/lang/String;' in 'java/net/URL')}
  0x0000022b34d12c10: 0000 0149 | b818 e131 | 8d2b 0200 | 0041 8b90 | cc00 0000 | 83c2 0241 | 8990 cc00 | 0000 81e2 
  0x0000022b34d12c30: feff 1f00 | 85d2 0f84 | 2702 0000 

  0x0000022b34d12c3c: ;   {metadata(method data for {method} {0x0000022b4c01ade8} 'toString' '()Ljava/lang/String;' in 'java/net/URL')}
  0x0000022b34d12c3c: 4c8b c748 | ba18 e131 | 8d2b 0200 | 0048 8382 | 1001 0000 

  0x0000022b34d12c50: ;   {metadata(method data for {method} {0x0000022b4c42ab08} 'toExternalForm' '()Ljava/lang/String;' in 'java/net/URL')}
  0x0000022b34d12c50: 0149 b8a0 | e231 8d2b | 0200 0041 | 8b90 cc00 | 0000 83c2 | 0241 8990 | cc00 0000 | 81e2 feff 
  0x0000022b34d12c70: 1f00 85d2 | 0f84 0a02 | 0000 8b57 | 3848 c1e2 | 0348 3b02 

  0x0000022b34d12c84: ;   {metadata(method data for {method} {0x0000022b4c42ab08} 'toExternalForm' '()Ljava/lang/String;' in 'java/net/URL')}
  0x0000022b34d12c84: 4c8b c248 | bba0 e231 | 8d2b 0200 | 0045 8b40 | 0849 ba00 | 0000 4c2b | 0200 004d | 03c2 4c3b 
  0x0000022b34d12ca4: 8320 0100 | 0075 0d48 | 8383 2801 | 0000 01e9 | 6000 0000 | 4c3b 8330 | 0100 0075 | 0d48 8383 
  0x0000022b34d12cc4: 3801 0000 | 01e9 4a00 | 0000 4883 | bb20 0100 | 0000 7517 | 4c89 8320 | 0100 0048 | c783 2801 
  0x0000022b34d12ce4: 0000 0100 | 0000 e929 | 0000 0048 | 83bb 3001 | 0000 0075 | 174c 8983 | 3001 0000 | 48c7 8338 
  0x0000022b34d12d04: 0100 0001 | 0000 00e9 | 0800 0000 | 4883 8310 | 0100 0001 | 4c8b c748 | 89b4 24b0 | 0000 0048 
  0x0000022b34d12d24: 89bc 24a8 | 0000 000f 

  0x0000022b34d12d2c: ;   {optimized virtual_call}
  0x0000022b34d12d2c: 1f40 00e8 

  0x0000022b34d12d30: ; ImmutableOopMap {[120]=Oop [128]=Oop [136]=Oop [160]=Oop [168]=Oop [176]=Oop }
                      ;*invokevirtual toExternalForm {reexecute=0 rethrow=0 return_oop=0}
                      ; - java.net.URL::toExternalForm@5 (line 1203)
                      ; - java.net.URL::toString@1 (line 1189)
                      ; - java.lang.ClassLoader::defineClassSourceLocation@22 (line 927)
                      ; - java.lang.ClassLoader::defineClass@12 (line 1026)
  0x0000022b34d12d30: ec42 f5ff 

  0x0000022b34d12d34: ;   {other}
  0x0000022b34d12d34: 0f1f 8400 | 2405 0001 | 488b d848 | 8b84 24a0 | 0000 008b | bc24 9000 | 0000 4c8b | 8c24 8800 
  0x0000022b34d12d54: 0000 4c8b | 8424 8000 | 0000 488b 

  0x0000022b34d12d60: ;   {metadata(method data for {method} {0x0000022b4c437280} 'defineClass' '(Ljava/lang/String;[BIILjava/security/ProtectionDomain;)Ljava/lang/Class;' in 'java/lang/ClassLoader')}
  0x0000022b34d12d60: 5424 7848 | b968 4c7c | 8d2b 0200 | 0048 8381 | 8001 0000 | 014c 8bda | 498b d34d | 8be8 4d8b 
  0x0000022b34d12d80: c54d 8bf1 | 4d8b ce48 | 8bcf 488b | f98b b424 | 9400 0000 | 488b c848 | 891c 2448 | 899c 24b8 
  0x0000022b34d12da0: 0000 000f 

  0x0000022b34d12da4: ;   {static_call}
  0x0000022b34d12da4: 1f40 00e8 

  0x0000022b34d12da8: ; ImmutableOopMap {[120]=Oop [128]=Oop [136]=Oop [160]=Oop [184]=Oop }
                      ;*invokestatic defineClass1 {reexecute=0 rethrow=0 return_oop=0}
                      ; - java.lang.ClassLoader::defineClass@27 (line 1027)
  0x0000022b34d12da8: b4a8 8b07 

  0x0000022b34d12dac: ;   {other}
  0x0000022b34d12dac: 0f1f 8400 | 9c05 0002 | 488b 5424 

  0x0000022b34d12db8: ;   {metadata(method data for {method} {0x0000022b4c437280} 'defineClass' '(Ljava/lang/String;[BIILjava/security/ProtectionDomain;)Ljava/lang/Class;' in 'java/lang/ClassLoader')}
  0x0000022b34d12db8: 7849 b868 | 4c7c 8d2b | 0200 0049 | 8380 9001 | 0000 014c | 8bc0 4c8b | 8c24 a000 | 0000 488b 
  0x0000022b34d12dd8: 5424 7848 | 8984 24c0 | 0000 000f 

  0x0000022b34d12de4: ;   {optimized virtual_call}
  0x0000022b34d12de4: 1f40 00e8 

  0x0000022b34d12de8: ; ImmutableOopMap {[120]=Oop [128]=Oop [136]=Oop [160]=Oop [184]=Oop [192]=Oop }
                      ;*invokevirtual postDefineClass {reexecute=0 rethrow=0 return_oop=0}
                      ; - java.lang.ClassLoader::defineClass@37 (line 1028)
  0x0000022b34d12de8: 3459 ffff 

  0x0000022b34d12dec: ;   {other}
  0x0000022b34d12dec: 0f1f 8400 | dc05 0003 | 488b 8424 | c000 0000 | 4881 c4d0 | 0000 005d 

  0x0000022b34d12e04: ;   {poll_return}
  0x0000022b34d12e04: 493b a748 | 0400 000f | 8799 0000 

  0x0000022b34d12e10: ;   {metadata({method} {0x0000022b4c437280} 'defineClass' '(Ljava/lang/String;[BIILjava/security/ProtectionDomain;)Ljava/lang/Class;' in 'java/lang/ClassLoader')}
  0x0000022b34d12e10: 00c3 49ba | 7872 434c | 2b02 0000 | 4c89 5424 | 0848 c704 | 24ff ffff 

  0x0000022b34d12e28: ;   {runtime_call counter_overflow Runtime1 stub}
  0x0000022b34d12e28: ffe8 d272 

  0x0000022b34d12e2c: ; ImmutableOopMap {rdx=Oop r8=Oop r9=Oop rcx=Oop [120]=Oop [128]=Oop [136]=Oop }
                      ;*synchronization entry
                      ; - java.lang.ClassLoader::defineClass@-1 (line 1025)
  0x0000022b34d12e2c: 4007 e975 

  0x0000022b34d12e30: ;   {metadata({method} {0x0000022b4c436f68} 'defineClassSourceLocation' '(Ljava/security/ProtectionDomain;)Ljava/lang/String;' in 'java/lang/ClassLoader')}
  0x0000022b34d12e30: fcff ff49 | ba60 6f43 | 4c2b 0200 | 004c 8954 | 2408 48c7 | 0424 ffff 

  0x0000022b34d12e48: ;   {runtime_call counter_overflow Runtime1 stub}
  0x0000022b34d12e48: ffff e8b1 

  0x0000022b34d12e4c: ; ImmutableOopMap {rax=Oop [120]=Oop [128]=Oop [136]=Oop [160]=Oop }
                      ;*synchronization entry
                      ; - java.lang.ClassLoader::defineClassSourceLocation@-1 (line 924)
                      ; - java.lang.ClassLoader::defineClass@12 (line 1026)
  0x0000022b34d12e4c: 7240 07e9 | d8fc ffff 

  0x0000022b34d12e54: ;   {runtime_call throw_null_pointer_exception Runtime1 stub}
  0x0000022b34d12e54: e8a7 fc3f 

  0x0000022b34d12e58: ; ImmutableOopMap {rax=Oop [120]=Oop [128]=Oop [136]=Oop [160]=Oop }
                      ;*invokevirtual getCodeSource {reexecute=0 rethrow=0 return_oop=0}
                      ; - java.lang.ClassLoader::defineClassSourceLocation@1 (line 924)
                      ; - java.lang.ClassLoader::defineClass@12 (line 1026)
                      ;   {runtime_call throw_null_pointer_exception Runtime1 stub}
  0x0000022b34d12e58: 07e8 a2fc 

  0x0000022b34d12e5c: ; ImmutableOopMap {rax=Oop rsi=Oop [120]=Oop [128]=Oop [136]=Oop [160]=Oop }
                      ;*invokevirtual getLocation {reexecute=0 rethrow=0 return_oop=0}
                      ; - java.lang.ClassLoader::defineClassSourceLocation@12 (line 926)
                      ; - java.lang.ClassLoader::defineClass@12 (line 1026)
                      ;   {runtime_call throw_null_pointer_exception Runtime1 stub}
  0x0000022b34d12e5c: 3f07 e89d 

  0x0000022b34d12e60: ; ImmutableOopMap {rdi=Oop rsi=Oop [120]=Oop [128]=Oop [136]=Oop [160]=Oop }
                      ;*invokevirtual toString {reexecute=0 rethrow=0 return_oop=0}
                      ; - java.lang.ClassLoader::defineClassSourceLocation@22 (line 927)
                      ; - java.lang.ClassLoader::defineClass@12 (line 1026)
                      ;   {metadata({method} {0x0000022b4c01ade8} 'toString' '()Ljava/lang/String;' in 'java/net/URL')}
  0x0000022b34d12e60: fc3f 0749 | bae0 ad01 | 4c2b 0200 | 004c 8954 | 2408 48c7 | 0424 ffff 

  0x0000022b34d12e78: ;   {runtime_call counter_overflow Runtime1 stub}
  0x0000022b34d12e78: ffff e881 

  0x0000022b34d12e7c: ; ImmutableOopMap {rdi=Oop rsi=Oop [120]=Oop [128]=Oop [136]=Oop [160]=Oop }
                      ;*synchronization entry
                      ; - java.net.URL::toString@-1 (line 1189)
                      ; - java.lang.ClassLoader::defineClassSourceLocation@22 (line 927)
                      ; - java.lang.ClassLoader::defineClass@12 (line 1026)
  0x0000022b34d12e7c: 7240 07e9 | b8fd ffff 

  0x0000022b34d12e84: ;   {metadata({method} {0x0000022b4c42ab08} 'toExternalForm' '()Ljava/lang/String;' in 'java/net/URL')}
  0x0000022b34d12e84: 49ba 00ab | 424c 2b02 | 0000 4c89 | 5424 0848 | c704 24ff 

  0x0000022b34d12e98: ;   {runtime_call counter_overflow Runtime1 stub}
  0x0000022b34d12e98: ffff ffe8 

  0x0000022b34d12e9c: ; ImmutableOopMap {rdi=Oop rsi=Oop [120]=Oop [128]=Oop [136]=Oop [160]=Oop }
                      ;*synchronization entry
                      ; - java.net.URL::toExternalForm@-1 (line 1203)
                      ; - java.net.URL::toString@1 (line 1189)
                      ; - java.lang.ClassLoader::defineClassSourceLocation@22 (line 927)
                      ; - java.lang.ClassLoader::defineClass@12 (line 1026)
  0x0000022b34d12e9c: 6072 4007 | e9d5 fdff 

  0x0000022b34d12ea4: ;   {runtime_call throw_null_pointer_exception Runtime1 stub}
  0x0000022b34d12ea4: ffe8 56fc 

  0x0000022b34d12ea8: ; ImmutableOopMap {rdi=Oop rsi=Oop rdx=Oop [120]=Oop [128]=Oop [136]=Oop [160]=Oop }
                      ;*invokevirtual toExternalForm {reexecute=0 rethrow=0 return_oop=0}
                      ; - java.net.URL::toExternalForm@5 (line 1203)
                      ; - java.net.URL::toString@1 (line 1189)
                      ; - java.lang.ClassLoader::defineClassSourceLocation@22 (line 927)
                      ; - java.lang.ClassLoader::defineClass@12 (line 1026)
                      ;   {internal_word}
  0x0000022b34d12ea8: 3f07 49ba | 042e d134 | 2b02 0000 | 4d89 9760 

  0x0000022b34d12eb8: ;   {runtime_call SafepointBlob}
  0x0000022b34d12eb8: 0400 00e9 | 4028 3307 | 498b 87f8 | 0400 0049 | c787 f804 | 0000 0000 | 0000 49c7 | 8700 0500 
  0x0000022b34d12ed8: 0000 0000 | 0048 81c4 | d000 0000 

  0x0000022b34d12ee4: ;   {runtime_call unwind_exception Runtime1 stub}
  0x0000022b34d12ee4: 5de9 96e8 | 3f07 f4f4 | f4f4 f4f4 
[Stub Code]
  0x0000022b34d12ef0: ;   {no_reloc}
  0x0000022b34d12ef0: 0f1f 4400 

  0x0000022b34d12ef4: ;   {static_stub}
  0x0000022b34d12ef4: 0048 bb00 | 0000 0000 

  0x0000022b34d12efc: ;   {runtime_call nmethod}
  0x0000022b34d12efc: 0000 00e9 | fbff ffff 

  0x0000022b34d12f04: ;   {static_stub}
  0x0000022b34d12f04: 48bb 0000 | 0000 0000 

  0x0000022b34d12f0c: ;   {runtime_call nmethod}
  0x0000022b34d12f0c: 0000 e9fb 

  0x0000022b34d12f10: ;   {static_stub}
  0x0000022b34d12f10: ffff ff48 | bb00 0000 | 0000 0000 

  0x0000022b34d12f1c: ;   {runtime_call nmethod}
  0x0000022b34d12f1c: 00e9 fbff 

  0x0000022b34d12f20: ;   {static_stub}
  0x0000022b34d12f20: ffff 48bb | 0000 0000 | 0000 0000 

  0x0000022b34d12f2c: ;   {runtime_call nmethod}
  0x0000022b34d12f2c: e9fb ffff 

  0x0000022b34d12f30: ;   {runtime_call handle_exception_from_callee Runtime1 stub}
  0x0000022b34d12f30: ffe8 ca22 

  0x0000022b34d12f34: ;   {external_word}
  0x0000022b34d12f34: 4007 48b9 | 6003 67f1 | fb7f 0000 | 4883 e4f0 

  0x0000022b34d12f44: ;   {runtime_call}
  0x0000022b34d12f44: 48b8 2061 | 29f1 fb7f | 0000 ffd0 

  0x0000022b34d12f50: ;   {section_word}
  0x0000022b34d12f50: f449 ba51 | 2fd1 342b | 0200 0041 

  0x0000022b34d12f5c: ;   {runtime_call DeoptimizationBlob}
  0x0000022b34d12f5c: 52e9 3e1a | 3307 f4f4 | f4f4 f4f4 
[/MachCode]


Compiled method (c1) 3462 1259       3       java.security.SecureClassLoader::defineClass (16 bytes)
 total in heap  [0x0000022b34cf2310,0x0000022b34cf2718] = 1032
 relocation     [0x0000022b34cf2470,0x0000022b34cf24c0] = 80
 main code      [0x0000022b34cf24c0,0x0000022b34cf2620] = 352
 stub code      [0x0000022b34cf2620,0x0000022b34cf2670] = 80
 metadata       [0x0000022b34cf2670,0x0000022b34cf2678] = 8
 scopes data    [0x0000022b34cf2678,0x0000022b34cf26c0] = 72
 scopes pcs     [0x0000022b34cf26c0,0x0000022b34cf2710] = 80
 dependencies   [0x0000022b34cf2710,0x0000022b34cf2718] = 8

[Constant Pool (empty)]

[MachCode]
[Entry Point]
  # {method} {0x0000022b4c04dfa8} 'defineClass' '(Ljava/lang/String;[BIILjava/security/CodeSource;)Ljava/lang/Class;' in 'java/security/SecureClassLoader'
  # this:     rdx:rdx   = 'java/security/SecureClassLoader'
  # parm0:    r8:r8     = 'java/lang/String'
  # parm1:    r9:r9     = '[B'
  # parm2:    rdi       = int
  # parm3:    rsi       = int
  # parm4:    rcx:rcx   = 'java/security/CodeSource'
  #           [sp+0x80]  (sp of caller)
  0x0000022b34cf24c0: 448b 5208 | 49bb 0000 | 004c 2b02 | 0000 4d03 | d34c 3bd0 

  0x0000022b34cf24d4: ;   {runtime_call ic_miss_stub}
  0x0000022b34cf24d4: 0f85 a6c2 | 3407 660f | 1f44 0000 
[Verified Entry Point]
  0x0000022b34cf24e0: 8984 2400 | 80ff ff55 | 4883 ec70 | 4181 7f20 | 0100 0000 

  0x0000022b34cf24f4: ;   {runtime_call StubRoutines (final stubs)}
  0x0000022b34cf24f4: 7405 e865 

  0x0000022b34cf24f8: ;   {metadata(method data for {method} {0x0000022b4c04dfa8} 'defineClass' '(Ljava/lang/String;[BIILjava/security/CodeSource;)Ljava/lang/Class;' in 'java/security/SecureClassLoader')}
  0x0000022b34cf24f8: 2833 0748 | bbf8 af5f | 8d2b 0200 | 008b 83cc | 0000 0083 | c002 8983 | cc00 0000 | 25fe 0700 
  0x0000022b34cf2518: 0085 c00f | 849e 0000 | 0089 7424 | 5c89 7c24 | 584c 894c | 2450 4c89 | 4424 4848 

  0x0000022b34cf2534: ;   {metadata(method data for {method} {0x0000022b4c04dfa8} 'defineClass' '(Ljava/lang/String;[BIILjava/security/CodeSource;)Ljava/lang/Class;' in 'java/security/SecureClassLoader')}
  0x0000022b34cf2534: 8bda 48b8 | f8af 5f8d | 2b02 0000 | 4883 8010 | 0100 0001 | 4c8b c148 | 8bc2 488b | d048 894c 
  0x0000022b34cf2554: 2460 4889 | 4424 400f 

  0x0000022b34cf255c: ;   {optimized virtual_call}
  0x0000022b34cf255c: 1f40 00e8 

  0x0000022b34cf2560: ; ImmutableOopMap {[64]=Oop [72]=Oop [80]=Oop [96]=Oop }
                      ;*invokevirtual getProtectionDomain {reexecute=0 rethrow=0 return_oop=0}
                      ; - java.security.SecureClassLoader::defineClass@9 (line 150)
  0x0000022b34cf2560: 3c99 fbff 

  0x0000022b34cf2564: ;   {other}
  0x0000022b34cf2564: 0f1f 8400 | 5402 0000 | 488b 5424 

  0x0000022b34cf2570: ;   {metadata(method data for {method} {0x0000022b4c04dfa8} 'defineClass' '(Ljava/lang/String;[BIILjava/security/CodeSource;)Ljava/lang/Class;' in 'java/security/SecureClassLoader')}
  0x0000022b34cf2570: 4049 b8f8 | af5f 8d2b | 0200 0049 | 8380 4801 | 0000 014c | 8b44 2448 | 4c8b 4c24 | 508b 7c24 
  0x0000022b34cf2590: 588b 7424 | 5c48 8bc8 | 488b 5424 

  0x0000022b34cf259c: ;   {optimized virtual_call}
  0x0000022b34cf259c: 4066 90e8 

  0x0000022b34cf25a0: ; ImmutableOopMap {[64]=Oop [72]=Oop [80]=Oop [96]=Oop }
                      ;*invokevirtual defineClass {reexecute=0 rethrow=0 return_oop=0}
                      ; - java.security.SecureClassLoader::defineClass@12 (line 150)
  0x0000022b34cf25a0: 9c04 0200 

  0x0000022b34cf25a4: ;   {other}
  0x0000022b34cf25a4: 0f1f 8400 | 9402 0001 | 4883 c470 

  0x0000022b34cf25b0: ;   {poll_return}
  0x0000022b34cf25b0: 5d49 3ba7 | 4804 0000 | 0f87 2200 

  0x0000022b34cf25bc: ;   {metadata({method} {0x0000022b4c04dfa8} 'defineClass' '(Ljava/lang/String;[BIILjava/security/CodeSource;)Ljava/lang/Class;' in 'java/security/SecureClassLoader')}
  0x0000022b34cf25bc: 0000 c349 | baa0 df04 | 4c2b 0200 | 004c 8954 | 2408 48c7 | 0424 ffff 

  0x0000022b34cf25d4: ;   {runtime_call counter_overflow Runtime1 stub}
  0x0000022b34cf25d4: ffff e825 

  0x0000022b34cf25d8: ; ImmutableOopMap {rdx=Oop r8=Oop r9=Oop rcx=Oop }
                      ;*synchronization entry
                      ; - java.security.SecureClassLoader::defineClass@-1 (line 150)
  0x0000022b34cf25d8: 7b42 07e9 | 41ff ffff 

  0x0000022b34cf25e0: ;   {internal_word}
  0x0000022b34cf25e0: 49ba b125 | cf34 2b02 | 0000 4d89 | 9760 0400 

  0x0000022b34cf25f0: ;   {runtime_call SafepointBlob}
  0x0000022b34cf25f0: 00e9 0a31 | 3507 498b | 87f8 0400 | 0049 c787 | f804 0000 | 0000 0000 | 49c7 8700 | 0500 0000 
  0x0000022b34cf2610: 0000 0048 | 83c4 705d 

  0x0000022b34cf2618: ;   {runtime_call unwind_exception Runtime1 stub}
  0x0000022b34cf2618: e963 f141 | 07f4 f4f4 
[Stub Code]
  0x0000022b34cf2620: ;   {no_reloc}
  0x0000022b34cf2620: 48bb 0000 | 0000 0000 

  0x0000022b34cf2628: ;   {runtime_call nmethod}
  0x0000022b34cf2628: 0000 e9fb 

  0x0000022b34cf262c: ;   {static_stub}
  0x0000022b34cf262c: ffff ff48 | bb78 7243 | 4c2b 0200 

  0x0000022b34cf2638: ;   {runtime_call I2C/C2I adapters}
  0x0000022b34cf2638: 00e9 37eb 

  0x0000022b34cf263c: ;   {runtime_call handle_exception_from_callee Runtime1 stub}
  0x0000022b34cf263c: 3307 e8bd 

  0x0000022b34cf2640: ;   {external_word}
  0x0000022b34cf2640: 2b42 0748 | b960 0367 | f1fb 7f00 | 0048 83e4 

  0x0000022b34cf2650: ;   {runtime_call}
  0x0000022b34cf2650: f048 b820 | 6129 f1fb | 7f00 00ff 

  0x0000022b34cf265c: ;   {section_word}
  0x0000022b34cf265c: d0f4 49ba | 5e26 cf34 | 2b02 0000 

  0x0000022b34cf2668: ;   {runtime_call DeoptimizationBlob}
  0x0000022b34cf2668: 4152 e931 | 2335 07f4 
[/MachCode]


---------------  P R O C E S S  ---------------

Threads class SMR info:
_java_thread_list=0x0000022b924fe3d0, length=19, elements={
0x0000022b2a023050, 0x0000022b4b9d6f40, 0x0000022b4b9d77a0, 0x0000022b4b9da500,
0x0000022b4b9daf10, 0x0000022b4b9e95a0, 0x0000022b4bb40090, 0x0000022b4bb41430,
0x0000022b4bb51ae0, 0x0000022b4bc2e8e0, 0x0000022b4bcefd40, 0x0000022b4bcfb840,
0x0000022b4bd2c180, 0x0000022b4be33030, 0x0000022b4be36270, 0x0000022b4be70d00,
0x0000022b91f72a70, 0x0000022b91f5ceb0, 0x0000022b9251ca40
}

Java Threads: ( => current thread )
  0x0000022b2a023050 JavaThread "main"                              [_thread_blocked, id=3764, stack(0x0000009663500000,0x0000009663600000) (1024K)]
  0x0000022b4b9d6f40 JavaThread "Reference Handler"          daemon [_thread_blocked, id=25516, stack(0x0000009663d00000,0x0000009663e00000) (1024K)]
  0x0000022b4b9d77a0 JavaThread "Finalizer"                  daemon [_thread_blocked, id=5868, stack(0x0000009663e00000,0x0000009663f00000) (1024K)]
  0x0000022b4b9da500 JavaThread "Signal Dispatcher"          daemon [_thread_blocked, id=27272, stack(0x0000009663f00000,0x0000009664000000) (1024K)]
  0x0000022b4b9daf10 JavaThread "Attach Listener"            daemon [_thread_blocked, id=21316, stack(0x0000009664000000,0x0000009664100000) (1024K)]
  0x0000022b4b9e95a0 JavaThread "Service Thread"             daemon [_thread_blocked, id=21004, stack(0x0000009664100000,0x0000009664200000) (1024K)]
  0x0000022b4bb40090 JavaThread "Monitor Deflation Thread"   daemon [_thread_blocked, id=9756, stack(0x0000009664200000,0x0000009664300000) (1024K)]
  0x0000022b4bb41430 JavaThread "C2 CompilerThread0"         daemon [_thread_blocked, id=11280, stack(0x0000009664300000,0x0000009664400000) (1024K)]
  0x0000022b4bb51ae0 JavaThread "C1 CompilerThread0"         daemon [_thread_blocked, id=2752, stack(0x0000009664400000,0x0000009664500000) (1024K)]
  0x0000022b4bc2e8e0 JavaThread "Common-Cleaner"             daemon [_thread_blocked, id=26324, stack(0x0000009664500000,0x0000009664600000) (1024K)]
  0x0000022b4bcefd40 JavaThread "JDWP Transport Listener: dt_socket" daemon [_thread_blocked, id=26648, stack(0x0000009664600000,0x0000009664700000) (1024K)]
  0x0000022b4bcfb840 JavaThread "JDWP Event Helper Thread"   daemon [_thread_blocked, id=13264, stack(0x0000009664700000,0x0000009664800000) (1024K)]
  0x0000022b4bd2c180 JavaThread "JDWP Command Reader"        daemon [_thread_in_native, id=24184, stack(0x0000009664800000,0x0000009664900000) (1024K)]
  0x0000022b4be33030 JavaThread "IntelliJ Suspend Helper"    daemon [_thread_blocked, id=22908, stack(0x0000009664900000,0x0000009664a00000) (1024K)]
  0x0000022b4be36270 JavaThread "Notification Thread"        daemon [_thread_blocked, id=9024, stack(0x0000009664a00000,0x0000009664b00000) (1024K)]
  0x0000022b4be70d00 JavaThread "C2 CompilerThread1"         daemon [_thread_in_native, id=17116, stack(0x0000009664b00000,0x0000009664c00000) (1024K)]
  0x0000022b91f72a70 JavaThread "Thread-0"                          [_thread_blocked, id=17304, stack(0x0000009665500000,0x0000009665600000) (1024K)]
  0x0000022b91f5ceb0 JavaThread "restartedMain"                     [_thread_in_vm, id=23860, stack(0x0000009665600000,0x0000009665700000) (1024K)]
=>0x0000022b9251ca40 JavaThread "background-preinit"                [_thread_in_vm, id=15428, stack(0x0000009665700000,0x0000009665800000) (1024K)]
Total: 19

Other Threads:
  0x0000022b4b9b7b50 VMThread "VM Thread"                           [id=25648, stack(0x0000009663c00000,0x0000009663d00000) (1024K)]
  0x0000022b4b9a7cc0 WatcherThread "VM Periodic Task Thread"        [id=18908, stack(0x0000009663b00000,0x0000009663c00000) (1024K)]
  0x0000022b2c436e80 WorkerThread "GC Thread#0"                     [id=11520, stack(0x0000009663600000,0x0000009663700000) (1024K)]
  0x0000022b91d18100 WorkerThread "GC Thread#1"                     [id=10280, stack(0x0000009664c00000,0x0000009664d00000) (1024K)]
  0x0000022b91adb4b0 WorkerThread "GC Thread#2"                     [id=25400, stack(0x0000009664d00000,0x0000009664e00000) (1024K)]
  0x0000022b91e311f0 WorkerThread "GC Thread#3"                     [id=21812, stack(0x0000009664e00000,0x0000009664f00000) (1024K)]
  0x0000022b91e30ab0 WorkerThread "GC Thread#4"                     [id=13956, stack(0x0000009664f00000,0x0000009665000000) (1024K)]
  0x0000022b91e31590 WorkerThread "GC Thread#5"                     [id=13036, stack(0x0000009665000000,0x0000009665100000) (1024K)]
  0x0000022b91e32070 WorkerThread "GC Thread#6"                     [id=24572, stack(0x0000009665100000,0x0000009665200000) (1024K)]
  0x0000022b91e32410 WorkerThread "GC Thread#7"                     [id=22912, stack(0x0000009665200000,0x0000009665300000) (1024K)]
  0x0000022b91e30e50 WorkerThread "GC Thread#8"                     [id=12108, stack(0x0000009665300000,0x0000009665400000) (1024K)]
  0x0000022b91e31930 WorkerThread "GC Thread#9"                     [id=24012, stack(0x0000009665400000,0x0000009665500000) (1024K)]
  0x0000022b2c447bf0 ConcurrentGCThread "G1 Main Marker"            [id=12320, stack(0x0000009663700000,0x0000009663800000) (1024K)]
  0x0000022b2c44a110 WorkerThread "G1 Conc#0"                       [id=7876, stack(0x0000009663800000,0x0000009663900000) (1024K)]
  0x0000022b4b87c560 ConcurrentGCThread "G1 Refine#0"               [id=25512, stack(0x0000009663900000,0x0000009663a00000) (1024K)]
  0x0000022b4b87cb80 ConcurrentGCThread "G1 Service"                [id=24912, stack(0x0000009663a00000,0x0000009663b00000) (1024K)]
Total: 16

Threads with active compile tasks:
C2 CompilerThread1  3476 2217       4       java.lang.invoke.MethodType::methodType (69 bytes)
Total: 1

VM state: not at safepoint (normal execution)

VM Mutex/Monitor currently owned by a thread:  ([mutex/lock_event])
[0x00007ffbf19287c8] Metaspace_lock - owner thread: 0x0000022b9251ca40

Heap address: 0x0000000705800000, size: 4008 MB, Compressed Oops mode: Zero based, Oop shift amount: 3

CDS archive(s) mapped at: [0x0000022b4c000000-0x0000022b4cc80000-0x0000022b4cc80000), size 13107200, SharedBaseAddress: 0x0000022b4c000000, ArchiveRelocationMode: 1.
Compressed class space mapped at: 0x0000022b4d000000-0x0000022b8d000000, reserved size: 1073741824
Narrow klass base: 0x0000022b4c000000, Narrow klass shift: 0, Narrow klass range: 0x100000000

GC Precious Log:
 CardTable entry size: 512
 Card Set container configuration: InlinePtr #cards 4 size 8 Array Of Cards #cards 16 size 48 Howl #buckets 8 coarsen threshold 3686 Howl Bitmap #cards 512 size 80 coarsen threshold 460 Card regions per heap region 1 cards per card region 4096
 CPUs: 12 total, 12 available
 Memory: 16024M
 Large Page Support: Disabled
 NUMA Support: Disabled
 Compressed Oops: Enabled (Zero based)
 Heap Region Size: 2M
 Heap Min Capacity: 8M
 Heap Initial Capacity: 252M
 Heap Max Capacity: 4008M
 Pre-touch: Disabled
 Parallel Workers: 10
 Concurrent Workers: 3
 Concurrent Refinement Workers: 10
 Periodic GC: Disabled

Heap:
 garbage-first heap   total 258048K, used 30210K [0x0000000705800000, 0x0000000800000000)
  region size 2048K, 14 young (28672K), 2 survivors (4096K)
 Metaspace       used 20547K, committed 20928K, reserved 1114112K
  class space    used 2395K, committed 2560K, reserved 1048576K

Heap Regions: E=young(eden), S=young(survivor), O=old, HS=humongous(starts), HC=humongous(continues), CS=collection set, F=free, TAMS=top-at-mark-start, PB=parsable bottom
|   0|0x0000000705800000, 0x0000000705a00000, 0x0000000705a00000|100%| O|  |TAMS 0x0000000705800000| PB 0x0000000705800000| Untracked 
|   1|0x0000000705a00000, 0x0000000705c00000, 0x0000000705c00000|100%| O|  |TAMS 0x0000000705a00000| PB 0x0000000705a00000| Untracked 
|   2|0x0000000705c00000, 0x0000000705d45d20, 0x0000000705e00000| 63%| O|  |TAMS 0x0000000705c00000| PB 0x0000000705c00000| Untracked 
|   3|0x0000000705e00000, 0x0000000705e00000, 0x0000000706000000|  0%| F|  |TAMS 0x0000000705e00000| PB 0x0000000705e00000| Untracked 
|   4|0x0000000706000000, 0x0000000706000000, 0x0000000706200000|  0%| F|  |TAMS 0x0000000706000000| PB 0x0000000706000000| Untracked 
|   5|0x0000000706200000, 0x0000000706200000, 0x0000000706400000|  0%| F|  |TAMS 0x0000000706200000| PB 0x0000000706200000| Untracked 
|   6|0x0000000706400000, 0x0000000706400000, 0x0000000706600000|  0%| F|  |TAMS 0x0000000706400000| PB 0x0000000706400000| Untracked 
|   7|0x0000000706600000, 0x0000000706600000, 0x0000000706800000|  0%| F|  |TAMS 0x0000000706600000| PB 0x0000000706600000| Untracked 
|   8|0x0000000706800000, 0x0000000706800000, 0x0000000706a00000|  0%| F|  |TAMS 0x0000000706800000| PB 0x0000000706800000| Untracked 
|   9|0x0000000706a00000, 0x0000000706a00000, 0x0000000706c00000|  0%| F|  |TAMS 0x0000000706a00000| PB 0x0000000706a00000| Untracked 
|  10|0x0000000706c00000, 0x0000000706c00000, 0x0000000706e00000|  0%| F|  |TAMS 0x0000000706c00000| PB 0x0000000706c00000| Untracked 
|  11|0x0000000706e00000, 0x0000000706e00000, 0x0000000707000000|  0%| F|  |TAMS 0x0000000706e00000| PB 0x0000000706e00000| Untracked 
|  12|0x0000000707000000, 0x0000000707000000, 0x0000000707200000|  0%| F|  |TAMS 0x0000000707000000| PB 0x0000000707000000| Untracked 
|  13|0x0000000707200000, 0x0000000707200000, 0x0000000707400000|  0%| F|  |TAMS 0x0000000707200000| PB 0x0000000707200000| Untracked 
|  14|0x0000000707400000, 0x0000000707400000, 0x0000000707600000|  0%| F|  |TAMS 0x0000000707400000| PB 0x0000000707400000| Untracked 
|  15|0x0000000707600000, 0x0000000707600000, 0x0000000707800000|  0%| F|  |TAMS 0x0000000707600000| PB 0x0000000707600000| Untracked 
|  16|0x0000000707800000, 0x0000000707800000, 0x0000000707a00000|  0%| F|  |TAMS 0x0000000707800000| PB 0x0000000707800000| Untracked 
|  17|0x0000000707a00000, 0x0000000707a00000, 0x0000000707c00000|  0%| F|  |TAMS 0x0000000707a00000| PB 0x0000000707a00000| Untracked 
|  18|0x0000000707c00000, 0x0000000707c00000, 0x0000000707e00000|  0%| F|  |TAMS 0x0000000707c00000| PB 0x0000000707c00000| Untracked 
|  19|0x0000000707e00000, 0x0000000707e00000, 0x0000000708000000|  0%| F|  |TAMS 0x0000000707e00000| PB 0x0000000707e00000| Untracked 
|  20|0x0000000708000000, 0x0000000708000000, 0x0000000708200000|  0%| F|  |TAMS 0x0000000708000000| PB 0x0000000708000000| Untracked 
|  21|0x0000000708200000, 0x0000000708200000, 0x0000000708400000|  0%| F|  |TAMS 0x0000000708200000| PB 0x0000000708200000| Untracked 
|  22|0x0000000708400000, 0x0000000708400000, 0x0000000708600000|  0%| F|  |TAMS 0x0000000708400000| PB 0x0000000708400000| Untracked 
|  23|0x0000000708600000, 0x0000000708600000, 0x0000000708800000|  0%| F|  |TAMS 0x0000000708600000| PB 0x0000000708600000| Untracked 
|  24|0x0000000708800000, 0x0000000708800000, 0x0000000708a00000|  0%| F|  |TAMS 0x0000000708800000| PB 0x0000000708800000| Untracked 
|  25|0x0000000708a00000, 0x0000000708a00000, 0x0000000708c00000|  0%| F|  |TAMS 0x0000000708a00000| PB 0x0000000708a00000| Untracked 
|  26|0x0000000708c00000, 0x0000000708c00000, 0x0000000708e00000|  0%| F|  |TAMS 0x0000000708c00000| PB 0x0000000708c00000| Untracked 
|  27|0x0000000708e00000, 0x0000000708e00000, 0x0000000709000000|  0%| F|  |TAMS 0x0000000708e00000| PB 0x0000000708e00000| Untracked 
|  28|0x0000000709000000, 0x0000000709000000, 0x0000000709200000|  0%| F|  |TAMS 0x0000000709000000| PB 0x0000000709000000| Untracked 
|  29|0x0000000709200000, 0x0000000709200000, 0x0000000709400000|  0%| F|  |TAMS 0x0000000709200000| PB 0x0000000709200000| Untracked 
|  30|0x0000000709400000, 0x0000000709400000, 0x0000000709600000|  0%| F|  |TAMS 0x0000000709400000| PB 0x0000000709400000| Untracked 
|  31|0x0000000709600000, 0x0000000709600000, 0x0000000709800000|  0%| F|  |TAMS 0x0000000709600000| PB 0x0000000709600000| Untracked 
|  32|0x0000000709800000, 0x0000000709800000, 0x0000000709a00000|  0%| F|  |TAMS 0x0000000709800000| PB 0x0000000709800000| Untracked 
|  33|0x0000000709a00000, 0x0000000709a00000, 0x0000000709c00000|  0%| F|  |TAMS 0x0000000709a00000| PB 0x0000000709a00000| Untracked 
|  34|0x0000000709c00000, 0x0000000709c00000, 0x0000000709e00000|  0%| F|  |TAMS 0x0000000709c00000| PB 0x0000000709c00000| Untracked 
|  35|0x0000000709e00000, 0x0000000709e00000, 0x000000070a000000|  0%| F|  |TAMS 0x0000000709e00000| PB 0x0000000709e00000| Untracked 
|  36|0x000000070a000000, 0x000000070a000000, 0x000000070a200000|  0%| F|  |TAMS 0x000000070a000000| PB 0x000000070a000000| Untracked 
|  37|0x000000070a200000, 0x000000070a200000, 0x000000070a400000|  0%| F|  |TAMS 0x000000070a200000| PB 0x000000070a200000| Untracked 
|  38|0x000000070a400000, 0x000000070a400000, 0x000000070a600000|  0%| F|  |TAMS 0x000000070a400000| PB 0x000000070a400000| Untracked 
|  39|0x000000070a600000, 0x000000070a600000, 0x000000070a800000|  0%| F|  |TAMS 0x000000070a600000| PB 0x000000070a600000| Untracked 
|  40|0x000000070a800000, 0x000000070a800000, 0x000000070aa00000|  0%| F|  |TAMS 0x000000070a800000| PB 0x000000070a800000| Untracked 
|  41|0x000000070aa00000, 0x000000070aa00000, 0x000000070ac00000|  0%| F|  |TAMS 0x000000070aa00000| PB 0x000000070aa00000| Untracked 
|  42|0x000000070ac00000, 0x000000070ac00000, 0x000000070ae00000|  0%| F|  |TAMS 0x000000070ac00000| PB 0x000000070ac00000| Untracked 
|  43|0x000000070ae00000, 0x000000070ae00000, 0x000000070b000000|  0%| F|  |TAMS 0x000000070ae00000| PB 0x000000070ae00000| Untracked 
|  44|0x000000070b000000, 0x000000070b000000, 0x000000070b200000|  0%| F|  |TAMS 0x000000070b000000| PB 0x000000070b000000| Untracked 
|  45|0x000000070b200000, 0x000000070b200000, 0x000000070b400000|  0%| F|  |TAMS 0x000000070b200000| PB 0x000000070b200000| Untracked 
|  46|0x000000070b400000, 0x000000070b400000, 0x000000070b600000|  0%| F|  |TAMS 0x000000070b400000| PB 0x000000070b400000| Untracked 
|  47|0x000000070b600000, 0x000000070b600000, 0x000000070b800000|  0%| F|  |TAMS 0x000000070b600000| PB 0x000000070b600000| Untracked 
|  48|0x000000070b800000, 0x000000070b800000, 0x000000070ba00000|  0%| F|  |TAMS 0x000000070b800000| PB 0x000000070b800000| Untracked 
|  49|0x000000070ba00000, 0x000000070ba00000, 0x000000070bc00000|  0%| F|  |TAMS 0x000000070ba00000| PB 0x000000070ba00000| Untracked 
|  50|0x000000070bc00000, 0x000000070bc00000, 0x000000070be00000|  0%| F|  |TAMS 0x000000070bc00000| PB 0x000000070bc00000| Untracked 
|  51|0x000000070be00000, 0x000000070be00000, 0x000000070c000000|  0%| F|  |TAMS 0x000000070be00000| PB 0x000000070be00000| Untracked 
|  52|0x000000070c000000, 0x000000070c000000, 0x000000070c200000|  0%| F|  |TAMS 0x000000070c000000| PB 0x000000070c000000| Untracked 
|  53|0x000000070c200000, 0x000000070c200000, 0x000000070c400000|  0%| F|  |TAMS 0x000000070c200000| PB 0x000000070c200000| Untracked 
|  54|0x000000070c400000, 0x000000070c400000, 0x000000070c600000|  0%| F|  |TAMS 0x000000070c400000| PB 0x000000070c400000| Untracked 
|  55|0x000000070c600000, 0x000000070c600000, 0x000000070c800000|  0%| F|  |TAMS 0x000000070c600000| PB 0x000000070c600000| Untracked 
|  56|0x000000070c800000, 0x000000070c800000, 0x000000070ca00000|  0%| F|  |TAMS 0x000000070c800000| PB 0x000000070c800000| Untracked 
|  57|0x000000070ca00000, 0x000000070ca00000, 0x000000070cc00000|  0%| F|  |TAMS 0x000000070ca00000| PB 0x000000070ca00000| Untracked 
|  58|0x000000070cc00000, 0x000000070cc00000, 0x000000070ce00000|  0%| F|  |TAMS 0x000000070cc00000| PB 0x000000070cc00000| Untracked 
|  59|0x000000070ce00000, 0x000000070ce00000, 0x000000070d000000|  0%| F|  |TAMS 0x000000070ce00000| PB 0x000000070ce00000| Untracked 
|  60|0x000000070d000000, 0x000000070d000000, 0x000000070d200000|  0%| F|  |TAMS 0x000000070d000000| PB 0x000000070d000000| Untracked 
|  61|0x000000070d200000, 0x000000070d200000, 0x000000070d400000|  0%| F|  |TAMS 0x000000070d200000| PB 0x000000070d200000| Untracked 
|  62|0x000000070d400000, 0x000000070d400000, 0x000000070d600000|  0%| F|  |TAMS 0x000000070d400000| PB 0x000000070d400000| Untracked 
|  63|0x000000070d600000, 0x000000070d600000, 0x000000070d800000|  0%| F|  |TAMS 0x000000070d600000| PB 0x000000070d600000| Untracked 
|  64|0x000000070d800000, 0x000000070d800000, 0x000000070da00000|  0%| F|  |TAMS 0x000000070d800000| PB 0x000000070d800000| Untracked 
|  65|0x000000070da00000, 0x000000070da00000, 0x000000070dc00000|  0%| F|  |TAMS 0x000000070da00000| PB 0x000000070da00000| Untracked 
|  66|0x000000070dc00000, 0x000000070dc00000, 0x000000070de00000|  0%| F|  |TAMS 0x000000070dc00000| PB 0x000000070dc00000| Untracked 
|  67|0x000000070de00000, 0x000000070de00000, 0x000000070e000000|  0%| F|  |TAMS 0x000000070de00000| PB 0x000000070de00000| Untracked 
|  68|0x000000070e000000, 0x000000070e000000, 0x000000070e200000|  0%| F|  |TAMS 0x000000070e000000| PB 0x000000070e000000| Untracked 
|  69|0x000000070e200000, 0x000000070e200000, 0x000000070e400000|  0%| F|  |TAMS 0x000000070e200000| PB 0x000000070e200000| Untracked 
|  70|0x000000070e400000, 0x000000070e400000, 0x000000070e600000|  0%| F|  |TAMS 0x000000070e400000| PB 0x000000070e400000| Untracked 
|  71|0x000000070e600000, 0x000000070e600000, 0x000000070e800000|  0%| F|  |TAMS 0x000000070e600000| PB 0x000000070e600000| Untracked 
|  72|0x000000070e800000, 0x000000070e800000, 0x000000070ea00000|  0%| F|  |TAMS 0x000000070e800000| PB 0x000000070e800000| Untracked 
|  73|0x000000070ea00000, 0x000000070ea00000, 0x000000070ec00000|  0%| F|  |TAMS 0x000000070ea00000| PB 0x000000070ea00000| Untracked 
|  74|0x000000070ec00000, 0x000000070ec00000, 0x000000070ee00000|  0%| F|  |TAMS 0x000000070ec00000| PB 0x000000070ec00000| Untracked 
|  75|0x000000070ee00000, 0x000000070ee00000, 0x000000070f000000|  0%| F|  |TAMS 0x000000070ee00000| PB 0x000000070ee00000| Untracked 
|  76|0x000000070f000000, 0x000000070f000000, 0x000000070f200000|  0%| F|  |TAMS 0x000000070f000000| PB 0x000000070f000000| Untracked 
|  77|0x000000070f200000, 0x000000070f200000, 0x000000070f400000|  0%| F|  |TAMS 0x000000070f200000| PB 0x000000070f200000| Untracked 
|  78|0x000000070f400000, 0x000000070f400000, 0x000000070f600000|  0%| F|  |TAMS 0x000000070f400000| PB 0x000000070f400000| Untracked 
|  79|0x000000070f600000, 0x000000070f600000, 0x000000070f800000|  0%| F|  |TAMS 0x000000070f600000| PB 0x000000070f600000| Untracked 
|  80|0x000000070f800000, 0x000000070f800000, 0x000000070fa00000|  0%| F|  |TAMS 0x000000070f800000| PB 0x000000070f800000| Untracked 
|  81|0x000000070fa00000, 0x000000070fa00000, 0x000000070fc00000|  0%| F|  |TAMS 0x000000070fa00000| PB 0x000000070fa00000| Untracked 
|  82|0x000000070fc00000, 0x000000070fc00000, 0x000000070fe00000|  0%| F|  |TAMS 0x000000070fc00000| PB 0x000000070fc00000| Untracked 
|  83|0x000000070fe00000, 0x000000070fe00000, 0x0000000710000000|  0%| F|  |TAMS 0x000000070fe00000| PB 0x000000070fe00000| Untracked 
|  84|0x0000000710000000, 0x0000000710000000, 0x0000000710200000|  0%| F|  |TAMS 0x0000000710000000| PB 0x0000000710000000| Untracked 
|  85|0x0000000710200000, 0x0000000710200000, 0x0000000710400000|  0%| F|  |TAMS 0x0000000710200000| PB 0x0000000710200000| Untracked 
|  86|0x0000000710400000, 0x0000000710400000, 0x0000000710600000|  0%| F|  |TAMS 0x0000000710400000| PB 0x0000000710400000| Untracked 
|  87|0x0000000710600000, 0x0000000710600000, 0x0000000710800000|  0%| F|  |TAMS 0x0000000710600000| PB 0x0000000710600000| Untracked 
|  88|0x0000000710800000, 0x0000000710800000, 0x0000000710a00000|  0%| F|  |TAMS 0x0000000710800000| PB 0x0000000710800000| Untracked 
|  89|0x0000000710a00000, 0x0000000710a00000, 0x0000000710c00000|  0%| F|  |TAMS 0x0000000710a00000| PB 0x0000000710a00000| Untracked 
|  90|0x0000000710c00000, 0x0000000710c00000, 0x0000000710e00000|  0%| F|  |TAMS 0x0000000710c00000| PB 0x0000000710c00000| Untracked 
|  91|0x0000000710e00000, 0x0000000710e00000, 0x0000000711000000|  0%| F|  |TAMS 0x0000000710e00000| PB 0x0000000710e00000| Untracked 
|  92|0x0000000711000000, 0x0000000711000000, 0x0000000711200000|  0%| F|  |TAMS 0x0000000711000000| PB 0x0000000711000000| Untracked 
|  93|0x0000000711200000, 0x0000000711200000, 0x0000000711400000|  0%| F|  |TAMS 0x0000000711200000| PB 0x0000000711200000| Untracked 
|  94|0x0000000711400000, 0x0000000711400000, 0x0000000711600000|  0%| F|  |TAMS 0x0000000711400000| PB 0x0000000711400000| Untracked 
|  95|0x0000000711600000, 0x0000000711600000, 0x0000000711800000|  0%| F|  |TAMS 0x0000000711600000| PB 0x0000000711600000| Untracked 
|  96|0x0000000711800000, 0x0000000711800000, 0x0000000711a00000|  0%| F|  |TAMS 0x0000000711800000| PB 0x0000000711800000| Untracked 
|  97|0x0000000711a00000, 0x0000000711a00000, 0x0000000711c00000|  0%| F|  |TAMS 0x0000000711a00000| PB 0x0000000711a00000| Untracked 
|  98|0x0000000711c00000, 0x0000000711c00000, 0x0000000711e00000|  0%| F|  |TAMS 0x0000000711c00000| PB 0x0000000711c00000| Untracked 
|  99|0x0000000711e00000, 0x0000000711e00000, 0x0000000712000000|  0%| F|  |TAMS 0x0000000711e00000| PB 0x0000000711e00000| Untracked 
| 100|0x0000000712000000, 0x0000000712000000, 0x0000000712200000|  0%| F|  |TAMS 0x0000000712000000| PB 0x0000000712000000| Untracked 
| 101|0x0000000712200000, 0x0000000712200000, 0x0000000712400000|  0%| F|  |TAMS 0x0000000712200000| PB 0x0000000712200000| Untracked 
| 102|0x0000000712400000, 0x0000000712400000, 0x0000000712600000|  0%| F|  |TAMS 0x0000000712400000| PB 0x0000000712400000| Untracked 
| 103|0x0000000712600000, 0x0000000712600000, 0x0000000712800000|  0%| F|  |TAMS 0x0000000712600000| PB 0x0000000712600000| Untracked 
| 104|0x0000000712800000, 0x0000000712800000, 0x0000000712a00000|  0%| F|  |TAMS 0x0000000712800000| PB 0x0000000712800000| Untracked 
| 105|0x0000000712a00000, 0x0000000712a00000, 0x0000000712c00000|  0%| F|  |TAMS 0x0000000712a00000| PB 0x0000000712a00000| Untracked 
| 106|0x0000000712c00000, 0x0000000712c00000, 0x0000000712e00000|  0%| F|  |TAMS 0x0000000712c00000| PB 0x0000000712c00000| Untracked 
| 107|0x0000000712e00000, 0x0000000712e00000, 0x0000000713000000|  0%| F|  |TAMS 0x0000000712e00000| PB 0x0000000712e00000| Untracked 
| 108|0x0000000713000000, 0x000000071303ac28, 0x0000000713200000| 11%| S|CS|TAMS 0x0000000713000000| PB 0x0000000713000000| Complete 
| 109|0x0000000713200000, 0x0000000713400000, 0x0000000713400000|100%| S|CS|TAMS 0x0000000713200000| PB 0x0000000713200000| Complete 
| 110|0x0000000713400000, 0x0000000713400000, 0x0000000713600000|  0%| F|  |TAMS 0x0000000713400000| PB 0x0000000713400000| Untracked 
| 111|0x0000000713600000, 0x0000000713600000, 0x0000000713800000|  0%| F|  |TAMS 0x0000000713600000| PB 0x0000000713600000| Untracked 
| 112|0x0000000713800000, 0x0000000713800000, 0x0000000713a00000|  0%| F|  |TAMS 0x0000000713800000| PB 0x0000000713800000| Untracked 
| 113|0x0000000713a00000, 0x0000000713a00000, 0x0000000713c00000|  0%| F|  |TAMS 0x0000000713a00000| PB 0x0000000713a00000| Untracked 
| 114|0x0000000713c00000, 0x0000000713d76a80, 0x0000000713e00000| 73%| E|  |TAMS 0x0000000713c00000| PB 0x0000000713c00000| Complete 
| 115|0x0000000713e00000, 0x0000000714000000, 0x0000000714000000|100%| E|CS|TAMS 0x0000000713e00000| PB 0x0000000713e00000| Complete 
| 116|0x0000000714000000, 0x0000000714200000, 0x0000000714200000|100%| E|CS|TAMS 0x0000000714000000| PB 0x0000000714000000| Complete 
| 117|0x0000000714200000, 0x0000000714400000, 0x0000000714400000|100%| E|CS|TAMS 0x0000000714200000| PB 0x0000000714200000| Complete 
| 118|0x0000000714400000, 0x0000000714600000, 0x0000000714600000|100%| E|CS|TAMS 0x0000000714400000| PB 0x0000000714400000| Complete 
| 119|0x0000000714600000, 0x0000000714800000, 0x0000000714800000|100%| E|CS|TAMS 0x0000000714600000| PB 0x0000000714600000| Complete 
| 120|0x0000000714800000, 0x0000000714a00000, 0x0000000714a00000|100%| E|CS|TAMS 0x0000000714800000| PB 0x0000000714800000| Complete 
| 121|0x0000000714a00000, 0x0000000714c00000, 0x0000000714c00000|100%| E|CS|TAMS 0x0000000714a00000| PB 0x0000000714a00000| Complete 
| 122|0x0000000714c00000, 0x0000000714e00000, 0x0000000714e00000|100%| E|CS|TAMS 0x0000000714c00000| PB 0x0000000714c00000| Complete 
| 123|0x0000000714e00000, 0x0000000715000000, 0x0000000715000000|100%| E|CS|TAMS 0x0000000714e00000| PB 0x0000000714e00000| Complete 
| 124|0x0000000715000000, 0x0000000715200000, 0x0000000715200000|100%| E|CS|TAMS 0x0000000715000000| PB 0x0000000715000000| Complete 
| 125|0x0000000715200000, 0x0000000715400000, 0x0000000715400000|100%| E|CS|TAMS 0x0000000715200000| PB 0x0000000715200000| Complete 

Card table byte_map: [0x0000022b447f0000,0x0000022b44fd0000] _byte_map_base: 0x0000022b40fc4000

Marking Bits: (CMBitMap*) 0x0000022b2c437580
 Bits: [0x0000022b44fd0000, 0x0000022b48e70000)

Polling page: 0x0000022b2a270000

Metaspace:

Usage:
  Non-class:     17.73 MB used.
      Class:      2.34 MB used.
       Both:     20.07 MB used.

Virtual space:
  Non-class space:       64.00 MB reserved,      17.94 MB ( 28%) committed,  1 nodes.
      Class space:        1.00 GB reserved,       2.50 MB ( <1%) committed,  1 nodes.
             Both:        1.06 GB reserved,      20.44 MB (  2%) committed. 

Chunk freelists:
   Non-Class:  13.73 MB
       Class:  13.44 MB
        Both:  27.17 MB

MaxMetaspaceSize: unlimited
CompressedClassSpaceSize: 1.00 GB
Initial GC threshold: 21.00 MB
Current GC threshold: 21.00 MB
CDS: on
 - commit_granule_bytes: 65536.
 - commit_granule_words: 8192.
 - virtual_space_node_default_size: 8388608.
 - enlarge_chunks_in_place: 1.
 - use_allocation_guard: 0.


Internal statistics:

num_allocs_failed_limit: 0.
num_arena_births: 450.
num_arena_deaths: 0.
num_vsnodes_births: 2.
num_vsnodes_deaths: 0.
num_space_committed: 327.
num_space_uncommitted: 0.
num_chunks_returned_to_freelist: 0.
num_chunks_taken_from_freelist: 1056.
num_chunk_merges: 0.
num_chunk_splits: 666.
num_chunks_enlarged: 410.
num_inconsistent_stats: 0.

CodeHeap 'non-profiled nmethods': size=120000Kb used=838Kb max_used=838Kb free=119161Kb
 bounds [0x0000022b3c590000, 0x0000022b3c800000, 0x0000022b43ac0000]
CodeHeap 'profiled nmethods': size=120000Kb used=4201Kb max_used=4201Kb free=115799Kb
 bounds [0x0000022b34ac0000, 0x0000022b34ee0000, 0x0000022b3bff0000]
CodeHeap 'non-nmethods': size=5760Kb used=1484Kb max_used=1497Kb free=4275Kb
 bounds [0x0000022b3bff0000, 0x0000022b3c260000, 0x0000022b3c590000]
CodeCache: size=245760Kb, used=6523Kb, max_used=6536Kb, free=239235Kb
 total_blobs=2771, nmethods=2258, adapters=417, full_count=0
Compilation: enabled, stopped_count=0, restarted_count=0

Compilation events (20 events):
Event: 3.340 Thread 0x0000022b4bb51ae0 2253       3       java.lang.invoke.LambdaForm$MH/0x0000022b4d089000::invoke (32 bytes)
Event: 3.341 Thread 0x0000022b4bb51ae0 nmethod 2253 0x0000022b34ed6210 code [0x0000022b34ed63e0, 0x0000022b34ed68e0]
Event: 3.344 Thread 0x0000022b4bb51ae0 2254       1       ch.qos.logback.core.pattern.Converter::getNext (5 bytes)
Event: 3.344 Thread 0x0000022b4bb51ae0 nmethod 2254 0x0000022b3c661690 code [0x0000022b3c661820, 0x0000022b3c6618f0]
Event: 3.367 Thread 0x0000022b4bb51ae0 2255       3       org.apache.commons.logging.impl.Slf4jLogFactory$Slf4jLocationAwareLog::isTraceEnabled (13 bytes)
Event: 3.367 Thread 0x0000022b4bb51ae0 nmethod 2255 0x0000022b34ed6a90 code [0x0000022b34ed6c40, 0x0000022b34ed6e40]
Event: 3.367 Thread 0x0000022b4bb51ae0 2256       3       ch.qos.logback.classic.Logger::isTraceEnabled (67 bytes)
Event: 3.368 Thread 0x0000022b4bb51ae0 nmethod 2256 0x0000022b34ed6f90 code [0x0000022b34ed71a0, 0x0000022b34ed7710]
Event: 3.381 Thread 0x0000022b4bb51ae0 2257       3       org.springframework.core.annotation.AnnotationTypeMappings::get (14 bytes)
Event: 3.382 Thread 0x0000022b4bb51ae0 nmethod 2257 0x0000022b34ed7910 code [0x0000022b34ed7ac0, 0x0000022b34ed7da0]
Event: 3.382 Thread 0x0000022b4bb51ae0 2261       3       jdk.internal.loader.AbstractClassLoaderValue$Sub::hashCode (19 bytes)
Event: 3.382 Thread 0x0000022b4bb51ae0 nmethod 2261 0x0000022b34ed7e90 code [0x0000022b34ed8060, 0x0000022b34ed83e0]
Event: 3.382 Thread 0x0000022b4bb51ae0 2262       3       jdk.internal.loader.AbstractClassLoaderValue::extractValue (17 bytes)
Event: 3.382 Thread 0x0000022b4bb51ae0 nmethod 2262 0x0000022b34ed8510 code [0x0000022b34ed86e0, 0x0000022b34ed8a70]
Event: 3.382 Thread 0x0000022b4bb51ae0 2260       3       java.lang.ClassLoader::createOrGetClassLoaderValueMap (37 bytes)
Event: 3.383 Thread 0x0000022b4bb51ae0 nmethod 2260 0x0000022b34ed8b90 code [0x0000022b34ed8d60, 0x0000022b34ed90c8]
Event: 3.383 Thread 0x0000022b4bb51ae0 2258       3       org.springframework.util.ConcurrentReferenceHashMap$6::<init> (23 bytes)
Event: 3.383 Thread 0x0000022b4bb51ae0 nmethod 2258 0x0000022b34ed9210 code [0x0000022b34ed9400, 0x0000022b34ed98b8]
Event: 3.383 Thread 0x0000022b4bb51ae0 2259       3       org.springframework.util.ConcurrentReferenceHashMap$6::execute (54 bytes)
Event: 3.384 Thread 0x0000022b4bb51ae0 nmethod 2259 0x0000022b34ed9a90 code [0x0000022b34ed9ca0, 0x0000022b34eda1b8]

GC Heap History (4 events):
Event: 1.840 GC heap before
{Heap before GC invocations=0 (full 0):
 garbage-first heap   total 258048K, used 22528K [0x0000000705800000, 0x0000000800000000)
  region size 2048K, 11 young (22528K), 0 survivors (0K)
 Metaspace       used 7674K, committed 7936K, reserved 1114112K
  class space    used 754K, committed 896K, reserved 1048576K
}
Event: 1.846 GC heap after
{Heap after GC invocations=1 (full 0):
 garbage-first heap   total 258048K, used 5329K [0x0000000705800000, 0x0000000800000000)
  region size 2048K, 2 young (4096K), 2 survivors (4096K)
 Metaspace       used 7674K, committed 7936K, reserved 1114112K
  class space    used 754K, committed 896K, reserved 1048576K
}
Event: 3.000 GC heap before
{Heap before GC invocations=1 (full 0):
 garbage-first heap   total 258048K, used 34001K [0x0000000705800000, 0x0000000800000000)
  region size 2048K, 16 young (32768K), 2 survivors (4096K)
 Metaspace       used 14761K, committed 15104K, reserved 1114112K
  class space    used 1708K, committed 1856K, reserved 1048576K
}
Event: 3.005 GC heap after
{Heap after GC invocations=2 (full 0):
 garbage-first heap   total 258048K, used 7682K [0x0000000705800000, 0x0000000800000000)
  region size 2048K, 2 young (4096K), 2 survivors (4096K)
 Metaspace       used 14761K, committed 15104K, reserved 1114112K
  class space    used 1708K, committed 1856K, reserved 1048576K
}

Dll operation events (10 events):
Event: 0.017 Loaded shared library C:\Users\araom\.jdks\ms-21.0.8\bin\java.dll
Event: 0.020 Loaded shared library C:\Users\araom\.jdks\ms-21.0.8\bin\zip.dll
Event: 0.063 Loaded shared library C:\Users\araom\.jdks\ms-21.0.8\bin\jsvml.dll
Event: 0.879 Loaded shared library C:\Users\araom\.jdks\ms-21.0.8\bin\instrument.dll
Event: 1.001 Loaded shared library C:\Users\araom\.jdks\ms-21.0.8\bin\net.dll
Event: 1.004 Loaded shared library C:\Users\araom\.jdks\ms-21.0.8\bin\nio.dll
Event: 1.020 Loaded shared library C:\Users\araom\.jdks\ms-21.0.8\bin\zip.dll
Event: 1.186 Loaded shared library C:\Users\araom\.jdks\ms-21.0.8\bin\jimage.dll
Event: 1.949 Loaded shared library C:\Users\araom\.jdks\ms-21.0.8\bin\management.dll
Event: 1.959 Loaded shared library C:\Users\araom\.jdks\ms-21.0.8\bin\management_ext.dll

Deoptimization events (20 events):
Event: 3.220 Thread 0x0000022b91f5ceb0 Uncommon trap: trap_request=0xffffff45 fr.pc=0x0000022b3c600204 relative=0x0000000000000344
Event: 3.220 Thread 0x0000022b91f5ceb0 Uncommon trap: reason=unstable_if action=reinterpret pc=0x0000022b3c600204 method=jdk.internal.org.objectweb.asm.SymbolTable.put(Ljdk/internal/org/objectweb/asm/SymbolTable$Entry;)Ljdk/internal/org/objectweb/asm/SymbolTable$Entry; @ 13 c2
Event: 3.220 Thread 0x0000022b91f5ceb0 DEOPT PACKING pc=0x0000022b3c600204 sp=0x00000096656fdac0
Event: 3.220 Thread 0x0000022b91f5ceb0 DEOPT UNPACKING pc=0x0000022b3c0446a2 sp=0x00000096656fda50 mode 2
Event: 3.230 Thread 0x0000022b91f5ceb0 Uncommon trap: trap_request=0xffffff45 fr.pc=0x0000022b3c64e794 relative=0x00000000000008f4
Event: 3.230 Thread 0x0000022b91f5ceb0 Uncommon trap: reason=unstable_if action=reinterpret pc=0x0000022b3c64e794 method=jdk.internal.org.objectweb.asm.SymbolTable.put(Ljdk/internal/org/objectweb/asm/SymbolTable$Entry;)Ljdk/internal/org/objectweb/asm/SymbolTable$Entry; @ 13 c2
Event: 3.230 Thread 0x0000022b91f5ceb0 DEOPT PACKING pc=0x0000022b3c64e794 sp=0x00000096656fda80
Event: 3.230 Thread 0x0000022b91f5ceb0 DEOPT UNPACKING pc=0x0000022b3c0446a2 sp=0x00000096656fd9a0 mode 2
Event: 3.348 Thread 0x0000022b91f5ceb0 DEOPT PACKING pc=0x0000022b34c3f969 sp=0x00000096656fd6d0
Event: 3.348 Thread 0x0000022b91f5ceb0 DEOPT UNPACKING pc=0x0000022b3c044e42 sp=0x00000096656fcb28 mode 1
Event: 3.348 Thread 0x0000022b91f5ceb0 DEOPT PACKING pc=0x0000022b34c3f2e4 sp=0x00000096656fd760
Event: 3.348 Thread 0x0000022b91f5ceb0 DEOPT UNPACKING pc=0x0000022b3c044e42 sp=0x00000096656fcc08 mode 1
Event: 3.348 Thread 0x0000022b91f5ceb0 DEOPT PACKING pc=0x0000022b34d10aec sp=0x00000096656fe1a0
Event: 3.348 Thread 0x0000022b91f5ceb0 DEOPT UNPACKING pc=0x0000022b3c044e42 sp=0x00000096656fd668 mode 1
Event: 3.348 Thread 0x0000022b91f5ceb0 DEOPT PACKING pc=0x0000022b34d1060c sp=0x00000096656fe230
Event: 3.348 Thread 0x0000022b91f5ceb0 DEOPT UNPACKING pc=0x0000022b3c044e42 sp=0x00000096656fd708 mode 1
Event: 3.381 Thread 0x0000022b91f5ceb0 Uncommon trap: trap_request=0xffffff45 fr.pc=0x0000022b3c655784 relative=0x00000000000007a4
Event: 3.381 Thread 0x0000022b91f5ceb0 Uncommon trap: reason=unstable_if action=reinterpret pc=0x0000022b3c655784 method=java.util.ArrayList.grow(I)[Ljava/lang/Object; @ 17 c2
Event: 3.381 Thread 0x0000022b91f5ceb0 DEOPT PACKING pc=0x0000022b3c655784 sp=0x00000096656feb00
Event: 3.381 Thread 0x0000022b91f5ceb0 DEOPT UNPACKING pc=0x0000022b3c0446a2 sp=0x00000096656fe9d8 mode 2

Classes loaded (20 events):
Event: 3.381 Loading class tools/jackson/databind/deser/jdk/JDKKeyDeserializer
Event: 3.381 Loading class tools/jackson/databind/deser/jdk/JDKKeyDeserializer done
Event: 3.382 Loading class tools/jackson/databind/deser/jdk/JDKKeyDeserializer$DelegatingKD
Event: 3.382 Loading class tools/jackson/databind/deser/jdk/JDKKeyDeserializer$DelegatingKD done
Event: 3.383 Loading class tools/jackson/databind/deser/jdk/JDKKeyDeserializer$EnumKD
Event: 3.383 Loading class tools/jackson/databind/deser/jdk/JDKKeyDeserializer$EnumKD done
Event: 3.383 Loading class org/springframework/beans/factory/support/AbstractBeanFactory$BeanPostProcessorCache
Event: 3.383 Loading class org/springframework/beans/factory/support/AbstractBeanFactory$BeanPostProcessorCache done
Event: 3.383 Loading class tools/jackson/databind/deser/jdk/JDKKeyDeserializer$StringCtorKeyDeserializer
Event: 3.383 Loading class tools/jackson/databind/deser/jdk/JDKKeyDeserializer$StringCtorKeyDeserializer done
Event: 3.383 Loading class tools/jackson/databind/deser/jdk/JDKKeyDeserializer$StringFactoryKeyDeserializer
Event: 3.383 Loading class tools/jackson/databind/deser/jdk/JDKKeyDeserializer$StringFactoryKeyDeserializer done
Event: 3.384 Loading class tools/jackson/databind/util/ArrayBuilders
Event: 3.384 Loading class tools/jackson/databind/util/ArrayBuilders done
Event: 3.384 Loading class org/springframework/beans/factory/support/NullBean
Event: 3.384 Loading class org/springframework/beans/factory/support/NullBean done
Event: 3.385 Loading class tools/jackson/databind/util/ClassUtil
Event: 3.385 Loading class tools/jackson/databind/util/ClassUtil done
Event: 3.385 Loading class org/springframework/beans/factory/support/DefaultListableBeanFactory$PreInstantiation
Event: 3.385 Loading class org/springframework/beans/factory/support/DefaultListableBeanFactory$PreInstantiation done

Classes unloaded (0 events):
No events

Classes redefined (1 events):
Event: 0.926 Thread 0x0000022b4b9b7b50 redefined class name=java.lang.Throwable, count=1

Internal exceptions (20 events):
Event: 2.600 Thread 0x0000022b91f5ceb0 Exception <a 'java/lang/NoSuchMethodError'{0x00000007140dbcf0}: 'int java.lang.invoke.DirectMethodHandle$Holder.invokeStaticInit(java.lang.Object, int, int)'> (0x00000007140dbcf0) 
thrown [s\src\hotspot\share\interpreter\linkResolver.cpp, line 773]
Event: 2.602 Thread 0x0000022b91f5ceb0 Exception <a 'java/lang/NoSuchMethodError'{0x00000007140e3838}: 'int java.lang.invoke.DirectMethodHandle$Holder.invokeStaticInit(java.lang.Object, long, long)'> (0x00000007140e3838) 
thrown [s\src\hotspot\share\interpreter\linkResolver.cpp, line 773]
Event: 2.603 Thread 0x0000022b91f5ceb0 Exception <a 'java/lang/NoSuchMethodError'{0x00000007140ea5b8}: 'int java.lang.invoke.DirectMethodHandle$Holder.invokeStaticInit(java.lang.Object, float, float)'> (0x00000007140ea5b8) 
thrown [s\src\hotspot\share\interpreter\linkResolver.cpp, line 773]
Event: 2.604 Thread 0x0000022b91f5ceb0 Exception <a 'java/lang/NoSuchMethodError'{0x00000007140f1330}: 'int java.lang.invoke.DirectMethodHandle$Holder.invokeStaticInit(java.lang.Object, double, double)'> (0x00000007140f1330) 
thrown [s\src\hotspot\share\interpreter\linkResolver.cpp, line 773]
Event: 2.605 Thread 0x0000022b91f5ceb0 Exception <a 'java/lang/NoSuchMethodError'{0x00000007140f5b80}: 'int java.lang.invoke.DirectMethodHandle$Holder.invokeStatic(java.lang.Object, long)'> (0x00000007140f5b80) 
thrown [s\src\hotspot\share\interpreter\linkResolver.cpp, line 773]
Event: 2.611 Thread 0x0000022b91f5ceb0 Exception <a 'java/lang/NoSuchMethodError'{0x0000000714118838}: 'int java.lang.invoke.Invokers$Holder.linkToTargetMethod(java.lang.Object, java.lang.Object)'> (0x0000000714118838) 
thrown [s\src\hotspot\share\interpreter\linkResolver.cpp, line 773]
Event: 2.637 Thread 0x0000022b91f5ceb0 Exception <a 'java/lang/NoSuchMethodError'{0x00000007141a6a48}: 'java.lang.Object java.lang.invoke.DirectMethodHandle$Holder.invokeSpecial(java.lang.Object, java.lang.Object, java.lang.Object, int, java.lang.Object)'> (0x00000007141a6a48) 
thrown [s\src\hotspot\share\interpreter\linkResolver.cpp, line 773]
Event: 2.638 Thread 0x0000022b91f5ceb0 Exception <a 'java/lang/NoSuchMethodError'{0x00000007141ae448}: 'java.lang.Object java.lang.invoke.DirectMethodHandle$Holder.newInvokeSpecial(java.lang.Object, java.lang.Object, java.lang.Object, int, java.lang.Object)'> (0x00000007141ae448) 
thrown [s\src\hotspot\share\interpreter\linkResolver.cpp, line 773]
Event: 2.640 Thread 0x0000022b91f5ceb0 Exception <a 'java/lang/NoSuchMethodError'{0x00000007141b5a78}: 'java.lang.Object java.lang.invoke.Invokers$Holder.linkToTargetMethod(java.lang.Object, java.lang.Object, int, java.lang.Object, java.lang.Object)'> (0x00000007141b5a78) 
thrown [s\src\hotspot\share\interpreter\linkResolver.cpp, line 773]
Event: 2.642 Thread 0x0000022b91f5ceb0 Exception <a 'java/lang/NoSuchMethodError'{0x00000007141c54b8}: 'java.lang.Object java.lang.invoke.DirectMethodHandle$Holder.newInvokeSpecial(java.lang.Object, int, java.lang.Object)'> (0x00000007141c54b8) 
thrown [s\src\hotspot\share\interpreter\linkResolver.cpp, line 773]
Event: 2.643 Thread 0x0000022b91f5ceb0 Exception <a 'java/lang/NoSuchMethodError'{0x00000007141c9d30}: 'int java.lang.invoke.DirectMethodHandle$Holder.invokeSpecialIFC(java.lang.Object, java.lang.Object, java.lang.Object, java.lang.Object)'> (0x00000007141c9d30) 
thrown [s\src\hotspot\share\interpreter\linkResolver.cpp, line 773]
Event: 2.678 Thread 0x0000022b91f5ceb0 Exception <a 'java/lang/NoSuchMethodError'{0x0000000713e7d930}: 'void java.lang.invoke.DirectMethodHandle$Holder.invokeInterface(java.lang.Object, java.lang.Object, java.lang.Object)'> (0x0000000713e7d930) 
thrown [s\src\hotspot\share\interpreter\linkResolver.cpp, line 773]
Event: 2.719 Thread 0x0000022b91f5ceb0 Exception <a 'java/lang/NoSuchMethodError'{0x0000000713f241a0}: 'void java.lang.invoke.DirectMethodHandle$Holder.invokeStaticInit(java.lang.Object, java.lang.Object, java.lang.Object)'> (0x0000000713f241a0) 
thrown [s\src\hotspot\share\interpreter\linkResolver.cpp, line 773]
Event: 2.729 Thread 0x0000022b91f5ceb0 Exception <a 'java/lang/NoSuchMethodError'{0x0000000713f7c928}: 'java.lang.Object java.lang.invoke.DirectMethodHandle$Holder.invokeVirtual(java.lang.Object, java.lang.Object, java.lang.Object)'> (0x0000000713f7c928) 
thrown [s\src\hotspot\share\interpreter\linkResolver.cpp, line 773]
Event: 2.737 Thread 0x0000022b91f5ceb0 Exception <a 'java/lang/NoSuchMethodError'{0x0000000713fa73b8}: 'java.lang.Object java.lang.invoke.DirectMethodHandle$Holder.invokeStaticInit(java.lang.Object, int)'> (0x0000000713fa73b8) 
thrown [s\src\hotspot\share\interpreter\linkResolver.cpp, line 773]
Event: 2.741 Thread 0x0000022b91f5ceb0 Exception <a 'java/lang/NoSuchMethodError'{0x0000000713fb3a40}: 'java.lang.Object java.lang.invoke.DirectMethodHandle$Holder.invokeStaticInit(java.lang.Object, int, java.lang.Object)'> (0x0000000713fb3a40) 
thrown [s\src\hotspot\share\interpreter\linkResolver.cpp, line 773]
Event: 2.778 Thread 0x0000022b91f5ceb0 Exception <a 'java/lang/NoSuchMethodError'{0x000000071385e048}: 'void java.lang.invoke.DirectMethodHandle$Holder.invokeVirtual(java.lang.Object, java.lang.Object, java.lang.Object, java.lang.Object)'> (0x000000071385e048) 
thrown [s\src\hotspot\share\interpreter\linkResolver.cpp, line 773]
Event: 2.969 Thread 0x0000022b91f5ceb0 Exception <a 'java/lang/NoSuchMethodError'{0x0000000713416268}: 'java.lang.Object java.lang.invoke.Invokers$Holder.invoke_MT(java.lang.Object, java.lang.Object, java.lang.Object, java.lang.Object, java.lang.Object, java.lang.Object, java.lang.Object, java.lang.Object, java.lang.Object)'> (0x0000000713416268) 
thrown [s\src\hotspot\share\interpreter\linkResolver.cpp, line 773]
Event: 2.979 Thread 0x0000022b91f5ceb0 Exception <a 'java/lang/NoSuchMethodError'{0x00000007134c63b8}: 'java.lang.reflect.Field[] java.lang.Class.getDeclaredFields(java.lang.Class)'> (0x00000007134c63b8) 
thrown [s\src\hotspot\share\interpreter\linkResolver.cpp, line 773]
Event: 3.006 Thread 0x0000022b91f5ceb0 Exception <a 'java/lang/IncompatibleClassChangeError'{0x00000007132234a0}: Found class java.lang.Object, but interface was expected> (0x00000007132234a0) 
thrown [s\src\hotspot\share\interpreter\linkResolver.cpp, line 840]

ZGC Phase Switch (0 events):
No events

VM Operations (20 events):
Event: 1.840 Executing VM operation: G1CollectForAllocation (G1 Evacuation Pause)
Event: 1.846 Executing VM operation: G1CollectForAllocation (G1 Evacuation Pause) done
Event: 2.588 Executing VM operation: HandshakeAllThreads (Deoptimize)
Event: 2.589 Executing VM operation: HandshakeAllThreads (Deoptimize) done
Event: 2.670 Executing VM operation: HandshakeAllThreads (Deoptimize)
Event: 2.670 Executing VM operation: HandshakeAllThreads (Deoptimize) done
Event: 2.703 Executing VM operation: ICBufferFull
Event: 2.703 Executing VM operation: ICBufferFull done
Event: 2.895 Executing VM operation: HandshakeAllThreads (Deoptimize)
Event: 2.895 Executing VM operation: HandshakeAllThreads (Deoptimize) done
Event: 2.901 Executing VM operation: HandshakeAllThreads (Deoptimize)
Event: 2.901 Executing VM operation: HandshakeAllThreads (Deoptimize) done
Event: 2.901 Executing VM operation: HandshakeAllThreads (Deoptimize)
Event: 2.901 Executing VM operation: HandshakeAllThreads (Deoptimize) done
Event: 3.000 Executing VM operation: G1CollectForAllocation (G1 Evacuation Pause)
Event: 3.006 Executing VM operation: G1CollectForAllocation (G1 Evacuation Pause) done
Event: 3.192 Executing VM operation: HandshakeAllThreads (Deoptimize)
Event: 3.192 Executing VM operation: HandshakeAllThreads (Deoptimize) done
Event: 3.382 Executing VM operation: HandshakeAllThreads (Deoptimize)
Event: 3.382 Executing VM operation: HandshakeAllThreads (Deoptimize) done

Memory protections (0 events):
No events

Nmethod flushes (0 events):
No events

Events (19 events):
Event: 0.037 Thread 0x0000022b2a023050 Thread added: 0x0000022b2a023050
Event: 0.060 Thread 0x0000022b2a023050 Thread added: 0x0000022b4b9d6f40
Event: 0.060 Thread 0x0000022b2a023050 Thread added: 0x0000022b4b9d77a0
Event: 0.060 Thread 0x0000022b2a023050 Thread added: 0x0000022b4b9da500
Event: 0.060 Thread 0x0000022b2a023050 Thread added: 0x0000022b4b9daf10
Event: 0.060 Thread 0x0000022b2a023050 Thread added: 0x0000022b4b9e95a0
Event: 0.061 Thread 0x0000022b2a023050 Thread added: 0x0000022b4bb40090
Event: 0.061 Thread 0x0000022b2a023050 Thread added: 0x0000022b4bb41430
Event: 0.061 Thread 0x0000022b2a023050 Thread added: 0x0000022b4bb51ae0
Event: 0.155 Thread 0x0000022b2a023050 Thread added: 0x0000022b4bc2e8e0
Event: 0.193 Thread 0x0000022b2a023050 Thread added: 0x0000022b4bcefd40
Event: 0.193 Thread 0x0000022b2a023050 Thread added: 0x0000022b4bcfb840
Event: 0.193 Thread 0x0000022b4bcefd40 Thread added: 0x0000022b4bd2c180
Event: 0.949 Thread 0x0000022b2a023050 Thread added: 0x0000022b4be33030
Event: 0.960 Thread 0x0000022b2a023050 Thread added: 0x0000022b4be36270
Event: 1.079 Thread 0x0000022b4bb41430 Thread added: 0x0000022b4be70d00
Event: 2.049 Thread 0x0000022b2a023050 Thread added: 0x0000022b91f72a70
Event: 2.062 Thread 0x0000022b91f72a70 Thread added: 0x0000022b91f5ceb0
Event: 2.964 Thread 0x0000022b91f5ceb0 Thread added: 0x0000022b9251ca40


Dynamic libraries:
0x00007ff6c6c50000 - 0x00007ff6c6c5e000 	C:\Users\araom\.jdks\ms-21.0.8\bin\java.exe
0x00007ffc7d840000 - 0x00007ffc7daa9000 	C:\WINDOWS\SYSTEM32\ntdll.dll
0x00007ffc7d060000 - 0x00007ffc7d129000 	C:\WINDOWS\System32\KERNEL32.DLL
0x00007ffc7b000000 - 0x00007ffc7b3f3000 	C:\WINDOWS\System32\KERNELBASE.dll
0x00007ffc7ab00000 - 0x00007ffc7ac4b000 	C:\WINDOWS\System32\ucrtbase.dll
0x00007ffc45f90000 - 0x00007ffc45fae000 	C:\Users\araom\.jdks\ms-21.0.8\bin\VCRUNTIME140.dll
0x00007ffc45bf0000 - 0x00007ffc45c08000 	C:\Users\araom\.jdks\ms-21.0.8\bin\jli.dll
0x00007ffc7d520000 - 0x00007ffc7d6e4000 	C:\WINDOWS\System32\USER32.dll
0x00007ffc7af10000 - 0x00007ffc7af37000 	C:\WINDOWS\System32\win32u.dll
0x00007ffc3d5c0000 - 0x00007ffc3d853000 	C:\WINDOWS\WinSxS\amd64_microsoft.windows.common-controls_6595b64144ccf1df_6.0.26100.5074_none_3e0d6f78e32fd63f\COMCTL32.dll
0x00007ffc7b6d0000 - 0x00007ffc7b779000 	C:\WINDOWS\System32\msvcrt.dll
0x00007ffc7d3b0000 - 0x00007ffc7d3db000 	C:\WINDOWS\System32\GDI32.dll
0x00007ffc7a9d0000 - 0x00007ffc7aafd000 	C:\WINDOWS\System32\gdi32full.dll
0x00007ffc7ae60000 - 0x00007ffc7af03000 	C:\WINDOWS\System32\msvcp_win.dll
0x00007ffc7cfb0000 - 0x00007ffc7cfdf000 	C:\WINDOWS\System32\IMM32.DLL
0x00007ffc50b20000 - 0x00007ffc50b2c000 	C:\Users\araom\.jdks\ms-21.0.8\bin\vcruntime140_1.dll
0x00007ffc456f0000 - 0x00007ffc45779000 	C:\Users\araom\.jdks\ms-21.0.8\bin\msvcp140.dll
0x00007ffbf0c60000 - 0x00007ffbf1a0c000 	C:\Users\araom\.jdks\ms-21.0.8\bin\server\jvm.dll
0x00007ffc7b7a0000 - 0x00007ffc7b854000 	C:\WINDOWS\System32\ADVAPI32.dll
0x00007ffc7d470000 - 0x00007ffc7d516000 	C:\WINDOWS\System32\sechost.dll
0x00007ffc7d130000 - 0x00007ffc7d248000 	C:\WINDOWS\System32\RPCRT4.dll
0x00007ffc7cdd0000 - 0x00007ffc7ce44000 	C:\WINDOWS\System32\WS2_32.dll
0x00007ffc7a830000 - 0x00007ffc7a88e000 	C:\WINDOWS\SYSTEM32\POWRPROF.dll
0x00007ffc69c60000 - 0x00007ffc69c6b000 	C:\WINDOWS\SYSTEM32\VERSION.dll
0x00007ffc718a0000 - 0x00007ffc718d5000 	C:\WINDOWS\SYSTEM32\WINMM.dll
0x00007ffc7a810000 - 0x00007ffc7a824000 	C:\WINDOWS\SYSTEM32\UMPDC.dll
0x00007ffc79770000 - 0x00007ffc7978b000 	C:\WINDOWS\SYSTEM32\kernel.appcore.dll
0x00007ffc45be0000 - 0x00007ffc45bea000 	C:\Users\araom\.jdks\ms-21.0.8\bin\jimage.dll
0x00007ffc6aef0000 - 0x00007ffc6b132000 	C:\WINDOWS\SYSTEM32\DBGHELP.DLL
0x00007ffc7c040000 - 0x00007ffc7c3bb000 	C:\WINDOWS\System32\combase.dll
0x00007ffc7d250000 - 0x00007ffc7d327000 	C:\WINDOWS\System32\OLEAUT32.dll
0x00007ffc5ec00000 - 0x00007ffc5ec3d000 	C:\WINDOWS\SYSTEM32\dbgcore.DLL
0x00007ffc7ac50000 - 0x00007ffc7ace9000 	C:\WINDOWS\System32\bcryptPrimitives.dll
0x00007ffc459b0000 - 0x00007ffc459ec000 	C:\Users\araom\.jdks\ms-21.0.8\bin\jdwp.dll
0x00007ffc45b60000 - 0x00007ffc45b70000 	C:\Users\araom\.jdks\ms-21.0.8\bin\instrument.dll
0x00007ffc45bb0000 - 0x00007ffc45bd1000 	C:\Users\araom\.jdks\ms-21.0.8\bin\java.dll
0x00007ffc459f0000 - 0x00007ffc45a08000 	C:\Users\araom\.jdks\ms-21.0.8\bin\zip.dll
0x00007ffc7c680000 - 0x00007ffc7cdcd000 	C:\WINDOWS\System32\SHELL32.dll
0x00007ffc7acf0000 - 0x00007ffc7ae5c000 	C:\WINDOWS\System32\wintypes.dll
0x00007ffc785f0000 - 0x00007ffc78e49000 	C:\WINDOWS\SYSTEM32\windows.storage.dll
0x00007ffc7d700000 - 0x00007ffc7d7f0000 	C:\WINDOWS\System32\SHCORE.dll
0x00007ffc7cff0000 - 0x00007ffc7d052000 	C:\WINDOWS\System32\shlwapi.dll
0x00007ffc7a8f0000 - 0x00007ffc7a919000 	C:\WINDOWS\SYSTEM32\profapi.dll
0x00007ffc41040000 - 0x00007ffc41116000 	C:\Users\araom\.jdks\ms-21.0.8\bin\jsvml.dll
0x00007ffc459a0000 - 0x00007ffc459ac000 	C:\Users\araom\.jdks\ms-21.0.8\bin\dt_socket.dll
0x00007ffc791c0000 - 0x00007ffc791f4000 	C:\WINDOWS\SYSTEM32\IPHLPAPI.DLL
0x00007ffc79cd0000 - 0x00007ffc79d3b000 	C:\WINDOWS\system32\mswsock.dll
0x00007ffc45b90000 - 0x00007ffc45ba1000 	C:\Users\araom\.jdks\ms-21.0.8\bin\net.dll
0x00007ffc74af0000 - 0x00007ffc74c0f000 	C:\WINDOWS\SYSTEM32\WINHTTP.dll
0x00007ffc45a80000 - 0x00007ffc45a96000 	C:\Users\araom\.jdks\ms-21.0.8\bin\nio.dll
0x00007ffc45900000 - 0x00007ffc4590a000 	C:\Users\araom\.jdks\ms-21.0.8\bin\management.dll
0x00007ffc458f0000 - 0x00007ffc458fc000 	C:\Users\araom\.jdks\ms-21.0.8\bin\management_ext.dll
0x00007ffc7c670000 - 0x00007ffc7c678000 	C:\WINDOWS\System32\PSAPI.DLL

JVMTI agents:
jdwp path:C:\Users\araom\.jdks\ms-21.0.8\bin\jdwp.dll, loaded, initialized, options:transport=dt_socket,address=127.0.0.1:54318,suspend=y,server=n
C:\Users\araom\AppData\Local\JetBrains\IntelliJIdea2025.3\captureAgent\debugger-agent.jar path:C:\Users\araom\.jdks\ms-21.0.8\bin\instrument.dll, loaded, initialized, instrumentlib options:file:///C:/Users/araom/AppData/Local/Temp/capture17242741936444729244.props

dbghelp: loaded successfully - version: 4.0.5 - missing functions: none
symbol engine: initialized successfully - sym options: 0x614 - pdb path: .;C:\Users\araom\.jdks\ms-21.0.8\bin;C:\WINDOWS\SYSTEM32;C:\WINDOWS\WinSxS\amd64_microsoft.windows.common-controls_6595b64144ccf1df_6.0.26100.5074_none_3e0d6f78e32fd63f;C:\Users\araom\.jdks\ms-21.0.8\bin\server

VM Arguments:
jvm_args: -agentlib:jdwp=transport=dt_socket,address=127.0.0.1:54318,suspend=y,server=n -javaagent:C:\Users\araom\AppData\Local\JetBrains\IntelliJIdea2025.3\captureAgent\debugger-agent.jar=file:///C:/Users/araom/AppData/Local/Temp/capture17242741936444729244.props -Dkotlinx.coroutines.debug.enable.creation.stack.trace=false -Ddebugger.agent.enable.coroutines=true -Dkotlinx.coroutines.debug.enable.flows.stack.trace=true -Dkotlinx.coroutines.debug.enable.mutable.state.flows.stack.trace=true -Ddebugger.async.stack.trace.for.all.threads=true -Dfile.encoding=UTF-8 -Dsun.stdout.encoding=UTF-8 -Dsun.stderr.encoding=UTF-8 
java_command: com.jobportal.Job.Poratl.JobPoratlApplication
java_class_path (initial): C:\Users\araom\OneDrive\Desktop\Job Poratl backend\Job-Poratl\target\classes;C:\Users\araom\.m2\repository\org\springframework\boot\spring-boot-starter-web\4.0.1\spring-boot-starter-web-4.0.1.jar;C:\Users\araom\.m2\repository\org\springframework\boot\spring-boot-starter-jackson\4.0.1\spring-boot-starter-jackson-4.0.1.jar;C:\Users\araom\.m2\repository\org\springframework\boot\spring-boot-jackson\4.0.1\spring-boot-jackson-4.0.1.jar;C:\Users\araom\.m2\repository\tools\jackson\core\jackson-databind\3.0.3\jackson-databind-3.0.3.jar;C:\Users\araom\.m2\repository\tools\jackson\core\jackson-core\3.0.3\jackson-core-3.0.3.jar;C:\Users\araom\.m2\repository\org\springframework\boot\spring-boot-starter-tomcat\4.0.1\spring-boot-starter-tomcat-4.0.1.jar;C:\Users\araom\.m2\repository\org\springframework\boot\spring-boot-starter-tomcat-runtime\4.0.1\spring-boot-starter-tomcat-runtime-4.0.1.jar;C:\Users\araom\.m2\repository\org\springframework\boot\spring-boot-web-server\4.0.1\spring-boot-web-server-4.0.1.jar;C:\Users\araom\.m2\repository\org\apache\tomcat\embed\tomcat-embed-core\11.0.15\tomcat-embed-core-11.0.15.jar;C:\Users\araom\.m2\repository\org\apache\tomcat\embed\tomcat-embed-websocket\11.0.15\tomcat-embed-websocket-11.0.15.jar;C:\Users\araom\.m2\repository\org\springframework\boot\spring-boot-tomcat\4.0.1\spring-boot-tomcat-4.0.1.jar;C:\Users\araom\.m2\repository\org\springframework\boot\spring-boot-http-converter\4.0.1\spring-boot-http-converter-4.0.1.jar;C:\Users\araom\.m2\repository\org\springframework\spring-web\7.0.2\spring-web-7.0.2.jar;C:\Users\araom\.m2\repository\io\micrometer\micrometer-observation\1.16.1\micrometer-observation-1.16.1.jar;C:\Users\araom\.m2\repository\io\micrometer\micrometer-commons\1.16.1\micrometer-commons-1.16.1.jar;C:\Users\araom\.m2\repository\org\springframework\boot\spring-boot-webmvc\4.0.1\spring-boot-webmvc-4.0.1.jar;C:\Users\araom\.m2\repository\org\springframework\boot\spring-boot-servlet\4.0.1\spring-boot-servlet-4.0.1.jar;C:\Users\araom\.m2\repository\org\springframework\spring-webmvc\7.0.2\spring-webmvc-7.0.2.jar;C:\Users\araom\.m2\repository\org\springframework\spring-expression\7.0.2\spring-expression-7.0.2.jar;C:\Users\araom\.m2\repository\org\springframework\boot\spring-boot-starter-data-mongodb\4.0.1\spring-boot-starter-data-mongodb-4.0.1.jar;C:\Users\araom\.m2\repository\org\springframework\boot\spring-boot-starter-mongodb\4.0.1\spring-boot-starter-mongodb-4.0.1.jar;C:\Users\araom\.m2\repository\org\springframework\boot\spring-boot-mongodb\4.0.1\spring-boot-mongodb-4.0.1.jar;C:\Users\araom\.m2\repository\org\mongodb\mongodb-driver-sync\5.6.2\mongodb-driver-sync-5.6.2.jar;C:\Users\araom\.m2\repository\org\mongodb\bson\5.6.2\bson-5.6.2.jar;C:\Users\araom\.m2\repository\org\mongodb\mongodb-driver-core\5.6.2\mongodb-driver-core-5.6.2.jar;C:\Users\araom\.m2\repository\org\mongodb\bson-record-codec\5.6.2\bson-record-codec-5.6.2.jar;C:\Users\araom\.m2\repository\org\springframework\boot\spring-boot-data-mongodb\4.0.1\spring-boot-data-mongodb-4.0.1.jar;C:\Users\araom\.m2\repository\org\springframework\boot\spring-boot-data-commons\4.0.1\spring-boot-data-commons-4.0.1.jar;C:\Users\araom\.m2\repository\org\springframework\boot\spring-boot-persistence\4.0.1\spring-boot-persistence-4.0.1.jar;C:\Users\araom\.m2\repository\org\springframework\data\spring-data-commons\4.0.1\spring-data-commons-4.0.1.jar;C:\Users\araom\.m2\repository\org\springframework\boot\spring-boot-transaction\4.0.1\spring-boot-transaction-4.0.1.jar;C:\Users\araom\.m2\repository\org\springframework\spring-tx\7.0.2\spring-tx-7.0.2.jar;C:\Users\araom\.m2\repository\org\springframework\data\spring-data-mongodb\5.0.1\spring-data-mongodb-5.0.1.jar;C:\Users\araom\.m2\repository\org\projectlombok\lombok\1.18.42\lombok-1.18.42.jar;C:\Users\araom\.m2\repository\org\springframework\boot\spring-boot-devtools\4.0.1\spring-boot-devtools-4.0.1.jar;C:\Users\araom\.m2\repository\org\springframework\boot\spring-boot\4.0.1\spring-boot-4.0.1.jar;C:\Users\araom\.m2\repository\org\springframework\spring-context\7.0.2\spring-context-7.0.2.jar;C:\Users\araom\.m2\repository\org\springframework\boot\spring-boot-autoconfigure\4.0.1\spring-boot-autoconfigure-4.0.1.jar;C:\Users\araom\.m2\repository\org\springframework\boot\spring-boot-starter-validation\4.0.1\spring-boot-starter-validation-4.0.1.jar;C:\Users\araom\.m2\repository\org\springframework\boot\spring-boot-starter\4.0.1\spring-boot-starter-4.0.1.jar;C:\Users\araom\.m2\repository\org\springframework\boot\spring-boot-starter-logging\4.0.1\spring-boot-starter-logging-4.0.1.jar;C:\Users\araom\.m2\repository\ch\qos\logback\logback-classic\1.5.22\logback-classic-1.5.22.jar;C:\Users\araom\.m2\repository\ch\qos\logback\logback-core\1.5.22\logback-core-1.5.22.jar;C:\Users\araom\.m2\repository\org\apache\logging\log4j\log4j-to-slf4j\2.25.3\log4j-to-slf4j-2.25.3.jar;C:\Users\araom\.m2\repository\org\apache\logging\log4j\log4j-api\2.25.3\log4j-api-2.25.3.jar;C:\Users\araom\.m2\repository\org\slf4j\jul-to-slf4j\2.0.17\jul-to-slf4j-2.0.17.jar;C:\Users\araom\.m2\repository\jakarta\annotation\jakarta.annotation-api\3.0.0\jakarta.annotation-api-3.0.0.jar;C:\Users\araom\.m2\repository\org\yaml\snakeyaml\2.5\snakeyaml-2.5.jar;C:\Users\araom\.m2\repository\org\springframework\boot\spring-boot-validation\4.0.1\spring-boot-validation-4.0.1.jar;C:\Users\araom\.m2\repository\org\apache\tomcat\embed\tomcat-embed-el\11.0.15\tomcat-embed-el-11.0.15.jar;C:\Users\araom\.m2\repository\org\hibernate\validator\hibernate-validator\9.0.1.Final\hibernate-validator-9.0.1.Final.jar;C:\Users\araom\.m2\repository\jakarta\validation\jakarta.validation-api\3.1.1\jakarta.validation-api-3.1.1.jar;C:\Users\araom\.m2\repository\org\jboss\logging\jboss-logging\3.6.1.Final\jboss-logging-3.6.1.Final.jar;C:\Users\araom\.m2\repository\com\fasterxml\classmate\1.7.1\classmate-1.7.1.jar;C:\Users\araom\.m2\repository\org\slf4j\slf4j-api\2.0.17\slf4j-api-2.0.17.jar;C:\Users\araom\.m2\repository\jakarta\activation\jakarta.activation-api\2.1.4\jakarta.activation-api-2.1.4.jar;C:\Users\araom\.m2\repository\org\springframework\spring-core\7.0.2\spring-core-7.0.2.jar;C:\Users\araom\.m2\repository\commons-logging\commons-logging\1.3.5\commons-logging-1.3.5.jar;C:\Users\araom\.m2\repository\org\jspecify\jspecify\1.0.0\jspecify-1.0.0.jar;C:\Users\araom\.m2\repository\org\springframework\boot\spring-boot-starter-security\4.0.1\spring-boot-starter-security-4.0.1.jar;C:\Users\araom\.m2\repository\org\springframework\boot\spring-boot-security\4.0.1\spring-boot-security-4.0.1.jar;C:\Users\araom\.m2\repository\org\springframework\security\spring-security-config\7.0.2\spring-security-config-7.0.2.jar;C:\Users\araom\.m2\repository\org\springframework\security\spring-security-core\7.0.2\spring-security-core-7.0.2.jar;C:\Users\araom\.m2\repository\org\springframework\security\spring-security-crypto\7.0.2\spring-security-crypto-7.0.2.jar;C:\Users\araom\.m2\repository\org\springframework\security\spring-security-web\7.0.2\spring-security-web-7.0.2.jar;C:\Users\araom\.m2\repository\org\springframework\spring-aop\7.0.2\spring-aop-7.0.2.jar;C:\Users\araom\.m2\repository\org\springframework\spring-beans\7.0.2\spring-beans-7.0.2.jar;C:\Users\araom\.m2\repository\org\springframework\boot\spring-boot-starter-mail\4.0.1\spring-boot-starter-mail-4.0.1.jar;C:\Users\araom\.m2\repository\org\springframework\boot\spring-boot-mail\4.0.1\spring-boot-mail-4.0.1.jar;C:\Users\araom\.m2\repository\org\springframework\spring-context-support\7.0.2\spring-context-support-7.0.2.jar;C:\Users\araom\.m2\repository\jakarta\mail\jakarta.mail-api\2.1.5\jakarta.mail-api-2.1.5.jar;C:\Users\araom\.m2\repository\org\eclipse\angus\angus-mail\2.0.5\angus-mail-2.0.5.jar;C:\Users\araom\.m2\repository\org\eclipse\angus\angus-activation\2.0.3\angus-activation-2.0.3.jar;C:\Users\araom\.m2\repository\com\fasterxml\jackson\core\jackson-databind\2.20.1\jackson-databind-2.20.1.jar;C:\Users\araom\.m2\repository\com\fasterxml\jackson\core\jackson-annotations\2.20\jackson-annotations-2.20.jar;C:\Users\araom\.m2\repository\com\fasterxml\jackson\core\jackson-core\2.20.1\jackson-core-2.20.1.jar;C:\Users\araom\AppData\Local\Programs\IntelliJ IDEA Community Edition\lib\idea_rt.jar
Launcher Type: SUN_STANDARD

[Global flags]
     intx CICompilerCount                          = 4                                         {product} {ergonomic}
     uint ConcGCThreads                            = 3                                         {product} {ergonomic}
     uint G1ConcRefinementThreads                  = 10                                        {product} {ergonomic}
   size_t G1HeapRegionSize                         = 2097152                                   {product} {ergonomic}
    uintx GCDrainStackTargetSize                   = 64                                        {product} {ergonomic}
   size_t InitialHeapSize                          = 264241152                                 {product} {ergonomic}
   size_t MarkStackSize                            = 4194304                                   {product} {ergonomic}
   size_t MaxHeapSize                              = 4202692608                                {product} {ergonomic}
   size_t MaxNewSize                               = 2520776704                                {product} {ergonomic}
   size_t MinHeapDeltaBytes                        = 2097152                                   {product} {ergonomic}
   size_t MinHeapSize                              = 8388608                                   {product} {ergonomic}
    uintx NonNMethodCodeHeapSize                   = 5839372                                {pd product} {ergonomic}
    uintx NonProfiledCodeHeapSize                  = 122909434                              {pd product} {ergonomic}
    uintx ProfiledCodeHeapSize                     = 122909434                              {pd product} {ergonomic}
    uintx ReservedCodeCacheSize                    = 251658240                              {pd product} {ergonomic}
     bool SegmentedCodeCache                       = true                                      {product} {ergonomic}
   size_t SoftMaxHeapSize                          = 4202692608                             {manageable} {ergonomic}
     bool UseCompressedOops                        = true                           {product lp64_product} {ergonomic}
     bool UseG1GC                                  = true                                      {product} {ergonomic}
     bool UseLargePagesIndividualAllocation        = false                                  {pd product} {ergonomic}

Logging:
Log output configuration:
 #0: stdout all=warning uptime,level,tags foldmultilines=false
 #1: stderr all=off uptime,level,tags foldmultilines=false

Environment Variables:
JAVA_HOME=C:\Program Files\Eclipse Adoptium\jdk-21.0.6.7-hotspot\bin
PATH=C:\Program Files\Eclipse Adoptium\jdk-21.0.6.7-hotspot\bin;C:\Python313\Scripts\;C:\Python313\;C:\Python312\Scripts\;C:\Python312\;C:\WINDOWS\system32;C:\WINDOWS;C:\WINDOWS\System32\Wbem;C:\WINDOWS\System32\WindowsPowerShell\v1.0\;C:\WINDOWS\System32\OpenSSH\;C:\Program Files\Git\cmd;C:\Program Files (x86)\dotnet\;C:\MAMP\bin\mysql\bin;C:\Program Files\nodejs\;C:\ProgramData\chocolatey\bin;;C:\Program Files\Docker\Docker\resources\bin;C:\Users\araom\AppData\Local\Programs\Eclipse Adoptium\jdk-21.0.6.7-hotspot\bin;C:\Users\araom\AppData\Local\Microsoft\WindowsApps;C:\Users\araom\AppData\Local\Programs\Microsoft VS Code\bin;C:\Users\araom\AppData\Roaming\npm;C:\Users\araom\AppData\Local\JetBrains\Toolbox\scripts;C:\Users\araom\AppData\Local\Programs\mongosh\
USERNAME=araom
OS=Windows_NT
PROCESSOR_IDENTIFIER=Intel64 Family 6 Model 186 Stepping 3, GenuineIntel
TMP=C:\Users\araom\AppData\Local\Temp
TEMP=C:\Users\araom\AppData\Local\Temp




Periodic native trim disabled

---------------  S Y S T E M  ---------------

OS:
 Windows 11 , 64 bit Build 26100 (10.0.26100.5074)
OS uptime: 0 days 1:20 hours
Hyper-V role detected

CPU: total 12 (initial active 12) (6 cores per cpu, 2 threads per core) family 6 model 186 stepping 3 microcode 0x4129, cx8, cmov, fxsr, ht, mmx, 3dnowpref, sse, sse2, sse3, ssse3, sse4.1, sse4.2, popcnt, lzcnt, tsc, tscinvbit, avx, avx2, aes, erms, clmul, bmi1, bmi2, adx, sha, fma, vzeroupper, clflush, clflushopt, clwb, hv, serialize, rdtscp, rdpid, fsrm, f16c, cet_ibt, cet_ss
Processor Information for the first 12 processors :
  Max Mhz: 1300, Current Mhz: 1300, Mhz Limit: 1300

Memory: 4k page, system-wide physical 16024M (1411M free)
TotalPageFile size 19146M (AvailPageFile size 0M)
current process WorkingSet (physical memory assigned to process): 140M, peak: 140M
current process commit charge ("private bytes"): 399M, peak: 400M

vm_info: OpenJDK 64-Bit Server VM (21.0.8+9-LTS) for windows-amd64 JRE (21.0.8+9-LTS), built on 2025-07-10T20:22:44Z by "MicrosoftCorporation" with unknown MS VC++:1944

END.
