#
# There is insufficient memory for the Java Runtime Environment to continue.
# Native memory allocation (mmap) failed to map 2097152 bytes. Error detail: G1 virtual space
# Possible reasons:
#   The system is out of physical RAM or swap space
#   This process is running with CompressedOops enabled, and the Java Heap may be blocking the growth of the native heap
# Possible solutions:
#   Reduce memory load on the system
#   Increase physical memory or swap space
#   Check if swap backing store is full
#   Decrease Java heap size (-Xmx/-Xms)
#   Decrease number of Java threads
#   Decrease Java thread stack sizes (-Xss)
#   Set larger code cache with -XX:ReservedCodeCacheSize=
#   JVM is running with Zero Based Compressed Oops mode in which the Java heap is
#     placed in the first 32GB address space. The Java Heap base address is the
#     maximum limit for the native heap growth. Please use -XX:HeapBaseMinAddress
#     to set the Java Heap base and to place the Java Heap above 32GB virtual address.
# This output file may be truncated or incomplete.
#
#  Out of Memory Error (os_windows.cpp:3736), pid=19596, tid=19444
#
# JRE version: OpenJDK Runtime Environment Microsoft-11933218 (21.0.8+9) (build 21.0.8+9-LTS)
# Java VM: OpenJDK 64-Bit Server VM Microsoft-11933218 (21.0.8+9-LTS, mixed mode, emulated-client, sharing, tiered, compressed oops, compressed class ptrs, g1 gc, windows-amd64)
# No core dump will be written. Minidumps are not enabled by default on client versions of Windows
#

---------------  S U M M A R Y ------------

Command Line: -XX:TieredStopAtLevel=1 -Dspring.output.ansi.enabled=always -javaagent:C:\Users\araom\AppData\Local\Programs\IntelliJ IDEA Community Edition\lib\idea_rt.jar=65110 -Dfile.encoding=UTF-8 -Dsun.stdout.encoding=UTF-8 -Dsun.stderr.encoding=UTF-8 com.jobportal.Job.Poratl.JobPoratlApplication

Host: 13th Gen Intel(R) Core(TM) i5-1335U, 12 cores, 15G,  Windows 11 , 64 bit Build 26100 (10.0.26100.5074)
Time: Mon Feb 16 12:47:53 2026 elapsed time: 46.207017 seconds (0d 0h 0m 46s)

---------------  T H R E A D  ---------------

Current thread (0x0000016a0ea72310):  WorkerThread "GC Thread#4"    [id=19444, stack(0x0000001d61100000,0x0000001d61200000) (1024K)]

Stack: [0x0000001d61100000,0x0000001d61200000]
Native frames: (J=compiled Java code, j=interpreted, Vv=VM code, C=native code)
V  [jvm.dll+0x6e1729]
V  [jvm.dll+0x8bf47b]
V  [jvm.dll+0x8c19aa]
V  [jvm.dll+0x8c2083]
V  [jvm.dll+0x289fd6]
V  [jvm.dll+0x6de085]
V  [jvm.dll+0x6d218a]
V  [jvm.dll+0x366f6e]
V  [jvm.dll+0x36ee1b]
V  [jvm.dll+0x3c03c0]
V  [jvm.dll+0x3c0a41]
V  [jvm.dll+0x3c0aff]
V  [jvm.dll+0x33beac]
V  [jvm.dll+0x33bc05]
V  [jvm.dll+0x32a7c6]
V  [jvm.dll+0x32b5da]
V  [jvm.dll+0x32ba65]
V  [jvm.dll+0x32b43d]
V  [jvm.dll+0x368d96]
V  [jvm.dll+0x3690f0]
V  [jvm.dll+0x377a4c]
V  [jvm.dll+0x324ac1]
V  [jvm.dll+0x6cf652]
V  [jvm.dll+0x325389]
V  [jvm.dll+0x324d45]
V  [jvm.dll+0x400031]
V  [jvm.dll+0x869a96]
V  [jvm.dll+0x8737d6]
V  [jvm.dll+0x378164]
V  [jvm.dll+0x377fea]
V  [jvm.dll+0x37fb44]
V  [jvm.dll+0x37fcbe]
V  [jvm.dll+0x8ed2f1]
V  [jvm.dll+0x86975d]
V  [jvm.dll+0x6dff2d]
C  [ucrtbase.dll+0x37b0]
C  [KERNEL32.DLL+0x2e8d7]
C  [ntdll.dll+0x8d9c]

JavaThread 0x0000016a1023b400 (nid = 6784) was being processed
Java frames: (J=compiled Java code, j=interpreted, Vv=VM code)
J 5793  jdk.internal.misc.Unsafe.park(ZJ)V java.base@21.0.8 (0 bytes) @ 0x00000169be0d70f3 [0x00000169be0d70a0+0x0000000000000053]
j  java.util.concurrent.locks.LockSupport.parkNanos(Ljava/lang/Object;J)V+34 java.base@21.0.8
j  java.util.concurrent.locks.AbstractQueuedSynchronizer$ConditionObject.awaitNanos(J)J+124 java.base@21.0.8
j  java.util.concurrent.ScheduledThreadPoolExecutor$DelayedWorkQueue.take()Ljava/util/concurrent/RunnableScheduledFuture;+124 java.base@21.0.8
j  java.util.concurrent.ScheduledThreadPoolExecutor$DelayedWorkQueue.take()Ljava/lang/Object;+1 java.base@21.0.8
j  java.util.concurrent.ThreadPoolExecutor.getTask()Ljava/lang/Runnable;+147 java.base@21.0.8
j  java.util.concurrent.ThreadPoolExecutor.runWorker(Ljava/util/concurrent/ThreadPoolExecutor$Worker;)V+26 java.base@21.0.8
j  java.util.concurrent.ThreadPoolExecutor$Worker.run()V+5 java.base@21.0.8
j  org.apache.tomcat.util.threads.TaskThread$WrappingRunnable.run()V+4
j  java.lang.Thread.runWith(Ljava/lang/Object;Ljava/lang/Runnable;)V+5 java.base@21.0.8
j  java.lang.Thread.run()V+19 java.base@21.0.8
v  ~StubRoutines::call_stub 0x00000169bdf4100d

---------------  P R O C E S S  ---------------

Threads class SMR info:
_java_thread_list=0x0000016a10602bd0, length=33, elements={
0x0000016a0e009750, 0x0000016a0e00b3b0, 0x0000016a0e00f4f0, 0x0000016a0e0101a0,
0x0000016a0e0119c0, 0x0000016a0e013540, 0x0000016a0e01cc40, 0x0000016a0e14dd20,
0x0000016a0e55af70, 0x0000016a0e55b5d0, 0x0000016a0ff45de0, 0x0000016a0ff84db0,
0x0000016a10015400, 0x0000016a10016b80, 0x0000016a1023b400, 0x0000016a10299c90,
0x0000016a1024be10, 0x0000016a103973d0, 0x0000016a10397a60, 0x0000016a103980f0,
0x0000016a10395300, 0x0000016a10395990, 0x0000016a10396020, 0x0000016a10394c70,
0x0000016a103966b0, 0x0000016a10396d40, 0x0000016a105d7cf0, 0x0000016a105daae0,
0x0000016a105db170, 0x0000016a105d9dc0, 0x0000016a105d90a0, 0x0000016a105d9730,
0x0000016a0e075b70
}

Java Threads: ( => current thread )
  0x0000016a0e009750 JavaThread "Reference Handler"          daemon [_thread_blocked, id=29528, stack(0x0000001d60100000,0x0000001d60200000) (1024K)]
  0x0000016a0e00b3b0 JavaThread "Finalizer"                  daemon [_thread_blocked, id=17200, stack(0x0000001d60200000,0x0000001d60300000) (1024K)]
  0x0000016a0e00f4f0 JavaThread "Signal Dispatcher"          daemon [_thread_blocked, id=27728, stack(0x0000001d60300000,0x0000001d60400000) (1024K)]
  0x0000016a0e0101a0 JavaThread "Attach Listener"            daemon [_thread_blocked, id=22140, stack(0x0000001d60400000,0x0000001d60500000) (1024K)]
  0x0000016a0e0119c0 JavaThread "Service Thread"             daemon [_thread_blocked, id=4120, stack(0x0000001d60500000,0x0000001d60600000) (1024K)]
  0x0000016a0e013540 JavaThread "Monitor Deflation Thread"   daemon [_thread_blocked, id=22404, stack(0x0000001d60600000,0x0000001d60700000) (1024K)]
  0x0000016a0e01cc40 JavaThread "C1 CompilerThread0"         daemon [_thread_blocked, id=18256, stack(0x0000001d60700000,0x0000001d60800000) (1024K)]
  0x0000016a0e14dd20 JavaThread "Common-Cleaner"             daemon [_thread_blocked, id=4088, stack(0x0000001d60900000,0x0000001d60a00000) (1024K)]
  0x0000016a0e55af70 JavaThread "Monitor Ctrl-Break"         daemon [_thread_in_native, id=20992, stack(0x0000001d60b00000,0x0000001d60c00000) (1024K)]
  0x0000016a0e55b5d0 JavaThread "Notification Thread"        daemon [_thread_blocked, id=11540, stack(0x0000001d60c00000,0x0000001d60d00000) (1024K)]
  0x0000016a0ff45de0 JavaThread "BufferPoolPruner-1-thread-1" daemon [_thread_blocked, id=21084, stack(0x0000001d61b00000,0x0000001d61c00000) (1024K)]
  0x0000016a0ff84db0 JavaThread "cluster-ClusterId{value='6992933d01423a050d927967', description='null'}-localhost:27017" daemon [_thread_in_native, id=6988, stack(0x0000001d61c00000,0x0000001d61d00000) (1024K)]
  0x0000016a10015400 JavaThread "cluster-rtt-ClusterId{value='6992933d01423a050d927967', description='null'}-localhost:27017" daemon [_thread_blocked, id=28576, stack(0x0000001d61e00000,0x0000001d61f00000) (1024K)]
  0x0000016a10016b80 JavaThread "MaintenanceTimer-2-thread-1" daemon [_thread_blocked, id=8320, stack(0x0000001d61f00000,0x0000001d62000000) (1024K)]
  0x0000016a1023b400 JavaThread "Catalina-utility-1"                [_thread_blocked, id=6784, stack(0x0000001d62000000,0x0000001d62100000) (1024K)]
  0x0000016a10299c90 JavaThread "Catalina-utility-2"                [_thread_blocked, id=22712, stack(0x0000001d62100000,0x0000001d62200000) (1024K)]
  0x0000016a1024be10 JavaThread "container-0"                       [_thread_blocked, id=20976, stack(0x0000001d62200000,0x0000001d62300000) (1024K)]
  0x0000016a103973d0 JavaThread "File Watcher"               daemon [_thread_blocked, id=11880, stack(0x0000001d62300000,0x0000001d62400000) (1024K)]
  0x0000016a10397a60 JavaThread "http-nio-8080-exec-1"       daemon [_thread_blocked, id=27468, stack(0x0000001d62400000,0x0000001d62500000) (1024K)]
  0x0000016a103980f0 JavaThread "http-nio-8080-exec-2"       daemon [_thread_blocked, id=16416, stack(0x0000001d62500000,0x0000001d62600000) (1024K)]
  0x0000016a10395300 JavaThread "http-nio-8080-exec-3"       daemon [_thread_blocked, id=26820, stack(0x0000001d62600000,0x0000001d62700000) (1024K)]
  0x0000016a10395990 JavaThread "http-nio-8080-exec-4"       daemon [_thread_blocked, id=28844, stack(0x0000001d62700000,0x0000001d62800000) (1024K)]
  0x0000016a10396020 JavaThread "http-nio-8080-exec-5"       daemon [_thread_blocked, id=11012, stack(0x0000001d62800000,0x0000001d62900000) (1024K)]
  0x0000016a10394c70 JavaThread "http-nio-8080-exec-6"       daemon [_thread_blocked, id=29568, stack(0x0000001d62900000,0x0000001d62a00000) (1024K)]
  0x0000016a103966b0 JavaThread "http-nio-8080-exec-7"       daemon [_thread_blocked, id=18772, stack(0x0000001d62a00000,0x0000001d62b00000) (1024K)]
  0x0000016a10396d40 JavaThread "http-nio-8080-exec-8"       daemon [_thread_blocked, id=27732, stack(0x0000001d62b00000,0x0000001d62c00000) (1024K)]
  0x0000016a105d7cf0 JavaThread "http-nio-8080-exec-9"       daemon [_thread_blocked, id=23084, stack(0x0000001d62c00000,0x0000001d62d00000) (1024K)]
  0x0000016a105daae0 JavaThread "http-nio-8080-exec-10"      daemon [_thread_blocked, id=21212, stack(0x0000001d62d00000,0x0000001d62e00000) (1024K)]
  0x0000016a105db170 JavaThread "http-nio-8080-Poller"       daemon [_thread_in_native, id=13344, stack(0x0000001d62e00000,0x0000001d62f00000) (1024K)]
  0x0000016a105d9dc0 JavaThread "http-nio-8080-Acceptor"     daemon [_thread_in_native, id=28236, stack(0x0000001d62f00000,0x0000001d63000000) (1024K)]
  0x0000016a105d90a0 JavaThread "scheduling-1"                      [_thread_blocked, id=28732, stack(0x0000001d63000000,0x0000001d63100000) (1024K)]
  0x0000016a105d9730 JavaThread "DestroyJavaVM"                     [_thread_blocked, id=12216, stack(0x0000001d5f900000,0x0000001d5fa00000) (1024K)]
  0x0000016a0e075b70 JavaThread "C1 CompilerThread1"         daemon [_thread_blocked, id=27788, stack(0x0000001d60d00000,0x0000001d60e00000) (1024K)]
Total: 33

Other Threads:
  0x00000169c62b9950 VMThread "VM Thread"                           [id=13248, stack(0x0000001d60000000,0x0000001d60100000) (1024K)]
  0x00000169c62a6f30 WatcherThread "VM Periodic Task Thread"        [id=7016, stack(0x0000001d5ff00000,0x0000001d60000000) (1024K)]
  0x00000169b58ac8f0 WorkerThread "GC Thread#0"                     [id=25900, stack(0x0000001d5fa00000,0x0000001d5fb00000) (1024K)]
  0x0000016a0ea6f4e0 WorkerThread "GC Thread#1"                     [id=11580, stack(0x0000001d60e00000,0x0000001d60f00000) (1024K)]
  0x0000016a0ea70890 WorkerThread "GC Thread#2"                     [id=26132, stack(0x0000001d60f00000,0x0000001d61000000) (1024K)]
  0x0000016a0ea71030 WorkerThread "GC Thread#3"                     [id=29484, stack(0x0000001d61000000,0x0000001d61100000) (1024K)]
=>0x0000016a0ea72310 WorkerThread "GC Thread#4"                     [id=19444, stack(0x0000001d61100000,0x0000001d61200000) (1024K)]
  0x0000016a0ea72a50 WorkerThread "GC Thread#5"                     [id=10836, stack(0x0000001d61200000,0x0000001d61300000) (1024K)]
  0x0000016a0ea71f70 WorkerThread "GC Thread#6"                     [id=1360, stack(0x0000001d61600000,0x0000001d61700000) (1024K)]
  0x0000016a0ea72df0 WorkerThread "GC Thread#7"                     [id=28508, stack(0x0000001d61700000,0x0000001d61800000) (1024K)]
  0x0000016a0ea726b0 WorkerThread "GC Thread#8"                     [id=2296, stack(0x0000001d61800000,0x0000001d61900000) (1024K)]
  0x0000016a0ea73190 WorkerThread "GC Thread#9"                     [id=24996, stack(0x0000001d61900000,0x0000001d61a00000) (1024K)]
  0x00000169b58fde90 ConcurrentGCThread "G1 Main Marker"            [id=18284, stack(0x0000001d5fb00000,0x0000001d5fc00000) (1024K)]
  0x00000169b58fe830 WorkerThread "G1 Conc#0"                       [id=12436, stack(0x0000001d5fc00000,0x0000001d5fd00000) (1024K)]
  0x0000016a0f19ae00 WorkerThread "G1 Conc#1"                       [id=25304, stack(0x0000001d61500000,0x0000001d61600000) (1024K)]
  0x0000016a0f19cb00 WorkerThread "G1 Conc#2"                       [id=27660, stack(0x0000001d61a00000,0x0000001d61b00000) (1024K)]
  0x00000169c6176c10 ConcurrentGCThread "G1 Refine#0"               [id=29548, stack(0x0000001d5fd00000,0x0000001d5fe00000) (1024K)]
  0x00000169c6177620 ConcurrentGCThread "G1 Service"                [id=648, stack(0x0000001d5fe00000,0x0000001d5ff00000) (1024K)]
Total: 18

Threads with active compile tasks:
Total: 0

VM state: at safepoint (normal execution)

VM Mutex/Monitor currently owned by a thread:  ([mutex/lock_event])
[0x00007ffca54282c8] FreeList_lock - owner thread: 0x0000016a0ea72310
[0x00007ffca542a7c8] Threads_lock - owner thread: 0x00000169c62b9950
[0x00007ffca542a8c8] Heap_lock - owner thread: 0x0000016a10394c70

Heap address: 0x0000000705800000, size: 4008 MB, Compressed Oops mode: Zero based, Oop shift amount: 3

CDS archive(s) mapped at: [0x00000169c9000000-0x00000169c9c80000-0x00000169c9c80000), size 13107200, SharedBaseAddress: 0x00000169c9000000, ArchiveRelocationMode: 1.
Compressed class space mapped at: 0x00000169ca000000-0x0000016a0a000000, reserved size: 1073741824
Narrow klass base: 0x00000169c9000000, Narrow klass shift: 0, Narrow klass range: 0x100000000

GC Precious Log:
 CardTable entry size: 512
 Card Set container configuration: InlinePtr #cards 4 size 8 Array Of Cards #cards 16 size 48 Howl #buckets 8 coarsen threshold 3686 Howl Bitmap #cards 512 size 80 coarsen threshold 460 Card regions per heap region 1 cards per card region 4096
 CPUs: 12 total, 12 available
 Memory: 16024M
 Large Page Support: Disabled
 NUMA Support: Disabled
 Compressed Oops: Enabled (Zero based)
 Heap Region Size: 2M
 Heap Min Capacity: 8M
 Heap Initial Capacity: 252M
 Heap Max Capacity: 4008M
 Pre-touch: Disabled
 Parallel Workers: 10
 Concurrent Workers: 3
 Concurrent Refinement Workers: 10
 Periodic GC: Disabled

Heap:
 garbage-first heap   total 223232K, used 219873K [0x0000000705800000, 0x0000000800000000)
  region size 2048K, 7 young (14336K), 0 survivors (0K)
 Metaspace       used 51240K, committed 51968K, reserved 1114112K
  class space    used 7331K, committed 7616K, reserved 1048576K

Heap Regions: E=young(eden), S=young(survivor), O=old, HS=humongous(starts), HC=humongous(continues), CS=collection set, F=free, TAMS=top-at-mark-start, PB=parsable bottom
|   0|0x0000000705800000, 0x0000000705a00000, 0x0000000705a00000|100%| O|  |TAMS 0x0000000705800000| PB 0x0000000705800000| Untracked 
|   1|0x0000000705a00000, 0x0000000705c00000, 0x0000000705c00000|100%| O|  |TAMS 0x0000000705a00000| PB 0x0000000705a00000| Untracked 
|   2|0x0000000705c00000, 0x0000000705e00000, 0x0000000705e00000|100%|HS|  |TAMS 0x0000000705c00000| PB 0x0000000705c00000| Complete 
|   3|0x0000000705e00000, 0x0000000706000000, 0x0000000706000000|100%| O|  |TAMS 0x0000000705e00000| PB 0x0000000705e00000| Untracked 
|   4|0x0000000706000000, 0x0000000706200000, 0x0000000706200000|100%| O|  |TAMS 0x0000000706000000| PB 0x0000000706000000| Untracked 
|   5|0x0000000706200000, 0x0000000706400000, 0x0000000706400000|100%| O|  |TAMS 0x0000000706200000| PB 0x0000000706200000| Untracked 
|   6|0x0000000706400000, 0x0000000706600000, 0x0000000706600000|100%| O|  |TAMS 0x0000000706400000| PB 0x0000000706400000| Untracked 
|   7|0x0000000706600000, 0x0000000706800000, 0x0000000706800000|100%| O|  |TAMS 0x0000000706600000| PB 0x0000000706600000| Untracked 
|   8|0x0000000706800000, 0x0000000706a00000, 0x0000000706a00000|100%| O|  |TAMS 0x0000000706800000| PB 0x0000000706800000| Untracked 
|   9|0x0000000706a00000, 0x0000000706c00000, 0x0000000706c00000|100%| O|  |TAMS 0x0000000706a00000| PB 0x0000000706a00000| Untracked 
|  10|0x0000000706c00000, 0x0000000706e00000, 0x0000000706e00000|100%| O|  |TAMS 0x0000000706c00000| PB 0x0000000706c00000| Untracked 
|  11|0x0000000706e00000, 0x0000000707000000, 0x0000000707000000|100%| O|  |TAMS 0x0000000706e00000| PB 0x0000000706e00000| Untracked 
|  12|0x0000000707000000, 0x0000000707200000, 0x0000000707200000|100%|HS|  |TAMS 0x0000000707000000| PB 0x0000000707000000| Complete 
|  13|0x0000000707200000, 0x0000000707400000, 0x0000000707400000|100%|HC|  |TAMS 0x0000000707200000| PB 0x0000000707200000| Complete 
|  14|0x0000000707400000, 0x0000000707600000, 0x0000000707600000|100%|HC|  |TAMS 0x0000000707400000| PB 0x0000000707400000| Complete 
|  15|0x0000000707600000, 0x0000000707800000, 0x0000000707800000|100%|HS|  |TAMS 0x0000000707600000| PB 0x0000000707600000| Complete 
|  16|0x0000000707800000, 0x0000000707a00000, 0x0000000707a00000|100%|HC|  |TAMS 0x0000000707800000| PB 0x0000000707800000| Complete 
|  17|0x0000000707a00000, 0x0000000707c00000, 0x0000000707c00000|100%|HS|  |TAMS 0x0000000707a00000| PB 0x0000000707a00000| Complete 
|  18|0x0000000707c00000, 0x0000000707e00000, 0x0000000707e00000|100%|HC|  |TAMS 0x0000000707c00000| PB 0x0000000707c00000| Complete 
|  19|0x0000000707e00000, 0x0000000708000000, 0x0000000708000000|100%| O|  |TAMS 0x0000000707e00000| PB 0x0000000707e00000| Untracked 
|  20|0x0000000708000000, 0x0000000708200000, 0x0000000708200000|100%|HS|  |TAMS 0x0000000708000000| PB 0x0000000708000000| Complete 
|  21|0x0000000708200000, 0x0000000708400000, 0x0000000708400000|100%|HC|  |TAMS 0x0000000708200000| PB 0x0000000708200000| Complete 
|  22|0x0000000708400000, 0x0000000708600000, 0x0000000708600000|100%|HS|  |TAMS 0x0000000708400000| PB 0x0000000708400000| Complete 
|  23|0x0000000708600000, 0x0000000708800000, 0x0000000708800000|100%|HC|  |TAMS 0x0000000708600000| PB 0x0000000708600000| Complete 
|  24|0x0000000708800000, 0x0000000708a00000, 0x0000000708a00000|100%|HC|  |TAMS 0x0000000708800000| PB 0x0000000708800000| Complete 
|  25|0x0000000708a00000, 0x0000000708c00000, 0x0000000708c00000|100%|HS|  |TAMS 0x0000000708a00000| PB 0x0000000708a00000| Complete 
|  26|0x0000000708c00000, 0x0000000708e00000, 0x0000000708e00000|100%|HC|  |TAMS 0x0000000708c00000| PB 0x0000000708c00000| Complete 
|  27|0x0000000708e00000, 0x0000000709000000, 0x0000000709000000|100%|HC|  |TAMS 0x0000000708e00000| PB 0x0000000708e00000| Complete 
|  28|0x0000000709000000, 0x0000000709200000, 0x0000000709200000|100%|HS|  |TAMS 0x0000000709000000| PB 0x0000000709000000| Complete 
|  29|0x0000000709200000, 0x0000000709400000, 0x0000000709400000|100%|HS|  |TAMS 0x0000000709200000| PB 0x0000000709200000| Complete 
|  30|0x0000000709400000, 0x0000000709600000, 0x0000000709600000|100%|HS|  |TAMS 0x0000000709400000| PB 0x0000000709400000| Complete 
|  31|0x0000000709600000, 0x0000000709800000, 0x0000000709800000|100%|HC|  |TAMS 0x0000000709600000| PB 0x0000000709600000| Complete 
|  32|0x0000000709800000, 0x0000000709a00000, 0x0000000709a00000|100%|HS|  |TAMS 0x0000000709800000| PB 0x0000000709800000| Complete 
|  33|0x0000000709a00000, 0x0000000709c00000, 0x0000000709c00000|100%|HC|  |TAMS 0x0000000709a00000| PB 0x0000000709a00000| Complete 
|  34|0x0000000709c00000, 0x0000000709e00000, 0x0000000709e00000|100%|HC|  |TAMS 0x0000000709c00000| PB 0x0000000709c00000| Complete 
|  35|0x0000000709e00000, 0x000000070a000000, 0x000000070a000000|100%|HC|  |TAMS 0x0000000709e00000| PB 0x0000000709e00000| Complete 
|  36|0x000000070a000000, 0x000000070a200000, 0x000000070a200000|100%|HC|  |TAMS 0x000000070a000000| PB 0x000000070a000000| Complete 
|  37|0x000000070a200000, 0x000000070a400000, 0x000000070a400000|100%|HS|  |TAMS 0x000000070a200000| PB 0x000000070a200000| Complete 
|  38|0x000000070a400000, 0x000000070a600000, 0x000000070a600000|100%|HC|  |TAMS 0x000000070a400000| PB 0x000000070a400000| Complete 
|  39|0x000000070a600000, 0x000000070a800000, 0x000000070a800000|100%|HC|  |TAMS 0x000000070a600000| PB 0x000000070a600000| Complete 
|  40|0x000000070a800000, 0x000000070aa00000, 0x000000070aa00000|100%|HS|  |TAMS 0x000000070a800000| PB 0x000000070a800000| Complete 
|  41|0x000000070aa00000, 0x000000070ac00000, 0x000000070ac00000|100%|HC|  |TAMS 0x000000070aa00000| PB 0x000000070aa00000| Complete 
|  42|0x000000070ac00000, 0x000000070ae00000, 0x000000070ae00000|100%|HC|  |TAMS 0x000000070ac00000| PB 0x000000070ac00000| Complete 
|  43|0x000000070ae00000, 0x000000070b000000, 0x000000070b000000|100%|HC|  |TAMS 0x000000070ae00000| PB 0x000000070ae00000| Complete 
|  44|0x000000070b000000, 0x000000070b200000, 0x000000070b200000|100%|HC|  |TAMS 0x000000070b000000| PB 0x000000070b000000| Complete 
|  45|0x000000070b200000, 0x000000070b400000, 0x000000070b400000|100%|HS|  |TAMS 0x000000070b200000| PB 0x000000070b200000| Complete 
|  46|0x000000070b400000, 0x000000070b600000, 0x000000070b600000|100%|HC|  |TAMS 0x000000070b400000| PB 0x000000070b400000| Complete 
|  47|0x000000070b600000, 0x000000070b800000, 0x000000070b800000|100%|HC|  |TAMS 0x000000070b600000| PB 0x000000070b600000| Complete 
|  48|0x000000070b800000, 0x000000070ba00000, 0x000000070ba00000|100%|HC|  |TAMS 0x000000070b800000| PB 0x000000070b800000| Complete 
|  49|0x000000070ba00000, 0x000000070bc00000, 0x000000070bc00000|100%|HC|  |TAMS 0x000000070ba00000| PB 0x000000070ba00000| Complete 
|  50|0x000000070bc00000, 0x000000070be00000, 0x000000070be00000|100%|HC|  |TAMS 0x000000070bc00000| PB 0x000000070bc00000| Complete 
|  51|0x000000070be00000, 0x000000070c000000, 0x000000070c000000|100%|HC|  |TAMS 0x000000070be00000| PB 0x000000070be00000| Complete 
|  52|0x000000070c000000, 0x000000070c200000, 0x000000070c200000|100%|HC|  |TAMS 0x000000070c000000| PB 0x000000070c000000| Complete 
|  53|0x000000070c200000, 0x000000070c400000, 0x000000070c400000|100%|HC|  |TAMS 0x000000070c200000| PB 0x000000070c200000| Complete 
|  54|0x000000070c400000, 0x000000070c600000, 0x000000070c600000|100%|HC|  |TAMS 0x000000070c400000| PB 0x000000070c400000| Complete 
|  55|0x000000070c600000, 0x000000070c800000, 0x000000070c800000|100%|HS|  |TAMS 0x000000070c600000| PB 0x000000070c600000| Complete 
|  56|0x000000070c800000, 0x000000070ca00000, 0x000000070ca00000|100%|HC|  |TAMS 0x000000070c800000| PB 0x000000070c800000| Complete 
|  57|0x000000070ca00000, 0x000000070cc00000, 0x000000070cc00000|100%|HC|  |TAMS 0x000000070ca00000| PB 0x000000070ca00000| Complete 
|  58|0x000000070cc00000, 0x000000070ce00000, 0x000000070ce00000|100%|HC|  |TAMS 0x000000070cc00000| PB 0x000000070cc00000| Complete 
|  59|0x000000070ce00000, 0x000000070d000000, 0x000000070d000000|100%|HC|  |TAMS 0x000000070ce00000| PB 0x000000070ce00000| Complete 
|  60|0x000000070d000000, 0x000000070d200000, 0x000000070d200000|100%|HS|  |TAMS 0x000000070d000000| PB 0x000000070d000000| Complete 
|  61|0x000000070d200000, 0x000000070d400000, 0x000000070d400000|100%|HC|  |TAMS 0x000000070d200000| PB 0x000000070d200000| Complete 
|  62|0x000000070d400000, 0x000000070d600000, 0x000000070d600000|100%|HC|  |TAMS 0x000000070d400000| PB 0x000000070d400000| Complete 
|  63|0x000000070d600000, 0x000000070d800000, 0x000000070d800000|100%|HC|  |TAMS 0x000000070d600000| PB 0x000000070d600000| Complete 
|  64|0x000000070d800000, 0x000000070da00000, 0x000000070da00000|100%|HC|  |TAMS 0x000000070d800000| PB 0x000000070d800000| Complete 
|  65|0x000000070da00000, 0x000000070dc00000, 0x000000070dc00000|100%|HS|  |TAMS 0x000000070da00000| PB 0x000000070da00000| Complete 
|  66|0x000000070dc00000, 0x000000070de00000, 0x000000070de00000|100%|HC|  |TAMS 0x000000070dc00000| PB 0x000000070dc00000| Complete 
|  67|0x000000070de00000, 0x000000070e000000, 0x000000070e000000|100%|HC|  |TAMS 0x000000070de00000| PB 0x000000070de00000| Complete 
|  68|0x000000070e000000, 0x000000070e200000, 0x000000070e200000|100%|HC|  |TAMS 0x000000070e000000| PB 0x000000070e000000| Complete 
|  69|0x000000070e200000, 0x000000070e400000, 0x000000070e400000|100%|HC|  |TAMS 0x000000070e200000| PB 0x000000070e200000| Complete 
|  70|0x000000070e400000, 0x000000070e600000, 0x000000070e600000|100%|HC|  |TAMS 0x000000070e400000| PB 0x000000070e400000| Complete 
|  71|0x000000070e600000, 0x000000070e800000, 0x000000070e800000|100%|HS|  |TAMS 0x000000070e600000| PB 0x000000070e600000| Complete 
|  72|0x000000070e800000, 0x000000070ea00000, 0x000000070ea00000|100%|HC|  |TAMS 0x000000070e800000| PB 0x000000070e800000| Complete 
|  73|0x000000070ea00000, 0x000000070ec00000, 0x000000070ec00000|100%|HC|  |TAMS 0x000000070ea00000| PB 0x000000070ea00000| Complete 
|  74|0x000000070ec00000, 0x000000070ee00000, 0x000000070ee00000|100%|HC|  |TAMS 0x000000070ec00000| PB 0x000000070ec00000| Complete 
|  75|0x000000070ee00000, 0x000000070f000000, 0x000000070f000000|100%|HC|  |TAMS 0x000000070ee00000| PB 0x000000070ee00000| Complete 
|  76|0x000000070f000000, 0x000000070f200000, 0x000000070f200000|100%|HC|  |TAMS 0x000000070f000000| PB 0x000000070f000000| Complete 
|  77|0x000000070f200000, 0x000000070f400000, 0x000000070f400000|100%|HC|  |TAMS 0x000000070f200000| PB 0x000000070f200000| Complete 
|  78|0x000000070f400000, 0x000000070f600000, 0x000000070f600000|100%|HC|  |TAMS 0x000000070f400000| PB 0x000000070f400000| Complete 
|  79|0x000000070f600000, 0x000000070f800000, 0x000000070f800000|100%|HC|  |TAMS 0x000000070f600000| PB 0x000000070f600000| Complete 
|  80|0x000000070f800000, 0x000000070fa00000, 0x000000070fa00000|100%|HC|  |TAMS 0x000000070f800000| PB 0x000000070f800000| Complete 
|  81|0x000000070fa00000, 0x000000070fc00000, 0x000000070fc00000|100%|HC|  |TAMS 0x000000070fa00000| PB 0x000000070fa00000| Complete 
|  82|0x000000070fc00000, 0x000000070fe00000, 0x000000070fe00000|100%|HS|  |TAMS 0x000000070fc00000| PB 0x000000070fc00000| Complete 
|  83|0x000000070fe00000, 0x0000000710000000, 0x0000000710000000|100%|HC|  |TAMS 0x000000070fe00000| PB 0x000000070fe00000| Complete 
|  84|0x0000000710000000, 0x0000000710200000, 0x0000000710200000|100%|HC|  |TAMS 0x0000000710000000| PB 0x0000000710000000| Complete 
|  85|0x0000000710200000, 0x0000000710400000, 0x0000000710400000|100%|HC|  |TAMS 0x0000000710200000| PB 0x0000000710200000| Complete 
|  86|0x0000000710400000, 0x0000000710600000, 0x0000000710600000|100%|HC|  |TAMS 0x0000000710400000| PB 0x0000000710400000| Complete 
|  87|0x0000000710600000, 0x0000000710800000, 0x0000000710800000|100%|HC|  |TAMS 0x0000000710600000| PB 0x0000000710600000| Complete 
|  88|0x0000000710800000, 0x0000000710a00000, 0x0000000710a00000|100%|HS|  |TAMS 0x0000000710800000| PB 0x0000000710800000| Complete 
|  89|0x0000000710a00000, 0x0000000710c00000, 0x0000000710c00000|100%|HC|  |TAMS 0x0000000710a00000| PB 0x0000000710a00000| Complete 
|  90|0x0000000710c00000, 0x0000000710e00000, 0x0000000710e00000|100%|HS|  |TAMS 0x0000000710c00000| PB 0x0000000710c00000| Complete 
|  91|0x0000000710e00000, 0x0000000711000000, 0x0000000711000000|100%|HC|  |TAMS 0x0000000710e00000| PB 0x0000000710e00000| Complete 
|  92|0x0000000711000000, 0x00000007110f0370, 0x0000000711200000| 46%| E|CS|TAMS 0x0000000711000000| PB 0x0000000711000000| Complete 
|  93|0x0000000711200000, 0x0000000711400000, 0x0000000711400000|100%|HS|  |TAMS 0x0000000711200000| PB 0x0000000711200000| Complete 
|  94|0x0000000711400000, 0x0000000711600000, 0x0000000711600000|100%|HC|  |TAMS 0x0000000711400000| PB 0x0000000711400000| Complete 
|  95|0x0000000711600000, 0x0000000711800000, 0x0000000711800000|100%|HS|  |TAMS 0x0000000711600000| PB 0x0000000711600000| Complete 
|  96|0x0000000711800000, 0x0000000711a00000, 0x0000000711a00000|100%|HC|  |TAMS 0x0000000711800000| PB 0x0000000711800000| Complete 
|  97|0x0000000711a00000, 0x0000000711c00000, 0x0000000711c00000|100%|HC|  |TAMS 0x0000000711a00000| PB 0x0000000711a00000| Complete 
|  98|0x0000000711c00000, 0x0000000711e00000, 0x0000000711e00000|100%|HS|  |TAMS 0x0000000711c00000| PB 0x0000000711c00000| Complete 
|  99|0x0000000711e00000, 0x0000000712000000, 0x0000000712000000|100%|HC|  |TAMS 0x0000000711e00000| PB 0x0000000711e00000| Complete 
| 100|0x0000000712000000, 0x0000000712200000, 0x0000000712200000|100%|HC|  |TAMS 0x0000000712000000| PB 0x0000000712000000| Complete 
| 113|0x0000000713a00000, 0x0000000713b78bb0, 0x0000000713c00000| 73%| E|CS|TAMS 0x0000000713a00000| PB 0x0000000713a00000| Complete 
| 114|0x0000000713c00000, 0x0000000713e00000, 0x0000000713e00000|100%| E|CS|TAMS 0x0000000713c00000| PB 0x0000000713c00000| Complete 
| 115|0x0000000713e00000, 0x0000000714000000, 0x0000000714000000|100%| E|CS|TAMS 0x0000000713e00000| PB 0x0000000713e00000| Complete 
| 173|0x000000071b200000, 0x000000071b400000, 0x000000071b400000|100%| E|CS|TAMS 0x000000071b200000| PB 0x000000071b200000| Complete 
| 174|0x000000071b400000, 0x000000071b600000, 0x000000071b600000|100%| E|CS|TAMS 0x000000071b400000| PB 0x000000071b400000| Complete 
| 175|0x000000071b600000, 0x000000071b800000, 0x000000071b800000|100%| E|CS|TAMS 0x000000071b600000| PB 0x000000071b600000| Complete 
| 176|0x000000071b800000, 0x000000071ba00000, 0x000000071ba00000|100%| E|CS|TAMS 0x000000071b800000| PB 0x000000071b800000| Complete 
|2003|0x00000007ffe00000, 0x00000007ffe4f800, 0x0000000800000000| 15%| O|CS|TAMS 0x00000007ffe00000| PB 0x00000007ffe00000| Complete 

Card table byte_map: [0x00000169c1a50000,0x00000169c2230000] _byte_map_base: 0x00000169be224000

Marking Bits: (CMBitMap*) 0x00000169b58acff0
 Bits: [0x00000169c2230000, 0x00000169c60d0000)

Polling page: 0x00000169b3740000

Metaspace:

Usage:
  Non-class:     42.88 MB used.
      Class:      7.16 MB used.
       Both:     50.04 MB used.

Virtual space:
  Non-class space:       64.00 MB reserved,      43.31 MB ( 68%) committed,  1 nodes.
      Class space:        1.00 GB reserved,       7.44 MB ( <1%) committed,  1 nodes.
             Both:        1.06 GB reserved,      50.75 MB (  5%) committed. 

Chunk freelists:
   Non-Class:  4.11 MB
       Class:  8.59 MB
        Both:  12.70 MB

MaxMetaspaceSize: unlimited
CompressedClassSpaceSize: 1.00 GB
Initial GC threshold: 21.00 MB
Current GC threshold: 84.62 MB
CDS: on
 - commit_granule_bytes: 65536.
 - commit_granule_words: 8192.
 - virtual_space_node_default_size: 8388608.
 - enlarge_chunks_in_place: 1.
 - use_allocation_guard: 0.


Internal statistics:

num_allocs_failed_limit: 6.
num_arena_births: 1014.
num_arena_deaths: 8.
num_vsnodes_births: 2.
num_vsnodes_deaths: 0.
num_space_committed: 812.
num_space_uncommitted: 0.
num_chunks_returned_to_freelist: 18.
num_chunks_taken_from_freelist: 3102.
num_chunk_merges: 7.
num_chunk_splits: 2095.
num_chunks_enlarged: 1487.
num_inconsistent_stats: 0.

CodeCache: size=49152Kb used=10881Kb max_used=11831Kb free=38270Kb
 bounds [0x00000169bdf40000, 0x00000169beb00000, 0x00000169c0f40000]
 total_blobs=6237, nmethods=5600, adapters=560, full_count=0
Compilation: enabled, stopped_count=0, restarted_count=0

Compilation events (20 events):
Event: 46.197 Thread 0x0000016a0e01cc40 6226       1       org.springframework.data.mapping.InstanceCreatorMetadata::hasParameters (20 bytes)
Event: 46.197 Thread 0x0000016a0e075b70 6227       1       org.springframework.data.mapping.model.BasicPersistentEntity::hasIdProperty (13 bytes)
Event: 46.197 Thread 0x0000016a0e01cc40 nmethod 6226 0x00000169be3d2890 code [0x00000169be3d2a40, 0x00000169be3d2b70]
Event: 46.197 Thread 0x0000016a0e075b70 nmethod 6227 0x00000169be4f7110 code [0x00000169be4f72a0, 0x00000169be4f7380]
Event: 46.197 Thread 0x0000016a0e075b70 6222       1       org.springframework.data.mongodb.core.convert.MappingMongoConverter$ConversionContext::findContextualEntity (2 bytes)
Event: 46.197 Thread 0x0000016a0e01cc40 6223       1       org.springframework.data.mongodb.core.convert.MappingMongoConverter$DefaultConversionContext::getPath (5 bytes)
Event: 46.197 Thread 0x0000016a0e075b70 nmethod 6222 0x00000169be4f9a10 code [0x00000169be4f9ba0, 0x00000169be4f9c70]
Event: 46.197 Thread 0x0000016a0e01cc40 nmethod 6223 0x00000169be4fa310 code [0x00000169be4fa4a0, 0x00000169be4fa570]
Event: 46.203 Thread 0x0000016a0e075b70 6229       1       tools.jackson.core.json.UTF8JsonGenerator::writeNumber (57 bytes)
Event: 46.203 Thread 0x0000016a0e01cc40 6228       1       tools.jackson.databind.ser.jdk.NumberSerializers$LongSerializer::serialize (13 bytes)
Event: 46.203 Thread 0x0000016a0e01cc40 nmethod 6228 0x00000169be560c90 code [0x00000169be560e40, 0x00000169be560f78]
Event: 46.203 Thread 0x0000016a0e075b70 nmethod 6229 0x00000169be486c90 code [0x00000169be486e60, 0x00000169be487038]
Event: 46.203 Thread 0x0000016a0e075b70 6231       1       tools.jackson.core.io.NumberOutput::outputInt (205 bytes)
Event: 46.203 Thread 0x0000016a0e01cc40 6230       1       tools.jackson.core.io.NumberOutput::outputLong (148 bytes)
Event: 46.203 Thread 0x0000016a0e01cc40 nmethod 6230 0x00000169be3fe110 code [0x00000169be3fe320, 0x00000169be3fe6c8]
Event: 46.203 Thread 0x0000016a0e01cc40 6232       1       tools.jackson.core.io.NumberOutput::_leading3 (50 bytes)
Event: 46.204 Thread 0x0000016a0e075b70 nmethod 6231 0x00000169be337e10 code [0x00000169be338040, 0x00000169be338420]
Event: 46.204 Thread 0x0000016a0e01cc40 nmethod 6232 0x00000169be5d6610 code [0x00000169be5d67c0, 0x00000169be5d6948]
Event: 46.204 Thread 0x0000016a0e01cc40 6233   !   1       org.apache.catalina.connector.Request::notifyAttributeRemoved (150 bytes)
Event: 46.205 Thread 0x0000016a0e01cc40 nmethod 6233 0x00000169be678c10 code [0x00000169be678e80, 0x00000169be679620]

GC Heap History (20 events):
Event: 2.413 GC heap after
{Heap after GC invocations=7 (full 0):
 garbage-first heap   total 159744K, used 20012K [0x0000000705800000, 0x0000000800000000)
  region size 2048K, 3 young (6144K), 3 survivors (6144K)
 Metaspace       used 34648K, committed 35200K, reserved 1114112K
  class space    used 4930K, committed 5184K, reserved 1048576K
}
Event: 2.449 GC heap before
{Heap before GC invocations=7 (full 0):
 garbage-first heap   total 159744K, used 22060K [0x0000000705800000, 0x0000000800000000)
  region size 2048K, 5 young (10240K), 3 survivors (6144K)
 Metaspace       used 35517K, committed 36096K, reserved 1114112K
  class space    used 5056K, committed 5312K, reserved 1048576K
}
Event: 2.452 GC heap after
{Heap after GC invocations=8 (full 0):
 garbage-first heap   total 159744K, used 20141K [0x0000000705800000, 0x0000000800000000)
  region size 2048K, 3 young (6144K), 3 survivors (6144K)
 Metaspace       used 35517K, committed 36096K, reserved 1114112K
  class space    used 5056K, committed 5312K, reserved 1048576K
}
Event: 2.974 GC heap before
{Heap before GC invocations=9 (full 0):
 garbage-first heap   total 75776K, used 59053K [0x0000000705800000, 0x0000000800000000)
  region size 2048K, 22 young (45056K), 3 survivors (6144K)
 Metaspace       used 40494K, committed 41216K, reserved 1114112K
  class space    used 5824K, committed 6144K, reserved 1048576K
}
Event: 2.979 GC heap after
{Heap after GC invocations=10 (full 0):
 garbage-first heap   total 75776K, used 23267K [0x0000000705800000, 0x0000000800000000)
  region size 2048K, 3 young (6144K), 3 survivors (6144K)
 Metaspace       used 40494K, committed 41216K, reserved 1114112K
  class space    used 5824K, committed 6144K, reserved 1048576K
}
Event: 10.903 GC heap before
{Heap before GC invocations=10 (full 0):
 garbage-first heap   total 75776K, used 58083K [0x0000000705800000, 0x0000000800000000)
  region size 2048K, 21 young (43008K), 3 survivors (6144K)
 Metaspace       used 47783K, committed 48512K, reserved 1114112K
  class space    used 6808K, committed 7104K, reserved 1048576K
}
Event: 10.910 GC heap after
{Heap after GC invocations=11 (full 0):
 garbage-first heap   total 75776K, used 25731K [0x0000000705800000, 0x0000000800000000)
  region size 2048K, 2 young (4096K), 2 survivors (4096K)
 Metaspace       used 47783K, committed 48512K, reserved 1114112K
  class space    used 6808K, committed 7104K, reserved 1048576K
}
Event: 11.052 GC heap before
{Heap before GC invocations=11 (full 0):
 garbage-first heap   total 75776K, used 48259K [0x0000000705800000, 0x0000000800000000)
  region size 2048K, 9 young (18432K), 2 survivors (4096K)
 Metaspace       used 50294K, committed 51008K, reserved 1114112K
  class space    used 7184K, committed 7488K, reserved 1048576K
}
Event: 11.055 GC heap after
{Heap after GC invocations=12 (full 0):
 garbage-first heap   total 75776K, used 37562K [0x0000000705800000, 0x0000000800000000)
  region size 2048K, 3 young (6144K), 3 survivors (6144K)
 Metaspace       used 50294K, committed 51008K, reserved 1114112K
  class space    used 7184K, committed 7488K, reserved 1048576K
}
Event: 11.066 GC heap before
{Heap before GC invocations=12 (full 0):
 garbage-first heap   total 75776K, used 41658K [0x0000000705800000, 0x0000000800000000)
  region size 2048K, 5 young (10240K), 3 survivors (6144K)
 Metaspace       used 50421K, committed 51136K, reserved 1114112K
  class space    used 7203K, committed 7488K, reserved 1048576K
}
Event: 11.068 GC heap after
{Heap after GC invocations=13 (full 0):
 garbage-first heap   total 75776K, used 36911K [0x0000000705800000, 0x0000000800000000)
  region size 2048K, 1 young (2048K), 1 survivors (2048K)
 Metaspace       used 50421K, committed 51136K, reserved 1114112K
  class space    used 7203K, committed 7488K, reserved 1048576K
}
Event: 11.196 GC heap before
{Heap before GC invocations=14 (full 0):
 garbage-first heap   total 190464K, used 186415K [0x0000000705800000, 0x0000000800000000)
  region size 2048K, 6 young (12288K), 1 survivors (2048K)
 Metaspace       used 51222K, committed 51904K, reserved 1114112K
  class space    used 7327K, committed 7616K, reserved 1048576K
}
Event: 11.198 GC heap after
{Heap after GC invocations=15 (full 0):
 garbage-first heap   total 233472K, used 40637K [0x0000000705800000, 0x0000000800000000)
  region size 2048K, 2 young (4096K), 2 survivors (4096K)
 Metaspace       used 51222K, committed 51904K, reserved 1114112K
  class space    used 7327K, committed 7616K, reserved 1048576K
}
Event: 35.509 GC heap before
{Heap before GC invocations=15 (full 0):
 garbage-first heap   total 360448K, used 356029K [0x0000000705800000, 0x0000000800000000)
  region size 2048K, 11 young (22528K), 2 survivors (4096K)
 Metaspace       used 51237K, committed 51968K, reserved 1114112K
  class space    used 7330K, committed 7616K, reserved 1048576K
}
Event: 35.511 GC heap after
{Heap after GC invocations=16 (full 0):
 garbage-first heap   total 364544K, used 38917K [0x0000000705800000, 0x0000000800000000)
  region size 2048K, 1 young (2048K), 1 survivors (2048K)
 Metaspace       used 51237K, committed 51968K, reserved 1114112K
  class space    used 7330K, committed 7616K, reserved 1048576K
}
Event: 35.521 GC heap before
{Heap before GC invocations=16 (full 0):
 garbage-first heap   total 364544K, used 38917K [0x0000000705800000, 0x0000000800000000)
  region size 2048K, 3 young (6144K), 1 survivors (2048K)
 Metaspace       used 51237K, committed 51968K, reserved 1114112K
  class space    used 7330K, committed 7616K, reserved 1048576K
}
Event: 35.522 GC heap after
{Heap after GC invocations=17 (full 0):
 garbage-first heap   total 364544K, used 39810K [0x0000000705800000, 0x0000000800000000)
  region size 2048K, 2 young (4096K), 2 survivors (4096K)
 Metaspace       used 51237K, committed 51968K, reserved 1114112K
  class space    used 7330K, committed 7616K, reserved 1048576K
}
Event: 46.129 GC heap before
{Heap before GC invocations=18 (full 0):
 garbage-first heap   total 204800K, used 199554K [0x0000000705800000, 0x0000000800000000)
  region size 2048K, 8 young (16384K), 2 survivors (4096K)
 Metaspace       used 51240K, committed 51968K, reserved 1114112K
  class space    used 7331K, committed 7616K, reserved 1048576K
}
Event: 46.131 GC heap after
{Heap after GC invocations=19 (full 0):
 garbage-first heap   total 206848K, used 31998K [0x0000000705800000, 0x0000000800000000)
  region size 2048K, 1 young (2048K), 1 survivors (2048K)
 Metaspace       used 51240K, committed 51968K, reserved 1114112K
  class space    used 7331K, committed 7616K, reserved 1048576K
}
Event: 46.206 GC heap before
{Heap before GC invocations=19 (full 0):
 garbage-first heap   total 223232K, used 218366K [0x0000000705800000, 0x0000000800000000)
  region size 2048K, 8 young (16384K), 1 survivors (2048K)
 Metaspace       used 51240K, committed 51968K, reserved 1114112K
  class space    used 7331K, committed 7616K, reserved 1048576K
}

Dll operation events (11 events):
Event: 0.012 Loaded shared library C:\Users\araom\.jdks\ms-21.0.8\bin\java.dll
Event: 0.124 Loaded shared library C:\Users\araom\.jdks\ms-21.0.8\bin\zip.dll
Event: 0.128 Loaded shared library C:\Users\araom\.jdks\ms-21.0.8\bin\instrument.dll
Event: 0.132 Loaded shared library C:\Users\araom\.jdks\ms-21.0.8\bin\net.dll
Event: 0.134 Loaded shared library C:\Users\araom\.jdks\ms-21.0.8\bin\nio.dll
Event: 0.138 Loaded shared library C:\Users\araom\.jdks\ms-21.0.8\bin\zip.dll
Event: 0.194 Loaded shared library C:\Users\araom\.jdks\ms-21.0.8\bin\extnet.dll
Event: 0.206 Loaded shared library C:\Users\araom\.jdks\ms-21.0.8\bin\jimage.dll
Event: 0.462 Loaded shared library C:\Users\araom\.jdks\ms-21.0.8\bin\management.dll
Event: 0.467 Loaded shared library C:\Users\araom\.jdks\ms-21.0.8\bin\management_ext.dll
Event: 1.133 Loaded shared library C:\Users\araom\.jdks\ms-21.0.8\bin\sunmscapi.dll

Deoptimization events (0 events):
No events

Classes loaded (20 events):
Event: 11.077 Loading class java/util/Base64
Event: 11.077 Loading class java/util/Base64 done
Event: 11.077 Loading class java/util/Base64$Encoder
Event: 11.077 Loading class java/util/Base64$Encoder done
Event: 11.098 Loading class java/util/stream/LongStream
Event: 11.099 Loading class java/util/stream/LongStream done
Event: 11.099 Loading class java/util/stream/DoubleStream
Event: 11.099 Loading class java/util/stream/DoubleStream done
Event: 11.101 Loading class org/w3c/dom/Node
Event: 11.101 Loading class org/w3c/dom/Node done
Event: 11.101 Loading class org/w3c/dom/Document
Event: 11.101 Loading class org/w3c/dom/Document done
Event: 11.106 Loading class java/lang/invoke/BoundMethodHandle$Species_LLLLLLLLLL
Event: 11.106 Loading class java/lang/invoke/BoundMethodHandle$Species_LLLLLLLLLL done
Event: 11.107 Loading class java/lang/invoke/BoundMethodHandle$Species_LLLLLLLLLLL
Event: 11.107 Loading class java/lang/invoke/BoundMethodHandle$Species_LLLLLLLLLLL done
Event: 11.167 Loading class sun/reflect/generics/reflectiveObjects/GenericArrayTypeImpl
Event: 11.167 Loading class sun/reflect/generics/reflectiveObjects/GenericArrayTypeImpl done
Event: 12.318 Loading class java/util/concurrent/ConcurrentLinkedDeque$CLDSpliterator
Event: 12.318 Loading class java/util/concurrent/ConcurrentLinkedDeque$CLDSpliterator done

Classes unloaded (4 events):
Event: 11.080 Thread 0x00000169c62b9950 Unloading class 0x00000169ca5b1400 'jdk/internal/reflect/GeneratedSerializationConstructorAccessor4'
Event: 11.080 Thread 0x00000169c62b9950 Unloading class 0x00000169ca5b1000 'jdk/internal/reflect/GeneratedSerializationConstructorAccessor3'
Event: 11.080 Thread 0x00000169c62b9950 Unloading class 0x00000169ca5b0c00 'jdk/internal/reflect/GeneratedSerializationConstructorAccessor2'
Event: 11.080 Thread 0x00000169c62b9950 Unloading class 0x00000169ca5b0800 'jdk/internal/reflect/GeneratedSerializationConstructorAccessor1'

Classes redefined (0 events):
No events

Internal exceptions (20 events):
Event: 2.808 Thread 0x0000016a0eaae460 Exception <a 'java/lang/NoSuchMethodError'{0x0000000708314820}: 'java.lang.Object java.lang.invoke.DirectMethodHandle$Holder.newInvokeSpecial(java.lang.Object, java.lang.Object, java.lang.Object, java.lang.Object, java.lang.Object, java.lang.Object, java.lang.Object, java.lang.Object, java.lang.Object, java.lang.Object, java.lang.Object)'> (0x0000000708314820) 
thrown [s\src\hotspot\share\interpreter\linkResolver.cpp, line 773]
Event: 2.851 Thread 0x0000016a0eaae460 Exception <a 'java/lang/NoSuchMethodError'{0x00000007080f7670}: 'java.lang.Object java.lang.invoke.DirectMethodHandle$Holder.invokeVirtual(java.lang.Object, java.lang.Object, java.lang.Object, int)'> (0x00000007080f7670) 
thrown [s\src\hotspot\share\interpreter\linkResolver.cpp, line 773]
Event: 2.999 Thread 0x0000016a0eaae460 Exception <a 'java/lang/NoSuchMethodError'{0x000000071534cad0}: 'java.lang.Object java.lang.invoke.DirectMethodHandle$Holder.invokeInterface(java.lang.Object, java.lang.Object, java.lang.Object, java.lang.Object)'> (0x000000071534cad0) 
thrown [s\src\hotspot\share\interpreter\linkResolver.cpp, line 773]
Event: 3.028 Thread 0x0000016a0eaae460 Exception <a 'java/lang/NoSuchMethodError'{0x000000071214ad38}: 'java.lang.Object java.lang.invoke.DirectMethodHandle$Holder.invokeVirtual(java.lang.Object, java.lang.Object, int)'> (0x000000071214ad38) 
thrown [s\src\hotspot\share\interpreter\linkResolver.cpp, line 773]
Event: 3.066 Thread 0x0000016a0eaae460 Exception <a 'java/lang/IncompatibleClassChangeError'{0x0000000711c89498}: Found class java.lang.Object, but interface was expected> (0x0000000711c89498) 
thrown [s\src\hotspot\share\interpreter\linkResolver.cpp, line 840]
Event: 3.096 Thread 0x0000016a0eaae460 Exception <a 'java/lang/NoSuchMethodError'{0x00000007099152d8}: 'java.lang.Object java.lang.invoke.DirectMethodHandle$Holder.invokeSpecial(java.lang.Object, java.lang.Object, int, int, int, int)'> (0x00000007099152d8) 
thrown [s\src\hotspot\share\interpreter\linkResolver.cpp, line 773]
Event: 3.110 Thread 0x0000016a0eaae460 Exception <a 'java/lang/NoSuchMethodError'{0x0000000709695678}: 'int java.lang.invoke.DirectMethodHandle$Holder.invokeStaticInit(java.lang.Object, java.lang.Object, java.lang.Object, java.lang.Object)'> (0x0000000709695678) 
thrown [s\src\hotspot\share\interpreter\linkResolver.cpp, line 773]
Event: 3.205 Thread 0x0000016a0eaae460 Exception <a 'java/lang/NoSuchMethodError'{0x00000007091cb6c8}: 'java.lang.Object java.lang.invoke.DirectMethodHandle$Holder.newInvokeSpecial(java.lang.Object, java.lang.Object, int, java.lang.Object, java.lang.Object)'> (0x00000007091cb6c8) 
thrown [s\src\hotspot\share\interpreter\linkResolver.cpp, line 773]
Event: 3.253 Thread 0x0000016a105d90a0 Exception <a 'java/lang/NoSuchMethodError'{0x0000000708b35be8}: 'long java.lang.invoke.DirectMethodHandle$Holder.invokeStatic(java.lang.Object, long)'> (0x0000000708b35be8) 
thrown [s\src\hotspot\share\interpreter\linkResolver.cpp, line 773]
Event: 10.746 Thread 0x0000016a105d9dc0 Exception <a 'java/lang/NoSuchMethodError'{0x00000007088082e8}: 'java.lang.Object java.lang.invoke.DirectMethodHandle$Holder.invokeStatic(java.lang.Object, java.lang.Object, java.lang.Object, int, int)'> (0x00000007088082e8) 
thrown [s\src\hotspot\share\interpreter\linkResolver.cpp, line 773]
Event: 10.746 Thread 0x0000016a105d9dc0 Exception <a 'java/lang/NoSuchMethodError'{0x000000070880b8e8}: 'java.lang.Object java.lang.invoke.DirectMethodHandle$Holder.invokeStaticInit(java.lang.Object, java.lang.Object, java.lang.Object, int, int)'> (0x000000070880b8e8) 
thrown [s\src\hotspot\share\interpreter\linkResolver.cpp, line 773]
Event: 10.769 Thread 0x0000016a10397a60 Exception <a 'java/lang/NoSuchMethodError'{0x00000007088fed90}: 'java.lang.Object java.lang.invoke.DirectMethodHandle$Holder.invokeSpecial(java.lang.Object, java.lang.Object, java.lang.Object, java.lang.Object, java.lang.Object, long)'> (0x00000007088fed90) 
thrown [s\src\hotspot\share\interpreter\linkResolver.cpp, line 773]
Event: 10.769 Thread 0x0000016a10397a60 Exception <a 'java/lang/NoSuchMethodError'{0x0000000708902570}: 'java.lang.Object java.lang.invoke.Invokers$Holder.linkToTargetMethod(java.lang.Object, java.lang.Object, java.lang.Object, long, java.lang.Object)'> (0x0000000708902570) 
thrown [s\src\hotspot\share\interpreter\linkResolver.cpp, line 773]
Event: 10.961 Thread 0x0000016a10394c70 Exception <a 'sun/nio/fs/WindowsException'{0x0000000711ff69e0}> (0x0000000711ff69e0) 
thrown [s\src\hotspot\share\prims\jni.cpp, line 520]
Event: 10.983 Thread 0x0000016a10394c70 Exception <a 'java/lang/NoSuchMethodError'{0x0000000711d3abc0}: 'void java.lang.invoke.Invokers$Holder.invoke_MT(java.lang.Object, java.lang.Object, java.lang.Object, java.lang.Object)'> (0x0000000711d3abc0) 
thrown [s\src\hotspot\share\interpreter\linkResolver.cpp, line 773]
Event: 10.983 Thread 0x0000016a103980f0 Exception <a 'java/lang/NoSuchMethodError'{0x0000000711ce2b38}: 'void java.lang.invoke.Invokers$Holder.invoke_MT(java.lang.Object, java.lang.Object, java.lang.Object, java.lang.Object)'> (0x0000000711ce2b38) 
thrown [s\src\hotspot\share\interpreter\linkResolver.cpp, line 773]
Event: 11.029 Thread 0x0000016a103980f0 Exception <a 'java/lang/NoSuchMethodError'{0x000000070967d250}: 'int java.lang.invoke.DirectMethodHandle$Holder.invokeStatic(java.lang.Object, int, java.lang.Object)'> (0x000000070967d250) 
thrown [s\src\hotspot\share\interpreter\linkResolver.cpp, line 773]
Event: 11.107 Thread 0x0000016a103980f0 Exception <a 'java/lang/NoSuchMethodError'{0x0000000712171198}: 'java.lang.Object java.lang.invoke.DirectMethodHandle$Holder.invokeStatic(java.lang.Object, java.lang.Object, java.lang.Object, java.lang.Object, java.lang.Object, java.lang.Object, java.lang.Object, java.lang.Object, java.lang.Object, java.lang.Object, java.lang.Object, java.lang.Object, java.lang.Object)'> (0x0000000712171198) 
thrown [s\src\hotspot\share\interpreter\linkResolver.cpp, line 773]
Event: 11.108 Thread 0x0000016a103980f0 Exception <a 'java/lang/NoSuchMethodError'{0x000000071219ea18}: 'java.lang.Object java.lang.invoke.DirectMethodHandle$Holder.invokeStatic(java.lang.Object, java.lang.Object, java.lang.Object, java.lang.Object, java.lang.Object, java.lang.Object, java.lang.Object, java.lang.Object, java.lang.Object, java.lang.Object, java.lang.Object, java.lang.Object, java.lang.Object, java.lang.Object)'> (0x000000071219ea18) 
thrown [s\src\hotspot\share\interpreter\linkResolver.cpp, line 773]
Event: 11.109 Thread 0x0000016a103980f0 Exception <a 'java/lang/NoSuchMethodError'{0x00000007121c8d60}: 'java.lang.Object java.lang.invoke.Invokers$Holder.linkToTargetMethod(java.lang.Object, java.lang.Object, java.lang.Object, java.lang.Object, java.lang.Object, java.lang.Object, java.lang.Object, java.lang.Object, java.lang.Object, java.lang.Object, java.lang.Object, java.lang.Object, java.lang.Object, java.lang.Object, java.lang.Object, java.lang.Object)'> (0x00000007121c8d60) 
thrown [s\src\hotspot\share\interpreter\linkResolver.cpp, line 77

ZGC Phase Switch (0 events):
No events

VM Operations (20 events):
Event: 12.211 Executing VM operation: Cleanup done
Event: 13.221 Executing VM operation: Cleanup
Event: 13.221 Executing VM operation: Cleanup done
Event: 23.282 Executing VM operation: Cleanup
Event: 23.282 Executing VM operation: Cleanup done
Event: 35.509 Executing VM operation: G1CollectForAllocation (G1 Evacuation Pause)
Event: 35.511 Executing VM operation: G1CollectForAllocation (G1 Evacuation Pause) done
Event: 35.520 Executing VM operation: G1TryInitiateConcMark (G1 Humongous Allocation)
Event: 35.522 Executing VM operation: G1TryInitiateConcMark (G1 Humongous Allocation) done
Event: 35.535 Executing VM operation: G1PauseRemark
Event: 35.538 Executing VM operation: G1PauseRemark done
Event: 35.544 Executing VM operation: G1PauseCleanup
Event: 35.544 Executing VM operation: G1PauseCleanup done
Event: 36.553 Executing VM operation: Cleanup
Event: 36.554 Executing VM operation: Cleanup done
Event: 42.597 Executing VM operation: Cleanup
Event: 42.597 Executing VM operation: Cleanup done
Event: 46.129 Executing VM operation: G1CollectForAllocation (G1 Evacuation Pause)
Event: 46.131 Executing VM operation: G1CollectForAllocation (G1 Evacuation Pause) done
Event: 46.205 Executing VM operation: G1CollectForAllocation (G1 Evacuation Pause)

Memory protections (0 events):
No events

Nmethod flushes (20 events):
Event: 35.538 Thread 0x00000169c62b9950 flushing  nmethod 0x00000169be49a790
Event: 35.538 Thread 0x00000169c62b9950 flushing  nmethod 0x00000169be592210
Event: 35.538 Thread 0x00000169c62b9950 flushing  nmethod 0x00000169be592690
Event: 35.538 Thread 0x00000169c62b9950 flushing  nmethod 0x00000169be595290
Event: 35.538 Thread 0x00000169c62b9950 flushing  nmethod 0x00000169be596690
Event: 35.538 Thread 0x00000169c62b9950 flushing  nmethod 0x00000169be598110
Event: 35.538 Thread 0x00000169c62b9950 flushing  nmethod 0x00000169be5a5390
Event: 35.538 Thread 0x00000169c62b9950 flushing  nmethod 0x00000169be5a9910
Event: 35.538 Thread 0x00000169c62b9950 flushing  nmethod 0x00000169be5c2c90
Event: 35.538 Thread 0x00000169c62b9950 flushing  nmethod 0x00000169be5c3610
Event: 35.538 Thread 0x00000169c62b9950 flushing  nmethod 0x00000169be5c6910
Event: 35.538 Thread 0x00000169c62b9950 flushing  nmethod 0x00000169be5cee90
Event: 35.538 Thread 0x00000169c62b9950 flushing  nmethod 0x00000169be5cfd10
Event: 35.538 Thread 0x00000169c62b9950 flushing  nmethod 0x00000169be5e2d90
Event: 35.538 Thread 0x00000169c62b9950 flushing  nmethod 0x00000169be5e3b90
Event: 35.538 Thread 0x00000169c62b9950 flushing  nmethod 0x00000169be5e7510
Event: 35.538 Thread 0x00000169c62b9950 flushing  nmethod 0x00000169be5e8290
Event: 35.538 Thread 0x00000169c62b9950 flushing  nmethod 0x00000169be5f2c90
Event: 35.538 Thread 0x00000169c62b9950 flushing  nmethod 0x00000169be7ab190
Event: 35.538 Thread 0x00000169c62b9950 flushing  nmethod 0x00000169be7c9390

Events (20 events):
Event: 3.210 Thread 0x0000016a0eaae460 Thread added: 0x0000016a10395990
Event: 3.210 Thread 0x0000016a0eaae460 Thread added: 0x0000016a10396020
Event: 3.210 Thread 0x0000016a0eaae460 Thread added: 0x0000016a10394c70
Event: 3.210 Thread 0x0000016a0eaae460 Thread added: 0x0000016a103966b0
Event: 3.210 Thread 0x0000016a0eaae460 Thread added: 0x0000016a10396d40
Event: 3.210 Thread 0x0000016a0eaae460 Thread added: 0x0000016a105d7cf0
Event: 3.210 Thread 0x0000016a0eaae460 Thread added: 0x0000016a105daae0
Event: 3.216 Thread 0x0000016a0eaae460 Thread added: 0x0000016a105db170
Event: 3.217 Thread 0x0000016a0eaae460 Thread added: 0x0000016a105d9dc0
Event: 3.223 Thread 0x0000016a0eaae460 Thread added: 0x0000016a105d90a0
Event: 3.227 Thread 0x0000016a0eaae460 Thread exited: 0x0000016a0eaae460
Event: 3.228 Thread 0x0000016a0ea7aa10 Thread exited: 0x0000016a0ea7aa10
Event: 3.228 Thread 0x00000169b34ef4c0 Thread exited: 0x00000169b34ef4c0
Event: 3.228 Thread 0x0000016a105d9730 Thread added: 0x0000016a105d9730
Event: 4.816 Thread 0x0000016a0e075b70 Thread exited: 0x0000016a0e075b70
Event: 12.319 Thread 0x0000016a0e078450 Thread exited: 0x0000016a0e078450
Event: 12.319 Thread 0x0000016a0e076910 Thread exited: 0x0000016a0e076910
Event: 35.412 Thread 0x0000016a0e01cc40 Thread added: 0x0000016a0e075b70
Event: 35.412 Thread 0x0000016a0e01cc40 Thread added: 0x0000016a0e0754a0
Event: 37.223 Thread 0x0000016a0e0754a0 Thread exited: 0x0000016a0e0754a0


Dynamic libraries:
0x00007ff63e160000 - 0x00007ff63e16e000 	C:\Users\araom\.jdks\ms-21.0.8\bin\java.exe
0x00007ffd39c80000 - 0x00007ffd39ee9000 	C:\WINDOWS\SYSTEM32\ntdll.dll
0x00007ffd37c30000 - 0x00007ffd37cf9000 	C:\WINDOWS\System32\KERNEL32.DLL
0x00007ffd37260000 - 0x00007ffd37653000 	C:\WINDOWS\System32\KERNELBASE.dll
0x00007ffd37110000 - 0x00007ffd3725b000 	C:\WINDOWS\System32\ucrtbase.dll
0x00007ffd1aff0000 - 0x00007ffd1b008000 	C:\Users\araom\.jdks\ms-21.0.8\bin\jli.dll
0x00007ffd33cd0000 - 0x00007ffd33cee000 	C:\Users\araom\.jdks\ms-21.0.8\bin\VCRUNTIME140.dll
0x00007ffd392f0000 - 0x00007ffd394b4000 	C:\WINDOWS\System32\USER32.dll
0x00007ffd36e10000 - 0x00007ffd36e37000 	C:\WINDOWS\System32\win32u.dll
0x00007ffd10290000 - 0x00007ffd10523000 	C:\WINDOWS\WinSxS\amd64_microsoft.windows.common-controls_6595b64144ccf1df_6.0.26100.5074_none_3e0d6f78e32fd63f\COMCTL32.dll
0x00007ffd38e00000 - 0x00007ffd38e2b000 	C:\WINDOWS\System32\GDI32.dll
0x00007ffd37860000 - 0x00007ffd3798d000 	C:\WINDOWS\System32\gdi32full.dll
0x00007ffd37de0000 - 0x00007ffd37e89000 	C:\WINDOWS\System32\msvcrt.dll
0x00007ffd36e40000 - 0x00007ffd36ee3000 	C:\WINDOWS\System32\msvcp_win.dll
0x00007ffd39730000 - 0x00007ffd3975f000 	C:\WINDOWS\System32\IMM32.DLL
0x00007ffd1afe0000 - 0x00007ffd1afec000 	C:\Users\araom\.jdks\ms-21.0.8\bin\vcruntime140_1.dll
0x00007ffd1af50000 - 0x00007ffd1afd9000 	C:\Users\araom\.jdks\ms-21.0.8\bin\msvcp140.dll
0x00007ffca4760000 - 0x00007ffca550c000 	C:\Users\araom\.jdks\ms-21.0.8\bin\server\jvm.dll
0x00007ffd39500000 - 0x00007ffd395b4000 	C:\WINDOWS\System32\ADVAPI32.dll
0x00007ffd38d40000 - 0x00007ffd38de6000 	C:\WINDOWS\System32\sechost.dll
0x00007ffd39780000 - 0x00007ffd39898000 	C:\WINDOWS\System32\RPCRT4.dll
0x00007ffd39110000 - 0x00007ffd39184000 	C:\WINDOWS\System32\WS2_32.dll
0x00007ffd36c60000 - 0x00007ffd36cbe000 	C:\WINDOWS\SYSTEM32\POWRPROF.dll
0x00007ffd2ed40000 - 0x00007ffd2ed75000 	C:\WINDOWS\SYSTEM32\WINMM.dll
0x00007ffd26110000 - 0x00007ffd2611b000 	C:\WINDOWS\SYSTEM32\VERSION.dll
0x00007ffd36c30000 - 0x00007ffd36c44000 	C:\WINDOWS\SYSTEM32\UMPDC.dll
0x00007ffd35bb0000 - 0x00007ffd35bcb000 	C:\WINDOWS\SYSTEM32\kernel.appcore.dll
0x00007ffd1af40000 - 0x00007ffd1af4a000 	C:\Users\araom\.jdks\ms-21.0.8\bin\jimage.dll
0x00007ffd1d3e0000 - 0x00007ffd1d622000 	C:\WINDOWS\SYSTEM32\DBGHELP.DLL
0x00007ffd398c0000 - 0x00007ffd39c3b000 	C:\WINDOWS\System32\combase.dll
0x00007ffd37d00000 - 0x00007ffd37dd7000 	C:\WINDOWS\System32\OLEAUT32.dll
0x00007ffd0d990000 - 0x00007ffd0d9cd000 	C:\WINDOWS\SYSTEM32\dbgcore.DLL
0x00007ffd36ef0000 - 0x00007ffd36f89000 	C:\WINDOWS\System32\bcryptPrimitives.dll
0x00007ffd1aee0000 - 0x00007ffd1aef0000 	C:\Users\araom\.jdks\ms-21.0.8\bin\instrument.dll
0x00007ffd17ec0000 - 0x00007ffd17ee1000 	C:\Users\araom\.jdks\ms-21.0.8\bin\java.dll
0x00007ffd37e90000 - 0x00007ffd385dd000 	C:\WINDOWS\System32\SHELL32.dll
0x00007ffd376f0000 - 0x00007ffd3785c000 	C:\WINDOWS\System32\wintypes.dll
0x00007ffd34a30000 - 0x00007ffd35289000 	C:\WINDOWS\SYSTEM32\windows.storage.dll
0x00007ffd37aa0000 - 0x00007ffd37b90000 	C:\WINDOWS\System32\SHCORE.dll
0x00007ffd387c0000 - 0x00007ffd38822000 	C:\WINDOWS\System32\shlwapi.dll
0x00007ffd36d30000 - 0x00007ffd36d59000 	C:\WINDOWS\SYSTEM32\profapi.dll
0x00007ffd00880000 - 0x00007ffd00898000 	C:\Users\araom\.jdks\ms-21.0.8\bin\zip.dll
0x00007ffd1aec0000 - 0x00007ffd1aed1000 	C:\Users\araom\.jdks\ms-21.0.8\bin\net.dll
0x00007ffd30400000 - 0x00007ffd3051f000 	C:\WINDOWS\SYSTEM32\WINHTTP.dll
0x00007ffd36110000 - 0x00007ffd3617b000 	C:\WINDOWS\system32\mswsock.dll
0x00007ffd127a0000 - 0x00007ffd127b6000 	C:\Users\araom\.jdks\ms-21.0.8\bin\nio.dll
0x00007ffd12ae0000 - 0x00007ffd12ae9000 	C:\Users\araom\.jdks\ms-21.0.8\bin\extnet.dll
0x00007ffd00870000 - 0x00007ffd0087a000 	C:\Users\araom\.jdks\ms-21.0.8\bin\management.dll
0x00007ffd00860000 - 0x00007ffd0086c000 	C:\Users\araom\.jdks\ms-21.0.8\bin\management_ext.dll
0x00007ffd395c0000 - 0x00007ffd395c8000 	C:\WINDOWS\System32\PSAPI.DLL
0x00007ffd12730000 - 0x00007ffd1273e000 	C:\Users\araom\.jdks\ms-21.0.8\bin\sunmscapi.dll
0x00007ffd36f90000 - 0x00007ffd37107000 	C:\WINDOWS\System32\CRYPT32.dll
0x00007ffd36620000 - 0x00007ffd36650000 	C:\WINDOWS\SYSTEM32\ncrypt.dll
0x00007ffd365d0000 - 0x00007ffd3660f000 	C:\WINDOWS\SYSTEM32\NTASN1.dll
0x00007ffd364e0000 - 0x00007ffd364fb000 	C:\WINDOWS\SYSTEM32\CRYPTSP.dll
0x00007ffd35b10000 - 0x00007ffd35b4b000 	C:\WINDOWS\system32\rsaenh.dll
0x00007ffd361b0000 - 0x00007ffd361db000 	C:\WINDOWS\SYSTEM32\USERENV.dll
0x00007ffd36d00000 - 0x00007ffd36d26000 	C:\WINDOWS\SYSTEM32\bcrypt.dll
0x00007ffd36340000 - 0x00007ffd3634c000 	C:\WINDOWS\SYSTEM32\CRYPTBASE.dll
0x00007ffd35600000 - 0x00007ffd35634000 	C:\WINDOWS\SYSTEM32\IPHLPAPI.DLL
0x00007ffd39770000 - 0x00007ffd3977a000 	C:\WINDOWS\System32\NSI.dll
0x00007ffd356a0000 - 0x00007ffd357c6000 	C:\WINDOWS\SYSTEM32\DNSAPI.dll
0x00007ffd2ec70000 - 0x00007ffd2ec7b000 	C:\Windows\System32\rasadhlp.dll
0x00007ffd31790000 - 0x00007ffd31816000 	C:\WINDOWS\System32\fwpuclnt.dll
0x00007ffd12c60000 - 0x00007ffd12c68000 	C:\WINDOWS\system32\wshunix.dll

JVMTI agents:
C:\Users\araom\AppData\Local\Programs\IntelliJ IDEA Community Edition\lib\idea_rt.jar path:C:\Users\araom\.jdks\ms-21.0.8\bin\instrument.dll, loaded, initialized, instrumentlib options:65110

dbghelp: loaded successfully - version: 4.0.5 - missing functions: none
symbol engine: initialized successfully - sym options: 0x614 - pdb path: .;C:\Users\araom\.jdks\ms-21.0.8\bin;C:\WINDOWS\SYSTEM32;C:\WINDOWS\WinSxS\amd64_microsoft.windows.common-controls_6595b64144ccf1df_6.0.26100.5074_none_3e0d6f78e32fd63f;C:\Users\araom\.jdks\ms-21.0.8\bin\server

VM Arguments:
jvm_args: -XX:TieredStopAtLevel=1 -Dspring.output.ansi.enabled=always -javaagent:C:\Users\araom\AppData\Local\Programs\IntelliJ IDEA Community Edition\lib\idea_rt.jar=65110 -Dfile.encoding=UTF-8 -Dsun.stdout.encoding=UTF-8 -Dsun.stderr.encoding=UTF-8 
java_command: com.jobportal.Job.Poratl.JobPoratlApplication
java_class_path (initial): C:\Users\araom\OneDrive\Desktop\Job Poratl backend\Job-Poratl\target\classes;C:\Users\araom\.m2\repository\org\springframework\boot\spring-boot-starter-web\4.0.1\spring-boot-starter-web-4.0.1.jar;C:\Users\araom\.m2\repository\org\springframework\boot\spring-boot-starter-jackson\4.0.1\spring-boot-starter-jackson-4.0.1.jar;C:\Users\araom\.m2\repository\org\springframework\boot\spring-boot-jackson\4.0.1\spring-boot-jackson-4.0.1.jar;C:\Users\araom\.m2\repository\tools\jackson\core\jackson-databind\3.0.3\jackson-databind-3.0.3.jar;C:\Users\araom\.m2\repository\tools\jackson\core\jackson-core\3.0.3\jackson-core-3.0.3.jar;C:\Users\araom\.m2\repository\org\springframework\boot\spring-boot-starter-tomcat\4.0.1\spring-boot-starter-tomcat-4.0.1.jar;C:\Users\araom\.m2\repository\org\springframework\boot\spring-boot-starter-tomcat-runtime\4.0.1\spring-boot-starter-tomcat-runtime-4.0.1.jar;C:\Users\araom\.m2\repository\org\springframework\boot\spring-boot-web-server\4.0.1\spring-boot-web-server-4.0.1.jar;C:\Users\araom\.m2\repository\org\apache\tomcat\embed\tomcat-embed-core\11.0.15\tomcat-embed-core-11.0.15.jar;C:\Users\araom\.m2\repository\org\apache\tomcat\embed\tomcat-embed-websocket\11.0.15\tomcat-embed-websocket-11.0.15.jar;C:\Users\araom\.m2\repository\org\springframework\boot\spring-boot-tomcat\4.0.1\spring-boot-tomcat-4.0.1.jar;C:\Users\araom\.m2\repository\org\springframework\boot\spring-boot-http-converter\4.0.1\spring-boot-http-converter-4.0.1.jar;C:\Users\araom\.m2\repository\org\springframework\spring-web\7.0.2\spring-web-7.0.2.jar;C:\Users\araom\.m2\repository\io\micrometer\micrometer-observation\1.16.1\micrometer-observation-1.16.1.jar;C:\Users\araom\.m2\repository\io\micrometer\micrometer-commons\1.16.1\micrometer-commons-1.16.1.jar;C:\Users\araom\.m2\repository\org\springframework\boot\spring-boot-webmvc\4.0.1\spring-boot-webmvc-4.0.1.jar;C:\Users\araom\.m2\repository\org\springframework\boot\spring-boot-servlet\4.0.1\spring-boot-servlet-4.0.1.jar;C:\Users\araom\.m2\repository\org\springframework\spring-webmvc\7.0.2\spring-webmvc-7.0.2.jar;C:\Users\araom\.m2\repository\org\springframework\spring-expression\7.0.2\spring-expression-7.0.2.jar;C:\Users\araom\.m2\repository\org\springframework\boot\spring-boot-starter-data-mongodb\4.0.1\spring-boot-starter-data-mongodb-4.0.1.jar;C:\Users\araom\.m2\repository\org\springframework\boot\spring-boot-starter-mongodb\4.0.1\spring-boot-starter-mongodb-4.0.1.jar;C:\Users\araom\.m2\repository\org\springframework\boot\spring-boot-mongodb\4.0.1\spring-boot-mongodb-4.0.1.jar;C:\Users\araom\.m2\repository\org\mongodb\mongodb-driver-sync\5.6.2\mongodb-driver-sync-5.6.2.jar;C:\Users\araom\.m2\repository\org\mongodb\bson\5.6.2\bson-5.6.2.jar;C:\Users\araom\.m2\repository\org\mongodb\mongodb-driver-core\5.6.2\mongodb-driver-core-5.6.2.jar;C:\Users\araom\.m2\repository\org\mongodb\bson-record-codec\5.6.2\bson-record-codec-5.6.2.jar;C:\Users\araom\.m2\repository\org\springframework\boot\spring-boot-data-mongodb\4.0.1\spring-boot-data-mongodb-4.0.1.jar;C:\Users\araom\.m2\repository\org\springframework\boot\spring-boot-data-commons\4.0.1\spring-boot-data-commons-4.0.1.jar;C:\Users\araom\.m2\repository\org\springframework\boot\spring-boot-persistence\4.0.1\spring-boot-persistence-4.0.1.jar;C:\Users\araom\.m2\repository\org\springframework\data\spring-data-commons\4.0.1\spring-data-commons-4.0.1.jar;C:\Users\araom\.m2\repository\org\springframework\boot\spring-boot-transaction\4.0.1\spring-boot-transaction-4.0.1.jar;C:\Users\araom\.m2\repository\org\springframework\spring-tx\7.0.2\spring-tx-7.0.2.jar;C:\Users\araom\.m2\repository\org\springframework\data\spring-data-mongodb\5.0.1\spring-data-mongodb-5.0.1.jar;C:\Users\araom\.m2\repository\org\projectlombok\lombok\1.18.42\lombok-1.18.42.jar;C:\Users\araom\.m2\repository\org\springframework\boot\spring-boot-devtools\4.0.1\spring-boot-devtools-4.0.1.jar;C:\Users\araom\.m2\repository\org\springframework\boot\spring-boot\4.0.1\spring-boot-4.0.1.jar;C:\Users\araom\.m2\repository\org\springframework\spring-context\7.0.2\spring-context-7.0.2.jar;C:\Users\araom\.m2\repository\org\springframework\boot\spring-boot-autoconfigure\4.0.1\spring-boot-autoconfigure-4.0.1.jar;C:\Users\araom\.m2\repository\org\springframework\boot\spring-boot-starter-validation\4.0.1\spring-boot-starter-validation-4.0.1.jar;C:\Users\araom\.m2\repository\org\springframework\boot\spring-boot-starter\4.0.1\spring-boot-starter-4.0.1.jar;C:\Users\araom\.m2\repository\org\springframework\boot\spring-boot-starter-logging\4.0.1\spring-boot-starter-logging-4.0.1.jar;C:\Users\araom\.m2\repository\ch\qos\logback\logback-classic\1.5.22\logback-classic-1.5.22.jar;C:\Users\araom\.m2\repository\ch\qos\logback\logback-core\1.5.22\logback-core-1.5.22.jar;C:\Users\araom\.m2\repository\org\apache\logging\log4j\log4j-to-slf4j\2.25.3\log4j-to-slf4j-2.25.3.jar;C:\Users\araom\.m2\repository\org\apache\logging\log4j\log4j-api\2.25.3\log4j-api-2.25.3.jar;C:\Users\araom\.m2\repository\org\slf4j\jul-to-slf4j\2.0.17\jul-to-slf4j-2.0.17.jar;C:\Users\araom\.m2\repository\jakarta\annotation\jakarta.annotation-api\3.0.0\jakarta.annotation-api-3.0.0.jar;C:\Users\araom\.m2\repository\org\yaml\snakeyaml\2.5\snakeyaml-2.5.jar;C:\Users\araom\.m2\repository\org\springframework\boot\spring-boot-validation\4.0.1\spring-boot-validation-4.0.1.jar;C:\Users\araom\.m2\repository\org\apache\tomcat\embed\tomcat-embed-el\11.0.15\tomcat-embed-el-11.0.15.jar;C:\Users\araom\.m2\repository\org\hibernate\validator\hibernate-validator\9.0.1.Final\hibernate-validator-9.0.1.Final.jar;C:\Users\araom\.m2\repository\jakarta\validation\jakarta.validation-api\3.1.1\jakarta.validation-api-3.1.1.jar;C:\Users\araom\.m2\repository\org\jboss\logging\jboss-logging\3.6.1.Final\jboss-logging-3.6.1.Final.jar;C:\Users\araom\.m2\repository\com\fasterxml\classmate\1.7.1\classmate-1.7.1.jar;C:\Users\araom\.m2\repository\org\slf4j\slf4j-api\2.0.17\slf4j-api-2.0.17.jar;C:\Users\araom\.m2\repository\jakarta\activation\jakarta.activation-api\2.1.4\jakarta.activation-api-2.1.4.jar;C:\Users\araom\.m2\repository\org\springframework\spring-core\7.0.2\spring-core-7.0.2.jar;C:\Users\araom\.m2\repository\commons-logging\commons-logging\1.3.5\commons-logging-1.3.5.jar;C:\Users\araom\.m2\repository\org\jspecify\jspecify\1.0.0\jspecify-1.0.0.jar;C:\Users\araom\.m2\repository\org\springframework\boot\spring-boot-starter-security\4.0.1\spring-boot-starter-security-4.0.1.jar;C:\Users\araom\.m2\repository\org\springframework\boot\spring-boot-security\4.0.1\spring-boot-security-4.0.1.jar;C:\Users\araom\.m2\repository\org\springframework\security\spring-security-config\7.0.2\spring-security-config-7.0.2.jar;C:\Users\araom\.m2\repository\org\springframework\security\spring-security-core\7.0.2\spring-security-core-7.0.2.jar;C:\Users\araom\.m2\repository\org\springframework\security\spring-security-crypto\7.0.2\spring-security-crypto-7.0.2.jar;C:\Users\araom\.m2\repository\org\springframework\security\spring-security-web\7.0.2\spring-security-web-7.0.2.jar;C:\Users\araom\.m2\repository\org\springframework\spring-aop\7.0.2\spring-aop-7.0.2.jar;C:\Users\araom\.m2\repository\org\springframework\spring-beans\7.0.2\spring-beans-7.0.2.jar;C:\Users\araom\.m2\repository\org\springframework\boot\spring-boot-starter-mail\4.0.1\spring-boot-starter-mail-4.0.1.jar;C:\Users\araom\.m2\repository\org\springframework\boot\spring-boot-mail\4.0.1\spring-boot-mail-4.0.1.jar;C:\Users\araom\.m2\repository\org\springframework\spring-context-support\7.0.2\spring-context-support-7.0.2.jar;C:\Users\araom\.m2\repository\jakarta\mail\jakarta.mail-api\2.1.5\jakarta.mail-api-2.1.5.jar;C:\Users\araom\.m2\repository\org\eclipse\angus\angus-mail\2.0.5\angus-mail-2.0.5.jar;C:\Users\araom\.m2\repository\org\eclipse\angus\angus-activation\2.0.3\angus-activation-2.0.3.jar;C:\Users\araom\.m2\repository\com\fasterxml\jackson\core\jackson-databind\2.20.1\jackson-databind-2.20.1.jar;C:\Users\araom\.m2\repository\com\fasterxml\jackson\core\jackson-annotations\2.20\jackson-annotations-2.20.jar;C:\Users\araom\.m2\repository\com\fasterxml\jackson\core\jackson-core\2.20.1\jackson-core-2.20.1.jar;C:\Users\araom\.m2\repository\io\jsonwebtoken\jjwt-api\0.11.5\jjwt-api-0.11.5.jar;C:\Users\araom\.m2\repository\io\jsonwebtoken\jjwt-impl\0.11.5\jjwt-impl-0.11.5.jar;C:\Users\araom\.m2\repository\io\jsonwebtoken\jjwt-jackson\0.11.5\jjwt-jackson-0.11.5.jar
Launcher Type: SUN_STANDARD

[Global flags]
     intx CICompilerCount                          = 4                                         {product} {ergonomic}
     uint ConcGCThreads                            = 3                                         {product} {ergonomic}
     uint G1ConcRefinementThreads                  = 10                                        {product} {ergonomic}
   size_t G1HeapRegionSize                         = 2097152                                   {product} {ergonomic}
    uintx GCDrainStackTargetSize                   = 64                                        {product} {ergonomic}
   size_t InitialHeapSize                          = 264241152                                 {product} {ergonomic}
   size_t MarkStackSize                            = 4194304                                   {product} {ergonomic}
   size_t MaxHeapSize                              = 4202692608                                {product} {ergonomic}
   size_t MaxNewSize                               = 2520776704                                {product} {ergonomic}
   size_t MinHeapDeltaBytes                        = 2097152                                   {product} {ergonomic}
   size_t MinHeapSize                              = 8388608                                   {product} {ergonomic}
    uintx NonNMethodCodeHeapSize                   = 4096                                   {pd product} {ergonomic}
    uintx NonProfiledCodeHeapSize                  = 0                                      {pd product} {ergonomic}
     bool ProfileInterpreter                       = false                                  {pd product} {command line}
    uintx ProfiledCodeHeapSize                     = 0                                      {pd product} {ergonomic}
   size_t SoftMaxHeapSize                          = 4202692608                             {manageable} {ergonomic}
     intx TieredStopAtLevel                        = 1                                         {product} {command line}
     bool UseCompressedOops                        = true                           {product lp64_product} {ergonomic}
     bool UseG1GC                                  = true                                      {product} {ergonomic}
     bool UseLargePagesIndividualAllocation        = false                                  {pd product} {ergonomic}

Logging:
Log output configuration:
 #0: stdout all=warning uptime,level,tags foldmultilines=false
 #1: stderr all=off uptime,level,tags foldmultilines=false

Environment Variables:
JAVA_HOME=C:\Program Files\Eclipse Adoptium\jdk-21.0.6.7-hotspot\bin
PATH=C:\Program Files\Eclipse Adoptium\jdk-21.0.6.7-hotspot\bin;C:\Python313\Scripts\;C:\Python313\;C:\Python312\Scripts\;C:\Python312\;C:\WINDOWS\system32;C:\WINDOWS;C:\WINDOWS\System32\Wbem;C:\WINDOWS\System32\WindowsPowerShell\v1.0\;C:\WINDOWS\System32\OpenSSH\;C:\Program Files\Git\cmd;C:\Program Files (x86)\dotnet\;C:\MAMP\bin\mysql\bin;C:\Program Files\nodejs\;C:\ProgramData\chocolatey\bin;;C:\Program Files\Docker\Docker\resources\bin;C:\Users\araom\AppData\Local\Programs\Eclipse Adoptium\jdk-21.0.6.7-hotspot\bin;C:\Users\araom\AppData\Local\Microsoft\WindowsApps;C:\Users\araom\AppData\Local\Programs\Microsoft VS Code\bin;C:\Users\araom\AppData\Roaming\npm;C:\Users\araom\AppData\Local\JetBrains\Toolbox\scripts;C:\Users\araom\AppData\Local\Programs\mongosh\
USERNAME=araom
OS=Windows_NT
PROCESSOR_IDENTIFIER=Intel64 Family 6 Model 186 Stepping 3, GenuineIntel
TMP=C:\Users\araom\AppData\Local\Temp
TEMP=C:\Users\araom\AppData\Local\Temp




Periodic native trim disabled

---------------  S Y S T E M  ---------------

OS:
 Windows 11 , 64 bit Build 26100 (10.0.26100.5074)
OS uptime: 0 days 10:25 hours
Hyper-V role detected

CPU: total 12 (initial active 12) (6 cores per cpu, 2 threads per core) family 6 model 186 stepping 3 microcode 0x4129, cx8, cmov, fxsr, ht, mmx, 3dnowpref, sse, sse2, sse3, ssse3, sse4.1, sse4.2, popcnt, lzcnt, tsc, tscinvbit, avx, avx2, aes, erms, clmul, bmi1, bmi2, adx, sha, fma, vzeroupper, clflush, clflushopt, clwb, hv, serialize, rdtscp, rdpid, fsrm, f16c, cet_ibt, cet_ss
Processor Information for the first 12 processors :
  Max Mhz: 1300, Current Mhz: 1300, Mhz Limit: 1300

Memory: 4k page, system-wide physical 16024M (1901M free)
TotalPageFile size 21908M (AvailPageFile size 6M)
current process WorkingSet (physical memory assigned to process): 349M, peak: 473M
current process commit charge ("private bytes"): 398M, peak: 539M

vm_info: OpenJDK 64-Bit Server VM (21.0.8+9-LTS) for windows-amd64 JRE (21.0.8+9-LTS), built on 2025-07-10T20:22:44Z by "MicrosoftCorporation" with unknown MS VC++:1944

END.
