#
# There is insufficient memory for the Java Runtime Environment to continue.
# Native memory allocation (mmap) failed to map 106954752 bytes. Error detail: G1 virtual space
# Possible reasons:
#   The system is out of physical RAM or swap space
#   This process is running with CompressedOops enabled, and the Java Heap may be blocking the growth of the native heap
# Possible solutions:
#   Reduce memory load on the system
#   Increase physical memory or swap space
#   Check if swap backing store is full
#   Decrease Java heap size (-Xmx/-Xms)
#   Decrease number of Java threads
#   Decrease Java thread stack sizes (-Xss)
#   Set larger code cache with -XX:ReservedCodeCacheSize=
#   JVM is running with Zero Based Compressed Oops mode in which the Java heap is
#     placed in the first 32GB address space. The Java Heap base address is the
#     maximum limit for the native heap growth. Please use -XX:HeapBaseMinAddress
#     to set the Java Heap base and to place the Java Heap above 32GB virtual address.
# This output file may be truncated or incomplete.
#
#  Out of Memory Error (os_windows.cpp:3736), pid=27684, tid=1264
#
# JRE version: OpenJDK Runtime Environment Microsoft-11933218 (21.0.8+9) (build 21.0.8+9-LTS)
# Java VM: OpenJDK 64-Bit Server VM Microsoft-11933218 (21.0.8+9-LTS, mixed mode, emulated-client, sharing, tiered, compressed oops, compressed class ptrs, g1 gc, windows-amd64)
# No core dump will be written. Minidumps are not enabled by default on client versions of Windows
#

---------------  S U M M A R Y ------------

Command Line: -agentlib:jdwp=transport=dt_socket,address=127.0.0.1:65053,suspend=y,server=n -javaagent:C:\Users\araom\AppData\Local\JetBrains\IntelliJIdea2025.3\captureAgent\debugger-agent.jar=file:///C:/Users/araom/AppData/Local/Temp/capture7011209892155301637.props -XX:TieredStopAtLevel=1 -Dspring.output.ansi.enabled=always -Dkotlinx.coroutines.debug.enable.creation.stack.trace=false -Ddebugger.agent.enable.coroutines=true -Dkotlinx.coroutines.debug.enable.flows.stack.trace=true -Dkotlinx.coroutines.debug.enable.mutable.state.flows.stack.trace=true -Ddebugger.async.stack.trace.for.all.threads=true -Dfile.encoding=UTF-8 -Dsun.stdout.encoding=UTF-8 -Dsun.stderr.encoding=UTF-8 com.jobportal.Job.Poratl.JobPoratlApplication

Host: 13th Gen Intel(R) Core(TM) i5-1335U, 12 cores, 15G,  Windows 11 , 64 bit Build 26100 (10.0.26100.5074)
Time: Mon Feb 16 20:39:33 2026 elapsed time: 7.311833 seconds (0d 0h 0m 7s)

---------------  T H R E A D  ---------------

Current thread (0x000002155545fc50):  VMThread "VM Thread"          [id=1264, stack(0x000000b589200000,0x000000b589300000) (1024K)]

Stack: [0x000000b589200000,0x000000b589300000]
Native frames: (J=compiled Java code, j=interpreted, Vv=VM code, C=native code)
V  [jvm.dll+0x6e1729]
V  [jvm.dll+0x8bf47b]
V  [jvm.dll+0x8c19aa]
V  [jvm.dll+0x8c2083]
V  [jvm.dll+0x289fd6]
V  [jvm.dll+0x6de085]
V  [jvm.dll+0x6d218a]
V  [jvm.dll+0x366f6e]
V  [jvm.dll+0x36ee1b]
V  [jvm.dll+0x3c06b9]
V  [jvm.dll+0x3c095b]
V  [jvm.dll+0x33a8b7]
V  [jvm.dll+0x33a947]
V  [jvm.dll+0x37f68c]
V  [jvm.dll+0x37de6e]
V  [jvm.dll+0x33a011]
V  [jvm.dll+0x37d4da]
V  [jvm.dll+0x8c7def]
V  [jvm.dll+0x8c92fc]
V  [jvm.dll+0x8c9874]
V  [jvm.dll+0x8c9973]
V  [jvm.dll+0x86975d]
V  [jvm.dll+0x6dff2d]
C  [ucrtbase.dll+0x37b0]
C  [KERNEL32.DLL+0x2e8d7]
C  [ntdll.dll+0x8d9c]

VM_Operation (0x000000b58adf7890): G1CollectForAllocation, mode: safepoint, requested by thread 0x000002159bbc1f00


---------------  P R O C E S S  ---------------

Threads class SMR info:
_java_thread_list=0x000002159b4927c0, length=22, elements={
0x0000021541edcb80, 0x000002155547e9c0, 0x000002155547f610, 0x0000021555483cb0,
0x0000021555486910, 0x000002155548a1c0, 0x000002155548ba60, 0x00000215554906e0,
0x000002155544fd80, 0x00000215555899e0, 0x00000215555edb90, 0x000002155560f210,
0x0000021555611ca0, 0x000002155573fb50, 0x00000215557344f0, 0x000002159b544dd0,
0x000002159bbac560, 0x000002159bbc1f00, 0x000002159e320810, 0x000002159c93e5b0,
0x000002159e590890, 0x000002159e58e7c0
}

Java Threads: ( => current thread )
  0x0000021541edcb80 JavaThread "main"                              [_thread_blocked, id=28488, stack(0x000000b588b00000,0x000000b588c00000) (1024K)]
  0x000002155547e9c0 JavaThread "Reference Handler"          daemon [_thread_blocked, id=13064, stack(0x000000b589300000,0x000000b589400000) (1024K)]
  0x000002155547f610 JavaThread "Finalizer"                  daemon [_thread_blocked, id=20252, stack(0x000000b589400000,0x000000b589500000) (1024K)]
  0x0000021555483cb0 JavaThread "Signal Dispatcher"          daemon [_thread_blocked, id=5148, stack(0x000000b589500000,0x000000b589600000) (1024K)]
  0x0000021555486910 JavaThread "Attach Listener"            daemon [_thread_blocked, id=26892, stack(0x000000b589600000,0x000000b589700000) (1024K)]
  0x000002155548a1c0 JavaThread "Service Thread"             daemon [_thread_blocked, id=26896, stack(0x000000b589700000,0x000000b589800000) (1024K)]
  0x000002155548ba60 JavaThread "Monitor Deflation Thread"   daemon [_thread_blocked, id=24296, stack(0x000000b589800000,0x000000b589900000) (1024K)]
  0x00000215554906e0 JavaThread "C1 CompilerThread0"         daemon [_thread_blocked, id=23908, stack(0x000000b589900000,0x000000b589a00000) (1024K)]
  0x000002155544fd80 JavaThread "Common-Cleaner"             daemon [_thread_blocked, id=23904, stack(0x000000b589a00000,0x000000b589b00000) (1024K)]
  0x00000215555899e0 JavaThread "C1 CompilerThread1"         daemon [_thread_blocked, id=28604, stack(0x000000b589b00000,0x000000b589c00000) (1024K)]
  0x00000215555edb90 JavaThread "JDWP Transport Listener: dt_socket" daemon [_thread_blocked, id=28584, stack(0x000000b589d00000,0x000000b589e00000) (1024K)]
  0x000002155560f210 JavaThread "JDWP Event Helper Thread"   daemon [_thread_blocked, id=28576, stack(0x000000b589e00000,0x000000b589f00000) (1024K)]
  0x0000021555611ca0 JavaThread "JDWP Command Reader"        daemon [_thread_in_native, id=27908, stack(0x000000b589f00000,0x000000b58a000000) (1024K)]
  0x000002155573fb50 JavaThread "IntelliJ Suspend Helper"    daemon [_thread_blocked, id=13584, stack(0x000000b589c00000,0x000000b589d00000) (1024K)]
  0x00000215557344f0 JavaThread "Notification Thread"        daemon [_thread_blocked, id=2892, stack(0x000000b58a000000,0x000000b58a100000) (1024K)]
  0x000002159b544dd0 JavaThread "C1 CompilerThread2"         daemon [_thread_blocked, id=27996, stack(0x000000b58a100000,0x000000b58a200000) (1024K)]
  0x000002159bbac560 JavaThread "Thread-0"                          [_thread_blocked, id=25004, stack(0x000000b58ac00000,0x000000b58ad00000) (1024K)]
  0x000002159bbc1f00 JavaThread "restartedMain"                     [_thread_blocked, id=25796, stack(0x000000b58ad00000,0x000000b58ae00000) (1024K)]
  0x000002159e320810 JavaThread "BufferPoolPruner-1-thread-1" daemon [_thread_blocked, id=9444, stack(0x000000b58a200000,0x000000b58a300000) (1024K)]
  0x000002159c93e5b0 JavaThread "cluster-ClusterId{value='699301f492c9fb41c0ee0a68', description='null'}-localhost:27017" daemon [_thread_in_native, id=27352, stack(0x000000b58ae00000,0x000000b58af00000) (1024K)]
  0x000002159e590890 JavaThread "cluster-rtt-ClusterId{value='699301f492c9fb41c0ee0a68', description='null'}-localhost:27017" daemon [_thread_blocked, id=26964, stack(0x000000b58b200000,0x000000b58b300000) (1024K)]
  0x000002159e58e7c0 JavaThread "MaintenanceTimer-2-thread-1" daemon [_thread_blocked, id=27736, stack(0x000000b58b300000,0x000000b58b400000) (1024K)]
Total: 22

Other Threads:
=>0x000002155545fc50 VMThread "VM Thread"                           [id=1264, stack(0x000000b589200000,0x000000b589300000) (1024K)]
  0x000002155544db80 WatcherThread "VM Periodic Task Thread"        [id=26560, stack(0x000000b589100000,0x000000b589200000) (1024K)]
  0x0000021541f44990 WorkerThread "GC Thread#0"                     [id=28308, stack(0x000000b588c00000,0x000000b588d00000) (1024K)]
  0x000002159b7fec30 WorkerThread "GC Thread#1"                     [id=28036, stack(0x000000b58a300000,0x000000b58a400000) (1024K)]
  0x000002159b5fa790 WorkerThread "GC Thread#2"                     [id=27980, stack(0x000000b58a400000,0x000000b58a500000) (1024K)]
  0x000002159b94f0c0 WorkerThread "GC Thread#3"                     [id=27964, stack(0x000000b58a500000,0x000000b58a600000) (1024K)]
  0x000002159ba146a0 WorkerThread "GC Thread#4"                     [id=27948, stack(0x000000b58a600000,0x000000b58a700000) (1024K)]
  0x000002159ba14a40 WorkerThread "GC Thread#5"                     [id=28048, stack(0x000000b58a700000,0x000000b58a800000) (1024K)]
  0x000002159ba14300 WorkerThread "GC Thread#6"                     [id=28044, stack(0x000000b58a800000,0x000000b58a900000) (1024K)]
  0x000002159ba14de0 WorkerThread "GC Thread#7"                     [id=28000, stack(0x000000b58a900000,0x000000b58aa00000) (1024K)]
  0x000002159ba15180 WorkerThread "GC Thread#8"                     [id=27992, stack(0x000000b58aa00000,0x000000b58ab00000) (1024K)]
  0x000002159ba13f60 WorkerThread "GC Thread#9"                     [id=28060, stack(0x000000b58ab00000,0x000000b58ac00000) (1024K)]
  0x0000021541f55300 ConcurrentGCThread "G1 Main Marker"            [id=15636, stack(0x000000b588d00000,0x000000b588e00000) (1024K)]
  0x0000021541f56b90 WorkerThread "G1 Conc#0"                       [id=26020, stack(0x000000b588e00000,0x000000b588f00000) (1024K)]
  0x000002159be5b0c0 WorkerThread "G1 Conc#1"                       [id=26680, stack(0x000000b58af00000,0x000000b58b000000) (1024K)]
  0x000002159be5b800 WorkerThread "G1 Conc#2"                       [id=26756, stack(0x000000b58b000000,0x000000b58b100000) (1024K)]
  0x000002155531baa0 ConcurrentGCThread "G1 Refine#0"               [id=26008, stack(0x000000b588f00000,0x000000b589000000) (1024K)]
  0x000002155531e2d0 ConcurrentGCThread "G1 Service"                [id=27936, stack(0x000000b589000000,0x000000b589100000) (1024K)]
Total: 18

Threads with active compile tasks:
Total: 0

VM state: at safepoint (normal execution)

VM Mutex/Monitor currently owned by a thread:  ([mutex/lock_event])
[0x00007ffd3760a7c8] Threads_lock - owner thread: 0x000002155545fc50
[0x00007ffd3760a8c8] Heap_lock - owner thread: 0x000002159bbc1f00

Heap address: 0x0000000705800000, size: 4008 MB, Compressed Oops mode: Zero based, Oop shift amount: 3

CDS archive(s) mapped at: [0x0000021556000000-0x0000021556c80000-0x0000021556c80000), size 13107200, SharedBaseAddress: 0x0000021556000000, ArchiveRelocationMode: 1.
Compressed class space mapped at: 0x0000021557000000-0x0000021597000000, reserved size: 1073741824
Narrow klass base: 0x0000021556000000, Narrow klass shift: 0, Narrow klass range: 0x100000000

GC Precious Log:
 CardTable entry size: 512
 Card Set container configuration: InlinePtr #cards 4 size 8 Array Of Cards #cards 16 size 48 Howl #buckets 8 coarsen threshold 3686 Howl Bitmap #cards 512 size 80 coarsen threshold 460 Card regions per heap region 1 cards per card region 4096
 CPUs: 12 total, 12 available
 Memory: 16024M
 Large Page Support: Disabled
 NUMA Support: Disabled
 Compressed Oops: Enabled (Zero based)
 Heap Region Size: 2M
 Heap Min Capacity: 8M
 Heap Initial Capacity: 252M
 Heap Max Capacity: 4008M
 Pre-touch: Disabled
 Parallel Workers: 10
 Concurrent Workers: 3
 Concurrent Refinement Workers: 10
 Periodic GC: Disabled

Heap:
 garbage-first heap   total 49152K, used 19174K [0x0000000705800000, 0x0000000800000000)
  region size 2048K, 2 young (4096K), 2 survivors (4096K)
 Metaspace       used 39604K, committed 40128K, reserved 1114112K
  class space    used 5335K, committed 5568K, reserved 1048576K

Heap Regions: E=young(eden), S=young(survivor), O=old, HS=humongous(starts), HC=humongous(continues), CS=collection set, F=free, TAMS=top-at-mark-start, PB=parsable bottom
|   0|0x0000000705800000, 0x0000000705a00000, 0x0000000705a00000|100%| O|  |TAMS 0x0000000705800000| PB 0x0000000705800000| Untracked 
|   1|0x0000000705a00000, 0x0000000705c00000, 0x0000000705c00000|100%| O|  |TAMS 0x0000000705a00000| PB 0x0000000705a00000| Untracked 
|   2|0x0000000705c00000, 0x0000000705e00000, 0x0000000705e00000|100%| O|  |TAMS 0x0000000705c00000| PB 0x0000000705c00000| Untracked 
|   3|0x0000000705e00000, 0x0000000706000000, 0x0000000706000000|100%| O|  |TAMS 0x0000000705e00000| PB 0x0000000705e00000| Untracked 
|   4|0x0000000706000000, 0x0000000706200000, 0x0000000706200000|100%| O|  |TAMS 0x0000000706000000| PB 0x0000000706000000| Untracked 
|   5|0x0000000706200000, 0x0000000706400000, 0x0000000706400000|100%| O|  |TAMS 0x0000000706200000| PB 0x0000000706200000| Untracked 
|   6|0x0000000706400000, 0x0000000706600000, 0x0000000706600000|100%| O|  |TAMS 0x0000000706400000| PB 0x0000000706400000| Untracked 
|   7|0x0000000706600000, 0x0000000706800000, 0x0000000706800000|100%| O|  |TAMS 0x0000000706600000| PB 0x0000000706600000| Untracked 
|   8|0x0000000706800000, 0x0000000706800000, 0x0000000706a00000|  0%| F|  |TAMS 0x0000000706800000| PB 0x0000000706800000| Untracked 
|   9|0x0000000706a00000, 0x0000000706a00000, 0x0000000706c00000|  0%| F|  |TAMS 0x0000000706a00000| PB 0x0000000706a00000| Untracked 
|  10|0x0000000706c00000, 0x0000000706c46ee0, 0x0000000706e00000| 13%| O|  |TAMS 0x0000000706c00000| PB 0x0000000706c00000| Untracked 
|  11|0x0000000706e00000, 0x0000000706e72ba0, 0x0000000707000000| 22%| S|CS|TAMS 0x0000000706e00000| PB 0x0000000706e00000| Complete 
|  12|0x0000000707000000, 0x0000000707200000, 0x0000000707200000|100%| S|CS|TAMS 0x0000000707000000| PB 0x0000000707000000| Complete 
|  13|0x0000000707200000, 0x0000000707200000, 0x0000000707400000|  0%| F|  |TAMS 0x0000000707200000| PB 0x0000000707200000| Untracked 
|  14|0x0000000707400000, 0x0000000707400000, 0x0000000707600000|  0%| F|  |TAMS 0x0000000707400000| PB 0x0000000707400000| Untracked 
|  15|0x0000000707600000, 0x0000000707600000, 0x0000000707800000|  0%| F|  |TAMS 0x0000000707600000| PB 0x0000000707600000| Untracked 
|  16|0x0000000707800000, 0x0000000707800000, 0x0000000707a00000|  0%| F|  |TAMS 0x0000000707800000| PB 0x0000000707800000| Untracked 
|  17|0x0000000707a00000, 0x0000000707a00000, 0x0000000707c00000|  0%| F|  |TAMS 0x0000000707a00000| PB 0x0000000707a00000| Untracked 
|  18|0x0000000707c00000, 0x0000000707c00000, 0x0000000707e00000|  0%| F|  |TAMS 0x0000000707c00000| PB 0x0000000707c00000| Untracked 
|  19|0x0000000707e00000, 0x0000000707e00000, 0x0000000708000000|  0%| F|  |TAMS 0x0000000707e00000| PB 0x0000000707e00000| Untracked 
| 104|0x0000000712800000, 0x0000000712800000, 0x0000000712a00000|  0%| F|  |TAMS 0x0000000712800000| PB 0x0000000712800000| Untracked 
| 105|0x0000000712a00000, 0x0000000712a00000, 0x0000000712c00000|  0%| F|  |TAMS 0x0000000712a00000| PB 0x0000000712a00000| Untracked 
| 106|0x0000000712c00000, 0x0000000712c00000, 0x0000000712e00000|  0%| F|  |TAMS 0x0000000712c00000| PB 0x0000000712c00000| Untracked 
| 125|0x0000000715200000, 0x0000000715200000, 0x0000000715400000|  0%| F|  |TAMS 0x0000000715200000| PB 0x0000000715200000| Untracked 

Card table byte_map: [0x000002154e0e0000,0x000002154e8c0000] _byte_map_base: 0x000002154a8b4000

Marking Bits: (CMBitMap*) 0x0000021541f44fa0
 Bits: [0x000002154e8c0000, 0x0000021552760000)

Polling page: 0x000002153fff0000

Metaspace:

Usage:
  Non-class:     33.47 MB used.
      Class:      5.21 MB used.
       Both:     38.68 MB used.

Virtual space:
  Non-class space:       64.00 MB reserved,      33.75 MB ( 53%) committed,  1 nodes.
      Class space:        1.00 GB reserved,       5.44 MB ( <1%) committed,  1 nodes.
             Both:        1.06 GB reserved,      39.19 MB (  4%) committed. 

Chunk freelists:
   Non-Class:  14.20 MB
       Class:  10.44 MB
        Both:  24.64 MB

MaxMetaspaceSize: unlimited
CompressedClassSpaceSize: 1.00 GB
Initial GC threshold: 21.00 MB
Current GC threshold: 58.75 MB
CDS: on
 - commit_granule_bytes: 65536.
 - commit_granule_words: 8192.
 - virtual_space_node_default_size: 8388608.
 - enlarge_chunks_in_place: 1.
 - use_allocation_guard: 0.


Internal statistics:

num_allocs_failed_limit: 6.
num_arena_births: 734.
num_arena_deaths: 0.
num_vsnodes_births: 2.
num_vsnodes_deaths: 0.
num_space_committed: 627.
num_space_uncommitted: 0.
num_chunks_returned_to_freelist: 6.
num_chunks_taken_from_freelist: 2101.
num_chunk_merges: 6.
num_chunk_splits: 1403.
num_chunks_enlarged: 1002.
num_inconsistent_stats: 0.

CodeCache: size=49152Kb used=9527Kb max_used=9527Kb free=39624Kb
 bounds [0x000002154a5d0000, 0x000002154af20000, 0x000002154d5d0000]
 total_blobs=4818, nmethods=4250, adapters=490, full_count=0
Compilation: enabled, stopped_count=0, restarted_count=0

Compilation events (20 events):
Event: 7.288 Thread 0x00000215555899e0 nmethod 4281 0x000002154af19610 code [0x000002154af197c0, 0x000002154af198d0]
Event: 7.288 Thread 0x000002159b544dd0 4283       1       org.springframework.core.annotation.AnnotationUtils::findAnnotation (99 bytes)
Event: 7.288 Thread 0x00000215555899e0 4284       1       org.springframework.core.annotation.AnnotationUtils$$Lambda/0x0000021557578b10::test (10 bytes)
Event: 7.288 Thread 0x00000215554906e0 nmethod 4280 0x000002154af19990 code [0x000002154af19b60, 0x000002154af19e48]
Event: 7.288 Thread 0x00000215555899e0 nmethod 4284 0x000002154af19f90 code [0x000002154af1a140, 0x000002154af1a298]
Event: 7.288 Thread 0x00000215554906e0 4285       1       org.springframework.data.convert.CustomConversions$ConverterRegistrationIntent::isConverterOfSource (9 bytes)
Event: 7.288 Thread 0x00000215555899e0 4286       1       org.springframework.core.convert.converter.GenericConverter$ConvertiblePair::getSourceType (5 bytes)
Event: 7.289 Thread 0x00000215554906e0 nmethod 4285 0x000002154af1a390 code [0x000002154af1a520, 0x000002154af1a608]
Event: 7.289 Thread 0x00000215555899e0 nmethod 4286 0x000002154af1a690 code [0x000002154af1a820, 0x000002154af1a8f0]
Event: 7.289 Thread 0x00000215555899e0 4287       1       org.springframework.data.mapping.model.SimpleTypeHolder::isSimpleType (180 bytes)
Event: 7.289 Thread 0x00000215554906e0 4288       1       org.springframework.data.convert.CustomConversions$ConverterRegistrationIntent::getConverterRegistration (5 bytes)
Event: 7.289 Thread 0x000002159b544dd0 nmethod 4283 0x000002154af1a990 code [0x000002154af1ac80, 0x000002154af1b510]
Event: 7.289 Thread 0x000002159b544dd0 4290       1       java.util.WeakHashMap::get (75 bytes)
Event: 7.290 Thread 0x00000215554906e0 nmethod 4288 0x000002154af1ba90 code [0x000002154af1bc20, 0x000002154af1bcf0]
Event: 7.290 Thread 0x00000215554906e0 4289       1       org.springframework.data.convert.CustomConversions$ConverterRegistration::getConvertiblePair (5 bytes)
Event: 7.290 Thread 0x00000215554906e0 nmethod 4289 0x000002154af1bd90 code [0x000002154af1bf20, 0x000002154af1bff0]
Event: 7.290 Thread 0x00000215554906e0 4291       1       org.springframework.data.convert.CustomConversions$ConverterRegistration::getConverter (5 bytes)
Event: 7.290 Thread 0x00000215554906e0 nmethod 4291 0x000002154af1c090 code [0x000002154af1c220, 0x000002154af1c2f0]
Event: 7.290 Thread 0x000002159b544dd0 nmethod 4290 0x000002154af1c390 code [0x000002154af1c580, 0x000002154af1c8a0]
Event: 7.290 Thread 0x00000215555899e0 nmethod 4287 0x000002154af1cb10 code [0x000002154af1ce00, 0x000002154af1d750]

GC Heap History (17 events):
Event: 2.412 GC heap before
{Heap before GC invocations=0 (full 0):
 garbage-first heap   total 258048K, used 22528K [0x0000000705800000, 0x0000000800000000)
  region size 2048K, 11 young (22528K), 0 survivors (0K)
 Metaspace       used 6569K, committed 6784K, reserved 1114112K
  class space    used 699K, committed 768K, reserved 1048576K
}
Event: 2.415 GC heap after
{Heap after GC invocations=1 (full 0):
 garbage-first heap   total 258048K, used 5394K [0x0000000705800000, 0x0000000800000000)
  region size 2048K, 2 young (4096K), 2 survivors (4096K)
 Metaspace       used 6569K, committed 6784K, reserved 1114112K
  class space    used 699K, committed 768K, reserved 1048576K
}
Event: 3.106 GC heap before
{Heap before GC invocations=1 (full 0):
 garbage-first heap   total 258048K, used 32018K [0x0000000705800000, 0x0000000800000000)
  region size 2048K, 16 young (32768K), 2 survivors (4096K)
 Metaspace       used 12980K, committed 13312K, reserved 1114112K
  class space    used 1662K, committed 1792K, reserved 1048576K
}
Event: 3.109 GC heap after
{Heap after GC invocations=2 (full 0):
 garbage-first heap   total 258048K, used 7614K [0x0000000705800000, 0x0000000800000000)
  region size 2048K, 2 young (4096K), 2 survivors (4096K)
 Metaspace       used 12980K, committed 13312K, reserved 1114112K
  class space    used 1662K, committed 1792K, reserved 1048576K
}
Event: 3.543 GC heap before
{Heap before GC invocations=2 (full 0):
 garbage-first heap   total 258048K, used 38334K [0x0000000705800000, 0x0000000800000000)
  region size 2048K, 19 young (38912K), 2 survivors (4096K)
 Metaspace       used 21153K, committed 21504K, reserved 1114112K
  class space    used 2654K, committed 2816K, reserved 1048576K
}
Event: 3.547 GC heap after
{Heap after GC invocations=3 (full 0):
 garbage-first heap   total 258048K, used 9746K [0x0000000705800000, 0x0000000800000000)
  region size 2048K, 3 young (6144K), 3 survivors (6144K)
 Metaspace       used 21153K, committed 21504K, reserved 1114112K
  class space    used 2654K, committed 2816K, reserved 1048576K
}
Event: 3.972 GC heap before
{Heap before GC invocations=4 (full 0):
 garbage-first heap   total 40960K, used 36370K [0x0000000705800000, 0x0000000800000000)
  region size 2048K, 17 young (34816K), 3 survivors (6144K)
 Metaspace       used 24967K, committed 25344K, reserved 1114112K
  class space    used 3212K, committed 3392K, reserved 1048576K
}
Event: 3.977 GC heap after
{Heap after GC invocations=5 (full 0):
 garbage-first heap   total 49152K, used 11951K [0x0000000705800000, 0x0000000800000000)
  region size 2048K, 4 young (8192K), 4 survivors (8192K)
 Metaspace       used 24967K, committed 25344K, reserved 1114112K
  class space    used 3212K, committed 3392K, reserved 1048576K
}
Event: 4.331 GC heap before
{Heap before GC invocations=5 (full 0):
 garbage-first heap   total 49152K, used 32431K [0x0000000705800000, 0x0000000800000000)
  region size 2048K, 14 young (28672K), 4 survivors (8192K)
 Metaspace       used 26062K, committed 26496K, reserved 1114112K
  class space    used 3397K, committed 3584K, reserved 1048576K
}
Event: 4.336 GC heap after
{Heap after GC invocations=6 (full 0):
 garbage-first heap   total 49152K, used 13301K [0x0000000705800000, 0x0000000800000000)
  region size 2048K, 1 young (2048K), 1 survivors (2048K)
 Metaspace       used 26062K, committed 26496K, reserved 1114112K
  class space    used 3397K, committed 3584K, reserved 1048576K
}
Event: 4.986 GC heap before
{Heap before GC invocations=6 (full 0):
 garbage-first heap   total 49152K, used 35829K [0x0000000705800000, 0x0000000800000000)
  region size 2048K, 13 young (26624K), 1 survivors (2048K)
 Metaspace       used 29133K, committed 29504K, reserved 1114112K
  class space    used 3831K, committed 3968K, reserved 1048576K
}
Event: 4.989 GC heap after
{Heap after GC invocations=7 (full 0):
 garbage-first heap   total 49152K, used 14718K [0x0000000705800000, 0x0000000800000000)
  region size 2048K, 2 young (4096K), 2 survivors (4096K)
 Metaspace       used 29133K, committed 29504K, reserved 1114112K
  class space    used 3831K, committed 3968K, reserved 1048576K
}
Event: 6.424 GC heap before
{Heap before GC invocations=7 (full 0):
 garbage-first heap   total 49152K, used 39294K [0x0000000705800000, 0x0000000800000000)
  region size 2048K, 14 young (28672K), 2 survivors (4096K)
 Metaspace       used 33926K, committed 34432K, reserved 1114112K
  class space    used 4508K, committed 4736K, reserved 1048576K
}
Event: 6.427 GC heap after
{Heap after GC invocations=8 (full 0):
 garbage-first heap   total 49152K, used 16776K [0x0000000705800000, 0x0000000800000000)
  region size 2048K, 2 young (4096K), 2 survivors (4096K)
 Metaspace       used 33926K, committed 34432K, reserved 1114112K
  class space    used 4508K, committed 4736K, reserved 1048576K
}
Event: 6.756 GC heap before
{Heap before GC invocations=8 (full 0):
 garbage-first heap   total 49152K, used 27016K [0x0000000705800000, 0x0000000800000000)
  region size 2048K, 8 young (16384K), 2 survivors (4096K)
 Metaspace       used 35387K, committed 35968K, reserved 1114112K
  class space    used 4711K, committed 4992K, reserved 1048576K
}
Event: 6.759 GC heap after
{Heap after GC invocations=9 (full 0):
 garbage-first heap   total 49152K, used 17735K [0x0000000705800000, 0x0000000800000000)
  region size 2048K, 1 young (2048K), 1 survivors (2048K)
 Metaspace       used 35387K, committed 35968K, reserved 1114112K
  class space    used 4711K, committed 4992K, reserved 1048576K
}
Event: 7.306 GC heap before
{Heap before GC invocations=10 (full 0):
 garbage-first heap   total 49152K, used 36167K [0x0000000705800000, 0x0000000800000000)
  region size 2048K, 11 young (22528K), 1 survivors (2048K)
 Metaspace       used 39604K, committed 40128K, reserved 1114112K
  class space    used 5335K, committed 5568K, reserved 1048576K
}

Dll operation events (11 events):
Event: 0.022 Loaded shared library C:\Users\araom\.jdks\ms-21.0.8\bin\java.dll
Event: 0.023 Loaded shared library C:\Users\araom\.jdks\ms-21.0.8\bin\zip.dll
Event: 0.850 Loaded shared library C:\Users\araom\.jdks\ms-21.0.8\bin\instrument.dll
Event: 0.950 Loaded shared library C:\Users\araom\.jdks\ms-21.0.8\bin\net.dll
Event: 0.952 Loaded shared library C:\Users\araom\.jdks\ms-21.0.8\bin\nio.dll
Event: 1.001 Loaded shared library C:\Users\araom\.jdks\ms-21.0.8\bin\zip.dll
Event: 2.040 Loaded shared library C:\Users\araom\.jdks\ms-21.0.8\bin\jimage.dll
Event: 2.482 Loaded shared library C:\Users\araom\.jdks\ms-21.0.8\bin\management.dll
Event: 2.488 Loaded shared library C:\Users\araom\.jdks\ms-21.0.8\bin\management_ext.dll
Event: 3.602 Loaded shared library C:\Users\araom\.jdks\ms-21.0.8\bin\sunmscapi.dll
Event: 6.975 Loaded shared library C:\Users\araom\.jdks\ms-21.0.8\bin\extnet.dll

Deoptimization events (20 events):
Event: 7.237 Thread 0x000002159bbc1f00 DEOPT PACKING pc=0x000002154ad060f4 sp=0x000000b58adf84a0
Event: 7.237 Thread 0x000002159bbc1f00 DEOPT UNPACKING pc=0x000002154a624e42 sp=0x000000b58adf7a18 mode 1
Event: 7.237 Thread 0x000002159bbc1f00 DEOPT PACKING pc=0x000002154ad060f4 sp=0x000000b58adf84a0
Event: 7.237 Thread 0x000002159bbc1f00 DEOPT UNPACKING pc=0x000002154a624e42 sp=0x000000b58adf7a18 mode 1
Event: 7.240 Thread 0x000002159bbc1f00 DEOPT PACKING pc=0x000002154ae3ab39 sp=0x000000b58adf7990
Event: 7.240 Thread 0x000002159bbc1f00 DEOPT UNPACKING pc=0x000002154a624e42 sp=0x000000b58adf6e50 mode 1
Event: 7.240 Thread 0x000002159bbc1f00 DEOPT PACKING pc=0x000002154adde6c4 sp=0x000000b58adf7a00
Event: 7.240 Thread 0x000002159bbc1f00 DEOPT UNPACKING pc=0x000002154a624e42 sp=0x000000b58adf6ed0 mode 1
Event: 7.240 Thread 0x000002159bbc1f00 DEOPT PACKING pc=0x000002154ad72eb4 sp=0x000000b58adf7a90
Event: 7.240 Thread 0x000002159bbc1f00 DEOPT UNPACKING pc=0x000002154a624e42 sp=0x000000b58adf7100 mode 1
Event: 7.240 Thread 0x000002159bbc1f00 DEOPT PACKING pc=0x000002154ad6de34 sp=0x000000b58adf7d30
Event: 7.240 Thread 0x000002159bbc1f00 DEOPT UNPACKING pc=0x000002154a624e42 sp=0x000000b58adf71f8 mode 1
Event: 7.244 Thread 0x000002159bbc1f00 DEOPT PACKING pc=0x000002154ad060f4 sp=0x000000b58adf84a0
Event: 7.244 Thread 0x000002159bbc1f00 DEOPT UNPACKING pc=0x000002154a624e42 sp=0x000000b58adf7a18 mode 1
Event: 7.244 Thread 0x000002159bbc1f00 DEOPT PACKING pc=0x000002154ad060f4 sp=0x000000b58adf84a0
Event: 7.244 Thread 0x000002159bbc1f00 DEOPT UNPACKING pc=0x000002154a624e42 sp=0x000000b58adf7a18 mode 1
Event: 7.269 Thread 0x000002159bbc1f00 DEOPT PACKING pc=0x000002154ad060f4 sp=0x000000b58adf90e0
Event: 7.269 Thread 0x000002159bbc1f00 DEOPT UNPACKING pc=0x000002154a624e42 sp=0x000000b58adf8658 mode 1
Event: 7.269 Thread 0x000002159bbc1f00 DEOPT PACKING pc=0x000002154ad060f4 sp=0x000000b58adf90e0
Event: 7.269 Thread 0x000002159bbc1f00 DEOPT UNPACKING pc=0x000002154a624e42 sp=0x000000b58adf8658 mode 1

Classes loaded (20 events):
Event: 7.300 Loading class org/springframework/data/mapping/Alias
Event: 7.300 Loading class org/springframework/data/mapping/Alias done
Event: 7.301 Loading class org/springframework/data/mapping/Alias
Event: 7.301 Loading class org/springframework/data/mapping/Alias done
Event: 7.301 Loading class org/springframework/data/mongodb/core/convert/QueryMapper
Event: 7.301 Loading class org/springframework/data/mongodb/core/convert/QueryMapper done
Event: 7.302 Loading class org/springframework/data/mongodb/core/convert/MongoConversionContext$OperatorContext
Event: 7.302 Loading class org/springframework/data/mongodb/core/convert/MongoConversionContext$OperatorContext done
Event: 7.303 Loading class org/springframework/data/mongodb/core/aggregation/AggregationOperationContext
Event: 7.303 Loading class org/springframework/data/mongodb/core/aggregation/AggregationOperationContext done
Event: 7.303 Loading class org/springframework/data/mongodb/core/convert/QueryMapper$Field
Event: 7.303 Loading class org/springframework/data/mongodb/core/convert/QueryMapper$Field done
Event: 7.304 Loading class org/springframework/data/mongodb/core/convert/QueryMapper$MetadataBackedField
Event: 7.304 Loading class org/springframework/data/mongodb/core/convert/QueryMapper$MetadataBackedField done
Event: 7.304 Loading class org/springframework/data/mongodb/core/mapping/FieldName
Event: 7.304 Loading class org/springframework/data/mongodb/core/mapping/FieldName done
Event: 7.305 Loading class org/springframework/data/mongodb/core/mapping/FieldName$Type
Event: 7.305 Loading class org/springframework/data/mongodb/core/mapping/FieldName$Type done
Event: 7.306 Loading class org/springframework/data/mongodb/core/convert/MappingMongoConverter$NestedDocument
Event: 7.306 Loading class org/springframework/data/mongodb/core/convert/MappingMongoConverter$NestedDocument done

Classes unloaded (0 events):
No events

Classes redefined (1 events):
Event: 0.884 Thread 0x000002155545fc50 redefined class name=java.lang.Throwable, count=1

Internal exceptions (20 events):
Event: 6.077 Thread 0x000002159bbc1f00 Exception <a 'java/lang/NoSuchMethodError'{0x0000000707945c60}: 'java.lang.Object java.lang.invoke.Invokers$Holder.linkToTargetMethod(java.lang.Object, java.lang.Object, int, java.lang.Object)'> (0x0000000707945c60) 
thrown [s\src\hotspot\share\interpreter\linkResolver.cpp, line 773]
Event: 6.088 Thread 0x000002159bbc1f00 Exception <a 'java/lang/NoSuchMethodError'{0x00000007079a5250}: 'void java.lang.invoke.DirectMethodHandle$Holder.invokeStatic(java.lang.Object, int, java.lang.Object)'> (0x00000007079a5250) 
thrown [s\src\hotspot\share\interpreter\linkResolver.cpp, line 773]
Event: 6.153 Thread 0x000002159bbc1f00 Exception <a 'java/lang/NoSuchMethodError'{0x0000000707725bb0}: 'java.lang.Object java.lang.invoke.DirectMethodHandle$Holder.invokeVirtual(java.lang.Object, java.lang.Object, java.lang.Object, java.lang.Object, java.lang.Object)'> (0x0000000707725bb0) 
thrown [s\src\hotspot\share\interpreter\linkResolver.cpp, line 773]
Event: 6.215 Thread 0x000002159bbc1f00 Exception <a 'java/lang/NoSuchMethodError'{0x00000007074a8788}: 'java.lang.Object java.lang.invoke.DirectMethodHandle$Holder.invokeStaticInit(java.lang.Object, int, int, int, int)'> (0x00000007074a8788) 
thrown [s\src\hotspot\share\interpreter\linkResolver.cpp, line 773]
Event: 6.273 Thread 0x000002159bbc1f00 Exception <a 'java/lang/NoSuchMethodError'{0x000000070759e1f0}: 'java.lang.Object java.lang.invoke.DirectMethodHandle$Holder.invokeStaticInit(java.lang.Object, java.lang.Object, int, int, int, int)'> (0x000000070759e1f0) 
thrown [s\src\hotspot\share\interpreter\linkResolver.cpp, line 773]
Event: 6.514 Thread 0x000002159bbc1f00 Exception <a 'java/lang/NoSuchMethodError'{0x0000000712d872d0}: 'int java.lang.invoke.DirectMethodHandle$Holder.invokeVirtual(java.lang.Object, java.lang.Object, java.lang.Object, java.lang.Object)'> (0x0000000712d872d0) 
thrown [s\src\hotspot\share\interpreter\linkResolver.cpp, line 773]
Event: 6.515 Thread 0x000002159bbc1f00 Exception <a 'java/lang/NoSuchMethodError'{0x0000000712d8abd8}: 'int java.lang.invoke.DelegatingMethodHandle$Holder.reinvoke_L(java.lang.Object, java.lang.Object, java.lang.Object, java.lang.Object)'> (0x0000000712d8abd8) 
thrown [s\src\hotspot\share\interpreter\linkResolver.cpp, line 773]
Event: 6.569 Thread 0x000002159bbc1f00 Exception <a 'java/io/FileNotFoundException'{0x0000000712adf000}> (0x0000000712adf000) 
thrown [s\src\hotspot\share\prims\jni.cpp, line 520]
Event: 6.645 Thread 0x000002159bbc1f00 Exception <a 'java/lang/NoSuchMethodError'{0x00000007128c9568}: 'int java.lang.invoke.DirectMethodHandle$Holder.invokeInterface(java.lang.Object, java.lang.Object, java.lang.Object, java.lang.Object)'> (0x00000007128c9568) 
thrown [s\src\hotspot\share\interpreter\linkResolver.cpp, line 773]
Event: 6.691 Thread 0x000002159bbc1f00 Exception <a 'java/lang/NoSuchMethodError'{0x0000000707e0d4f0}: 'void java.lang.invoke.Invokers$Holder.invokeExact_MT(java.lang.Object, java.lang.Object, java.lang.Object, java.lang.Object)'> (0x0000000707e0d4f0) 
thrown [s\src\hotspot\share\interpreter\linkResolver.cpp, line 773]
Event: 6.830 Thread 0x000002159bbc1f00 Exception <a 'java/lang/NoSuchMethodError'{0x0000000712c722d8}: 'java.lang.Object java.lang.invoke.DirectMethodHandle$Holder.invokeVirtual(java.lang.Object, java.lang.Object, java.lang.Object, java.lang.Object)'> (0x0000000712c722d8) 
thrown [s\src\hotspot\share\interpreter\linkResolver.cpp, line 773]
Event: 6.888 Thread 0x000002159bbc1f00 Exception <a 'sun/nio/fs/WindowsException'{0x0000000712a36188}> (0x0000000712a36188) 
thrown [s\src\hotspot\share\prims\jni.cpp, line 520]
Event: 6.956 Thread 0x000002159bbc1f00 Exception <a 'java/lang/NoSuchMethodError'{0x0000000712975290}: 'long java.lang.invoke.DirectMethodHandle$Holder.invokeStatic(java.lang.Object)'> (0x0000000712975290) 
thrown [s\src\hotspot\share\interpreter\linkResolver.cpp, line 773]
Event: 6.984 Thread 0x000002159c93e5b0 Exception <a 'java/lang/NoSuchMethodError'{0x0000000707f41b10}: 'java.lang.Object java.lang.invoke.DirectMethodHandle$Holder.invokeStatic(java.lang.Object, long, long)'> (0x0000000707f41b10) 
thrown [s\src\hotspot\share\interpreter\linkResolver.cpp, line 773]
Event: 6.986 Thread 0x000002159c93e5b0 Exception <a 'java/lang/NoSuchMethodError'{0x0000000707f4c888}: 'java.lang.Object java.lang.invoke.DirectMethodHandle$Holder.invokeInterface(java.lang.Object, java.lang.Object, long)'> (0x0000000707f4c888) 
thrown [s\src\hotspot\share\interpreter\linkResolver.cpp, line 773]
Event: 7.005 Thread 0x000002159c93e5b0 Exception <a 'java/lang/NoSuchMethodError'{0x0000000707c2f4e8}: 'void java.lang.invoke.DirectMethodHandle$Holder.invokeStatic(java.lang.Object, long)'> (0x0000000707c2f4e8) 
thrown [s\src\hotspot\share\interpreter\linkResolver.cpp, line 773]
Event: 7.035 Thread 0x000002159c93e5b0 Exception <a 'java/lang/NoSuchMethodError'{0x0000000707db48a8}: 'void java.lang.invoke.DirectMethodHandle$Holder.invokeStatic(java.lang.Object, java.lang.Object, long)'> (0x0000000707db48a8) 
thrown [s\src\hotspot\share\interpreter\linkResolver.cpp, line 773]
Event: 7.197 Thread 0x000002159bbc1f00 Exception <a 'java/lang/IncompatibleClassChangeError'{0x0000000707448c50}: Found class java.lang.Object, but interface was expected> (0x0000000707448c50) 
thrown [s\src\hotspot\share\interpreter\linkResolver.cpp, line 840]
Event: 7.207 Thread 0x000002159bbc1f00 Exception <a 'java/lang/NoSuchMethodError'{0x0000000707484430}: 'java.lang.Object java.lang.invoke.DirectMethodHandle$Holder.newInvokeSpecial(java.lang.Object, java.lang.Object, java.lang.Object, int, int)'> (0x0000000707484430) 
thrown [s\src\hotspot\share\interpreter\linkResolver.cpp, line 773]
Event: 7.243 Thread 0x000002159bbc1f00 Exception <a 'java/lang/IncompatibleClassChangeError'{0x0000000707596700}: Found class java.lang.Object, but interface was expected> (0x0000000707596700) 
thrown [s\src\hotspot\share\interpreter\linkResolver.cpp, line 840]

ZGC Phase Switch (0 events):
No events

VM Operations (20 events):
Event: 6.237 Executing VM operation: HandshakeAllThreads (Deoptimize) done
Event: 6.237 Executing VM operation: Cleanup
Event: 6.237 Executing VM operation: Cleanup done
Event: 6.424 Executing VM operation: G1CollectForAllocation (G1 Evacuation Pause)
Event: 6.427 Executing VM operation: G1CollectForAllocation (G1 Evacuation Pause) done
Event: 6.608 Executing VM operation: HandshakeAllThreads (Deoptimize)
Event: 6.608 Executing VM operation: HandshakeAllThreads (Deoptimize) done
Event: 6.756 Executing VM operation: CollectForMetadataAllocation (Metadata GC Threshold)
Event: 6.759 Executing VM operation: CollectForMetadataAllocation (Metadata GC Threshold) done
Event: 6.771 Executing VM operation: G1PauseRemark
Event: 6.774 Executing VM operation: G1PauseRemark done
Event: 6.779 Executing VM operation: G1PauseCleanup
Event: 6.779 Executing VM operation: G1PauseCleanup done
Event: 6.999 Executing VM operation: HandshakeAllThreads (Deoptimize)
Event: 6.999 Executing VM operation: HandshakeAllThreads (Deoptimize) done
Event: 7.039 Executing VM operation: HandshakeAllThreads (Deoptimize)
Event: 7.040 Executing VM operation: HandshakeAllThreads (Deoptimize) done
Event: 7.063 Executing VM operation: HandshakeAllThreads (Deoptimize)
Event: 7.063 Executing VM operation: HandshakeAllThreads (Deoptimize) done
Event: 7.306 Executing VM operation: G1CollectForAllocation (G1 Evacuation Pause)

Memory protections (0 events):
No events

Nmethod flushes (20 events):
Event: 6.773 Thread 0x000002155545fc50 flushing  nmethod 0x000002154ab63d10
Event: 6.773 Thread 0x000002155545fc50 flushing  nmethod 0x000002154a7ba810
Event: 6.773 Thread 0x000002155545fc50 flushing  nmethod 0x000002154a7e3a10
Event: 6.773 Thread 0x000002155545fc50 flushing  nmethod 0x000002154a7e3e90
Event: 6.773 Thread 0x000002155545fc50 flushing  nmethod 0x000002154a832990
Event: 6.773 Thread 0x000002155545fc50 flushing  nmethod 0x000002154aa7b890
Event: 6.773 Thread 0x000002155545fc50 flushing  nmethod 0x000002154aa7bc10
Event: 6.773 Thread 0x000002155545fc50 flushing  nmethod 0x000002154aad9b90
Event: 6.773 Thread 0x000002155545fc50 flushing  nmethod 0x000002154a7e1010
Event: 6.773 Thread 0x000002155545fc50 flushing  nmethod 0x000002154a816390
Event: 6.773 Thread 0x000002155545fc50 flushing  nmethod 0x000002154a868b10
Event: 6.773 Thread 0x000002155545fc50 flushing  nmethod 0x000002154a89fd90
Event: 6.773 Thread 0x000002155545fc50 flushing  nmethod 0x000002154ab3ce10
Event: 6.773 Thread 0x000002155545fc50 flushing  nmethod 0x000002154a7c3b10
Event: 6.773 Thread 0x000002155545fc50 flushing  nmethod 0x000002154a7c5810
Event: 6.773 Thread 0x000002155545fc50 flushing  nmethod 0x000002154a828290
Event: 6.773 Thread 0x000002155545fc50 flushing  nmethod 0x000002154a828910
Event: 6.773 Thread 0x000002155545fc50 flushing  nmethod 0x000002154a829090
Event: 6.773 Thread 0x000002155545fc50 flushing  nmethod 0x000002154a852e90
Event: 6.773 Thread 0x000002155545fc50 flushing  nmethod 0x000002154a87a810

Events (20 events):
Event: 0.098 Thread 0x00000215554906e0 Thread added: 0x000002155559c210
Event: 0.114 Thread 0x0000021541edcb80 Thread added: 0x00000215555edb90
Event: 0.114 Thread 0x0000021541edcb80 Thread added: 0x000002155560f210
Event: 0.114 Thread 0x00000215555edb90 Thread added: 0x0000021555611ca0
Event: 0.832 Thread 0x000002155559c210 Thread exited: 0x000002155559c210
Event: 0.901 Thread 0x0000021541edcb80 Thread added: 0x000002155573fb50
Event: 0.905 Thread 0x0000021541edcb80 Thread added: 0x00000215557344f0
Event: 2.298 Thread 0x00000215555899e0 Thread added: 0x000002159b544dd0
Event: 2.299 Thread 0x00000215554906e0 Thread added: 0x000002159b53f6c0
Event: 2.528 Thread 0x0000021541edcb80 Thread added: 0x000002159bbac560
Event: 2.534 Thread 0x000002159bbac560 Thread added: 0x000002159bbc1f00
Event: 3.103 Thread 0x000002159bbc1f00 Thread added: 0x000002159c04db10
Event: 3.898 Thread 0x000002159bbc1f00 Thread added: 0x000002159c93be50
Event: 3.971 Thread 0x000002159c93be50 Thread exited: 0x000002159c93be50
Event: 4.037 Thread 0x000002159c04db10 Thread exited: 0x000002159c04db10
Event: 5.665 Thread 0x000002159b53f6c0 Thread exited: 0x000002159b53f6c0
Event: 6.854 Thread 0x000002159bbc1f00 Thread added: 0x000002159e320810
Event: 6.941 Thread 0x000002159bbc1f00 Thread added: 0x000002159c93e5b0
Event: 7.031 Thread 0x000002159c93e5b0 Thread added: 0x000002159e590890
Event: 7.034 Thread 0x000002159c93e5b0 Thread added: 0x000002159e58e7c0


Dynamic libraries:
0x00007ff70b510000 - 0x00007ff70b51e000 	C:\Users\araom\.jdks\ms-21.0.8\bin\java.exe
0x00007ffd67140000 - 0x00007ffd673a9000 	C:\WINDOWS\SYSTEM32\ntdll.dll
0x00007ffd66d90000 - 0x00007ffd66e59000 	C:\WINDOWS\System32\KERNEL32.DLL
0x00007ffd64760000 - 0x00007ffd64b53000 	C:\WINDOWS\System32\KERNELBASE.dll
0x00007ffd642d0000 - 0x00007ffd6441b000 	C:\WINDOWS\System32\ucrtbase.dll
0x00007ffd3e600000 - 0x00007ffd3e618000 	C:\Users\araom\.jdks\ms-21.0.8\bin\jli.dll
0x00007ffd3edd0000 - 0x00007ffd3edee000 	C:\Users\araom\.jdks\ms-21.0.8\bin\VCRUNTIME140.dll
0x00007ffd66890000 - 0x00007ffd66a54000 	C:\WINDOWS\System32\USER32.dll
0x00007ffd64d70000 - 0x00007ffd64d97000 	C:\WINDOWS\System32\win32u.dll
0x00007ffd670d0000 - 0x00007ffd670fb000 	C:\WINDOWS\System32\GDI32.dll
0x00007ffd2cce0000 - 0x00007ffd2cf73000 	C:\WINDOWS\WinSxS\amd64_microsoft.windows.common-controls_6595b64144ccf1df_6.0.26100.5074_none_3e0d6f78e32fd63f\COMCTL32.dll
0x00007ffd645a0000 - 0x00007ffd646cd000 	C:\WINDOWS\System32\gdi32full.dll
0x00007ffd64e60000 - 0x00007ffd64f03000 	C:\WINDOWS\System32\msvcp_win.dll
0x00007ffd66c00000 - 0x00007ffd66ca9000 	C:\WINDOWS\System32\msvcrt.dll
0x00007ffd65c30000 - 0x00007ffd65c5f000 	C:\WINDOWS\System32\IMM32.DLL
0x00007ffd4f3e0000 - 0x00007ffd4f3ec000 	C:\Users\araom\.jdks\ms-21.0.8\bin\vcruntime140_1.dll
0x00007ffd38720000 - 0x00007ffd387a9000 	C:\Users\araom\.jdks\ms-21.0.8\bin\msvcp140.dll
0x00007ffd36940000 - 0x00007ffd376ec000 	C:\Users\araom\.jdks\ms-21.0.8\bin\server\jvm.dll
0x00007ffd66450000 - 0x00007ffd66504000 	C:\WINDOWS\System32\ADVAPI32.dll
0x00007ffd65d50000 - 0x00007ffd65df6000 	C:\WINDOWS\System32\sechost.dll
0x00007ffd65ea0000 - 0x00007ffd65fb8000 	C:\WINDOWS\System32\RPCRT4.dll
0x00007ffd65010000 - 0x00007ffd65084000 	C:\WINDOWS\System32\WS2_32.dll
0x00007ffd5bef0000 - 0x00007ffd5bf25000 	C:\WINDOWS\SYSTEM32\WINMM.dll
0x00007ffd56120000 - 0x00007ffd5612b000 	C:\WINDOWS\SYSTEM32\VERSION.dll
0x00007ffd64150000 - 0x00007ffd641ae000 	C:\WINDOWS\SYSTEM32\POWRPROF.dll
0x00007ffd64130000 - 0x00007ffd64144000 	C:\WINDOWS\SYSTEM32\UMPDC.dll
0x00007ffd63070000 - 0x00007ffd6308b000 	C:\WINDOWS\SYSTEM32\kernel.appcore.dll
0x00007ffd3fbb0000 - 0x00007ffd3fbba000 	C:\Users\araom\.jdks\ms-21.0.8\bin\jimage.dll
0x00007ffd52ed0000 - 0x00007ffd53112000 	C:\WINDOWS\SYSTEM32\DBGHELP.DLL
0x00007ffd66510000 - 0x00007ffd6688b000 	C:\WINDOWS\System32\combase.dll
0x00007ffd65c70000 - 0x00007ffd65d47000 	C:\WINDOWS\System32\OLEAUT32.dll
0x00007ffd45a80000 - 0x00007ffd45abd000 	C:\WINDOWS\SYSTEM32\dbgcore.DLL
0x00007ffd64b60000 - 0x00007ffd64bf9000 	C:\WINDOWS\System32\bcryptPrimitives.dll
0x00007ffd381c0000 - 0x00007ffd381fc000 	C:\Users\araom\.jdks\ms-21.0.8\bin\jdwp.dll
0x00007ffd381b0000 - 0x00007ffd381c0000 	C:\Users\araom\.jdks\ms-21.0.8\bin\instrument.dll
0x00007ffd386f0000 - 0x00007ffd38711000 	C:\Users\araom\.jdks\ms-21.0.8\bin\java.dll
0x00007ffd38200000 - 0x00007ffd38218000 	C:\Users\araom\.jdks\ms-21.0.8\bin\zip.dll
0x00007ffd65370000 - 0x00007ffd65abd000 	C:\WINDOWS\System32\SHELL32.dll
0x00007ffd64c00000 - 0x00007ffd64d6c000 	C:\WINDOWS\System32\wintypes.dll
0x00007ffd61ef0000 - 0x00007ffd62749000 	C:\WINDOWS\SYSTEM32\windows.storage.dll
0x00007ffd64f10000 - 0x00007ffd65000000 	C:\WINDOWS\System32\SHCORE.dll
0x00007ffd66ef0000 - 0x00007ffd66f52000 	C:\WINDOWS\System32\shlwapi.dll
0x00007ffd641f0000 - 0x00007ffd64219000 	C:\WINDOWS\SYSTEM32\profapi.dll
0x00007ffd380f0000 - 0x00007ffd380fc000 	C:\Users\araom\.jdks\ms-21.0.8\bin\dt_socket.dll
0x00007ffd62bc0000 - 0x00007ffd62bf4000 	C:\WINDOWS\SYSTEM32\IPHLPAPI.DLL
0x00007ffd635d0000 - 0x00007ffd6363b000 	C:\WINDOWS\system32\mswsock.dll
0x00007ffd385f0000 - 0x00007ffd38601000 	C:\Users\araom\.jdks\ms-21.0.8\bin\net.dll
0x00007ffd5e2a0000 - 0x00007ffd5e3bf000 	C:\WINDOWS\SYSTEM32\WINHTTP.dll
0x00007ffd385d0000 - 0x00007ffd385e6000 	C:\Users\araom\.jdks\ms-21.0.8\bin\nio.dll
0x00007ffd38150000 - 0x00007ffd3815a000 	C:\Users\araom\.jdks\ms-21.0.8\bin\management.dll
0x00007ffd38140000 - 0x00007ffd3814c000 	C:\Users\araom\.jdks\ms-21.0.8\bin\management_ext.dll
0x00007ffd65c20000 - 0x00007ffd65c28000 	C:\WINDOWS\System32\PSAPI.DLL
0x00007ffd38160000 - 0x00007ffd3816e000 	C:\Users\araom\.jdks\ms-21.0.8\bin\sunmscapi.dll
0x00007ffd64420000 - 0x00007ffd64597000 	C:\WINDOWS\System32\CRYPT32.dll
0x00007ffd63af0000 - 0x00007ffd63b20000 	C:\WINDOWS\SYSTEM32\ncrypt.dll
0x00007ffd63aa0000 - 0x00007ffd63adf000 	C:\WINDOWS\SYSTEM32\NTASN1.dll
0x00007ffd639a0000 - 0x00007ffd639bb000 	C:\WINDOWS\SYSTEM32\CRYPTSP.dll
0x00007ffd62fd0000 - 0x00007ffd6300b000 	C:\WINDOWS\system32\rsaenh.dll
0x00007ffd63670000 - 0x00007ffd6369b000 	C:\WINDOWS\SYSTEM32\USERENV.dll
0x00007ffd641c0000 - 0x00007ffd641e6000 	C:\WINDOWS\SYSTEM32\bcrypt.dll
0x00007ffd63800000 - 0x00007ffd6380c000 	C:\WINDOWS\SYSTEM32\CRYPTBASE.dll
0x00007ffd66cc0000 - 0x00007ffd66cca000 	C:\WINDOWS\System32\NSI.dll
0x00007ffd62c00000 - 0x00007ffd62d26000 	C:\WINDOWS\SYSTEM32\DNSAPI.dll
0x00007ffd5d570000 - 0x00007ffd5d57b000 	C:\Windows\System32\rasadhlp.dll
0x00007ffd5eb00000 - 0x00007ffd5eb86000 	C:\WINDOWS\System32\fwpuclnt.dll
0x00007ffd38170000 - 0x00007ffd38179000 	C:\Users\araom\.jdks\ms-21.0.8\bin\extnet.dll

JVMTI agents:
jdwp path:C:\Users\araom\.jdks\ms-21.0.8\bin\jdwp.dll, loaded, initialized, options:transport=dt_socket,address=127.0.0.1:65053,suspend=y,server=n
C:\Users\araom\AppData\Local\JetBrains\IntelliJIdea2025.3\captureAgent\debugger-agent.jar path:C:\Users\araom\.jdks\ms-21.0.8\bin\instrument.dll, loaded, initialized, instrumentlib options:file:///C:/Users/araom/AppData/Local/Temp/capture7011209892155301637.props

dbghelp: loaded successfully - version: 4.0.5 - missing functions: none
symbol engine: initialized successfully - sym options: 0x614 - pdb path: .;C:\Users\araom\.jdks\ms-21.0.8\bin;C:\WINDOWS\SYSTEM32;C:\WINDOWS\WinSxS\amd64_microsoft.windows.common-controls_6595b64144ccf1df_6.0.26100.5074_none_3e0d6f78e32fd63f;C:\Users\araom\.jdks\ms-21.0.8\bin\server

VM Arguments:
jvm_args: -agentlib:jdwp=transport=dt_socket,address=127.0.0.1:65053,suspend=y,server=n -javaagent:C:\Users\araom\AppData\Local\JetBrains\IntelliJIdea2025.3\captureAgent\debugger-agent.jar=file:///C:/Users/araom/AppData/Local/Temp/capture7011209892155301637.props -XX:TieredStopAtLevel=1 -Dspring.output.ansi.enabled=always -Dkotlinx.coroutines.debug.enable.creation.stack.trace=false -Ddebugger.agent.enable.coroutines=true -Dkotlinx.coroutines.debug.enable.flows.stack.trace=true -Dkotlinx.coroutines.debug.enable.mutable.state.flows.stack.trace=true -Ddebugger.async.stack.trace.for.all.threads=true -Dfile.encoding=UTF-8 -Dsun.stdout.encoding=UTF-8 -Dsun.stderr.encoding=UTF-8 
java_command: com.jobportal.Job.Poratl.JobPoratlApplication
java_class_path (initial): C:\Users\araom\OneDrive\Desktop\Job Poratl backend\Job-Poratl\target\classes;C:\Users\araom\.m2\repository\org\springframework\boot\spring-boot-starter-web\4.0.1\spring-boot-starter-web-4.0.1.jar;C:\Users\araom\.m2\repository\org\springframework\boot\spring-boot-starter-jackson\4.0.1\spring-boot-starter-jackson-4.0.1.jar;C:\Users\araom\.m2\repository\org\springframework\boot\spring-boot-jackson\4.0.1\spring-boot-jackson-4.0.1.jar;C:\Users\araom\.m2\repository\tools\jackson\core\jackson-databind\3.0.3\jackson-databind-3.0.3.jar;C:\Users\araom\.m2\repository\tools\jackson\core\jackson-core\3.0.3\jackson-core-3.0.3.jar;C:\Users\araom\.m2\repository\org\springframework\boot\spring-boot-starter-tomcat\4.0.1\spring-boot-starter-tomcat-4.0.1.jar;C:\Users\araom\.m2\repository\org\springframework\boot\spring-boot-starter-tomcat-runtime\4.0.1\spring-boot-starter-tomcat-runtime-4.0.1.jar;C:\Users\araom\.m2\repository\org\springframework\boot\spring-boot-web-server\4.0.1\spring-boot-web-server-4.0.1.jar;C:\Users\araom\.m2\repository\org\apache\tomcat\embed\tomcat-embed-core\11.0.15\tomcat-embed-core-11.0.15.jar;C:\Users\araom\.m2\repository\org\apache\tomcat\embed\tomcat-embed-websocket\11.0.15\tomcat-embed-websocket-11.0.15.jar;C:\Users\araom\.m2\repository\org\springframework\boot\spring-boot-tomcat\4.0.1\spring-boot-tomcat-4.0.1.jar;C:\Users\araom\.m2\repository\org\springframework\boot\spring-boot-http-converter\4.0.1\spring-boot-http-converter-4.0.1.jar;C:\Users\araom\.m2\repository\org\springframework\spring-web\7.0.2\spring-web-7.0.2.jar;C:\Users\araom\.m2\repository\io\micrometer\micrometer-observation\1.16.1\micrometer-observation-1.16.1.jar;C:\Users\araom\.m2\repository\io\micrometer\micrometer-commons\1.16.1\micrometer-commons-1.16.1.jar;C:\Users\araom\.m2\repository\org\springframework\boot\spring-boot-webmvc\4.0.1\spring-boot-webmvc-4.0.1.jar;C:\Users\araom\.m2\repository\org\springframework\boot\spring-boot-servlet\4.0.1\spring-boot-servlet-4.0.1.jar;C:\Users\araom\.m2\repository\org\springframework\spring-webmvc\7.0.2\spring-webmvc-7.0.2.jar;C:\Users\araom\.m2\repository\org\springframework\spring-expression\7.0.2\spring-expression-7.0.2.jar;C:\Users\araom\.m2\repository\org\springframework\boot\spring-boot-starter-data-mongodb\4.0.1\spring-boot-starter-data-mongodb-4.0.1.jar;C:\Users\araom\.m2\repository\org\springframework\boot\spring-boot-starter-mongodb\4.0.1\spring-boot-starter-mongodb-4.0.1.jar;C:\Users\araom\.m2\repository\org\springframework\boot\spring-boot-mongodb\4.0.1\spring-boot-mongodb-4.0.1.jar;C:\Users\araom\.m2\repository\org\mongodb\mongodb-driver-sync\5.6.2\mongodb-driver-sync-5.6.2.jar;C:\Users\araom\.m2\repository\org\mongodb\bson\5.6.2\bson-5.6.2.jar;C:\Users\araom\.m2\repository\org\mongodb\mongodb-driver-core\5.6.2\mongodb-driver-core-5.6.2.jar;C:\Users\araom\.m2\repository\org\mongodb\bson-record-codec\5.6.2\bson-record-codec-5.6.2.jar;C:\Users\araom\.m2\repository\org\springframework\boot\spring-boot-data-mongodb\4.0.1\spring-boot-data-mongodb-4.0.1.jar;C:\Users\araom\.m2\repository\org\springframework\boot\spring-boot-data-commons\4.0.1\spring-boot-data-commons-4.0.1.jar;C:\Users\araom\.m2\repository\org\springframework\boot\spring-boot-persistence\4.0.1\spring-boot-persistence-4.0.1.jar;C:\Users\araom\.m2\repository\org\springframework\data\spring-data-commons\4.0.1\spring-data-commons-4.0.1.jar;C:\Users\araom\.m2\repository\org\springframework\boot\spring-boot-transaction\4.0.1\spring-boot-transaction-4.0.1.jar;C:\Users\araom\.m2\repository\org\springframework\spring-tx\7.0.2\spring-tx-7.0.2.jar;C:\Users\araom\.m2\repository\org\springframework\data\spring-data-mongodb\5.0.1\spring-data-mongodb-5.0.1.jar;C:\Users\araom\.m2\repository\org\projectlombok\lombok\1.18.42\lombok-1.18.42.jar;C:\Users\araom\.m2\repository\org\springframework\boot\spring-boot-devtools\4.0.1\spring-boot-devtools-4.0.1.jar;C:\Users\araom\.m2\repository\org\springframework\boot\spring-boot\4.0.1\spring-boot-4.0.1.jar;C:\Users\araom\.m2\repository\org\springframework\spring-context\7.0.2\spring-context-7.0.2.jar;C:\Users\araom\.m2\repository\org\springframework\boot\spring-boot-autoconfigure\4.0.1\spring-boot-autoconfigure-4.0.1.jar;C:\Users\araom\.m2\repository\org\springframework\boot\spring-boot-starter-validation\4.0.1\spring-boot-starter-validation-4.0.1.jar;C:\Users\araom\.m2\repository\org\springframework\boot\spring-boot-starter\4.0.1\spring-boot-starter-4.0.1.jar;C:\Users\araom\.m2\repository\org\springframework\boot\spring-boot-starter-logging\4.0.1\spring-boot-starter-logging-4.0.1.jar;C:\Users\araom\.m2\repository\ch\qos\logback\logback-classic\1.5.22\logback-classic-1.5.22.jar;C:\Users\araom\.m2\repository\ch\qos\logback\logback-core\1.5.22\logback-core-1.5.22.jar;C:\Users\araom\.m2\repository\org\apache\logging\log4j\log4j-to-slf4j\2.25.3\log4j-to-slf4j-2.25.3.jar;C:\Users\araom\.m2\repository\org\apache\logging\log4j\log4j-api\2.25.3\log4j-api-2.25.3.jar;C:\Users\araom\.m2\repository\org\slf4j\jul-to-slf4j\2.0.17\jul-to-slf4j-2.0.17.jar;C:\Users\araom\.m2\repository\jakarta\annotation\jakarta.annotation-api\3.0.0\jakarta.annotation-api-3.0.0.jar;C:\Users\araom\.m2\repository\org\yaml\snakeyaml\2.5\snakeyaml-2.5.jar;C:\Users\araom\.m2\repository\org\springframework\boot\spring-boot-validation\4.0.1\spring-boot-validation-4.0.1.jar;C:\Users\araom\.m2\repository\org\apache\tomcat\embed\tomcat-embed-el\11.0.15\tomcat-embed-el-11.0.15.jar;C:\Users\araom\.m2\repository\org\hibernate\validator\hibernate-validator\9.0.1.Final\hibernate-validator-9.0.1.Final.jar;C:\Users\araom\.m2\repository\jakarta\validation\jakarta.validation-api\3.1.1\jakarta.validation-api-3.1.1.jar;C:\Users\araom\.m2\repository\org\jboss\logging\jboss-logging\3.6.1.Final\jboss-logging-3.6.1.Final.jar;C:\Users\araom\.m2\repository\com\fasterxml\classmate\1.7.1\classmate-1.7.1.jar;C:\Users\araom\.m2\repository\org\slf4j\slf4j-api\2.0.17\slf4j-api-2.0.17.jar;C:\Users\araom\.m2\repository\jakarta\activation\jakarta.activation-api\2.1.4\jakarta.activation-api-2.1.4.jar;C:\Users\araom\.m2\repository\org\springframework\spring-core\7.0.2\spring-core-7.0.2.jar;C:\Users\araom\.m2\repository\commons-logging\commons-logging\1.3.5\commons-logging-1.3.5.jar;C:\Users\araom\.m2\repository\org\jspecify\jspecify\1.0.0\jspecify-1.0.0.jar;C:\Users\araom\.m2\repository\org\springframework\boot\spring-boot-starter-security\4.0.1\spring-boot-starter-security-4.0.1.jar;C:\Users\araom\.m2\repository\org\springframework\boot\spring-boot-security\4.0.1\spring-boot-security-4.0.1.jar;C:\Users\araom\.m2\repository\org\springframework\security\spring-security-config\7.0.2\spring-security-config-7.0.2.jar;C:\Users\araom\.m2\repository\org\springframework\security\spring-security-core\7.0.2\spring-security-core-7.0.2.jar;C:\Users\araom\.m2\repository\org\springframework\security\spring-security-crypto\7.0.2\spring-security-crypto-7.0.2.jar;C:\Users\araom\.m2\repository\org\springframework\security\spring-security-web\7.0.2\spring-security-web-7.0.2.jar;C:\Users\araom\.m2\repository\org\springframework\spring-aop\7.0.2\spring-aop-7.0.2.jar;C:\Users\araom\.m2\repository\org\springframework\spring-beans\7.0.2\spring-beans-7.0.2.jar;C:\Users\araom\.m2\repository\org\springframework\boot\spring-boot-starter-mail\4.0.1\spring-boot-starter-mail-4.0.1.jar;C:\Users\araom\.m2\repository\org\springframework\boot\spring-boot-mail\4.0.1\spring-boot-mail-4.0.1.jar;C:\Users\araom\.m2\repository\org\springframework\spring-context-support\7.0.2\spring-context-support-7.0.2.jar;C:\Users\araom\.m2\repository\jakarta\mail\jakarta.mail-api\2.1.5\jakarta.mail-api-2.1.5.jar;C:\Users\araom\.m2\repository\org\eclipse\angus\angus-mail\2.0.5\angus-mail-2.0.5.jar;C:\Users\araom\.m2\repository\org\eclipse\angus\angus-activation\2.0.3\angus-activation-2.0.3.jar;C:\Users\araom\.m2\repository\com\fasterxml\jackson\core\jackson-databind\2.20.1\jackson-databind-2.20.1.jar;C:\Users\araom\.m2\repository\com\fasterxml\jackson\core\jackson-annotations\2.20\jackson-annotations-2.20.jar;C:\Users\araom\.m2\repository\com\fasterxml\jackson\core\jackson-core\2.20.1\jackson-core-2.20.1.jar;C:\Users\araom\.m2\repository\io\jsonwebtoken\jjwt-api\0.11.5\jjwt-api-0.11.5.jar;C:\Users\araom\.m2\repository\io\jsonwebtoken\jjwt-impl\0.11.5\jjwt-impl-0.11.5.jar;C:\Users\araom\.m2\repository\io\jsonwebtoken\jjwt-jackson\0.11.5\jjwt-jackson-0.11.5.jar;C:\Users\araom\AppData\Local\Programs\IntelliJ IDEA Community Edition\lib\idea_rt.jar
Launcher Type: SUN_STANDARD

[Global flags]
     intx CICompilerCount                          = 4                                         {product} {ergonomic}
     uint ConcGCThreads                            = 3                                         {product} {ergonomic}
     uint G1ConcRefinementThreads                  = 10                                        {product} {ergonomic}
   size_t G1HeapRegionSize                         = 2097152                                   {product} {ergonomic}
    uintx GCDrainStackTargetSize                   = 64                                        {product} {ergonomic}
   size_t InitialHeapSize                          = 264241152                                 {product} {ergonomic}
   size_t MarkStackSize                            = 4194304                                   {product} {ergonomic}
   size_t MaxHeapSize                              = 4202692608                                {product} {ergonomic}
   size_t MaxNewSize                               = 2520776704                                {product} {ergonomic}
   size_t MinHeapDeltaBytes                        = 2097152                                   {product} {ergonomic}
   size_t MinHeapSize                              = 8388608                                   {product} {ergonomic}
    uintx NonNMethodCodeHeapSize                   = 4096                                   {pd product} {ergonomic}
    uintx NonProfiledCodeHeapSize                  = 0                                      {pd product} {ergonomic}
     bool ProfileInterpreter                       = false                                  {pd product} {command line}
    uintx ProfiledCodeHeapSize                     = 0                                      {pd product} {ergonomic}
   size_t SoftMaxHeapSize                          = 4202692608                             {manageable} {ergonomic}
     intx TieredStopAtLevel                        = 1                                         {product} {command line}
     bool UseCompressedOops                        = true                           {product lp64_product} {ergonomic}
     bool UseG1GC                                  = true                                      {product} {ergonomic}
     bool UseLargePagesIndividualAllocation        = false                                  {pd product} {ergonomic}

Logging:
Log output configuration:
 #0: stdout all=warning uptime,level,tags foldmultilines=false
 #1: stderr all=off uptime,level,tags foldmultilines=false

Environment Variables:
JAVA_HOME=C:\Program Files\Eclipse Adoptium\jdk-21.0.6.7-hotspot\bin
PATH=C:\Program Files\Eclipse Adoptium\jdk-21.0.6.7-hotspot\bin;C:\Python313\Scripts\;C:\Python313\;C:\Python312\Scripts\;C:\Python312\;C:\WINDOWS\system32;C:\WINDOWS;C:\WINDOWS\System32\Wbem;C:\WINDOWS\System32\WindowsPowerShell\v1.0\;C:\WINDOWS\System32\OpenSSH\;C:\Program Files\Git\cmd;C:\Program Files (x86)\dotnet\;C:\MAMP\bin\mysql\bin;C:\Program Files\nodejs\;C:\ProgramData\chocolatey\bin;;C:\Program Files\Docker\Docker\resources\bin;C:\Users\araom\AppData\Local\Programs\Eclipse Adoptium\jdk-21.0.6.7-hotspot\bin;C:\Users\araom\AppData\Local\Microsoft\WindowsApps;C:\Users\araom\AppData\Local\Programs\Microsoft VS Code\bin;C:\Users\araom\AppData\Roaming\npm;C:\Users\araom\AppData\Local\JetBrains\Toolbox\scripts;C:\Users\araom\AppData\Local\Programs\mongosh\
USERNAME=araom
OS=Windows_NT
PROCESSOR_IDENTIFIER=Intel64 Family 6 Model 186 Stepping 3, GenuineIntel
TMP=C:\Users\araom\AppData\Local\Temp
TEMP=C:\Users\araom\AppData\Local\Temp




Periodic native trim disabled

---------------  S Y S T E M  ---------------

OS:
 Windows 11 , 64 bit Build 26100 (10.0.26100.5074)
OS uptime: 0 days 0:08 hours
Hyper-V role detected

CPU: total 12 (initial active 12) (6 cores per cpu, 2 threads per core) family 6 model 186 stepping 3 microcode 0x4129, cx8, cmov, fxsr, ht, mmx, 3dnowpref, sse, sse2, sse3, ssse3, sse4.1, sse4.2, popcnt, lzcnt, tsc, tscinvbit, avx, avx2, aes, erms, clmul, bmi1, bmi2, adx, sha, fma, vzeroupper, clflush, clflushopt, clwb, hv, serialize, rdtscp, rdpid, fsrm, f16c, cet_ibt, cet_ss
Processor Information for the first 12 processors :
  Max Mhz: 1300, Current Mhz: 1300, Mhz Limit: 1300

Memory: 4k page, system-wide physical 16024M (742M free)
TotalPageFile size 22266M (AvailPageFile size 70M)
current process WorkingSet (physical memory assigned to process): 193M, peak: 193M
current process commit charge ("private bytes"): 234M, peak: 392M

vm_info: OpenJDK 64-Bit Server VM (21.0.8+9-LTS) for windows-amd64 JRE (21.0.8+9-LTS), built on 2025-07-10T20:22:44Z by "MicrosoftCorporation" with unknown MS VC++:1944

END.
