#
# There is insufficient memory for the Java Runtime Environment to continue.
# Native memory allocation (mmap) failed to map 65536 bytes. Error detail: Failed to commit metaspace.
# Possible reasons:
#   The system is out of physical RAM or swap space
#   This process is running with CompressedOops enabled, and the Java Heap may be blocking the growth of the native heap
# Possible solutions:
#   Reduce memory load on the system
#   Increase physical memory or swap space
#   Check if swap backing store is full
#   Decrease Java heap size (-Xmx/-Xms)
#   Decrease number of Java threads
#   Decrease Java thread stack sizes (-Xss)
#   Set larger code cache with -XX:ReservedCodeCacheSize=
#   JVM is running with Zero Based Compressed Oops mode in which the Java heap is
#     placed in the first 32GB address space. The Java Heap base address is the
#     maximum limit for the native heap growth. Please use -XX:HeapBaseMinAddress
#     to set the Java Heap base and to place the Java Heap above 32GB virtual address.
# This output file may be truncated or incomplete.
#
#  Out of Memory Error (virtualSpaceNode.cpp:113), pid=3976, tid=7068
#
# JRE version: OpenJDK Runtime Environment Microsoft-11933218 (21.0.8+9) (build 21.0.8+9-LTS)
# Java VM: OpenJDK 64-Bit Server VM Microsoft-11933218 (21.0.8+9-LTS, mixed mode, emulated-client, sharing, tiered, compressed oops, compressed class ptrs, g1 gc, windows-amd64)
# No core dump will be written. Minidumps are not enabled by default on client versions of Windows
#

---------------  S U M M A R Y ------------

Command Line: -agentlib:jdwp=transport=dt_socket,address=127.0.0.1:64789,suspend=y,server=n -javaagent:C:\Users\araom\AppData\Local\JetBrains\IntelliJIdea2025.3\captureAgent\debugger-agent.jar=file:///C:/Users/araom/AppData/Local/Temp/capture9983351262798896368.props -XX:TieredStopAtLevel=1 -Dspring.output.ansi.enabled=always -Dkotlinx.coroutines.debug.enable.creation.stack.trace=false -Ddebugger.agent.enable.coroutines=true -Dkotlinx.coroutines.debug.enable.flows.stack.trace=true -Dkotlinx.coroutines.debug.enable.mutable.state.flows.stack.trace=true -Ddebugger.async.stack.trace.for.all.threads=true -Dfile.encoding=UTF-8 -Dsun.stdout.encoding=UTF-8 -Dsun.stderr.encoding=UTF-8 com.jobportal.Job.Poratl.JobPoratlApplication

Host: 13th Gen Intel(R) Core(TM) i5-1335U, 12 cores, 15G,  Windows 11 , 64 bit Build 26100 (10.0.26100.5074)
Time: Tue Feb 17 00:09:23 2026 elapsed time: 0.667048 seconds (0d 0h 0m 0s)

---------------  T H R E A D  ---------------

Current thread (0x0000012cfec607f0):  JavaThread "main"             [_thread_in_vm, id=7068, stack(0x0000001443d00000,0x0000001443e00000) (1024K)]

Stack: [0x0000001443d00000,0x0000001443e00000]
Native frames: (J=compiled Java code, j=interpreted, Vv=VM code, C=native code)
V  [jvm.dll+0x6e1729]
V  [jvm.dll+0x8bf47b]
V  [jvm.dll+0x8c19aa]
V  [jvm.dll+0x8c2083]
V  [jvm.dll+0x289fd6]
V  [jvm.dll+0x8bb208]
V  [jvm.dll+0x683354]
V  [jvm.dll+0x6833ba]
V  [jvm.dll+0x685bcb]
V  [jvm.dll+0x685a92]
V  [jvm.dll+0x683d2e]
V  [jvm.dll+0x286e97]
V  [jvm.dll+0x7383b6]
V  [jvm.dll+0x738f2f]
V  [jvm.dll+0x3d4e6c]
V  [jvm.dll+0x3d4cf7]
V  [jvm.dll+0x3d3c17]
V  [jvm.dll+0x3d3bb8]
V  [jvm.dll+0x3e5c7d]
C  0x0000012c89a7401f

The last pc belongs to new (printed below).
Java frames: (J=compiled Java code, j=interpreted, Vv=VM code)
j  java.lang.reflect.Proxy.<clinit>()V+38 java.base@21.0.8
v  ~StubRoutines::call_stub 0x0000012c89a5100d
j  sun.reflect.annotation.AnnotationParser$1.run()Ljava/lang/annotation/Annotation;+33 java.base@21.0.8
j  sun.reflect.annotation.AnnotationParser$1.run()Ljava/lang/Object;+1 java.base@21.0.8
j  java.security.AccessController.executePrivileged(Ljava/security/PrivilegedAction;Ljava/security/AccessControlContext;Ljava/lang/Class;)Ljava/lang/Object;+29 java.base@21.0.8
j  java.security.AccessController.doPrivileged(Ljava/security/PrivilegedAction;)Ljava/lang/Object;+5 java.base@21.0.8
j  sun.reflect.annotation.AnnotationParser.annotationForMap(Ljava/lang/Class;Ljava/util/Map;)Ljava/lang/annotation/Annotation;+9 java.base@21.0.8
j  sun.reflect.annotation.AnnotationParser.parseAnnotation2(Ljava/nio/ByteBuffer;Ljdk/internal/reflect/ConstantPool;Ljava/lang/Class;Z[Ljava/lang/Class;)Ljava/lang/annotation/Annotation;+271 java.base@21.0.8
j  sun.reflect.annotation.AnnotationParser.parseAnnotations2([BLjdk/internal/reflect/ConstantPool;Ljava/lang/Class;[Ljava/lang/Class;)Ljava/util/Map;+41 java.base@21.0.8
j  sun.reflect.annotation.AnnotationParser.parseSelectAnnotations([BLjdk/internal/reflect/ConstantPool;Ljava/lang/Class;[Ljava/lang/Class;)Ljava/util/Map;+12 java.base@21.0.8
j  sun.reflect.annotation.AnnotationType.<init>(Ljava/lang/Class;)V+291 java.base@21.0.8
j  sun.reflect.annotation.AnnotationType.getInstance(Ljava/lang/Class;)Lsun/reflect/annotation/AnnotationType;+21 java.base@21.0.8
j  sun.reflect.annotation.AnnotationParser.parseAnnotation2(Ljava/nio/ByteBuffer;Ljdk/internal/reflect/ConstantPool;Ljava/lang/Class;Z[Ljava/lang/Class;)Ljava/lang/annotation/Annotation;+103 java.base@21.0.8
j  sun.reflect.annotation.AnnotationParser.parseAnnotations2([BLjdk/internal/reflect/ConstantPool;Ljava/lang/Class;[Ljava/lang/Class;)Ljava/util/Map;+41 java.base@21.0.8
j  sun.reflect.annotation.AnnotationParser.parseAnnotations([BLjdk/internal/reflect/ConstantPool;Ljava/lang/Class;)Ljava/util/Map;+12 java.base@21.0.8
j  java.lang.Class.createAnnotationData(I)Ljava/lang/Class$AnnotationData;+9 java.base@21.0.8
j  java.lang.Class.annotationData()Ljava/lang/Class$AnnotationData;+26 java.base@21.0.8
j  java.lang.Class.getDeclaredAnnotations()[Ljava/lang/annotation/Annotation;+1 java.base@21.0.8
j  org.springframework.core.annotation.AnnotationsScanner.getDeclaredAnnotations(Ljava/lang/reflect/AnnotatedElement;Z)[Ljava/lang/annotation/Annotation;+25
j  org.springframework.core.annotation.AnnotationsScanner.processClassHierarchy(Ljava/lang/Object;[ILjava/lang/Class;Lorg/springframework/core/annotation/AnnotationsProcessor;ZLjava/util/function/Predicate;)Ljava/lang/Object;+31
j  org.springframework.core.annotation.AnnotationsScanner.processClassHierarchy(Ljava/lang/Object;[ILjava/lang/Class;Lorg/springframework/core/annotation/AnnotationsProcessor;ZLjava/util/function/Predicate;)Ljava/lang/Object;+107
j  org.springframework.core.annotation.AnnotationsScanner.processClassHierarchy(Ljava/lang/Object;Ljava/lang/Class;Lorg/springframework/core/annotation/AnnotationsProcessor;ZLjava/util/function/Predicate;)Ljava/lang/Object;+13
j  org.springframework.core.annotation.AnnotationsScanner.processClass(Ljava/lang/Object;Ljava/lang/Class;Lorg/springframework/core/annotation/MergedAnnotations$SearchStrategy;Ljava/util/function/Predicate;Lorg/springframework/core/annotation/AnnotationsProcessor;)Ljava/lang/Object;+88
j  org.springframework.core.annotation.AnnotationsScanner.process(Ljava/lang/Object;Ljava/lang/reflect/AnnotatedElement;Lorg/springframework/core/annotation/MergedAnnotations$SearchStrategy;Ljava/util/function/Predicate;Lorg/springframework/core/annotation/AnnotationsProcessor;)Ljava/lang/Object;+20
j  org.springframework.core.annotation.AnnotationsScanner.scan(Ljava/lang/Object;Ljava/lang/reflect/AnnotatedElement;Lorg/springframework/core/annotation/MergedAnnotations$SearchStrategy;Ljava/util/function/Predicate;Lorg/springframework/core/annotation/AnnotationsProcessor;)Ljava/lang/Object;+6
j  org.springframework.core.annotation.TypeMappedAnnotations.scan(Ljava/lang/Object;Lorg/springframework/core/annotation/AnnotationsProcessor;)Ljava/lang/Object;+60
j  org.springframework.core.annotation.TypeMappedAnnotations.get(Ljava/lang/Class;Ljava/util/function/Predicate;Lorg/springframework/core/annotation/MergedAnnotationSelector;)Lorg/springframework/core/annotation/MergedAnnotation;+30
j  org.springframework.core.annotation.TypeMappedAnnotations.get(Ljava/lang/Class;)Lorg/springframework/core/annotation/MergedAnnotation;+4
j  org.springframework.core.annotation.OrderUtils.findOrder(Lorg/springframework/core/annotation/MergedAnnotations;)Ljava/lang/Integer;+3
j  org.springframework.core.annotation.OrderUtils.getOrderFromAnnotations(Ljava/lang/reflect/AnnotatedElement;Lorg/springframework/core/annotation/MergedAnnotations;)Ljava/lang/Integer;+45
j  org.springframework.core.annotation.AnnotationAwareOrderComparator.findOrderFromAnnotation(Ljava/lang/Object;)Ljava/lang/Integer;+31
j  org.springframework.core.annotation.AnnotationAwareOrderComparator.findOrder(Ljava/lang/Object;)Ljava/lang/Integer;+14
j  org.springframework.core.OrderComparator.getOrder(Ljava/lang/Object;)I+6
j  org.springframework.core.OrderComparator.getOrder(Ljava/lang/Object;Lorg/springframework/core/OrderComparator$OrderSourceProvider;)I+107
j  org.springframework.core.OrderComparator.doCompare(Ljava/lang/Object;Ljava/lang/Object;Lorg/springframework/core/OrderComparator$OrderSourceProvider;)I+39
j  org.springframework.core.OrderComparator.compare(Ljava/lang/Object;Ljava/lang/Object;)I+4
j  java.util.TimSort.countRunAndMakeAscending([Ljava/lang/Object;IILjava/util/Comparator;)I+43 java.base@21.0.8
j  java.util.TimSort.sort([Ljava/lang/Object;IILjava/util/Comparator;[Ljava/lang/Object;II)V+60 java.base@21.0.8
j  java.util.Arrays.sort([Ljava/lang/Object;IILjava/util/Comparator;)V+43 java.base@21.0.8
j  java.util.ArrayList.sort(Ljava/util/Comparator;)V+15 java.base@21.0.8
j  org.springframework.core.annotation.AnnotationAwareOrderComparator.sort(Ljava/util/List;)V+14
j  org.springframework.core.io.support.SpringFactoriesLoader.load(Ljava/lang/Class;Lorg/springframework/core/io/support/SpringFactoriesLoader$ArgumentResolver;Lorg/springframework/core/io/support/SpringFactoriesLoader$FailureHandler;)Ljava/util/List;+124
j  org.springframework.core.io.support.SpringFactoriesLoader.load(Ljava/lang/Class;Lorg/springframework/core/io/support/SpringFactoriesLoader$ArgumentResolver;)Ljava/util/List;+4
j  org.springframework.boot.SpringApplication.getSpringFactoriesInstances(Ljava/lang/Class;Lorg/springframework/core/io/support/SpringFactoriesLoader$ArgumentResolver;)Ljava/util/List;+9
j  org.springframework.boot.SpringApplication.getSpringFactoriesInstances(Ljava/lang/Class;)Ljava/util/List;+3
j  org.springframework.boot.SpringApplication.<init>(Lorg/springframework/core/io/ResourceLoader;[Ljava/lang/Class;)V+130
j  org.springframework.boot.SpringApplication.<init>([Ljava/lang/Class;)V+3
j  org.springframework.boot.SpringApplication.run([Ljava/lang/Class;[Ljava/lang/String;)Lorg/springframework/context/ConfigurableApplicationContext;+5
j  org.springframework.boot.SpringApplication.run(Ljava/lang/Class;[Ljava/lang/String;)Lorg/springframework/context/ConfigurableApplicationContext;+9
j  com.jobportal.Job.Poratl.JobPoratlApplication.main([Ljava/lang/String;)V+3
v  ~StubRoutines::call_stub 0x0000012c89a5100d
new  187 new  [0x0000012c89a73ea0, 0x0000012c89a74160]  704 bytes
[MachCode]
  0x0000012c89a73ea0: 4883 ec08 | c5fa 1104 | 24eb 1f48 | 83ec 10c5 | fb11 0424 | eb14 4883 | ec10 4889 | 0424 48c7 
  0x0000012c89a73ec0: 4424 0800 | 0000 00eb | 0150 410f | b755 010f | cac1 ea10 | 488b 4de8 | 488b 4908 | 488b 4908 
  0x0000012c89a73ee0: 488b 4108 | 807c 1004 | 070f 85d3 | 0000 0066 | 8b54 d148 | 488b 4928 | 488b 4cd1 | 0851 80b9 
  0x0000012c89a73f00: 3101 0000 | 040f 85b6 | 0000 008b | 5108 f6c2 | 010f 85aa | 0000 0049 | 8b87 b801 | 0000 488d 
  0x0000012c89a73f20: 1c10 493b | 9fc8 0100 | 000f 8792 | 0000 0049 | 899f b801 | 0000 4883 | ea10 0f84 | 0f00 0000 
  0x0000012c89a73f40: 33c9 c1ea | 0348 894c | d008 48ff | ca75 f648 | c700 0100 | 0000 5933 | f689 700c | 49ba 0000 
  0x0000012c89a73f60: 0095 2c01 | 0000 492b | ca89 4808 | 49ba 6a1e | 9549 fb7f | 0000 4180 | 3a00 0f84 | 3c00 0000 
  0x0000012c89a73f80: 5048 8bc8 | 4883 ec20 | 40f6 c40f | 0f84 1900 | 0000 4883 | ec08 48b8 | 408c 3e49 | fb7f 0000 
  0x0000012c89a73fa0: ffd0 4883 | c408 e90c | 0000 0048 | b840 8c3e | 49fb 7f00 | 00ff d048 | 83c4 2058 | e982 0100 
  0x0000012c89a73fc0: 0059 488b | 55e8 488b | 5208 488b | 5208 450f | b745 0141 | 0fc8 41c1 | e810 e805 | 0000 00e9 
  0x0000012c89a73fe0: 5f01 0000 | 488d 4424 | 084c 896d | c049 8bcf | c5f8 7749 | 89af a803 | 0000 4989 | 8798 0300 
  0x0000012c89a74000: 0048 83ec | 2040 f6c4 | 0f0f 8419 | 0000 0048 | 83ec 0848 | b8f0 5b08 | 49fb 7f00 | 00ff d048 
  0x0000012c89a74020: 83c4 08e9 | 0c00 0000 | 48b8 f05b | 0849 fb7f | 0000 ffd0 | 4883 c420 | 49c7 8798 | 0300 0000 
  0x0000012c89a74040: 0000 0049 | c787 a803 | 0000 0000 | 0000 49c7 | 87a0 0300 | 0000 0000 | 00c5 f877 | 418b 8f24 
  0x0000012c89a74060: 0500 00f6 | c101 0f84 | 4200 0000 | f6c1 020f | 8539 0000 | 0048 83ec | 2040 f6c4 | 0f0f 8419 
  0x0000012c89a74080: 0000 0048 | 83ec 0848 | b8f0 3808 | 49fb 7f00 | 00ff d048 | 83c4 08e9 | 0c00 0000 | 48b8 f038 
  0x0000012c89a740a0: 0849 fb7f | 0000 ffd0 | 4883 c420 | ffe0 498b | 8fd0 0500 | 0048 85c9 | 0f84 5500 | 0000 8b89 
  0x0000012c89a740c0: 9c00 0000 | 83f9 010f | 8546 0000 | 0049 8b8f | d005 0000 | 8b89 a000 | 0000 4883 | ec20 40f6 
  0x0000012c89a740e0: c40f 0f84 | 1900 0000 | 4883 ec08 | 48b8 e038 | 0849 fb7f | 0000 ffd0 | 4883 c408 | e90c 0000 
  0x0000012c89a74100: 0048 b8e0 | 3808 49fb | 7f00 00ff | d048 83c4 | 20ff e049 | 837f 0800 | 0f84 0500 | 0000 e9dd 
  0x0000012c89a74120: cdfd ff49 | 8b87 f003 | 0000 49c7 | 87f0 0300 | 0000 0000 | 004c 8b6d | c04c 8b75 | c84e 8d74 
  0x0000012c89a74140: f500 c341 | 0fb6 5d03 | 4983 c503 | 49ba c0e7 | 9749 fb7f | 0000 41ff | 24da 660f | 1f44 0000 
[/MachCode]

---------------  P R O C E S S  ---------------

Threads class SMR info:
_java_thread_list=0x0000012cda2ed1f0, length=17, elements={
0x0000012cfec607f0, 0x0000012c945c13d0, 0x0000012c945c31e0, 0x0000012c945c84f0,
0x0000012c945cb300, 0x0000012c945d3f10, 0x0000012c945d4b60, 0x0000012c945dac60,
0x0000012c945d5880, 0x0000012c9470e7e0, 0x0000012c9478efe0, 0x0000012c94773fe0,
0x0000012c94774660, 0x0000012c945d51f0, 0x0000012c945d72c0, 0x0000012cda5a8960,
0x0000012cda5b69e0
}

Java Threads: ( => current thread )
=>0x0000012cfec607f0 JavaThread "main"                              [_thread_in_vm, id=7068, stack(0x0000001443d00000,0x0000001443e00000) (1024K)]
  0x0000012c945c13d0 JavaThread "Reference Handler"          daemon [_thread_blocked, id=25500, stack(0x0000001444500000,0x0000001444600000) (1024K)]
  0x0000012c945c31e0 JavaThread "Finalizer"                  daemon [_thread_blocked, id=21560, stack(0x0000001444600000,0x0000001444700000) (1024K)]
  0x0000012c945c84f0 JavaThread "Signal Dispatcher"          daemon [_thread_blocked, id=7000, stack(0x0000001444700000,0x0000001444800000) (1024K)]
  0x0000012c945cb300 JavaThread "Attach Listener"            daemon [_thread_blocked, id=19408, stack(0x0000001444800000,0x0000001444900000) (1024K)]
  0x0000012c945d3f10 JavaThread "Service Thread"             daemon [_thread_blocked, id=732, stack(0x0000001444900000,0x0000001444a00000) (1024K)]
  0x0000012c945d4b60 JavaThread "Monitor Deflation Thread"   daemon [_thread_blocked, id=5828, stack(0x0000001444a00000,0x0000001444b00000) (1024K)]
  0x0000012c945dac60 JavaThread "C1 CompilerThread0"         daemon [_thread_blocked, id=29196, stack(0x0000001444b00000,0x0000001444c00000) (1024K)]
  0x0000012c945d5880 JavaThread "Common-Cleaner"             daemon [_thread_blocked, id=29000, stack(0x0000001444c00000,0x0000001444d00000) (1024K)]
  0x0000012c9470e7e0 JavaThread "C1 CompilerThread1"         daemon [_thread_blocked, id=28868, stack(0x0000001444d00000,0x0000001444e00000) (1024K)]
  0x0000012c9478efe0 JavaThread "JDWP Transport Listener: dt_socket" daemon [_thread_blocked, id=11784, stack(0x0000001444e00000,0x0000001444f00000) (1024K)]
  0x0000012c94773fe0 JavaThread "JDWP Event Helper Thread"   daemon [_thread_blocked, id=27900, stack(0x0000001444f00000,0x0000001445000000) (1024K)]
  0x0000012c94774660 JavaThread "JDWP Command Reader"        daemon [_thread_in_native, id=15748, stack(0x0000001445000000,0x0000001445100000) (1024K)]
  0x0000012c945d51f0 JavaThread "IntelliJ Suspend Helper"    daemon [_thread_blocked, id=18144, stack(0x0000001445100000,0x0000001445200000) (1024K)]
  0x0000012c945d72c0 JavaThread "Notification Thread"        daemon [_thread_blocked, id=5160, stack(0x0000001445200000,0x0000001445300000) (1024K)]
  0x0000012cda5a8960 JavaThread "C1 CompilerThread2"         daemon [_thread_blocked, id=29444, stack(0x0000001445300000,0x0000001445400000) (1024K)]
  0x0000012cda5b69e0 JavaThread "C1 CompilerThread3"         daemon [_thread_blocked, id=22440, stack(0x0000001445400000,0x0000001445500000) (1024K)]
Total: 17

Other Threads:
  0x0000012c945a3de0 VMThread "VM Thread"                           [id=17072, stack(0x0000001444400000,0x0000001444500000) (1024K)]
  0x0000012c94592c80 WatcherThread "VM Periodic Task Thread"        [id=1636, stack(0x0000001444300000,0x0000001444400000) (1024K)]
  0x0000012cffc24d30 WorkerThread "GC Thread#0"                     [id=12848, stack(0x0000001443e00000,0x0000001443f00000) (1024K)]
  0x0000012cda7facf0 WorkerThread "GC Thread#1"                     [id=16244, stack(0x0000001445500000,0x0000001445600000) (1024K)]
  0x0000012cdaa17680 WorkerThread "GC Thread#2"                     [id=4544, stack(0x0000001445600000,0x0000001445700000) (1024K)]
  0x0000012cdaa6c840 WorkerThread "GC Thread#3"                     [id=5352, stack(0x0000001445700000,0x0000001445800000) (1024K)]
  0x0000012cdaa6b620 WorkerThread "GC Thread#4"                     [id=24908, stack(0x0000001445800000,0x0000001445900000) (1024K)]
  0x0000012cdaa6aee0 WorkerThread "GC Thread#5"                     [id=13628, stack(0x0000001445900000,0x0000001445a00000) (1024K)]
  0x0000012cdaa6b9c0 WorkerThread "GC Thread#6"                     [id=5928, stack(0x0000001445a00000,0x0000001445b00000) (1024K)]
  0x0000012cdaa6c4a0 WorkerThread "GC Thread#7"                     [id=14736, stack(0x0000001445b00000,0x0000001445c00000) (1024K)]
  0x0000012cdaa6bd60 WorkerThread "GC Thread#8"                     [id=13320, stack(0x0000001445c00000,0x0000001445d00000) (1024K)]
  0x0000012cdaa6b280 WorkerThread "GC Thread#9"                     [id=11140, stack(0x0000001445d00000,0x0000001445e00000) (1024K)]
  0x0000012cffc356a0 ConcurrentGCThread "G1 Main Marker"            [id=29232, stack(0x0000001443f00000,0x0000001444000000) (1024K)]
  0x0000012cffc36f30 WorkerThread "G1 Conc#0"                       [id=22968, stack(0x0000001444000000,0x0000001444100000) (1024K)]
  0x0000012c9445e2e0 ConcurrentGCThread "G1 Refine#0"               [id=25956, stack(0x0000001444100000,0x0000001444200000) (1024K)]
  0x0000012c94460b10 ConcurrentGCThread "G1 Service"                [id=5612, stack(0x0000001444200000,0x0000001444300000) (1024K)]
Total: 16

Threads with active compile tasks:
Total: 0

VM state: not at safepoint (normal execution)

VM Mutex/Monitor currently owned by a thread:  ([mutex/lock_event])
[0x00007ffb499687c8] Metaspace_lock - owner thread: 0x0000012cfec607f0

Heap address: 0x0000000705800000, size: 4008 MB, Compressed Oops mode: Zero based, Oop shift amount: 3

CDS archive(s) mapped at: [0x0000012c95000000-0x0000012c95c80000-0x0000012c95c80000), size 13107200, SharedBaseAddress: 0x0000012c95000000, ArchiveRelocationMode: 1.
Compressed class space mapped at: 0x0000012c96000000-0x0000012cd6000000, reserved size: 1073741824
Narrow klass base: 0x0000012c95000000, Narrow klass shift: 0, Narrow klass range: 0x100000000

GC Precious Log:
 CardTable entry size: 512
 Card Set container configuration: InlinePtr #cards 4 size 8 Array Of Cards #cards 16 size 48 Howl #buckets 8 coarsen threshold 3686 Howl Bitmap #cards 512 size 80 coarsen threshold 460 Card regions per heap region 1 cards per card region 4096
 CPUs: 12 total, 12 available
 Memory: 16024M
 Large Page Support: Disabled
 NUMA Support: Disabled
 Compressed Oops: Enabled (Zero based)
 Heap Region Size: 2M
 Heap Min Capacity: 8M
 Heap Initial Capacity: 252M
 Heap Max Capacity: 4008M
 Pre-touch: Disabled
 Parallel Workers: 10
 Concurrent Workers: 3
 Concurrent Refinement Workers: 10
 Periodic GC: Disabled

Heap:
 garbage-first heap   total 258048K, used 5358K [0x0000000705800000, 0x0000000800000000)
  region size 2048K, 3 young (6144K), 2 survivors (4096K)
 Metaspace       used 6724K, committed 6848K, reserved 1114112K
  class space    used 723K, committed 768K, reserved 1048576K

Heap Regions: E=young(eden), S=young(survivor), O=old, HS=humongous(starts), HC=humongous(continues), CS=collection set, F=free, TAMS=top-at-mark-start, PB=parsable bottom
|   0|0x0000000705800000, 0x000000070593ba18, 0x0000000705a00000| 61%| O|  |TAMS 0x0000000705800000| PB 0x0000000705800000| Untracked 
|   1|0x0000000705a00000, 0x0000000705a00000, 0x0000000705c00000|  0%| F|  |TAMS 0x0000000705a00000| PB 0x0000000705a00000| Untracked 
|   2|0x0000000705c00000, 0x0000000705c00000, 0x0000000705e00000|  0%| F|  |TAMS 0x0000000705c00000| PB 0x0000000705c00000| Untracked 
|   3|0x0000000705e00000, 0x0000000705e00000, 0x0000000706000000|  0%| F|  |TAMS 0x0000000705e00000| PB 0x0000000705e00000| Untracked 
|   4|0x0000000706000000, 0x0000000706000000, 0x0000000706200000|  0%| F|  |TAMS 0x0000000706000000| PB 0x0000000706000000| Untracked 
|   5|0x0000000706200000, 0x0000000706200000, 0x0000000706400000|  0%| F|  |TAMS 0x0000000706200000| PB 0x0000000706200000| Untracked 
|   6|0x0000000706400000, 0x0000000706400000, 0x0000000706600000|  0%| F|  |TAMS 0x0000000706400000| PB 0x0000000706400000| Untracked 
|   7|0x0000000706600000, 0x0000000706600000, 0x0000000706800000|  0%| F|  |TAMS 0x0000000706600000| PB 0x0000000706600000| Untracked 
|   8|0x0000000706800000, 0x0000000706800000, 0x0000000706a00000|  0%| F|  |TAMS 0x0000000706800000| PB 0x0000000706800000| Untracked 
|   9|0x0000000706a00000, 0x0000000706a00000, 0x0000000706c00000|  0%| F|  |TAMS 0x0000000706a00000| PB 0x0000000706a00000| Untracked 
|  10|0x0000000706c00000, 0x0000000706c00000, 0x0000000706e00000|  0%| F|  |TAMS 0x0000000706c00000| PB 0x0000000706c00000| Untracked 
|  11|0x0000000706e00000, 0x0000000706e00000, 0x0000000707000000|  0%| F|  |TAMS 0x0000000706e00000| PB 0x0000000706e00000| Untracked 
|  12|0x0000000707000000, 0x0000000707000000, 0x0000000707200000|  0%| F|  |TAMS 0x0000000707000000| PB 0x0000000707000000| Untracked 
|  13|0x0000000707200000, 0x0000000707200000, 0x0000000707400000|  0%| F|  |TAMS 0x0000000707200000| PB 0x0000000707200000| Untracked 
|  14|0x0000000707400000, 0x0000000707400000, 0x0000000707600000|  0%| F|  |TAMS 0x0000000707400000| PB 0x0000000707400000| Untracked 
|  15|0x0000000707600000, 0x0000000707600000, 0x0000000707800000|  0%| F|  |TAMS 0x0000000707600000| PB 0x0000000707600000| Untracked 
|  16|0x0000000707800000, 0x0000000707800000, 0x0000000707a00000|  0%| F|  |TAMS 0x0000000707800000| PB 0x0000000707800000| Untracked 
|  17|0x0000000707a00000, 0x0000000707a00000, 0x0000000707c00000|  0%| F|  |TAMS 0x0000000707a00000| PB 0x0000000707a00000| Untracked 
|  18|0x0000000707c00000, 0x0000000707c00000, 0x0000000707e00000|  0%| F|  |TAMS 0x0000000707c00000| PB 0x0000000707c00000| Untracked 
|  19|0x0000000707e00000, 0x0000000707e00000, 0x0000000708000000|  0%| F|  |TAMS 0x0000000707e00000| PB 0x0000000707e00000| Untracked 
|  20|0x0000000708000000, 0x0000000708000000, 0x0000000708200000|  0%| F|  |TAMS 0x0000000708000000| PB 0x0000000708000000| Untracked 
|  21|0x0000000708200000, 0x0000000708200000, 0x0000000708400000|  0%| F|  |TAMS 0x0000000708200000| PB 0x0000000708200000| Untracked 
|  22|0x0000000708400000, 0x0000000708400000, 0x0000000708600000|  0%| F|  |TAMS 0x0000000708400000| PB 0x0000000708400000| Untracked 
|  23|0x0000000708600000, 0x0000000708600000, 0x0000000708800000|  0%| F|  |TAMS 0x0000000708600000| PB 0x0000000708600000| Untracked 
|  24|0x0000000708800000, 0x0000000708800000, 0x0000000708a00000|  0%| F|  |TAMS 0x0000000708800000| PB 0x0000000708800000| Untracked 
|  25|0x0000000708a00000, 0x0000000708a00000, 0x0000000708c00000|  0%| F|  |TAMS 0x0000000708a00000| PB 0x0000000708a00000| Untracked 
|  26|0x0000000708c00000, 0x0000000708c00000, 0x0000000708e00000|  0%| F|  |TAMS 0x0000000708c00000| PB 0x0000000708c00000| Untracked 
|  27|0x0000000708e00000, 0x0000000708e00000, 0x0000000709000000|  0%| F|  |TAMS 0x0000000708e00000| PB 0x0000000708e00000| Untracked 
|  28|0x0000000709000000, 0x0000000709000000, 0x0000000709200000|  0%| F|  |TAMS 0x0000000709000000| PB 0x0000000709000000| Untracked 
|  29|0x0000000709200000, 0x0000000709200000, 0x0000000709400000|  0%| F|  |TAMS 0x0000000709200000| PB 0x0000000709200000| Untracked 
|  30|0x0000000709400000, 0x0000000709400000, 0x0000000709600000|  0%| F|  |TAMS 0x0000000709400000| PB 0x0000000709400000| Untracked 
|  31|0x0000000709600000, 0x0000000709600000, 0x0000000709800000|  0%| F|  |TAMS 0x0000000709600000| PB 0x0000000709600000| Untracked 
|  32|0x0000000709800000, 0x0000000709800000, 0x0000000709a00000|  0%| F|  |TAMS 0x0000000709800000| PB 0x0000000709800000| Untracked 
|  33|0x0000000709a00000, 0x0000000709a00000, 0x0000000709c00000|  0%| F|  |TAMS 0x0000000709a00000| PB 0x0000000709a00000| Untracked 
|  34|0x0000000709c00000, 0x0000000709c00000, 0x0000000709e00000|  0%| F|  |TAMS 0x0000000709c00000| PB 0x0000000709c00000| Untracked 
|  35|0x0000000709e00000, 0x0000000709e00000, 0x000000070a000000|  0%| F|  |TAMS 0x0000000709e00000| PB 0x0000000709e00000| Untracked 
|  36|0x000000070a000000, 0x000000070a000000, 0x000000070a200000|  0%| F|  |TAMS 0x000000070a000000| PB 0x000000070a000000| Untracked 
|  37|0x000000070a200000, 0x000000070a200000, 0x000000070a400000|  0%| F|  |TAMS 0x000000070a200000| PB 0x000000070a200000| Untracked 
|  38|0x000000070a400000, 0x000000070a400000, 0x000000070a600000|  0%| F|  |TAMS 0x000000070a400000| PB 0x000000070a400000| Untracked 
|  39|0x000000070a600000, 0x000000070a600000, 0x000000070a800000|  0%| F|  |TAMS 0x000000070a600000| PB 0x000000070a600000| Untracked 
|  40|0x000000070a800000, 0x000000070a800000, 0x000000070aa00000|  0%| F|  |TAMS 0x000000070a800000| PB 0x000000070a800000| Untracked 
|  41|0x000000070aa00000, 0x000000070aa00000, 0x000000070ac00000|  0%| F|  |TAMS 0x000000070aa00000| PB 0x000000070aa00000| Untracked 
|  42|0x000000070ac00000, 0x000000070ac00000, 0x000000070ae00000|  0%| F|  |TAMS 0x000000070ac00000| PB 0x000000070ac00000| Untracked 
|  43|0x000000070ae00000, 0x000000070ae00000, 0x000000070b000000|  0%| F|  |TAMS 0x000000070ae00000| PB 0x000000070ae00000| Untracked 
|  44|0x000000070b000000, 0x000000070b000000, 0x000000070b200000|  0%| F|  |TAMS 0x000000070b000000| PB 0x000000070b000000| Untracked 
|  45|0x000000070b200000, 0x000000070b200000, 0x000000070b400000|  0%| F|  |TAMS 0x000000070b200000| PB 0x000000070b200000| Untracked 
|  46|0x000000070b400000, 0x000000070b400000, 0x000000070b600000|  0%| F|  |TAMS 0x000000070b400000| PB 0x000000070b400000| Untracked 
|  47|0x000000070b600000, 0x000000070b600000, 0x000000070b800000|  0%| F|  |TAMS 0x000000070b600000| PB 0x000000070b600000| Untracked 
|  48|0x000000070b800000, 0x000000070b800000, 0x000000070ba00000|  0%| F|  |TAMS 0x000000070b800000| PB 0x000000070b800000| Untracked 
|  49|0x000000070ba00000, 0x000000070ba00000, 0x000000070bc00000|  0%| F|  |TAMS 0x000000070ba00000| PB 0x000000070ba00000| Untracked 
|  50|0x000000070bc00000, 0x000000070bc00000, 0x000000070be00000|  0%| F|  |TAMS 0x000000070bc00000| PB 0x000000070bc00000| Untracked 
|  51|0x000000070be00000, 0x000000070be00000, 0x000000070c000000|  0%| F|  |TAMS 0x000000070be00000| PB 0x000000070be00000| Untracked 
|  52|0x000000070c000000, 0x000000070c000000, 0x000000070c200000|  0%| F|  |TAMS 0x000000070c000000| PB 0x000000070c000000| Untracked 
|  53|0x000000070c200000, 0x000000070c200000, 0x000000070c400000|  0%| F|  |TAMS 0x000000070c200000| PB 0x000000070c200000| Untracked 
|  54|0x000000070c400000, 0x000000070c400000, 0x000000070c600000|  0%| F|  |TAMS 0x000000070c400000| PB 0x000000070c400000| Untracked 
|  55|0x000000070c600000, 0x000000070c600000, 0x000000070c800000|  0%| F|  |TAMS 0x000000070c600000| PB 0x000000070c600000| Untracked 
|  56|0x000000070c800000, 0x000000070c800000, 0x000000070ca00000|  0%| F|  |TAMS 0x000000070c800000| PB 0x000000070c800000| Untracked 
|  57|0x000000070ca00000, 0x000000070ca00000, 0x000000070cc00000|  0%| F|  |TAMS 0x000000070ca00000| PB 0x000000070ca00000| Untracked 
|  58|0x000000070cc00000, 0x000000070cc00000, 0x000000070ce00000|  0%| F|  |TAMS 0x000000070cc00000| PB 0x000000070cc00000| Untracked 
|  59|0x000000070ce00000, 0x000000070ce00000, 0x000000070d000000|  0%| F|  |TAMS 0x000000070ce00000| PB 0x000000070ce00000| Untracked 
|  60|0x000000070d000000, 0x000000070d000000, 0x000000070d200000|  0%| F|  |TAMS 0x000000070d000000| PB 0x000000070d000000| Untracked 
|  61|0x000000070d200000, 0x000000070d200000, 0x000000070d400000|  0%| F|  |TAMS 0x000000070d200000| PB 0x000000070d200000| Untracked 
|  62|0x000000070d400000, 0x000000070d400000, 0x000000070d600000|  0%| F|  |TAMS 0x000000070d400000| PB 0x000000070d400000| Untracked 
|  63|0x000000070d600000, 0x000000070d600000, 0x000000070d800000|  0%| F|  |TAMS 0x000000070d600000| PB 0x000000070d600000| Untracked 
|  64|0x000000070d800000, 0x000000070d800000, 0x000000070da00000|  0%| F|  |TAMS 0x000000070d800000| PB 0x000000070d800000| Untracked 
|  65|0x000000070da00000, 0x000000070da00000, 0x000000070dc00000|  0%| F|  |TAMS 0x000000070da00000| PB 0x000000070da00000| Untracked 
|  66|0x000000070dc00000, 0x000000070dc00000, 0x000000070de00000|  0%| F|  |TAMS 0x000000070dc00000| PB 0x000000070dc00000| Untracked 
|  67|0x000000070de00000, 0x000000070de00000, 0x000000070e000000|  0%| F|  |TAMS 0x000000070de00000| PB 0x000000070de00000| Untracked 
|  68|0x000000070e000000, 0x000000070e000000, 0x000000070e200000|  0%| F|  |TAMS 0x000000070e000000| PB 0x000000070e000000| Untracked 
|  69|0x000000070e200000, 0x000000070e200000, 0x000000070e400000|  0%| F|  |TAMS 0x000000070e200000| PB 0x000000070e200000| Untracked 
|  70|0x000000070e400000, 0x000000070e400000, 0x000000070e600000|  0%| F|  |TAMS 0x000000070e400000| PB 0x000000070e400000| Untracked 
|  71|0x000000070e600000, 0x000000070e600000, 0x000000070e800000|  0%| F|  |TAMS 0x000000070e600000| PB 0x000000070e600000| Untracked 
|  72|0x000000070e800000, 0x000000070e800000, 0x000000070ea00000|  0%| F|  |TAMS 0x000000070e800000| PB 0x000000070e800000| Untracked 
|  73|0x000000070ea00000, 0x000000070ea00000, 0x000000070ec00000|  0%| F|  |TAMS 0x000000070ea00000| PB 0x000000070ea00000| Untracked 
|  74|0x000000070ec00000, 0x000000070ec00000, 0x000000070ee00000|  0%| F|  |TAMS 0x000000070ec00000| PB 0x000000070ec00000| Untracked 
|  75|0x000000070ee00000, 0x000000070ee00000, 0x000000070f000000|  0%| F|  |TAMS 0x000000070ee00000| PB 0x000000070ee00000| Untracked 
|  76|0x000000070f000000, 0x000000070f000000, 0x000000070f200000|  0%| F|  |TAMS 0x000000070f000000| PB 0x000000070f000000| Untracked 
|  77|0x000000070f200000, 0x000000070f200000, 0x000000070f400000|  0%| F|  |TAMS 0x000000070f200000| PB 0x000000070f200000| Untracked 
|  78|0x000000070f400000, 0x000000070f400000, 0x000000070f600000|  0%| F|  |TAMS 0x000000070f400000| PB 0x000000070f400000| Untracked 
|  79|0x000000070f600000, 0x000000070f600000, 0x000000070f800000|  0%| F|  |TAMS 0x000000070f600000| PB 0x000000070f600000| Untracked 
|  80|0x000000070f800000, 0x000000070f800000, 0x000000070fa00000|  0%| F|  |TAMS 0x000000070f800000| PB 0x000000070f800000| Untracked 
|  81|0x000000070fa00000, 0x000000070fa00000, 0x000000070fc00000|  0%| F|  |TAMS 0x000000070fa00000| PB 0x000000070fa00000| Untracked 
|  82|0x000000070fc00000, 0x000000070fc00000, 0x000000070fe00000|  0%| F|  |TAMS 0x000000070fc00000| PB 0x000000070fc00000| Untracked 
|  83|0x000000070fe00000, 0x000000070fe00000, 0x0000000710000000|  0%| F|  |TAMS 0x000000070fe00000| PB 0x000000070fe00000| Untracked 
|  84|0x0000000710000000, 0x0000000710000000, 0x0000000710200000|  0%| F|  |TAMS 0x0000000710000000| PB 0x0000000710000000| Untracked 
|  85|0x0000000710200000, 0x0000000710200000, 0x0000000710400000|  0%| F|  |TAMS 0x0000000710200000| PB 0x0000000710200000| Untracked 
|  86|0x0000000710400000, 0x0000000710400000, 0x0000000710600000|  0%| F|  |TAMS 0x0000000710400000| PB 0x0000000710400000| Untracked 
|  87|0x0000000710600000, 0x0000000710600000, 0x0000000710800000|  0%| F|  |TAMS 0x0000000710600000| PB 0x0000000710600000| Untracked 
|  88|0x0000000710800000, 0x0000000710800000, 0x0000000710a00000|  0%| F|  |TAMS 0x0000000710800000| PB 0x0000000710800000| Untracked 
|  89|0x0000000710a00000, 0x0000000710a00000, 0x0000000710c00000|  0%| F|  |TAMS 0x0000000710a00000| PB 0x0000000710a00000| Untracked 
|  90|0x0000000710c00000, 0x0000000710c00000, 0x0000000710e00000|  0%| F|  |TAMS 0x0000000710c00000| PB 0x0000000710c00000| Untracked 
|  91|0x0000000710e00000, 0x0000000710e00000, 0x0000000711000000|  0%| F|  |TAMS 0x0000000710e00000| PB 0x0000000710e00000| Untracked 
|  92|0x0000000711000000, 0x0000000711000000, 0x0000000711200000|  0%| F|  |TAMS 0x0000000711000000| PB 0x0000000711000000| Untracked 
|  93|0x0000000711200000, 0x0000000711200000, 0x0000000711400000|  0%| F|  |TAMS 0x0000000711200000| PB 0x0000000711200000| Untracked 
|  94|0x0000000711400000, 0x0000000711400000, 0x0000000711600000|  0%| F|  |TAMS 0x0000000711400000| PB 0x0000000711400000| Untracked 
|  95|0x0000000711600000, 0x0000000711600000, 0x0000000711800000|  0%| F|  |TAMS 0x0000000711600000| PB 0x0000000711600000| Untracked 
|  96|0x0000000711800000, 0x0000000711800000, 0x0000000711a00000|  0%| F|  |TAMS 0x0000000711800000| PB 0x0000000711800000| Untracked 
|  97|0x0000000711a00000, 0x0000000711a00000, 0x0000000711c00000|  0%| F|  |TAMS 0x0000000711a00000| PB 0x0000000711a00000| Untracked 
|  98|0x0000000711c00000, 0x0000000711c00000, 0x0000000711e00000|  0%| F|  |TAMS 0x0000000711c00000| PB 0x0000000711c00000| Untracked 
|  99|0x0000000711e00000, 0x0000000711e00000, 0x0000000712000000|  0%| F|  |TAMS 0x0000000711e00000| PB 0x0000000711e00000| Untracked 
| 100|0x0000000712000000, 0x0000000712000000, 0x0000000712200000|  0%| F|  |TAMS 0x0000000712000000| PB 0x0000000712000000| Untracked 
| 101|0x0000000712200000, 0x0000000712200000, 0x0000000712400000|  0%| F|  |TAMS 0x0000000712200000| PB 0x0000000712200000| Untracked 
| 102|0x0000000712400000, 0x0000000712400000, 0x0000000712600000|  0%| F|  |TAMS 0x0000000712400000| PB 0x0000000712400000| Untracked 
| 103|0x0000000712600000, 0x0000000712600000, 0x0000000712800000|  0%| F|  |TAMS 0x0000000712600000| PB 0x0000000712600000| Untracked 
| 104|0x0000000712800000, 0x0000000712800000, 0x0000000712a00000|  0%| F|  |TAMS 0x0000000712800000| PB 0x0000000712800000| Untracked 
| 105|0x0000000712a00000, 0x0000000712a00000, 0x0000000712c00000|  0%| F|  |TAMS 0x0000000712a00000| PB 0x0000000712a00000| Untracked 
| 106|0x0000000712c00000, 0x0000000712c00000, 0x0000000712e00000|  0%| F|  |TAMS 0x0000000712c00000| PB 0x0000000712c00000| Untracked 
| 107|0x0000000712e00000, 0x0000000712e00000, 0x0000000713000000|  0%| F|  |TAMS 0x0000000712e00000| PB 0x0000000712e00000| Untracked 
| 108|0x0000000713000000, 0x0000000713000000, 0x0000000713200000|  0%| F|  |TAMS 0x0000000713000000| PB 0x0000000713000000| Untracked 
| 109|0x0000000713200000, 0x0000000713200000, 0x0000000713400000|  0%| F|  |TAMS 0x0000000713200000| PB 0x0000000713200000| Untracked 
| 110|0x0000000713400000, 0x0000000713400000, 0x0000000713600000|  0%| F|  |TAMS 0x0000000713400000| PB 0x0000000713400000| Untracked 
| 111|0x0000000713600000, 0x0000000713600000, 0x0000000713800000|  0%| F|  |TAMS 0x0000000713600000| PB 0x0000000713600000| Untracked 
| 112|0x0000000713800000, 0x0000000713800000, 0x0000000713a00000|  0%| F|  |TAMS 0x0000000713800000| PB 0x0000000713800000| Untracked 
| 113|0x0000000713a00000, 0x0000000713c00000, 0x0000000713c00000|100%| S|CS|TAMS 0x0000000713a00000| PB 0x0000000713a00000| Complete 
| 114|0x0000000713c00000, 0x0000000713e00000, 0x0000000713e00000|100%| S|CS|TAMS 0x0000000713c00000| PB 0x0000000713c00000| Complete 
| 115|0x0000000713e00000, 0x0000000713e00000, 0x0000000714000000|  0%| F|  |TAMS 0x0000000713e00000| PB 0x0000000713e00000| Untracked 
| 116|0x0000000714000000, 0x0000000714000000, 0x0000000714200000|  0%| F|  |TAMS 0x0000000714000000| PB 0x0000000714000000| Untracked 
| 117|0x0000000714200000, 0x0000000714200000, 0x0000000714400000|  0%| F|  |TAMS 0x0000000714200000| PB 0x0000000714200000| Untracked 
| 118|0x0000000714400000, 0x0000000714400000, 0x0000000714600000|  0%| F|  |TAMS 0x0000000714400000| PB 0x0000000714400000| Untracked 
| 119|0x0000000714600000, 0x0000000714600000, 0x0000000714800000|  0%| F|  |TAMS 0x0000000714600000| PB 0x0000000714600000| Untracked 
| 120|0x0000000714800000, 0x0000000714800000, 0x0000000714a00000|  0%| F|  |TAMS 0x0000000714800000| PB 0x0000000714800000| Untracked 
| 121|0x0000000714a00000, 0x0000000714a00000, 0x0000000714c00000|  0%| F|  |TAMS 0x0000000714a00000| PB 0x0000000714a00000| Untracked 
| 122|0x0000000714c00000, 0x0000000714c00000, 0x0000000714e00000|  0%| F|  |TAMS 0x0000000714c00000| PB 0x0000000714c00000| Untracked 
| 123|0x0000000714e00000, 0x0000000714e00000, 0x0000000715000000|  0%| F|  |TAMS 0x0000000714e00000| PB 0x0000000714e00000| Untracked 
| 124|0x0000000715000000, 0x0000000715000000, 0x0000000715200000|  0%| F|  |TAMS 0x0000000715000000| PB 0x0000000715000000| Untracked 
| 125|0x0000000715200000, 0x000000071529f0f0, 0x0000000715400000| 31%| E|  |TAMS 0x0000000715200000| PB 0x0000000715200000| Complete 

Card table byte_map: [0x0000012c8d230000,0x0000012c8da10000] _byte_map_base: 0x0000012c89a04000

Marking Bits: (CMBitMap*) 0x0000012cffc25340
 Bits: [0x0000012c8da10000, 0x0000012c918b0000)

Polling page: 0x0000012cfeed0000

Metaspace:

Usage:
  Non-class:      5.86 MB used.
      Class:    723.68 KB used.
       Both:      6.57 MB used.

Virtual space:
  Non-class space:       64.00 MB reserved,       5.94 MB (  9%) committed,  1 nodes.
      Class space:        1.00 GB reserved,     768.00 KB ( <1%) committed,  1 nodes.
             Both:        1.06 GB reserved,       6.69 MB ( <1%) committed. 

Chunk freelists:
   Non-Class:  10.03 MB
       Class:  15.06 MB
        Both:  25.09 MB

MaxMetaspaceSize: unlimited
CompressedClassSpaceSize: 1.00 GB
Initial GC threshold: 21.00 MB
Current GC threshold: 21.00 MB
CDS: on
 - commit_granule_bytes: 65536.
 - commit_granule_words: 8192.
 - virtual_space_node_default_size: 8388608.
 - enlarge_chunks_in_place: 1.
 - use_allocation_guard: 0.


Internal statistics:

num_allocs_failed_limit: 0.
num_arena_births: 112.
num_arena_deaths: 0.
num_vsnodes_births: 2.
num_vsnodes_deaths: 0.
num_space_committed: 107.
num_space_uncommitted: 0.
num_chunks_returned_to_freelist: 0.
num_chunks_taken_from_freelist: 252.
num_chunk_merges: 0.
num_chunk_splits: 149.
num_chunks_enlarged: 81.
num_inconsistent_stats: 0.

CodeCache: size=49152Kb used=4540Kb max_used=4540Kb free=44612Kb
 bounds [0x0000012c89a50000, 0x0000012c89ec0000, 0x0000012c8ca50000]
 total_blobs=1473, nmethods=1024, adapters=371, full_count=0
Compilation: enabled, stopped_count=0, restarted_count=0

Compilation events (20 events):
Event: 0.647 Thread 0x0000012c945dac60 1014       1       java.util.ImmutableCollections$ListN::size (6 bytes)
Event: 0.647 Thread 0x0000012c945dac60 nmethod 1014 0x0000012c89ebc210 code [0x0000012c89ebc3a0, 0x0000012c89ebc478]
Event: 0.647 Thread 0x0000012c945dac60 1015       1       jdk.internal.org.objectweb.asm.MethodWriter::visitInsn (115 bytes)
Event: 0.647 Thread 0x0000012c945dac60 nmethod 1015 0x0000012c89ebc510 code [0x0000012c89ebc6e0, 0x0000012c89ebc920]
Event: 0.652 Thread 0x0000012cda5a8960 1016       1       java.lang.invoke.MethodType::changeReturnType (20 bytes)
Event: 0.652 Thread 0x0000012cda5a8960 nmethod 1016 0x0000012c89ebca90 code [0x0000012c89ebcc40, 0x0000012c89ebcd78]
Event: 0.652 Thread 0x0000012cda5a8960 1017       1       java.lang.invoke.InfoFromMemberName::getReferenceKind (5 bytes)
Event: 0.652 Thread 0x0000012cda5a8960 nmethod 1017 0x0000012c89ebce10 code [0x0000012c89ebcfa0, 0x0000012c89ebd068]
Event: 0.654 Thread 0x0000012c9470e7e0 1018       1       java.util.concurrent.locks.ReentrantLock::newCondition (8 bytes)
Event: 0.654 Thread 0x0000012cda5a8960 1019       1       java.util.concurrent.locks.ReentrantLock$Sync::newCondition (9 bytes)
Event: 0.654 Thread 0x0000012c945dac60 1020       1       java.util.concurrent.locks.AbstractQueuedSynchronizer$ConditionObject::<init> (10 bytes)
Event: 0.654 Thread 0x0000012cda5b69e0 1021       1       java.lang.ref.ReferenceQueue::<init> (32 bytes)
Event: 0.654 Thread 0x0000012c945dac60 nmethod 1020 0x0000012c89ebd110 code [0x0000012c89ebd2a0, 0x0000012c89ebd3b8]
Event: 0.654 Thread 0x0000012cda5a8960 nmethod 1019 0x0000012c89ebd410 code [0x0000012c89ebd5a0, 0x0000012c89ebd718]
Event: 0.654 Thread 0x0000012c9470e7e0 nmethod 1018 0x0000012c89ebd790 code [0x0000012c89ebd920, 0x0000012c89ebdaa8]
Event: 0.654 Thread 0x0000012cda5b69e0 nmethod 1021 0x0000012c89ebdb90 code [0x0000012c89ebdd40, 0x0000012c89ebe0d8]
Event: 0.655 Thread 0x0000012cda5b69e0 1022       1       java.util.jar.JarFile$JarFileEntry::getRealName (5 bytes)
Event: 0.655 Thread 0x0000012cda5b69e0 nmethod 1022 0x0000012c89ebe210 code [0x0000012c89ebe3a0, 0x0000012c89ebe470]
Event: 0.663 Thread 0x0000012c9470e7e0 1025       1       jdk.internal.access.SharedSecrets::getJavaLangAccess (4 bytes)
Event: 0.663 Thread 0x0000012c9470e7e0 nmethod 1025 0x0000012c89ebed10 code [0x0000012c89ebeea0, 0x0000012c89ebef58]

GC Heap History (2 events):
Event: 0.656 GC heap before
{Heap before GC invocations=0 (full 0):
 garbage-first heap   total 258048K, used 22528K [0x0000000705800000, 0x0000000800000000)
  region size 2048K, 11 young (22528K), 0 survivors (0K)
 Metaspace       used 6569K, committed 6784K, reserved 1114112K
  class space    used 699K, committed 768K, reserved 1048576K
}
Event: 0.659 GC heap after
{Heap after GC invocations=1 (full 0):
 garbage-first heap   total 258048K, used 5358K [0x0000000705800000, 0x0000000800000000)
  region size 2048K, 2 young (4096K), 2 survivors (4096K)
 Metaspace       used 6569K, committed 6784K, reserved 1114112K
  class space    used 699K, committed 768K, reserved 1048576K
}

Dll operation events (7 events):
Event: 0.015 Loaded shared library C:\Users\araom\.jdks\ms-21.0.8\bin\java.dll
Event: 0.018 Loaded shared library C:\Users\araom\.jdks\ms-21.0.8\bin\zip.dll
Event: 0.206 Loaded shared library C:\Users\araom\.jdks\ms-21.0.8\bin\instrument.dll
Event: 0.262 Loaded shared library C:\Users\araom\.jdks\ms-21.0.8\bin\net.dll
Event: 0.263 Loaded shared library C:\Users\araom\.jdks\ms-21.0.8\bin\nio.dll
Event: 0.270 Loaded shared library C:\Users\araom\.jdks\ms-21.0.8\bin\zip.dll
Event: 0.365 Loaded shared library C:\Users\araom\.jdks\ms-21.0.8\bin\jimage.dll

Deoptimization events (8 events):
Event: 0.630 Thread 0x0000012cfec607f0 DEOPT PACKING pc=0x0000012c89d18259 sp=0x0000001443dfcf70
Event: 0.630 Thread 0x0000012cfec607f0 DEOPT UNPACKING pc=0x0000012c89aa4e42 sp=0x0000001443dfc3c8 mode 1
Event: 0.630 Thread 0x0000012cfec607f0 DEOPT PACKING pc=0x0000012c89d17e2c sp=0x0000001443dfd000
Event: 0.630 Thread 0x0000012cfec607f0 DEOPT UNPACKING pc=0x0000012c89aa4e42 sp=0x0000001443dfc4a8 mode 1
Event: 0.631 Thread 0x0000012cfec607f0 DEOPT PACKING pc=0x0000012c89d18259 sp=0x0000001443dfcf00
Event: 0.631 Thread 0x0000012cfec607f0 DEOPT UNPACKING pc=0x0000012c89aa4e42 sp=0x0000001443dfc358 mode 1
Event: 0.631 Thread 0x0000012cfec607f0 DEOPT PACKING pc=0x0000012c89d17e2c sp=0x0000001443dfcf90
Event: 0.631 Thread 0x0000012cfec607f0 DEOPT UNPACKING pc=0x0000012c89aa4e42 sp=0x0000001443dfc438 mode 1

Classes loaded (20 events):
Event: 0.663 Loading class java/lang/annotation/Inherited
Event: 0.663 Loading class java/lang/annotation/Inherited done
Event: 0.664 Loading class java/lang/annotation/Documented
Event: 0.664 Loading class java/lang/annotation/Documented done
Event: 0.664 Loading class java/lang/annotation/RetentionPolicy
Event: 0.664 Loading class java/lang/annotation/RetentionPolicy done
Event: 0.664 Loading class sun/reflect/annotation/AnnotationTypeMismatchExceptionProxy
Event: 0.664 Loading class sun/reflect/annotation/ExceptionProxy
Event: 0.664 Loading class sun/reflect/annotation/ExceptionProxy done
Event: 0.664 Loading class sun/reflect/annotation/AnnotationTypeMismatchExceptionProxy done
Event: 0.664 Loading class sun/reflect/annotation/AnnotationParser$1
Event: 0.664 Loading class sun/reflect/annotation/AnnotationParser$1 done
Event: 0.664 Loading class sun/reflect/annotation/AnnotationInvocationHandler
Event: 0.665 Loading class java/lang/reflect/InvocationHandler
Event: 0.665 Loading class java/lang/reflect/InvocationHandler done
Event: 0.665 Loading class sun/reflect/annotation/AnnotationInvocationHandler done
Event: 0.665 Loading class java/lang/reflect/Proxy
Event: 0.665 Loading class java/lang/reflect/Proxy done
Event: 0.665 Loading class java/lang/reflect/Proxy$1
Event: 0.665 Loading class java/lang/reflect/Proxy$1 done

Classes unloaded (0 events):
No events

Classes redefined (1 events):
Event: 0.234 Thread 0x0000012c945a3de0 redefined class name=java.lang.Throwable, count=1

Internal exceptions (13 events):
Event: 0.207 Thread 0x0000012cfec607f0 Exception <a 'java/lang/NoSuchMethodError'{0x00000007151a4790}: 'void java.lang.invoke.DirectMethodHandle$Holder.invokeStatic(java.lang.Object, java.lang.Object, java.lang.Object)'> (0x00000007151a4790) 
thrown [s\src\hotspot\share\interpreter\linkResolver.cpp, line 773]
Event: 0.213 Thread 0x0000012cfec607f0 Exception <a 'java/lang/NoSuchMethodError'{0x00000007151bc2a8}: 'java.lang.Object java.lang.invoke.Invokers$Holder.invokeExact_MT(java.lang.Object, java.lang.Object, java.lang.Object, java.lang.Object, java.lang.Object)'> (0x00000007151bc2a8) 
thrown [s\src\hotspot\share\interpreter\linkResolver.cpp, line 773]
Event: 0.355 Thread 0x0000012cfec607f0 Exception <a 'java/lang/NoSuchMethodError'{0x0000000714bec590}: 'java.lang.Object java.lang.invoke.DirectMethodHandle$Holder.invokeStaticInit(java.lang.Object, java.lang.Object, java.lang.Object)'> (0x0000000714bec590) 
thrown [s\src\hotspot\share\interpreter\linkResolver.cpp, line 773]
Event: 0.413 Thread 0x0000012cfec607f0 Exception <a 'java/lang/NoSuchMethodError'{0x00000007149fc180}: 'void java.lang.invoke.DirectMethodHandle$Holder.invokeStatic(java.lang.Object, java.lang.Object, java.lang.Object, java.lang.Object)'> (0x00000007149fc180) 
thrown [s\src\hotspot\share\interpreter\linkResolver.cpp, line 773]
Event: 0.441 Thread 0x0000012cfec607f0 Exception <a 'java/lang/NoSuchMethodError'{0x00000007146b8678}: 'int java.lang.invoke.DirectMethodHandle$Holder.invokeStatic(java.lang.Object)'> (0x00000007146b8678) 
thrown [s\src\hotspot\share\interpreter\linkResolver.cpp, line 773]
Event: 0.441 Thread 0x0000012cfec607f0 Exception <a 'java/lang/NoSuchMethodError'{0x00000007146bb8f8}: 'int java.lang.invoke.DirectMethodHandle$Holder.invokeStaticInit(java.lang.Object)'> (0x00000007146bb8f8) 
thrown [s\src\hotspot\share\interpreter\linkResolver.cpp, line 773]
Event: 0.451 Thread 0x0000012cfec607f0 Exception <a 'java/lang/NoSuchMethodError'{0x0000000714727778}: 'java.lang.Object java.lang.invoke.DirectMethodHandle$Holder.invokeStatic(java.lang.Object, int, java.lang.Object)'> (0x0000000714727778) 
thrown [s\src\hotspot\share\interpreter\linkResolver.cpp, line 773]
Event: 0.453 Thread 0x0000012cfec607f0 Exception <a 'java/lang/NoSuchMethodError'{0x0000000714738900}: 'java.lang.Object java.lang.invoke.DirectMethodHandle$Holder.invokeInterface(java.lang.Object, java.lang.Object)'> (0x0000000714738900) 
thrown [s\src\hotspot\share\interpreter\linkResolver.cpp, line 773]
Event: 0.474 Thread 0x0000012cfec607f0 Exception <a 'java/lang/NoSuchMethodError'{0x00000007147dd1b8}: 'void java.lang.invoke.DirectMethodHandle$Holder.invokeStaticInit(java.lang.Object, java.lang.Object, java.lang.Object, java.lang.Object)'> (0x00000007147dd1b8) 
thrown [s\src\hotspot\share\interpreter\linkResolver.cpp, line 773]
Event: 0.516 Thread 0x0000012cfec607f0 Exception <a 'java/lang/NoSuchMethodError'{0x00000007145853e0}: 'java.lang.Object java.lang.invoke.DirectMethodHandle$Holder.invokeSpecial(java.lang.Object, java.lang.Object, java.lang.Object, long, java.lang.Object)'> (0x00000007145853e0) 
thrown [s\src\hotspot\share\interpreter\linkResolver.cpp, line 773]
Event: 0.516 Thread 0x0000012cfec607f0 Exception <a 'java/lang/NoSuchMethodError'{0x0000000714588d88}: 'java.lang.Object java.lang.invoke.Invokers$Holder.linkToTargetMethod(java.lang.Object, long, java.lang.Object, java.lang.Object)'> (0x0000000714588d88) 
thrown [s\src\hotspot\share\interpreter\linkResolver.cpp, line 773]
Event: 0.632 Thread 0x0000012cfec607f0 Exception <a 'java/lang/NoSuchMethodError'{0x0000000713e85618}: 'int java.lang.invoke.DirectMethodHandle$Holder.invokeStaticInit(java.lang.Object, java.lang.Object)'> (0x0000000713e85618) 
thrown [s\src\hotspot\share\interpreter\linkResolver.cpp, line 773]
Event: 0.645 Thread 0x0000012cfec607f0 Exception <a 'java/lang/NoSuchMethodError'{0x0000000713f61378}: 'void java.lang.invoke.DirectMethodHandle$Holder.invokeInterface(java.lang.Object, java.lang.Object, java.lang.Object, java.lang.Object)'> (0x0000000713f61378) 
thrown [s\src\hotspot\share\interpreter\linkResolver.cpp, line 773]

ZGC Phase Switch (0 events):
No events

VM Operations (20 events):
Event: 0.170 Executing VM operation: HandshakeAllThreads (Deoptimize)
Event: 0.170 Executing VM operation: HandshakeAllThreads (Deoptimize) done
Event: 0.200 Executing VM operation: ChangeBreakpoints
Event: 0.200 Executing VM operation: ChangeBreakpoints done
Event: 0.201 Executing VM operation: ChangeBreakpoints
Event: 0.201 Executing VM operation: ChangeBreakpoints done
Event: 0.234 Executing VM operation: RedefineClasses
Event: 0.235 Executing VM operation: RedefineClasses done
Event: 0.236 Executing VM operation: get/set locals
Event: 0.236 Executing VM operation: get/set locals done
Event: 0.410 Executing VM operation: HandshakeAllThreads (Deoptimize)
Event: 0.410 Executing VM operation: HandshakeAllThreads (Deoptimize) done
Event: 0.458 Executing VM operation: HandshakeAllThreads (Deoptimize)
Event: 0.458 Executing VM operation: HandshakeAllThreads (Deoptimize) done
Event: 0.473 Executing VM operation: HandshakeAllThreads (Deoptimize)
Event: 0.473 Executing VM operation: HandshakeAllThreads (Deoptimize) done
Event: 0.482 Executing VM operation: HandshakeAllThreads (Deoptimize)
Event: 0.482 Executing VM operation: HandshakeAllThreads (Deoptimize) done
Event: 0.656 Executing VM operation: G1CollectForAllocation (G1 Evacuation Pause)
Event: 0.659 Executing VM operation: G1CollectForAllocation (G1 Evacuation Pause) done

Memory protections (0 events):
No events

Nmethod flushes (0 events):
No events

Events (17 events):
Event: 0.032 Thread 0x0000012cfec607f0 Thread added: 0x0000012cfec607f0
Event: 0.055 Thread 0x0000012cfec607f0 Thread added: 0x0000012c945c13d0
Event: 0.055 Thread 0x0000012cfec607f0 Thread added: 0x0000012c945c31e0
Event: 0.056 Thread 0x0000012cfec607f0 Thread added: 0x0000012c945c84f0
Event: 0.056 Thread 0x0000012cfec607f0 Thread added: 0x0000012c945cb300
Event: 0.056 Thread 0x0000012cfec607f0 Thread added: 0x0000012c945d3f10
Event: 0.056 Thread 0x0000012cfec607f0 Thread added: 0x0000012c945d4b60
Event: 0.056 Thread 0x0000012cfec607f0 Thread added: 0x0000012c945dac60
Event: 0.162 Thread 0x0000012cfec607f0 Thread added: 0x0000012c945d5880
Event: 0.170 Thread 0x0000012c945dac60 Thread added: 0x0000012c9470e7e0
Event: 0.185 Thread 0x0000012cfec607f0 Thread added: 0x0000012c9478efe0
Event: 0.185 Thread 0x0000012cfec607f0 Thread added: 0x0000012c94773fe0
Event: 0.186 Thread 0x0000012c9478efe0 Thread added: 0x0000012c94774660
Event: 0.238 Thread 0x0000012cfec607f0 Thread added: 0x0000012c945d51f0
Event: 0.242 Thread 0x0000012cfec607f0 Thread added: 0x0000012c945d72c0
Event: 0.532 Thread 0x0000012c945dac60 Thread added: 0x0000012cda5a8960
Event: 0.533 Thread 0x0000012cda5a8960 Thread added: 0x0000012cda5b69e0


Dynamic libraries:
0x00007ff65a440000 - 0x00007ff65a44e000 	C:\Users\araom\.jdks\ms-21.0.8\bin\java.exe
0x00007ffb7ebc0000 - 0x00007ffb7ee29000 	C:\WINDOWS\SYSTEM32\ntdll.dll
0x00007ffb7dee0000 - 0x00007ffb7dfa9000 	C:\WINDOWS\System32\KERNEL32.DLL
0x00007ffb7bfb0000 - 0x00007ffb7c3a3000 	C:\WINDOWS\System32\KERNELBASE.dll
0x00007ffb7c6c0000 - 0x00007ffb7c80b000 	C:\WINDOWS\System32\ucrtbase.dll
0x00007ffb69b40000 - 0x00007ffb69b5e000 	C:\Users\araom\.jdks\ms-21.0.8\bin\VCRUNTIME140.dll
0x00007ffb6a450000 - 0x00007ffb6a468000 	C:\Users\araom\.jdks\ms-21.0.8\bin\jli.dll
0x00007ffb7d910000 - 0x00007ffb7dad4000 	C:\WINDOWS\System32\USER32.dll
0x00007ffb7be10000 - 0x00007ffb7be37000 	C:\WINDOWS\System32\win32u.dll
0x00007ffb3c750000 - 0x00007ffb3c9e3000 	C:\WINDOWS\WinSxS\amd64_microsoft.windows.common-controls_6595b64144ccf1df_6.0.26100.5074_none_3e0d6f78e32fd63f\COMCTL32.dll
0x00007ffb7dca0000 - 0x00007ffb7dccb000 	C:\WINDOWS\System32\GDI32.dll
0x00007ffb7e310000 - 0x00007ffb7e3b9000 	C:\WINDOWS\System32\msvcrt.dll
0x00007ffb7c3b0000 - 0x00007ffb7c4dd000 	C:\WINDOWS\System32\gdi32full.dll
0x00007ffb7c610000 - 0x00007ffb7c6b3000 	C:\WINDOWS\System32\msvcp_win.dll
0x00007ffb7e2d0000 - 0x00007ffb7e2ff000 	C:\WINDOWS\System32\IMM32.DLL
0x00007ffb6a3a0000 - 0x00007ffb6a3ac000 	C:\Users\araom\.jdks\ms-21.0.8\bin\vcruntime140_1.dll
0x00007ffb59ca0000 - 0x00007ffb59d29000 	C:\Users\araom\.jdks\ms-21.0.8\bin\msvcp140.dll
0x00007ffb48ca0000 - 0x00007ffb49a4c000 	C:\Users\araom\.jdks\ms-21.0.8\bin\server\jvm.dll
0x00007ffb7cae0000 - 0x00007ffb7cb94000 	C:\WINDOWS\System32\ADVAPI32.dll
0x00007ffb7dcd0000 - 0x00007ffb7dd76000 	C:\WINDOWS\System32\sechost.dll
0x00007ffb7e430000 - 0x00007ffb7e548000 	C:\WINDOWS\System32\RPCRT4.dll
0x00007ffb7dd80000 - 0x00007ffb7ddf4000 	C:\WINDOWS\System32\WS2_32.dll
0x00007ffb7bba0000 - 0x00007ffb7bbfe000 	C:\WINDOWS\SYSTEM32\POWRPROF.dll
0x00007ffb74000000 - 0x00007ffb74035000 	C:\WINDOWS\SYSTEM32\WINMM.dll
0x00007ffb6af00000 - 0x00007ffb6af0b000 	C:\WINDOWS\SYSTEM32\VERSION.dll
0x00007ffb7bb80000 - 0x00007ffb7bb94000 	C:\WINDOWS\SYSTEM32\UMPDC.dll
0x00007ffb7aaf0000 - 0x00007ffb7ab0b000 	C:\WINDOWS\SYSTEM32\kernel.appcore.dll
0x00007ffb6a370000 - 0x00007ffb6a37a000 	C:\Users\araom\.jdks\ms-21.0.8\bin\jimage.dll
0x00007ffb62430000 - 0x00007ffb62672000 	C:\WINDOWS\SYSTEM32\DBGHELP.DLL
0x00007ffb7cba0000 - 0x00007ffb7cf1b000 	C:\WINDOWS\System32\combase.dll
0x00007ffb7de00000 - 0x00007ffb7ded7000 	C:\WINDOWS\System32\OLEAUT32.dll
0x00007ffb60080000 - 0x00007ffb600bd000 	C:\WINDOWS\SYSTEM32\dbgcore.DLL
0x00007ffb7c570000 - 0x00007ffb7c609000 	C:\WINDOWS\System32\bcryptPrimitives.dll
0x00007ffb5f970000 - 0x00007ffb5f9ac000 	C:\Users\araom\.jdks\ms-21.0.8\bin\jdwp.dll
0x00007ffb69b30000 - 0x00007ffb69b40000 	C:\Users\araom\.jdks\ms-21.0.8\bin\instrument.dll
0x00007ffb60160000 - 0x00007ffb60181000 	C:\Users\araom\.jdks\ms-21.0.8\bin\java.dll
0x00007ffb68690000 - 0x00007ffb686a8000 	C:\Users\araom\.jdks\ms-21.0.8\bin\zip.dll
0x00007ffb7d1c0000 - 0x00007ffb7d90d000 	C:\WINDOWS\System32\SHELL32.dll
0x00007ffb7be40000 - 0x00007ffb7bfac000 	C:\WINDOWS\System32\wintypes.dll
0x00007ffb79970000 - 0x00007ffb7a1c9000 	C:\WINDOWS\SYSTEM32\windows.storage.dll
0x00007ffb7db90000 - 0x00007ffb7dc80000 	C:\WINDOWS\System32\SHCORE.dll
0x00007ffb7e3c0000 - 0x00007ffb7e422000 	C:\WINDOWS\System32\shlwapi.dll
0x00007ffb7bc70000 - 0x00007ffb7bc99000 	C:\WINDOWS\SYSTEM32\profapi.dll
0x00007ffb69300000 - 0x00007ffb6930c000 	C:\Users\araom\.jdks\ms-21.0.8\bin\dt_socket.dll
0x00007ffb7a4e0000 - 0x00007ffb7a514000 	C:\WINDOWS\SYSTEM32\IPHLPAPI.DLL
0x00007ffb7b050000 - 0x00007ffb7b0bb000 	C:\WINDOWS\system32\mswsock.dll
0x00007ffb68c70000 - 0x00007ffb68c81000 	C:\Users\araom\.jdks\ms-21.0.8\bin\net.dll
0x00007ffb73650000 - 0x00007ffb7376f000 	C:\WINDOWS\SYSTEM32\WINHTTP.dll
0x00007ffb659a0000 - 0x00007ffb659b6000 	C:\Users\araom\.jdks\ms-21.0.8\bin\nio.dll

JVMTI agents:
jdwp path:C:\Users\araom\.jdks\ms-21.0.8\bin\jdwp.dll, loaded, initialized, options:transport=dt_socket,address=127.0.0.1:64789,suspend=y,server=n
C:\Users\araom\AppData\Local\JetBrains\IntelliJIdea2025.3\captureAgent\debugger-agent.jar path:C:\Users\araom\.jdks\ms-21.0.8\bin\instrument.dll, loaded, initialized, instrumentlib options:file:///C:/Users/araom/AppData/Local/Temp/capture9983351262798896368.props

dbghelp: loaded successfully - version: 4.0.5 - missing functions: none
symbol engine: initialized successfully - sym options: 0x614 - pdb path: .;C:\Users\araom\.jdks\ms-21.0.8\bin;C:\WINDOWS\SYSTEM32;C:\WINDOWS\WinSxS\amd64_microsoft.windows.common-controls_6595b64144ccf1df_6.0.26100.5074_none_3e0d6f78e32fd63f;C:\Users\araom\.jdks\ms-21.0.8\bin\server

VM Arguments:
jvm_args: -agentlib:jdwp=transport=dt_socket,address=127.0.0.1:64789,suspend=y,server=n -javaagent:C:\Users\araom\AppData\Local\JetBrains\IntelliJIdea2025.3\captureAgent\debugger-agent.jar=file:///C:/Users/araom/AppData/Local/Temp/capture9983351262798896368.props -XX:TieredStopAtLevel=1 -Dspring.output.ansi.enabled=always -Dkotlinx.coroutines.debug.enable.creation.stack.trace=false -Ddebugger.agent.enable.coroutines=true -Dkotlinx.coroutines.debug.enable.flows.stack.trace=true -Dkotlinx.coroutines.debug.enable.mutable.state.flows.stack.trace=true -Ddebugger.async.stack.trace.for.all.threads=true -Dfile.encoding=UTF-8 -Dsun.stdout.encoding=UTF-8 -Dsun.stderr.encoding=UTF-8 
java_command: com.jobportal.Job.Poratl.JobPoratlApplication
java_class_path (initial): C:\Users\araom\OneDrive\Desktop\Job Poratl backend\Job-Poratl\target\classes;C:\Users\araom\.m2\repository\org\springframework\boot\spring-boot-starter-web\4.0.1\spring-boot-starter-web-4.0.1.jar;C:\Users\araom\.m2\repository\org\springframework\boot\spring-boot-starter-jackson\4.0.1\spring-boot-starter-jackson-4.0.1.jar;C:\Users\araom\.m2\repository\org\springframework\boot\spring-boot-jackson\4.0.1\spring-boot-jackson-4.0.1.jar;C:\Users\araom\.m2\repository\tools\jackson\core\jackson-databind\3.0.3\jackson-databind-3.0.3.jar;C:\Users\araom\.m2\repository\tools\jackson\core\jackson-core\3.0.3\jackson-core-3.0.3.jar;C:\Users\araom\.m2\repository\org\springframework\boot\spring-boot-starter-tomcat\4.0.1\spring-boot-starter-tomcat-4.0.1.jar;C:\Users\araom\.m2\repository\org\springframework\boot\spring-boot-starter-tomcat-runtime\4.0.1\spring-boot-starter-tomcat-runtime-4.0.1.jar;C:\Users\araom\.m2\repository\org\springframework\boot\spring-boot-web-server\4.0.1\spring-boot-web-server-4.0.1.jar;C:\Users\araom\.m2\repository\org\apache\tomcat\embed\tomcat-embed-core\11.0.15\tomcat-embed-core-11.0.15.jar;C:\Users\araom\.m2\repository\org\apache\tomcat\embed\tomcat-embed-websocket\11.0.15\tomcat-embed-websocket-11.0.15.jar;C:\Users\araom\.m2\repository\org\springframework\boot\spring-boot-tomcat\4.0.1\spring-boot-tomcat-4.0.1.jar;C:\Users\araom\.m2\repository\org\springframework\boot\spring-boot-http-converter\4.0.1\spring-boot-http-converter-4.0.1.jar;C:\Users\araom\.m2\repository\org\springframework\spring-web\7.0.2\spring-web-7.0.2.jar;C:\Users\araom\.m2\repository\io\micrometer\micrometer-observation\1.16.1\micrometer-observation-1.16.1.jar;C:\Users\araom\.m2\repository\io\micrometer\micrometer-commons\1.16.1\micrometer-commons-1.16.1.jar;C:\Users\araom\.m2\repository\org\springframework\boot\spring-boot-webmvc\4.0.1\spring-boot-webmvc-4.0.1.jar;C:\Users\araom\.m2\repository\org\springframework\boot\spring-boot-servlet\4.0.1\spring-boot-servlet-4.0.1.jar;C:\Users\araom\.m2\repository\org\springframework\spring-webmvc\7.0.2\spring-webmvc-7.0.2.jar;C:\Users\araom\.m2\repository\org\springframework\spring-expression\7.0.2\spring-expression-7.0.2.jar;C:\Users\araom\.m2\repository\org\springframework\boot\spring-boot-starter-data-mongodb\4.0.1\spring-boot-starter-data-mongodb-4.0.1.jar;C:\Users\araom\.m2\repository\org\springframework\boot\spring-boot-starter-mongodb\4.0.1\spring-boot-starter-mongodb-4.0.1.jar;C:\Users\araom\.m2\repository\org\springframework\boot\spring-boot-mongodb\4.0.1\spring-boot-mongodb-4.0.1.jar;C:\Users\araom\.m2\repository\org\mongodb\mongodb-driver-sync\5.6.2\mongodb-driver-sync-5.6.2.jar;C:\Users\araom\.m2\repository\org\mongodb\bson\5.6.2\bson-5.6.2.jar;C:\Users\araom\.m2\repository\org\mongodb\mongodb-driver-core\5.6.2\mongodb-driver-core-5.6.2.jar;C:\Users\araom\.m2\repository\org\mongodb\bson-record-codec\5.6.2\bson-record-codec-5.6.2.jar;C:\Users\araom\.m2\repository\org\springframework\boot\spring-boot-data-mongodb\4.0.1\spring-boot-data-mongodb-4.0.1.jar;C:\Users\araom\.m2\repository\org\springframework\boot\spring-boot-data-commons\4.0.1\spring-boot-data-commons-4.0.1.jar;C:\Users\araom\.m2\repository\org\springframework\boot\spring-boot-persistence\4.0.1\spring-boot-persistence-4.0.1.jar;C:\Users\araom\.m2\repository\org\springframework\data\spring-data-commons\4.0.1\spring-data-commons-4.0.1.jar;C:\Users\araom\.m2\repository\org\springframework\boot\spring-boot-transaction\4.0.1\spring-boot-transaction-4.0.1.jar;C:\Users\araom\.m2\repository\org\springframework\spring-tx\7.0.2\spring-tx-7.0.2.jar;C:\Users\araom\.m2\repository\org\springframework\data\spring-data-mongodb\5.0.1\spring-data-mongodb-5.0.1.jar;C:\Users\araom\.m2\repository\org\projectlombok\lombok\1.18.42\lombok-1.18.42.jar;C:\Users\araom\.m2\repository\org\springframework\boot\spring-boot-devtools\4.0.1\spring-boot-devtools-4.0.1.jar;C:\Users\araom\.m2\repository\org\springframework\boot\spring-boot\4.0.1\spring-boot-4.0.1.jar;C:\Users\araom\.m2\repository\org\springframework\spring-context\7.0.2\spring-context-7.0.2.jar;C:\Users\araom\.m2\repository\org\springframework\boot\spring-boot-autoconfigure\4.0.1\spring-boot-autoconfigure-4.0.1.jar;C:\Users\araom\.m2\repository\org\springframework\boot\spring-boot-starter-validation\4.0.1\spring-boot-starter-validation-4.0.1.jar;C:\Users\araom\.m2\repository\org\springframework\boot\spring-boot-starter\4.0.1\spring-boot-starter-4.0.1.jar;C:\Users\araom\.m2\repository\org\springframework\boot\spring-boot-starter-logging\4.0.1\spring-boot-starter-logging-4.0.1.jar;C:\Users\araom\.m2\repository\ch\qos\logback\logback-classic\1.5.22\logback-classic-1.5.22.jar;C:\Users\araom\.m2\repository\ch\qos\logback\logback-core\1.5.22\logback-core-1.5.22.jar;C:\Users\araom\.m2\repository\org\apache\logging\log4j\log4j-to-slf4j\2.25.3\log4j-to-slf4j-2.25.3.jar;C:\Users\araom\.m2\repository\org\apache\logging\log4j\log4j-api\2.25.3\log4j-api-2.25.3.jar;C:\Users\araom\.m2\repository\org\slf4j\jul-to-slf4j\2.0.17\jul-to-slf4j-2.0.17.jar;C:\Users\araom\.m2\repository\jakarta\annotation\jakarta.annotation-api\3.0.0\jakarta.annotation-api-3.0.0.jar;C:\Users\araom\.m2\repository\org\yaml\snakeyaml\2.5\snakeyaml-2.5.jar;C:\Users\araom\.m2\repository\org\springframework\boot\spring-boot-validation\4.0.1\spring-boot-validation-4.0.1.jar;C:\Users\araom\.m2\repository\org\apache\tomcat\embed\tomcat-embed-el\11.0.15\tomcat-embed-el-11.0.15.jar;C:\Users\araom\.m2\repository\org\hibernate\validator\hibernate-validator\9.0.1.Final\hibernate-validator-9.0.1.Final.jar;C:\Users\araom\.m2\repository\jakarta\validation\jakarta.validation-api\3.1.1\jakarta.validation-api-3.1.1.jar;C:\Users\araom\.m2\repository\org\jboss\logging\jboss-logging\3.6.1.Final\jboss-logging-3.6.1.Final.jar;C:\Users\araom\.m2\repository\com\fasterxml\classmate\1.7.1\classmate-1.7.1.jar;C:\Users\araom\.m2\repository\org\slf4j\slf4j-api\2.0.17\slf4j-api-2.0.17.jar;C:\Users\araom\.m2\repository\jakarta\activation\jakarta.activation-api\2.1.4\jakarta.activation-api-2.1.4.jar;C:\Users\araom\.m2\repository\org\springframework\spring-core\7.0.2\spring-core-7.0.2.jar;C:\Users\araom\.m2\repository\commons-logging\commons-logging\1.3.5\commons-logging-1.3.5.jar;C:\Users\araom\.m2\repository\org\jspecify\jspecify\1.0.0\jspecify-1.0.0.jar;C:\Users\araom\.m2\repository\org\springframework\boot\spring-boot-starter-security\4.0.1\spring-boot-starter-security-4.0.1.jar;C:\Users\araom\.m2\repository\org\springframework\boot\spring-boot-security\4.0.1\spring-boot-security-4.0.1.jar;C:\Users\araom\.m2\repository\org\springframework\security\spring-security-config\7.0.2\spring-security-config-7.0.2.jar;C:\Users\araom\.m2\repository\org\springframework\security\spring-security-core\7.0.2\spring-security-core-7.0.2.jar;C:\Users\araom\.m2\repository\org\springframework\security\spring-security-crypto\7.0.2\spring-security-crypto-7.0.2.jar;C:\Users\araom\.m2\repository\org\springframework\security\spring-security-web\7.0.2\spring-security-web-7.0.2.jar;C:\Users\araom\.m2\repository\org\springframework\spring-aop\7.0.2\spring-aop-7.0.2.jar;C:\Users\araom\.m2\repository\org\springframework\spring-beans\7.0.2\spring-beans-7.0.2.jar;C:\Users\araom\.m2\repository\org\springframework\boot\spring-boot-starter-mail\4.0.1\spring-boot-starter-mail-4.0.1.jar;C:\Users\araom\.m2\repository\org\springframework\boot\spring-boot-mail\4.0.1\spring-boot-mail-4.0.1.jar;C:\Users\araom\.m2\repository\org\springframework\spring-context-support\7.0.2\spring-context-support-7.0.2.jar;C:\Users\araom\.m2\repository\jakarta\mail\jakarta.mail-api\2.1.5\jakarta.mail-api-2.1.5.jar;C:\Users\araom\.m2\repository\org\eclipse\angus\angus-mail\2.0.5\angus-mail-2.0.5.jar;C:\Users\araom\.m2\repository\org\eclipse\angus\angus-activation\2.0.3\angus-activation-2.0.3.jar;C:\Users\araom\.m2\repository\com\fasterxml\jackson\core\jackson-databind\2.20.1\jackson-databind-2.20.1.jar;C:\Users\araom\.m2\repository\com\fasterxml\jackson\core\jackson-annotations\2.20\jackson-annotations-2.20.jar;C:\Users\araom\.m2\repository\com\fasterxml\jackson\core\jackson-core\2.20.1\jackson-core-2.20.1.jar;C:\Users\araom\.m2\repository\io\jsonwebtoken\jjwt-api\0.11.5\jjwt-api-0.11.5.jar;C:\Users\araom\.m2\repository\io\jsonwebtoken\jjwt-impl\0.11.5\jjwt-impl-0.11.5.jar;C:\Users\araom\.m2\repository\io\jsonwebtoken\jjwt-jackson\0.11.5\jjwt-jackson-0.11.5.jar;C:\Users\araom\AppData\Local\Programs\IntelliJ IDEA Community Edition\lib\idea_rt.jar
Launcher Type: SUN_STANDARD

[Global flags]
     intx CICompilerCount                          = 4                                         {product} {ergonomic}
     uint ConcGCThreads                            = 3                                         {product} {ergonomic}
     uint G1ConcRefinementThreads                  = 10                                        {product} {ergonomic}
   size_t G1HeapRegionSize                         = 2097152                                   {product} {ergonomic}
    uintx GCDrainStackTargetSize                   = 64                                        {product} {ergonomic}
   size_t InitialHeapSize                          = 264241152                                 {product} {ergonomic}
   size_t MarkStackSize                            = 4194304                                   {product} {ergonomic}
   size_t MaxHeapSize                              = 4202692608                                {product} {ergonomic}
   size_t MaxNewSize                               = 2520776704                                {product} {ergonomic}
   size_t MinHeapDeltaBytes                        = 2097152                                   {product} {ergonomic}
   size_t MinHeapSize                              = 8388608                                   {product} {ergonomic}
    uintx NonNMethodCodeHeapSize                   = 4096                                   {pd product} {ergonomic}
    uintx NonProfiledCodeHeapSize                  = 0                                      {pd product} {ergonomic}
     bool ProfileInterpreter                       = false                                  {pd product} {command line}
    uintx ProfiledCodeHeapSize                     = 0                                      {pd product} {ergonomic}
   size_t SoftMaxHeapSize                          = 4202692608                             {manageable} {ergonomic}
     intx TieredStopAtLevel                        = 1                                         {product} {command line}
     bool UseCompressedOops                        = true                           {product lp64_product} {ergonomic}
     bool UseG1GC                                  = true                                      {product} {ergonomic}
     bool UseLargePagesIndividualAllocation        = false                                  {pd product} {ergonomic}

Logging:
Log output configuration:
 #0: stdout all=warning uptime,level,tags foldmultilines=false
 #1: stderr all=off uptime,level,tags foldmultilines=false

Environment Variables:
JAVA_HOME=C:\Program Files\Eclipse Adoptium\jdk-21.0.6.7-hotspot\bin
PATH=C:\Program Files\Eclipse Adoptium\jdk-21.0.6.7-hotspot\bin;C:\Python313\Scripts\;C:\Python313\;C:\Python312\Scripts\;C:\Python312\;C:\WINDOWS\system32;C:\WINDOWS;C:\WINDOWS\System32\Wbem;C:\WINDOWS\System32\WindowsPowerShell\v1.0\;C:\WINDOWS\System32\OpenSSH\;C:\Program Files\Git\cmd;C:\Program Files (x86)\dotnet\;C:\MAMP\bin\mysql\bin;C:\Program Files\nodejs\;C:\ProgramData\chocolatey\bin;;C:\Program Files\Docker\Docker\resources\bin;C:\Users\araom\AppData\Local\Programs\Eclipse Adoptium\jdk-21.0.6.7-hotspot\bin;C:\Users\araom\AppData\Local\Microsoft\WindowsApps;C:\Users\araom\AppData\Local\Programs\Microsoft VS Code\bin;C:\Users\araom\AppData\Roaming\npm;C:\Users\araom\AppData\Local\JetBrains\Toolbox\scripts;C:\Users\araom\AppData\Local\Programs\mongosh\
USERNAME=araom
OS=Windows_NT
PROCESSOR_IDENTIFIER=Intel64 Family 6 Model 186 Stepping 3, GenuineIntel
TMP=C:\Users\araom\AppData\Local\Temp
TEMP=C:\Users\araom\AppData\Local\Temp




Periodic native trim disabled

---------------  S Y S T E M  ---------------

OS:
 Windows 11 , 64 bit Build 26100 (10.0.26100.5074)
OS uptime: 0 days 0:19 hours
Hyper-V role detected

CPU: total 12 (initial active 12) (6 cores per cpu, 2 threads per core) family 6 model 186 stepping 3 microcode 0x4129, cx8, cmov, fxsr, ht, mmx, 3dnowpref, sse, sse2, sse3, ssse3, sse4.1, sse4.2, popcnt, lzcnt, tsc, tscinvbit, avx, avx2, aes, erms, clmul, bmi1, bmi2, adx, sha, fma, vzeroupper, clflush, clflushopt, clwb, hv, serialize, rdtscp, rdpid, fsrm, f16c, cet_ibt, cet_ss
Processor Information for the first 12 processors :
  Max Mhz: 1300, Current Mhz: 1300, Mhz Limit: 1300

Memory: 4k page, system-wide physical 16024M (2545M free)
TotalPageFile size 22266M (AvailPageFile size 552M)
current process WorkingSet (physical memory assigned to process): 80M, peak: 80M
current process commit charge ("private bytes"): 357M, peak: 357M

vm_info: OpenJDK 64-Bit Server VM (21.0.8+9-LTS) for windows-amd64 JRE (21.0.8+9-LTS), built on 2025-07-10T20:22:44Z by "MicrosoftCorporation" with unknown MS VC++:1944

END.
