#
# There is insufficient memory for the Java Runtime Environment to continue.
# Native memory allocation (mmap) failed to map 65536 bytes. Error detail: Failed to commit metaspace.
# Possible reasons:
#   The system is out of physical RAM or swap space
#   This process is running with CompressedOops enabled, and the Java Heap may be blocking the growth of the native heap
# Possible solutions:
#   Reduce memory load on the system
#   Increase physical memory or swap space
#   Check if swap backing store is full
#   Decrease Java heap size (-Xmx/-Xms)
#   Decrease number of Java threads
#   Decrease Java thread stack sizes (-Xss)
#   Set larger code cache with -XX:ReservedCodeCacheSize=
#   JVM is running with Zero Based Compressed Oops mode in which the Java heap is
#     placed in the first 32GB address space. The Java Heap base address is the
#     maximum limit for the native heap growth. Please use -XX:HeapBaseMinAddress
#     to set the Java Heap base and to place the Java Heap above 32GB virtual address.
# This output file may be truncated or incomplete.
#
#  Out of Memory Error (virtualSpaceNode.cpp:113), pid=21356, tid=9772
#
# JRE version: OpenJDK Runtime Environment Microsoft-11933218 (21.0.8+9) (build 21.0.8+9-LTS)
# Java VM: OpenJDK 64-Bit Server VM Microsoft-11933218 (21.0.8+9-LTS, mixed mode, sharing, tiered, compressed oops, compressed class ptrs, g1 gc, windows-amd64)
# No core dump will be written. Minidumps are not enabled by default on client versions of Windows
#

---------------  S U M M A R Y ------------

Command Line: -javaagent:C:\Users\araom\AppData\Local\JetBrains\Toolbox\cache\backup\IDEA-C-252.26199.169-7431022744784453738\lib\idea_rt.jar=52904 -Dfile.encoding=UTF-8 -Dsun.stdout.encoding=UTF-8 -Dsun.stderr.encoding=UTF-8 com.jobportal.Job.Poratl.JobPoratlApplication

Host: 13th Gen Intel(R) Core(TM) i5-1335U, 12 cores, 15G,  Windows 11 , 64 bit Build 26100 (10.0.26100.5074)
Time: Tue Feb  3 02:42:21 2026 elapsed time: 0.088046 seconds (0d 0h 0m 0s)

---------------  T H R E A D  ---------------

Current thread (0x00000266f89cb470):  JavaThread "main"             [_thread_in_vm, id=9772, stack(0x000000f4fe800000,0x000000f4fe900000) (1024K)]

Stack: [0x000000f4fe800000,0x000000f4fe900000]
Native frames: (J=compiled Java code, j=interpreted, Vv=VM code, C=native code)
V  [jvm.dll+0x6e1729]
V  [jvm.dll+0x8bf47b]
V  [jvm.dll+0x8c19aa]
V  [jvm.dll+0x8c2083]
V  [jvm.dll+0x289fd6]
V  [jvm.dll+0x8bb208]
V  [jvm.dll+0x683354]
V  [jvm.dll+0x1ee8d7]
V  [jvm.dll+0x1ee69e]
V  [jvm.dll+0x685c5f]
V  [jvm.dll+0x685a92]
V  [jvm.dll+0x683d2e]
V  [jvm.dll+0x274d36]
V  [jvm.dll+0x2200df]
V  [jvm.dll+0x215a8e]
V  [jvm.dll+0x5c064f]
V  [jvm.dll+0x838d8d]
V  [jvm.dll+0x482f53]
V  [jvm.dll+0x496576]
C  [java.dll+0x167e]

Java frames: (J=compiled Java code, j=interpreted, Vv=VM code)
j  java.lang.ClassLoader.defineClass0(Ljava/lang/ClassLoader;Ljava/lang/Class;Ljava/lang/String;[BIILjava/security/ProtectionDomain;ZILjava/lang/Object;)Ljava/lang/Class;+0 java.base@21.0.8
j  java.lang.System$2.defineClass(Ljava/lang/ClassLoader;Ljava/lang/Class;Ljava/lang/String;[BLjava/security/ProtectionDomain;ZILjava/lang/Object;)Ljava/lang/Class;+17 java.base@21.0.8
j  java.lang.invoke.MethodHandles$Lookup$ClassDefiner.defineClass(ZLjava/lang/Object;)Ljava/lang/Class;+57 java.base@21.0.8
j  java.lang.invoke.InvokerBytecodeGenerator.loadMethod([B)Ljava/lang/invoke/MemberName;+22 java.base@21.0.8
j  java.lang.invoke.InvokerBytecodeGenerator.generateCustomizedCode(Ljava/lang/invoke/LambdaForm;Ljava/lang/invoke/MethodType;)Ljava/lang/invoke/MemberName;+30 java.base@21.0.8
j  java.lang.invoke.LambdaForm.compileToBytecode()V+69 java.base@21.0.8
j  java.lang.invoke.LambdaForm.prepare()V+21 java.base@21.0.8
j  java.lang.invoke.MethodHandle.<init>(Ljava/lang/invoke/MethodType;Ljava/lang/invoke/LambdaForm;)V+33 java.base@21.0.8
j  java.lang.invoke.BoundMethodHandle.<init>(Ljava/lang/invoke/MethodType;Ljava/lang/invoke/LambdaForm;)V+3 java.base@21.0.8
j  java.lang.invoke.BoundMethodHandle$Species_L.<init>(Ljava/lang/invoke/MethodType;Ljava/lang/invoke/LambdaForm;Ljava/lang/Object;)V+3 java.base@21.0.8
j  java.lang.invoke.BoundMethodHandle$Species_L.copyWith(Ljava/lang/invoke/MethodType;Ljava/lang/invoke/LambdaForm;)Ljava/lang/invoke/BoundMethodHandle;+10 java.base@21.0.8
j  java.lang.invoke.MethodHandles.dropArgumentsTrusted(Ljava/lang/invoke/MethodHandle;I[Ljava/lang/Class;)Ljava/lang/invoke/MethodHandle;+103 java.base@21.0.8
j  java.lang.invoke.MethodHandles.dropArguments(Ljava/lang/invoke/MethodHandle;I[Ljava/lang/Class;)Ljava/lang/invoke/MethodHandle;+9 java.base@21.0.8
j  jdk.internal.reflect.MethodHandleAccessorFactory.makeSpecializedTarget(Ljava/lang/invoke/MethodHandle;ZZ)Ljava/lang/invoke/MethodHandle;+86 java.base@21.0.8
j  jdk.internal.reflect.MethodHandleAccessorFactory.getDirectMethod(Ljava/lang/reflect/Method;Z)Ljava/lang/invoke/MethodHandle;+79 java.base@21.0.8
j  jdk.internal.reflect.MethodHandleAccessorFactory.newMethodAccessor(Ljava/lang/reflect/Method;Z)Ljdk/internal/reflect/MethodAccessorImpl;+41 java.base@21.0.8
j  jdk.internal.reflect.ReflectionFactory.newMethodAccessor(Ljava/lang/reflect/Method;Z)Ljdk/internal/reflect/MethodAccessor;+28 java.base@21.0.8
j  java.lang.reflect.Method.acquireMethodAccessor()Ljdk/internal/reflect/MethodAccessor;+38 java.base@21.0.8
j  java.lang.reflect.Method.invoke(Ljava/lang/Object;[Ljava/lang/Object;)Ljava/lang/Object;+75 java.base@21.0.8
j  java.lang.Class.getEnumConstantsShared()[Ljava/lang/Object;+49 java.base@21.0.8
j  java.lang.System$2.getEnumConstantsShared(Ljava/lang/Class;)[Ljava/lang/Enum;+1 java.base@21.0.8
j  java.util.EnumMap.getKeyUniverse(Ljava/lang/Class;)[Ljava/lang/Enum;+4 java.base@21.0.8
j  java.util.EnumMap.<init>(Ljava/lang/Class;)V+16 java.base@21.0.8
j  java.util.stream.StreamOpFlag.set(Ljava/util/stream/StreamOpFlag$Type;)Ljava/util/stream/StreamOpFlag$MaskBuilder;+10 java.base@21.0.8
j  java.util.stream.StreamOpFlag.<clinit>()V+11 java.base@21.0.8
v  ~StubRoutines::call_stub 0x000002668fb7100d
j  java.util.stream.StreamSupport.stream(Ljava/util/Spliterator;Z)Ljava/util/stream/Stream;+11 java.base@21.0.8
j  java.util.Collection.stream()Ljava/util/stream/Stream;+7 java.base@21.0.8
j  jdk.internal.module.DefaultRoots.compute(Ljava/lang/module/ModuleFinder;Ljava/lang/module/ModuleFinder;)Ljava/util/Set;+6 java.base@21.0.8
j  jdk.internal.module.ModuleBootstrap.boot2()Ljava/lang/ModuleLayer;+727 java.base@21.0.8
j  jdk.internal.module.ModuleBootstrap.boot()Ljava/lang/ModuleLayer;+64 java.base@21.0.8
j  java.lang.System.initPhase2(ZZ)I+0 java.base@21.0.8
v  ~StubRoutines::call_stub 0x000002668fb7100d

---------------  P R O C E S S  ---------------

Threads class SMR info:
_java_thread_list=0x0000026698123200, length=9, elements={
0x00000266f89cb470, 0x0000026698123e10, 0x0000026698124670, 0x0000026698125ee0,
0x0000026698129a90, 0x000002669812e100, 0x000002669812e760, 0x0000026698131100,
0x00000266981317a0
}

Java Threads: ( => current thread )
=>0x00000266f89cb470 JavaThread "main"                              [_thread_in_vm, id=9772, stack(0x000000f4fe800000,0x000000f4fe900000) (1024K)]
  0x0000026698123e10 JavaThread "Reference Handler"          daemon [_thread_blocked, id=27524, stack(0x000000f4ff000000,0x000000f4ff100000) (1024K)]
  0x0000026698124670 JavaThread "Finalizer"                  daemon [_thread_blocked, id=27528, stack(0x000000f4ff100000,0x000000f4ff200000) (1024K)]
  0x0000026698125ee0 JavaThread "Signal Dispatcher"          daemon [_thread_blocked, id=27532, stack(0x000000f4ff200000,0x000000f4ff300000) (1024K)]
  0x0000026698129a90 JavaThread "Attach Listener"            daemon [_thread_blocked, id=27540, stack(0x000000f4ff300000,0x000000f4ff400000) (1024K)]
  0x000002669812e100 JavaThread "Service Thread"             daemon [_thread_blocked, id=27544, stack(0x000000f4ff400000,0x000000f4ff500000) (1024K)]
  0x000002669812e760 JavaThread "Monitor Deflation Thread"   daemon [_thread_blocked, id=27576, stack(0x000000f4ff500000,0x000000f4ff600000) (1024K)]
  0x0000026698131100 JavaThread "C2 CompilerThread0"         daemon [_thread_blocked, id=27604, stack(0x000000f4ff600000,0x000000f4ff700000) (1024K)]
  0x00000266981317a0 JavaThread "C1 CompilerThread0"         daemon [_thread_blocked, id=27608, stack(0x000000f4ff700000,0x000000f4ff800000) (1024K)]
Total: 9

Other Threads:
  0x0000026698106e40 VMThread "VM Thread"                           [id=27476, stack(0x000000f4fef00000,0x000000f4ff000000) (1024K)]
  0x0000026698251180 WatcherThread "VM Periodic Task Thread"        [id=27480, stack(0x000000f4fee00000,0x000000f4fef00000) (1024K)]
  0x00000266f8a31990 WorkerThread "GC Thread#0"                     [id=27196, stack(0x000000f4fe900000,0x000000f4fea00000) (1024K)]
  0x00000266f8a42550 ConcurrentGCThread "G1 Main Marker"            [id=27304, stack(0x000000f4fea00000,0x000000f4feb00000) (1024K)]
  0x00000266f8a453c0 WorkerThread "G1 Conc#0"                       [id=26712, stack(0x000000f4feb00000,0x000000f4fec00000) (1024K)]
  0x000002669803d6d0 ConcurrentGCThread "G1 Refine#0"               [id=21352, stack(0x000000f4fec00000,0x000000f4fed00000) (1024K)]
  0x000002669803dc00 ConcurrentGCThread "G1 Service"                [id=27588, stack(0x000000f4fed00000,0x000000f4fee00000) (1024K)]
Total: 7

Threads with active compile tasks:
Total: 0

VM state: not at safepoint (normal execution)

VM Mutex/Monitor currently owned by a thread:  ([mutex/lock_event])
[0x00007ff9d8b887c8] Metaspace_lock - owner thread: 0x00000266f89cb470

Heap address: 0x0000000705800000, size: 4008 MB, Compressed Oops mode: Zero based, Oop shift amount: 3

CDS archive(s) mapped at: [0x0000026699000000-0x0000026699c80000-0x0000026699c80000), size 13107200, SharedBaseAddress: 0x0000026699000000, ArchiveRelocationMode: 1.
Compressed class space mapped at: 0x000002669a000000-0x00000266da000000, reserved size: 1073741824
Narrow klass base: 0x0000026699000000, Narrow klass shift: 0, Narrow klass range: 0x100000000

GC Precious Log:
 CardTable entry size: 512
 Card Set container configuration: InlinePtr #cards 4 size 8 Array Of Cards #cards 16 size 48 Howl #buckets 8 coarsen threshold 3686 Howl Bitmap #cards 512 size 80 coarsen threshold 460 Card regions per heap region 1 cards per card region 4096
 CPUs: 12 total, 12 available
 Memory: 16024M
 Large Page Support: Disabled
 NUMA Support: Disabled
 Compressed Oops: Enabled (Zero based)
 Heap Region Size: 2M
 Heap Min Capacity: 8M
 Heap Initial Capacity: 252M
 Heap Max Capacity: 4008M
 Pre-touch: Disabled
 Parallel Workers: 10
 Concurrent Workers: 3
 Concurrent Refinement Workers: 10
 Periodic GC: Disabled

Heap:
 garbage-first heap   total 258048K, used 2048K [0x0000000705800000, 0x0000000800000000)
  region size 2048K, 2 young (4096K), 0 survivors (0K)
 Metaspace       used 157K, committed 256K, reserved 1114112K
  class space    used 4K, committed 64K, reserved 1048576K

Heap Regions: E=young(eden), S=young(survivor), O=old, HS=humongous(starts), HC=humongous(continues), CS=collection set, F=free, TAMS=top-at-mark-start, PB=parsable bottom
|   0|0x0000000705800000, 0x0000000705800000, 0x0000000705a00000|  0%| F|  |TAMS 0x0000000705800000| PB 0x0000000705800000| Untracked 
|   1|0x0000000705a00000, 0x0000000705a00000, 0x0000000705c00000|  0%| F|  |TAMS 0x0000000705a00000| PB 0x0000000705a00000| Untracked 
|   2|0x0000000705c00000, 0x0000000705c00000, 0x0000000705e00000|  0%| F|  |TAMS 0x0000000705c00000| PB 0x0000000705c00000| Untracked 
|   3|0x0000000705e00000, 0x0000000705e00000, 0x0000000706000000|  0%| F|  |TAMS 0x0000000705e00000| PB 0x0000000705e00000| Untracked 
|   4|0x0000000706000000, 0x0000000706000000, 0x0000000706200000|  0%| F|  |TAMS 0x0000000706000000| PB 0x0000000706000000| Untracked 
|   5|0x0000000706200000, 0x0000000706200000, 0x0000000706400000|  0%| F|  |TAMS 0x0000000706200000| PB 0x0000000706200000| Untracked 
|   6|0x0000000706400000, 0x0000000706400000, 0x0000000706600000|  0%| F|  |TAMS 0x0000000706400000| PB 0x0000000706400000| Untracked 
|   7|0x0000000706600000, 0x0000000706600000, 0x0000000706800000|  0%| F|  |TAMS 0x0000000706600000| PB 0x0000000706600000| Untracked 
|   8|0x0000000706800000, 0x0000000706800000, 0x0000000706a00000|  0%| F|  |TAMS 0x0000000706800000| PB 0x0000000706800000| Untracked 
|   9|0x0000000706a00000, 0x0000000706a00000, 0x0000000706c00000|  0%| F|  |TAMS 0x0000000706a00000| PB 0x0000000706a00000| Untracked 
|  10|0x0000000706c00000, 0x0000000706c00000, 0x0000000706e00000|  0%| F|  |TAMS 0x0000000706c00000| PB 0x0000000706c00000| Untracked 
|  11|0x0000000706e00000, 0x0000000706e00000, 0x0000000707000000|  0%| F|  |TAMS 0x0000000706e00000| PB 0x0000000706e00000| Untracked 
|  12|0x0000000707000000, 0x0000000707000000, 0x0000000707200000|  0%| F|  |TAMS 0x0000000707000000| PB 0x0000000707000000| Untracked 
|  13|0x0000000707200000, 0x0000000707200000, 0x0000000707400000|  0%| F|  |TAMS 0x0000000707200000| PB 0x0000000707200000| Untracked 
|  14|0x0000000707400000, 0x0000000707400000, 0x0000000707600000|  0%| F|  |TAMS 0x0000000707400000| PB 0x0000000707400000| Untracked 
|  15|0x0000000707600000, 0x0000000707600000, 0x0000000707800000|  0%| F|  |TAMS 0x0000000707600000| PB 0x0000000707600000| Untracked 
|  16|0x0000000707800000, 0x0000000707800000, 0x0000000707a00000|  0%| F|  |TAMS 0x0000000707800000| PB 0x0000000707800000| Untracked 
|  17|0x0000000707a00000, 0x0000000707a00000, 0x0000000707c00000|  0%| F|  |TAMS 0x0000000707a00000| PB 0x0000000707a00000| Untracked 
|  18|0x0000000707c00000, 0x0000000707c00000, 0x0000000707e00000|  0%| F|  |TAMS 0x0000000707c00000| PB 0x0000000707c00000| Untracked 
|  19|0x0000000707e00000, 0x0000000707e00000, 0x0000000708000000|  0%| F|  |TAMS 0x0000000707e00000| PB 0x0000000707e00000| Untracked 
|  20|0x0000000708000000, 0x0000000708000000, 0x0000000708200000|  0%| F|  |TAMS 0x0000000708000000| PB 0x0000000708000000| Untracked 
|  21|0x0000000708200000, 0x0000000708200000, 0x0000000708400000|  0%| F|  |TAMS 0x0000000708200000| PB 0x0000000708200000| Untracked 
|  22|0x0000000708400000, 0x0000000708400000, 0x0000000708600000|  0%| F|  |TAMS 0x0000000708400000| PB 0x0000000708400000| Untracked 
|  23|0x0000000708600000, 0x0000000708600000, 0x0000000708800000|  0%| F|  |TAMS 0x0000000708600000| PB 0x0000000708600000| Untracked 
|  24|0x0000000708800000, 0x0000000708800000, 0x0000000708a00000|  0%| F|  |TAMS 0x0000000708800000| PB 0x0000000708800000| Untracked 
|  25|0x0000000708a00000, 0x0000000708a00000, 0x0000000708c00000|  0%| F|  |TAMS 0x0000000708a00000| PB 0x0000000708a00000| Untracked 
|  26|0x0000000708c00000, 0x0000000708c00000, 0x0000000708e00000|  0%| F|  |TAMS 0x0000000708c00000| PB 0x0000000708c00000| Untracked 
|  27|0x0000000708e00000, 0x0000000708e00000, 0x0000000709000000|  0%| F|  |TAMS 0x0000000708e00000| PB 0x0000000708e00000| Untracked 
|  28|0x0000000709000000, 0x0000000709000000, 0x0000000709200000|  0%| F|  |TAMS 0x0000000709000000| PB 0x0000000709000000| Untracked 
|  29|0x0000000709200000, 0x0000000709200000, 0x0000000709400000|  0%| F|  |TAMS 0x0000000709200000| PB 0x0000000709200000| Untracked 
|  30|0x0000000709400000, 0x0000000709400000, 0x0000000709600000|  0%| F|  |TAMS 0x0000000709400000| PB 0x0000000709400000| Untracked 
|  31|0x0000000709600000, 0x0000000709600000, 0x0000000709800000|  0%| F|  |TAMS 0x0000000709600000| PB 0x0000000709600000| Untracked 
|  32|0x0000000709800000, 0x0000000709800000, 0x0000000709a00000|  0%| F|  |TAMS 0x0000000709800000| PB 0x0000000709800000| Untracked 
|  33|0x0000000709a00000, 0x0000000709a00000, 0x0000000709c00000|  0%| F|  |TAMS 0x0000000709a00000| PB 0x0000000709a00000| Untracked 
|  34|0x0000000709c00000, 0x0000000709c00000, 0x0000000709e00000|  0%| F|  |TAMS 0x0000000709c00000| PB 0x0000000709c00000| Untracked 
|  35|0x0000000709e00000, 0x0000000709e00000, 0x000000070a000000|  0%| F|  |TAMS 0x0000000709e00000| PB 0x0000000709e00000| Untracked 
|  36|0x000000070a000000, 0x000000070a000000, 0x000000070a200000|  0%| F|  |TAMS 0x000000070a000000| PB 0x000000070a000000| Untracked 
|  37|0x000000070a200000, 0x000000070a200000, 0x000000070a400000|  0%| F|  |TAMS 0x000000070a200000| PB 0x000000070a200000| Untracked 
|  38|0x000000070a400000, 0x000000070a400000, 0x000000070a600000|  0%| F|  |TAMS 0x000000070a400000| PB 0x000000070a400000| Untracked 
|  39|0x000000070a600000, 0x000000070a600000, 0x000000070a800000|  0%| F|  |TAMS 0x000000070a600000| PB 0x000000070a600000| Untracked 
|  40|0x000000070a800000, 0x000000070a800000, 0x000000070aa00000|  0%| F|  |TAMS 0x000000070a800000| PB 0x000000070a800000| Untracked 
|  41|0x000000070aa00000, 0x000000070aa00000, 0x000000070ac00000|  0%| F|  |TAMS 0x000000070aa00000| PB 0x000000070aa00000| Untracked 
|  42|0x000000070ac00000, 0x000000070ac00000, 0x000000070ae00000|  0%| F|  |TAMS 0x000000070ac00000| PB 0x000000070ac00000| Untracked 
|  43|0x000000070ae00000, 0x000000070ae00000, 0x000000070b000000|  0%| F|  |TAMS 0x000000070ae00000| PB 0x000000070ae00000| Untracked 
|  44|0x000000070b000000, 0x000000070b000000, 0x000000070b200000|  0%| F|  |TAMS 0x000000070b000000| PB 0x000000070b000000| Untracked 
|  45|0x000000070b200000, 0x000000070b200000, 0x000000070b400000|  0%| F|  |TAMS 0x000000070b200000| PB 0x000000070b200000| Untracked 
|  46|0x000000070b400000, 0x000000070b400000, 0x000000070b600000|  0%| F|  |TAMS 0x000000070b400000| PB 0x000000070b400000| Untracked 
|  47|0x000000070b600000, 0x000000070b600000, 0x000000070b800000|  0%| F|  |TAMS 0x000000070b600000| PB 0x000000070b600000| Untracked 
|  48|0x000000070b800000, 0x000000070b800000, 0x000000070ba00000|  0%| F|  |TAMS 0x000000070b800000| PB 0x000000070b800000| Untracked 
|  49|0x000000070ba00000, 0x000000070ba00000, 0x000000070bc00000|  0%| F|  |TAMS 0x000000070ba00000| PB 0x000000070ba00000| Untracked 
|  50|0x000000070bc00000, 0x000000070bc00000, 0x000000070be00000|  0%| F|  |TAMS 0x000000070bc00000| PB 0x000000070bc00000| Untracked 
|  51|0x000000070be00000, 0x000000070be00000, 0x000000070c000000|  0%| F|  |TAMS 0x000000070be00000| PB 0x000000070be00000| Untracked 
|  52|0x000000070c000000, 0x000000070c000000, 0x000000070c200000|  0%| F|  |TAMS 0x000000070c000000| PB 0x000000070c000000| Untracked 
|  53|0x000000070c200000, 0x000000070c200000, 0x000000070c400000|  0%| F|  |TAMS 0x000000070c200000| PB 0x000000070c200000| Untracked 
|  54|0x000000070c400000, 0x000000070c400000, 0x000000070c600000|  0%| F|  |TAMS 0x000000070c400000| PB 0x000000070c400000| Untracked 
|  55|0x000000070c600000, 0x000000070c600000, 0x000000070c800000|  0%| F|  |TAMS 0x000000070c600000| PB 0x000000070c600000| Untracked 
|  56|0x000000070c800000, 0x000000070c800000, 0x000000070ca00000|  0%| F|  |TAMS 0x000000070c800000| PB 0x000000070c800000| Untracked 
|  57|0x000000070ca00000, 0x000000070ca00000, 0x000000070cc00000|  0%| F|  |TAMS 0x000000070ca00000| PB 0x000000070ca00000| Untracked 
|  58|0x000000070cc00000, 0x000000070cc00000, 0x000000070ce00000|  0%| F|  |TAMS 0x000000070cc00000| PB 0x000000070cc00000| Untracked 
|  59|0x000000070ce00000, 0x000000070ce00000, 0x000000070d000000|  0%| F|  |TAMS 0x000000070ce00000| PB 0x000000070ce00000| Untracked 
|  60|0x000000070d000000, 0x000000070d000000, 0x000000070d200000|  0%| F|  |TAMS 0x000000070d000000| PB 0x000000070d000000| Untracked 
|  61|0x000000070d200000, 0x000000070d200000, 0x000000070d400000|  0%| F|  |TAMS 0x000000070d200000| PB 0x000000070d200000| Untracked 
|  62|0x000000070d400000, 0x000000070d400000, 0x000000070d600000|  0%| F|  |TAMS 0x000000070d400000| PB 0x000000070d400000| Untracked 
|  63|0x000000070d600000, 0x000000070d600000, 0x000000070d800000|  0%| F|  |TAMS 0x000000070d600000| PB 0x000000070d600000| Untracked 
|  64|0x000000070d800000, 0x000000070d800000, 0x000000070da00000|  0%| F|  |TAMS 0x000000070d800000| PB 0x000000070d800000| Untracked 
|  65|0x000000070da00000, 0x000000070da00000, 0x000000070dc00000|  0%| F|  |TAMS 0x000000070da00000| PB 0x000000070da00000| Untracked 
|  66|0x000000070dc00000, 0x000000070dc00000, 0x000000070de00000|  0%| F|  |TAMS 0x000000070dc00000| PB 0x000000070dc00000| Untracked 
|  67|0x000000070de00000, 0x000000070de00000, 0x000000070e000000|  0%| F|  |TAMS 0x000000070de00000| PB 0x000000070de00000| Untracked 
|  68|0x000000070e000000, 0x000000070e000000, 0x000000070e200000|  0%| F|  |TAMS 0x000000070e000000| PB 0x000000070e000000| Untracked 
|  69|0x000000070e200000, 0x000000070e200000, 0x000000070e400000|  0%| F|  |TAMS 0x000000070e200000| PB 0x000000070e200000| Untracked 
|  70|0x000000070e400000, 0x000000070e400000, 0x000000070e600000|  0%| F|  |TAMS 0x000000070e400000| PB 0x000000070e400000| Untracked 
|  71|0x000000070e600000, 0x000000070e600000, 0x000000070e800000|  0%| F|  |TAMS 0x000000070e600000| PB 0x000000070e600000| Untracked 
|  72|0x000000070e800000, 0x000000070e800000, 0x000000070ea00000|  0%| F|  |TAMS 0x000000070e800000| PB 0x000000070e800000| Untracked 
|  73|0x000000070ea00000, 0x000000070ea00000, 0x000000070ec00000|  0%| F|  |TAMS 0x000000070ea00000| PB 0x000000070ea00000| Untracked 
|  74|0x000000070ec00000, 0x000000070ec00000, 0x000000070ee00000|  0%| F|  |TAMS 0x000000070ec00000| PB 0x000000070ec00000| Untracked 
|  75|0x000000070ee00000, 0x000000070ee00000, 0x000000070f000000|  0%| F|  |TAMS 0x000000070ee00000| PB 0x000000070ee00000| Untracked 
|  76|0x000000070f000000, 0x000000070f000000, 0x000000070f200000|  0%| F|  |TAMS 0x000000070f000000| PB 0x000000070f000000| Untracked 
|  77|0x000000070f200000, 0x000000070f200000, 0x000000070f400000|  0%| F|  |TAMS 0x000000070f200000| PB 0x000000070f200000| Untracked 
|  78|0x000000070f400000, 0x000000070f400000, 0x000000070f600000|  0%| F|  |TAMS 0x000000070f400000| PB 0x000000070f400000| Untracked 
|  79|0x000000070f600000, 0x000000070f600000, 0x000000070f800000|  0%| F|  |TAMS 0x000000070f600000| PB 0x000000070f600000| Untracked 
|  80|0x000000070f800000, 0x000000070f800000, 0x000000070fa00000|  0%| F|  |TAMS 0x000000070f800000| PB 0x000000070f800000| Untracked 
|  81|0x000000070fa00000, 0x000000070fa00000, 0x000000070fc00000|  0%| F|  |TAMS 0x000000070fa00000| PB 0x000000070fa00000| Untracked 
|  82|0x000000070fc00000, 0x000000070fc00000, 0x000000070fe00000|  0%| F|  |TAMS 0x000000070fc00000| PB 0x000000070fc00000| Untracked 
|  83|0x000000070fe00000, 0x000000070fe00000, 0x0000000710000000|  0%| F|  |TAMS 0x000000070fe00000| PB 0x000000070fe00000| Untracked 
|  84|0x0000000710000000, 0x0000000710000000, 0x0000000710200000|  0%| F|  |TAMS 0x0000000710000000| PB 0x0000000710000000| Untracked 
|  85|0x0000000710200000, 0x0000000710200000, 0x0000000710400000|  0%| F|  |TAMS 0x0000000710200000| PB 0x0000000710200000| Untracked 
|  86|0x0000000710400000, 0x0000000710400000, 0x0000000710600000|  0%| F|  |TAMS 0x0000000710400000| PB 0x0000000710400000| Untracked 
|  87|0x0000000710600000, 0x0000000710600000, 0x0000000710800000|  0%| F|  |TAMS 0x0000000710600000| PB 0x0000000710600000| Untracked 
|  88|0x0000000710800000, 0x0000000710800000, 0x0000000710a00000|  0%| F|  |TAMS 0x0000000710800000| PB 0x0000000710800000| Untracked 
|  89|0x0000000710a00000, 0x0000000710a00000, 0x0000000710c00000|  0%| F|  |TAMS 0x0000000710a00000| PB 0x0000000710a00000| Untracked 
|  90|0x0000000710c00000, 0x0000000710c00000, 0x0000000710e00000|  0%| F|  |TAMS 0x0000000710c00000| PB 0x0000000710c00000| Untracked 
|  91|0x0000000710e00000, 0x0000000710e00000, 0x0000000711000000|  0%| F|  |TAMS 0x0000000710e00000| PB 0x0000000710e00000| Untracked 
|  92|0x0000000711000000, 0x0000000711000000, 0x0000000711200000|  0%| F|  |TAMS 0x0000000711000000| PB 0x0000000711000000| Untracked 
|  93|0x0000000711200000, 0x0000000711200000, 0x0000000711400000|  0%| F|  |TAMS 0x0000000711200000| PB 0x0000000711200000| Untracked 
|  94|0x0000000711400000, 0x0000000711400000, 0x0000000711600000|  0%| F|  |TAMS 0x0000000711400000| PB 0x0000000711400000| Untracked 
|  95|0x0000000711600000, 0x0000000711600000, 0x0000000711800000|  0%| F|  |TAMS 0x0000000711600000| PB 0x0000000711600000| Untracked 
|  96|0x0000000711800000, 0x0000000711800000, 0x0000000711a00000|  0%| F|  |TAMS 0x0000000711800000| PB 0x0000000711800000| Untracked 
|  97|0x0000000711a00000, 0x0000000711a00000, 0x0000000711c00000|  0%| F|  |TAMS 0x0000000711a00000| PB 0x0000000711a00000| Untracked 
|  98|0x0000000711c00000, 0x0000000711c00000, 0x0000000711e00000|  0%| F|  |TAMS 0x0000000711c00000| PB 0x0000000711c00000| Untracked 
|  99|0x0000000711e00000, 0x0000000711e00000, 0x0000000712000000|  0%| F|  |TAMS 0x0000000711e00000| PB 0x0000000711e00000| Untracked 
| 100|0x0000000712000000, 0x0000000712000000, 0x0000000712200000|  0%| F|  |TAMS 0x0000000712000000| PB 0x0000000712000000| Untracked 
| 101|0x0000000712200000, 0x0000000712200000, 0x0000000712400000|  0%| F|  |TAMS 0x0000000712200000| PB 0x0000000712200000| Untracked 
| 102|0x0000000712400000, 0x0000000712400000, 0x0000000712600000|  0%| F|  |TAMS 0x0000000712400000| PB 0x0000000712400000| Untracked 
| 103|0x0000000712600000, 0x0000000712600000, 0x0000000712800000|  0%| F|  |TAMS 0x0000000712600000| PB 0x0000000712600000| Untracked 
| 104|0x0000000712800000, 0x0000000712800000, 0x0000000712a00000|  0%| F|  |TAMS 0x0000000712800000| PB 0x0000000712800000| Untracked 
| 105|0x0000000712a00000, 0x0000000712a00000, 0x0000000712c00000|  0%| F|  |TAMS 0x0000000712a00000| PB 0x0000000712a00000| Untracked 
| 106|0x0000000712c00000, 0x0000000712c00000, 0x0000000712e00000|  0%| F|  |TAMS 0x0000000712c00000| PB 0x0000000712c00000| Untracked 
| 107|0x0000000712e00000, 0x0000000712e00000, 0x0000000713000000|  0%| F|  |TAMS 0x0000000712e00000| PB 0x0000000712e00000| Untracked 
| 108|0x0000000713000000, 0x0000000713000000, 0x0000000713200000|  0%| F|  |TAMS 0x0000000713000000| PB 0x0000000713000000| Untracked 
| 109|0x0000000713200000, 0x0000000713200000, 0x0000000713400000|  0%| F|  |TAMS 0x0000000713200000| PB 0x0000000713200000| Untracked 
| 110|0x0000000713400000, 0x0000000713400000, 0x0000000713600000|  0%| F|  |TAMS 0x0000000713400000| PB 0x0000000713400000| Untracked 
| 111|0x0000000713600000, 0x0000000713600000, 0x0000000713800000|  0%| F|  |TAMS 0x0000000713600000| PB 0x0000000713600000| Untracked 
| 112|0x0000000713800000, 0x0000000713800000, 0x0000000713a00000|  0%| F|  |TAMS 0x0000000713800000| PB 0x0000000713800000| Untracked 
| 113|0x0000000713a00000, 0x0000000713a00000, 0x0000000713c00000|  0%| F|  |TAMS 0x0000000713a00000| PB 0x0000000713a00000| Untracked 
| 114|0x0000000713c00000, 0x0000000713c00000, 0x0000000713e00000|  0%| F|  |TAMS 0x0000000713c00000| PB 0x0000000713c00000| Untracked 
| 115|0x0000000713e00000, 0x0000000713e00000, 0x0000000714000000|  0%| F|  |TAMS 0x0000000713e00000| PB 0x0000000713e00000| Untracked 
| 116|0x0000000714000000, 0x0000000714000000, 0x0000000714200000|  0%| F|  |TAMS 0x0000000714000000| PB 0x0000000714000000| Untracked 
| 117|0x0000000714200000, 0x0000000714200000, 0x0000000714400000|  0%| F|  |TAMS 0x0000000714200000| PB 0x0000000714200000| Untracked 
| 118|0x0000000714400000, 0x0000000714400000, 0x0000000714600000|  0%| F|  |TAMS 0x0000000714400000| PB 0x0000000714400000| Untracked 
| 119|0x0000000714600000, 0x0000000714600000, 0x0000000714800000|  0%| F|  |TAMS 0x0000000714600000| PB 0x0000000714600000| Untracked 
| 120|0x0000000714800000, 0x0000000714800000, 0x0000000714a00000|  0%| F|  |TAMS 0x0000000714800000| PB 0x0000000714800000| Untracked 
| 121|0x0000000714a00000, 0x0000000714a00000, 0x0000000714c00000|  0%| F|  |TAMS 0x0000000714a00000| PB 0x0000000714a00000| Untracked 
| 122|0x0000000714c00000, 0x0000000714c00000, 0x0000000714e00000|  0%| F|  |TAMS 0x0000000714c00000| PB 0x0000000714c00000| Untracked 
| 123|0x0000000714e00000, 0x0000000714e00000, 0x0000000715000000|  0%| F|  |TAMS 0x0000000714e00000| PB 0x0000000714e00000| Untracked 
| 124|0x0000000715000000, 0x0000000715070ab0, 0x0000000715200000| 22%| E|  |TAMS 0x0000000715000000| PB 0x0000000715000000| Complete 
| 125|0x0000000715200000, 0x0000000715400000, 0x0000000715400000|100%| E|CS|TAMS 0x0000000715200000| PB 0x0000000715200000| Complete 

Card table byte_map: [0x00000266f97b0000,0x00000266f9f90000] _byte_map_base: 0x00000266f5f84000

Marking Bits: (CMBitMap*) 0x00000266f8a32090
 Bits: [0x00000266f9f90000, 0x00000266fde30000)

Polling page: 0x00000266f68c0000

Metaspace:

Usage:
  Non-class:    152.19 KB used.
      Class:      4.99 KB used.
       Both:    157.18 KB used.

Virtual space:
  Non-class space:       64.00 MB reserved,     192.00 KB ( <1%) committed,  1 nodes.
      Class space:        1.00 GB reserved,      64.00 KB ( <1%) committed,  1 nodes.
             Both:        1.06 GB reserved,     256.00 KB ( <1%) committed. 

Chunk freelists:
   Non-Class:  12.00 MB
       Class:  15.75 MB
        Both:  27.75 MB

MaxMetaspaceSize: unlimited
CompressedClassSpaceSize: 1.00 GB
Initial GC threshold: 21.00 MB
Current GC threshold: 21.00 MB
CDS: on
 - commit_granule_bytes: 65536.
 - commit_granule_words: 8192.
 - virtual_space_node_default_size: 8388608.
 - enlarge_chunks_in_place: 1.
 - use_allocation_guard: 0.


Internal statistics:

num_allocs_failed_limit: 0.
num_arena_births: 4.
num_arena_deaths: 0.
num_vsnodes_births: 2.
num_vsnodes_deaths: 0.
num_space_committed: 4.
num_space_uncommitted: 0.
num_chunks_returned_to_freelist: 0.
num_chunks_taken_from_freelist: 3.
num_chunk_merges: 0.
num_chunk_splits: 3.
num_chunks_enlarged: 0.
num_inconsistent_stats: 0.

CodeHeap 'non-profiled nmethods': size=120000Kb used=22Kb max_used=22Kb free=119977Kb
 bounds [0x0000026690110000, 0x0000026690380000, 0x0000026697640000]
CodeHeap 'profiled nmethods': size=120000Kb used=75Kb max_used=75Kb free=119924Kb
 bounds [0x0000026688640000, 0x00000266888b0000, 0x000002668fb70000]
CodeHeap 'non-nmethods': size=5760Kb used=1237Kb max_used=1237Kb free=4522Kb
 bounds [0x000002668fb70000, 0x000002668fde0000, 0x0000026690110000]
CodeCache: size=245760Kb, used=1334Kb, max_used=1334Kb, free=244423Kb
 total_blobs=434, nmethods=73, adapters=266, full_count=0
Compilation: enabled, stopped_count=0, restarted_count=0

Compilation events (20 events):
Event: 0.082 Thread 0x00000266981317a0   55       3       jdk.internal.util.ArraysSupport::mismatch (103 bytes)
Event: 0.082 Thread 0x00000266981317a0 nmethod 55 0x0000026688650990 code [0x0000026688650b80, 0x0000026688650f88]
Event: 0.082 Thread 0x00000266981317a0   56       3       java.util.ImmutableCollections$SetN$SetNIterator::hasNext (13 bytes)
Event: 0.082 Thread 0x00000266981317a0 nmethod 56 0x0000026688651190 code [0x0000026688651320, 0x0000026688651480]
Event: 0.082 Thread 0x00000266981317a0   59       3       java.util.concurrent.ConcurrentHashMap::tabAt (22 bytes)
Event: 0.082 Thread 0x00000266981317a0 nmethod 59 0x0000026688651510 code [0x00000266886516c0, 0x0000026688651990]
Event: 0.082 Thread 0x00000266981317a0   62       3       java.util.ImmutableCollections$SetN$SetNIterator::next (90 bytes)
Event: 0.082 Thread 0x00000266981317a0 nmethod 62 0x0000026688651a90 code [0x0000026688651c60, 0x0000026688651f50]
Event: 0.082 Thread 0x00000266981317a0   60       3       jdk.internal.misc.Unsafe::getReferenceAcquire (7 bytes)
Event: 0.082 Thread 0x00000266981317a0 nmethod 60 0x0000026688652090 code [0x0000026688652220, 0x0000026688652388]
Event: 0.082 Thread 0x00000266981317a0   61       3       java.util.concurrent.ConcurrentHashMap::spread (10 bytes)
Event: 0.082 Thread 0x00000266981317a0 nmethod 61 0x0000026688652410 code [0x00000266886525a0, 0x0000026688652698]
Event: 0.084 Thread 0x00000266981317a0   64       3       java.util.concurrent.ConcurrentHashMap::casTabAt (21 bytes)
Event: 0.084 Thread 0x00000266981317a0 nmethod 64 0x0000026688652710 code [0x00000266886528a0, 0x0000026688652a18]
Event: 0.086 Thread 0x00000266981317a0   71       3       java.lang.AbstractStringBuilder::ensureCapacityInternal (39 bytes)
Event: 0.086 Thread 0x00000266981317a0 nmethod 71 0x0000026688652a90 code [0x0000026688652c60, 0x0000026688652e98]
Event: 0.086 Thread 0x00000266981317a0   72       1       java.lang.AbstractStringBuilder::getValue (5 bytes)
Event: 0.086 Thread 0x00000266981317a0 nmethod 72 0x0000026690115590 code [0x0000026690115720, 0x00000266901157f0]
Event: 0.086 Thread 0x00000266981317a0   73       1       java.lang.AbstractStringBuilder::length (5 bytes)
Event: 0.086 Thread 0x00000266981317a0 nmethod 73 0x0000026690115890 code [0x0000026690115a20, 0x0000026690115ae8]

GC Heap History (0 events):
No events

Dll operation events (2 events):
Event: 0.009 Loaded shared library C:\Users\araom\.jdks\ms-21.0.8\bin\java.dll
Event: 0.044 Loading shared library C:\Users\araom\.jdks\ms-21.0.8\bin\jsvml.dll failed, error code 1455

Deoptimization events (0 events):
No events

Classes loaded (12 events):
Event: 0.037 Loading class sun/nio/cs/MS932
Event: 0.037 Loading class sun/nio/cs/MS932 done
Event: 0.037 Loading class sun/nio/cs/DoubleByte$Decoder
Event: 0.037 Loading class sun/nio/cs/DelegatableDecoder
Event: 0.037 Loading class sun/nio/cs/DelegatableDecoder done
Event: 0.037 Loading class sun/nio/cs/DoubleByte$Decoder done
Event: 0.037 Loading class sun/nio/cs/MS932$DecodeHolder
Event: 0.038 Loading class sun/nio/cs/MS932$DecodeHolder done
Event: 0.038 Loading class sun/nio/cs/DoubleByte
Event: 0.038 Loading class sun/nio/cs/DoubleByte done
Event: 0.041 Loading class sun/nio/cs/UTF_8$Encoder
Event: 0.041 Loading class sun/nio/cs/UTF_8$Encoder done

Classes unloaded (0 events):
No events

Classes redefined (0 events):
No events

Internal exceptions (0 events):
No events

ZGC Phase Switch (0 events):
No events

VM Operations (0 events):
No events

Memory protections (0 events):
No events

Nmethod flushes (0 events):
No events

Events (9 events):
Event: 0.024 Thread 0x00000266f89cb470 Thread added: 0x00000266f89cb470
Event: 0.042 Thread 0x00000266f89cb470 Thread added: 0x0000026698123e10
Event: 0.042 Thread 0x00000266f89cb470 Thread added: 0x0000026698124670
Event: 0.042 Thread 0x00000266f89cb470 Thread added: 0x0000026698125ee0
Event: 0.042 Thread 0x00000266f89cb470 Thread added: 0x0000026698129a90
Event: 0.042 Thread 0x00000266f89cb470 Thread added: 0x000002669812e100
Event: 0.042 Thread 0x00000266f89cb470 Thread added: 0x000002669812e760
Event: 0.042 Thread 0x00000266f89cb470 Thread added: 0x0000026698131100
Event: 0.042 Thread 0x00000266f89cb470 Thread added: 0x00000266981317a0


Dynamic libraries:
0x00007ff7ddec0000 - 0x00007ff7ddece000 	C:\Users\araom\.jdks\ms-21.0.8\bin\java.exe
0x00007ffa6f9c0000 - 0x00007ffa6fc29000 	C:\WINDOWS\SYSTEM32\ntdll.dll
0x00007ffa6dfe0000 - 0x00007ffa6e0a9000 	C:\WINDOWS\System32\KERNEL32.DLL
0x00007ffa6cca0000 - 0x00007ffa6d093000 	C:\WINDOWS\System32\KERNELBASE.dll
0x00007ffa6d370000 - 0x00007ffa6d4bb000 	C:\WINDOWS\System32\ucrtbase.dll
0x00007ffa4a500000 - 0x00007ffa4a518000 	C:\Users\araom\.jdks\ms-21.0.8\bin\jli.dll
0x00007ffa496c0000 - 0x00007ffa496de000 	C:\Users\araom\.jdks\ms-21.0.8\bin\VCRUNTIME140.dll
0x00007ffa6d8f0000 - 0x00007ffa6dab4000 	C:\WINDOWS\System32\USER32.dll
0x00007ffa6d0a0000 - 0x00007ffa6d0c7000 	C:\WINDOWS\System32\win32u.dll
0x00007ffa6f630000 - 0x00007ffa6f65b000 	C:\WINDOWS\System32\GDI32.dll
0x00007ffa32a90000 - 0x00007ffa32d23000 	C:\WINDOWS\WinSxS\amd64_microsoft.windows.common-controls_6595b64144ccf1df_6.0.26100.5074_none_3e0d6f78e32fd63f\COMCTL32.dll
0x00007ffa6d0d0000 - 0x00007ffa6d1fd000 	C:\WINDOWS\System32\gdi32full.dll
0x00007ffa6cbf0000 - 0x00007ffa6cc93000 	C:\WINDOWS\System32\msvcp_win.dll
0x00007ffa6ee10000 - 0x00007ffa6eeb9000 	C:\WINDOWS\System32\msvcrt.dll
0x00007ffa6e800000 - 0x00007ffa6e82f000 	C:\WINDOWS\System32\IMM32.DLL
0x00007ffa64640000 - 0x00007ffa6464c000 	C:\Users\araom\.jdks\ms-21.0.8\bin\vcruntime140_1.dll
0x00007ffa47440000 - 0x00007ffa474c9000 	C:\Users\araom\.jdks\ms-21.0.8\bin\msvcp140.dll
0x00007ff9d7ec0000 - 0x00007ff9d8c6c000 	C:\Users\araom\.jdks\ms-21.0.8\bin\server\jvm.dll
0x00007ffa6eec0000 - 0x00007ffa6ef74000 	C:\WINDOWS\System32\ADVAPI32.dll
0x00007ffa6e8d0000 - 0x00007ffa6e976000 	C:\WINDOWS\System32\sechost.dll
0x00007ffa6f860000 - 0x00007ffa6f978000 	C:\WINDOWS\System32\RPCRT4.dll
0x00007ffa6de00000 - 0x00007ffa6de74000 	C:\WINDOWS\System32\WS2_32.dll
0x00007ffa6c9a0000 - 0x00007ffa6c9fe000 	C:\WINDOWS\SYSTEM32\POWRPROF.dll
0x00007ffa64d10000 - 0x00007ffa64d45000 	C:\WINDOWS\SYSTEM32\WINMM.dll
0x00007ffa5c930000 - 0x00007ffa5c93b000 	C:\WINDOWS\SYSTEM32\VERSION.dll
0x00007ffa6c980000 - 0x00007ffa6c994000 	C:\WINDOWS\SYSTEM32\UMPDC.dll
0x00007ffa6b8f0000 - 0x00007ffa6b90b000 	C:\WINDOWS\SYSTEM32\kernel.appcore.dll
0x00007ffa5d0f0000 - 0x00007ffa5d0fa000 	C:\Users\araom\.jdks\ms-21.0.8\bin\jimage.dll
0x00007ffa563e0000 - 0x00007ffa56622000 	C:\WINDOWS\SYSTEM32\DBGHELP.DLL
0x00007ffa6f130000 - 0x00007ffa6f4ab000 	C:\WINDOWS\System32\combase.dll
0x00007ffa6df00000 - 0x00007ffa6dfd7000 	C:\WINDOWS\System32\OLEAUT32.dll
0x00007ffa47930000 - 0x00007ffa4796d000 	C:\WINDOWS\SYSTEM32\dbgcore.DLL
0x00007ffa6cb50000 - 0x00007ffa6cbe9000 	C:\WINDOWS\System32\bcryptPrimitives.dll
0x00007ffa4d0e0000 - 0x00007ffa4d0f0000 	C:\Users\araom\.jdks\ms-21.0.8\bin\instrument.dll
0x00007ffa48b30000 - 0x00007ffa48b51000 	C:\Users\araom\.jdks\ms-21.0.8\bin\java.dll
0x00007ffa6e0b0000 - 0x00007ffa6e7fd000 	C:\WINDOWS\System32\SHELL32.dll
0x00007ffa6d200000 - 0x00007ffa6d36c000 	C:\WINDOWS\System32\wintypes.dll
0x00007ffa6a770000 - 0x00007ffa6afc9000 	C:\WINDOWS\SYSTEM32\windows.storage.dll
0x00007ffa6f760000 - 0x00007ffa6f850000 	C:\WINDOWS\System32\SHCORE.dll
0x00007ffa6d880000 - 0x00007ffa6d8e2000 	C:\WINDOWS\System32\shlwapi.dll
0x00007ffa6ca70000 - 0x00007ffa6ca99000 	C:\WINDOWS\SYSTEM32\profapi.dll

JVMTI agents:
C:\Users\araom\AppData\Local\JetBrains\Toolbox\cache\backup\IDEA-C-252.26199.169-7431022744784453738\lib\idea_rt.jar path:none, loaded, not initialized, instrumentlib options:52904

dbghelp: loaded successfully - version: 4.0.5 - missing functions: none
symbol engine: initialized successfully - sym options: 0x614 - pdb path: .;C:\Users\araom\.jdks\ms-21.0.8\bin;C:\WINDOWS\SYSTEM32;C:\WINDOWS\WinSxS\amd64_microsoft.windows.common-controls_6595b64144ccf1df_6.0.26100.5074_none_3e0d6f78e32fd63f;C:\Users\araom\.jdks\ms-21.0.8\bin\server

VM Arguments:
jvm_args: -javaagent:C:\Users\araom\AppData\Local\JetBrains\Toolbox\cache\backup\IDEA-C-252.26199.169-7431022744784453738\lib\idea_rt.jar=52904 -Dfile.encoding=UTF-8 -Dsun.stdout.encoding=UTF-8 -Dsun.stderr.encoding=UTF-8 
java_command: com.jobportal.Job.Poratl.JobPoratlApplication
java_class_path (initial): C:\Users\araom\OneDrive\Desktop\Job Poratl backend\Job-Poratl\target\test-classes;C:\Users\araom\OneDrive\Desktop\Job Poratl backend\Job-Poratl\target\classes;C:\Users\araom\.m2\repository\org\springframework\boot\spring-boot-starter-web\4.0.1\spring-boot-starter-web-4.0.1.jar;C:\Users\araom\.m2\repository\org\springframework\boot\spring-boot-starter-jackson\4.0.1\spring-boot-starter-jackson-4.0.1.jar;C:\Users\araom\.m2\repository\org\springframework\boot\spring-boot-jackson\4.0.1\spring-boot-jackson-4.0.1.jar;C:\Users\araom\.m2\repository\tools\jackson\core\jackson-databind\3.0.3\jackson-databind-3.0.3.jar;C:\Users\araom\.m2\repository\tools\jackson\core\jackson-core\3.0.3\jackson-core-3.0.3.jar;C:\Users\araom\.m2\repository\org\springframework\boot\spring-boot-starter-tomcat\4.0.1\spring-boot-starter-tomcat-4.0.1.jar;C:\Users\araom\.m2\repository\org\springframework\boot\spring-boot-starter-tomcat-runtime\4.0.1\spring-boot-starter-tomcat-runtime-4.0.1.jar;C:\Users\araom\.m2\repository\org\springframework\boot\spring-boot-web-server\4.0.1\spring-boot-web-server-4.0.1.jar;C:\Users\araom\.m2\repository\org\apache\tomcat\embed\tomcat-embed-core\11.0.15\tomcat-embed-core-11.0.15.jar;C:\Users\araom\.m2\repository\org\apache\tomcat\embed\tomcat-embed-websocket\11.0.15\tomcat-embed-websocket-11.0.15.jar;C:\Users\araom\.m2\repository\org\springframework\boot\spring-boot-tomcat\4.0.1\spring-boot-tomcat-4.0.1.jar;C:\Users\araom\.m2\repository\org\springframework\boot\spring-boot-http-converter\4.0.1\spring-boot-http-converter-4.0.1.jar;C:\Users\araom\.m2\repository\org\springframework\spring-web\7.0.2\spring-web-7.0.2.jar;C:\Users\araom\.m2\repository\io\micrometer\micrometer-observation\1.16.1\micrometer-observation-1.16.1.jar;C:\Users\araom\.m2\repository\io\micrometer\micrometer-commons\1.16.1\micrometer-commons-1.16.1.jar;C:\Users\araom\.m2\repository\org\springframework\boot\spring-boot-webmvc\4.0.1\spring-boot-webmvc-4.0.1.jar;C:\Users\araom\.m2\repository\org\springframework\boot\spring-boot-servlet\4.0.1\spring-boot-servlet-4.0.1.jar;C:\Users\araom\.m2\repository\org\springframework\spring-webmvc\7.0.2\spring-webmvc-7.0.2.jar;C:\Users\araom\.m2\repository\org\springframework\spring-expression\7.0.2\spring-expression-7.0.2.jar;C:\Users\araom\.m2\repository\org\springframework\boot\spring-boot-starter-data-mongodb\4.0.1\spring-boot-starter-data-mongodb-4.0.1.jar;C:\Users\araom\.m2\repository\org\springframework\boot\spring-boot-starter-mongodb\4.0.1\spring-boot-starter-mongodb-4.0.1.jar;C:\Users\araom\.m2\repository\org\springframework\boot\spring-boot-mongodb\4.0.1\spring-boot-mongodb-4.0.1.jar;C:\Users\araom\.m2\repository\org\mongodb\mongodb-driver-sync\5.6.2\mongodb-driver-sync-5.6.2.jar;C:\Users\araom\.m2\repository\org\mongodb\bson\5.6.2\bson-5.6.2.jar;C:\Users\araom\.m2\repository\org\mongodb\mongodb-driver-core\5.6.2\mongodb-driver-core-5.6.2.jar;C:\Users\araom\.m2\repository\org\mongodb\bson-record-codec\5.6.2\bson-record-codec-5.6.2.jar;C:\Users\araom\.m2\repository\org\springframework\boot\spring-boot-data-mongodb\4.0.1\spring-boot-data-mongodb-4.0.1.jar;C:\Users\araom\.m2\repository\org\springframework\boot\spring-boot-data-commons\4.0.1\spring-boot-data-commons-4.0.1.jar;C:\Users\araom\.m2\repository\org\springframework\boot\spring-boot-persistence\4.0.1\spring-boot-persistence-4.0.1.jar;C:\Users\araom\.m2\repository\org\springframework\data\spring-data-commons\4.0.1\spring-data-commons-4.0.1.jar;C:\Users\araom\.m2\repository\org\springframework\boot\spring-boot-transaction\4.0.1\spring-boot-transaction-4.0.1.jar;C:\Users\araom\.m2\repository\org\springframework\spring-tx\7.0.2\spring-tx-7.0.2.jar;C:\Users\araom\.m2\repository\org\springframework\data\spring-data-mongodb\5.0.1\spring-data-mongodb-5.0.1.jar;C:\Users\araom\.m2\repository\org\projectlombok\lombok\1.18.42\lombok-1.18.42.jar;C:\Users\araom\.m2\repository\org\springframework\boot\spring-boot-devtools\4.0.1\spring-boot-devtools-4.0.1.jar;C:\Users\araom\.m2\repository\org\springframework\boot\spring-boot\4.0.1\spring-boot-4.0.1.jar;C:\Users\araom\.m2\repository\org\springframework\spring-context\7.0.2\spring-context-7.0.2.jar;C:\Users\araom\.m2\repository\org\springframework\boot\spring-boot-autoconfigure\4.0.1\spring-boot-autoconfigure-4.0.1.jar;C:\Users\araom\.m2\repository\org\springframework\boot\spring-boot-starter-validation\4.0.1\spring-boot-starter-validation-4.0.1.jar;C:\Users\araom\.m2\repository\org\springframework\boot\spring-boot-starter\4.0.1\spring-boot-starter-4.0.1.jar;C:\Users\araom\.m2\repository\org\springframework\boot\spring-boot-starter-logging\4.0.1\spring-boot-starter-logging-4.0.1.jar;C:\Users\araom\.m2\repository\ch\qos\logback\logback-classic\1.5.22\logback-classic-1.5.22.jar;C:\Users\araom\.m2\repository\ch\qos\logback\logback-core\1.5.22\logback-core-1.5.22.jar;C:\Users\araom\.m2\repository\org\apache\logging\log4j\log4j-to-slf4j\2.25.3\log4j-to-slf4j-2.25.3.jar;C:\Users\araom\.m2\repository\org\apache\logging\log4j\log4j-api\2.25.3\log4j-api-2.25.3.jar;C:\Users\araom\.m2\repository\org\slf4j\jul-to-slf4j\2.0.17\jul-to-slf4j-2.0.17.jar;C:\Users\araom\.m2\repository\jakarta\annotation\jakarta.annotation-api\3.0.0\jakarta.annotation-api-3.0.0.jar;C:\Users\araom\.m2\repository\org\yaml\snakeyaml\2.5\snakeyaml-2.5.jar;C:\Users\araom\.m2\repository\org\springframework\boot\spring-boot-validation\4.0.1\spring-boot-validation-4.0.1.jar;C:\Users\araom\.m2\repository\org\apache\tomcat\embed\tomcat-embed-el\11.0.15\tomcat-embed-el-11.0.15.jar;C:\Users\araom\.m2\repository\org\hibernate\validator\hibernate-validator\9.0.1.Final\hibernate-validator-9.0.1.Final.jar;C:\Users\araom\.m2\repository\jakarta\validation\jakarta.validation-api\3.1.1\jakarta.validation-api-3.1.1.jar;C:\Users\araom\.m2\repository\org\jboss\logging\jboss-logging\3.6.1.Final\jboss-logging-3.6.1.Final.jar;C:\Users\araom\.m2\repository\com\fasterxml\classmate\1.7.1\classmate-1.7.1.jar;C:\Users\araom\.m2\repository\org\springframework\boot\spring-boot-starter-test\4.0.1\spring-boot-starter-test-4.0.1.jar;C:\Users\araom\.m2\repository\org\springframework\boot\spring-boot-test\4.0.1\spring-boot-test-4.0.1.jar;C:\Users\araom\.m2\repository\org\springframework\boot\spring-boot-test-autoconfigure\4.0.1\spring-boot-test-autoconfigure-4.0.1.jar;C:\Users\araom\.m2\repository\com\jayway\jsonpath\json-path\2.10.0\json-path-2.10.0.jar;C:\Users\araom\.m2\repository\org\slf4j\slf4j-api\2.0.17\slf4j-api-2.0.17.jar;C:\Users\araom\.m2\repository\jakarta\xml\bind\jakarta.xml.bind-api\4.0.4\jakarta.xml.bind-api-4.0.4.jar;C:\Users\araom\.m2\repository\jakarta\activation\jakarta.activation-api\2.1.4\jakarta.activation-api-2.1.4.jar;C:\Users\araom\.m2\repository\net\minidev\json-smart\2.6.0\json-smart-2.6.0.jar;C:\Users\araom\.m2\repository\net\minidev\accessors-smart\2.6.0\accessors-smart-2.6.0.jar;C:\Users\araom\.m2\repository\org\ow2\asm\asm\9.7.1\asm-9.7.1.jar;C:\Users\araom\.m2\repository\org\assertj\assertj-core\3.27.6\assertj-core-3.27.6.jar;C:\Users\araom\.m2\repository\net\bytebuddy\byte-buddy\1.17.8\byte-buddy-1.17.8.jar;C:\Users\araom\.m2\repository\org\awaitility\awaitility\4.3.0\awaitility-4.3.0.jar;C:\Users\araom\.m2\repository\org\hamcrest\hamcrest\3.0\hamcrest-3.0.jar;C:\Users\araom\.m2\repository\org\junit\jupiter\junit-jupiter\6.0.1\junit-jupiter-6.0.1.jar;C:\Users\araom\.m2\repository\org\junit\jupiter\junit-jupiter-api\6.0.1\junit-jupiter-api-6.0.1.jar;C:\Users\araom\.m2\repository\org\opentest4j\opentest4j\1.3.0\opentest4j-1.3.0.jar;C:\Users\araom\.m2\repository\org\junit\platform\junit-platform-commons\6.0.1\junit-platform-commons-6.0.1.jar;C:\Users\araom\.m2\repository\org\apiguardian\apiguardian-api\1.1.2\apiguardian-api-1.1.2.jar;C:\Users\araom\.m2\repository\org\junit\jupiter\junit-jupiter-params\6.0.1\junit-jupiter-params-6.0.1.jar;C:\Users\araom\.m2\repository\org\junit\jupiter\junit-jupiter-engine\6.0.1\junit-jupiter-engine-6.0.1.jar;C:\Users\araom\.m2\repository\org\junit\platform\junit-platform-engine\6.0.1\junit-platform-engine-6.0.1.jar;C:\Users\araom\.m2\repository\org\mockito\mockito-core\5.20.0\mockito-core-5.20.0.jar;C:\Users\araom\.m2\repository\net\bytebuddy\byte-buddy-agent\1.17.8\byte-buddy-agent-1.17.8.jar;C:\Users\araom\.m2\repository\org\objenesis\objenesis\3.3\objenesis-3.3.jar;C:\Users\araom\.m2\repository\org\mockito\mockito-junit-jupiter\5.20.0\mockito-junit-jupiter-5.20.0.jar;C:\Users\araom\.m2\repository\org\skyscreamer\jsonassert\1.5.3\jsonassert-1.5.3.jar;C:\Users\araom\.m2\repository\com\vaadin\external\google\android-json\0.0.20131108.vaadin1\android-json-0.0.20131108.vaadin1.jar;C:\Users\araom\.m2\repository\org\springframework\spring-core\7.0.2\spring-core-7.0.2.jar;C:\Users\araom\.m2\repository\commons-logging\commons-logging\1.3.5\commons-logging-1.3.5.jar;C:\Users\araom\.m2\repository\org\jspecify\jspecify\1.0.0\jspecify-1.0.0.jar;C:\Users\araom\.m2\repository\org\springframework\spring-test\7.0.2\spring-test-7.0.2.jar;C:\Users\araom\.m2\repository\org\xmlunit\xmlunit-core\2.10.4\xmlunit-core-2.10.4.jar;C:\Users\araom\.m2\repository\org\springframework\boot\spring-boot-starter-security\4.0.1\spring-boot-starter-security-4.0.1.jar;C:\Users\araom\.m2\repository\org\springframework\boot\spring-boot-security\4.0.1\spring-boot-security-4.0.1.jar;C:\Users\araom\.m2\repository\org\springframework\security\spring-security-config\7.0.2\spring-security-config-7.0.2.jar;C:\Users\araom\.m2\repository\org\springframework\security\spring-security-core\7.0.2\spring-security-core-7.0.2.jar;C:\Users\araom\.m2\repository\org\springframework\security\spring-security-crypto\7.0.2\spring-security-crypto-7.0.2.jar;C:\Users\araom\.m2\repository\org\springframework\security\spring-security-web\7.0.2\spring-security-web-7.0.2.jar;C:\Users\araom\.m2\repository\org\springframework\spring-aop\7.0.2\spring-aop-7.0.2.jar;C:\Users\araom\.m2\repository\org\springframework\spring-beans\7.0.2\spring-beans-7.0.2.jar;C:\Users\araom\.m2\repository\org\springframework\boot\spring-boot-starter-mail\4.0.1\spring-boot-starter-mail-4.0.1.jar;C:\Users\araom\.m2\repository\org\springframework\boot\spring-boot-mail\4.0.1\spring-boot-mail-4.0.1.jar;C:\Users\araom\.m2\repository\org\springframework\spring-context-support\7.0.2\spring-context-support-7.0.2.jar;C:\Users\araom\.m2\repository\jakarta\mail\jakarta.mail-api\2.1.5\jakarta.mail-api-2.1.5.jar;C:\Users\araom\.m2\repository\org\eclipse\angus\angus-mail\2.0.5\angus-mail-2.0.5.jar;C:\Users\araom\.m2\repository\org\eclipse\angus\angus-activation\2.0.3\angus-activation-2.0.3.jar;C:\Users\araom\.m2\repository\com\fasterxml\jackson\core\jackson-databind\2.20.1\jackson-databind-2.20.1.jar;C:\Users\araom\.m2\repository\com\fasterxml\jackson\core\jackson-annotations\2.20\jackson-annotations-2.20.jar;C:\Users\araom\.m2\repository\com\fasterxml\jackson\core\jackson-core\2.20.1\jackson-core-2.20.1.jar
Launcher Type: SUN_STANDARD

[Global flags]
     intx CICompilerCount                          = 4                                         {product} {ergonomic}
     uint ConcGCThreads                            = 3                                         {product} {ergonomic}
     uint G1ConcRefinementThreads                  = 10                                        {product} {ergonomic}
   size_t G1HeapRegionSize                         = 2097152                                   {product} {ergonomic}
    uintx GCDrainStackTargetSize                   = 64                                        {product} {ergonomic}
   size_t InitialHeapSize                          = 264241152                                 {product} {ergonomic}
   size_t MarkStackSize                            = 4194304                                   {product} {ergonomic}
   size_t MaxHeapSize                              = 4202692608                                {product} {ergonomic}
   size_t MaxNewSize                               = 2520776704                                {product} {ergonomic}
   size_t MinHeapDeltaBytes                        = 2097152                                   {product} {ergonomic}
   size_t MinHeapSize                              = 8388608                                   {product} {ergonomic}
    uintx NonNMethodCodeHeapSize                   = 5839372                                {pd product} {ergonomic}
    uintx NonProfiledCodeHeapSize                  = 122909434                              {pd product} {ergonomic}
    uintx ProfiledCodeHeapSize                     = 122909434                              {pd product} {ergonomic}
    uintx ReservedCodeCacheSize                    = 251658240                              {pd product} {ergonomic}
     bool SegmentedCodeCache                       = true                                      {product} {ergonomic}
   size_t SoftMaxHeapSize                          = 4202692608                             {manageable} {ergonomic}
     bool UseCompressedOops                        = true                           {product lp64_product} {ergonomic}
     bool UseG1GC                                  = true                                      {product} {ergonomic}
     bool UseLargePagesIndividualAllocation        = false                                  {pd product} {ergonomic}

Logging:
Log output configuration:
 #0: stdout all=warning uptime,level,tags foldmultilines=false
 #1: stderr all=off uptime,level,tags foldmultilines=false

Environment Variables:
JAVA_HOME=C:\Program Files\Eclipse Adoptium\jdk-21.0.6.7-hotspot\bin
PATH=C:\Program Files\Eclipse Adoptium\jdk-21.0.6.7-hotspot\bin;C:\Python313\Scripts\;C:\Python313\;C:\Python312\Scripts\;C:\Python312\;C:\WINDOWS\system32;C:\WINDOWS;C:\WINDOWS\System32\Wbem;C:\WINDOWS\System32\WindowsPowerShell\v1.0\;C:\WINDOWS\System32\OpenSSH\;C:\Program Files\Git\cmd;C:\Program Files (x86)\dotnet\;C:\MAMP\bin\mysql\bin;C:\Program Files\nodejs\;C:\ProgramData\chocolatey\bin;;C:\Program Files\Docker\Docker\resources\bin;C:\Users\araom\AppData\Local\Programs\Eclipse Adoptium\jdk-21.0.6.7-hotspot\bin;C:\Users\araom\AppData\Local\Microsoft\WindowsApps;C:\Users\araom\AppData\Local\Programs\Microsoft VS Code\bin;C:\Users\araom\AppData\Roaming\npm;C:\Users\araom\AppData\Local\JetBrains\Toolbox\scripts;C:\Users\araom\AppData\Local\Programs\mongosh\
USERNAME=araom
OS=Windows_NT
PROCESSOR_IDENTIFIER=Intel64 Family 6 Model 186 Stepping 3, GenuineIntel
TMP=C:\Users\araom\AppData\Local\Temp
TEMP=C:\Users\araom\AppData\Local\Temp




Periodic native trim disabled

---------------  S Y S T E M  ---------------

OS:
 Windows 11 , 64 bit Build 26100 (10.0.26100.5074)
OS uptime: 0 days 0:40 hours
Hyper-V role detected

CPU: total 12 (initial active 12) (6 cores per cpu, 2 threads per core) family 6 model 186 stepping 3 microcode 0x4129, cx8, cmov, fxsr, ht, mmx, 3dnowpref, sse, sse2, sse3, ssse3, sse4.1, sse4.2, popcnt, lzcnt, tsc, tscinvbit, avx, avx2, aes, erms, clmul, bmi1, bmi2, adx, sha, fma, vzeroupper, clflush, clflushopt, clwb, hv, serialize, rdtscp, rdpid, fsrm, f16c, cet_ibt, cet_ss
Processor Information for the first 12 processors :
  Max Mhz: 1300, Current Mhz: 1300, Mhz Limit: 1300

Memory: 4k page, system-wide physical 16024M (1302M free)
TotalPageFile size 21560M (AvailPageFile size 325M)
current process WorkingSet (physical memory assigned to process): 36M, peak: 36M
current process commit charge ("private bytes"): 338M, peak: 338M

vm_info: OpenJDK 64-Bit Server VM (21.0.8+9-LTS) for windows-amd64 JRE (21.0.8+9-LTS), built on 2025-07-10T20:22:44Z by "MicrosoftCorporation" with unknown MS VC++:1944

END.
