#
# There is insufficient memory for the Java Runtime Environment to continue.
# Native memory allocation (mmap) failed to map 708837376 bytes. Error detail: G1 virtual space
# Possible reasons:
#   The system is out of physical RAM or swap space
#   This process is running with CompressedOops enabled, and the Java Heap may be blocking the growth of the native heap
# Possible solutions:
#   Reduce memory load on the system
#   Increase physical memory or swap space
#   Check if swap backing store is full
#   Decrease Java heap size (-Xmx/-Xms)
#   Decrease number of Java threads
#   Decrease Java thread stack sizes (-Xss)
#   Set larger code cache with -XX:ReservedCodeCacheSize=
#   JVM is running with Zero Based Compressed Oops mode in which the Java heap is
#     placed in the first 32GB address space. The Java Heap base address is the
#     maximum limit for the native heap growth. Please use -XX:HeapBaseMinAddress
#     to set the Java Heap base and to place the Java Heap above 32GB virtual address.
# This output file may be truncated or incomplete.
#
#  Out of Memory Error (os_windows.cpp:3736), pid=31292, tid=10080
#
# JRE version: OpenJDK Runtime Environment Microsoft-11933218 (21.0.8+9) (build 21.0.8+9-LTS)
# Java VM: OpenJDK 64-Bit Server VM Microsoft-11933218 (21.0.8+9-LTS, mixed mode, emulated-client, sharing, tiered, compressed oops, compressed class ptrs, g1 gc, windows-amd64)
# No core dump will be written. Minidumps are not enabled by default on client versions of Windows
#

---------------  S U M M A R Y ------------

Command Line: -XX:TieredStopAtLevel=1 -Dspring.output.ansi.enabled=always -javaagent:C:\Users\araom\AppData\Local\Programs\IntelliJ IDEA Community Edition\lib\idea_rt.jar=56438 -Dfile.encoding=UTF-8 -Dsun.stdout.encoding=UTF-8 -Dsun.stderr.encoding=UTF-8 com.jobportal.Job.Poratl.JobPoratlApplication

Host: 13th Gen Intel(R) Core(TM) i5-1335U, 12 cores, 15G,  Windows 11 , 64 bit Build 26100 (10.0.26100.5074)
Time: Sat Feb 14 12:14:14 2026 elapsed time: 124.588043 seconds (0d 0h 2m 4s)

---------------  T H R E A D  ---------------

Current thread (0x000001aa42c1c220):  VMThread "VM Thread"          [id=10080, stack(0x0000005397200000,0x0000005397300000) (1024K)]

Stack: [0x0000005397200000,0x0000005397300000]
Native frames: (J=compiled Java code, j=interpreted, Vv=VM code, C=native code)
V  [jvm.dll+0x6e1729]
V  [jvm.dll+0x8bf47b]
V  [jvm.dll+0x8c19aa]
V  [jvm.dll+0x8c2083]
V  [jvm.dll+0x289fd6]
V  [jvm.dll+0x6de085]
V  [jvm.dll+0x6d218a]
V  [jvm.dll+0x366f6e]
V  [jvm.dll+0x36ee1b]
V  [jvm.dll+0x3c06b9]
V  [jvm.dll+0x3c095b]
V  [jvm.dll+0x33a8b7]
V  [jvm.dll+0x33a947]
V  [jvm.dll+0x37f68c]
V  [jvm.dll+0x37de6e]
V  [jvm.dll+0x33a011]
V  [jvm.dll+0x37d898]
V  [jvm.dll+0x8c7def]
V  [jvm.dll+0x8c92fc]
V  [jvm.dll+0x8c9874]
V  [jvm.dll+0x8c9973]
V  [jvm.dll+0x86975d]
V  [jvm.dll+0x6dff2d]
C  [ucrtbase.dll+0x37b0]
C  [KERNEL32.DLL+0x2e8d7]
C  [ntdll.dll+0x8d9c]

VM_Operation (0x00000053997f6f50): G1TryInitiateConcMark, mode: safepoint, requested by thread 0x000001aa8a15cfd0


---------------  P R O C E S S  ---------------

Threads class SMR info:
_java_thread_list=0x000001aa893a2280, length=33, elements={
0x000001aa42c3b1f0, 0x000001aa42c3ce50, 0x000001aa42c418a0, 0x000001aa42c44430,
0x000001aa42c45b20, 0x000001aa42c466a0, 0x000001aa42c47d90, 0x000001aa880c1190,
0x000001aa883fe350, 0x000001aa8853bef0, 0x000001aa898b3f60, 0x000001aa89967ea0,
0x000001aa8a0ba550, 0x000001aa8a0c9530, 0x000001aa8a15af00, 0x000001aa8a15c2b0,
0x000001aa8a15b590, 0x000001aa8a15dcf0, 0x000001aa8a15c940, 0x000001aa8a15cfd0,
0x000001aa8a15d660, 0x000001aa8a15e380, 0x000001aa8a15bc20, 0x000001aa8a59ea20,
0x000001aa8a59cfe0, 0x000001aa8a59e390, 0x000001aa8a59c950, 0x000001aa8a59b5a0,
0x000001aa8a59bc30, 0x000001aa8a59c2c0, 0x000001aa8a59d670, 0x000001aa8a59dd00,
0x000001aa8a84f4b0
}

Java Threads: ( => current thread )
  0x000001aa42c3b1f0 JavaThread "Reference Handler"          daemon [_thread_blocked, id=7188, stack(0x0000005397300000,0x0000005397400000) (1024K)]
  0x000001aa42c3ce50 JavaThread "Finalizer"                  daemon [_thread_blocked, id=20332, stack(0x0000005397400000,0x0000005397500000) (1024K)]
  0x000001aa42c418a0 JavaThread "Signal Dispatcher"          daemon [_thread_blocked, id=15128, stack(0x0000005397500000,0x0000005397600000) (1024K)]
  0x000001aa42c44430 JavaThread "Attach Listener"            daemon [_thread_blocked, id=15312, stack(0x0000005397600000,0x0000005397700000) (1024K)]
  0x000001aa42c45b20 JavaThread "Service Thread"             daemon [_thread_blocked, id=3136, stack(0x0000005397700000,0x0000005397800000) (1024K)]
  0x000001aa42c466a0 JavaThread "Monitor Deflation Thread"   daemon [_thread_blocked, id=14864, stack(0x0000005397800000,0x0000005397900000) (1024K)]
  0x000001aa42c47d90 JavaThread "C1 CompilerThread0"         daemon [_thread_blocked, id=21996, stack(0x0000005397900000,0x0000005397a00000) (1024K)]
  0x000001aa880c1190 JavaThread "Common-Cleaner"             daemon [_thread_blocked, id=3068, stack(0x0000005397b00000,0x0000005397c00000) (1024K)]
  0x000001aa883fe350 JavaThread "Monitor Ctrl-Break"         daemon [_thread_in_native, id=2308, stack(0x0000005397d00000,0x0000005397e00000) (1024K)]
  0x000001aa8853bef0 JavaThread "Notification Thread"        daemon [_thread_blocked, id=2432, stack(0x0000005397e00000,0x0000005397f00000) (1024K)]
  0x000001aa898b3f60 JavaThread "BufferPoolPruner-1-thread-1" daemon [_thread_blocked, id=20152, stack(0x0000005398d00000,0x0000005398e00000) (1024K)]
  0x000001aa89967ea0 JavaThread "cluster-ClusterId{value='698fe80cf85ceb3e56f927e8', description='null'}-localhost:27017" daemon [_thread_in_native, id=28244, stack(0x0000005398e00000,0x0000005398f00000) (1024K)]
  0x000001aa8a0ba550 JavaThread "cluster-rtt-ClusterId{value='698fe80cf85ceb3e56f927e8', description='null'}-localhost:27017" daemon [_thread_blocked, id=8252, stack(0x0000005399000000,0x0000005399100000) (1024K)]
  0x000001aa8a0c9530 JavaThread "MaintenanceTimer-2-thread-1" daemon [_thread_blocked, id=1216, stack(0x0000005399100000,0x0000005399200000) (1024K)]
  0x000001aa8a15af00 JavaThread "Catalina-utility-1"                [_thread_blocked, id=5696, stack(0x0000005399200000,0x0000005399300000) (1024K)]
  0x000001aa8a15c2b0 JavaThread "Catalina-utility-2"                [_thread_blocked, id=20232, stack(0x0000005399300000,0x0000005399400000) (1024K)]
  0x000001aa8a15b590 JavaThread "container-0"                       [_thread_blocked, id=27928, stack(0x0000005399400000,0x0000005399500000) (1024K)]
  0x000001aa8a15dcf0 JavaThread "File Watcher"               daemon [_thread_blocked, id=30896, stack(0x0000005399500000,0x0000005399600000) (1024K)]
  0x000001aa8a15c940 JavaThread "http-nio-8080-exec-1"       daemon [_thread_blocked, id=21180, stack(0x0000005399600000,0x0000005399700000) (1024K)]
  0x000001aa8a15cfd0 JavaThread "http-nio-8080-exec-2"       daemon [_thread_blocked, id=19308, stack(0x0000005399700000,0x0000005399800000) (1024K)]
  0x000001aa8a15d660 JavaThread "http-nio-8080-exec-3"       daemon [_thread_blocked, id=31716, stack(0x0000005399800000,0x0000005399900000) (1024K)]
  0x000001aa8a15e380 JavaThread "http-nio-8080-exec-4"       daemon [_thread_blocked, id=22184, stack(0x0000005399900000,0x0000005399a00000) (1024K)]
  0x000001aa8a15bc20 JavaThread "http-nio-8080-exec-5"       daemon [_thread_blocked, id=2304, stack(0x0000005399a00000,0x0000005399b00000) (1024K)]
  0x000001aa8a59ea20 JavaThread "http-nio-8080-exec-6"       daemon [_thread_blocked, id=26912, stack(0x0000005399b00000,0x0000005399c00000) (1024K)]
  0x000001aa8a59cfe0 JavaThread "http-nio-8080-exec-7"       daemon [_thread_blocked, id=27800, stack(0x0000005399c00000,0x0000005399d00000) (1024K)]
  0x000001aa8a59e390 JavaThread "http-nio-8080-exec-8"       daemon [_thread_blocked, id=18268, stack(0x0000005399d00000,0x0000005399e00000) (1024K)]
  0x000001aa8a59c950 JavaThread "http-nio-8080-exec-9"       daemon [_thread_blocked, id=428, stack(0x0000005399e00000,0x0000005399f00000) (1024K)]
  0x000001aa8a59b5a0 JavaThread "http-nio-8080-exec-10"      daemon [_thread_blocked, id=5356, stack(0x0000005399f00000,0x000000539a000000) (1024K)]
  0x000001aa8a59bc30 JavaThread "http-nio-8080-Poller"       daemon [_thread_in_native, id=25796, stack(0x000000539a000000,0x000000539a100000) (1024K)]
  0x000001aa8a59c2c0 JavaThread "http-nio-8080-Acceptor"     daemon [_thread_in_native, id=32048, stack(0x000000539a100000,0x000000539a200000) (1024K)]
  0x000001aa8a59d670 JavaThread "scheduling-1"                      [_thread_blocked, id=22372, stack(0x000000539a200000,0x000000539a300000) (1024K)]
  0x000001aa8a59dd00 JavaThread "DestroyJavaVM"                     [_thread_blocked, id=9532, stack(0x0000005396b00000,0x0000005396c00000) (1024K)]
  0x000001aa8a84f4b0 JavaThread "C1 CompilerThread1"         daemon [_thread_blocked, id=7272, stack(0x0000005396800000,0x0000005396900000) (1024K)]
Total: 33

Other Threads:
=>0x000001aa42c1c220 VMThread "VM Thread"                           [id=10080, stack(0x0000005397200000,0x0000005397300000) (1024K)]
  0x000001aa42c07530 WatcherThread "VM Periodic Task Thread"        [id=19564, stack(0x0000005397100000,0x0000005397200000) (1024K)]
  0x000001aa2f6ec530 WorkerThread "GC Thread#0"                     [id=17216, stack(0x0000005396c00000,0x0000005396d00000) (1024K)]
  0x000001aa8896b2c0 WorkerThread "GC Thread#1"                     [id=3356, stack(0x0000005398000000,0x0000005398100000) (1024K)]
  0x000001aa8896b660 WorkerThread "GC Thread#2"                     [id=29260, stack(0x0000005398100000,0x0000005398200000) (1024K)]
  0x000001aa8896be00 WorkerThread "GC Thread#3"                     [id=25732, stack(0x0000005398200000,0x0000005398300000) (1024K)]
  0x000001aa8896c1a0 WorkerThread "GC Thread#4"                     [id=21464, stack(0x0000005398300000,0x0000005398400000) (1024K)]
  0x000001aa889de940 WorkerThread "GC Thread#5"                     [id=32124, stack(0x0000005398400000,0x0000005398500000) (1024K)]
  0x000001aa88ddf480 WorkerThread "GC Thread#6"                     [id=11176, stack(0x0000005398800000,0x0000005398900000) (1024K)]
  0x000001aa88dc46b0 WorkerThread "GC Thread#7"                     [id=22896, stack(0x0000005398900000,0x0000005398a00000) (1024K)]
  0x000001aa88ded100 WorkerThread "GC Thread#8"                     [id=19904, stack(0x0000005398a00000,0x0000005398b00000) (1024K)]
  0x000001aa88df0de0 WorkerThread "GC Thread#9"                     [id=8596, stack(0x0000005398b00000,0x0000005398c00000) (1024K)]
  0x000001aa2f6fdeb0 ConcurrentGCThread "G1 Main Marker"            [id=8080, stack(0x0000005396d00000,0x0000005396e00000) (1024K)]
  0x000001aa2f6fecc0 WorkerThread "G1 Conc#0"                       [id=8076, stack(0x0000005396e00000,0x0000005396f00000) (1024K)]
  0x000001aa88df1c60 WorkerThread "G1 Conc#1"                       [id=26720, stack(0x0000005398700000,0x0000005398800000) (1024K)]
  0x000001aa88df18c0 WorkerThread "G1 Conc#2"                       [id=32260, stack(0x0000005398c00000,0x0000005398d00000) (1024K)]
  0x000001aa42ad7a50 ConcurrentGCThread "G1 Refine#0"               [id=17356, stack(0x0000005396f00000,0x0000005397000000) (1024K)]
  0x000001aa42ad85c0 ConcurrentGCThread "G1 Service"                [id=13156, stack(0x0000005397000000,0x0000005397100000) (1024K)]
Total: 18

Threads with active compile tasks:
C1 CompilerThread0  124623 6887       1       java.io.InputStreamReader::<init> (33 bytes)
Total: 1

VM state: at safepoint (normal execution)

VM Mutex/Monitor currently owned by a thread:  ([mutex/lock_event])
[0x00007ffa66fda7c8] Threads_lock - owner thread: 0x000001aa42c1c220
[0x00007ffa66fda8c8] Heap_lock - owner thread: 0x000001aa8a15cfd0

Heap address: 0x0000000705800000, size: 4008 MB, Compressed Oops mode: Zero based, Oop shift amount: 3

CDS archive(s) mapped at: [0x000001aa43000000-0x000001aa43c80000-0x000001aa43c80000), size 13107200, SharedBaseAddress: 0x000001aa43000000, ArchiveRelocationMode: 1.
Compressed class space mapped at: 0x000001aa44000000-0x000001aa84000000, reserved size: 1073741824
Narrow klass base: 0x000001aa43000000, Narrow klass shift: 0, Narrow klass range: 0x100000000

GC Precious Log:
 CardTable entry size: 512
 Card Set container configuration: InlinePtr #cards 4 size 8 Array Of Cards #cards 16 size 48 Howl #buckets 8 coarsen threshold 3686 Howl Bitmap #cards 512 size 80 coarsen threshold 460 Card regions per heap region 1 cards per card region 4096
 CPUs: 12 total, 12 available
 Memory: 16024M
 Large Page Support: Disabled
 NUMA Support: Disabled
 Compressed Oops: Enabled (Zero based)
 Heap Region Size: 2M
 Heap Min Capacity: 8M
 Heap Initial Capacity: 252M
 Heap Max Capacity: 4008M
 Pre-touch: Disabled
 Parallel Workers: 10
 Concurrent Workers: 3
 Concurrent Refinement Workers: 10
 Periodic GC: Disabled

Heap:
 garbage-first heap   total 432128K, used 45056K [0x0000000705800000, 0x0000000800000000)
  region size 2048K, 4 young (8192K), 4 survivors (8192K)
 Metaspace       used 51320K, committed 52096K, reserved 1114112K
  class space    used 7342K, committed 7680K, reserved 1048576K

Heap Regions: E=young(eden), S=young(survivor), O=old, HS=humongous(starts), HC=humongous(continues), CS=collection set, F=free, TAMS=top-at-mark-start, PB=parsable bottom
|   0|0x0000000705800000, 0x0000000705a00000, 0x0000000705a00000|100%| O|  |TAMS 0x0000000705a00000| PB 0x0000000705800000| Untracked 
|   1|0x0000000705a00000, 0x0000000705c00000, 0x0000000705c00000|100%| O|  |TAMS 0x0000000705c00000| PB 0x0000000705a00000| Untracked 
|   2|0x0000000705c00000, 0x0000000705e00000, 0x0000000705e00000|100%| O|  |TAMS 0x0000000705e00000| PB 0x0000000705c00000| Untracked 
|   3|0x0000000705e00000, 0x0000000706000000, 0x0000000706000000|100%| O|  |TAMS 0x0000000706000000| PB 0x0000000705e00000| Untracked 
|   4|0x0000000706000000, 0x0000000706200000, 0x0000000706200000|100%| O|  |TAMS 0x0000000706200000| PB 0x0000000706000000| Untracked 
|   5|0x0000000706200000, 0x0000000706400000, 0x0000000706400000|100%| O|  |TAMS 0x0000000706400000| PB 0x0000000706200000| Untracked 
|   6|0x0000000706400000, 0x0000000706400000, 0x0000000706600000|  0%| F|  |TAMS 0x0000000706400000| PB 0x0000000706400000| Untracked 
|   7|0x0000000706600000, 0x0000000706800000, 0x0000000706800000|100%| O|  |TAMS 0x0000000706800000| PB 0x0000000706600000| Untracked 
|   8|0x0000000706800000, 0x0000000706a00000, 0x0000000706a00000|100%| O|  |TAMS 0x0000000706a00000| PB 0x0000000706800000| Untracked 
|   9|0x0000000706a00000, 0x0000000706c00000, 0x0000000706c00000|100%| O|  |TAMS 0x0000000706c00000| PB 0x0000000706a00000| Untracked 
|  10|0x0000000706c00000, 0x0000000706e00000, 0x0000000706e00000|100%| O|  |TAMS 0x0000000706e00000| PB 0x0000000706c00000| Untracked 
|  11|0x0000000706e00000, 0x0000000707000000, 0x0000000707000000|100%| O|  |TAMS 0x0000000707000000| PB 0x0000000706e00000| Untracked 
|  12|0x0000000707000000, 0x0000000707000000, 0x0000000707200000|  0%| F|  |TAMS 0x0000000707000000| PB 0x0000000707000000| Untracked 
|  13|0x0000000707200000, 0x0000000707200000, 0x0000000707400000|  0%| F|  |TAMS 0x0000000707200000| PB 0x0000000707200000| Untracked 
|  14|0x0000000707400000, 0x0000000707400000, 0x0000000707600000|  0%| F|  |TAMS 0x0000000707400000| PB 0x0000000707400000| Untracked 
|  15|0x0000000707600000, 0x0000000707600000, 0x0000000707800000|  0%| F|  |TAMS 0x0000000707600000| PB 0x0000000707600000| Untracked 
|  16|0x0000000707800000, 0x0000000707800000, 0x0000000707a00000|  0%| F|  |TAMS 0x0000000707800000| PB 0x0000000707800000| Untracked 
|  17|0x0000000707a00000, 0x0000000707a00000, 0x0000000707c00000|  0%| F|  |TAMS 0x0000000707a00000| PB 0x0000000707a00000| Untracked 
|  18|0x0000000707c00000, 0x0000000707c00000, 0x0000000707e00000|  0%| F|  |TAMS 0x0000000707c00000| PB 0x0000000707c00000| Untracked 
|  19|0x0000000707e00000, 0x0000000707e00000, 0x0000000708000000|  0%| F|  |TAMS 0x0000000707e00000| PB 0x0000000707e00000| Untracked 
|  20|0x0000000708000000, 0x0000000708000000, 0x0000000708200000|  0%| F|  |TAMS 0x0000000708000000| PB 0x0000000708000000| Untracked 
|  21|0x0000000708200000, 0x0000000708200000, 0x0000000708400000|  0%| F|  |TAMS 0x0000000708200000| PB 0x0000000708200000| Untracked 
|  22|0x0000000708400000, 0x0000000708400000, 0x0000000708600000|  0%| F|  |TAMS 0x0000000708400000| PB 0x0000000708400000| Untracked 
|  23|0x0000000708600000, 0x0000000708600000, 0x0000000708800000|  0%| F|  |TAMS 0x0000000708600000| PB 0x0000000708600000| Untracked 
|  24|0x0000000708800000, 0x0000000708800000, 0x0000000708a00000|  0%| F|  |TAMS 0x0000000708800000| PB 0x0000000708800000| Untracked 
|  25|0x0000000708a00000, 0x0000000708a00000, 0x0000000708c00000|  0%| F|  |TAMS 0x0000000708a00000| PB 0x0000000708a00000| Untracked 
|  26|0x0000000708c00000, 0x0000000708c00000, 0x0000000708e00000|  0%| F|  |TAMS 0x0000000708c00000| PB 0x0000000708c00000| Untracked 
|  27|0x0000000708e00000, 0x0000000708fc36e8, 0x0000000709000000| 88%| O|  |TAMS 0x0000000708fc36e8| PB 0x0000000708e00000| Untracked 
|  28|0x0000000709000000, 0x0000000709000000, 0x0000000709200000|  0%| F|  |TAMS 0x0000000709000000| PB 0x0000000709000000| Untracked 
|  29|0x0000000709200000, 0x0000000709200000, 0x0000000709400000|  0%| F|  |TAMS 0x0000000709200000| PB 0x0000000709200000| Untracked 
|  30|0x0000000709400000, 0x0000000709400000, 0x0000000709600000|  0%| F|  |TAMS 0x0000000709400000| PB 0x0000000709400000| Untracked 
|  31|0x0000000709600000, 0x0000000709600000, 0x0000000709800000|  0%| F|  |TAMS 0x0000000709600000| PB 0x0000000709600000| Untracked 
|  32|0x0000000709800000, 0x0000000709800000, 0x0000000709a00000|  0%| F|  |TAMS 0x0000000709800000| PB 0x0000000709800000| Untracked 
|  33|0x0000000709a00000, 0x0000000709a00000, 0x0000000709c00000|  0%| F|  |TAMS 0x0000000709a00000| PB 0x0000000709a00000| Untracked 
|  34|0x0000000709c00000, 0x0000000709c00000, 0x0000000709e00000|  0%| F|  |TAMS 0x0000000709c00000| PB 0x0000000709c00000| Untracked 
|  35|0x0000000709e00000, 0x0000000709e00000, 0x000000070a000000|  0%| F|  |TAMS 0x0000000709e00000| PB 0x0000000709e00000| Untracked 
|  36|0x000000070a000000, 0x000000070a000000, 0x000000070a200000|  0%| F|  |TAMS 0x000000070a000000| PB 0x000000070a000000| Untracked 
|  37|0x000000070a200000, 0x000000070a200000, 0x000000070a400000|  0%| F|  |TAMS 0x000000070a200000| PB 0x000000070a200000| Untracked 
|  38|0x000000070a400000, 0x000000070a400000, 0x000000070a600000|  0%| F|  |TAMS 0x000000070a400000| PB 0x000000070a400000| Untracked 
|  39|0x000000070a600000, 0x000000070a600000, 0x000000070a800000|  0%| F|  |TAMS 0x000000070a600000| PB 0x000000070a600000| Untracked 
|  40|0x000000070a800000, 0x000000070a800000, 0x000000070aa00000|  0%| F|  |TAMS 0x000000070a800000| PB 0x000000070a800000| Untracked 
|  41|0x000000070aa00000, 0x000000070aa00000, 0x000000070ac00000|  0%| F|  |TAMS 0x000000070aa00000| PB 0x000000070aa00000| Untracked 
|  42|0x000000070ac00000, 0x000000070ac00000, 0x000000070ae00000|  0%| F|  |TAMS 0x000000070ac00000| PB 0x000000070ac00000| Untracked 
|  43|0x000000070ae00000, 0x000000070ae00000, 0x000000070b000000|  0%| F|  |TAMS 0x000000070ae00000| PB 0x000000070ae00000| Untracked 
|  44|0x000000070b000000, 0x000000070b000000, 0x000000070b200000|  0%| F|  |TAMS 0x000000070b000000| PB 0x000000070b000000| Untracked 
|  45|0x000000070b200000, 0x000000070b200000, 0x000000070b400000|  0%| F|  |TAMS 0x000000070b200000| PB 0x000000070b200000| Untracked 
|  46|0x000000070b400000, 0x000000070b400000, 0x000000070b600000|  0%| F|  |TAMS 0x000000070b400000| PB 0x000000070b400000| Untracked 
|  47|0x000000070b600000, 0x000000070b600000, 0x000000070b800000|  0%| F|  |TAMS 0x000000070b600000| PB 0x000000070b600000| Untracked 
|  48|0x000000070b800000, 0x000000070b800000, 0x000000070ba00000|  0%| F|  |TAMS 0x000000070b800000| PB 0x000000070b800000| Untracked 
|  49|0x000000070ba00000, 0x000000070ba00000, 0x000000070bc00000|  0%| F|  |TAMS 0x000000070ba00000| PB 0x000000070ba00000| Untracked 
|  50|0x000000070bc00000, 0x000000070bc00000, 0x000000070be00000|  0%| F|  |TAMS 0x000000070bc00000| PB 0x000000070bc00000| Untracked 
|  51|0x000000070be00000, 0x000000070be00000, 0x000000070c000000|  0%| F|  |TAMS 0x000000070be00000| PB 0x000000070be00000| Untracked 
|  52|0x000000070c000000, 0x000000070c000000, 0x000000070c200000|  0%| F|  |TAMS 0x000000070c000000| PB 0x000000070c000000| Untracked 
|  53|0x000000070c200000, 0x000000070c200000, 0x000000070c400000|  0%| F|  |TAMS 0x000000070c200000| PB 0x000000070c200000| Untracked 
|  54|0x000000070c400000, 0x000000070c400000, 0x000000070c600000|  0%| F|  |TAMS 0x000000070c400000| PB 0x000000070c400000| Untracked 
|  55|0x000000070c600000, 0x000000070c600000, 0x000000070c800000|  0%| F|  |TAMS 0x000000070c600000| PB 0x000000070c600000| Untracked 
|  56|0x000000070c800000, 0x000000070c800000, 0x000000070ca00000|  0%| F|  |TAMS 0x000000070c800000| PB 0x000000070c800000| Untracked 
|  57|0x000000070ca00000, 0x000000070ca00000, 0x000000070cc00000|  0%| F|  |TAMS 0x000000070ca00000| PB 0x000000070ca00000| Untracked 
|  58|0x000000070cc00000, 0x000000070cc00000, 0x000000070ce00000|  0%| F|  |TAMS 0x000000070cc00000| PB 0x000000070cc00000| Untracked 
|  59|0x000000070ce00000, 0x000000070ce00000, 0x000000070d000000|  0%| F|  |TAMS 0x000000070ce00000| PB 0x000000070ce00000| Untracked 
|  60|0x000000070d000000, 0x000000070d000000, 0x000000070d200000|  0%| F|  |TAMS 0x000000070d000000| PB 0x000000070d000000| Untracked 
|  61|0x000000070d200000, 0x000000070d200000, 0x000000070d400000|  0%| F|  |TAMS 0x000000070d200000| PB 0x000000070d200000| Untracked 
|  62|0x000000070d400000, 0x000000070d400000, 0x000000070d600000|  0%| F|  |TAMS 0x000000070d400000| PB 0x000000070d400000| Untracked 
|  63|0x000000070d600000, 0x000000070d600000, 0x000000070d800000|  0%| F|  |TAMS 0x000000070d600000| PB 0x000000070d600000| Untracked 
|  64|0x000000070d800000, 0x000000070d800000, 0x000000070da00000|  0%| F|  |TAMS 0x000000070d800000| PB 0x000000070d800000| Untracked 
|  65|0x000000070da00000, 0x000000070da00000, 0x000000070dc00000|  0%| F|  |TAMS 0x000000070da00000| PB 0x000000070da00000| Untracked 
|  66|0x000000070dc00000, 0x000000070dc00000, 0x000000070de00000|  0%| F|  |TAMS 0x000000070dc00000| PB 0x000000070dc00000| Untracked 
|  67|0x000000070de00000, 0x000000070de00000, 0x000000070e000000|  0%| F|  |TAMS 0x000000070de00000| PB 0x000000070de00000| Untracked 
|  68|0x000000070e000000, 0x000000070e000000, 0x000000070e200000|  0%| F|  |TAMS 0x000000070e000000| PB 0x000000070e000000| Untracked 
|  69|0x000000070e200000, 0x000000070e200000, 0x000000070e400000|  0%| F|  |TAMS 0x000000070e200000| PB 0x000000070e200000| Untracked 
|  70|0x000000070e400000, 0x000000070e400000, 0x000000070e600000|  0%| F|  |TAMS 0x000000070e400000| PB 0x000000070e400000| Untracked 
|  71|0x000000070e600000, 0x000000070e600000, 0x000000070e800000|  0%| F|  |TAMS 0x000000070e600000| PB 0x000000070e600000| Untracked 
|  72|0x000000070e800000, 0x000000070e800000, 0x000000070ea00000|  0%| F|  |TAMS 0x000000070e800000| PB 0x000000070e800000| Untracked 
|  73|0x000000070ea00000, 0x000000070ea00000, 0x000000070ec00000|  0%| F|  |TAMS 0x000000070ea00000| PB 0x000000070ea00000| Untracked 
|  74|0x000000070ec00000, 0x000000070ec00000, 0x000000070ee00000|  0%| F|  |TAMS 0x000000070ec00000| PB 0x000000070ec00000| Untracked 
|  75|0x000000070ee00000, 0x000000070ee00000, 0x000000070f000000|  0%| F|  |TAMS 0x000000070ee00000| PB 0x000000070ee00000| Untracked 
|  76|0x000000070f000000, 0x000000070f000000, 0x000000070f200000|  0%| F|  |TAMS 0x000000070f000000| PB 0x000000070f000000| Untracked 
|  77|0x000000070f200000, 0x000000070f200000, 0x000000070f400000|  0%| F|  |TAMS 0x000000070f200000| PB 0x000000070f200000| Untracked 
|  78|0x000000070f400000, 0x000000070f400000, 0x000000070f600000|  0%| F|  |TAMS 0x000000070f400000| PB 0x000000070f400000| Untracked 
|  79|0x000000070f600000, 0x000000070f600000, 0x000000070f800000|  0%| F|  |TAMS 0x000000070f600000| PB 0x000000070f600000| Untracked 
|  80|0x000000070f800000, 0x000000070f800000, 0x000000070fa00000|  0%| F|  |TAMS 0x000000070f800000| PB 0x000000070f800000| Untracked 
|  81|0x000000070fa00000, 0x000000070fa00000, 0x000000070fc00000|  0%| F|  |TAMS 0x000000070fa00000| PB 0x000000070fa00000| Untracked 
|  82|0x000000070fc00000, 0x000000070fc00000, 0x000000070fe00000|  0%| F|  |TAMS 0x000000070fc00000| PB 0x000000070fc00000| Untracked 
|  83|0x000000070fe00000, 0x000000070fe00000, 0x0000000710000000|  0%| F|  |TAMS 0x000000070fe00000| PB 0x000000070fe00000| Untracked 
|  84|0x0000000710000000, 0x0000000710000000, 0x0000000710200000|  0%| F|  |TAMS 0x0000000710000000| PB 0x0000000710000000| Untracked 
|  85|0x0000000710200000, 0x0000000710200000, 0x0000000710400000|  0%| F|  |TAMS 0x0000000710200000| PB 0x0000000710200000| Untracked 
|  86|0x0000000710400000, 0x0000000710600000, 0x0000000710600000|100%|HS|  |TAMS 0x0000000710600000| PB 0x0000000710400000| Complete 
|  87|0x0000000710600000, 0x0000000710800000, 0x0000000710800000|100%|HC|  |TAMS 0x0000000710800000| PB 0x0000000710600000| Complete 
|  88|0x0000000710800000, 0x0000000710a00000, 0x0000000710a00000|100%|HC|  |TAMS 0x0000000710a00000| PB 0x0000000710800000| Complete 
|  89|0x0000000710a00000, 0x0000000710c00000, 0x0000000710c00000|100%|HC|  |TAMS 0x0000000710c00000| PB 0x0000000710a00000| Complete 
|  90|0x0000000710c00000, 0x0000000710e00000, 0x0000000710e00000|100%|HC|  |TAMS 0x0000000710e00000| PB 0x0000000710c00000| Complete 
|  91|0x0000000710e00000, 0x0000000710e00000, 0x0000000711000000|  0%| F|  |TAMS 0x0000000710e00000| PB 0x0000000710e00000| Untracked 
|  92|0x0000000711000000, 0x0000000711200000, 0x0000000711200000|100%|HS|  |TAMS 0x0000000711200000| PB 0x0000000711000000| Complete 
|  93|0x0000000711200000, 0x0000000711200000, 0x0000000711400000|  0%| F|  |TAMS 0x0000000711200000| PB 0x0000000711200000| Untracked 
|  94|0x0000000711400000, 0x0000000711600000, 0x0000000711600000|100%|HS|  |TAMS 0x0000000711600000| PB 0x0000000711400000| Complete 
|  95|0x0000000711600000, 0x0000000711600000, 0x0000000711800000|  0%| F|  |TAMS 0x0000000711600000| PB 0x0000000711600000| Untracked 
|  96|0x0000000711800000, 0x0000000711800000, 0x0000000711a00000|  0%| F|  |TAMS 0x0000000711800000| PB 0x0000000711800000| Untracked 
|  97|0x0000000711a00000, 0x0000000711a00000, 0x0000000711c00000|  0%| F|  |TAMS 0x0000000711a00000| PB 0x0000000711a00000| Untracked 
|  98|0x0000000711c00000, 0x0000000711c00000, 0x0000000711e00000|  0%| F|  |TAMS 0x0000000711c00000| PB 0x0000000711c00000| Untracked 
|  99|0x0000000711e00000, 0x0000000711e00000, 0x0000000712000000|  0%| F|  |TAMS 0x0000000711e00000| PB 0x0000000711e00000| Untracked 
| 100|0x0000000712000000, 0x0000000712000000, 0x0000000712200000|  0%| F|  |TAMS 0x0000000712000000| PB 0x0000000712000000| Untracked 
| 101|0x0000000712200000, 0x0000000712200000, 0x0000000712400000|  0%| F|  |TAMS 0x0000000712200000| PB 0x0000000712200000| Untracked 
| 102|0x0000000712400000, 0x0000000712400000, 0x0000000712600000|  0%| F|  |TAMS 0x0000000712400000| PB 0x0000000712400000| Untracked 
| 103|0x0000000712600000, 0x0000000712600000, 0x0000000712800000|  0%| F|  |TAMS 0x0000000712600000| PB 0x0000000712600000| Untracked 
| 104|0x0000000712800000, 0x0000000712800000, 0x0000000712a00000|  0%| F|  |TAMS 0x0000000712800000| PB 0x0000000712800000| Untracked 
| 105|0x0000000712a00000, 0x0000000712a00000, 0x0000000712c00000|  0%| F|  |TAMS 0x0000000712a00000| PB 0x0000000712a00000| Untracked 
| 106|0x0000000712c00000, 0x0000000712c00000, 0x0000000712e00000|  0%| F|  |TAMS 0x0000000712c00000| PB 0x0000000712c00000| Untracked 
| 107|0x0000000712e00000, 0x0000000712e00000, 0x0000000713000000|  0%| F|  |TAMS 0x0000000712e00000| PB 0x0000000712e00000| Untracked 
| 108|0x0000000713000000, 0x0000000713000000, 0x0000000713200000|  0%| F|  |TAMS 0x0000000713000000| PB 0x0000000713000000| Untracked 
| 109|0x0000000713200000, 0x0000000713200000, 0x0000000713400000|  0%| F|  |TAMS 0x0000000713200000| PB 0x0000000713200000| Untracked 
| 110|0x0000000713400000, 0x0000000713400000, 0x0000000713600000|  0%| F|  |TAMS 0x0000000713400000| PB 0x0000000713400000| Untracked 
| 111|0x0000000713600000, 0x0000000713600000, 0x0000000713800000|  0%| F|  |TAMS 0x0000000713600000| PB 0x0000000713600000| Untracked 
| 112|0x0000000713800000, 0x0000000713800000, 0x0000000713a00000|  0%| F|  |TAMS 0x0000000713800000| PB 0x0000000713800000| Untracked 
| 113|0x0000000713a00000, 0x0000000713a00000, 0x0000000713c00000|  0%| F|  |TAMS 0x0000000713a00000| PB 0x0000000713a00000| Untracked 
| 114|0x0000000713c00000, 0x0000000713c00000, 0x0000000713e00000|  0%| F|  |TAMS 0x0000000713c00000| PB 0x0000000713c00000| Untracked 
| 115|0x0000000713e00000, 0x0000000713e00000, 0x0000000714000000|  0%| F|  |TAMS 0x0000000713e00000| PB 0x0000000713e00000| Untracked 
| 116|0x0000000714000000, 0x0000000714000000, 0x0000000714200000|  0%| F|  |TAMS 0x0000000714000000| PB 0x0000000714000000| Untracked 
| 117|0x0000000714200000, 0x0000000714200000, 0x0000000714400000|  0%| F|  |TAMS 0x0000000714200000| PB 0x0000000714200000| Untracked 
| 118|0x0000000714400000, 0x0000000714400000, 0x0000000714600000|  0%| F|  |TAMS 0x0000000714400000| PB 0x0000000714400000| Untracked 
| 119|0x0000000714600000, 0x0000000714600000, 0x0000000714800000|  0%| F|  |TAMS 0x0000000714600000| PB 0x0000000714600000| Untracked 
| 120|0x0000000714800000, 0x0000000714800000, 0x0000000714a00000|  0%| F|  |TAMS 0x0000000714800000| PB 0x0000000714800000| Untracked 
| 121|0x0000000714a00000, 0x0000000714a00000, 0x0000000714c00000|  0%| F|  |TAMS 0x0000000714a00000| PB 0x0000000714a00000| Untracked 
| 122|0x0000000714c00000, 0x0000000714c00000, 0x0000000714e00000|  0%| F|  |TAMS 0x0000000714c00000| PB 0x0000000714c00000| Untracked 
| 123|0x0000000714e00000, 0x0000000714e00000, 0x0000000715000000|  0%| F|  |TAMS 0x0000000714e00000| PB 0x0000000714e00000| Untracked 
| 124|0x0000000715000000, 0x0000000715000000, 0x0000000715200000|  0%| F|  |TAMS 0x0000000715000000| PB 0x0000000715000000| Untracked 
| 125|0x0000000715200000, 0x0000000715200000, 0x0000000715400000|  0%| F|  |TAMS 0x0000000715200000| PB 0x0000000715200000| Untracked 
| 126|0x0000000715400000, 0x0000000715400000, 0x0000000715600000|  0%| F|  |TAMS 0x0000000715400000| PB 0x0000000715400000| Untracked 
| 127|0x0000000715600000, 0x0000000715600000, 0x0000000715800000|  0%| F|  |TAMS 0x0000000715600000| PB 0x0000000715600000| Untracked 
| 128|0x0000000715800000, 0x0000000715800000, 0x0000000715a00000|  0%| F|  |TAMS 0x0000000715800000| PB 0x0000000715800000| Untracked 
| 129|0x0000000715a00000, 0x0000000715a00000, 0x0000000715c00000|  0%| F|  |TAMS 0x0000000715a00000| PB 0x0000000715a00000| Untracked 
| 130|0x0000000715c00000, 0x0000000715c00000, 0x0000000715e00000|  0%| F|  |TAMS 0x0000000715c00000| PB 0x0000000715c00000| Untracked 
| 131|0x0000000715e00000, 0x0000000715e00000, 0x0000000716000000|  0%| F|  |TAMS 0x0000000715e00000| PB 0x0000000715e00000| Untracked 
| 132|0x0000000716000000, 0x0000000716000000, 0x0000000716200000|  0%| F|  |TAMS 0x0000000716000000| PB 0x0000000716000000| Untracked 
| 133|0x0000000716200000, 0x0000000716200000, 0x0000000716400000|  0%| F|  |TAMS 0x0000000716200000| PB 0x0000000716200000| Untracked 
| 134|0x0000000716400000, 0x0000000716400000, 0x0000000716600000|  0%| F|  |TAMS 0x0000000716400000| PB 0x0000000716400000| Untracked 
| 135|0x0000000716600000, 0x0000000716600000, 0x0000000716800000|  0%| F|  |TAMS 0x0000000716600000| PB 0x0000000716600000| Untracked 
| 136|0x0000000716800000, 0x0000000716800000, 0x0000000716a00000|  0%| F|  |TAMS 0x0000000716800000| PB 0x0000000716800000| Untracked 
| 137|0x0000000716a00000, 0x0000000716a00000, 0x0000000716c00000|  0%| F|  |TAMS 0x0000000716a00000| PB 0x0000000716a00000| Untracked 
| 138|0x0000000716c00000, 0x0000000716c00000, 0x0000000716e00000|  0%| F|  |TAMS 0x0000000716c00000| PB 0x0000000716c00000| Untracked 
| 139|0x0000000716e00000, 0x0000000716e00000, 0x0000000717000000|  0%| F|  |TAMS 0x0000000716e00000| PB 0x0000000716e00000| Untracked 
| 140|0x0000000717000000, 0x0000000717000000, 0x0000000717200000|  0%| F|  |TAMS 0x0000000717000000| PB 0x0000000717000000| Untracked 
| 141|0x0000000717200000, 0x0000000717200000, 0x0000000717400000|  0%| F|  |TAMS 0x0000000717200000| PB 0x0000000717200000| Untracked 
| 142|0x0000000717400000, 0x0000000717400000, 0x0000000717600000|  0%| F|  |TAMS 0x0000000717400000| PB 0x0000000717400000| Untracked 
| 143|0x0000000717600000, 0x0000000717600000, 0x0000000717800000|  0%| F|  |TAMS 0x0000000717600000| PB 0x0000000717600000| Untracked 
| 144|0x0000000717800000, 0x0000000717800000, 0x0000000717a00000|  0%| F|  |TAMS 0x0000000717800000| PB 0x0000000717800000| Untracked 
| 145|0x0000000717a00000, 0x0000000717a00000, 0x0000000717c00000|  0%| F|  |TAMS 0x0000000717a00000| PB 0x0000000717a00000| Untracked 
| 146|0x0000000717c00000, 0x0000000717c00000, 0x0000000717e00000|  0%| F|  |TAMS 0x0000000717c00000| PB 0x0000000717c00000| Untracked 
| 147|0x0000000717e00000, 0x0000000717e00000, 0x0000000718000000|  0%| F|  |TAMS 0x0000000717e00000| PB 0x0000000717e00000| Untracked 
| 148|0x0000000718000000, 0x0000000718000000, 0x0000000718200000|  0%| F|  |TAMS 0x0000000718000000| PB 0x0000000718000000| Untracked 
| 149|0x0000000718200000, 0x0000000718200000, 0x0000000718400000|  0%| F|  |TAMS 0x0000000718200000| PB 0x0000000718200000| Untracked 
| 150|0x0000000718400000, 0x0000000718400000, 0x0000000718600000|  0%| F|  |TAMS 0x0000000718400000| PB 0x0000000718400000| Untracked 
| 151|0x0000000718600000, 0x0000000718600000, 0x0000000718800000|  0%| F|  |TAMS 0x0000000718600000| PB 0x0000000718600000| Untracked 
| 152|0x0000000718800000, 0x0000000718800000, 0x0000000718a00000|  0%| F|  |TAMS 0x0000000718800000| PB 0x0000000718800000| Untracked 
| 153|0x0000000718a00000, 0x0000000718a00000, 0x0000000718c00000|  0%| F|  |TAMS 0x0000000718a00000| PB 0x0000000718a00000| Untracked 
| 154|0x0000000718c00000, 0x0000000718c00000, 0x0000000718e00000|  0%| F|  |TAMS 0x0000000718c00000| PB 0x0000000718c00000| Untracked 
| 155|0x0000000718e00000, 0x0000000718e00000, 0x0000000719000000|  0%| F|  |TAMS 0x0000000718e00000| PB 0x0000000718e00000| Untracked 
| 156|0x0000000719000000, 0x0000000719000000, 0x0000000719200000|  0%| F|  |TAMS 0x0000000719000000| PB 0x0000000719000000| Untracked 
| 157|0x0000000719200000, 0x0000000719200000, 0x0000000719400000|  0%| F|  |TAMS 0x0000000719200000| PB 0x0000000719200000| Untracked 
| 158|0x0000000719400000, 0x0000000719400000, 0x0000000719600000|  0%| F|  |TAMS 0x0000000719400000| PB 0x0000000719400000| Untracked 
| 159|0x0000000719600000, 0x0000000719600000, 0x0000000719800000|  0%| F|  |TAMS 0x0000000719600000| PB 0x0000000719600000| Untracked 
| 160|0x0000000719800000, 0x0000000719800000, 0x0000000719a00000|  0%| F|  |TAMS 0x0000000719800000| PB 0x0000000719800000| Untracked 
| 161|0x0000000719a00000, 0x0000000719a00000, 0x0000000719c00000|  0%| F|  |TAMS 0x0000000719a00000| PB 0x0000000719a00000| Untracked 
| 162|0x0000000719c00000, 0x0000000719c00000, 0x0000000719e00000|  0%| F|  |TAMS 0x0000000719c00000| PB 0x0000000719c00000| Untracked 
| 163|0x0000000719e00000, 0x0000000719e00000, 0x000000071a000000|  0%| F|  |TAMS 0x0000000719e00000| PB 0x0000000719e00000| Untracked 
| 164|0x000000071a000000, 0x000000071a000000, 0x000000071a200000|  0%| F|  |TAMS 0x000000071a000000| PB 0x000000071a000000| Untracked 
| 165|0x000000071a200000, 0x000000071a200000, 0x000000071a400000|  0%| F|  |TAMS 0x000000071a200000| PB 0x000000071a200000| Untracked 
| 166|0x000000071a400000, 0x000000071a400000, 0x000000071a600000|  0%| F|  |TAMS 0x000000071a400000| PB 0x000000071a400000| Untracked 
| 167|0x000000071a600000, 0x000000071a600000, 0x000000071a800000|  0%| F|  |TAMS 0x000000071a600000| PB 0x000000071a600000| Untracked 
| 168|0x000000071a800000, 0x000000071a800000, 0x000000071aa00000|  0%| F|  |TAMS 0x000000071a800000| PB 0x000000071a800000| Untracked 
| 169|0x000000071aa00000, 0x000000071aa00000, 0x000000071ac00000|  0%| F|  |TAMS 0x000000071aa00000| PB 0x000000071aa00000| Untracked 
| 170|0x000000071ac00000, 0x000000071ac00000, 0x000000071ae00000|  0%| F|  |TAMS 0x000000071ac00000| PB 0x000000071ac00000| Untracked 
| 171|0x000000071ae00000, 0x000000071ae00000, 0x000000071b000000|  0%| F|  |TAMS 0x000000071ae00000| PB 0x000000071ae00000| Untracked 
| 172|0x000000071b000000, 0x000000071b000000, 0x000000071b200000|  0%| F|  |TAMS 0x000000071b000000| PB 0x000000071b000000| Untracked 
| 173|0x000000071b200000, 0x000000071b200000, 0x000000071b400000|  0%| F|  |TAMS 0x000000071b200000| PB 0x000000071b200000| Untracked 
| 174|0x000000071b400000, 0x000000071b400000, 0x000000071b600000|  0%| F|  |TAMS 0x000000071b400000| PB 0x000000071b400000| Untracked 
| 175|0x000000071b600000, 0x000000071b600000, 0x000000071b800000|  0%| F|  |TAMS 0x000000071b600000| PB 0x000000071b600000| Untracked 
| 176|0x000000071b800000, 0x000000071b800000, 0x000000071ba00000|  0%| F|  |TAMS 0x000000071b800000| PB 0x000000071b800000| Untracked 
| 177|0x000000071ba00000, 0x000000071ba00000, 0x000000071bc00000|  0%| F|  |TAMS 0x000000071ba00000| PB 0x000000071ba00000| Untracked 
| 178|0x000000071bc00000, 0x000000071bc00000, 0x000000071be00000|  0%| F|  |TAMS 0x000000071bc00000| PB 0x000000071bc00000| Untracked 
| 179|0x000000071be00000, 0x000000071be00000, 0x000000071c000000|  0%| F|  |TAMS 0x000000071be00000| PB 0x000000071be00000| Untracked 
| 180|0x000000071c000000, 0x000000071c000000, 0x000000071c200000|  0%| F|  |TAMS 0x000000071c000000| PB 0x000000071c000000| Untracked 
| 181|0x000000071c200000, 0x000000071c200000, 0x000000071c400000|  0%| F|  |TAMS 0x000000071c200000| PB 0x000000071c200000| Untracked 
| 182|0x000000071c400000, 0x000000071c400000, 0x000000071c600000|  0%| F|  |TAMS 0x000000071c400000| PB 0x000000071c400000| Untracked 
| 183|0x000000071c600000, 0x000000071c600000, 0x000000071c800000|  0%| F|  |TAMS 0x000000071c600000| PB 0x000000071c600000| Untracked 
| 184|0x000000071c800000, 0x000000071c800000, 0x000000071ca00000|  0%| F|  |TAMS 0x000000071c800000| PB 0x000000071c800000| Untracked 
| 185|0x000000071ca00000, 0x000000071ca00000, 0x000000071cc00000|  0%| F|  |TAMS 0x000000071ca00000| PB 0x000000071ca00000| Untracked 
| 186|0x000000071cc00000, 0x000000071cc00000, 0x000000071ce00000|  0%| F|  |TAMS 0x000000071cc00000| PB 0x000000071cc00000| Untracked 
| 187|0x000000071ce00000, 0x000000071ce00000, 0x000000071d000000|  0%| F|  |TAMS 0x000000071ce00000| PB 0x000000071ce00000| Untracked 
| 188|0x000000071d000000, 0x000000071d03c930, 0x000000071d200000| 11%| S|CS|TAMS 0x000000071d000000| PB 0x000000071d000000| Complete 
| 189|0x000000071d200000, 0x000000071d400000, 0x000000071d400000|100%| S|CS|TAMS 0x000000071d200000| PB 0x000000071d200000| Complete 
| 190|0x000000071d400000, 0x000000071d600000, 0x000000071d600000|100%| S|CS|TAMS 0x000000071d400000| PB 0x000000071d400000| Complete 
| 191|0x000000071d600000, 0x000000071d800000, 0x000000071d800000|100%| S|CS|TAMS 0x000000071d600000| PB 0x000000071d600000| Complete 
| 192|0x000000071d800000, 0x000000071d800000, 0x000000071da00000|  0%| F|  |TAMS 0x000000071d800000| PB 0x000000071d800000| Untracked 
| 193|0x000000071da00000, 0x000000071da00000, 0x000000071dc00000|  0%| F|  |TAMS 0x000000071da00000| PB 0x000000071da00000| Untracked 
| 194|0x000000071dc00000, 0x000000071dc00000, 0x000000071de00000|  0%| F|  |TAMS 0x000000071dc00000| PB 0x000000071dc00000| Untracked 
| 195|0x000000071de00000, 0x000000071de00000, 0x000000071e000000|  0%| F|  |TAMS 0x000000071de00000| PB 0x000000071de00000| Untracked 
| 196|0x000000071e000000, 0x000000071e000000, 0x000000071e200000|  0%| F|  |TAMS 0x000000071e000000| PB 0x000000071e000000| Untracked 
| 197|0x000000071e200000, 0x000000071e200000, 0x000000071e400000|  0%| F|  |TAMS 0x000000071e200000| PB 0x000000071e200000| Untracked 
| 198|0x000000071e400000, 0x000000071e400000, 0x000000071e600000|  0%| F|  |TAMS 0x000000071e400000| PB 0x000000071e400000| Untracked 
| 199|0x000000071e600000, 0x000000071e600000, 0x000000071e800000|  0%| F|  |TAMS 0x000000071e600000| PB 0x000000071e600000| Untracked 
| 200|0x000000071e800000, 0x000000071e800000, 0x000000071ea00000|  0%| F|  |TAMS 0x000000071e800000| PB 0x000000071e800000| Untracked 
| 201|0x000000071ea00000, 0x000000071ea00000, 0x000000071ec00000|  0%| F|  |TAMS 0x000000071ea00000| PB 0x000000071ea00000| Untracked 
| 202|0x000000071ec00000, 0x000000071ec00000, 0x000000071ee00000|  0%| F|  |TAMS 0x000000071ec00000| PB 0x000000071ec00000| Untracked 
| 203|0x000000071ee00000, 0x000000071ee00000, 0x000000071f000000|  0%| F|  |TAMS 0x000000071ee00000| PB 0x000000071ee00000| Untracked 
| 204|0x000000071f000000, 0x000000071f000000, 0x000000071f200000|  0%| F|  |TAMS 0x000000071f000000| PB 0x000000071f000000| Untracked 
| 205|0x000000071f200000, 0x000000071f200000, 0x000000071f400000|  0%| F|  |TAMS 0x000000071f200000| PB 0x000000071f200000| Untracked 
| 206|0x000000071f400000, 0x000000071f400000, 0x000000071f600000|  0%| F|  |TAMS 0x000000071f400000| PB 0x000000071f400000| Untracked 
| 207|0x000000071f600000, 0x000000071f600000, 0x000000071f800000|  0%| F|  |TAMS 0x000000071f600000| PB 0x000000071f600000| Untracked 
| 208|0x000000071f800000, 0x000000071f800000, 0x000000071fa00000|  0%| F|  |TAMS 0x000000071f800000| PB 0x000000071f800000| Untracked 
| 209|0x000000071fa00000, 0x000000071fa00000, 0x000000071fc00000|  0%| F|  |TAMS 0x000000071fa00000| PB 0x000000071fa00000| Untracked 
| 210|0x000000071fc00000, 0x000000071fc00000, 0x000000071fe00000|  0%| F|  |TAMS 0x000000071fc00000| PB 0x000000071fc00000| Untracked 

Card table byte_map: [0x000001aa3b8a0000,0x000001aa3c080000] _byte_map_base: 0x000001aa38074000

Marking Bits: (CMBitMap*) 0x000001aa2f6ecb40
 Bits: [0x000001aa3c080000, 0x000001aa3ff20000)

Polling page: 0x000001aa2d2d0000

Metaspace:

Usage:
  Non-class:     42.95 MB used.
      Class:      7.17 MB used.
       Both:     50.12 MB used.

Virtual space:
  Non-class space:       64.00 MB reserved,      43.38 MB ( 68%) committed,  1 nodes.
      Class space:        1.00 GB reserved,       7.50 MB ( <1%) committed,  1 nodes.
             Both:        1.06 GB reserved,      50.88 MB (  5%) committed. 

Chunk freelists:
   Non-Class:  4.04 MB
       Class:  8.34 MB
        Both:  12.37 MB

MaxMetaspaceSize: unlimited
CompressedClassSpaceSize: 1.00 GB
Initial GC threshold: 21.00 MB
Current GC threshold: 58.69 MB
CDS: on
 - commit_granule_bytes: 65536.
 - commit_granule_words: 8192.
 - virtual_space_node_default_size: 8388608.
 - enlarge_chunks_in_place: 1.
 - use_allocation_guard: 0.


Internal statistics:

num_allocs_failed_limit: 6.
num_arena_births: 1026.
num_arena_deaths: 0.
num_vsnodes_births: 2.
num_vsnodes_deaths: 0.
num_space_committed: 814.
num_space_uncommitted: 0.
num_chunks_returned_to_freelist: 6.
num_chunks_taken_from_freelist: 3085.
num_chunk_merges: 3.
num_chunk_splits: 2093.
num_chunks_enlarged: 1528.
num_inconsistent_stats: 0.

CodeCache: size=49152Kb used=12606Kb max_used=13491Kb free=36545Kb
 bounds [0x000001aa37d80000, 0x000001aa38ab0000, 0x000001aa3ad80000]
 total_blobs=7482, nmethods=6847, adapters=558, full_count=0
Compilation: enabled, stopped_count=0, restarted_count=0

Compilation events (20 events):
Event: 124.580 Thread 0x000001aa8a84f4b0 6879       1       org.bson.AbstractBsonReader$Mark::getParentContext (5 bytes)
Event: 124.580 Thread 0x000001aa42c47d90 nmethod 6878 0x000001aa389d6190 code [0x000001aa389d6320, 0x000001aa389d63d0]
Event: 124.580 Thread 0x000001aa8a84f4b0 nmethod 6879 0x000001aa389d5e90 code [0x000001aa389d6020, 0x000001aa389d60f0]
Event: 124.580 Thread 0x000001aa8a84f4b0 6881       1       sun.nio.cs.StreamDecoder::forInputStreamReader (11 bytes)
Event: 124.580 Thread 0x000001aa42c47d90 6884       1       org.bson.codecs.AbstractCollectionCodec::decode (84 bytes)
Event: 124.581 Thread 0x000001aa8a84f4b0 nmethod 6881 0x000001aa389d5890 code [0x000001aa389d5a60, 0x000001aa389d5d08]
Event: 124.581 Thread 0x000001aa8a84f4b0 6882       1       sun.nio.cs.StreamDecoder::<init> (23 bytes)
Event: 124.581 Thread 0x000001aa8a84f4b0 nmethod 6882 0x000001aa389d5390 code [0x000001aa389d5560, 0x000001aa389d57a0]
Event: 124.581 Thread 0x000001aa8a84f4b0 6880       1       org.bson.AbstractBsonReader$Mark::getContextType (5 bytes)
Event: 124.581 Thread 0x000001aa8a84f4b0 nmethod 6880 0x000001aa389d5090 code [0x000001aa389d5220, 0x000001aa389d52f0]
Event: 124.581 Thread 0x000001aa8a84f4b0 6883       1       org.bson.codecs.AbstractCollectionCodec::decode (7 bytes)
Event: 124.581 Thread 0x000001aa8a84f4b0 nmethod 6883 0x000001aa389d4d10 code [0x000001aa389d4ec0, 0x000001aa389d4fa8]
Event: 124.581 Thread 0x000001aa42c47d90 nmethod 6884 0x000001aa389d3f90 code [0x000001aa389d4220, 0x000001aa389d4940]
Event: 124.581 Thread 0x000001aa42c47d90 6886       1       org.bson.codecs.AbstractCollectionCodec::lambda$new$0 (8 bytes)
Event: 124.581 Thread 0x000001aa8a84f4b0 6885       1       org.bson.codecs.AbstractCollectionCodec$$Lambda/0x000001aa444dbee8::get (4 bytes)
Event: 124.581 Thread 0x000001aa42c47d90 nmethod 6886 0x000001aa389d3c10 code [0x000001aa389d3da0, 0x000001aa389d3f08]
Event: 124.581 Thread 0x000001aa42c47d90 6887       1       java.io.InputStreamReader::<init> (33 bytes)
Event: 124.581 Thread 0x000001aa8a84f4b0 nmethod 6885 0x000001aa389d3810 code [0x000001aa389d39c0, 0x000001aa389d3b50]
Event: 124.581 Thread 0x000001aa8a84f4b0 6888       1       java.io.BufferedReader::<init> (9 bytes)
Event: 124.581 Thread 0x000001aa8a84f4b0 nmethod 6888 0x000001aa389d3510 code [0x000001aa389d36c0, 0x000001aa389d37a8]

GC Heap History (20 events):
Event: 10.542 GC heap after
{Heap after GC invocations=13 (full 0):
 garbage-first heap   total 159744K, used 57581K [0x0000000705800000, 0x0000000800000000)
  region size 2048K, 5 young (10240K), 5 survivors (10240K)
 Metaspace       used 51122K, committed 51904K, reserved 1114112K
  class space    used 7304K, committed 7680K, reserved 1048576K
}
Event: 10.554 GC heap before
{Heap before GC invocations=13 (full 0):
 garbage-first heap   total 159744K, used 80109K [0x0000000705800000, 0x0000000800000000)
  region size 2048K, 7 young (14336K), 5 survivors (10240K)
 Metaspace       used 51168K, committed 51968K, reserved 1114112K
  class space    used 7314K, committed 7680K, reserved 1048576K
}
Event: 10.557 GC heap after
{Heap after GC invocations=14 (full 0):
 garbage-first heap   total 159744K, used 63447K [0x0000000705800000, 0x0000000800000000)
  region size 2048K, 3 young (6144K), 3 survivors (6144K)
 Metaspace       used 51168K, committed 51968K, reserved 1114112K
  class space    used 7314K, committed 7680K, reserved 1048576K
}
Event: 10.560 GC heap before
{Heap before GC invocations=14 (full 0):
 garbage-first heap   total 159744K, used 71639K [0x0000000705800000, 0x0000000800000000)
  region size 2048K, 4 young (8192K), 3 survivors (6144K)
 Metaspace       used 51168K, committed 51968K, reserved 1114112K
  class space    used 7314K, committed 7680K, reserved 1048576K
}
Event: 10.563 GC heap after
{Heap after GC invocations=15 (full 0):
 garbage-first heap   total 159744K, used 67543K [0x0000000705800000, 0x0000000800000000)
  region size 2048K, 3 young (6144K), 3 survivors (6144K)
 Metaspace       used 51168K, committed 51968K, reserved 1114112K
  class space    used 7314K, committed 7680K, reserved 1048576K
}
Event: 10.571 GC heap before
{Heap before GC invocations=15 (full 0):
 garbage-first heap   total 159744K, used 81879K [0x0000000705800000, 0x0000000800000000)
  region size 2048K, 4 young (8192K), 3 survivors (6144K)
 Metaspace       used 51168K, committed 51968K, reserved 1114112K
  class space    used 7314K, committed 7680K, reserved 1048576K
}
Event: 10.574 GC heap after
{Heap after GC invocations=16 (full 0):
 garbage-first heap   total 159744K, used 67771K [0x0000000705800000, 0x0000000800000000)
  region size 2048K, 3 young (6144K), 3 survivors (6144K)
 Metaspace       used 51168K, committed 51968K, reserved 1114112K
  class space    used 7314K, committed 7680K, reserved 1048576K
}
Event: 10.574 GC heap before
{Heap before GC invocations=16 (full 0):
 garbage-first heap   total 159744K, used 71867K [0x0000000705800000, 0x0000000800000000)
  region size 2048K, 4 young (8192K), 3 survivors (6144K)
 Metaspace       used 51168K, committed 51968K, reserved 1114112K
  class space    used 7314K, committed 7680K, reserved 1048576K
}
Event: 10.578 GC heap after
{Heap after GC invocations=17 (full 0):
 garbage-first heap   total 432128K, used 71646K [0x0000000705800000, 0x0000000800000000)
  region size 2048K, 3 young (6144K), 3 survivors (6144K)
 Metaspace       used 51168K, committed 51968K, reserved 1114112K
  class space    used 7314K, committed 7680K, reserved 1048576K
}
Event: 10.673 GC heap before
{Heap before GC invocations=17 (full 0):
 garbage-first heap   total 432128K, used 204766K [0x0000000705800000, 0x0000000800000000)
  region size 2048K, 10 young (20480K), 3 survivors (6144K)
 Metaspace       used 51182K, committed 51968K, reserved 1114112K
  class space    used 7316K, committed 7680K, reserved 1048576K
}
Event: 10.676 GC heap after
{Heap after GC invocations=18 (full 0):
 garbage-first heap   total 432128K, used 84201K [0x0000000705800000, 0x0000000800000000)
  region size 2048K, 4 young (8192K), 4 survivors (8192K)
 Metaspace       used 51182K, committed 51968K, reserved 1114112K
  class space    used 7316K, committed 7680K, reserved 1048576K
}
Event: 14.339 GC heap before
{Heap before GC invocations=18 (full 0):
 garbage-first heap   total 432128K, used 215273K [0x0000000705800000, 0x0000000800000000)
  region size 2048K, 14 young (28672K), 4 survivors (8192K)
 Metaspace       used 51268K, committed 52032K, reserved 1114112K
  class space    used 7327K, committed 7680K, reserved 1048576K
}
Event: 14.343 GC heap after
{Heap after GC invocations=19 (full 0):
 garbage-first heap   total 432128K, used 61673K [0x0000000705800000, 0x0000000800000000)
  region size 2048K, 4 young (8192K), 4 survivors (8192K)
 Metaspace       used 51268K, committed 52032K, reserved 1114112K
  class space    used 7327K, committed 7680K, reserved 1048576K
}
Event: 14.466 GC heap before
{Heap before GC invocations=19 (full 0):
 garbage-first heap   total 432128K, used 211177K [0x0000000705800000, 0x0000000800000000)
  region size 2048K, 12 young (24576K), 4 survivors (8192K)
 Metaspace       used 51268K, committed 52032K, reserved 1114112K
  class space    used 7327K, committed 7680K, reserved 1048576K
}
Event: 14.469 GC heap after
{Heap after GC invocations=20 (full 0):
 garbage-first heap   total 432128K, used 74248K [0x0000000705800000, 0x0000000800000000)
  region size 2048K, 5 young (10240K), 5 survivors (10240K)
 Metaspace       used 51268K, committed 52032K, reserved 1114112K
  class space    used 7327K, committed 7680K, reserved 1048576K
}
Event: 14.891 GC heap before
{Heap before GC invocations=20 (full 0):
 garbage-first heap   total 432128K, used 223752K [0x0000000705800000, 0x0000000800000000)
  region size 2048K, 17 young (34816K), 5 survivors (10240K)
 Metaspace       used 51289K, committed 52032K, reserved 1114112K
  class space    used 7334K, committed 7680K, reserved 1048576K
}
Event: 14.897 GC heap after
{Heap after GC invocations=21 (full 0):
 garbage-first heap   total 432128K, used 73417K [0x0000000705800000, 0x0000000800000000)
  region size 2048K, 4 young (8192K), 4 survivors (8192K)
 Metaspace       used 51289K, committed 52032K, reserved 1114112K
  class space    used 7334K, committed 7680K, reserved 1048576K
}
Event: 15.046 GC heap before
{Heap before GC invocations=21 (full 0):
 garbage-first heap   total 432128K, used 222921K [0x0000000705800000, 0x0000000800000000)
  region size 2048K, 18 young (36864K), 4 survivors (8192K)
 Metaspace       used 51310K, committed 52096K, reserved 1114112K
  class space    used 7339K, committed 7680K, reserved 1048576K
}
Event: 15.050 GC heap after
{Heap after GC invocations=22 (full 0):
 garbage-first heap   total 432128K, used 67845K [0x0000000705800000, 0x0000000800000000)
  region size 2048K, 3 young (6144K), 3 survivors (6144K)
 Metaspace       used 51310K, committed 52096K, reserved 1114112K
  class space    used 7339K, committed 7680K, reserved 1048576K
}
Event: 124.582 GC heap before
{Heap before GC invocations=22 (full 0):
 garbage-first heap   total 432128K, used 227589K [0x0000000705800000, 0x0000000800000000)
  region size 2048K, 19 young (38912K), 3 survivors (6144K)
 Metaspace       used 51320K, committed 52096K, reserved 1114112K
  class space    used 7342K, committed 7680K, reserved 1048576K
}

Dll operation events (11 events):
Event: 0.011 Loaded shared library C:\Users\araom\.jdks\ms-21.0.8\bin\java.dll
Event: 0.168 Loaded shared library C:\Users\araom\.jdks\ms-21.0.8\bin\zip.dll
Event: 0.174 Loaded shared library C:\Users\araom\.jdks\ms-21.0.8\bin\instrument.dll
Event: 0.179 Loaded shared library C:\Users\araom\.jdks\ms-21.0.8\bin\net.dll
Event: 0.180 Loaded shared library C:\Users\araom\.jdks\ms-21.0.8\bin\nio.dll
Event: 0.184 Loaded shared library C:\Users\araom\.jdks\ms-21.0.8\bin\zip.dll
Event: 0.341 Loaded shared library C:\Users\araom\.jdks\ms-21.0.8\bin\extnet.dll
Event: 0.372 Loaded shared library C:\Users\araom\.jdks\ms-21.0.8\bin\jimage.dll
Event: 0.657 Loaded shared library C:\Users\araom\.jdks\ms-21.0.8\bin\management.dll
Event: 0.663 Loaded shared library C:\Users\araom\.jdks\ms-21.0.8\bin\management_ext.dll
Event: 1.224 Loaded shared library C:\Users\araom\.jdks\ms-21.0.8\bin\sunmscapi.dll

Deoptimization events (0 events):
No events

Classes loaded (20 events):
Event: 10.388 Loading class com/sun/crypto/provider/HmacCore done
Event: 10.388 Loading class com/sun/crypto/provider/HmacCore$HmacSHA256 done
Event: 10.475 Loading class java/util/stream/LongStream
Event: 10.475 Loading class java/util/stream/LongStream done
Event: 10.475 Loading class java/util/stream/DoubleStream
Event: 10.476 Loading class java/util/stream/DoubleStream done
Event: 10.477 Loading class org/w3c/dom/Node
Event: 10.477 Loading class org/w3c/dom/Node done
Event: 10.477 Loading class org/w3c/dom/Document
Event: 10.477 Loading class org/w3c/dom/Document done
Event: 10.522 Loading class java/util/Base64
Event: 10.522 Loading class java/util/Base64 done
Event: 10.522 Loading class java/util/Base64$Encoder
Event: 10.522 Loading class java/util/Base64$Encoder done
Event: 10.547 Loading class java/lang/invoke/BoundMethodHandle$Species_LLLLLLLLLL
Event: 10.547 Loading class java/lang/invoke/BoundMethodHandle$Species_LLLLLLLLLL done
Event: 10.548 Loading class java/lang/invoke/BoundMethodHandle$Species_LLLLLLLLLLL
Event: 10.548 Loading class java/lang/invoke/BoundMethodHandle$Species_LLLLLLLLLLL done
Event: 12.973 Loading class java/util/concurrent/ConcurrentLinkedDeque$CLDSpliterator
Event: 12.973 Loading class java/util/concurrent/ConcurrentLinkedDeque$CLDSpliterator done

Classes unloaded (0 events):
No events

Classes redefined (0 events):
No events

Internal exceptions (20 events):
Event: 15.185 Thread 0x000001aa8a59b5a0 Exception <a 'java/io/IOException'{0x000000071fcfe978}> (0x000000071fcfe978) 
thrown [s\src\hotspot\share\prims\jni.cpp, line 520]
Event: 15.261 Thread 0x000001aa8a59c950 Exception <a 'java/io/IOException'{0x000000071f911f40}> (0x000000071f911f40) 
thrown [s\src\hotspot\share\prims\jni.cpp, line 520]
Event: 15.262 Thread 0x000001aa8a59e390 Exception <a 'java/io/IOException'{0x000000071fcc6a48}> (0x000000071fcc6a48) 
thrown [s\src\hotspot\share\prims\jni.cpp, line 520]
Event: 15.302 Thread 0x000001aa8a15cfd0 Exception <a 'java/io/IOException'{0x000000071f9ad188}> (0x000000071f9ad188) 
thrown [s\src\hotspot\share\prims\jni.cpp, line 520]
Event: 15.313 Thread 0x000001aa8a15cfd0 Exception <a 'java/io/IOException'{0x000000071f9b94a8}> (0x000000071f9b94a8) 
thrown [s\src\hotspot\share\prims\jni.cpp, line 520]
Event: 15.314 Thread 0x000001aa8a59ea20 Exception <a 'java/io/IOException'{0x000000071fda3e48}> (0x000000071fda3e48) 
thrown [s\src\hotspot\share\prims\jni.cpp, line 520]
Event: 15.315 Thread 0x000001aa8a15c940 Exception <a 'java/io/IOException'{0x000000071fc0f430}> (0x000000071fc0f430) 
thrown [s\src\hotspot\share\prims\jni.cpp, line 520]
Event: 15.322 Thread 0x000001aa8a59c950 Exception <a 'java/io/IOException'{0x000000071f4f95f8}> (0x000000071f4f95f8) 
thrown [s\src\hotspot\share\prims\jni.cpp, line 520]
Event: 15.322 Thread 0x000001aa8a59c950 Exception <a 'java/io/IOException'{0x000000071f505430}> (0x000000071f505430) 
thrown [s\src\hotspot\share\prims\jni.cpp, line 520]
Event: 15.325 Thread 0x000001aa8a59e390 Exception <a 'java/io/IOException'{0x000000071f561a60}> (0x000000071f561a60) 
thrown [s\src\hotspot\share\prims\jni.cpp, line 520]
Event: 15.326 Thread 0x000001aa8a59cfe0 Exception <a 'java/io/IOException'{0x000000071fbece48}> (0x000000071fbece48) 
thrown [s\src\hotspot\share\prims\jni.cpp, line 520]
Event: 15.334 Thread 0x000001aa8a59e390 Exception <a 'java/io/IOException'{0x000000071f56dbe8}> (0x000000071f56dbe8) 
thrown [s\src\hotspot\share\prims\jni.cpp, line 520]
Event: 15.334 Thread 0x000001aa8a15c940 Exception <a 'java/io/IOException'{0x000000071f269c28}> (0x000000071f269c28) 
thrown [s\src\hotspot\share\prims\jni.cpp, line 520]
Event: 15.334 Thread 0x000001aa8a59ea20 Exception <a 'java/io/IOException'{0x000000071f32db58}> (0x000000071f32db58) 
thrown [s\src\hotspot\share\prims\jni.cpp, line 520]
Event: 15.335 Thread 0x000001aa8a15c940 Exception <a 'java/io/IOException'{0x000000071f275a60}> (0x000000071f275a60) 
thrown [s\src\hotspot\share\prims\jni.cpp, line 520]
Event: 15.341 Thread 0x000001aa8a59ea20 Exception <a 'java/io/IOException'{0x000000071f339b48}> (0x000000071f339b48) 
thrown [s\src\hotspot\share\prims\jni.cpp, line 520]
Event: 15.342 Thread 0x000001aa8a59cfe0 Exception <a 'java/io/IOException'{0x000000071f3cbf90}> (0x000000071f3cbf90) 
thrown [s\src\hotspot\share\prims\jni.cpp, line 520]
Event: 15.343 Thread 0x000001aa8a59cfe0 Exception <a 'java/io/IOException'{0x000000071f3d7dc8}> (0x000000071f3d7dc8) 
thrown [s\src\hotspot\share\prims\jni.cpp, line 520]
Event: 62.866 Thread 0x000001aa898b3f60 Exception <a 'java/lang/NoSuchMethodError'{0x000000071ecf07c0}: 'java.lang.Object java.lang.invoke.DirectMethodHandle$Holder.newInvokeSpecial(java.lang.Object, java.lang.Object, long)'> (0x000000071ecf07c0) 
thrown [s\src\hotspot\share\interpreter\linkResolver.cpp, line 773]
Event: 62.866 Thread 0x000001aa898b3f60 Exception <a 'java/lang/NoSuchMethodError'{0x000000071ecf3d38}: 'java.lang.Object java.lang.invoke.Invokers$Holder.linkToTargetMethod(java.lang.Object, long, java.lang.Object)'> (0x000000071ecf3d38) 
thrown [s\src\hotspot\share\interpreter\linkResolver.cpp, line 773]

ZGC Phase Switch (0 events):
No events

VM Operations (20 events):
Event: 14.469 Executing VM operation: G1TryInitiateConcMark (G1 Humongous Allocation) done
Event: 14.891 Executing VM operation: G1TryInitiateConcMark (G1 Humongous Allocation)
Event: 14.897 Executing VM operation: G1TryInitiateConcMark (G1 Humongous Allocation) done
Event: 15.045 Executing VM operation: G1TryInitiateConcMark (G1 Humongous Allocation)
Event: 15.050 Executing VM operation: G1TryInitiateConcMark (G1 Humongous Allocation) done
Event: 16.059 Executing VM operation: Cleanup
Event: 16.059 Executing VM operation: Cleanup done
Event: 24.101 Executing VM operation: Cleanup
Event: 24.102 Executing VM operation: Cleanup done
Event: 54.428 Executing VM operation: Cleanup
Event: 54.429 Executing VM operation: Cleanup done
Event: 60.159 Executing VM operation: HandshakeAllThreads (HandshakeForDeflation)
Event: 60.159 Executing VM operation: HandshakeAllThreads (HandshakeForDeflation) done
Event: 60.162 Executing VM operation: RendezvousGCThreads
Event: 60.162 Executing VM operation: RendezvousGCThreads done
Event: 64.200 Executing VM operation: Cleanup
Event: 64.201 Executing VM operation: Cleanup done
Event: 103.602 Executing VM operation: Cleanup
Event: 103.602 Executing VM operation: Cleanup done
Event: 124.582 Executing VM operation: G1TryInitiateConcMark (G1 Humongous Allocation)

Memory protections (0 events):
No events

Nmethod flushes (20 events):
Event: 3.180 Thread 0x000001aa42c1c220 flushing  nmethod 0x000001aa3803ba10
Event: 3.180 Thread 0x000001aa42c1c220 flushing  nmethod 0x000001aa3803bf10
Event: 3.180 Thread 0x000001aa42c1c220 flushing  nmethod 0x000001aa3803dd10
Event: 3.180 Thread 0x000001aa42c1c220 flushing  nmethod 0x000001aa38091210
Event: 3.180 Thread 0x000001aa42c1c220 flushing  nmethod 0x000001aa380b5c90
Event: 3.180 Thread 0x000001aa42c1c220 flushing  nmethod 0x000001aa380b6e90
Event: 3.180 Thread 0x000001aa42c1c220 flushing  nmethod 0x000001aa38296410
Event: 3.180 Thread 0x000001aa42c1c220 flushing  nmethod 0x000001aa382d2990
Event: 3.180 Thread 0x000001aa42c1c220 flushing  nmethod 0x000001aa3830a390
Event: 3.180 Thread 0x000001aa42c1c220 flushing  nmethod 0x000001aa38004410
Event: 3.180 Thread 0x000001aa42c1c220 flushing  nmethod 0x000001aa3804d090
Event: 3.180 Thread 0x000001aa42c1c220 flushing  nmethod 0x000001aa38024b10
Event: 3.180 Thread 0x000001aa42c1c220 flushing  nmethod 0x000001aa38025810
Event: 3.180 Thread 0x000001aa42c1c220 flushing  nmethod 0x000001aa38077f10
Event: 3.180 Thread 0x000001aa42c1c220 flushing  nmethod 0x000001aa3807d390
Event: 3.180 Thread 0x000001aa42c1c220 flushing  nmethod 0x000001aa38269b90
Event: 3.180 Thread 0x000001aa42c1c220 flushing  nmethod 0x000001aa382ade10
Event: 3.180 Thread 0x000001aa42c1c220 flushing  nmethod 0x000001aa382c5810
Event: 3.180 Thread 0x000001aa42c1c220 flushing  nmethod 0x000001aa38081890
Event: 3.180 Thread 0x000001aa42c1c220 flushing  nmethod 0x000001aa380aaa90

Events (20 events):
Event: 4.046 Thread 0x000001aa88a18f70 Thread added: 0x000001aa8a59e390
Event: 4.046 Thread 0x000001aa88a18f70 Thread added: 0x000001aa8a59c950
Event: 4.046 Thread 0x000001aa88a18f70 Thread added: 0x000001aa8a59b5a0
Event: 4.052 Thread 0x000001aa88a18f70 Thread added: 0x000001aa8a59bc30
Event: 4.052 Thread 0x000001aa88a18f70 Thread added: 0x000001aa8a59c2c0
Event: 4.058 Thread 0x000001aa88a18f70 Thread added: 0x000001aa8a59d670
Event: 4.063 Thread 0x000001aa88a18f70 Thread exited: 0x000001aa88a18f70
Event: 4.066 Thread 0x000001aa88a134c0 Thread exited: 0x000001aa88a134c0
Event: 4.066 Thread 0x000001aa2d34ef70 Thread exited: 0x000001aa2d34ef70
Event: 4.066 Thread 0x000001aa8a59dd00 Thread added: 0x000001aa8a59dd00
Event: 4.612 Thread 0x000001aa885ed620 Thread exited: 0x000001aa885ed620
Event: 4.615 Thread 0x000001aa88135e20 Thread exited: 0x000001aa88135e20
Event: 10.640 Thread 0x000001aa42c47d90 Thread added: 0x000001aa8943ed90
Event: 14.261 Thread 0x000001aa8943ed90 Thread exited: 0x000001aa8943ed90
Event: 14.878 Thread 0x000001aa88044510 Thread added: 0x000001aa8a832190
Event: 14.878 Thread 0x000001aa42c47d90 Thread added: 0x000001aa8a890010
Event: 15.982 Thread 0x000001aa8a890010 Thread exited: 0x000001aa8a890010
Event: 20.989 Thread 0x000001aa8a832190 Thread exited: 0x000001aa8a832190
Event: 29.063 Thread 0x000001aa88044510 Thread exited: 0x000001aa88044510
Event: 124.565 Thread 0x000001aa42c47d90 Thread added: 0x000001aa8a84f4b0


Dynamic libraries:
0x00007ff764e10000 - 0x00007ff764e1e000 	C:\Users\araom\.jdks\ms-21.0.8\bin\java.exe
0x00007ffae0280000 - 0x00007ffae04e9000 	C:\WINDOWS\SYSTEM32\ntdll.dll
0x00007ffade900000 - 0x00007ffade9c9000 	C:\WINDOWS\System32\KERNEL32.DLL
0x00007ffadd630000 - 0x00007ffadda23000 	C:\WINDOWS\System32\KERNELBASE.dll
0x00007ffadda30000 - 0x00007ffaddb7b000 	C:\WINDOWS\System32\ucrtbase.dll
0x00007ffac5da0000 - 0x00007ffac5db8000 	C:\Users\araom\.jdks\ms-21.0.8\bin\jli.dll
0x00007ffac5af0000 - 0x00007ffac5b0e000 	C:\Users\araom\.jdks\ms-21.0.8\bin\VCRUNTIME140.dll
0x00007ffade730000 - 0x00007ffade8f4000 	C:\WINDOWS\System32\USER32.dll
0x00007ffadd600000 - 0x00007ffadd627000 	C:\WINDOWS\System32\win32u.dll
0x00007ffab4c90000 - 0x00007ffab4f23000 	C:\WINDOWS\WinSxS\amd64_microsoft.windows.common-controls_6595b64144ccf1df_6.0.26100.5074_none_3e0d6f78e32fd63f\COMCTL32.dll
0x00007ffadeb70000 - 0x00007ffadeb9b000 	C:\WINDOWS\System32\GDI32.dll
0x00007ffade050000 - 0x00007ffade0f9000 	C:\WINDOWS\System32\msvcrt.dll
0x00007ffadd410000 - 0x00007ffadd53d000 	C:\WINDOWS\System32\gdi32full.dll
0x00007ffaddb80000 - 0x00007ffaddc23000 	C:\WINDOWS\System32\msvcp_win.dll
0x00007ffae0190000 - 0x00007ffae01bf000 	C:\WINDOWS\System32\IMM32.DLL
0x00007ffad83b0000 - 0x00007ffad83bc000 	C:\Users\araom\.jdks\ms-21.0.8\bin\vcruntime140_1.dll
0x00007ffabd440000 - 0x00007ffabd4c9000 	C:\Users\araom\.jdks\ms-21.0.8\bin\msvcp140.dll
0x00007ffa66310000 - 0x00007ffa670bc000 	C:\Users\araom\.jdks\ms-21.0.8\bin\server\jvm.dll
0x00007ffadfa50000 - 0x00007ffadfb04000 	C:\WINDOWS\System32\ADVAPI32.dll
0x00007ffade670000 - 0x00007ffade716000 	C:\WINDOWS\System32\sechost.dll
0x00007ffadf8b0000 - 0x00007ffadf9c8000 	C:\WINDOWS\System32\RPCRT4.dll
0x00007ffadeaf0000 - 0x00007ffadeb64000 	C:\WINDOWS\System32\WS2_32.dll
0x00007ffad5590000 - 0x00007ffad55c5000 	C:\WINDOWS\SYSTEM32\WINMM.dll
0x00007ffadd250000 - 0x00007ffadd2ae000 	C:\WINDOWS\SYSTEM32\POWRPROF.dll
0x00007ffacf5c0000 - 0x00007ffacf5cb000 	C:\WINDOWS\SYSTEM32\VERSION.dll
0x00007ffadd230000 - 0x00007ffadd244000 	C:\WINDOWS\SYSTEM32\UMPDC.dll
0x00007ffadc1b0000 - 0x00007ffadc1cb000 	C:\WINDOWS\SYSTEM32\kernel.appcore.dll
0x00007ffad8280000 - 0x00007ffad828a000 	C:\Users\araom\.jdks\ms-21.0.8\bin\jimage.dll
0x00007ffac6720000 - 0x00007ffac6962000 	C:\WINDOWS\SYSTEM32\DBGHELP.DLL
0x00007ffadfb10000 - 0x00007ffadfe8b000 	C:\WINDOWS\System32\combase.dll
0x00007ffade100000 - 0x00007ffade1d7000 	C:\WINDOWS\System32\OLEAUT32.dll
0x00007ffac0eb0000 - 0x00007ffac0eed000 	C:\WINDOWS\SYSTEM32\dbgcore.DLL
0x00007ffaddfb0000 - 0x00007ffade049000 	C:\WINDOWS\System32\bcryptPrimitives.dll
0x00007ffac5d90000 - 0x00007ffac5da0000 	C:\Users\araom\.jdks\ms-21.0.8\bin\instrument.dll
0x00007ffac1420000 - 0x00007ffac1441000 	C:\Users\araom\.jdks\ms-21.0.8\bin\java.dll
0x00007ffadebb0000 - 0x00007ffadf2fd000 	C:\WINDOWS\System32\SHELL32.dll
0x00007ffaddcc0000 - 0x00007ffadde2c000 	C:\WINDOWS\System32\wintypes.dll
0x00007ffadb030000 - 0x00007ffadb889000 	C:\WINDOWS\SYSTEM32\windows.storage.dll
0x00007ffae0080000 - 0x00007ffae0170000 	C:\WINDOWS\System32\SHCORE.dll
0x00007ffadf560000 - 0x00007ffadf5c2000 	C:\WINDOWS\System32\shlwapi.dll
0x00007ffadd330000 - 0x00007ffadd359000 	C:\WINDOWS\SYSTEM32\profapi.dll
0x00007ffabd400000 - 0x00007ffabd418000 	C:\Users\araom\.jdks\ms-21.0.8\bin\zip.dll
0x00007ffac1400000 - 0x00007ffac1411000 	C:\Users\araom\.jdks\ms-21.0.8\bin\net.dll
0x00007ffad4f90000 - 0x00007ffad50af000 	C:\WINDOWS\SYSTEM32\WINHTTP.dll
0x00007ffadc710000 - 0x00007ffadc77b000 	C:\WINDOWS\system32\mswsock.dll
0x00007ffabd420000 - 0x00007ffabd436000 	C:\Users\araom\.jdks\ms-21.0.8\bin\nio.dll
0x00007ffabd3f0000 - 0x00007ffabd3f9000 	C:\Users\araom\.jdks\ms-21.0.8\bin\extnet.dll
0x00007ffabd3e0000 - 0x00007ffabd3ea000 	C:\Users\araom\.jdks\ms-21.0.8\bin\management.dll
0x00007ffabd000000 - 0x00007ffabd00c000 	C:\Users\araom\.jdks\ms-21.0.8\bin\management_ext.dll
0x00007ffade720000 - 0x00007ffade728000 	C:\WINDOWS\System32\PSAPI.DLL
0x00007ffac5ae0000 - 0x00007ffac5aee000 	C:\Users\araom\.jdks\ms-21.0.8\bin\sunmscapi.dll
0x00007ffadde30000 - 0x00007ffaddfa7000 	C:\WINDOWS\System32\CRYPT32.dll
0x00007ffadcc30000 - 0x00007ffadcc60000 	C:\WINDOWS\SYSTEM32\ncrypt.dll
0x00007ffadcbe0000 - 0x00007ffadcc1f000 	C:\WINDOWS\SYSTEM32\NTASN1.dll
0x00007ffadcae0000 - 0x00007ffadcafb000 	C:\WINDOWS\SYSTEM32\CRYPTSP.dll
0x00007ffadc110000 - 0x00007ffadc14b000 	C:\WINDOWS\system32\rsaenh.dll
0x00007ffadc7b0000 - 0x00007ffadc7db000 	C:\WINDOWS\SYSTEM32\USERENV.dll
0x00007ffadd300000 - 0x00007ffadd326000 	C:\WINDOWS\SYSTEM32\bcrypt.dll
0x00007ffadc940000 - 0x00007ffadc94c000 	C:\WINDOWS\SYSTEM32\CRYPTBASE.dll
0x00007ffadbc00000 - 0x00007ffadbc34000 	C:\WINDOWS\SYSTEM32\IPHLPAPI.DLL
0x00007ffadeba0000 - 0x00007ffadebaa000 	C:\WINDOWS\System32\NSI.dll
0x00007ffadbca0000 - 0x00007ffadbdc6000 	C:\WINDOWS\SYSTEM32\DNSAPI.dll
0x00007ffad5230000 - 0x00007ffad523b000 	C:\Windows\System32\rasadhlp.dll
0x00007ffad7d90000 - 0x00007ffad7e16000 	C:\WINDOWS\System32\fwpuclnt.dll
0x00007ffaace10000 - 0x00007ffaace18000 	C:\WINDOWS\system32\wshunix.dll

JVMTI agents:
C:\Users\araom\AppData\Local\Programs\IntelliJ IDEA Community Edition\lib\idea_rt.jar path:C:\Users\araom\.jdks\ms-21.0.8\bin\instrument.dll, loaded, initialized, instrumentlib options:56438

dbghelp: loaded successfully - version: 4.0.5 - missing functions: none
symbol engine: initialized successfully - sym options: 0x614 - pdb path: .;C:\Users\araom\.jdks\ms-21.0.8\bin;C:\WINDOWS\SYSTEM32;C:\WINDOWS\WinSxS\amd64_microsoft.windows.common-controls_6595b64144ccf1df_6.0.26100.5074_none_3e0d6f78e32fd63f;C:\Users\araom\.jdks\ms-21.0.8\bin\server

VM Arguments:
jvm_args: -XX:TieredStopAtLevel=1 -Dspring.output.ansi.enabled=always -javaagent:C:\Users\araom\AppData\Local\Programs\IntelliJ IDEA Community Edition\lib\idea_rt.jar=56438 -Dfile.encoding=UTF-8 -Dsun.stdout.encoding=UTF-8 -Dsun.stderr.encoding=UTF-8 
java_command: com.jobportal.Job.Poratl.JobPoratlApplication
java_class_path (initial): C:\Users\araom\OneDrive\Desktop\Job Poratl backend\Job-Poratl\target\classes;C:\Users\araom\.m2\repository\org\springframework\boot\spring-boot-starter-web\4.0.1\spring-boot-starter-web-4.0.1.jar;C:\Users\araom\.m2\repository\org\springframework\boot\spring-boot-starter-jackson\4.0.1\spring-boot-starter-jackson-4.0.1.jar;C:\Users\araom\.m2\repository\org\springframework\boot\spring-boot-jackson\4.0.1\spring-boot-jackson-4.0.1.jar;C:\Users\araom\.m2\repository\tools\jackson\core\jackson-databind\3.0.3\jackson-databind-3.0.3.jar;C:\Users\araom\.m2\repository\tools\jackson\core\jackson-core\3.0.3\jackson-core-3.0.3.jar;C:\Users\araom\.m2\repository\org\springframework\boot\spring-boot-starter-tomcat\4.0.1\spring-boot-starter-tomcat-4.0.1.jar;C:\Users\araom\.m2\repository\org\springframework\boot\spring-boot-starter-tomcat-runtime\4.0.1\spring-boot-starter-tomcat-runtime-4.0.1.jar;C:\Users\araom\.m2\repository\org\springframework\boot\spring-boot-web-server\4.0.1\spring-boot-web-server-4.0.1.jar;C:\Users\araom\.m2\repository\org\apache\tomcat\embed\tomcat-embed-core\11.0.15\tomcat-embed-core-11.0.15.jar;C:\Users\araom\.m2\repository\org\apache\tomcat\embed\tomcat-embed-websocket\11.0.15\tomcat-embed-websocket-11.0.15.jar;C:\Users\araom\.m2\repository\org\springframework\boot\spring-boot-tomcat\4.0.1\spring-boot-tomcat-4.0.1.jar;C:\Users\araom\.m2\repository\org\springframework\boot\spring-boot-http-converter\4.0.1\spring-boot-http-converter-4.0.1.jar;C:\Users\araom\.m2\repository\org\springframework\spring-web\7.0.2\spring-web-7.0.2.jar;C:\Users\araom\.m2\repository\io\micrometer\micrometer-observation\1.16.1\micrometer-observation-1.16.1.jar;C:\Users\araom\.m2\repository\io\micrometer\micrometer-commons\1.16.1\micrometer-commons-1.16.1.jar;C:\Users\araom\.m2\repository\org\springframework\boot\spring-boot-webmvc\4.0.1\spring-boot-webmvc-4.0.1.jar;C:\Users\araom\.m2\repository\org\springframework\boot\spring-boot-servlet\4.0.1\spring-boot-servlet-4.0.1.jar;C:\Users\araom\.m2\repository\org\springframework\spring-webmvc\7.0.2\spring-webmvc-7.0.2.jar;C:\Users\araom\.m2\repository\org\springframework\spring-expression\7.0.2\spring-expression-7.0.2.jar;C:\Users\araom\.m2\repository\org\springframework\boot\spring-boot-starter-data-mongodb\4.0.1\spring-boot-starter-data-mongodb-4.0.1.jar;C:\Users\araom\.m2\repository\org\springframework\boot\spring-boot-starter-mongodb\4.0.1\spring-boot-starter-mongodb-4.0.1.jar;C:\Users\araom\.m2\repository\org\springframework\boot\spring-boot-mongodb\4.0.1\spring-boot-mongodb-4.0.1.jar;C:\Users\araom\.m2\repository\org\mongodb\mongodb-driver-sync\5.6.2\mongodb-driver-sync-5.6.2.jar;C:\Users\araom\.m2\repository\org\mongodb\bson\5.6.2\bson-5.6.2.jar;C:\Users\araom\.m2\repository\org\mongodb\mongodb-driver-core\5.6.2\mongodb-driver-core-5.6.2.jar;C:\Users\araom\.m2\repository\org\mongodb\bson-record-codec\5.6.2\bson-record-codec-5.6.2.jar;C:\Users\araom\.m2\repository\org\springframework\boot\spring-boot-data-mongodb\4.0.1\spring-boot-data-mongodb-4.0.1.jar;C:\Users\araom\.m2\repository\org\springframework\boot\spring-boot-data-commons\4.0.1\spring-boot-data-commons-4.0.1.jar;C:\Users\araom\.m2\repository\org\springframework\boot\spring-boot-persistence\4.0.1\spring-boot-persistence-4.0.1.jar;C:\Users\araom\.m2\repository\org\springframework\data\spring-data-commons\4.0.1\spring-data-commons-4.0.1.jar;C:\Users\araom\.m2\repository\org\springframework\boot\spring-boot-transaction\4.0.1\spring-boot-transaction-4.0.1.jar;C:\Users\araom\.m2\repository\org\springframework\spring-tx\7.0.2\spring-tx-7.0.2.jar;C:\Users\araom\.m2\repository\org\springframework\data\spring-data-mongodb\5.0.1\spring-data-mongodb-5.0.1.jar;C:\Users\araom\.m2\repository\org\projectlombok\lombok\1.18.42\lombok-1.18.42.jar;C:\Users\araom\.m2\repository\org\springframework\boot\spring-boot-devtools\4.0.1\spring-boot-devtools-4.0.1.jar;C:\Users\araom\.m2\repository\org\springframework\boot\spring-boot\4.0.1\spring-boot-4.0.1.jar;C:\Users\araom\.m2\repository\org\springframework\spring-context\7.0.2\spring-context-7.0.2.jar;C:\Users\araom\.m2\repository\org\springframework\boot\spring-boot-autoconfigure\4.0.1\spring-boot-autoconfigure-4.0.1.jar;C:\Users\araom\.m2\repository\org\springframework\boot\spring-boot-starter-validation\4.0.1\spring-boot-starter-validation-4.0.1.jar;C:\Users\araom\.m2\repository\org\springframework\boot\spring-boot-starter\4.0.1\spring-boot-starter-4.0.1.jar;C:\Users\araom\.m2\repository\org\springframework\boot\spring-boot-starter-logging\4.0.1\spring-boot-starter-logging-4.0.1.jar;C:\Users\araom\.m2\repository\ch\qos\logback\logback-classic\1.5.22\logback-classic-1.5.22.jar;C:\Users\araom\.m2\repository\ch\qos\logback\logback-core\1.5.22\logback-core-1.5.22.jar;C:\Users\araom\.m2\repository\org\apache\logging\log4j\log4j-to-slf4j\2.25.3\log4j-to-slf4j-2.25.3.jar;C:\Users\araom\.m2\repository\org\apache\logging\log4j\log4j-api\2.25.3\log4j-api-2.25.3.jar;C:\Users\araom\.m2\repository\org\slf4j\jul-to-slf4j\2.0.17\jul-to-slf4j-2.0.17.jar;C:\Users\araom\.m2\repository\jakarta\annotation\jakarta.annotation-api\3.0.0\jakarta.annotation-api-3.0.0.jar;C:\Users\araom\.m2\repository\org\yaml\snakeyaml\2.5\snakeyaml-2.5.jar;C:\Users\araom\.m2\repository\org\springframework\boot\spring-boot-validation\4.0.1\spring-boot-validation-4.0.1.jar;C:\Users\araom\.m2\repository\org\apache\tomcat\embed\tomcat-embed-el\11.0.15\tomcat-embed-el-11.0.15.jar;C:\Users\araom\.m2\repository\org\hibernate\validator\hibernate-validator\9.0.1.Final\hibernate-validator-9.0.1.Final.jar;C:\Users\araom\.m2\repository\jakarta\validation\jakarta.validation-api\3.1.1\jakarta.validation-api-3.1.1.jar;C:\Users\araom\.m2\repository\org\jboss\logging\jboss-logging\3.6.1.Final\jboss-logging-3.6.1.Final.jar;C:\Users\araom\.m2\repository\com\fasterxml\classmate\1.7.1\classmate-1.7.1.jar;C:\Users\araom\.m2\repository\org\slf4j\slf4j-api\2.0.17\slf4j-api-2.0.17.jar;C:\Users\araom\.m2\repository\jakarta\activation\jakarta.activation-api\2.1.4\jakarta.activation-api-2.1.4.jar;C:\Users\araom\.m2\repository\org\springframework\spring-core\7.0.2\spring-core-7.0.2.jar;C:\Users\araom\.m2\repository\commons-logging\commons-logging\1.3.5\commons-logging-1.3.5.jar;C:\Users\araom\.m2\repository\org\jspecify\jspecify\1.0.0\jspecify-1.0.0.jar;C:\Users\araom\.m2\repository\org\springframework\boot\spring-boot-starter-security\4.0.1\spring-boot-starter-security-4.0.1.jar;C:\Users\araom\.m2\repository\org\springframework\boot\spring-boot-security\4.0.1\spring-boot-security-4.0.1.jar;C:\Users\araom\.m2\repository\org\springframework\security\spring-security-config\7.0.2\spring-security-config-7.0.2.jar;C:\Users\araom\.m2\repository\org\springframework\security\spring-security-core\7.0.2\spring-security-core-7.0.2.jar;C:\Users\araom\.m2\repository\org\springframework\security\spring-security-crypto\7.0.2\spring-security-crypto-7.0.2.jar;C:\Users\araom\.m2\repository\org\springframework\security\spring-security-web\7.0.2\spring-security-web-7.0.2.jar;C:\Users\araom\.m2\repository\org\springframework\spring-aop\7.0.2\spring-aop-7.0.2.jar;C:\Users\araom\.m2\repository\org\springframework\spring-beans\7.0.2\spring-beans-7.0.2.jar;C:\Users\araom\.m2\repository\org\springframework\boot\spring-boot-starter-mail\4.0.1\spring-boot-starter-mail-4.0.1.jar;C:\Users\araom\.m2\repository\org\springframework\boot\spring-boot-mail\4.0.1\spring-boot-mail-4.0.1.jar;C:\Users\araom\.m2\repository\org\springframework\spring-context-support\7.0.2\spring-context-support-7.0.2.jar;C:\Users\araom\.m2\repository\jakarta\mail\jakarta.mail-api\2.1.5\jakarta.mail-api-2.1.5.jar;C:\Users\araom\.m2\repository\org\eclipse\angus\angus-mail\2.0.5\angus-mail-2.0.5.jar;C:\Users\araom\.m2\repository\org\eclipse\angus\angus-activation\2.0.3\angus-activation-2.0.3.jar;C:\Users\araom\.m2\repository\com\fasterxml\jackson\core\jackson-databind\2.20.1\jackson-databind-2.20.1.jar;C:\Users\araom\.m2\repository\com\fasterxml\jackson\core\jackson-annotations\2.20\jackson-annotations-2.20.jar;C:\Users\araom\.m2\repository\com\fasterxml\jackson\core\jackson-core\2.20.1\jackson-core-2.20.1.jar;C:\Users\araom\.m2\repository\io\jsonwebtoken\jjwt-api\0.11.5\jjwt-api-0.11.5.jar;C:\Users\araom\.m2\repository\io\jsonwebtoken\jjwt-impl\0.11.5\jjwt-impl-0.11.5.jar;C:\Users\araom\.m2\repository\io\jsonwebtoken\jjwt-jackson\0.11.5\jjwt-jackson-0.11.5.jar
Launcher Type: SUN_STANDARD

[Global flags]
     intx CICompilerCount                          = 4                                         {product} {ergonomic}
     uint ConcGCThreads                            = 3                                         {product} {ergonomic}
     uint G1ConcRefinementThreads                  = 10                                        {product} {ergonomic}
   size_t G1HeapRegionSize                         = 2097152                                   {product} {ergonomic}
    uintx GCDrainStackTargetSize                   = 64                                        {product} {ergonomic}
   size_t InitialHeapSize                          = 264241152                                 {product} {ergonomic}
   size_t MarkStackSize                            = 4194304                                   {product} {ergonomic}
   size_t MaxHeapSize                              = 4202692608                                {product} {ergonomic}
   size_t MaxNewSize                               = 2520776704                                {product} {ergonomic}
   size_t MinHeapDeltaBytes                        = 2097152                                   {product} {ergonomic}
   size_t MinHeapSize                              = 8388608                                   {product} {ergonomic}
    uintx NonNMethodCodeHeapSize                   = 4096                                   {pd product} {ergonomic}
    uintx NonProfiledCodeHeapSize                  = 0                                      {pd product} {ergonomic}
     bool ProfileInterpreter                       = false                                  {pd product} {command line}
    uintx ProfiledCodeHeapSize                     = 0                                      {pd product} {ergonomic}
   size_t SoftMaxHeapSize                          = 4202692608                             {manageable} {ergonomic}
     intx TieredStopAtLevel                        = 1                                         {product} {command line}
     bool UseCompressedOops                        = true                           {product lp64_product} {ergonomic}
     bool UseG1GC                                  = true                                      {product} {ergonomic}
     bool UseLargePagesIndividualAllocation        = false                                  {pd product} {ergonomic}

Logging:
Log output configuration:
 #0: stdout all=warning uptime,level,tags foldmultilines=false
 #1: stderr all=off uptime,level,tags foldmultilines=false

Environment Variables:
JAVA_HOME=C:\Program Files\Eclipse Adoptium\jdk-21.0.6.7-hotspot\bin
PATH=C:\Program Files\Eclipse Adoptium\jdk-21.0.6.7-hotspot\bin;C:\Python313\Scripts\;C:\Python313\;C:\Python312\Scripts\;C:\Python312\;C:\WINDOWS\system32;C:\WINDOWS;C:\WINDOWS\System32\Wbem;C:\WINDOWS\System32\WindowsPowerShell\v1.0\;C:\WINDOWS\System32\OpenSSH\;C:\Program Files\Git\cmd;C:\Program Files (x86)\dotnet\;C:\MAMP\bin\mysql\bin;C:\Program Files\nodejs\;C:\ProgramData\chocolatey\bin;;C:\Program Files\Docker\Docker\resources\bin;C:\Users\araom\AppData\Local\Programs\Eclipse Adoptium\jdk-21.0.6.7-hotspot\bin;C:\Users\araom\AppData\Local\Microsoft\WindowsApps;C:\Users\araom\AppData\Local\Programs\Microsoft VS Code\bin;C:\Users\araom\AppData\Roaming\npm;C:\Users\araom\AppData\Local\JetBrains\Toolbox\scripts;C:\Users\araom\AppData\Local\Programs\mongosh\
USERNAME=araom
OS=Windows_NT
PROCESSOR_IDENTIFIER=Intel64 Family 6 Model 186 Stepping 3, GenuineIntel
TMP=C:\Users\araom\AppData\Local\Temp
TEMP=C:\Users\araom\AppData\Local\Temp




Periodic native trim disabled

---------------  S Y S T E M  ---------------

OS:
 Windows 11 , 64 bit Build 26100 (10.0.26100.5074)
OS uptime: 0 days 2:01 hours
Hyper-V role detected

CPU: total 12 (initial active 12) (6 cores per cpu, 2 threads per core) family 6 model 186 stepping 3 microcode 0x4129, cx8, cmov, fxsr, ht, mmx, 3dnowpref, sse, sse2, sse3, ssse3, sse4.1, sse4.2, popcnt, lzcnt, tsc, tscinvbit, avx, avx2, aes, erms, clmul, bmi1, bmi2, adx, sha, fma, vzeroupper, clflush, clflushopt, clwb, hv, serialize, rdtscp, rdpid, fsrm, f16c, cet_ibt, cet_ss
Processor Information for the first 12 processors :
  Max Mhz: 1300, Current Mhz: 1300, Mhz Limit: 1300

Memory: 4k page, system-wide physical 16024M (500M free)
TotalPageFile size 26928M (AvailPageFile size 81M)
current process WorkingSet (physical memory assigned to process): 383M, peak: 383M
current process commit charge ("private bytes"): 609M, peak: 1285M

vm_info: OpenJDK 64-Bit Server VM (21.0.8+9-LTS) for windows-amd64 JRE (21.0.8+9-LTS), built on 2025-07-10T20:22:44Z by "MicrosoftCorporation" with unknown MS VC++:1944

END.
