#
# There is insufficient memory for the Java Runtime Environment to continue.
# Native memory allocation (malloc) failed to allocate 262160 bytes. Error detail: Chunk::new
# Possible reasons:
#   The system is out of physical RAM or swap space
#   This process is running with CompressedOops enabled, and the Java Heap may be blocking the growth of the native heap
# Possible solutions:
#   Reduce memory load on the system
#   Increase physical memory or swap space
#   Check if swap backing store is full
#   Decrease Java heap size (-Xmx/-Xms)
#   Decrease number of Java threads
#   Decrease Java thread stack sizes (-Xss)
#   Set larger code cache with -XX:ReservedCodeCacheSize=
#   JVM is running with Zero Based Compressed Oops mode in which the Java heap is
#     placed in the first 32GB address space. The Java Heap base address is the
#     maximum limit for the native heap growth. Please use -XX:HeapBaseMinAddress
#     to set the Java Heap base and to place the Java Heap above 32GB virtual address.
# This output file may be truncated or incomplete.
#
#  Out of Memory Error (arena.cpp:168), pid=27568, tid=8096
#
# JRE version: OpenJDK Runtime Environment Microsoft-11933218 (21.0.8+9) (build 21.0.8+9-LTS)
# Java VM: OpenJDK 64-Bit Server VM Microsoft-11933218 (21.0.8+9-LTS, mixed mode, sharing, tiered, compressed oops, compressed class ptrs, g1 gc, windows-amd64)
# No core dump will be written. Minidumps are not enabled by default on client versions of Windows
#

---------------  S U M M A R Y ------------

Command Line: -javaagent:C:\Users\araom\AppData\Local\JetBrains\Toolbox\cache\backup\IDEA-C-252.26199.169-7431022744784453738\lib\idea_rt.jar=52899 -Dfile.encoding=UTF-8 -Dsun.stdout.encoding=UTF-8 -Dsun.stderr.encoding=UTF-8 com.jobportal.Job.Poratl.JobPoratlApplication

Host: 13th Gen Intel(R) Core(TM) i5-1335U, 12 cores, 15G,  Windows 11 , 64 bit Build 26100 (10.0.26100.5074)
Time: Tue Feb  3 02:42:21 2026 elapsed time: 1.629652 seconds (0d 0h 0m 1s)

---------------  T H R E A D  ---------------

Current thread (0x0000020560114dd0):  JavaThread "C2 CompilerThread0" daemon [_thread_in_native, id=8096, stack(0x0000009f59800000,0x0000009f59900000) (1024K)]


Current CompileTask:
C2:1629 2661   !   4       jdk.internal.loader.BuiltinClassLoader::loadClassOrNull (143 bytes)

Stack: [0x0000009f59800000,0x0000009f59900000]
Native frames: (J=compiled Java code, j=interpreted, Vv=VM code, C=native code)
V  [jvm.dll+0x6e1729]
V  [jvm.dll+0x8bf47b]
V  [jvm.dll+0x8c19aa]
V  [jvm.dll+0x8c2083]
V  [jvm.dll+0x289fd6]
V  [jvm.dll+0xc903d]
V  [jvm.dll+0xc958c]
V  [jvm.dll+0xc9165]
V  [jvm.dll+0x6bca9c]
V  [jvm.dll+0x259619]
V  [jvm.dll+0x707577]
V  [jvm.dll+0x25a317]
V  [jvm.dll+0x250f39]
V  [jvm.dll+0x1d18bf]
V  [jvm.dll+0x260f4a]
V  [jvm.dll+0x25f2b5]
V  [jvm.dll+0x40151d]
V  [jvm.dll+0x86975d]
V  [jvm.dll+0x6dff2d]
C  [ucrtbase.dll+0x37b0]
C  [KERNEL32.DLL+0x2e8d7]
C  [ntdll.dll+0x8d9c]


---------------  P R O C E S S  ---------------

Threads class SMR info:
_java_thread_list=0x00000205a762ffa0, length=17, elements={
0x00000205409dadb0, 0x0000020560100dc0, 0x0000020560101620, 0x00000205601077b0,
0x0000020560109f90, 0x000002056010c100, 0x0000020560110f10, 0x0000020560114dd0,
0x0000020560117aa0, 0x000002056020c820, 0x0000020560365880, 0x00000205604e9f70,
0x00000205608f7530, 0x00000205602cdd00, 0x00000205609f1330, 0x00000205604f8d80,
0x00000205a67ed240
}

Java Threads: ( => current thread )
  0x00000205409dadb0 JavaThread "main"                              [_thread_blocked, id=3604, stack(0x0000009f58a00000,0x0000009f58b00000) (1024K)]
  0x0000020560100dc0 JavaThread "Reference Handler"          daemon [_thread_blocked, id=8980, stack(0x0000009f59200000,0x0000009f59300000) (1024K)]
  0x0000020560101620 JavaThread "Finalizer"                  daemon [_thread_blocked, id=15052, stack(0x0000009f59300000,0x0000009f59400000) (1024K)]
  0x00000205601077b0 JavaThread "Signal Dispatcher"          daemon [_thread_blocked, id=26108, stack(0x0000009f59400000,0x0000009f59500000) (1024K)]
  0x0000020560109f90 JavaThread "Attach Listener"            daemon [_thread_blocked, id=17056, stack(0x0000009f59500000,0x0000009f59600000) (1024K)]
  0x000002056010c100 JavaThread "Service Thread"             daemon [_thread_blocked, id=17392, stack(0x0000009f59600000,0x0000009f59700000) (1024K)]
  0x0000020560110f10 JavaThread "Monitor Deflation Thread"   daemon [_thread_blocked, id=5436, stack(0x0000009f59700000,0x0000009f59800000) (1024K)]
=>0x0000020560114dd0 JavaThread "C2 CompilerThread0"         daemon [_thread_in_native, id=8096, stack(0x0000009f59800000,0x0000009f59900000) (1024K)]
  0x0000020560117aa0 JavaThread "C1 CompilerThread0"         daemon [_thread_in_vm, id=192, stack(0x0000009f59900000,0x0000009f59a00000) (1024K)]
  0x000002056020c820 JavaThread "Common-Cleaner"             daemon [_thread_blocked, id=12160, stack(0x0000009f59a00000,0x0000009f59b00000) (1024K)]
  0x0000020560365880 JavaThread "C2 CompilerThread1"         daemon [_thread_blocked, id=18936, stack(0x0000009f59b00000,0x0000009f59c00000) (1024K)]
  0x00000205604e9f70 JavaThread "C2 CompilerThread2"         daemon [_thread_blocked, id=1556, stack(0x0000009f59c00000,0x0000009f59d00000) (1024K)]
  0x00000205608f7530 JavaThread "Monitor Ctrl-Break"         daemon [_thread_in_native, id=18820, stack(0x0000009f59d00000,0x0000009f59e00000) (1024K)]
  0x00000205602cdd00 JavaThread "Notification Thread"        daemon [_thread_blocked, id=26016, stack(0x0000009f59e00000,0x0000009f59f00000) (1024K)]
  0x00000205609f1330 JavaThread "Thread-0"                          [_thread_blocked, id=16692, stack(0x0000009f5a400000,0x0000009f5a500000) (1024K)]
  0x00000205604f8d80 JavaThread "restartedMain"                     [_thread_in_vm, id=13576, stack(0x0000009f5a500000,0x0000009f5a600000) (1024K)]
  0x00000205a67ed240 JavaThread "background-preinit"                [_thread_in_vm, id=27420, stack(0x0000009f5a600000,0x0000009f5a700000) (1024K)]
Total: 17

Other Threads:
  0x00000205600e6040 VMThread "VM Thread"                           [id=6672, stack(0x0000009f59100000,0x0000009f59200000) (1024K)]
  0x00000205600d19b0 WatcherThread "VM Periodic Task Thread"        [id=24892, stack(0x0000009f59000000,0x0000009f59100000) (1024K)]
  0x0000020540a40ed0 WorkerThread "GC Thread#0"                     [id=11668, stack(0x0000009f58b00000,0x0000009f58c00000) (1024K)]
  0x00000205a64185b0 WorkerThread "GC Thread#1"                     [id=10912, stack(0x0000009f59f00000,0x0000009f5a000000) (1024K)]
  0x00000205a6418950 WorkerThread "GC Thread#2"                     [id=27008, stack(0x0000009f5a000000,0x0000009f5a100000) (1024K)]
  0x00000205a6418cf0 WorkerThread "GC Thread#3"                     [id=27192, stack(0x0000009f5a100000,0x0000009f5a200000) (1024K)]
  0x00000205a6419090 WorkerThread "GC Thread#4"                     [id=25348, stack(0x0000009f5a200000,0x0000009f5a300000) (1024K)]
  0x00000205a6419430 WorkerThread "GC Thread#5"                     [id=26620, stack(0x0000009f5a300000,0x0000009f5a400000) (1024K)]
  0x00000205a68d7d80 WorkerThread "GC Thread#6"                     [id=27336, stack(0x0000009f5a700000,0x0000009f5a800000) (1024K)]
  0x00000205a68dc980 WorkerThread "GC Thread#7"                     [id=27344, stack(0x0000009f5a800000,0x0000009f5a900000) (1024K)]
  0x00000205a6a92a30 WorkerThread "GC Thread#8"                     [id=27332, stack(0x0000009f5a900000,0x0000009f5aa00000) (1024K)]
  0x00000205a6a940b0 WorkerThread "GC Thread#9"                     [id=27284, stack(0x0000009f5aa00000,0x0000009f5ab00000) (1024K)]
  0x0000020540a51930 ConcurrentGCThread "G1 Main Marker"            [id=1096, stack(0x0000009f58c00000,0x0000009f58d00000) (1024K)]
  0x0000020540a52740 WorkerThread "G1 Conc#0"                       [id=23188, stack(0x0000009f58d00000,0x0000009f58e00000) (1024K)]
  0x00000205a6a947f0 WorkerThread "G1 Conc#1"                       [id=18572, stack(0x0000009f5ac00000,0x0000009f5ad00000) (1024K)]
  0x00000205a6a94b90 WorkerThread "G1 Conc#2"                       [id=25256, stack(0x0000009f5ad00000,0x0000009f5ae00000) (1024K)]
  0x000002055ff99e10 ConcurrentGCThread "G1 Refine#0"               [id=1332, stack(0x0000009f58e00000,0x0000009f58f00000) (1024K)]
  0x000002055ff9c4b0 ConcurrentGCThread "G1 Service"                [id=26256, stack(0x0000009f58f00000,0x0000009f59000000) (1024K)]
Total: 18

Threads with active compile tasks:
C2 CompilerThread0  1685 2661   !   4       jdk.internal.loader.BuiltinClassLoader::loadClassOrNull (143 bytes)
C1 CompilerThread0  1685 2678       3       java.lang.invoke.LambdaForm$MH/0x00000205620acc00::invoke (45 bytes)
Total: 2

VM state: not at safepoint (normal execution)

VM Mutex/Monitor currently owned by a thread:  ([mutex/lock_event])
[0x00007ff9d8b887c8] Metaspace_lock - owner thread: 0x0000020560117aa0

Heap address: 0x0000000705800000, size: 4008 MB, Compressed Oops mode: Zero based, Oop shift amount: 3

CDS archive(s) mapped at: [0x0000020561000000-0x0000020561c80000-0x0000020561c80000), size 13107200, SharedBaseAddress: 0x0000020561000000, ArchiveRelocationMode: 1.
Compressed class space mapped at: 0x0000020562000000-0x00000205a2000000, reserved size: 1073741824
Narrow klass base: 0x0000020561000000, Narrow klass shift: 0, Narrow klass range: 0x100000000

GC Precious Log:
 CardTable entry size: 512
 Card Set container configuration: InlinePtr #cards 4 size 8 Array Of Cards #cards 16 size 48 Howl #buckets 8 coarsen threshold 3686 Howl Bitmap #cards 512 size 80 coarsen threshold 460 Card regions per heap region 1 cards per card region 4096
 CPUs: 12 total, 12 available
 Memory: 16024M
 Large Page Support: Disabled
 NUMA Support: Disabled
 Compressed Oops: Enabled (Zero based)
 Heap Region Size: 2M
 Heap Min Capacity: 8M
 Heap Initial Capacity: 252M
 Heap Max Capacity: 4008M
 Pre-touch: Disabled
 Parallel Workers: 10
 Concurrent Workers: 3
 Concurrent Refinement Workers: 10
 Periodic GC: Disabled

Heap:
 garbage-first heap   total 49152K, used 18930K [0x0000000705800000, 0x0000000800000000)
  region size 2048K, 7 young (14336K), 3 survivors (6144K)
 Metaspace       used 21956K, committed 22336K, reserved 1114112K
  class space    used 2789K, committed 2944K, reserved 1048576K

Heap Regions: E=young(eden), S=young(survivor), O=old, HS=humongous(starts), HC=humongous(continues), CS=collection set, F=free, TAMS=top-at-mark-start, PB=parsable bottom
|   0|0x0000000705800000, 0x0000000705a00000, 0x0000000705a00000|100%| O|  |TAMS 0x0000000705800000| PB 0x0000000705800000| Untracked 
|   1|0x0000000705a00000, 0x0000000705c00000, 0x0000000705c00000|100%| O|  |TAMS 0x0000000705a00000| PB 0x0000000705a00000| Untracked 
|   2|0x0000000705c00000, 0x0000000705e00000, 0x0000000705e00000|100%| O|  |TAMS 0x0000000705c00000| PB 0x0000000705c00000| Untracked 
|   3|0x0000000705e00000, 0x0000000705ec9250, 0x0000000706000000| 39%| O|Cm|TAMS 0x0000000705e00000| PB 0x0000000705e00000| Complete 
|   4|0x0000000706000000, 0x0000000706000000, 0x0000000706200000|  0%| F|  |TAMS 0x0000000706000000| PB 0x0000000706000000| Untracked 
|   5|0x0000000706200000, 0x0000000706200000, 0x0000000706400000|  0%| F|  |TAMS 0x0000000706200000| PB 0x0000000706200000| Untracked 
|   6|0x0000000706400000, 0x0000000706400000, 0x0000000706600000|  0%| F|  |TAMS 0x0000000706400000| PB 0x0000000706400000| Untracked 
|   7|0x0000000706600000, 0x0000000706600000, 0x0000000706800000|  0%| F|  |TAMS 0x0000000706600000| PB 0x0000000706600000| Untracked 
|   8|0x0000000706800000, 0x0000000706800000, 0x0000000706a00000|  0%| F|  |TAMS 0x0000000706800000| PB 0x0000000706800000| Untracked 
|   9|0x0000000706a00000, 0x0000000706a00000, 0x0000000706c00000|  0%| F|  |TAMS 0x0000000706a00000| PB 0x0000000706a00000| Untracked 
|  10|0x0000000706c00000, 0x0000000706c00000, 0x0000000706e00000|  0%| F|  |TAMS 0x0000000706c00000| PB 0x0000000706c00000| Untracked 
|  11|0x0000000706e00000, 0x0000000706e00000, 0x0000000707000000|  0%| F|  |TAMS 0x0000000706e00000| PB 0x0000000706e00000| Untracked 
|  12|0x0000000707000000, 0x0000000707000000, 0x0000000707200000|  0%| F|  |TAMS 0x0000000707000000| PB 0x0000000707000000| Untracked 
|  13|0x0000000707200000, 0x0000000707200000, 0x0000000707400000|  0%| F|  |TAMS 0x0000000707200000| PB 0x0000000707200000| Untracked 
|  14|0x0000000707400000, 0x0000000707400000, 0x0000000707600000|  0%| F|  |TAMS 0x0000000707400000| PB 0x0000000707400000| Untracked 
|  15|0x0000000707600000, 0x0000000707600000, 0x0000000707800000|  0%| F|  |TAMS 0x0000000707600000| PB 0x0000000707600000| Untracked 
|  16|0x0000000707800000, 0x0000000707800000, 0x0000000707a00000|  0%| F|  |TAMS 0x0000000707800000| PB 0x0000000707800000| Untracked 
|  17|0x0000000707a00000, 0x0000000707b89128, 0x0000000707c00000| 76%| E|  |TAMS 0x0000000707a00000| PB 0x0000000707a00000| Complete 
|  18|0x0000000707c00000, 0x0000000707e00000, 0x0000000707e00000|100%| E|CS|TAMS 0x0000000707c00000| PB 0x0000000707c00000| Complete 
| 102|0x0000000712400000, 0x00000007125b3958, 0x0000000712600000| 85%| S|CS|TAMS 0x0000000712400000| PB 0x0000000712400000| Complete 
| 103|0x0000000712600000, 0x0000000712800000, 0x0000000712800000|100%| S|CS|TAMS 0x0000000712600000| PB 0x0000000712600000| Complete 
| 104|0x0000000712800000, 0x0000000712a00000, 0x0000000712a00000|100%| S|CS|TAMS 0x0000000712800000| PB 0x0000000712800000| Complete 
| 124|0x0000000715000000, 0x0000000715200000, 0x0000000715200000|100%| E|CS|TAMS 0x0000000715000000| PB 0x0000000715000000| Complete 
| 125|0x0000000715200000, 0x0000000715400000, 0x0000000715400000|100%| E|CS|TAMS 0x0000000715200000| PB 0x0000000715200000| Complete 

Card table byte_map: [0x0000020558e00000,0x00000205595e0000] _byte_map_base: 0x00000205555d4000

Marking Bits: (CMBitMap*) 0x0000020540a415d0
 Bits: [0x00000205595e0000, 0x000002055d480000)

Polling page: 0x000002053e940000

Metaspace:

Usage:
  Non-class:     18.72 MB used.
      Class:      2.72 MB used.
       Both:     21.44 MB used.

Virtual space:
  Non-class space:       64.00 MB reserved,      18.94 MB ( 30%) committed,  1 nodes.
      Class space:        1.00 GB reserved,       2.88 MB ( <1%) committed,  1 nodes.
             Both:        1.06 GB reserved,      21.81 MB (  2%) committed. 

Chunk freelists:
   Non-Class:  12.50 MB
       Class:  13.12 MB
        Both:  25.62 MB

MaxMetaspaceSize: unlimited
CompressedClassSpaceSize: 1.00 GB
Initial GC threshold: 21.00 MB
Current GC threshold: 35.12 MB
CDS: on
 - commit_granule_bytes: 65536.
 - commit_granule_words: 8192.
 - virtual_space_node_default_size: 8388608.
 - enlarge_chunks_in_place: 1.
 - use_allocation_guard: 0.


Internal statistics:

num_allocs_failed_limit: 3.
num_arena_births: 468.
num_arena_deaths: 0.
num_vsnodes_births: 2.
num_vsnodes_deaths: 0.
num_space_committed: 349.
num_space_uncommitted: 0.
num_chunks_returned_to_freelist: 3.
num_chunks_taken_from_freelist: 1255.
num_chunk_merges: 3.
num_chunk_splits: 810.
num_chunks_enlarged: 543.
num_inconsistent_stats: 0.

CodeHeap 'non-profiled nmethods': size=120000Kb used=1211Kb max_used=1211Kb free=118789Kb
 bounds [0x0000020550ba0000, 0x0000020550e10000, 0x00000205580d0000]
CodeHeap 'profiled nmethods': size=120000Kb used=5017Kb max_used=5017Kb free=114982Kb
 bounds [0x00000205490d0000, 0x00000205495c0000, 0x0000020550600000]
CodeHeap 'non-nmethods': size=5760Kb used=1466Kb max_used=1516Kb free=4293Kb
 bounds [0x0000020550600000, 0x0000020550870000, 0x0000020550ba0000]
CodeCache: size=245760Kb, used=7694Kb, max_used=7744Kb, free=238064Kb
 total_blobs=3220, nmethods=2674, adapters=450, full_count=0
Compilation: enabled, stopped_count=0, restarted_count=0

Compilation events (20 events):
Event: 1.606 Thread 0x0000020560117aa0 nmethod 2658 0x00000205495ac310 code [0x00000205495ac500, 0x00000205495ac828]
Event: 1.607 Thread 0x0000020560117aa0 2662       3       java.lang.Class::getGenericSuperclass (28 bytes)
Event: 1.608 Thread 0x0000020560117aa0 nmethod 2662 0x00000205495ac990 code [0x00000205495acbe0, 0x00000205495ad5e8]
Event: 1.608 Thread 0x0000020560117aa0 2663       3       sun.reflect.generics.parser.SignatureParser::parseTypeArgument (135 bytes)
Event: 1.608 Thread 0x0000020560117aa0 nmethod 2663 0x00000205495ad910 code [0x00000205495adc60, 0x00000205495af448]
Event: 1.613 Thread 0x0000020560117aa0 2664       3       java.lang.invoke.DelegatingMethodHandle$Holder::reinvoke_L (20 bytes)
Event: 1.613 Thread 0x0000020560117aa0 nmethod 2664 0x00000205495afa10 code [0x00000205495afbe0, 0x00000205495b0040]
Event: 1.615 Thread 0x0000020560117aa0 2665       3       sun.reflect.generics.parser.SignatureParser::parseTypeArguments (109 bytes)
Event: 1.616 Thread 0x0000020560117aa0 nmethod 2665 0x00000205495b0190 code [0x00000205495b0460, 0x00000205495b1198]
Event: 1.619 Thread 0x0000020560117aa0 2666       3       sun.reflect.generics.reflectiveObjects.ParameterizedTypeImpl::make (11 bytes)
Event: 1.619 Thread 0x0000020560117aa0 nmethod 2666 0x00000205495b1610 code [0x00000205495b17e0, 0x00000205495b1be0]
Event: 1.620 Thread 0x0000020560117aa0 2667       3       sun.reflect.generics.visitor.Reifier::reifyTypeArguments (38 bytes)
Event: 1.620 Thread 0x0000020560117aa0 nmethod 2667 0x00000205495b1d90 code [0x00000205495b1f60, 0x00000205495b2470]
Event: 1.620 Thread 0x0000020560117aa0 2668       1       sun.reflect.generics.tree.ClassSignature::getSuperInterfaces (5 bytes)
Event: 1.621 Thread 0x0000020560117aa0 nmethod 2668 0x0000020550cccf10 code [0x0000020550ccd0a0, 0x0000020550ccd170]
Event: 1.621 Thread 0x00000205604e9f70 nmethod 2660 0x0000020550ccd210 code [0x0000020550ccd440, 0x0000020550ccdf50]
Event: 1.624 Thread 0x0000020560117aa0 2669       3       org.hibernate.validator.internal.util.TypeHelper::resolveTypeForClassAndHierarchy (61 bytes)
Event: 1.625 Thread 0x0000020560117aa0 nmethod 2669 0x00000205495b2610 code [0x00000205495b2920, 0x00000205495b3940]
Event: 1.625 Thread 0x0000020560117aa0 2670       3       sun.reflect.generics.parser.SignatureParser::parseClassSignature (37 bytes)
Event: 1.626 Thread 0x0000020560117aa0 nmethod 2670 0x00000205495b3e90 code [0x00000205495b4080, 0x00000205495b43f8]

GC Heap History (6 events):
Event: 0.546 GC heap before
{Heap before GC invocations=0 (full 0):
 garbage-first heap   total 258048K, used 20480K [0x0000000705800000, 0x0000000800000000)
  region size 2048K, 11 young (22528K), 0 survivors (0K)
 Metaspace       used 5517K, committed 5696K, reserved 1114112K
  class space    used 630K, committed 704K, reserved 1048576K
}
Event: 0.550 GC heap after
{Heap after GC invocations=1 (full 0):
 garbage-first heap   total 258048K, used 6941K [0x0000000705800000, 0x0000000800000000)
  region size 2048K, 2 young (4096K), 2 survivors (4096K)
 Metaspace       used 5517K, committed 5696K, reserved 1114112K
  class space    used 630K, committed 704K, reserved 1048576K
}
Event: 1.045 GC heap before
{Heap before GC invocations=1 (full 0):
 garbage-first heap   total 258048K, used 33565K [0x0000000705800000, 0x0000000800000000)
  region size 2048K, 15 young (30720K), 2 survivors (4096K)
 Metaspace       used 11940K, committed 12224K, reserved 1114112K
  class space    used 1482K, committed 1600K, reserved 1048576K
}
Event: 1.049 GC heap after
{Heap after GC invocations=2 (full 0):
 garbage-first heap   total 258048K, used 9157K [0x0000000705800000, 0x0000000800000000)
  region size 2048K, 2 young (4096K), 2 survivors (4096K)
 Metaspace       used 11940K, committed 12224K, reserved 1114112K
  class space    used 1482K, committed 1600K, reserved 1048576K
}
Event: 1.573 GC heap before
{Heap before GC invocations=2 (full 0):
 garbage-first heap   total 258048K, used 43973K [0x0000000705800000, 0x0000000800000000)
  region size 2048K, 21 young (43008K), 2 survivors (4096K)
 Metaspace       used 21117K, committed 21504K, reserved 1114112K
  class space    used 2632K, committed 2816K, reserved 1048576K
}
Event: 1.577 GC heap after
{Heap after GC invocations=3 (full 0):
 garbage-first heap   total 258048K, used 12786K [0x0000000705800000, 0x0000000800000000)
  region size 2048K, 3 young (6144K), 3 survivors (6144K)
 Metaspace       used 21117K, committed 21504K, reserved 1114112K
  class space    used 2632K, committed 2816K, reserved 1048576K
}

Dll operation events (12 events):
Event: 0.011 Loaded shared library C:\Users\araom\.jdks\ms-21.0.8\bin\java.dll
Event: 0.033 Loaded shared library C:\Users\araom\.jdks\ms-21.0.8\bin\jsvml.dll
Event: 0.131 Loaded shared library C:\Users\araom\.jdks\ms-21.0.8\bin\zip.dll
Event: 0.138 Loaded shared library C:\Users\araom\.jdks\ms-21.0.8\bin\instrument.dll
Event: 0.144 Loaded shared library C:\Users\araom\.jdks\ms-21.0.8\bin\net.dll
Event: 0.146 Loaded shared library C:\Users\araom\.jdks\ms-21.0.8\bin\nio.dll
Event: 0.148 Loaded shared library C:\Users\araom\.jdks\ms-21.0.8\bin\zip.dll
Event: 0.216 Loaded shared library C:\Users\araom\.jdks\ms-21.0.8\bin\extnet.dll
Event: 0.233 Loaded shared library C:\Users\araom\.jdks\ms-21.0.8\bin\jimage.dll
Event: 0.529 Loaded shared library C:\Users\araom\.jdks\ms-21.0.8\bin\management.dll
Event: 0.533 Loaded shared library C:\Users\araom\.jdks\ms-21.0.8\bin\management_ext.dll
Event: 1.346 Loaded shared library C:\Users\araom\.jdks\ms-21.0.8\bin\sunmscapi.dll

Deoptimization events (20 events):
Event: 1.487 Thread 0x00000205604f8d80 Uncommon trap: trap_request=0xffffff45 fr.pc=0x0000020550c70dc4 relative=0x00000000000000a4
Event: 1.487 Thread 0x00000205604f8d80 Uncommon trap: reason=unstable_if action=reinterpret pc=0x0000020550c70dc4 method=java.lang.ref.ReferenceQueue.poll()Ljava/lang/ref/Reference; @ 4 c2
Event: 1.487 Thread 0x00000205604f8d80 DEOPT PACKING pc=0x0000020550c70dc4 sp=0x0000009f5a5fe480
Event: 1.487 Thread 0x00000205604f8d80 DEOPT UNPACKING pc=0x00000205506546a2 sp=0x0000009f5a5fe368 mode 2
Event: 1.518 Thread 0x00000205604f8d80 DEOPT PACKING pc=0x00000205492e458d sp=0x0000009f5a5fe150
Event: 1.518 Thread 0x00000205604f8d80 DEOPT UNPACKING pc=0x0000020550654e42 sp=0x0000009f5a5fd648 mode 0
Event: 1.518 Thread 0x00000205604f8d80 DEOPT PACKING pc=0x00000205492e458d sp=0x0000009f5a5fe150
Event: 1.518 Thread 0x00000205604f8d80 DEOPT UNPACKING pc=0x0000020550654e42 sp=0x0000009f5a5fd648 mode 0
Event: 1.519 Thread 0x00000205604f8d80 DEOPT PACKING pc=0x00000205492e458d sp=0x0000009f5a5fe150
Event: 1.519 Thread 0x00000205604f8d80 DEOPT UNPACKING pc=0x0000020550654e42 sp=0x0000009f5a5fd648 mode 0
Event: 1.521 Thread 0x00000205604f8d80 DEOPT PACKING pc=0x00000205492e458d sp=0x0000009f5a5fe150
Event: 1.521 Thread 0x00000205604f8d80 DEOPT UNPACKING pc=0x0000020550654e42 sp=0x0000009f5a5fd648 mode 0
Event: 1.522 Thread 0x00000205604f8d80 DEOPT PACKING pc=0x00000205492e458d sp=0x0000009f5a5fe150
Event: 1.522 Thread 0x00000205604f8d80 DEOPT UNPACKING pc=0x0000020550654e42 sp=0x0000009f5a5fd648 mode 0
Event: 1.523 Thread 0x00000205604f8d80 DEOPT PACKING pc=0x00000205492e458d sp=0x0000009f5a5fe150
Event: 1.523 Thread 0x00000205604f8d80 DEOPT UNPACKING pc=0x0000020550654e42 sp=0x0000009f5a5fd648 mode 0
Event: 1.532 Thread 0x00000205604f8d80 Uncommon trap: trap_request=0xffffff45 fr.pc=0x0000020550c1f184 relative=0x00000000000009c4
Event: 1.532 Thread 0x00000205604f8d80 Uncommon trap: reason=unstable_if action=reinterpret pc=0x0000020550c1f184 method=jdk.internal.org.objectweb.asm.SymbolTable.put(Ljdk/internal/org/objectweb/asm/SymbolTable$Entry;)Ljdk/internal/org/objectweb/asm/SymbolTable$Entry; @ 13 c2
Event: 1.532 Thread 0x00000205604f8d80 DEOPT PACKING pc=0x0000020550c1f184 sp=0x0000009f5a5fd6b0
Event: 1.532 Thread 0x00000205604f8d80 DEOPT UNPACKING pc=0x00000205506546a2 sp=0x0000009f5a5fd5e8 mode 2

Classes loaded (20 events):
Event: 1.594 Loading class java/time/chrono/ChronoLocalDateImpl done
Event: 1.594 Loading class java/time/chrono/HijrahDate done
Event: 1.594 Loading class java/time/chrono/JapaneseDate
Event: 1.595 Loading class java/time/chrono/JapaneseDate done
Event: 1.595 Loading class java/time/chrono/MinguoDate
Event: 1.595 Loading class java/time/chrono/MinguoDate done
Event: 1.595 Loading class java/time/chrono/ThaiBuddhistDate
Event: 1.596 Loading class java/time/chrono/ThaiBuddhistDate done
Event: 1.623 Loading class sun/reflect/generics/tree/BooleanSignature
Event: 1.623 Loading class sun/reflect/generics/tree/BooleanSignature done
Event: 1.623 Loading class sun/reflect/generics/tree/DoubleSignature
Event: 1.623 Loading class sun/reflect/generics/tree/DoubleSignature done
Event: 1.623 Loading class sun/reflect/generics/tree/FloatSignature
Event: 1.623 Loading class sun/reflect/generics/tree/FloatSignature done
Event: 1.623 Loading class sun/reflect/generics/tree/IntSignature
Event: 1.623 Loading class sun/reflect/generics/tree/IntSignature done
Event: 1.623 Loading class sun/reflect/generics/tree/LongSignature
Event: 1.623 Loading class sun/reflect/generics/tree/LongSignature done
Event: 1.624 Loading class sun/reflect/generics/tree/ShortSignature
Event: 1.624 Loading class sun/reflect/generics/tree/ShortSignature done

Classes unloaded (0 events):
No events

Classes redefined (0 events):
No events

Internal exceptions (20 events):
Event: 0.837 Thread 0x00000205604f8d80 Exception <a 'java/lang/NoSuchMethodError'{0x000000071454a5a8}: 'java.lang.Object java.lang.invoke.Invokers$Holder.linkToTargetMethod(java.lang.Object, java.lang.Object, int, java.lang.Object, java.lang.Object)'> (0x000000071454a5a8) 
thrown [s\src\hotspot\share\interpreter\linkResolver.cpp, line 773]
Event: 0.839 Thread 0x00000205604f8d80 Exception <a 'java/lang/NoSuchMethodError'{0x00000007145597a8}: 'java.lang.Object java.lang.invoke.DirectMethodHandle$Holder.newInvokeSpecial(java.lang.Object, int, java.lang.Object)'> (0x00000007145597a8) 
thrown [s\src\hotspot\share\interpreter\linkResolver.cpp, line 773]
Event: 0.839 Thread 0x00000205604f8d80 Exception <a 'java/lang/NoSuchMethodError'{0x000000071455dfe8}: 'int java.lang.invoke.DirectMethodHandle$Holder.invokeSpecialIFC(java.lang.Object, java.lang.Object, java.lang.Object, java.lang.Object)'> (0x000000071455dfe8) 
thrown [s\src\hotspot\share\interpreter\linkResolver.cpp, line 773]
Event: 0.854 Thread 0x00000205604f8d80 Exception <a 'java/lang/NoSuchMethodError'{0x0000000714203038}: 'void java.lang.invoke.DirectMethodHandle$Holder.invokeInterface(java.lang.Object, java.lang.Object, java.lang.Object)'> (0x0000000714203038) 
thrown [s\src\hotspot\share\interpreter\linkResolver.cpp, line 773]
Event: 0.878 Thread 0x00000205604f8d80 Exception <a 'java/lang/NoSuchMethodError'{0x00000007142adb50}: 'void java.lang.invoke.DirectMethodHandle$Holder.invokeStaticInit(java.lang.Object, java.lang.Object, java.lang.Object)'> (0x00000007142adb50) 
thrown [s\src\hotspot\share\interpreter\linkResolver.cpp, line 773]
Event: 0.883 Thread 0x00000205604f8d80 Exception <a 'java/lang/NoSuchMethodError'{0x00000007142f8288}: 'java.lang.Object java.lang.invoke.DirectMethodHandle$Holder.invokeVirtual(java.lang.Object, java.lang.Object, java.lang.Object)'> (0x00000007142f8288) 
thrown [s\src\hotspot\share\interpreter\linkResolver.cpp, line 773]
Event: 0.886 Thread 0x00000205604f8d80 Exception <a 'java/lang/NoSuchMethodError'{0x000000071431cb48}: 'java.lang.Object java.lang.invoke.DirectMethodHandle$Holder.invokeStaticInit(java.lang.Object, int)'> (0x000000071431cb48) 
thrown [s\src\hotspot\share\interpreter\linkResolver.cpp, line 773]
Event: 0.888 Thread 0x00000205604f8d80 Exception <a 'java/lang/NoSuchMethodError'{0x0000000714327168}: 'java.lang.Object java.lang.invoke.DirectMethodHandle$Holder.invokeStaticInit(java.lang.Object, int, java.lang.Object)'> (0x0000000714327168) 
thrown [s\src\hotspot\share\interpreter\linkResolver.cpp, line 773]
Event: 0.907 Thread 0x00000205604f8d80 Exception <a 'java/lang/NoSuchMethodError'{0x00000007143c0430}: 'void java.lang.invoke.DirectMethodHandle$Holder.invokeVirtual(java.lang.Object, java.lang.Object, java.lang.Object, java.lang.Object)'> (0x00000007143c0430) 
thrown [s\src\hotspot\share\interpreter\linkResolver.cpp, line 773]
Event: 1.002 Thread 0x00000205604f8d80 Exception <a 'java/lang/NoSuchMethodError'{0x0000000713f117e0}: 'java.lang.Object java.lang.invoke.Invokers$Holder.invoke_MT(java.lang.Object, java.lang.Object, java.lang.Object, java.lang.Object, java.lang.Object, java.lang.Object, java.lang.Object, java.lang.Object, java.lang.Object)'> (0x0000000713f117e0) 
thrown [s\src\hotspot\share\interpreter\linkResolver.cpp, line 773]
Event: 1.009 Thread 0x00000205604f8d80 Exception <a 'java/lang/NoSuchMethodError'{0x0000000713fc7fe0}: 'java.lang.reflect.Field[] java.lang.Class.getDeclaredFields(java.lang.Class)'> (0x0000000713fc7fe0) 
thrown [s\src\hotspot\share\interpreter\linkResolver.cpp, line 773]
Event: 1.023 Thread 0x00000205604f8d80 Exception <a 'java/lang/IncompatibleClassChangeError'{0x00000007138b5220}: Found class java.lang.Object, but interface was expected> (0x00000007138b5220) 
thrown [s\src\hotspot\share\interpreter\linkResolver.cpp, line 840]
Event: 1.234 Thread 0x00000205a67ed240 Exception <a 'java/lang/NoSuchMethodError'{0x0000000714507bc0}: 'long java.lang.invoke.DirectMethodHandle$Holder.invokeSpecial(java.lang.Object, java.lang.Object)'> (0x0000000714507bc0) 
thrown [s\src\hotspot\share\interpreter\linkResolver.cpp, line 773]
Event: 1.236 Thread 0x00000205a67ed240 Exception <a 'java/lang/NoSuchMethodError'{0x00000007145118a8}: 'long java.lang.invoke.DirectMethodHandle$Holder.invokeStatic(java.lang.Object, java.lang.Object)'> (0x00000007145118a8) 
thrown [s\src\hotspot\share\interpreter\linkResolver.cpp, line 773]
Event: 1.237 Thread 0x00000205a67ed240 Exception <a 'java/lang/NoSuchMethodError'{0x00000007145149a0}: 'long java.lang.invoke.DirectMethodHandle$Holder.invokeStaticInit(java.lang.Object, java.lang.Object)'> (0x00000007145149a0) 
thrown [s\src\hotspot\share\interpreter\linkResolver.cpp, line 773]
Event: 1.238 Thread 0x00000205a67ed240 Exception <a 'java/lang/NoSuchMethodError'{0x00000007145639b0}: 'long java.lang.invoke.DirectMethodHandle$Holder.invokeInterface(java.lang.Object, java.lang.Object)'> (0x00000007145639b0) 
thrown [s\src\hotspot\share\interpreter\linkResolver.cpp, line 773]
Event: 1.239 Thread 0x00000205a67ed240 Exception <a 'java/lang/IncompatibleClassChangeError'{0x00000007145669d0}: Found class java.lang.Object, but interface was expected> (0x00000007145669d0) 
thrown [s\src\hotspot\share\interpreter\linkResolver.cpp, line 840]
Event: 1.347 Thread 0x00000205604f8d80 Exception <a 'java/lang/NoSuchMethodError'{0x0000000713f9a838}: 'int java.lang.invoke.DirectMethodHandle$Holder.invokeSpecial(java.lang.Object, java.lang.Object, java.lang.Object, java.lang.Object, java.lang.Object)'> (0x0000000713f9a838) 
thrown [s\src\hotspot\share\interpreter\linkResolver.cpp, line 773]
Event: 1.349 Thread 0x00000205604f8d80 Exception <a 'java/lang/NoSuchMethodError'{0x0000000713fa2d98}: 'void java.lang.invoke.DirectMethodHandle$Holder.invokeVirtual(java.lang.Object, java.lang.Object)'> (0x0000000713fa2d98) 
thrown [s\src\hotspot\share\interpreter\linkResolver.cpp, line 773]
Event: 1.542 Thread 0x00000205604f8d80 Exception <a 'java/lang/IncompatibleClassChangeError'{0x0000000712c2c540}: Found class java.lang.Object, but interface was expected> (0x0000000712c2c540) 
thrown [s\src\hotspot\share\interpreter\linkResolver.cpp, line 840]

ZGC Phase Switch (0 events):
No events

VM Operations (20 events):
Event: 0.971 Executing VM operation: HandshakeAllThreads (Deoptimize)
Event: 0.971 Executing VM operation: HandshakeAllThreads (Deoptimize) done
Event: 1.045 Executing VM operation: G1CollectForAllocation (G1 Evacuation Pause)
Event: 1.049 Executing VM operation: G1CollectForAllocation (G1 Evacuation Pause) done
Event: 1.103 Executing VM operation: HandshakeAllThreads (Deoptimize)
Event: 1.103 Executing VM operation: HandshakeAllThreads (Deoptimize) done
Event: 1.268 Executing VM operation: HandshakeAllThreads (Deoptimize)
Event: 1.268 Executing VM operation: HandshakeAllThreads (Deoptimize) done
Event: 1.326 Executing VM operation: HandshakeAllThreads (Deoptimize)
Event: 1.326 Executing VM operation: HandshakeAllThreads (Deoptimize) done
Event: 1.352 Executing VM operation: HandshakeAllThreads (Deoptimize)
Event: 1.352 Executing VM operation: HandshakeAllThreads (Deoptimize) done
Event: 1.423 Executing VM operation: ICBufferFull
Event: 1.423 Executing VM operation: ICBufferFull done
Event: 1.573 Executing VM operation: CollectForMetadataAllocation (Metadata GC Threshold)
Event: 1.577 Executing VM operation: CollectForMetadataAllocation (Metadata GC Threshold) done
Event: 1.582 Executing VM operation: G1PauseRemark
Event: 1.584 Executing VM operation: G1PauseRemark done
Event: 1.585 Executing VM operation: G1PauseCleanup
Event: 1.585 Executing VM operation: G1PauseCleanup done

Memory protections (0 events):
No events

Nmethod flushes (0 events):
No events

Events (18 events):
Event: 0.019 Thread 0x00000205409dadb0 Thread added: 0x00000205409dadb0
Event: 0.031 Thread 0x00000205409dadb0 Thread added: 0x0000020560100dc0
Event: 0.031 Thread 0x00000205409dadb0 Thread added: 0x0000020560101620
Event: 0.031 Thread 0x00000205409dadb0 Thread added: 0x00000205601077b0
Event: 0.031 Thread 0x00000205409dadb0 Thread added: 0x0000020560109f90
Event: 0.031 Thread 0x00000205409dadb0 Thread added: 0x000002056010c100
Event: 0.031 Thread 0x00000205409dadb0 Thread added: 0x0000020560110f10
Event: 0.031 Thread 0x00000205409dadb0 Thread added: 0x0000020560114dd0
Event: 0.031 Thread 0x00000205409dadb0 Thread added: 0x0000020560117aa0
Event: 0.110 Thread 0x00000205409dadb0 Thread added: 0x000002056020c820
Event: 0.155 Thread 0x0000020560117aa0 Thread added: 0x0000020560365880
Event: 0.164 Thread 0x0000020560117aa0 Thread added: 0x00000205604e9f70
Event: 0.206 Thread 0x00000205409dadb0 Thread added: 0x00000205608f7530
Event: 0.206 Thread 0x00000205409dadb0 Thread added: 0x00000205602cdd00
Event: 0.573 Thread 0x00000205409dadb0 Thread added: 0x00000205609f1330
Event: 0.581 Thread 0x00000205609f1330 Thread added: 0x00000205604f8d80
Event: 0.997 Thread 0x00000205604f8d80 Thread added: 0x00000205a67ed240
Event: 1.559 Thread 0x00000205604f8d80 Thread added: 0x00000205a7066830


Dynamic libraries:
0x00007ff7ddec0000 - 0x00007ff7ddece000 	C:\Users\araom\.jdks\ms-21.0.8\bin\java.exe
0x00007ffa6f9c0000 - 0x00007ffa6fc29000 	C:\WINDOWS\SYSTEM32\ntdll.dll
0x00007ffa6dfe0000 - 0x00007ffa6e0a9000 	C:\WINDOWS\System32\KERNEL32.DLL
0x00007ffa6cca0000 - 0x00007ffa6d093000 	C:\WINDOWS\System32\KERNELBASE.dll
0x00007ffa6d370000 - 0x00007ffa6d4bb000 	C:\WINDOWS\System32\ucrtbase.dll
0x00007ffa4a500000 - 0x00007ffa4a518000 	C:\Users\araom\.jdks\ms-21.0.8\bin\jli.dll
0x00007ffa496c0000 - 0x00007ffa496de000 	C:\Users\araom\.jdks\ms-21.0.8\bin\VCRUNTIME140.dll
0x00007ffa6d8f0000 - 0x00007ffa6dab4000 	C:\WINDOWS\System32\USER32.dll
0x00007ffa6d0a0000 - 0x00007ffa6d0c7000 	C:\WINDOWS\System32\win32u.dll
0x00007ffa6f630000 - 0x00007ffa6f65b000 	C:\WINDOWS\System32\GDI32.dll
0x00007ffa32a90000 - 0x00007ffa32d23000 	C:\WINDOWS\WinSxS\amd64_microsoft.windows.common-controls_6595b64144ccf1df_6.0.26100.5074_none_3e0d6f78e32fd63f\COMCTL32.dll
0x00007ffa6d0d0000 - 0x00007ffa6d1fd000 	C:\WINDOWS\System32\gdi32full.dll
0x00007ffa6cbf0000 - 0x00007ffa6cc93000 	C:\WINDOWS\System32\msvcp_win.dll
0x00007ffa6ee10000 - 0x00007ffa6eeb9000 	C:\WINDOWS\System32\msvcrt.dll
0x00007ffa6e800000 - 0x00007ffa6e82f000 	C:\WINDOWS\System32\IMM32.DLL
0x00007ffa64640000 - 0x00007ffa6464c000 	C:\Users\araom\.jdks\ms-21.0.8\bin\vcruntime140_1.dll
0x00007ffa47440000 - 0x00007ffa474c9000 	C:\Users\araom\.jdks\ms-21.0.8\bin\msvcp140.dll
0x00007ff9d7ec0000 - 0x00007ff9d8c6c000 	C:\Users\araom\.jdks\ms-21.0.8\bin\server\jvm.dll
0x00007ffa6eec0000 - 0x00007ffa6ef74000 	C:\WINDOWS\System32\ADVAPI32.dll
0x00007ffa6e8d0000 - 0x00007ffa6e976000 	C:\WINDOWS\System32\sechost.dll
0x00007ffa6f860000 - 0x00007ffa6f978000 	C:\WINDOWS\System32\RPCRT4.dll
0x00007ffa6de00000 - 0x00007ffa6de74000 	C:\WINDOWS\System32\WS2_32.dll
0x00007ffa64d10000 - 0x00007ffa64d45000 	C:\WINDOWS\SYSTEM32\WINMM.dll
0x00007ffa6c9a0000 - 0x00007ffa6c9fe000 	C:\WINDOWS\SYSTEM32\POWRPROF.dll
0x00007ffa5c930000 - 0x00007ffa5c93b000 	C:\WINDOWS\SYSTEM32\VERSION.dll
0x00007ffa6c980000 - 0x00007ffa6c994000 	C:\WINDOWS\SYSTEM32\UMPDC.dll
0x00007ffa6b8f0000 - 0x00007ffa6b90b000 	C:\WINDOWS\SYSTEM32\kernel.appcore.dll
0x00007ffa5d0f0000 - 0x00007ffa5d0fa000 	C:\Users\araom\.jdks\ms-21.0.8\bin\jimage.dll
0x00007ffa563e0000 - 0x00007ffa56622000 	C:\WINDOWS\SYSTEM32\DBGHELP.DLL
0x00007ffa6f130000 - 0x00007ffa6f4ab000 	C:\WINDOWS\System32\combase.dll
0x00007ffa6df00000 - 0x00007ffa6dfd7000 	C:\WINDOWS\System32\OLEAUT32.dll
0x00007ffa47930000 - 0x00007ffa4796d000 	C:\WINDOWS\SYSTEM32\dbgcore.DLL
0x00007ffa6cb50000 - 0x00007ffa6cbe9000 	C:\WINDOWS\System32\bcryptPrimitives.dll
0x00007ffa4d0e0000 - 0x00007ffa4d0f0000 	C:\Users\araom\.jdks\ms-21.0.8\bin\instrument.dll
0x00007ffa48b30000 - 0x00007ffa48b51000 	C:\Users\araom\.jdks\ms-21.0.8\bin\java.dll
0x00007ffa6e0b0000 - 0x00007ffa6e7fd000 	C:\WINDOWS\System32\SHELL32.dll
0x00007ffa6d200000 - 0x00007ffa6d36c000 	C:\WINDOWS\System32\wintypes.dll
0x00007ffa6a770000 - 0x00007ffa6afc9000 	C:\WINDOWS\SYSTEM32\windows.storage.dll
0x00007ffa6f760000 - 0x00007ffa6f850000 	C:\WINDOWS\System32\SHCORE.dll
0x00007ffa6d880000 - 0x00007ffa6d8e2000 	C:\WINDOWS\System32\shlwapi.dll
0x00007ffa6ca70000 - 0x00007ffa6ca99000 	C:\WINDOWS\SYSTEM32\profapi.dll
0x00007ffa47360000 - 0x00007ffa47436000 	C:\Users\araom\.jdks\ms-21.0.8\bin\jsvml.dll
0x00007ffa486f0000 - 0x00007ffa48708000 	C:\Users\araom\.jdks\ms-21.0.8\bin\zip.dll
0x00007ffa4a780000 - 0x00007ffa4a791000 	C:\Users\araom\.jdks\ms-21.0.8\bin\net.dll
0x00007ffa64a70000 - 0x00007ffa64b8f000 	C:\WINDOWS\SYSTEM32\WINHTTP.dll
0x00007ffa6be50000 - 0x00007ffa6bebb000 	C:\WINDOWS\system32\mswsock.dll
0x00007ffa48710000 - 0x00007ffa48726000 	C:\Users\araom\.jdks\ms-21.0.8\bin\nio.dll
0x00007ffa4a6d0000 - 0x00007ffa4a6d9000 	C:\Users\araom\.jdks\ms-21.0.8\bin\extnet.dll
0x00007ffa49770000 - 0x00007ffa4977a000 	C:\Users\araom\.jdks\ms-21.0.8\bin\management.dll
0x00007ffa49660000 - 0x00007ffa4966c000 	C:\Users\araom\.jdks\ms-21.0.8\bin\management_ext.dll
0x00007ffa6dbb0000 - 0x00007ffa6dbb8000 	C:\WINDOWS\System32\PSAPI.DLL
0x00007ffa4a650000 - 0x00007ffa4a65e000 	C:\Users\araom\.jdks\ms-21.0.8\bin\sunmscapi.dll
0x00007ffa6d580000 - 0x00007ffa6d6f7000 	C:\WINDOWS\System32\CRYPT32.dll
0x00007ffa6c370000 - 0x00007ffa6c3a0000 	C:\WINDOWS\SYSTEM32\ncrypt.dll
0x00007ffa6c320000 - 0x00007ffa6c35f000 	C:\WINDOWS\SYSTEM32\NTASN1.dll

JVMTI agents:
C:\Users\araom\AppData\Local\JetBrains\Toolbox\cache\backup\IDEA-C-252.26199.169-7431022744784453738\lib\idea_rt.jar path:C:\Users\araom\.jdks\ms-21.0.8\bin\instrument.dll, loaded, initialized, instrumentlib options:52899

dbghelp: loaded successfully - version: 4.0.5 - missing functions: none
symbol engine: initialized successfully - sym options: 0x614 - pdb path: .;C:\Users\araom\.jdks\ms-21.0.8\bin;C:\WINDOWS\SYSTEM32;C:\WINDOWS\WinSxS\amd64_microsoft.windows.common-controls_6595b64144ccf1df_6.0.26100.5074_none_3e0d6f78e32fd63f;C:\Users\araom\.jdks\ms-21.0.8\bin\server

VM Arguments:
jvm_args: -javaagent:C:\Users\araom\AppData\Local\JetBrains\Toolbox\cache\backup\IDEA-C-252.26199.169-7431022744784453738\lib\idea_rt.jar=52899 -Dfile.encoding=UTF-8 -Dsun.stdout.encoding=UTF-8 -Dsun.stderr.encoding=UTF-8 
java_command: com.jobportal.Job.Poratl.JobPoratlApplication
java_class_path (initial): C:\Users\araom\OneDrive\Desktop\Job Poratl backend\Job-Poratl\target\test-classes;C:\Users\araom\OneDrive\Desktop\Job Poratl backend\Job-Poratl\target\classes;C:\Users\araom\.m2\repository\org\springframework\boot\spring-boot-starter-web\4.0.1\spring-boot-starter-web-4.0.1.jar;C:\Users\araom\.m2\repository\org\springframework\boot\spring-boot-starter-jackson\4.0.1\spring-boot-starter-jackson-4.0.1.jar;C:\Users\araom\.m2\repository\org\springframework\boot\spring-boot-jackson\4.0.1\spring-boot-jackson-4.0.1.jar;C:\Users\araom\.m2\repository\tools\jackson\core\jackson-databind\3.0.3\jackson-databind-3.0.3.jar;C:\Users\araom\.m2\repository\tools\jackson\core\jackson-core\3.0.3\jackson-core-3.0.3.jar;C:\Users\araom\.m2\repository\org\springframework\boot\spring-boot-starter-tomcat\4.0.1\spring-boot-starter-tomcat-4.0.1.jar;C:\Users\araom\.m2\repository\org\springframework\boot\spring-boot-starter-tomcat-runtime\4.0.1\spring-boot-starter-tomcat-runtime-4.0.1.jar;C:\Users\araom\.m2\repository\org\springframework\boot\spring-boot-web-server\4.0.1\spring-boot-web-server-4.0.1.jar;C:\Users\araom\.m2\repository\org\apache\tomcat\embed\tomcat-embed-core\11.0.15\tomcat-embed-core-11.0.15.jar;C:\Users\araom\.m2\repository\org\apache\tomcat\embed\tomcat-embed-websocket\11.0.15\tomcat-embed-websocket-11.0.15.jar;C:\Users\araom\.m2\repository\org\springframework\boot\spring-boot-tomcat\4.0.1\spring-boot-tomcat-4.0.1.jar;C:\Users\araom\.m2\repository\org\springframework\boot\spring-boot-http-converter\4.0.1\spring-boot-http-converter-4.0.1.jar;C:\Users\araom\.m2\repository\org\springframework\spring-web\7.0.2\spring-web-7.0.2.jar;C:\Users\araom\.m2\repository\io\micrometer\micrometer-observation\1.16.1\micrometer-observation-1.16.1.jar;C:\Users\araom\.m2\repository\io\micrometer\micrometer-commons\1.16.1\micrometer-commons-1.16.1.jar;C:\Users\araom\.m2\repository\org\springframework\boot\spring-boot-webmvc\4.0.1\spring-boot-webmvc-4.0.1.jar;C:\Users\araom\.m2\repository\org\springframework\boot\spring-boot-servlet\4.0.1\spring-boot-servlet-4.0.1.jar;C:\Users\araom\.m2\repository\org\springframework\spring-webmvc\7.0.2\spring-webmvc-7.0.2.jar;C:\Users\araom\.m2\repository\org\springframework\spring-expression\7.0.2\spring-expression-7.0.2.jar;C:\Users\araom\.m2\repository\org\springframework\boot\spring-boot-starter-data-mongodb\4.0.1\spring-boot-starter-data-mongodb-4.0.1.jar;C:\Users\araom\.m2\repository\org\springframework\boot\spring-boot-starter-mongodb\4.0.1\spring-boot-starter-mongodb-4.0.1.jar;C:\Users\araom\.m2\repository\org\springframework\boot\spring-boot-mongodb\4.0.1\spring-boot-mongodb-4.0.1.jar;C:\Users\araom\.m2\repository\org\mongodb\mongodb-driver-sync\5.6.2\mongodb-driver-sync-5.6.2.jar;C:\Users\araom\.m2\repository\org\mongodb\bson\5.6.2\bson-5.6.2.jar;C:\Users\araom\.m2\repository\org\mongodb\mongodb-driver-core\5.6.2\mongodb-driver-core-5.6.2.jar;C:\Users\araom\.m2\repository\org\mongodb\bson-record-codec\5.6.2\bson-record-codec-5.6.2.jar;C:\Users\araom\.m2\repository\org\springframework\boot\spring-boot-data-mongodb\4.0.1\spring-boot-data-mongodb-4.0.1.jar;C:\Users\araom\.m2\repository\org\springframework\boot\spring-boot-data-commons\4.0.1\spring-boot-data-commons-4.0.1.jar;C:\Users\araom\.m2\repository\org\springframework\boot\spring-boot-persistence\4.0.1\spring-boot-persistence-4.0.1.jar;C:\Users\araom\.m2\repository\org\springframework\data\spring-data-commons\4.0.1\spring-data-commons-4.0.1.jar;C:\Users\araom\.m2\repository\org\springframework\boot\spring-boot-transaction\4.0.1\spring-boot-transaction-4.0.1.jar;C:\Users\araom\.m2\repository\org\springframework\spring-tx\7.0.2\spring-tx-7.0.2.jar;C:\Users\araom\.m2\repository\org\springframework\data\spring-data-mongodb\5.0.1\spring-data-mongodb-5.0.1.jar;C:\Users\araom\.m2\repository\org\projectlombok\lombok\1.18.42\lombok-1.18.42.jar;C:\Users\araom\.m2\repository\org\springframework\boot\spring-boot-devtools\4.0.1\spring-boot-devtools-4.0.1.jar;C:\Users\araom\.m2\repository\org\springframework\boot\spring-boot\4.0.1\spring-boot-4.0.1.jar;C:\Users\araom\.m2\repository\org\springframework\spring-context\7.0.2\spring-context-7.0.2.jar;C:\Users\araom\.m2\repository\org\springframework\boot\spring-boot-autoconfigure\4.0.1\spring-boot-autoconfigure-4.0.1.jar;C:\Users\araom\.m2\repository\org\springframework\boot\spring-boot-starter-validation\4.0.1\spring-boot-starter-validation-4.0.1.jar;C:\Users\araom\.m2\repository\org\springframework\boot\spring-boot-starter\4.0.1\spring-boot-starter-4.0.1.jar;C:\Users\araom\.m2\repository\org\springframework\boot\spring-boot-starter-logging\4.0.1\spring-boot-starter-logging-4.0.1.jar;C:\Users\araom\.m2\repository\ch\qos\logback\logback-classic\1.5.22\logback-classic-1.5.22.jar;C:\Users\araom\.m2\repository\ch\qos\logback\logback-core\1.5.22\logback-core-1.5.22.jar;C:\Users\araom\.m2\repository\org\apache\logging\log4j\log4j-to-slf4j\2.25.3\log4j-to-slf4j-2.25.3.jar;C:\Users\araom\.m2\repository\org\apache\logging\log4j\log4j-api\2.25.3\log4j-api-2.25.3.jar;C:\Users\araom\.m2\repository\org\slf4j\jul-to-slf4j\2.0.17\jul-to-slf4j-2.0.17.jar;C:\Users\araom\.m2\repository\jakarta\annotation\jakarta.annotation-api\3.0.0\jakarta.annotation-api-3.0.0.jar;C:\Users\araom\.m2\repository\org\yaml\snakeyaml\2.5\snakeyaml-2.5.jar;C:\Users\araom\.m2\repository\org\springframework\boot\spring-boot-validation\4.0.1\spring-boot-validation-4.0.1.jar;C:\Users\araom\.m2\repository\org\apache\tomcat\embed\tomcat-embed-el\11.0.15\tomcat-embed-el-11.0.15.jar;C:\Users\araom\.m2\repository\org\hibernate\validator\hibernate-validator\9.0.1.Final\hibernate-validator-9.0.1.Final.jar;C:\Users\araom\.m2\repository\jakarta\validation\jakarta.validation-api\3.1.1\jakarta.validation-api-3.1.1.jar;C:\Users\araom\.m2\repository\org\jboss\logging\jboss-logging\3.6.1.Final\jboss-logging-3.6.1.Final.jar;C:\Users\araom\.m2\repository\com\fasterxml\classmate\1.7.1\classmate-1.7.1.jar;C:\Users\araom\.m2\repository\org\springframework\boot\spring-boot-starter-test\4.0.1\spring-boot-starter-test-4.0.1.jar;C:\Users\araom\.m2\repository\org\springframework\boot\spring-boot-test\4.0.1\spring-boot-test-4.0.1.jar;C:\Users\araom\.m2\repository\org\springframework\boot\spring-boot-test-autoconfigure\4.0.1\spring-boot-test-autoconfigure-4.0.1.jar;C:\Users\araom\.m2\repository\com\jayway\jsonpath\json-path\2.10.0\json-path-2.10.0.jar;C:\Users\araom\.m2\repository\org\slf4j\slf4j-api\2.0.17\slf4j-api-2.0.17.jar;C:\Users\araom\.m2\repository\jakarta\xml\bind\jakarta.xml.bind-api\4.0.4\jakarta.xml.bind-api-4.0.4.jar;C:\Users\araom\.m2\repository\jakarta\activation\jakarta.activation-api\2.1.4\jakarta.activation-api-2.1.4.jar;C:\Users\araom\.m2\repository\net\minidev\json-smart\2.6.0\json-smart-2.6.0.jar;C:\Users\araom\.m2\repository\net\minidev\accessors-smart\2.6.0\accessors-smart-2.6.0.jar;C:\Users\araom\.m2\repository\org\ow2\asm\asm\9.7.1\asm-9.7.1.jar;C:\Users\araom\.m2\repository\org\assertj\assertj-core\3.27.6\assertj-core-3.27.6.jar;C:\Users\araom\.m2\repository\net\bytebuddy\byte-buddy\1.17.8\byte-buddy-1.17.8.jar;C:\Users\araom\.m2\repository\org\awaitility\awaitility\4.3.0\awaitility-4.3.0.jar;C:\Users\araom\.m2\repository\org\hamcrest\hamcrest\3.0\hamcrest-3.0.jar;C:\Users\araom\.m2\repository\org\junit\jupiter\junit-jupiter\6.0.1\junit-jupiter-6.0.1.jar;C:\Users\araom\.m2\repository\org\junit\jupiter\junit-jupiter-api\6.0.1\junit-jupiter-api-6.0.1.jar;C:\Users\araom\.m2\repository\org\opentest4j\opentest4j\1.3.0\opentest4j-1.3.0.jar;C:\Users\araom\.m2\repository\org\junit\platform\junit-platform-commons\6.0.1\junit-platform-commons-6.0.1.jar;C:\Users\araom\.m2\repository\org\apiguardian\apiguardian-api\1.1.2\apiguardian-api-1.1.2.jar;C:\Users\araom\.m2\repository\org\junit\jupiter\junit-jupiter-params\6.0.1\junit-jupiter-params-6.0.1.jar;C:\Users\araom\.m2\repository\org\junit\jupiter\junit-jupiter-engine\6.0.1\junit-jupiter-engine-6.0.1.jar;C:\Users\araom\.m2\repository\org\junit\platform\junit-platform-engine\6.0.1\junit-platform-engine-6.0.1.jar;C:\Users\araom\.m2\repository\org\mockito\mockito-core\5.20.0\mockito-core-5.20.0.jar;C:\Users\araom\.m2\repository\net\bytebuddy\byte-buddy-agent\1.17.8\byte-buddy-agent-1.17.8.jar;C:\Users\araom\.m2\repository\org\objenesis\objenesis\3.3\objenesis-3.3.jar;C:\Users\araom\.m2\repository\org\mockito\mockito-junit-jupiter\5.20.0\mockito-junit-jupiter-5.20.0.jar;C:\Users\araom\.m2\repository\org\skyscreamer\jsonassert\1.5.3\jsonassert-1.5.3.jar;C:\Users\araom\.m2\repository\com\vaadin\external\google\android-json\0.0.20131108.vaadin1\android-json-0.0.20131108.vaadin1.jar;C:\Users\araom\.m2\repository\org\springframework\spring-core\7.0.2\spring-core-7.0.2.jar;C:\Users\araom\.m2\repository\commons-logging\commons-logging\1.3.5\commons-logging-1.3.5.jar;C:\Users\araom\.m2\repository\org\jspecify\jspecify\1.0.0\jspecify-1.0.0.jar;C:\Users\araom\.m2\repository\org\springframework\spring-test\7.0.2\spring-test-7.0.2.jar;C:\Users\araom\.m2\repository\org\xmlunit\xmlunit-core\2.10.4\xmlunit-core-2.10.4.jar;C:\Users\araom\.m2\repository\org\springframework\boot\spring-boot-starter-security\4.0.1\spring-boot-starter-security-4.0.1.jar;C:\Users\araom\.m2\repository\org\springframework\boot\spring-boot-security\4.0.1\spring-boot-security-4.0.1.jar;C:\Users\araom\.m2\repository\org\springframework\security\spring-security-config\7.0.2\spring-security-config-7.0.2.jar;C:\Users\araom\.m2\repository\org\springframework\security\spring-security-core\7.0.2\spring-security-core-7.0.2.jar;C:\Users\araom\.m2\repository\org\springframework\security\spring-security-crypto\7.0.2\spring-security-crypto-7.0.2.jar;C:\Users\araom\.m2\repository\org\springframework\security\spring-security-web\7.0.2\spring-security-web-7.0.2.jar;C:\Users\araom\.m2\repository\org\springframework\spring-aop\7.0.2\spring-aop-7.0.2.jar;C:\Users\araom\.m2\repository\org\springframework\spring-beans\7.0.2\spring-beans-7.0.2.jar;C:\Users\araom\.m2\repository\org\springframework\boot\spring-boot-starter-mail\4.0.1\spring-boot-starter-mail-4.0.1.jar;C:\Users\araom\.m2\repository\org\springframework\boot\spring-boot-mail\4.0.1\spring-boot-mail-4.0.1.jar;C:\Users\araom\.m2\repository\org\springframework\spring-context-support\7.0.2\spring-context-support-7.0.2.jar;C:\Users\araom\.m2\repository\jakarta\mail\jakarta.mail-api\2.1.5\jakarta.mail-api-2.1.5.jar;C:\Users\araom\.m2\repository\org\eclipse\angus\angus-mail\2.0.5\angus-mail-2.0.5.jar;C:\Users\araom\.m2\repository\org\eclipse\angus\angus-activation\2.0.3\angus-activation-2.0.3.jar;C:\Users\araom\.m2\repository\com\fasterxml\jackson\core\jackson-databind\2.20.1\jackson-databind-2.20.1.jar;C:\Users\araom\.m2\repository\com\fasterxml\jackson\core\jackson-annotations\2.20\jackson-annotations-2.20.jar;C:\Users\araom\.m2\repository\com\fasterxml\jackson\core\jackson-core\2.20.1\jackson-core-2.20.1.jar
Launcher Type: SUN_STANDARD

[Global flags]
     intx CICompilerCount                          = 4                                         {product} {ergonomic}
     uint ConcGCThreads                            = 3                                         {product} {ergonomic}
     uint G1ConcRefinementThreads                  = 10                                        {product} {ergonomic}
   size_t G1HeapRegionSize                         = 2097152                                   {product} {ergonomic}
    uintx GCDrainStackTargetSize                   = 64                                        {product} {ergonomic}
   size_t InitialHeapSize                          = 264241152                                 {product} {ergonomic}
   size_t MarkStackSize                            = 4194304                                   {product} {ergonomic}
   size_t MaxHeapSize                              = 4202692608                                {product} {ergonomic}
   size_t MaxNewSize                               = 2520776704                                {product} {ergonomic}
   size_t MinHeapDeltaBytes                        = 2097152                                   {product} {ergonomic}
   size_t MinHeapSize                              = 8388608                                   {product} {ergonomic}
    uintx NonNMethodCodeHeapSize                   = 5839372                                {pd product} {ergonomic}
    uintx NonProfiledCodeHeapSize                  = 122909434                              {pd product} {ergonomic}
    uintx ProfiledCodeHeapSize                     = 122909434                              {pd product} {ergonomic}
    uintx ReservedCodeCacheSize                    = 251658240                              {pd product} {ergonomic}
     bool SegmentedCodeCache                       = true                                      {product} {ergonomic}
   size_t SoftMaxHeapSize                          = 4202692608                             {manageable} {ergonomic}
     bool UseCompressedOops                        = true                           {product lp64_product} {ergonomic}
     bool UseG1GC                                  = true                                      {product} {ergonomic}
     bool UseLargePagesIndividualAllocation        = false                                  {pd product} {ergonomic}

Logging:
Log output configuration:
 #0: stdout all=warning uptime,level,tags foldmultilines=false
 #1: stderr all=off uptime,level,tags foldmultilines=false

Environment Variables:
JAVA_HOME=C:\Program Files\Eclipse Adoptium\jdk-21.0.6.7-hotspot\bin
PATH=C:\Program Files\Eclipse Adoptium\jdk-21.0.6.7-hotspot\bin;C:\Python313\Scripts\;C:\Python313\;C:\Python312\Scripts\;C:\Python312\;C:\WINDOWS\system32;C:\WINDOWS;C:\WINDOWS\System32\Wbem;C:\WINDOWS\System32\WindowsPowerShell\v1.0\;C:\WINDOWS\System32\OpenSSH\;C:\Program Files\Git\cmd;C:\Program Files (x86)\dotnet\;C:\MAMP\bin\mysql\bin;C:\Program Files\nodejs\;C:\ProgramData\chocolatey\bin;;C:\Program Files\Docker\Docker\resources\bin;C:\Users\araom\AppData\Local\Programs\Eclipse Adoptium\jdk-21.0.6.7-hotspot\bin;C:\Users\araom\AppData\Local\Microsoft\WindowsApps;C:\Users\araom\AppData\Local\Programs\Microsoft VS Code\bin;C:\Users\araom\AppData\Roaming\npm;C:\Users\araom\AppData\Local\JetBrains\Toolbox\scripts;C:\Users\araom\AppData\Local\Programs\mongosh\
USERNAME=araom
OS=Windows_NT
PROCESSOR_IDENTIFIER=Intel64 Family 6 Model 186 Stepping 3, GenuineIntel
TMP=C:\Users\araom\AppData\Local\Temp
TEMP=C:\Users\araom\AppData\Local\Temp




Periodic native trim disabled

---------------  S Y S T E M  ---------------

OS:
 Windows 11 , 64 bit Build 26100 (10.0.26100.5074)
OS uptime: 0 days 0:40 hours
Hyper-V role detected

CPU: total 12 (initial active 12) (6 cores per cpu, 2 threads per core) family 6 model 186 stepping 3 microcode 0x4129, cx8, cmov, fxsr, ht, mmx, 3dnowpref, sse, sse2, sse3, ssse3, sse4.1, sse4.2, popcnt, lzcnt, tsc, tscinvbit, avx, avx2, aes, erms, clmul, bmi1, bmi2, adx, sha, fma, vzeroupper, clflush, clflushopt, clwb, hv, serialize, rdtscp, rdpid, fsrm, f16c, cet_ibt, cet_ss
Processor Information for the first 12 processors :
  Max Mhz: 1300, Current Mhz: 1300, Mhz Limit: 1300

Memory: 4k page, system-wide physical 16024M (1295M free)
TotalPageFile size 21560M (AvailPageFile size 0M)
current process WorkingSet (physical memory assigned to process): 122M, peak: 154M
current process commit charge ("private bytes"): 194M, peak: 402M

vm_info: OpenJDK 64-Bit Server VM (21.0.8+9-LTS) for windows-amd64 JRE (21.0.8+9-LTS), built on 2025-07-10T20:22:44Z by "MicrosoftCorporation" with unknown MS VC++:1944

END.
