#
# There is insufficient memory for the Java Runtime Environment to continue.
# Native memory allocation (malloc) failed to allocate 131088 bytes. Error detail: Chunk::new
# Possible reasons:
#   The system is out of physical RAM or swap space
#   This process is running with CompressedOops enabled, and the Java Heap may be blocking the growth of the native heap
# Possible solutions:
#   Reduce memory load on the system
#   Increase physical memory or swap space
#   Check if swap backing store is full
#   Decrease Java heap size (-Xmx/-Xms)
#   Decrease number of Java threads
#   Decrease Java thread stack sizes (-Xss)
#   Set larger code cache with -XX:ReservedCodeCacheSize=
#   JVM is running with Zero Based Compressed Oops mode in which the Java heap is
#     placed in the first 32GB address space. The Java Heap base address is the
#     maximum limit for the native heap growth. Please use -XX:HeapBaseMinAddress
#     to set the Java Heap base and to place the Java Heap above 32GB virtual address.
# This output file may be truncated or incomplete.
#
#  Out of Memory Error (arena.cpp:168), pid=9488, tid=9164
#
# JRE version: OpenJDK Runtime Environment Microsoft-11933218 (21.0.8+9) (build 21.0.8+9-LTS)
# Java VM: OpenJDK 64-Bit Server VM Microsoft-11933218 (21.0.8+9-LTS, mixed mode, sharing, tiered, compressed oops, compressed class ptrs, g1 gc, windows-amd64)
# No core dump will be written. Minidumps are not enabled by default on client versions of Windows
#

---------------  S U M M A R Y ------------

Command Line: -agentlib:jdwp=transport=dt_socket,address=127.0.0.1:58526,suspend=y,server=n -javaagent:C:\Users\araom\AppData\Local\JetBrains\Toolbox\cache\backup\IDEA-C-252.26199.169-7431022744784453738\plugins\java\lib\rt\debugger-agent.jar=file:///C:/Users/araom/AppData/Local/Temp/capture11243553391488207632.props -Dkotlinx.coroutines.debug.enable.creation.stack.trace=false -Ddebugger.agent.enable.coroutines=true -Dkotlinx.coroutines.debug.enable.flows.stack.trace=true -Dkotlinx.coroutines.debug.enable.mutable.state.flows.stack.trace=true -Ddebugger.async.stack.trace.for.all.threads=true -Dfile.encoding=UTF-8 -Dsun.stdout.encoding=UTF-8 -Dsun.stderr.encoding=UTF-8 com.jobportal.Job.Poratl.JobPoratlApplication

Host: 13th Gen Intel(R) Core(TM) i5-1335U, 12 cores, 15G,  Windows 11 , 64 bit Build 26100 (10.0.26100.5074)
Time: Wed Feb  4 10:40:30 2026 elapsed time: 1.129037 seconds (0d 0h 0m 1s)

---------------  T H R E A D  ---------------

Current thread (0x000001899c148700):  JavaThread "C2 CompilerThread1" daemon [_thread_in_native, id=9164, stack(0x00000062d0b00000,0x00000062d0c00000) (1024K)]


Current CompileTask:
C2:1129 2001       4       jdk.internal.org.objectweb.asm.Frame::execute (2305 bytes)

Stack: [0x00000062d0b00000,0x00000062d0c00000]
Native frames: (J=compiled Java code, j=interpreted, Vv=VM code, C=native code)
V  [jvm.dll+0x6e1729]
V  [jvm.dll+0x8bf47b]
V  [jvm.dll+0x8c19aa]
V  [jvm.dll+0x8c2083]
V  [jvm.dll+0x289fd6]
V  [jvm.dll+0xc903d]
V  [jvm.dll+0xc958c]
V  [jvm.dll+0x707263]
V  [jvm.dll+0x250950]
V  [jvm.dll+0x1d18bf]
V  [jvm.dll+0x260f4a]
V  [jvm.dll+0x25f2b5]
V  [jvm.dll+0x40151d]
V  [jvm.dll+0x86975d]
V  [jvm.dll+0x6dff2d]
C  [ucrtbase.dll+0x37b0]
C  [KERNEL32.DLL+0x2e8d7]
C  [ntdll.dll+0x8d9c]


---------------  P R O C E S S  ---------------

Threads class SMR info:
_java_thread_list=0x000001899d6bba00, length=19, elements={
0x0000018934c21650, 0x00000189566aee60, 0x00000189566af8b0, 0x00000189566b2310,
0x00000189566b2d60, 0x00000189566b37b0, 0x00000189566b4200, 0x00000189566b4f80,
0x00000189566cc2a0, 0x0000018955efb9c0, 0x00000189568af9d0, 0x00000189568b28f0,
0x00000189568b2f70, 0x000001899c051e20, 0x00000189569879e0, 0x000001899c148700,
0x000001899d0c3df0, 0x000001899d0e8d00, 0x000001899d6c9930
}

Java Threads: ( => current thread )
  0x0000018934c21650 JavaThread "main"                              [_thread_blocked, id=26840, stack(0x00000062cf500000,0x00000062cf600000) (1024K)]
  0x00000189566aee60 JavaThread "Reference Handler"          daemon [_thread_blocked, id=21860, stack(0x00000062cfd00000,0x00000062cfe00000) (1024K)]
  0x00000189566af8b0 JavaThread "Finalizer"                  daemon [_thread_blocked, id=1420, stack(0x00000062cfe00000,0x00000062cff00000) (1024K)]
  0x00000189566b2310 JavaThread "Signal Dispatcher"          daemon [_thread_blocked, id=12760, stack(0x00000062cff00000,0x00000062d0000000) (1024K)]
  0x00000189566b2d60 JavaThread "Attach Listener"            daemon [_thread_blocked, id=13332, stack(0x00000062d0000000,0x00000062d0100000) (1024K)]
  0x00000189566b37b0 JavaThread "Service Thread"             daemon [_thread_blocked, id=23656, stack(0x00000062d0100000,0x00000062d0200000) (1024K)]
  0x00000189566b4200 JavaThread "Monitor Deflation Thread"   daemon [_thread_blocked, id=21680, stack(0x00000062d0200000,0x00000062d0300000) (1024K)]
  0x00000189566b4f80 JavaThread "C2 CompilerThread0"         daemon [_thread_blocked, id=9460, stack(0x00000062d0300000,0x00000062d0400000) (1024K)]
  0x00000189566cc2a0 JavaThread "C1 CompilerThread0"         daemon [_thread_blocked, id=6416, stack(0x00000062d0400000,0x00000062d0500000) (1024K)]
  0x0000018955efb9c0 JavaThread "Common-Cleaner"             daemon [_thread_blocked, id=5632, stack(0x00000062d0500000,0x00000062d0600000) (1024K)]
  0x00000189568af9d0 JavaThread "JDWP Transport Listener: dt_socket" daemon [_thread_blocked, id=11840, stack(0x00000062d0600000,0x00000062d0700000) (1024K)]
  0x00000189568b28f0 JavaThread "JDWP Event Helper Thread"   daemon [_thread_blocked, id=18636, stack(0x00000062d0700000,0x00000062d0800000) (1024K)]
  0x00000189568b2f70 JavaThread "JDWP Command Reader"        daemon [_thread_in_native, id=17040, stack(0x00000062d0800000,0x00000062d0900000) (1024K)]
  0x000001899c051e20 JavaThread "IntelliJ Suspend Helper"    daemon [_thread_blocked, id=12784, stack(0x00000062d0900000,0x00000062d0a00000) (1024K)]
  0x00000189569879e0 JavaThread "Notification Thread"        daemon [_thread_blocked, id=21060, stack(0x00000062d0a00000,0x00000062d0b00000) (1024K)]
=>0x000001899c148700 JavaThread "C2 CompilerThread1"         daemon [_thread_in_native, id=9164, stack(0x00000062d0b00000,0x00000062d0c00000) (1024K)]
  0x000001899d0c3df0 JavaThread "Thread-0"                          [_thread_blocked, id=27020, stack(0x00000062d1500000,0x00000062d1600000) (1024K)]
  0x000001899d0e8d00 JavaThread "restartedMain"                     [_thread_in_vm, id=25420, stack(0x00000062d1600000,0x00000062d1700000) (1024K)]
  0x000001899d6c9930 JavaThread "background-preinit"                [_thread_in_vm, id=22744, stack(0x00000062d1700000,0x00000062d1800000) (1024K)]
Total: 19

Other Threads:
  0x0000018955f0d110 VMThread "VM Thread"                           [id=5272, stack(0x00000062cfc00000,0x00000062cfd00000) (1024K)]
  0x0000018955efa740 WatcherThread "VM Periodic Task Thread"        [id=16092, stack(0x00000062cfb00000,0x00000062cfc00000) (1024K)]
  0x000001893520a2f0 WorkerThread "GC Thread#0"                     [id=27636, stack(0x00000062cf600000,0x00000062cf700000) (1024K)]
  0x000001899ce44080 WorkerThread "GC Thread#1"                     [id=9724, stack(0x00000062d0c00000,0x00000062d0d00000) (1024K)]
  0x000001899cde2b00 WorkerThread "GC Thread#2"                     [id=24908, stack(0x00000062d0d00000,0x00000062d0e00000) (1024K)]
  0x000001899ce6f230 WorkerThread "GC Thread#3"                     [id=6928, stack(0x00000062d0e00000,0x00000062d0f00000) (1024K)]
  0x000001899ce6f5d0 WorkerThread "GC Thread#4"                     [id=23716, stack(0x00000062d0f00000,0x00000062d1000000) (1024K)]
  0x000001899ce531a0 WorkerThread "GC Thread#5"                     [id=13560, stack(0x00000062d1000000,0x00000062d1100000) (1024K)]
  0x000001899ce95a30 WorkerThread "GC Thread#6"                     [id=19160, stack(0x00000062d1100000,0x00000062d1200000) (1024K)]
  0x000001899ce96510 WorkerThread "GC Thread#7"                     [id=26820, stack(0x00000062d1200000,0x00000062d1300000) (1024K)]
  0x000001899ce96ff0 WorkerThread "GC Thread#8"                     [id=9168, stack(0x00000062d1300000,0x00000062d1400000) (1024K)]
  0x000001899ce96c50 WorkerThread "GC Thread#9"                     [id=13348, stack(0x00000062d1400000,0x00000062d1500000) (1024K)]
  0x000001893521ac60 ConcurrentGCThread "G1 Main Marker"            [id=15004, stack(0x00000062cf700000,0x00000062cf800000) (1024K)]
  0x000001893521c4f0 WorkerThread "G1 Conc#0"                       [id=8128, stack(0x00000062cf800000,0x00000062cf900000) (1024K)]
  0x0000018955dccf60 ConcurrentGCThread "G1 Refine#0"               [id=10768, stack(0x00000062cf900000,0x00000062cfa00000) (1024K)]
  0x0000018955dce790 ConcurrentGCThread "G1 Service"                [id=17988, stack(0x00000062cfa00000,0x00000062cfb00000) (1024K)]
Total: 16

Threads with active compile tasks:
C2 CompilerThread1  1183 2001       4       jdk.internal.org.objectweb.asm.Frame::execute (2305 bytes)
Total: 1

VM state: not at safepoint (normal execution)

VM Mutex/Monitor currently owned by a thread:  ([mutex/lock_event])
[0x00007ffb31ff87c8] Metaspace_lock - owner thread: 0x000001899d6c9930

Heap address: 0x0000000705800000, size: 4008 MB, Compressed Oops mode: Zero based, Oop shift amount: 3

CDS archive(s) mapped at: [0x0000018957000000-0x0000018957c80000-0x0000018957c80000), size 13107200, SharedBaseAddress: 0x0000018957000000, ArchiveRelocationMode: 1.
Compressed class space mapped at: 0x0000018958000000-0x0000018998000000, reserved size: 1073741824
Narrow klass base: 0x0000018957000000, Narrow klass shift: 0, Narrow klass range: 0x100000000

GC Precious Log:
 CardTable entry size: 512
 Card Set container configuration: InlinePtr #cards 4 size 8 Array Of Cards #cards 16 size 48 Howl #buckets 8 coarsen threshold 3686 Howl Bitmap #cards 512 size 80 coarsen threshold 460 Card regions per heap region 1 cards per card region 4096
 CPUs: 12 total, 12 available
 Memory: 16024M
 Large Page Support: Disabled
 NUMA Support: Disabled
 Compressed Oops: Enabled (Zero based)
 Heap Region Size: 2M
 Heap Min Capacity: 8M
 Heap Initial Capacity: 252M
 Heap Max Capacity: 4008M
 Pre-touch: Disabled
 Parallel Workers: 10
 Concurrent Workers: 3
 Concurrent Refinement Workers: 10
 Periodic GC: Disabled

Heap:
 garbage-first heap   total 258048K, used 15141K [0x0000000705800000, 0x0000000800000000)
  region size 2048K, 5 young (10240K), 1 survivors (2048K)
 Metaspace       used 14661K, committed 14976K, reserved 1114112K
  class space    used 1696K, committed 1856K, reserved 1048576K

Heap Regions: E=young(eden), S=young(survivor), O=old, HS=humongous(starts), HC=humongous(continues), CS=collection set, F=free, TAMS=top-at-mark-start, PB=parsable bottom
|   0|0x0000000705800000, 0x0000000705a00000, 0x0000000705a00000|100%| O|  |TAMS 0x0000000705800000| PB 0x0000000705800000| Untracked 
|   1|0x0000000705a00000, 0x0000000705c00000, 0x0000000705c00000|100%| O|  |TAMS 0x0000000705a00000| PB 0x0000000705a00000| Untracked 
|   2|0x0000000705c00000, 0x0000000705e00000, 0x0000000705e00000|100%| O|  |TAMS 0x0000000705c00000| PB 0x0000000705c00000| Untracked 
|   3|0x0000000705e00000, 0x0000000705ef8ba8, 0x0000000706000000| 48%| O|  |TAMS 0x0000000705e00000| PB 0x0000000705e00000| Untracked 
|   4|0x0000000706000000, 0x0000000706000000, 0x0000000706200000|  0%| F|  |TAMS 0x0000000706000000| PB 0x0000000706000000| Untracked 
|   5|0x0000000706200000, 0x0000000706200000, 0x0000000706400000|  0%| F|  |TAMS 0x0000000706200000| PB 0x0000000706200000| Untracked 
|   6|0x0000000706400000, 0x0000000706400000, 0x0000000706600000|  0%| F|  |TAMS 0x0000000706400000| PB 0x0000000706400000| Untracked 
|   7|0x0000000706600000, 0x0000000706600000, 0x0000000706800000|  0%| F|  |TAMS 0x0000000706600000| PB 0x0000000706600000| Untracked 
|   8|0x0000000706800000, 0x0000000706800000, 0x0000000706a00000|  0%| F|  |TAMS 0x0000000706800000| PB 0x0000000706800000| Untracked 
|   9|0x0000000706a00000, 0x0000000706a00000, 0x0000000706c00000|  0%| F|  |TAMS 0x0000000706a00000| PB 0x0000000706a00000| Untracked 
|  10|0x0000000706c00000, 0x0000000706c00000, 0x0000000706e00000|  0%| F|  |TAMS 0x0000000706c00000| PB 0x0000000706c00000| Untracked 
|  11|0x0000000706e00000, 0x0000000706e00000, 0x0000000707000000|  0%| F|  |TAMS 0x0000000706e00000| PB 0x0000000706e00000| Untracked 
|  12|0x0000000707000000, 0x0000000707000000, 0x0000000707200000|  0%| F|  |TAMS 0x0000000707000000| PB 0x0000000707000000| Untracked 
|  13|0x0000000707200000, 0x0000000707200000, 0x0000000707400000|  0%| F|  |TAMS 0x0000000707200000| PB 0x0000000707200000| Untracked 
|  14|0x0000000707400000, 0x0000000707400000, 0x0000000707600000|  0%| F|  |TAMS 0x0000000707400000| PB 0x0000000707400000| Untracked 
|  15|0x0000000707600000, 0x0000000707600000, 0x0000000707800000|  0%| F|  |TAMS 0x0000000707600000| PB 0x0000000707600000| Untracked 
|  16|0x0000000707800000, 0x0000000707800000, 0x0000000707a00000|  0%| F|  |TAMS 0x0000000707800000| PB 0x0000000707800000| Untracked 
|  17|0x0000000707a00000, 0x0000000707a00000, 0x0000000707c00000|  0%| F|  |TAMS 0x0000000707a00000| PB 0x0000000707a00000| Untracked 
|  18|0x0000000707c00000, 0x0000000707c00000, 0x0000000707e00000|  0%| F|  |TAMS 0x0000000707c00000| PB 0x0000000707c00000| Untracked 
|  19|0x0000000707e00000, 0x0000000707e00000, 0x0000000708000000|  0%| F|  |TAMS 0x0000000707e00000| PB 0x0000000707e00000| Untracked 
|  20|0x0000000708000000, 0x0000000708000000, 0x0000000708200000|  0%| F|  |TAMS 0x0000000708000000| PB 0x0000000708000000| Untracked 
|  21|0x0000000708200000, 0x0000000708200000, 0x0000000708400000|  0%| F|  |TAMS 0x0000000708200000| PB 0x0000000708200000| Untracked 
|  22|0x0000000708400000, 0x0000000708400000, 0x0000000708600000|  0%| F|  |TAMS 0x0000000708400000| PB 0x0000000708400000| Untracked 
|  23|0x0000000708600000, 0x0000000708600000, 0x0000000708800000|  0%| F|  |TAMS 0x0000000708600000| PB 0x0000000708600000| Untracked 
|  24|0x0000000708800000, 0x0000000708800000, 0x0000000708a00000|  0%| F|  |TAMS 0x0000000708800000| PB 0x0000000708800000| Untracked 
|  25|0x0000000708a00000, 0x0000000708a00000, 0x0000000708c00000|  0%| F|  |TAMS 0x0000000708a00000| PB 0x0000000708a00000| Untracked 
|  26|0x0000000708c00000, 0x0000000708c00000, 0x0000000708e00000|  0%| F|  |TAMS 0x0000000708c00000| PB 0x0000000708c00000| Untracked 
|  27|0x0000000708e00000, 0x0000000708e00000, 0x0000000709000000|  0%| F|  |TAMS 0x0000000708e00000| PB 0x0000000708e00000| Untracked 
|  28|0x0000000709000000, 0x0000000709000000, 0x0000000709200000|  0%| F|  |TAMS 0x0000000709000000| PB 0x0000000709000000| Untracked 
|  29|0x0000000709200000, 0x0000000709200000, 0x0000000709400000|  0%| F|  |TAMS 0x0000000709200000| PB 0x0000000709200000| Untracked 
|  30|0x0000000709400000, 0x0000000709400000, 0x0000000709600000|  0%| F|  |TAMS 0x0000000709400000| PB 0x0000000709400000| Untracked 
|  31|0x0000000709600000, 0x0000000709600000, 0x0000000709800000|  0%| F|  |TAMS 0x0000000709600000| PB 0x0000000709600000| Untracked 
|  32|0x0000000709800000, 0x0000000709800000, 0x0000000709a00000|  0%| F|  |TAMS 0x0000000709800000| PB 0x0000000709800000| Untracked 
|  33|0x0000000709a00000, 0x0000000709a00000, 0x0000000709c00000|  0%| F|  |TAMS 0x0000000709a00000| PB 0x0000000709a00000| Untracked 
|  34|0x0000000709c00000, 0x0000000709c00000, 0x0000000709e00000|  0%| F|  |TAMS 0x0000000709c00000| PB 0x0000000709c00000| Untracked 
|  35|0x0000000709e00000, 0x0000000709e00000, 0x000000070a000000|  0%| F|  |TAMS 0x0000000709e00000| PB 0x0000000709e00000| Untracked 
|  36|0x000000070a000000, 0x000000070a000000, 0x000000070a200000|  0%| F|  |TAMS 0x000000070a000000| PB 0x000000070a000000| Untracked 
|  37|0x000000070a200000, 0x000000070a200000, 0x000000070a400000|  0%| F|  |TAMS 0x000000070a200000| PB 0x000000070a200000| Untracked 
|  38|0x000000070a400000, 0x000000070a400000, 0x000000070a600000|  0%| F|  |TAMS 0x000000070a400000| PB 0x000000070a400000| Untracked 
|  39|0x000000070a600000, 0x000000070a600000, 0x000000070a800000|  0%| F|  |TAMS 0x000000070a600000| PB 0x000000070a600000| Untracked 
|  40|0x000000070a800000, 0x000000070a800000, 0x000000070aa00000|  0%| F|  |TAMS 0x000000070a800000| PB 0x000000070a800000| Untracked 
|  41|0x000000070aa00000, 0x000000070aa00000, 0x000000070ac00000|  0%| F|  |TAMS 0x000000070aa00000| PB 0x000000070aa00000| Untracked 
|  42|0x000000070ac00000, 0x000000070ac00000, 0x000000070ae00000|  0%| F|  |TAMS 0x000000070ac00000| PB 0x000000070ac00000| Untracked 
|  43|0x000000070ae00000, 0x000000070ae00000, 0x000000070b000000|  0%| F|  |TAMS 0x000000070ae00000| PB 0x000000070ae00000| Untracked 
|  44|0x000000070b000000, 0x000000070b000000, 0x000000070b200000|  0%| F|  |TAMS 0x000000070b000000| PB 0x000000070b000000| Untracked 
|  45|0x000000070b200000, 0x000000070b200000, 0x000000070b400000|  0%| F|  |TAMS 0x000000070b200000| PB 0x000000070b200000| Untracked 
|  46|0x000000070b400000, 0x000000070b400000, 0x000000070b600000|  0%| F|  |TAMS 0x000000070b400000| PB 0x000000070b400000| Untracked 
|  47|0x000000070b600000, 0x000000070b600000, 0x000000070b800000|  0%| F|  |TAMS 0x000000070b600000| PB 0x000000070b600000| Untracked 
|  48|0x000000070b800000, 0x000000070b800000, 0x000000070ba00000|  0%| F|  |TAMS 0x000000070b800000| PB 0x000000070b800000| Untracked 
|  49|0x000000070ba00000, 0x000000070ba00000, 0x000000070bc00000|  0%| F|  |TAMS 0x000000070ba00000| PB 0x000000070ba00000| Untracked 
|  50|0x000000070bc00000, 0x000000070bc00000, 0x000000070be00000|  0%| F|  |TAMS 0x000000070bc00000| PB 0x000000070bc00000| Untracked 
|  51|0x000000070be00000, 0x000000070be00000, 0x000000070c000000|  0%| F|  |TAMS 0x000000070be00000| PB 0x000000070be00000| Untracked 
|  52|0x000000070c000000, 0x000000070c000000, 0x000000070c200000|  0%| F|  |TAMS 0x000000070c000000| PB 0x000000070c000000| Untracked 
|  53|0x000000070c200000, 0x000000070c200000, 0x000000070c400000|  0%| F|  |TAMS 0x000000070c200000| PB 0x000000070c200000| Untracked 
|  54|0x000000070c400000, 0x000000070c400000, 0x000000070c600000|  0%| F|  |TAMS 0x000000070c400000| PB 0x000000070c400000| Untracked 
|  55|0x000000070c600000, 0x000000070c600000, 0x000000070c800000|  0%| F|  |TAMS 0x000000070c600000| PB 0x000000070c600000| Untracked 
|  56|0x000000070c800000, 0x000000070c800000, 0x000000070ca00000|  0%| F|  |TAMS 0x000000070c800000| PB 0x000000070c800000| Untracked 
|  57|0x000000070ca00000, 0x000000070ca00000, 0x000000070cc00000|  0%| F|  |TAMS 0x000000070ca00000| PB 0x000000070ca00000| Untracked 
|  58|0x000000070cc00000, 0x000000070cc00000, 0x000000070ce00000|  0%| F|  |TAMS 0x000000070cc00000| PB 0x000000070cc00000| Untracked 
|  59|0x000000070ce00000, 0x000000070ce00000, 0x000000070d000000|  0%| F|  |TAMS 0x000000070ce00000| PB 0x000000070ce00000| Untracked 
|  60|0x000000070d000000, 0x000000070d000000, 0x000000070d200000|  0%| F|  |TAMS 0x000000070d000000| PB 0x000000070d000000| Untracked 
|  61|0x000000070d200000, 0x000000070d200000, 0x000000070d400000|  0%| F|  |TAMS 0x000000070d200000| PB 0x000000070d200000| Untracked 
|  62|0x000000070d400000, 0x000000070d400000, 0x000000070d600000|  0%| F|  |TAMS 0x000000070d400000| PB 0x000000070d400000| Untracked 
|  63|0x000000070d600000, 0x000000070d600000, 0x000000070d800000|  0%| F|  |TAMS 0x000000070d600000| PB 0x000000070d600000| Untracked 
|  64|0x000000070d800000, 0x000000070d800000, 0x000000070da00000|  0%| F|  |TAMS 0x000000070d800000| PB 0x000000070d800000| Untracked 
|  65|0x000000070da00000, 0x000000070da00000, 0x000000070dc00000|  0%| F|  |TAMS 0x000000070da00000| PB 0x000000070da00000| Untracked 
|  66|0x000000070dc00000, 0x000000070dc00000, 0x000000070de00000|  0%| F|  |TAMS 0x000000070dc00000| PB 0x000000070dc00000| Untracked 
|  67|0x000000070de00000, 0x000000070de00000, 0x000000070e000000|  0%| F|  |TAMS 0x000000070de00000| PB 0x000000070de00000| Untracked 
|  68|0x000000070e000000, 0x000000070e000000, 0x000000070e200000|  0%| F|  |TAMS 0x000000070e000000| PB 0x000000070e000000| Untracked 
|  69|0x000000070e200000, 0x000000070e200000, 0x000000070e400000|  0%| F|  |TAMS 0x000000070e200000| PB 0x000000070e200000| Untracked 
|  70|0x000000070e400000, 0x000000070e400000, 0x000000070e600000|  0%| F|  |TAMS 0x000000070e400000| PB 0x000000070e400000| Untracked 
|  71|0x000000070e600000, 0x000000070e600000, 0x000000070e800000|  0%| F|  |TAMS 0x000000070e600000| PB 0x000000070e600000| Untracked 
|  72|0x000000070e800000, 0x000000070e800000, 0x000000070ea00000|  0%| F|  |TAMS 0x000000070e800000| PB 0x000000070e800000| Untracked 
|  73|0x000000070ea00000, 0x000000070ea00000, 0x000000070ec00000|  0%| F|  |TAMS 0x000000070ea00000| PB 0x000000070ea00000| Untracked 
|  74|0x000000070ec00000, 0x000000070ec00000, 0x000000070ee00000|  0%| F|  |TAMS 0x000000070ec00000| PB 0x000000070ec00000| Untracked 
|  75|0x000000070ee00000, 0x000000070ee00000, 0x000000070f000000|  0%| F|  |TAMS 0x000000070ee00000| PB 0x000000070ee00000| Untracked 
|  76|0x000000070f000000, 0x000000070f000000, 0x000000070f200000|  0%| F|  |TAMS 0x000000070f000000| PB 0x000000070f000000| Untracked 
|  77|0x000000070f200000, 0x000000070f200000, 0x000000070f400000|  0%| F|  |TAMS 0x000000070f200000| PB 0x000000070f200000| Untracked 
|  78|0x000000070f400000, 0x000000070f400000, 0x000000070f600000|  0%| F|  |TAMS 0x000000070f400000| PB 0x000000070f400000| Untracked 
|  79|0x000000070f600000, 0x000000070f600000, 0x000000070f800000|  0%| F|  |TAMS 0x000000070f600000| PB 0x000000070f600000| Untracked 
|  80|0x000000070f800000, 0x000000070f800000, 0x000000070fa00000|  0%| F|  |TAMS 0x000000070f800000| PB 0x000000070f800000| Untracked 
|  81|0x000000070fa00000, 0x000000070fa00000, 0x000000070fc00000|  0%| F|  |TAMS 0x000000070fa00000| PB 0x000000070fa00000| Untracked 
|  82|0x000000070fc00000, 0x000000070fc00000, 0x000000070fe00000|  0%| F|  |TAMS 0x000000070fc00000| PB 0x000000070fc00000| Untracked 
|  83|0x000000070fe00000, 0x000000070fe00000, 0x0000000710000000|  0%| F|  |TAMS 0x000000070fe00000| PB 0x000000070fe00000| Untracked 
|  84|0x0000000710000000, 0x0000000710000000, 0x0000000710200000|  0%| F|  |TAMS 0x0000000710000000| PB 0x0000000710000000| Untracked 
|  85|0x0000000710200000, 0x0000000710200000, 0x0000000710400000|  0%| F|  |TAMS 0x0000000710200000| PB 0x0000000710200000| Untracked 
|  86|0x0000000710400000, 0x0000000710400000, 0x0000000710600000|  0%| F|  |TAMS 0x0000000710400000| PB 0x0000000710400000| Untracked 
|  87|0x0000000710600000, 0x0000000710600000, 0x0000000710800000|  0%| F|  |TAMS 0x0000000710600000| PB 0x0000000710600000| Untracked 
|  88|0x0000000710800000, 0x0000000710800000, 0x0000000710a00000|  0%| F|  |TAMS 0x0000000710800000| PB 0x0000000710800000| Untracked 
|  89|0x0000000710a00000, 0x0000000710a00000, 0x0000000710c00000|  0%| F|  |TAMS 0x0000000710a00000| PB 0x0000000710a00000| Untracked 
|  90|0x0000000710c00000, 0x0000000710c00000, 0x0000000710e00000|  0%| F|  |TAMS 0x0000000710c00000| PB 0x0000000710c00000| Untracked 
|  91|0x0000000710e00000, 0x0000000710e00000, 0x0000000711000000|  0%| F|  |TAMS 0x0000000710e00000| PB 0x0000000710e00000| Untracked 
|  92|0x0000000711000000, 0x0000000711000000, 0x0000000711200000|  0%| F|  |TAMS 0x0000000711000000| PB 0x0000000711000000| Untracked 
|  93|0x0000000711200000, 0x0000000711200000, 0x0000000711400000|  0%| F|  |TAMS 0x0000000711200000| PB 0x0000000711200000| Untracked 
|  94|0x0000000711400000, 0x0000000711400000, 0x0000000711600000|  0%| F|  |TAMS 0x0000000711400000| PB 0x0000000711400000| Untracked 
|  95|0x0000000711600000, 0x0000000711600000, 0x0000000711800000|  0%| F|  |TAMS 0x0000000711600000| PB 0x0000000711600000| Untracked 
|  96|0x0000000711800000, 0x0000000711800000, 0x0000000711a00000|  0%| F|  |TAMS 0x0000000711800000| PB 0x0000000711800000| Untracked 
|  97|0x0000000711a00000, 0x0000000711a00000, 0x0000000711c00000|  0%| F|  |TAMS 0x0000000711a00000| PB 0x0000000711a00000| Untracked 
|  98|0x0000000711c00000, 0x0000000711c00000, 0x0000000711e00000|  0%| F|  |TAMS 0x0000000711c00000| PB 0x0000000711c00000| Untracked 
|  99|0x0000000711e00000, 0x0000000711e00000, 0x0000000712000000|  0%| F|  |TAMS 0x0000000711e00000| PB 0x0000000711e00000| Untracked 
| 100|0x0000000712000000, 0x0000000712000000, 0x0000000712200000|  0%| F|  |TAMS 0x0000000712000000| PB 0x0000000712000000| Untracked 
| 101|0x0000000712200000, 0x0000000712200000, 0x0000000712400000|  0%| F|  |TAMS 0x0000000712200000| PB 0x0000000712200000| Untracked 
| 102|0x0000000712400000, 0x0000000712400000, 0x0000000712600000|  0%| F|  |TAMS 0x0000000712400000| PB 0x0000000712400000| Untracked 
| 103|0x0000000712600000, 0x0000000712600000, 0x0000000712800000|  0%| F|  |TAMS 0x0000000712600000| PB 0x0000000712600000| Untracked 
| 104|0x0000000712800000, 0x0000000712800000, 0x0000000712a00000|  0%| F|  |TAMS 0x0000000712800000| PB 0x0000000712800000| Untracked 
| 105|0x0000000712a00000, 0x0000000712a00000, 0x0000000712c00000|  0%| F|  |TAMS 0x0000000712a00000| PB 0x0000000712a00000| Untracked 
| 106|0x0000000712c00000, 0x0000000712c00000, 0x0000000712e00000|  0%| F|  |TAMS 0x0000000712c00000| PB 0x0000000712c00000| Untracked 
| 107|0x0000000712e00000, 0x0000000712e00000, 0x0000000713000000|  0%| F|  |TAMS 0x0000000712e00000| PB 0x0000000712e00000| Untracked 
| 108|0x0000000713000000, 0x0000000713000000, 0x0000000713200000|  0%| F|  |TAMS 0x0000000713000000| PB 0x0000000713000000| Untracked 
| 109|0x0000000713200000, 0x0000000713200000, 0x0000000713400000|  0%| F|  |TAMS 0x0000000713200000| PB 0x0000000713200000| Untracked 
| 110|0x0000000713400000, 0x00000007135d0a38, 0x0000000713600000| 90%| S|CS|TAMS 0x0000000713400000| PB 0x0000000713400000| Complete 
| 111|0x0000000713600000, 0x0000000713600000, 0x0000000713800000|  0%| F|  |TAMS 0x0000000713600000| PB 0x0000000713600000| Untracked 
| 112|0x0000000713800000, 0x0000000713800000, 0x0000000713a00000|  0%| F|  |TAMS 0x0000000713800000| PB 0x0000000713800000| Untracked 
| 113|0x0000000713a00000, 0x0000000713a00000, 0x0000000713c00000|  0%| F|  |TAMS 0x0000000713a00000| PB 0x0000000713a00000| Untracked 
| 114|0x0000000713c00000, 0x0000000713c00000, 0x0000000713e00000|  0%| F|  |TAMS 0x0000000713c00000| PB 0x0000000713c00000| Untracked 
| 115|0x0000000713e00000, 0x0000000713e00000, 0x0000000714000000|  0%| F|  |TAMS 0x0000000713e00000| PB 0x0000000713e00000| Untracked 
| 116|0x0000000714000000, 0x0000000714000000, 0x0000000714200000|  0%| F|  |TAMS 0x0000000714000000| PB 0x0000000714000000| Untracked 
| 117|0x0000000714200000, 0x0000000714200000, 0x0000000714400000|  0%| F|  |TAMS 0x0000000714200000| PB 0x0000000714200000| Untracked 
| 118|0x0000000714400000, 0x0000000714400000, 0x0000000714600000|  0%| F|  |TAMS 0x0000000714400000| PB 0x0000000714400000| Untracked 
| 119|0x0000000714600000, 0x0000000714600000, 0x0000000714800000|  0%| F|  |TAMS 0x0000000714600000| PB 0x0000000714600000| Untracked 
| 120|0x0000000714800000, 0x0000000714800000, 0x0000000714a00000|  0%| F|  |TAMS 0x0000000714800000| PB 0x0000000714800000| Untracked 
| 121|0x0000000714a00000, 0x0000000714a00000, 0x0000000714c00000|  0%| F|  |TAMS 0x0000000714a00000| PB 0x0000000714a00000| Untracked 
| 122|0x0000000714c00000, 0x0000000714d01bd0, 0x0000000714e00000| 50%| E|  |TAMS 0x0000000714c00000| PB 0x0000000714c00000| Complete 
| 123|0x0000000714e00000, 0x0000000715000000, 0x0000000715000000|100%| E|CS|TAMS 0x0000000714e00000| PB 0x0000000714e00000| Complete 
| 124|0x0000000715000000, 0x0000000715200000, 0x0000000715200000|100%| E|CS|TAMS 0x0000000715000000| PB 0x0000000715000000| Complete 
| 125|0x0000000715200000, 0x0000000715400000, 0x0000000715400000|100%| E|CS|TAMS 0x0000000715200000| PB 0x0000000715200000| Complete 

Card table byte_map: [0x000001894f2e0000,0x000001894fac0000] _byte_map_base: 0x000001894bab4000

Marking Bits: (CMBitMap*) 0x000001893520a900
 Bits: [0x000001894fac0000, 0x0000018953960000)

Polling page: 0x0000018934ee0000

Metaspace:

Usage:
  Non-class:     12.66 MB used.
      Class:      1.66 MB used.
       Both:     14.32 MB used.

Virtual space:
  Non-class space:       64.00 MB reserved,      12.81 MB ( 20%) committed,  1 nodes.
      Class space:        1.00 GB reserved,       1.81 MB ( <1%) committed,  1 nodes.
             Both:        1.06 GB reserved,      14.62 MB (  1%) committed. 

Chunk freelists:
   Non-Class:  2.86 MB
       Class:  14.17 MB
        Both:  17.03 MB

MaxMetaspaceSize: unlimited
CompressedClassSpaceSize: 1.00 GB
Initial GC threshold: 21.00 MB
Current GC threshold: 21.00 MB
CDS: on
 - commit_granule_bytes: 65536.
 - commit_granule_words: 8192.
 - virtual_space_node_default_size: 8388608.
 - enlarge_chunks_in_place: 1.
 - use_allocation_guard: 0.


Internal statistics:

num_allocs_failed_limit: 0.
num_arena_births: 388.
num_arena_deaths: 0.
num_vsnodes_births: 2.
num_vsnodes_deaths: 0.
num_space_committed: 234.
num_space_uncommitted: 0.
num_chunks_returned_to_freelist: 0.
num_chunks_taken_from_freelist: 811.
num_chunk_merges: 0.
num_chunk_splits: 474.
num_chunks_enlarged: 265.
num_inconsistent_stats: 0.

CodeHeap 'non-profiled nmethods': size=120000Kb used=767Kb max_used=767Kb free=119232Kb
 bounds [0x0000018946940000, 0x0000018946bb0000, 0x000001894de70000]
CodeHeap 'profiled nmethods': size=120000Kb used=3758Kb max_used=3758Kb free=116241Kb
 bounds [0x000001893ee70000, 0x000001893f220000, 0x00000189463a0000]
CodeHeap 'non-nmethods': size=5760Kb used=1457Kb max_used=1484Kb free=4302Kb
 bounds [0x00000189463a0000, 0x0000018946610000, 0x0000018946940000]
CodeCache: size=245760Kb, used=5982Kb, max_used=6009Kb, free=239775Kb
 total_blobs=2493, nmethods=2004, adapters=393, full_count=0
Compilation: enabled, stopped_count=0, restarted_count=0

Compilation events (20 events):
Event: 1.124 Thread 0x00000189566cc2a0 nmethod 1990 0x000001893f214b90 code [0x000001893f214d40, 0x000001893f214f10]
Event: 1.124 Thread 0x00000189566cc2a0 1991       3       org.springframework.boot.context.properties.source.ConfigurationPropertyName::fastElementEquals (69 bytes)
Event: 1.124 Thread 0x00000189566cc2a0 nmethod 1991 0x000001893f215010 code [0x000001893f215200, 0x000001893f2155d8]
Event: 1.124 Thread 0x00000189566cc2a0 1992       3       java.lang.ref.SoftReference::<init> (14 bytes)
Event: 1.125 Thread 0x00000189566cc2a0 nmethod 1992 0x000001893f215810 code [0x000001893f2159c0, 0x000001893f215cb0]
Event: 1.125 Thread 0x00000189566cc2a0 1993       3       org.springframework.util.ConcurrentReferenceHashMap$ReferenceManager::createReference (43 bytes)
Event: 1.125 Thread 0x000001899c148700 1996       4       java.lang.invoke.MethodTypeForm::canonicalize (74 bytes)
Event: 1.125 Thread 0x00000189566cc2a0 nmethod 1993 0x000001893f215d90 code [0x000001893f215f80, 0x000001893f216548]
Event: 1.125 Thread 0x00000189566cc2a0 1998   !   3       java.lang.invoke.LambdaForm::compileToBytecode (164 bytes)
Event: 1.125 Thread 0x000001899c148700 nmethod 1996 0x00000189469fef90 code [0x00000189469ff120, 0x00000189469ff200]
Event: 1.125 Thread 0x00000189566cc2a0 nmethod 1998 0x000001893f216710 code [0x000001893f2169a0, 0x000001893f217348]
Event: 1.125 Thread 0x00000189566cc2a0 1995       3       java.lang.invoke.MethodHandleNatives::refKindIsGetter (32 bytes)
Event: 1.125 Thread 0x00000189566cc2a0 nmethod 1995 0x000001893f217690 code [0x000001893f217820, 0x000001893f217970]
Event: 1.125 Thread 0x00000189566cc2a0 1994       3       org.springframework.util.ConcurrentReferenceHashMap$SoftEntryReference::<init> (18 bytes)
Event: 1.126 Thread 0x00000189566cc2a0 nmethod 1994 0x000001893f217a10 code [0x000001893f217be0, 0x000001893f217f90]
Event: 1.126 Thread 0x00000189566cc2a0 1999       3       java.io.ByteArrayOutputStream::<init> (43 bytes)
Event: 1.126 Thread 0x00000189566b4f80 2000       4       java.util.jar.Manifest$FastInputStream::peek (38 bytes)
Event: 1.126 Thread 0x00000189566cc2a0 nmethod 1999 0x000001893f218090 code [0x000001893f2182e0, 0x000001893f218aa0]
Event: 1.127 Thread 0x00000189566b4f80 nmethod 2000 0x00000189469ff310 code [0x00000189469ff4a0, 0x00000189469ff5d0]
Event: 1.127 Thread 0x000001899c148700 2001       4       jdk.internal.org.objectweb.asm.Frame::execute (2305 bytes)

GC Heap History (4 events):
Event: 0.564 GC heap before
{Heap before GC invocations=0 (full 0):
 garbage-first heap   total 258048K, used 22528K [0x0000000705800000, 0x0000000800000000)
  region size 2048K, 11 young (22528K), 0 survivors (0K)
 Metaspace       used 6910K, committed 7104K, reserved 1114112K
  class space    used 665K, committed 768K, reserved 1048576K
}
Event: 0.568 GC heap after
{Heap after GC invocations=1 (full 0):
 garbage-first heap   total 258048K, used 6794K [0x0000000705800000, 0x0000000800000000)
  region size 2048K, 2 young (4096K), 2 survivors (4096K)
 Metaspace       used 6910K, committed 7104K, reserved 1114112K
  class space    used 665K, committed 768K, reserved 1048576K
}
Event: 1.004 GC heap before
{Heap before GC invocations=1 (full 0):
 garbage-first heap   total 258048K, used 31370K [0x0000000705800000, 0x0000000800000000)
  region size 2048K, 15 young (30720K), 2 survivors (4096K)
 Metaspace       used 13306K, committed 13568K, reserved 1114112K
  class space    used 1475K, committed 1600K, reserved 1048576K
}
Event: 1.008 GC heap after
{Heap after GC invocations=2 (full 0):
 garbage-first heap   total 258048K, used 8997K [0x0000000705800000, 0x0000000800000000)
  region size 2048K, 1 young (2048K), 1 survivors (2048K)
 Metaspace       used 13306K, committed 13568K, reserved 1114112K
  class space    used 1475K, committed 1600K, reserved 1048576K
}

Dll operation events (10 events):
Event: 0.015 Loaded shared library C:\Users\araom\.jdks\ms-21.0.8\bin\java.dll
Event: 0.017 Loaded shared library C:\Users\araom\.jdks\ms-21.0.8\bin\zip.dll
Event: 0.040 Loaded shared library C:\Users\araom\.jdks\ms-21.0.8\bin\jsvml.dll
Event: 0.141 Loaded shared library C:\Users\araom\.jdks\ms-21.0.8\bin\instrument.dll
Event: 0.193 Loaded shared library C:\Users\araom\.jdks\ms-21.0.8\bin\net.dll
Event: 0.195 Loaded shared library C:\Users\araom\.jdks\ms-21.0.8\bin\nio.dll
Event: 0.200 Loaded shared library C:\Users\araom\.jdks\ms-21.0.8\bin\zip.dll
Event: 0.296 Loaded shared library C:\Users\araom\.jdks\ms-21.0.8\bin\jimage.dll
Event: 0.656 Loaded shared library C:\Users\araom\.jdks\ms-21.0.8\bin\management.dll
Event: 0.660 Loaded shared library C:\Users\araom\.jdks\ms-21.0.8\bin\management_ext.dll

Deoptimization events (20 events):
Event: 0.930 Thread 0x000001899d0e8d00 DEOPT PACKING pc=0x00000189469b8870 sp=0x00000062d16fdf20
Event: 0.930 Thread 0x000001899d0e8d00 DEOPT UNPACKING pc=0x00000189463f46a2 sp=0x00000062d16fded0 mode 2
Event: 1.008 Thread 0x00000189566aee60 Uncommon trap: trap_request=0xffffff45 fr.pc=0x00000189469c7d50 relative=0x0000000000000290
Event: 1.008 Thread 0x00000189566aee60 Uncommon trap: reason=unstable_if action=reinterpret pc=0x00000189469c7d50 method=java.util.concurrent.locks.ReentrantLock$Sync.lock()V @ 4 c2
Event: 1.008 Thread 0x00000189566aee60 DEOPT PACKING pc=0x00000189469c7d50 sp=0x00000062cfdff600
Event: 1.008 Thread 0x00000189566aee60 DEOPT UNPACKING pc=0x00000189463f46a2 sp=0x00000062cfdff580 mode 2
Event: 1.066 Thread 0x000001899d0e8d00 DEOPT PACKING pc=0x000001893ef77f12 sp=0x00000062d16fc590
Event: 1.066 Thread 0x000001899d0e8d00 DEOPT UNPACKING pc=0x00000189463f4e42 sp=0x00000062d16fba28 mode 0
Event: 1.106 Thread 0x000001899d0e8d00 DEOPT PACKING pc=0x000001893effb769 sp=0x00000062d16fc590
Event: 1.106 Thread 0x000001899d0e8d00 DEOPT UNPACKING pc=0x00000189463f4e42 sp=0x00000062d16fb9e8 mode 1
Event: 1.106 Thread 0x000001899d0e8d00 DEOPT PACKING pc=0x000001893ef9c864 sp=0x00000062d16fc620
Event: 1.106 Thread 0x000001899d0e8d00 DEOPT UNPACKING pc=0x00000189463f4e42 sp=0x00000062d16fbac8 mode 1
Event: 1.106 Thread 0x000001899d0e8d00 DEOPT PACKING pc=0x000001893f0d25ec sp=0x00000062d16fd060
Event: 1.106 Thread 0x000001899d0e8d00 DEOPT UNPACKING pc=0x00000189463f4e42 sp=0x00000062d16fc528 mode 1
Event: 1.106 Thread 0x000001899d0e8d00 DEOPT PACKING pc=0x000001893f0d210c sp=0x00000062d16fd0f0
Event: 1.106 Thread 0x000001899d0e8d00 DEOPT UNPACKING pc=0x00000189463f4e42 sp=0x00000062d16fc5c8 mode 1
Event: 1.113 Thread 0x000001899d0e8d00 DEOPT PACKING pc=0x000001893effb769 sp=0x00000062d16fd920
Event: 1.113 Thread 0x000001899d0e8d00 DEOPT UNPACKING pc=0x00000189463f4e42 sp=0x00000062d16fcd78 mode 1
Event: 1.113 Thread 0x000001899d0e8d00 DEOPT PACKING pc=0x000001893ef9c864 sp=0x00000062d16fd9b0
Event: 1.113 Thread 0x000001899d0e8d00 DEOPT UNPACKING pc=0x00000189463f4e42 sp=0x00000062d16fce68 mode 1

Classes loaded (20 events):
Event: 1.122 Loading class org/springframework/boot/autoconfigure/preinitialize/ConversionServiceBackgroundPreinitializer
Event: 1.122 Loading class org/springframework/boot/autoconfigure/preinitialize/ConversionServiceBackgroundPreinitializer done
Event: 1.122 Loading class org/springframework/boot/validation/autoconfigure/JakartaValidationBackgroundPreinitializer
Event: 1.122 Loading class org/springframework/boot/validation/autoconfigure/JakartaValidationBackgroundPreinitializer done
Event: 1.123 Loading class tools/jackson/databind/json/JsonMapper
Event: 1.123 Loading class tools/jackson/databind/json/JsonMapper done
Event: 1.123 Loading class org/springframework/boot/context/properties/bind/Bindable
Event: 1.123 Loading class org/springframework/boot/context/properties/bind/Bindable done
Event: 1.124 Loading class tools/jackson/databind/ObjectMapper
Event: 1.124 Loading class tools/jackson/databind/ObjectMapper done
Event: 1.124 Loading class org/springframework/boot/context/properties/bind/JavaBeanBinder$Bean$CacheKey
Event: 1.124 Loading class org/springframework/boot/context/properties/bind/JavaBeanBinder$Bean$CacheKey done
Event: 1.125 Loading class org/springframework/boot/context/properties/bind/JavaBeanBinder$Bean$CacheKey
Event: 1.125 Loading class org/springframework/boot/context/properties/bind/JavaBeanBinder$Bean$CacheKey done
Event: 1.125 Loading class tools/jackson/core/TreeCodec
Event: 1.125 Loading class tools/jackson/core/TreeCodec done
Event: 1.126 Loading class tools/jackson/core/Versioned
Event: 1.126 Loading class tools/jackson/core/Versioned done
Event: 1.127 Loading class tools/jackson/core/util/Snapshottable
Event: 1.127 Loading class tools/jackson/core/util/Snapshottable done

Classes unloaded (0 events):
No events

Classes redefined (1 events):
Event: 0.166 Thread 0x0000018955f0d110 redefined class name=java.lang.Throwable, count=1

Internal exceptions (20 events):
Event: 0.939 Thread 0x000001899d0e8d00 Exception <a 'java/lang/NoSuchMethodError'{0x00000007138af7f8}: 'void java.lang.invoke.DelegatingMethodHandle$Holder.delegate(java.lang.Object, java.lang.Object, int, java.lang.Object)'> (0x00000007138af7f8) 
thrown [s\src\hotspot\share\interpreter\linkResolver.cpp, line 773]
Event: 0.941 Thread 0x000001899d0e8d00 Exception <a 'java/lang/NoSuchMethodError'{0x00000007138cf240}: 'int java.lang.invoke.DirectMethodHandle$Holder.invokeVirtual(java.lang.Object, java.lang.Object, java.lang.Object)'> (0x00000007138cf240) 
thrown [s\src\hotspot\share\interpreter\linkResolver.cpp, line 773]
Event: 0.941 Thread 0x000001899d0e8d00 Exception <a 'java/lang/NoSuchMethodError'{0x00000007138d3888}: 'int java.lang.invoke.DirectMethodHandle$Holder.invokeStaticInit(java.lang.Object, int, int)'> (0x00000007138d3888) 
thrown [s\src\hotspot\share\interpreter\linkResolver.cpp, line 773]
Event: 0.942 Thread 0x000001899d0e8d00 Exception <a 'java/lang/NoSuchMethodError'{0x00000007138db180}: 'int java.lang.invoke.DirectMethodHandle$Holder.invokeStaticInit(java.lang.Object, long, long)'> (0x00000007138db180) 
thrown [s\src\hotspot\share\interpreter\linkResolver.cpp, line 773]
Event: 0.942 Thread 0x000001899d0e8d00 Exception <a 'java/lang/NoSuchMethodError'{0x00000007138e1f00}: 'int java.lang.invoke.DirectMethodHandle$Holder.invokeStaticInit(java.lang.Object, float, float)'> (0x00000007138e1f00) 
thrown [s\src\hotspot\share\interpreter\linkResolver.cpp, line 773]
Event: 0.943 Thread 0x000001899d0e8d00 Exception <a 'java/lang/NoSuchMethodError'{0x00000007138e8c78}: 'int java.lang.invoke.DirectMethodHandle$Holder.invokeStaticInit(java.lang.Object, double, double)'> (0x00000007138e8c78) 
thrown [s\src\hotspot\share\interpreter\linkResolver.cpp, line 773]
Event: 0.943 Thread 0x000001899d0e8d00 Exception <a 'java/lang/NoSuchMethodError'{0x00000007138ed4c8}: 'int java.lang.invoke.DirectMethodHandle$Holder.invokeStatic(java.lang.Object, long)'> (0x00000007138ed4c8) 
thrown [s\src\hotspot\share\interpreter\linkResolver.cpp, line 773]
Event: 0.946 Thread 0x000001899d0e8d00 Exception <a 'java/lang/NoSuchMethodError'{0x00000007139103f8}: 'int java.lang.invoke.Invokers$Holder.linkToTargetMethod(java.lang.Object, java.lang.Object)'> (0x00000007139103f8) 
thrown [s\src\hotspot\share\interpreter\linkResolver.cpp, line 773]
Event: 0.957 Thread 0x000001899d0e8d00 Exception <a 'java/lang/NoSuchMethodError'{0x00000007139a3240}: 'java.lang.Object java.lang.invoke.DirectMethodHandle$Holder.invokeSpecial(java.lang.Object, java.lang.Object, java.lang.Object, int, java.lang.Object)'> (0x00000007139a3240) 
thrown [s\src\hotspot\share\interpreter\linkResolver.cpp, line 773]
Event: 0.958 Thread 0x000001899d0e8d00 Exception <a 'java/lang/NoSuchMethodError'{0x00000007139aac40}: 'java.lang.Object java.lang.invoke.DirectMethodHandle$Holder.newInvokeSpecial(java.lang.Object, java.lang.Object, java.lang.Object, int, java.lang.Object)'> (0x00000007139aac40) 
thrown [s\src\hotspot\share\interpreter\linkResolver.cpp, line 773]
Event: 0.958 Thread 0x000001899d0e8d00 Exception <a 'java/lang/NoSuchMethodError'{0x00000007139b2240}: 'java.lang.Object java.lang.invoke.Invokers$Holder.linkToTargetMethod(java.lang.Object, java.lang.Object, int, java.lang.Object, java.lang.Object)'> (0x00000007139b2240) 
thrown [s\src\hotspot\share\interpreter\linkResolver.cpp, line 773]
Event: 0.959 Thread 0x000001899d0e8d00 Exception <a 'java/lang/NoSuchMethodError'{0x00000007139c23a8}: 'java.lang.Object java.lang.invoke.DirectMethodHandle$Holder.newInvokeSpecial(java.lang.Object, int, java.lang.Object)'> (0x00000007139c23a8) 
thrown [s\src\hotspot\share\interpreter\linkResolver.cpp, line 773]
Event: 0.959 Thread 0x000001899d0e8d00 Exception <a 'java/lang/NoSuchMethodError'{0x00000007139c6c20}: 'int java.lang.invoke.DirectMethodHandle$Holder.invokeSpecialIFC(java.lang.Object, java.lang.Object, java.lang.Object, java.lang.Object)'> (0x00000007139c6c20) 
thrown [s\src\hotspot\share\interpreter\linkResolver.cpp, line 773]
Event: 0.973 Thread 0x000001899d0e8d00 Exception <a 'java/lang/NoSuchMethodError'{0x000000071367d298}: 'void java.lang.invoke.DirectMethodHandle$Holder.invokeInterface(java.lang.Object, java.lang.Object, java.lang.Object)'> (0x000000071367d298) 
thrown [s\src\hotspot\share\interpreter\linkResolver.cpp, line 773]
Event: 0.991 Thread 0x000001899d0e8d00 Exception <a 'java/lang/NoSuchMethodError'{0x000000071372cee0}: 'void java.lang.invoke.DirectMethodHandle$Holder.invokeStaticInit(java.lang.Object, java.lang.Object, java.lang.Object)'> (0x000000071372cee0) 
thrown [s\src\hotspot\share\interpreter\linkResolver.cpp, line 773]
Event: 0.995 Thread 0x000001899d0e8d00 Exception <a 'java/lang/NoSuchMethodError'{0x0000000713785fb8}: 'java.lang.Object java.lang.invoke.DirectMethodHandle$Holder.invokeVirtual(java.lang.Object, java.lang.Object, java.lang.Object)'> (0x0000000713785fb8) 
thrown [s\src\hotspot\share\interpreter\linkResolver.cpp, line 773]
Event: 0.998 Thread 0x000001899d0e8d00 Exception <a 'java/lang/NoSuchMethodError'{0x00000007137b04c8}: 'java.lang.Object java.lang.invoke.DirectMethodHandle$Holder.invokeStaticInit(java.lang.Object, int)'> (0x00000007137b04c8) 
thrown [s\src\hotspot\share\interpreter\linkResolver.cpp, line 773]
Event: 1.000 Thread 0x000001899d0e8d00 Exception <a 'java/lang/NoSuchMethodError'{0x00000007137be550}: 'java.lang.Object java.lang.invoke.DirectMethodHandle$Holder.invokeStaticInit(java.lang.Object, int, java.lang.Object)'> (0x00000007137be550) 
thrown [s\src\hotspot\share\interpreter\linkResolver.cpp, line 773]
Event: 1.020 Thread 0x000001899d0e8d00 Exception <a 'java/lang/NoSuchMethodError'{0x0000000715314920}: 'void java.lang.invoke.DirectMethodHandle$Holder.invokeVirtual(java.lang.Object, java.lang.Object, java.lang.Object, java.lang.Object)'> (0x0000000715314920) 
thrown [s\src\hotspot\share\interpreter\linkResolver.cpp, line 773]
Event: 1.125 Thread 0x000001899d0e8d00 Exception <a 'java/lang/NoSuchMethodError'{0x0000000714ed30b0}: 'java.lang.Object java.lang.invoke.Invokers$Holder.invoke_MT(java.lang.Object, java.lang.Object, java.lang.Object, java.lang.Object, java.lang.Object, java.lang.Object, java.lang.Object, java.lang.Object, java.lang.Object)'> (0x0000000714ed30b0) 
thrown [s\src\hotspot\share\interpreter\linkResolver.cpp, line 773]

ZGC Phase Switch (0 events):
No events

VM Operations (20 events):
Event: 0.429 Executing VM operation: HandshakeAllThreads (Deoptimize)
Event: 0.429 Executing VM operation: HandshakeAllThreads (Deoptimize) done
Event: 0.440 Executing VM operation: HandshakeAllThreads (Deoptimize)
Event: 0.440 Executing VM operation: HandshakeAllThreads (Deoptimize) done
Event: 0.564 Executing VM operation: G1CollectForAllocation (G1 Evacuation Pause)
Event: 0.568 Executing VM operation: G1CollectForAllocation (G1 Evacuation Pause) done
Event: 0.936 Executing VM operation: HandshakeAllThreads (Deoptimize)
Event: 0.936 Executing VM operation: HandshakeAllThreads (Deoptimize) done
Event: 0.969 Executing VM operation: HandshakeAllThreads (Deoptimize)
Event: 0.969 Executing VM operation: HandshakeAllThreads (Deoptimize) done
Event: 0.978 Executing VM operation: ICBufferFull
Event: 0.978 Executing VM operation: ICBufferFull done
Event: 1.004 Executing VM operation: G1CollectForAllocation (G1 Evacuation Pause)
Event: 1.008 Executing VM operation: G1CollectForAllocation (G1 Evacuation Pause) done
Event: 1.087 Executing VM operation: HandshakeAllThreads (Deoptimize)
Event: 1.087 Executing VM operation: HandshakeAllThreads (Deoptimize) done
Event: 1.092 Executing VM operation: HandshakeAllThreads (Deoptimize)
Event: 1.092 Executing VM operation: HandshakeAllThreads (Deoptimize) done
Event: 1.092 Executing VM operation: HandshakeAllThreads (Deoptimize)
Event: 1.092 Executing VM operation: HandshakeAllThreads (Deoptimize) done

Memory protections (0 events):
No events

Nmethod flushes (0 events):
No events

Events (19 events):
Event: 0.027 Thread 0x0000018934c21650 Thread added: 0x0000018934c21650
Event: 0.038 Thread 0x0000018934c21650 Thread added: 0x00000189566aee60
Event: 0.038 Thread 0x0000018934c21650 Thread added: 0x00000189566af8b0
Event: 0.038 Thread 0x0000018934c21650 Thread added: 0x00000189566b2310
Event: 0.038 Thread 0x0000018934c21650 Thread added: 0x00000189566b2d60
Event: 0.038 Thread 0x0000018934c21650 Thread added: 0x00000189566b37b0
Event: 0.038 Thread 0x0000018934c21650 Thread added: 0x00000189566b4200
Event: 0.038 Thread 0x0000018934c21650 Thread added: 0x00000189566b4f80
Event: 0.039 Thread 0x0000018934c21650 Thread added: 0x00000189566cc2a0
Event: 0.087 Thread 0x0000018934c21650 Thread added: 0x0000018955efb9c0
Event: 0.106 Thread 0x0000018934c21650 Thread added: 0x00000189568af9d0
Event: 0.106 Thread 0x0000018934c21650 Thread added: 0x00000189568b28f0
Event: 0.106 Thread 0x00000189568af9d0 Thread added: 0x00000189568b2f70
Event: 0.172 Thread 0x0000018934c21650 Thread added: 0x000001899c051e20
Event: 0.175 Thread 0x0000018934c21650 Thread added: 0x00000189569879e0
Event: 0.221 Thread 0x00000189566cc2a0 Thread added: 0x000001899c148700
Event: 0.694 Thread 0x0000018934c21650 Thread added: 0x000001899d0c3df0
Event: 0.700 Thread 0x000001899d0c3df0 Thread added: 0x000001899d0e8d00
Event: 1.123 Thread 0x000001899d0e8d00 Thread added: 0x000001899d6c9930


Dynamic libraries:
0x00007ff6c6c50000 - 0x00007ff6c6c5e000 	C:\Users\araom\.jdks\ms-21.0.8\bin\java.exe
0x00007ffc7d840000 - 0x00007ffc7daa9000 	C:\WINDOWS\SYSTEM32\ntdll.dll
0x00007ffc7d060000 - 0x00007ffc7d129000 	C:\WINDOWS\System32\KERNEL32.DLL
0x00007ffc7b000000 - 0x00007ffc7b3f3000 	C:\WINDOWS\System32\KERNELBASE.dll
0x00007ffc77960000 - 0x00007ffc779fe000 	C:\WINDOWS\SYSTEM32\apphelp.dll
0x00007ffc7ab00000 - 0x00007ffc7ac4b000 	C:\WINDOWS\System32\ucrtbase.dll
0x00007ffc45b20000 - 0x00007ffc45b3e000 	C:\Users\araom\.jdks\ms-21.0.8\bin\VCRUNTIME140.dll
0x00007ffc45b40000 - 0x00007ffc45b58000 	C:\Users\araom\.jdks\ms-21.0.8\bin\jli.dll
0x00007ffc7d520000 - 0x00007ffc7d6e4000 	C:\WINDOWS\System32\USER32.dll
0x00007ffc7af10000 - 0x00007ffc7af37000 	C:\WINDOWS\System32\win32u.dll
0x00007ffc3d5c0000 - 0x00007ffc3d853000 	C:\WINDOWS\WinSxS\amd64_microsoft.windows.common-controls_6595b64144ccf1df_6.0.26100.5074_none_3e0d6f78e32fd63f\COMCTL32.dll
0x00007ffc7d3b0000 - 0x00007ffc7d3db000 	C:\WINDOWS\System32\GDI32.dll
0x00007ffc7b6d0000 - 0x00007ffc7b779000 	C:\WINDOWS\System32\msvcrt.dll
0x00007ffc7a9d0000 - 0x00007ffc7aafd000 	C:\WINDOWS\System32\gdi32full.dll
0x00007ffc7ae60000 - 0x00007ffc7af03000 	C:\WINDOWS\System32\msvcp_win.dll
0x00007ffc7cfb0000 - 0x00007ffc7cfdf000 	C:\WINDOWS\System32\IMM32.DLL
0x00007ffc582f0000 - 0x00007ffc582fc000 	C:\Users\araom\.jdks\ms-21.0.8\bin\vcruntime140_1.dll
0x00007ffc45a90000 - 0x00007ffc45b19000 	C:\Users\araom\.jdks\ms-21.0.8\bin\msvcp140.dll
0x00007ffb31330000 - 0x00007ffb320dc000 	C:\Users\araom\.jdks\ms-21.0.8\bin\server\jvm.dll
0x00007ffc7b7a0000 - 0x00007ffc7b854000 	C:\WINDOWS\System32\ADVAPI32.dll
0x00007ffc7d470000 - 0x00007ffc7d516000 	C:\WINDOWS\System32\sechost.dll
0x00007ffc7d130000 - 0x00007ffc7d248000 	C:\WINDOWS\System32\RPCRT4.dll
0x00007ffc7cdd0000 - 0x00007ffc7ce44000 	C:\WINDOWS\System32\WS2_32.dll
0x00007ffc7a830000 - 0x00007ffc7a88e000 	C:\WINDOWS\SYSTEM32\POWRPROF.dll
0x00007ffc69c60000 - 0x00007ffc69c6b000 	C:\WINDOWS\SYSTEM32\VERSION.dll
0x00007ffc718a0000 - 0x00007ffc718d5000 	C:\WINDOWS\SYSTEM32\WINMM.dll
0x00007ffc7a810000 - 0x00007ffc7a824000 	C:\WINDOWS\SYSTEM32\UMPDC.dll
0x00007ffc79770000 - 0x00007ffc7978b000 	C:\WINDOWS\SYSTEM32\kernel.appcore.dll
0x00007ffc50f80000 - 0x00007ffc50f8a000 	C:\Users\araom\.jdks\ms-21.0.8\bin\jimage.dll
0x00007ffc6aef0000 - 0x00007ffc6b132000 	C:\WINDOWS\SYSTEM32\DBGHELP.DLL
0x00007ffc7c040000 - 0x00007ffc7c3bb000 	C:\WINDOWS\System32\combase.dll
0x00007ffc7d250000 - 0x00007ffc7d327000 	C:\WINDOWS\System32\OLEAUT32.dll
0x00007ffc5ec00000 - 0x00007ffc5ec3d000 	C:\WINDOWS\SYSTEM32\dbgcore.DLL
0x00007ffc7ac50000 - 0x00007ffc7ace9000 	C:\WINDOWS\System32\bcryptPrimitives.dll
0x00007ffc45a20000 - 0x00007ffc45a5c000 	C:\Users\araom\.jdks\ms-21.0.8\bin\jdwp.dll
0x00007ffc45a10000 - 0x00007ffc45a20000 	C:\Users\araom\.jdks\ms-21.0.8\bin\instrument.dll
0x00007ffc45a60000 - 0x00007ffc45a81000 	C:\Users\araom\.jdks\ms-21.0.8\bin\java.dll
0x00007ffc459d0000 - 0x00007ffc459e8000 	C:\Users\araom\.jdks\ms-21.0.8\bin\zip.dll
0x00007ffc7c680000 - 0x00007ffc7cdcd000 	C:\WINDOWS\System32\SHELL32.dll
0x00007ffc7acf0000 - 0x00007ffc7ae5c000 	C:\WINDOWS\System32\wintypes.dll
0x00007ffc785f0000 - 0x00007ffc78e49000 	C:\WINDOWS\SYSTEM32\windows.storage.dll
0x00007ffc7d700000 - 0x00007ffc7d7f0000 	C:\WINDOWS\System32\SHCORE.dll
0x00007ffc7cff0000 - 0x00007ffc7d052000 	C:\WINDOWS\System32\shlwapi.dll
0x00007ffc7a8f0000 - 0x00007ffc7a919000 	C:\WINDOWS\SYSTEM32\profapi.dll
0x00007ffb9e920000 - 0x00007ffb9e9f6000 	C:\Users\araom\.jdks\ms-21.0.8\bin\jsvml.dll
0x00007ffc45a00000 - 0x00007ffc45a0c000 	C:\Users\araom\.jdks\ms-21.0.8\bin\dt_socket.dll
0x00007ffc791c0000 - 0x00007ffc791f4000 	C:\WINDOWS\SYSTEM32\IPHLPAPI.DLL
0x00007ffc79cd0000 - 0x00007ffc79d3b000 	C:\WINDOWS\system32\mswsock.dll
0x00007ffc42c40000 - 0x00007ffc42c51000 	C:\Users\araom\.jdks\ms-21.0.8\bin\net.dll
0x00007ffc74af0000 - 0x00007ffc74c0f000 	C:\WINDOWS\SYSTEM32\WINHTTP.dll
0x00007ffc3c4a0000 - 0x00007ffc3c4b6000 	C:\Users\araom\.jdks\ms-21.0.8\bin\nio.dll
0x00007ffc42e40000 - 0x00007ffc42e4a000 	C:\Users\araom\.jdks\ms-21.0.8\bin\management.dll
0x00007ffc3ae90000 - 0x00007ffc3ae9c000 	C:\Users\araom\.jdks\ms-21.0.8\bin\management_ext.dll
0x00007ffc7c670000 - 0x00007ffc7c678000 	C:\WINDOWS\System32\PSAPI.DLL

JVMTI agents:
jdwp path:C:\Users\araom\.jdks\ms-21.0.8\bin\jdwp.dll, loaded, initialized, options:transport=dt_socket,address=127.0.0.1:58526,suspend=y,server=n
C:\Users\araom\AppData\Local\JetBrains\Toolbox\cache\backup\IDEA-C-252.26199.169-7431022744784453738\plugins\java\lib\rt\debugger-agent.jar path:C:\Users\araom\.jdks\ms-21.0.8\bin\instrument.dll, loaded, initialized, instrumentlib options:file:///C:/Users/araom/AppData/Local/Temp/capture11243553391488207632.props

dbghelp: loaded successfully - version: 4.0.5 - missing functions: none
symbol engine: initialized successfully - sym options: 0x614 - pdb path: .;C:\Users\araom\.jdks\ms-21.0.8\bin;C:\WINDOWS\SYSTEM32;C:\WINDOWS\WinSxS\amd64_microsoft.windows.common-controls_6595b64144ccf1df_6.0.26100.5074_none_3e0d6f78e32fd63f;C:\Users\araom\.jdks\ms-21.0.8\bin\server

VM Arguments:
jvm_args: -agentlib:jdwp=transport=dt_socket,address=127.0.0.1:58526,suspend=y,server=n -javaagent:C:\Users\araom\AppData\Local\JetBrains\Toolbox\cache\backup\IDEA-C-252.26199.169-7431022744784453738\plugins\java\lib\rt\debugger-agent.jar=file:///C:/Users/araom/AppData/Local/Temp/capture11243553391488207632.props -Dkotlinx.coroutines.debug.enable.creation.stack.trace=false -Ddebugger.agent.enable.coroutines=true -Dkotlinx.coroutines.debug.enable.flows.stack.trace=true -Dkotlinx.coroutines.debug.enable.mutable.state.flows.stack.trace=true -Ddebugger.async.stack.trace.for.all.threads=true -Dfile.encoding=UTF-8 -Dsun.stdout.encoding=UTF-8 -Dsun.stderr.encoding=UTF-8 
java_command: com.jobportal.Job.Poratl.JobPoratlApplication
java_class_path (initial): C:\Users\araom\OneDrive\Desktop\Job Poratl backend\Job-Poratl\target\test-classes;C:\Users\araom\OneDrive\Desktop\Job Poratl backend\Job-Poratl\target\classes;C:\Users\araom\.m2\repository\org\springframework\boot\spring-boot-starter-web\4.0.1\spring-boot-starter-web-4.0.1.jar;C:\Users\araom\.m2\repository\org\springframework\boot\spring-boot-starter-jackson\4.0.1\spring-boot-starter-jackson-4.0.1.jar;C:\Users\araom\.m2\repository\org\springframework\boot\spring-boot-jackson\4.0.1\spring-boot-jackson-4.0.1.jar;C:\Users\araom\.m2\repository\tools\jackson\core\jackson-databind\3.0.3\jackson-databind-3.0.3.jar;C:\Users\araom\.m2\repository\tools\jackson\core\jackson-core\3.0.3\jackson-core-3.0.3.jar;C:\Users\araom\.m2\repository\org\springframework\boot\spring-boot-starter-tomcat\4.0.1\spring-boot-starter-tomcat-4.0.1.jar;C:\Users\araom\.m2\repository\org\springframework\boot\spring-boot-starter-tomcat-runtime\4.0.1\spring-boot-starter-tomcat-runtime-4.0.1.jar;C:\Users\araom\.m2\repository\org\springframework\boot\spring-boot-web-server\4.0.1\spring-boot-web-server-4.0.1.jar;C:\Users\araom\.m2\repository\org\apache\tomcat\embed\tomcat-embed-core\11.0.15\tomcat-embed-core-11.0.15.jar;C:\Users\araom\.m2\repository\org\apache\tomcat\embed\tomcat-embed-websocket\11.0.15\tomcat-embed-websocket-11.0.15.jar;C:\Users\araom\.m2\repository\org\springframework\boot\spring-boot-tomcat\4.0.1\spring-boot-tomcat-4.0.1.jar;C:\Users\araom\.m2\repository\org\springframework\boot\spring-boot-http-converter\4.0.1\spring-boot-http-converter-4.0.1.jar;C:\Users\araom\.m2\repository\org\springframework\spring-web\7.0.2\spring-web-7.0.2.jar;C:\Users\araom\.m2\repository\io\micrometer\micrometer-observation\1.16.1\micrometer-observation-1.16.1.jar;C:\Users\araom\.m2\repository\io\micrometer\micrometer-commons\1.16.1\micrometer-commons-1.16.1.jar;C:\Users\araom\.m2\repository\org\springframework\boot\spring-boot-webmvc\4.0.1\spring-boot-webmvc-4.0.1.jar;C:\Users\araom\.m2\repository\org\springframework\boot\spring-boot-servlet\4.0.1\spring-boot-servlet-4.0.1.jar;C:\Users\araom\.m2\repository\org\springframework\spring-webmvc\7.0.2\spring-webmvc-7.0.2.jar;C:\Users\araom\.m2\repository\org\springframework\spring-expression\7.0.2\spring-expression-7.0.2.jar;C:\Users\araom\.m2\repository\org\springframework\boot\spring-boot-starter-data-mongodb\4.0.1\spring-boot-starter-data-mongodb-4.0.1.jar;C:\Users\araom\.m2\repository\org\springframework\boot\spring-boot-starter-mongodb\4.0.1\spring-boot-starter-mongodb-4.0.1.jar;C:\Users\araom\.m2\repository\org\springframework\boot\spring-boot-mongodb\4.0.1\spring-boot-mongodb-4.0.1.jar;C:\Users\araom\.m2\repository\org\mongodb\mongodb-driver-sync\5.6.2\mongodb-driver-sync-5.6.2.jar;C:\Users\araom\.m2\repository\org\mongodb\bson\5.6.2\bson-5.6.2.jar;C:\Users\araom\.m2\repository\org\mongodb\mongodb-driver-core\5.6.2\mongodb-driver-core-5.6.2.jar;C:\Users\araom\.m2\repository\org\mongodb\bson-record-codec\5.6.2\bson-record-codec-5.6.2.jar;C:\Users\araom\.m2\repository\org\springframework\boot\spring-boot-data-mongodb\4.0.1\spring-boot-data-mongodb-4.0.1.jar;C:\Users\araom\.m2\repository\org\springframework\boot\spring-boot-data-commons\4.0.1\spring-boot-data-commons-4.0.1.jar;C:\Users\araom\.m2\repository\org\springframework\boot\spring-boot-persistence\4.0.1\spring-boot-persistence-4.0.1.jar;C:\Users\araom\.m2\repository\org\springframework\data\spring-data-commons\4.0.1\spring-data-commons-4.0.1.jar;C:\Users\araom\.m2\repository\org\springframework\boot\spring-boot-transaction\4.0.1\spring-boot-transaction-4.0.1.jar;C:\Users\araom\.m2\repository\org\springframework\spring-tx\7.0.2\spring-tx-7.0.2.jar;C:\Users\araom\.m2\repository\org\springframework\data\spring-data-mongodb\5.0.1\spring-data-mongodb-5.0.1.jar;C:\Users\araom\.m2\repository\org\projectlombok\lombok\1.18.42\lombok-1.18.42.jar;C:\Users\araom\.m2\repository\org\springframework\boot\spring-boot-devtools\4.0.1\spring-boot-devtools-4.0.1.jar;C:\Users\araom\.m2\repository\org\springframework\boot\spring-boot\4.0.1\spring-boot-4.0.1.jar;C:\Users\araom\.m2\repository\org\springframework\spring-context\7.0.2\spring-context-7.0.2.jar;C:\Users\araom\.m2\repository\org\springframework\boot\spring-boot-autoconfigure\4.0.1\spring-boot-autoconfigure-4.0.1.jar;C:\Users\araom\.m2\repository\org\springframework\boot\spring-boot-starter-validation\4.0.1\spring-boot-starter-validation-4.0.1.jar;C:\Users\araom\.m2\repository\org\springframework\boot\spring-boot-starter\4.0.1\spring-boot-starter-4.0.1.jar;C:\Users\araom\.m2\repository\org\springframework\boot\spring-boot-starter-logging\4.0.1\spring-boot-starter-logging-4.0.1.jar;C:\Users\araom\.m2\repository\ch\qos\logback\logback-classic\1.5.22\logback-classic-1.5.22.jar;C:\Users\araom\.m2\repository\ch\qos\logback\logback-core\1.5.22\logback-core-1.5.22.jar;C:\Users\araom\.m2\repository\org\apache\logging\log4j\log4j-to-slf4j\2.25.3\log4j-to-slf4j-2.25.3.jar;C:\Users\araom\.m2\repository\org\apache\logging\log4j\log4j-api\2.25.3\log4j-api-2.25.3.jar;C:\Users\araom\.m2\repository\org\slf4j\jul-to-slf4j\2.0.17\jul-to-slf4j-2.0.17.jar;C:\Users\araom\.m2\repository\jakarta\annotation\jakarta.annotation-api\3.0.0\jakarta.annotation-api-3.0.0.jar;C:\Users\araom\.m2\repository\org\yaml\snakeyaml\2.5\snakeyaml-2.5.jar;C:\Users\araom\.m2\repository\org\springframework\boot\spring-boot-validation\4.0.1\spring-boot-validation-4.0.1.jar;C:\Users\araom\.m2\repository\org\apache\tomcat\embed\tomcat-embed-el\11.0.15\tomcat-embed-el-11.0.15.jar;C:\Users\araom\.m2\repository\org\hibernate\validator\hibernate-validator\9.0.1.Final\hibernate-validator-9.0.1.Final.jar;C:\Users\araom\.m2\repository\jakarta\validation\jakarta.validation-api\3.1.1\jakarta.validation-api-3.1.1.jar;C:\Users\araom\.m2\repository\org\jboss\logging\jboss-logging\3.6.1.Final\jboss-logging-3.6.1.Final.jar;C:\Users\araom\.m2\repository\com\fasterxml\classmate\1.7.1\classmate-1.7.1.jar;C:\Users\araom\.m2\repository\org\springframework\boot\spring-boot-starter-test\4.0.1\spring-boot-starter-test-4.0.1.jar;C:\Users\araom\.m2\repository\org\springframework\boot\spring-boot-test\4.0.1\spring-boot-test-4.0.1.jar;C:\Users\araom\.m2\repository\org\springframework\boot\spring-boot-test-autoconfigure\4.0.1\spring-boot-test-autoconfigure-4.0.1.jar;C:\Users\araom\.m2\repository\com\jayway\jsonpath\json-path\2.10.0\json-path-2.10.0.jar;C:\Users\araom\.m2\repository\org\slf4j\slf4j-api\2.0.17\slf4j-api-2.0.17.jar;C:\Users\araom\.m2\repository\jakarta\xml\bind\jakarta.xml.bind-api\4.0.4\jakarta.xml.bind-api-4.0.4.jar;C:\Users\araom\.m2\repository\jakarta\activation\jakarta.activation-api\2.1.4\jakarta.activation-api-2.1.4.jar;C:\Users\araom\.m2\repository\net\minidev\json-smart\2.6.0\json-smart-2.6.0.jar;C:\Users\araom\.m2\repository\net\minidev\accessors-smart\2.6.0\accessors-smart-2.6.0.jar;C:\Users\araom\.m2\repository\org\ow2\asm\asm\9.7.1\asm-9.7.1.jar;C:\Users\araom\.m2\repository\org\assertj\assertj-core\3.27.6\assertj-core-3.27.6.jar;C:\Users\araom\.m2\repository\net\bytebuddy\byte-buddy\1.17.8\byte-buddy-1.17.8.jar;C:\Users\araom\.m2\repository\org\awaitility\awaitility\4.3.0\awaitility-4.3.0.jar;C:\Users\araom\.m2\repository\org\hamcrest\hamcrest\3.0\hamcrest-3.0.jar;C:\Users\araom\.m2\repository\org\junit\jupiter\junit-jupiter\6.0.1\junit-jupiter-6.0.1.jar;C:\Users\araom\.m2\repository\org\junit\jupiter\junit-jupiter-api\6.0.1\junit-jupiter-api-6.0.1.jar;C:\Users\araom\.m2\repository\org\opentest4j\opentest4j\1.3.0\opentest4j-1.3.0.jar;C:\Users\araom\.m2\repository\org\junit\platform\junit-platform-commons\6.0.1\junit-platform-commons-6.0.1.jar;C:\Users\araom\.m2\repository\org\apiguardian\apiguardian-api\1.1.2\apiguardian-api-1.1.2.jar;C:\Users\araom\.m2\repository\org\junit\jupiter\junit-jupiter-params\6.0.1\junit-jupiter-params-6.0.1.jar;C:\Users\araom\.m2\repository\org\junit\jupiter\junit-jupiter-engine\6.0.1\junit-jupiter-engine-6.0.1.jar;C:\Users\araom\.m2\repository\org\junit\platform\junit-platform-engine\6.0.1\junit-platform-engine-6.0.1.jar;C:\Users\araom\.m2\repository\org\mockito\mockito-core\5.20.0\mockito-core-5.20.0.jar;C:\Users\araom\.m2\repository\net\bytebuddy\byte-buddy-agent\1.17.8\byte-buddy-agent-1.17.8.jar;C:\Users\araom\.m2\repository\org\objenesis\objenesis\3.3\objenesis-3.3.jar;C:\Users\araom\.m2\repository\org\mockito\mockito-junit-jupiter\5.20.0\mockito-junit-jupiter-5.20.0.jar;C:\Users\araom\.m2\repository\org\skyscreamer\jsonassert\1.5.3\jsonassert-1.5.3.jar;C:\Users\araom\.m2\repository\com\vaadin\external\google\android-json\0.0.20131108.vaadin1\android-json-0.0.20131108.vaadin1.jar;C:\Users\araom\.m2\repository\org\springframework\spring-core\7.0.2\spring-core-7.0.2.jar;C:\Users\araom\.m2\repository\commons-logging\commons-logging\1.3.5\commons-logging-1.3.5.jar;C:\Users\araom\.m2\repository\org\jspecify\jspecify\1.0.0\jspecify-1.0.0.jar;C:\Users\araom\.m2\repository\org\springframework\spring-test\7.0.2\spring-test-7.0.2.jar;C:\Users\araom\.m2\repository\org\xmlunit\xmlunit-core\2.10.4\xmlunit-core-2.10.4.jar;C:\Users\araom\.m2\repository\org\springframework\boot\spring-boot-starter-security\4.0.1\spring-boot-starter-security-4.0.1.jar;C:\Users\araom\.m2\repository\org\springframework\boot\spring-boot-security\4.0.1\spring-boot-security-4.0.1.jar;C:\Users\araom\.m2\repository\org\springframework\security\spring-security-config\7.0.2\spring-security-config-7.0.2.jar;C:\Users\araom\.m2\repository\org\springframework\security\spring-security-core\7.0.2\spring-security-core-7.0.2.jar;C:\Users\araom\.m2\repository\org\springframework\security\spring-security-crypto\7.0.2\spring-security-crypto-7.0.2.jar;C:\Users\araom\.m2\repository\org\springframework\security\spring-security-web\7.0.2\spring-security-web-7.0.2.jar;C:\Users\araom\.m2\repository\org\springframework\spring-aop\7.0.2\spring-aop-7.0.2.jar;C:\Users\araom\.m2\repository\org\springframework\spring-beans\7.0.2\spring-beans-7.0.2.jar;C:\Users\araom\.m2\repository\org\springframework\boot\spring-boot-starter-mail\4.0.1\spring-boot-starter-mail-4.0.1.jar;C:\Users\araom\.m2\repository\org\springframework\boot\spring-boot-mail\4.0.1\spring-boot-mail-4.0.1.jar;C:\Users\araom\.m2\repository\org\springframework\spring-context-support\7.0.2\spring-context-support-7.0.2.jar;C:\Users\araom\.m2\repository\jakarta\mail\jakarta.mail-api\2.1.5\jakarta.mail-api-2.1.5.jar;C:\Users\araom\.m2\repository\org\eclipse\angus\angus-mail\2.0.5\angus-mail-2.0.5.jar;C:\Users\araom\.m2\repository\org\eclipse\angus\angus-activation\2.0.3\angus-activation-2.0.3.jar;C:\Users\araom\.m2\repository\com\fasterxml\jackson\core\jackson-databind\2.20.1\jackson-databind-2.20.1.jar;C:\Users\araom\.m2\repository\com\fasterxml\jackson\core\jackson-annotations\2.20\jackson-annotations-2.20.jar;C:\Users\araom\.m2\repository\com\fasterxml\jackson\core\jackson-core\2.20.1\jackson-core-2.20.1.jar;C:\Users\araom\AppData\Local\JetBrains\Toolbox\cache\backup\IDEA-C-252.26199.169-7431022744784453738\lib\idea_rt.jar
Launcher Type: SUN_STANDARD

[Global flags]
     intx CICompilerCount                          = 4                                         {product} {ergonomic}
     uint ConcGCThreads                            = 3                                         {product} {ergonomic}
     uint G1ConcRefinementThreads                  = 10                                        {product} {ergonomic}
   size_t G1HeapRegionSize                         = 2097152                                   {product} {ergonomic}
    uintx GCDrainStackTargetSize                   = 64                                        {product} {ergonomic}
   size_t InitialHeapSize                          = 264241152                                 {product} {ergonomic}
   size_t MarkStackSize                            = 4194304                                   {product} {ergonomic}
   size_t MaxHeapSize                              = 4202692608                                {product} {ergonomic}
   size_t MaxNewSize                               = 2520776704                                {product} {ergonomic}
   size_t MinHeapDeltaBytes                        = 2097152                                   {product} {ergonomic}
   size_t MinHeapSize                              = 8388608                                   {product} {ergonomic}
    uintx NonNMethodCodeHeapSize                   = 5839372                                {pd product} {ergonomic}
    uintx NonProfiledCodeHeapSize                  = 122909434                              {pd product} {ergonomic}
    uintx ProfiledCodeHeapSize                     = 122909434                              {pd product} {ergonomic}
    uintx ReservedCodeCacheSize                    = 251658240                              {pd product} {ergonomic}
     bool SegmentedCodeCache                       = true                                      {product} {ergonomic}
   size_t SoftMaxHeapSize                          = 4202692608                             {manageable} {ergonomic}
     bool UseCompressedOops                        = true                           {product lp64_product} {ergonomic}
     bool UseG1GC                                  = true                                      {product} {ergonomic}
     bool UseLargePagesIndividualAllocation        = false                                  {pd product} {ergonomic}

Logging:
Log output configuration:
 #0: stdout all=warning uptime,level,tags foldmultilines=false
 #1: stderr all=off uptime,level,tags foldmultilines=false

Environment Variables:
JAVA_HOME=C:\Program Files\Eclipse Adoptium\jdk-21.0.6.7-hotspot\bin
PATH=C:\Program Files\Eclipse Adoptium\jdk-21.0.6.7-hotspot\bin;C:\Python313\Scripts\;C:\Python313\;C:\Python312\Scripts\;C:\Python312\;C:\WINDOWS\system32;C:\WINDOWS;C:\WINDOWS\System32\Wbem;C:\WINDOWS\System32\WindowsPowerShell\v1.0\;C:\WINDOWS\System32\OpenSSH\;C:\Program Files\Git\cmd;C:\Program Files (x86)\dotnet\;C:\MAMP\bin\mysql\bin;C:\Program Files\nodejs\;C:\ProgramData\chocolatey\bin;;C:\Program Files\Docker\Docker\resources\bin;C:\Users\araom\AppData\Local\Programs\Eclipse Adoptium\jdk-21.0.6.7-hotspot\bin;C:\Users\araom\AppData\Local\Microsoft\WindowsApps;C:\Users\araom\AppData\Local\Programs\Microsoft VS Code\bin;C:\Users\araom\AppData\Roaming\npm;C:\Users\araom\AppData\Local\JetBrains\Toolbox\scripts;C:\Users\araom\AppData\Local\Programs\mongosh\
USERNAME=araom
OS=Windows_NT
PROCESSOR_IDENTIFIER=Intel64 Family 6 Model 186 Stepping 3, GenuineIntel
TMP=C:\Users\araom\AppData\Local\Temp
TEMP=C:\Users\araom\AppData\Local\Temp




Periodic native trim disabled

---------------  S Y S T E M  ---------------

OS:
 Windows 11 , 64 bit Build 26100 (10.0.26100.5074)
OS uptime: 0 days 1:09 hours
Hyper-V role detected

CPU: total 12 (initial active 12) (6 cores per cpu, 2 threads per core) family 6 model 186 stepping 3 microcode 0x4129, cx8, cmov, fxsr, ht, mmx, 3dnowpref, sse, sse2, sse3, ssse3, sse4.1, sse4.2, popcnt, lzcnt, tsc, tscinvbit, avx, avx2, aes, erms, clmul, bmi1, bmi2, adx, sha, fma, vzeroupper, clflush, clflushopt, clwb, hv, serialize, rdtscp, rdpid, fsrm, f16c, cet_ibt, cet_ss
Processor Information for the first 12 processors :
  Max Mhz: 1300, Current Mhz: 1300, Mhz Limit: 1300

Memory: 4k page, system-wide physical 16024M (1772M free)
TotalPageFile size 19146M (AvailPageFile size 0M)
current process WorkingSet (physical memory assigned to process): 124M, peak: 125M
current process commit charge ("private bytes"): 384M, peak: 385M

vm_info: OpenJDK 64-Bit Server VM (21.0.8+9-LTS) for windows-amd64 JRE (21.0.8+9-LTS), built on 2025-07-10T20:22:44Z by "MicrosoftCorporation" with unknown MS VC++:1944

END.
