#
# There is insufficient memory for the Java Runtime Environment to continue.
# Native memory allocation (mmap) failed to map 65536 bytes. Error detail: Failed to commit metaspace.
# Possible reasons:
#   The system is out of physical RAM or swap space
#   This process is running with CompressedOops enabled, and the Java Heap may be blocking the growth of the native heap
# Possible solutions:
#   Reduce memory load on the system
#   Increase physical memory or swap space
#   Check if swap backing store is full
#   Decrease Java heap size (-Xmx/-Xms)
#   Decrease number of Java threads
#   Decrease Java thread stack sizes (-Xss)
#   Set larger code cache with -XX:ReservedCodeCacheSize=
#   JVM is running with Zero Based Compressed Oops mode in which the Java heap is
#     placed in the first 32GB address space. The Java Heap base address is the
#     maximum limit for the native heap growth. Please use -XX:HeapBaseMinAddress
#     to set the Java Heap base and to place the Java Heap above 32GB virtual address.
# This output file may be truncated or incomplete.
#
#  Out of Memory Error (virtualSpaceNode.cpp:113), pid=14316, tid=26428
#
# JRE version: OpenJDK Runtime Environment Microsoft-11933218 (21.0.8+9) (build 21.0.8+9-LTS)
# Java VM: OpenJDK 64-Bit Server VM Microsoft-11933218 (21.0.8+9-LTS, mixed mode, emulated-client, sharing, tiered, compressed oops, compressed class ptrs, g1 gc, windows-amd64)
# No core dump will be written. Minidumps are not enabled by default on client versions of Windows
#

---------------  S U M M A R Y ------------

Command Line: -XX:TieredStopAtLevel=1 -Dspring.output.ansi.enabled=always -javaagent:C:\Users\araom\AppData\Local\Programs\IntelliJ IDEA Community Edition\lib\idea_rt.jar=62475 -Dfile.encoding=UTF-8 -Dsun.stdout.encoding=UTF-8 -Dsun.stderr.encoding=UTF-8 com.jobportal.Job.Poratl.JobPoratlApplication

Host: 13th Gen Intel(R) Core(TM) i5-1335U, 12 cores, 15G,  Windows 11 , 64 bit Build 26100 (10.0.26100.5074)
Time: Thu Feb  5 15:55:50 2026 elapsed time: 1.825920 seconds (0d 0h 0m 1s)

---------------  T H R E A D  ---------------

Current thread (0x0000017bfc858fa0):  JavaThread "background-preinit"        [_thread_in_vm, id=26428, stack(0x0000000d78a00000,0x0000000d78b00000) (1024K)]

Stack: [0x0000000d78a00000,0x0000000d78b00000]
Native frames: (J=compiled Java code, j=interpreted, Vv=VM code, C=native code)
V  [jvm.dll+0x6e1729]
V  [jvm.dll+0x8bf47b]
V  [jvm.dll+0x8c19aa]
V  [jvm.dll+0x8c2083]
V  [jvm.dll+0x289fd6]
V  [jvm.dll+0x8bb208]
V  [jvm.dll+0x683354]
V  [jvm.dll+0x1ee8d7]
V  [jvm.dll+0x1ee69e]
V  [jvm.dll+0x685c5f]
V  [jvm.dll+0x685a92]
V  [jvm.dll+0x683d2e]
V  [jvm.dll+0x21fb35]
V  [jvm.dll+0x22059c]
V  [jvm.dll+0x215a8e]
V  [jvm.dll+0x5c064f]
V  [jvm.dll+0x838d8d]
V  [jvm.dll+0x482f53]
V  [jvm.dll+0x496576]
C  [java.dll+0x167e]

Java frames: (J=compiled Java code, j=interpreted, Vv=VM code)
J 1031  java.lang.ClassLoader.defineClass0(Ljava/lang/ClassLoader;Ljava/lang/Class;Ljava/lang/String;[BIILjava/security/ProtectionDomain;ZILjava/lang/Object;)Ljava/lang/Class; java.base@21.0.8 (0 bytes) @ 0x0000017bece3febc [0x0000017bece3fdc0+0x00000000000000fc]
J 1388 c1 java.lang.System$2.defineClass(Ljava/lang/ClassLoader;Ljava/lang/Class;Ljava/lang/String;[BLjava/security/ProtectionDomain;ZILjava/lang/Object;)Ljava/lang/Class; java.base@21.0.8 (21 bytes) @ 0x0000017becec4ebc [0x0000017becec4e40+0x000000000000007c]
J 1387 c1 java.lang.invoke.MethodHandles$Lookup$ClassDefiner.defineClass(ZLjava/lang/Object;)Ljava/lang/Class; java.base@21.0.8 (213 bytes) @ 0x0000017becec5434 [0x0000017becec5220+0x0000000000000214]
J 1845 c1 java.lang.invoke.InnerClassLambdaMetafactory.generateInnerClass()Ljava/lang/Class; java.base@21.0.8 (506 bytes) @ 0x0000017becf79edc [0x0000017becf79240+0x0000000000000c9c]
J 2027 c1 java.lang.invoke.InnerClassLambdaMetafactory.spinInnerClass()Ljava/lang/Class; java.base@21.0.8 (118 bytes) @ 0x0000017becfc051c [0x0000017becfc0440+0x00000000000000dc]
J 2026 c1 java.lang.invoke.InnerClassLambdaMetafactory.buildCallSite()Ljava/lang/invoke/CallSite; java.base@21.0.8 (150 bytes) @ 0x0000017becfc43d4 [0x0000017becfc4380+0x0000000000000054]
J 1757 c1 java.lang.invoke.LambdaMetafactory.metafactory(Ljava/lang/invoke/MethodHandles$Lookup;Ljava/lang/String;Ljava/lang/invoke/MethodType;Ljava/lang/invoke/MethodType;Ljava/lang/invoke/MethodHandle;Ljava/lang/invoke/MethodType;)Ljava/lang/invoke/CallSite; java.base@21.0.8 (71 bytes) @ 0x0000017becf4dc04 [0x0000017becf4daa0+0x0000000000000164]
J 2059 c1 java.lang.invoke.LambdaForm$DMH+0x0000017b81119400.invokeStatic(Ljava/lang/Object;Ljava/lang/Object;Ljava/lang/Object;Ljava/lang/Object;Ljava/lang/Object;Ljava/lang/Object;Ljava/lang/Object;)Ljava/lang/Object; java.base@21.0.8 (31 bytes) @ 0x0000017becfcfb94 [0x0000017becfcfb40+0x0000000000000054]
J 1552 c1 java.lang.invoke.BootstrapMethodInvoker.invoke(Ljava/lang/Class;Ljava/lang/invoke/MethodHandle;Ljava/lang/String;Ljava/lang/Object;Ljava/lang/Object;Ljava/lang/Class;)Ljava/lang/Object; java.base@21.0.8 (974 bytes) @ 0x0000017becf0d75c [0x0000017becf0bfc0+0x000000000000179c]
J 1551 c1 java.lang.invoke.CallSite.makeSite(Ljava/lang/invoke/MethodHandle;Ljava/lang/String;Ljava/lang/invoke/MethodType;Ljava/lang/Object;Ljava/lang/Class;)Ljava/lang/invoke/CallSite; java.base@21.0.8 (91 bytes) @ 0x0000017becf00934 [0x0000017becf008e0+0x0000000000000054]
J 1550 c1 java.lang.invoke.MethodHandleNatives.linkCallSiteImpl(Ljava/lang/Class;Ljava/lang/invoke/MethodHandle;Ljava/lang/String;Ljava/lang/invoke/MethodType;Ljava/lang/Object;[Ljava/lang/Object;)Ljava/lang/invoke/MemberName; java.base@21.0.8 (119 bytes) @ 0x0000017becefe6c4 [0x0000017becefe680+0x0000000000000044]
J 1549 c1 java.lang.invoke.MethodHandleNatives.linkCallSite(Ljava/lang/Object;Ljava/lang/Object;Ljava/lang/Object;Ljava/lang/Object;Ljava/lang/Object;[Ljava/lang/Object;)Ljava/lang/invoke/MemberName; java.base@21.0.8 (65 bytes) @ 0x0000017becefdf8c [0x0000017becefde60+0x000000000000012c]
v  ~StubRoutines::call_stub 0x0000017bec9f100d
j  tools.jackson.databind.ext.javatime.deser.InstantDeserializer.<clinit>()V+74
v  ~StubRoutines::call_stub 0x0000017bec9f100d
j  tools.jackson.databind.ext.javatime.JavaTimeInitializer.setupModule(Ltools/jackson/databind/JacksonModule$SetupContext;)V+10
j  tools.jackson.databind.cfg.MapperBuilder.saveStateApplyModules()Ltools/jackson/databind/cfg/MapperBuilderState;+24
j  tools.jackson.databind.ObjectMapper.<init>(Ltools/jackson/databind/cfg/MapperBuilder;)V+22
j  tools.jackson.databind.json.JsonMapper.<init>(Ltools/jackson/databind/json/JsonMapper$Builder;)V+2
j  tools.jackson.databind.json.JsonMapper$Builder.build()Ltools/jackson/databind/json/JsonMapper;+5
j  org.springframework.boot.jackson.autoconfigure.JacksonBackgroundPreinitializer.preinitialize()V+3
j  org.springframework.boot.autoconfigure.preinitialize.BackgroundPreinitializingApplicationListener$Runner.run()V+30
j  java.lang.Thread.runWith(Ljava/lang/Object;Ljava/lang/Runnable;)V+5 java.base@21.0.8
j  java.lang.Thread.run()V+19 java.base@21.0.8
v  ~StubRoutines::call_stub 0x0000017bec9f100d

Compiled method (n/a) 1896 1031     n 0       java.lang.ClassLoader::defineClass0 (native)
 total in heap  [0x0000017bece3fc10,0x0000017bece402a0] = 1680
 relocation     [0x0000017bece3fd70,0x0000017bece3fda8] = 56
 main code      [0x0000017bece3fdc0,0x0000017bece4029a] = 1242
 stub code      [0x0000017bece4029a,0x0000017bece402a0] = 6

[Constant Pool (empty)]

[MachCode]
[Entry Point]
  # {method} {0x0000017b804368d8} 'defineClass0' '(Ljava/lang/ClassLoader;Ljava/lang/Class;Ljava/lang/String;[BIILjava/security/ProtectionDomain;ZILjava/lang/Object;)Ljava/lang/Class;' in 'java/lang/ClassLoader'
  # parm0:    rdx:rdx   = 'java/lang/ClassLoader'
  # parm1:    r8:r8     = 'java/lang/Class'
  # parm2:    r9:r9     = 'java/lang/String'
  # parm3:    rdi:rdi   = '[B'
  # parm4:    rsi       = int
  # parm5:    rcx       = int
  # parm6:    [sp+0xb0]   = 'java/security/ProtectionDomain'  (sp of caller)
  # parm7:    [sp+0xb8]   = boolean
  # parm8:    [sp+0xc0]   = int
  # parm9:    [sp+0xc8]   = 'java/lang/Object'
  0x0000017bece3fdc0: 448b 5208 | 49bb 0000 | 0080 7b01 | 0000 4d03 | d349 3bc2 | 0f84 0600 

  0x0000017bece3fdd8: ;   {runtime_call ic_miss_stub}
  0x0000017bece3fdd8: 0000 e9a1 | e9bf ff90 
[Verified Entry Point]
  0x0000017bece3fde0: 8984 2400 | 80ff ff55 | 488b ec48 | 81ec a000 | 0000 6690 | 4181 7f20 | 0100 0000 

  0x0000017bece3fdfc: ;   {runtime_call StubRoutines (final stubs)}
  0x0000017bece3fdfc: 7405 e85d | 4fbe ff48 | 837d 2800 | 488d 4528 | 480f 4445 | 2848 8944 | 2458 4863 | 4520 4889 
  0x0000017bece3fe1c: 4424 5048 | 6345 1848 | 8944 2448 | 4883 7d10 | 0048 8d45 | 1048 0f44 | 4510 4889 | 4424 4048 
  0x0000017bece3fe3c: 894c 2438 | 4889 7424 | 3048 897c | 2478 4883 | ff00 488d | 4424 7848 | 0f44 4424 | 7848 8944 
  0x0000017bece3fe5c: 2428 4c89 | 4c24 7049 | 83f9 0048 | 8d44 2470 | 480f 4444 | 2470 4889 | 4424 204c | 8944 2468 
  0x0000017bece3fe7c: 4983 f800 | 4c8d 4c24 | 684c 0f44 | 4c24 6848 | 8954 2460 | 4883 fa00 | 4c8d 4424 | 604c 0f44 
  0x0000017bece3fe9c: ;   {oop(a 'java/lang/Class'{0x00000007059aabc8} = 'java/lang/ClassLoader')}
  0x0000017bece3fe9c: 4424 6049 | bec8 ab9a | 0507 0000 | 004c 89b4 | 2490 0000 | 004c 8db4 | 2490 0000 | 0049 8bd6 
  0x0000017bece3febc: ;   {internal_word}
  0x0000017bece3febc: c5f8 7749 | babc fee3 | ec7b 0100 | 004d 8997 | a003 0000 | 4989 a798 

  0x0000017bece3fed4: ;   {external_word}
  0x0000017bece3fed4: 0300 0049 | ba69 1e40 | 6cf8 7f00 | 0041 803a | 000f 844e | 0000 0052 | 4150 4151 

  0x0000017bece3fef0: ;   {metadata({method} {0x0000017b804368d8} 'defineClass0' '(Ljava/lang/ClassLoader;Ljava/lang/Class;Ljava/lang/String;[BIILjava/security/ProtectionDomain;ZILjava/lang/Object;)Ljava/lang/Class;' in 'java/lang/ClassLoader')}
  0x0000017bece3fef0: 48ba d068 | 4380 7b01 | 0000 498b | cf48 83ec | 2040 f6c4 | 0f0f 8419 | 0000 0048 

  0x0000017bece3ff0c: ;   {runtime_call}
  0x0000017bece3ff0c: 83ec 0848 | b800 8ce9 | 6bf8 7f00 | 00ff d048 | 83c4 08e9 | 0c00 0000 

  0x0000017bece3ff24: ;   {runtime_call}
  0x0000017bece3ff24: 48b8 008c | e96b f87f | 0000 ffd0 | 4883 c420 | 4159 4158 | 5a49 8d8f | b803 0000 | 41c7 8744 
  0x0000017bece3ff44: 0400 0004 

  0x0000017bece3ff48: ;   {runtime_call}
  0x0000017bece3ff48: 0000 0048 | b83c 1550 | 52f9 7f00 | 00ff d0c5 | f877 41c7 | 8744 0400 | 0005 0000 | 00f0 8344 
  0x0000017bece3ff68: 24c0 0049 | 3baf 4804 | 0000 0f87 | 0e00 0000 | 4183 bf40 | 0400 0000 | 0f84 2b00 | 0000 c5f8 
  0x0000017bece3ff88: 7748 8945 | f849 8bcf | 4c8b e448 | 83ec 2048 

  0x0000017bece3ff98: ;   {runtime_call}
  0x0000017bece3ff98: 83e4 f048 | b8a0 e1b4 | 6bf8 7f00 | 00ff d049 | 8be4 4d33 | e448 8b45 | f841 c787 | 4404 0000 
  0x0000017bece3ffb8: 0800 0000 | 4183 bfc0 | 0400 0002 | 0f84 a302 

  0x0000017bece3ffc8: ;   {external_word}
  0x0000017bece3ffc8: 0000 49ba | 691e 406c | f87f 0000 | 4180 3a00 | 0f84 4c00 | 0000 4889 

  0x0000017bece3ffe0: ;   {metadata({method} {0x0000017b804368d8} 'defineClass0' '(Ljava/lang/ClassLoader;Ljava/lang/Class;Ljava/lang/String;[BIILjava/security/ProtectionDomain;ZILjava/lang/Object;)Ljava/lang/Class;' in 'java/lang/ClassLoader')}
  0x0000017bece3ffe0: 45f8 48ba | d068 4380 | 7b01 0000 | 498b cf48 | 83ec 2040 | f6c4 0f0f | 8419 0000 | 0048 83ec 
  0x0000017bece40000: ;   {runtime_call}
  0x0000017bece40000: 0848 b800 | 8ce9 6bf8 | 7f00 00ff | d048 83c4 | 08e9 0c00 

  0x0000017bece40014: ;   {runtime_call}
  0x0000017bece40014: 0000 48b8 | 008c e96b | f87f 0000 | ffd0 4883 | c420 488b | 45f8 49c7 | 8798 0300 | 0000 0000 
  0x0000017bece40034: 0049 c787 | a003 0000 | 0000 0000 | c5f8 7748 | 85c0 0f84 | fe01 0000 | a803 0f85 | 0800 0000 
  0x0000017bece40054: 488b 00e9 | ee01 0000 | a801 0f85 | 0900 0000 | 488b 40fe | e9dd 0100 | 0048 8b40 | ff41 807f 
  0x0000017bece40074: 4000 0f84 | ce01 0000 | 4883 f800 | 0f84 c401 | 0000 498b | 4f28 4883 | f900 0f84 | 1400 0000 
  0x0000017bece40094: 4883 e908 | 4989 4f28 | 4903 4f38 | 4889 01e9 | a201 0000 | 4881 ecd0 | 0000 0048 | 8904 2448 
  0x0000017bece400b4: 894c 2408 | 4889 5424 | 1048 8974 | 2418 4889 | 7c24 204c | 8944 2428 | 4c89 4c24 | 304c 8954 
  0x0000017bece400d4: 2438 4c89 | 5c24 40c5 | fb11 4424 | 50c5 fb11 | 4c24 58c5 | fb11 5424 | 60c5 fb11 | 5c24 68c5 
  0x0000017bece400f4: fb11 6424 | 70c5 fb11 | 6c24 78c5 | fb11 b424 | 8000 0000 | c5fb 11bc | 2488 0000 | 00c5 7b11 
  0x0000017bece40114: ;   {no_reloc}
  0x0000017bece40114: 8424 9000 | 0000 c57b | 118c 2498 | 0000 00c5 | 7b11 9424 | a000 0000 | c57b 119c | 24a8 0000 
  0x0000017bece40134: 00c5 7b11 | a424 b000 | 0000 c57b | 11ac 24b8 | 0000 00c5 | 7b11 b424 | c000 0000 | c57b 11bc 
  0x0000017bece40154: 24c8 0000 | 0049 8bd7 | 488b c848 | 83ec 2040 | f6c4 0f0f | 8419 0000 | 0048 83ec 

  0x0000017bece40170: ;   {runtime_call}
  0x0000017bece40170: 0848 b8c0 | 19a8 6bf8 | 7f00 00ff | d048 83c4 | 08e9 0c00 

  0x0000017bece40184: ;   {runtime_call}
  0x0000017bece40184: 0000 48b8 | c019 a86b | f87f 0000 | ffd0 4883 | c420 c57b | 10bc 24c8 | 0000 00c5 | 7b10 b424 
  0x0000017bece401a4: c000 0000 | c57b 10ac | 24b8 0000 | 00c5 7b10 | a424 b000 | 0000 c57b | 109c 24a8 | 0000 00c5 
  0x0000017bece401c4: 7b10 9424 | a000 0000 | c57b 108c | 2498 0000 | 00c5 7b10 | 8424 9000 | 0000 c5fb | 10bc 2488 
  0x0000017bece401e4: 0000 00c5 | fb10 b424 | 8000 0000 | c5fb 106c | 2478 c5fb | 1064 2470 | c5fb 105c | 2468 c5fb 
  0x0000017bece40204: 1054 2460 | c5fb 104c | 2458 c5fb | 1044 2450 | 4c8b 5c24 | 404c 8b54 | 2438 4c8b | 4c24 304c 
  0x0000017bece40224: 8b44 2428 | 488b 7c24 | 2048 8b74 | 2418 488b | 5424 1048 | 8b4c 2408 | 488b 0424 | 4881 c4d0 
  0x0000017bece40244: 0000 00c5 | f877 498b | 8f28 0400 | 00c7 8100 | 0100 0000 | 0000 00c9 | 4983 7f08 | 000f 8501 
  0x0000017bece40264: 0000 00c3 

  0x0000017bece40268: ;   {runtime_call StubRoutines (initial stubs)}
  0x0000017bece40268: e993 0cbb | ffc5 f877 | 4889 45f8 | 4c8b e448 | 83ec 2048 

  0x0000017bece4027c: ;   {runtime_call}
  0x0000017bece4027c: 83e4 f048 | b830 c3e9 | 6bf8 7f00 | 00ff d049 | 8be4 4d33 | e448 8b45 | f8e9 30fd | ffff f4f4 
  0x0000017bece4029c: f4f4 f4f4 
[/MachCode]


Compiled method (c1) 1910 1388       1       java.lang.System$2::defineClass (21 bytes)
 total in heap  [0x0000017becec4c90,0x0000017becec4fe0] = 848
 relocation     [0x0000017becec4df0,0x0000017becec4e28] = 56
 main code      [0x0000017becec4e40,0x0000017becec4f20] = 224
 stub code      [0x0000017becec4f20,0x0000017becec4f60] = 64
 metadata       [0x0000017becec4f60,0x0000017becec4f68] = 8
 scopes data    [0x0000017becec4f68,0x0000017becec4f88] = 32
 scopes pcs     [0x0000017becec4f88,0x0000017becec4fc8] = 64
 dependencies   [0x0000017becec4fc8,0x0000017becec4fd0] = 8
 nul chk table  [0x0000017becec4fd0,0x0000017becec4fe0] = 16

[Constant Pool (empty)]

[MachCode]
[Entry Point]
  # {method} {0x0000017b80019780} 'defineClass' '(Ljava/lang/ClassLoader;Ljava/lang/Class;Ljava/lang/String;[BLjava/security/ProtectionDomain;ZILjava/lang/Object;)Ljava/lang/Class;' in 'java/lang/System$2'
  # this:     rdx:rdx   = 'java/lang/System$2'
  # parm0:    r8:r8     = 'java/lang/ClassLoader'
  # parm1:    r9:r9     = 'java/lang/Class'
  # parm2:    rdi:rdi   = 'java/lang/String'
  # parm3:    rsi:rsi   = '[B'
  # parm4:    rcx:rcx   = 'java/security/ProtectionDomain'
  # parm5:    [sp+0x70]   = boolean  (sp of caller)
  # parm6:    [sp+0x78]   = int
  # parm7:    [sp+0x80]   = 'java/lang/Object'
  0x0000017becec4e40: 448b 5208 | 49bb 0000 | 0080 7b01 | 0000 4d03 | d34c 3bd0 

  0x0000017becec4e54: ;   {runtime_call ic_miss_stub}
  0x0000017becec4e54: 0f85 2699 | b7ff 660f | 1f44 0000 
[Verified Entry Point]
  0x0000017becec4e60: 8984 2400 | 80ff ff55 | 4883 ec60 | 4181 7f20 | 0100 0000 

  0x0000017becec4e74: ;   {runtime_call StubRoutines (final stubs)}
  0x0000017becec4e74: 7405 e8e5 | feb5 ff48 | 8bd9 4c8b | ac24 8000 | 0000 448b | 5c24 788b | 4424 708b | 4e0c 498b 
  0x0000017becec4e94: d04d 8bc1 | 4c8b cf48 | 8bfe be00 | 0000 0048 | 891c 2489 | 4424 0844 | 895c 2410 | 4c89 6c24 
  0x0000017becec4eb4: ;   {static_call}
  0x0000017becec4eb4: 1866 90e8 

  0x0000017becec4eb8: ; ImmutableOopMap {}
                      ;*invokestatic defineClass0 {reexecute=0 rethrow=0 return_oop=0}
                      ; - java.lang.System$2::defineClass@17 (line 2394)
  0x0000017becec4eb8: 24af f7ff 

  0x0000017becec4ebc: ;   {other}
  0x0000017becec4ebc: 0f1f 8400 | 2c02 0000 | 4883 c460 

  0x0000017becec4ec8: ;   {poll_return}
  0x0000017becec4ec8: 5d49 3ba7 | 4804 0000 | 0f87 0600 

  0x0000017becec4ed4: ;   {runtime_call throw_null_pointer_exception Runtime1 stub}
  0x0000017becec4ed4: 0000 c3e8 

  0x0000017becec4ed8: ; ImmutableOopMap {r8=Oop r9=Oop rdi=Oop rsi=Oop rbx=Oop r13=Oop [128]=Oop }
                      ;*arraylength {reexecute=0 rethrow=0 return_oop=0}
                      ; - java.lang.System$2::defineClass@8 (line 2394)
  0x0000017becec4ed8: 241f c3ff 

  0x0000017becec4edc: ;   {internal_word}
  0x0000017becec4edc: 49ba c94e | ecec 7b01 | 0000 4d89 | 9760 0400 

  0x0000017becec4eec: ;   {runtime_call SafepointBlob}
  0x0000017becec4eec: 00e9 0e08 | b8ff 498b | 87f8 0400 | 0049 c787 | f804 0000 | 0000 0000 | 49c7 8700 | 0500 0000 
  0x0000017becec4f0c: 0000 0048 | 83c4 605d 

  0x0000017becec4f14: ;   {runtime_call unwind_exception Runtime1 stub}
  0x0000017becec4f14: e9e7 0fc3 | fff4 f4f4 | f4f4 f4f4 
[Stub Code]
  0x0000017becec4f20: ;   {no_reloc}
  0x0000017becec4f20: 48bb 0000 | 0000 0000 

  0x0000017becec4f28: ;   {runtime_call nmethod}
  0x0000017becec4f28: 0000 e9fb 

  0x0000017becec4f2c: ;   {runtime_call handle_exception_from_callee Runtime1 stub}
  0x0000017becec4f2c: ffff ffe8 | 4c50 c3ff 

  0x0000017becec4f34: ;   {external_word}
  0x0000017becec4f34: 48b9 6003 | 166c f87f | 0000 4883 

  0x0000017becec4f40: ;   {runtime_call}
  0x0000017becec4f40: e4f0 48b8 | 2061 d86b | f87f 0000 

  0x0000017becec4f4c: ;   {section_word}
  0x0000017becec4f4c: ffd0 f449 | ba4f 4fec | ec7b 0100 

  0x0000017becec4f58: ;   {runtime_call DeoptimizationBlob}
  0x0000017becec4f58: 0041 52e9 | 40fa b7ff 
[/MachCode]


Compiled method (c1) 1916 1387   !   1       java.lang.invoke.MethodHandles$Lookup$ClassDefiner::defineClass (213 bytes)
 total in heap  [0x0000017becec5010,0x0000017becec5990] = 2432
 relocation     [0x0000017becec5170,0x0000017becec5208] = 152
 main code      [0x0000017becec5220,0x0000017becec5638] = 1048
 stub code      [0x0000017becec5638,0x0000017becec56b0] = 120
 metadata       [0x0000017becec56b0,0x0000017becec56f8] = 72
 scopes data    [0x0000017becec56f8,0x0000017becec57f8] = 256
 scopes pcs     [0x0000017becec57f8,0x0000017becec58f8] = 256
 dependencies   [0x0000017becec58f8,0x0000017becec5908] = 16
 handler table  [0x0000017becec5908,0x0000017becec5950] = 72
 nul chk table  [0x0000017becec5950,0x0000017becec5990] = 64

[Constant Pool (empty)]

[MachCode]
[Entry Point]
  # {method} {0x0000017b801ed4d8} 'defineClass' '(ZLjava/lang/Object;)Ljava/lang/Class;' in 'java/lang/invoke/MethodHandles$Lookup$ClassDefiner'
  # this:     rdx:rdx   = 'java/lang/invoke/MethodHandles$Lookup$ClassDefiner'
  # parm0:    r8        = boolean
  # parm1:    r9:r9     = 'java/lang/Object'
  #           [sp+0xf0]  (sp of caller)
  0x0000017becec5220: 448b 5208 | 49bb 0000 | 0080 7b01 | 0000 4d03 | d34c 3bd0 

  0x0000017becec5234: ;   {runtime_call ic_miss_stub}
  0x0000017becec5234: 0f85 4695 | b7ff 660f | 1f44 0000 
[Verified Entry Point]
  0x0000017becec5240: 8984 2400 | 80ff ff55 | 4881 ece0 | 0000 0090 | 4181 7f20 | 0100 0000 

  0x0000017becec5258: ;   {runtime_call StubRoutines (final stubs)}
  0x0000017becec5258: 7405 e801 | fbb5 ff48 | 8994 2498 | 0000 0044 | 8984 24b0 | 0000 004c | 898c 24b8 | 0000 008b 
  0x0000017becec5278: 7210 48c1 | e603 4889 | b424 9000 | 0000 8b7e | 1048 c1e7 | 0348 89bc | 24a8 0000 | 008b 5f34 
  0x0000017becec5298: 48c1 e303 | 4885 db0f | 850a 0000 

  0x0000017becec52a4: ;   {oop(nullptr)}
  0x0000017becec52a4: 0048 bb00 | 0000 0000 | 0000 0048 | 85db 0f84 | bc00 0000 | 8b46 1848 | c1e0 0348 | 85c0 4889 
  0x0000017becec52c4: 9c24 a000 | 0000 0f85 | b600 0000 

  0x0000017becec52d0: ;   {oop(a 'java/lang/Class'{0x0000000705c92228} = 'jdk/internal/access/SharedSecrets')}
  0x0000017becec52d0: 48b8 2822 | c905 0700 | 0000 8b40 | 7c48 c1e0 | 038b 4e10 | 48c1 e103 | 4885 c00f | 842a 0000 
  0x0000017becec52f0: ;   {metadata('java/lang/System$2')}
  0x0000017becec52f0: 0048 be58 | 8401 807b | 0100 0044 | 8b70 0849 | ba00 0000 | 807b 0100 | 004d 03f2 | 493b 7638 
  0x0000017becec5310: 0f85 6d02 | 0000 e900 | 0000 004c | 8bd8 483b | 0048 3b01 

  0x0000017becec5324: ;   {optimized virtual_call}
  0x0000017becec5324: 488b d1e8 

  0x0000017becec5328: ; ImmutableOopMap {[144]=Oop [152]=Oop [160]=Oop [168]=Oop [184]=Oop }
                      ;*invokevirtual protectionDomain {reexecute=0 rethrow=0 return_oop=0}
                      ; - java.lang.System$2::protectionDomain@1 (line 2518)
                      ; - java.lang.invoke.MethodHandles$Lookup::lookupClassProtectionDomain@17 (line 2544)
                      ; - java.lang.invoke.MethodHandles$Lookup$ClassDefiner::defineClass@23 (line 2501)
  0x0000017becec5328: 14e6 0b00 

  0x0000017becec532c: ;   {other}
  0x0000017becec532c: 0f1f 8400 | 1c03 0000 | 450f be47 | 4045 85c0 | 488b b424 | 9000 0000 | 0f85 4802 | 0000 4c8b 
  0x0000017becec534c: d049 c1ea | 0344 8956 | 18f0 8344 | 24c0 004c | 8bc6 4c33 | c049 c1e8 | 1549 83f8 | 000f 8543 
  0x0000017becec536c: 0200 00e9 | 1200 0000 | 4889 9c24 | a000 0000 

  0x0000017becec537c: ;   {oop(nullptr)}
  0x0000017becec537c: 48b8 0000 | 0000 0000 | 0000 488b | 9c24 a000 | 0000 488b | bc24 a800 | 0000 488b | 9424 9800 
  0x0000017becec539c: ;   {oop(a 'java/lang/Class'{0x0000000705c92228} = 'jdk/internal/access/SharedSecrets')}
  0x0000017becec539c: 0000 49b8 | 2822 c905 | 0700 0000 | 458b 707c | 49c1 e603 | 8b72 1448 | c1e6 038b | 4a18 48c1 
  0x0000017becec53bc: e103 448b | 4a0c 4d85 | f60f 842a 

  0x0000017becec53c8: ;   {metadata('java/lang/System$2')}
  0x0000017becec53c8: 0000 0049 | bb58 8401 | 807b 0100 | 0045 8b6e | 0849 ba00 | 0000 807b | 0100 004d | 03ea 4d3b 
  0x0000017becec53e8: 5d38 0f85 | da01 0000 | e900 0000 | 004d 8bc6 

  0x0000017becec53f8: ; implicit exception: dispatches to 0x0000017becec55cf
  0x0000017becec53f8: 493b 064c | 8bc3 498b | d14c 8bcf | 488b fe48 | 8bf1 488b | c88b 8424 | b000 0000 | 8904 2489 
  0x0000017becec5418: 5424 0848 | 8b94 24b8 | 0000 0048 | 8954 2410 | 498b d60f 

  0x0000017becec542c: ;   {optimized virtual_call}
  0x0000017becec542c: 1f40 00e8 

  0x0000017becec5430: ; ImmutableOopMap {[152]=Oop [168]=Oop }
                      ;*invokeinterface defineClass {reexecute=0 rethrow=0 return_oop=0}
                      ; - java.lang.invoke.MethodHandles$Lookup$ClassDefiner::defineClass@57 (line 2505)
  0x0000017becec5430: 2cfa ffff 

  0x0000017becec5434: ;   {other}
  0x0000017becec5434: 0f1f 8400 | 2404 0001 | 488b 9424 | 9800 0000 | 8b72 1c48 | c1e6 0344 | 0fbe 460c | 4183 e001 
  0x0000017becec5454: 4585 c00f | 84cf 0000 | 008b 7a14 | 48c1 e703 | 4885 c00f | 848d 0000 | 00e9 4100 | 0000 488b 
  0x0000017becec5474: 9424 9800 | 0000 498b | 87f8 0400 | 004d 33d2 | 4d89 97f8 | 0400 004d | 33d2 4d89 | 9700 0500 
  0x0000017becec5494: 008b 721c | 48c1 e603 

  0x0000017becec549c: ; implicit exception: dispatches to 0x0000017becec55d9
  0x0000017becec549c: 440f be46 | 0c41 83e0 | 0145 85c0 | 0f84 c600 | 0000 e98f | 0000 008b | 5218 48c1 | e203 4c8b 
  0x0000017becec54bc: c74c 8bc8 | 488b fa48 | 8bd6 4889 | 8424 c000 

  0x0000017becec54cc: ;   {optimized virtual_call}
  0x0000017becec54cc: 0000 90e8 

  0x0000017becec54d0: ; ImmutableOopMap {[192]=Oop }
                      ;*invokevirtual dumpClass {reexecute=0 rethrow=0 return_oop=0}
                      ; - java.lang.invoke.MethodHandles$Lookup$ClassDefiner::defineClass@134 (line 2513)
  0x0000017becec54d0: ac95 b7ff 

  0x0000017becec54d4: ;   {other}
  0x0000017becec54d4: 0f1f 8400 | c404 0002 | 488b 8424 | c000 0000 | 4881 c4e0 | 0000 005d 

  0x0000017becec54ec: ;   {poll_return}
  0x0000017becec54ec: 493b a748 | 0400 000f | 87e5 0000 | 00c3 4889 | 8424 c000 | 0000 448b | 4a18 49c1 | e103 4c8b 
  0x0000017becec550c: c748 8bd6 | 0f1f 8000 

  0x0000017becec5514: ;   {optimized virtual_call}
  0x0000017becec5514: 0000 00e8 

  0x0000017becec5518: ; ImmutableOopMap {[192]=Oop }
                      ;*invokevirtual dumpFailedClass {reexecute=0 rethrow=0 return_oop=0}
                      ; - java.lang.invoke.MethodHandles$Lookup$ClassDefiner::defineClass@150 (line 2515)
  0x0000017becec5518: 6495 b7ff 

  0x0000017becec551c: ;   {other}
  0x0000017becec551c: 0f1f 8400 | 0c05 0003 | 488b 8424 | c000 0000 | 4881 c4e0 | 0000 005d 

  0x0000017becec5534: ;   {poll_return}
  0x0000017becec5534: 493b a748 | 0400 000f | 87b3 0000 | 00c3 4889 | 8424 c800 | 0000 448b | 4214 49c1 | e003 448b 
  0x0000017becec5554: 4a18 49c1 | e103 488b 

  0x0000017becec555c: ;   {optimized virtual_call}
  0x0000017becec555c: d666 90e8 

  0x0000017becec5560: ; ImmutableOopMap {[200]=Oop }
                      ;*invokevirtual dumpFailedClass {reexecute=0 rethrow=0 return_oop=0}
                      ; - java.lang.invoke.MethodHandles$Lookup$ClassDefiner::defineClass@207 (line 2515)
  0x0000017becec5560: 1c95 b7ff 

  0x0000017becec5564: ;   {other}
  0x0000017becec5564: 0f1f 8400 | 5405 0004 | 488b 8424 | c800 0000 | e9ae 0000 

  0x0000017becec5578: ;   {runtime_call throw_null_pointer_exception Runtime1 stub}
  0x0000017becec5578: 00e8 8218 

  0x0000017becec557c: ; ImmutableOopMap {rdx=Oop r9=Oop rsi=Oop [144]=Oop [152]=Oop [184]=Oop }
                      ;*invokevirtual lookupClass {reexecute=0 rethrow=0 return_oop=0}
                      ; - java.lang.invoke.MethodHandles$Lookup$ClassDefiner::defineClass@4 (line 2499)
                      ;   {runtime_call throw_null_pointer_exception Runtime1 stub}
  0x0000017becec557c: c3ff e87d 

  0x0000017becec5580: ; ImmutableOopMap {rdx=Oop r9=Oop rsi=Oop rdi=Oop [144]=Oop [152]=Oop [168]=Oop [184]=Oop }
                      ;*invokevirtual getClassLoader {reexecute=0 rethrow=0 return_oop=0}
                      ; - java.lang.invoke.MethodHandles$Lookup$ClassDefiner::defineClass@9 (line 2500)
                      ;   {runtime_call throw_incompatible_class_change_error Runtime1 stub}
  0x0000017becec5580: 18c3 ffe8 

  0x0000017becec5584: ; ImmutableOopMap {rax=Oop rcx=Oop [144]=Oop [152]=Oop [160]=Oop [168]=Oop [184]=Oop }
                      ;*invokeinterface protectionDomain {reexecute=0 rethrow=0 return_oop=0}
                      ; - java.lang.invoke.MethodHandles$Lookup::lookupClassProtectionDomain@17 (line 2544)
                      ; - java.lang.invoke.MethodHandles$Lookup$ClassDefiner::defineClass@23 (line 2501)
  0x0000017becec5584: f852 c3ff 

  0x0000017becec5588: ;   {runtime_call throw_null_pointer_exception Runtime1 stub}
  0x0000017becec5588: e873 18c3 

  0x0000017becec558c: ; ImmutableOopMap {rcx=Oop [144]=Oop [152]=Oop [160]=Oop [168]=Oop [184]=Oop }
                      ;*invokeinterface protectionDomain {reexecute=0 rethrow=0 return_oop=0}
                      ; - java.lang.invoke.MethodHandles$Lookup::lookupClassProtectionDomain@17 (line 2544)
                      ; - java.lang.invoke.MethodHandles$Lookup$ClassDefiner::defineClass@23 (line 2501)
                      ;   {runtime_call throw_null_pointer_exception Runtime1 stub}
  0x0000017becec558c: ffe8 6e18 

  0x0000017becec5590: ; ImmutableOopMap {rcx=Oop [144]=Oop [152]=Oop [160]=Oop [168]=Oop [184]=Oop }
                      ;*invokevirtual protectionDomain {reexecute=0 rethrow=0 return_oop=0}
                      ; - java.lang.System$2::protectionDomain@1 (line 2518)
                      ; - java.lang.invoke.MethodHandles$Lookup::lookupClassProtectionDomain@17 (line 2544)
                      ; - java.lang.invoke.MethodHandles$Lookup$ClassDefiner::defineClass@23 (line 2501)
  0x0000017becec5590: c3ff 448b | 4618 49c1 | e003 4983 | f800 0f84 | a6fd ffff | 4c89 0424 

  0x0000017becec55a8: ;   {runtime_call g1_pre_barrier_slow}
  0x0000017becec55a8: e8d3 82c3 | ffe9 98fd | ffff 4883 | f800 0f84 | b3fd ffff | 4889 3424 

  0x0000017becec55c0: ;   {runtime_call g1_post_barrier_slow}
  0x0000017becec55c0: e8bb 85c3 | ffe9 a5fd 

  0x0000017becec55c8: ;   {runtime_call throw_incompatible_class_change_error Runtime1 stub}
  0x0000017becec55c8: ffff e8b1 

  0x0000017becec55cc: ; ImmutableOopMap {rax=Oop rdi=Oop rbx=Oop r14=Oop rsi=Oop rcx=Oop [152]=Oop [168]=Oop [184]=Oop }
                      ;*invokeinterface defineClass {reexecute=0 rethrow=0 return_oop=0}
                      ; - java.lang.invoke.MethodHandles$Lookup$ClassDefiner::defineClass@57 (line 2505)
                      ;   {runtime_call throw_null_pointer_exception Runtime1 stub}
  0x0000017becec55cc: 52c3 ffe8 

  0x0000017becec55d0: ; ImmutableOopMap {rax=Oop rdi=Oop rbx=Oop r14=Oop rsi=Oop rcx=Oop [152]=Oop [168]=Oop [184]=Oop }
                      ;*invokeinterface defineClass {reexecute=0 rethrow=0 return_oop=0}
                      ; - java.lang.invoke.MethodHandles$Lookup$ClassDefiner::defineClass@57 (line 2505)
  0x0000017becec55d0: 2c18 c3ff 

  0x0000017becec55d4: ;   {runtime_call throw_null_pointer_exception Runtime1 stub}
  0x0000017becec55d4: e827 18c3 

  0x0000017becec55d8: ; ImmutableOopMap {rax=Oop rdx=Oop rsi=Oop [152]=Oop }
                      ;*invokevirtual isEnabled {reexecute=0 rethrow=0 return_oop=0}
                      ; - java.lang.invoke.MethodHandles$Lookup$ClassDefiner::defineClass@105 (line 2510)
                      ;   {runtime_call throw_null_pointer_exception Runtime1 stub}
  0x0000017becec55d8: ffe8 2218 

  0x0000017becec55dc: ; ImmutableOopMap {rdx=Oop rax=Oop rsi=Oop [152]=Oop }
                      ;*invokevirtual isEnabled {reexecute=0 rethrow=0 return_oop=0}
                      ; - java.lang.invoke.MethodHandles$Lookup$ClassDefiner::defineClass@162 (line 2510)
                      ;   {internal_word}
  0x0000017becec55dc: c3ff 49ba | ec54 ecec | 7b01 0000 | 4d89 9760 

  0x0000017becec55ec: ;   {runtime_call SafepointBlob}
  0x0000017becec55ec: 0400 00e9 | 0c01 b8ff 

  0x0000017becec55f4: ;   {internal_word}
  0x0000017becec55f4: 49ba 3455 | ecec 7b01 | 0000 4d89 | 9760 0400 

  0x0000017becec5604: ;   {runtime_call SafepointBlob}
  0x0000017becec5604: 00e9 f600 | b8ff 498b | 87f8 0400 | 0049 c787 | f804 0000 | 0000 0000 | 49c7 8700 | 0500 0000 
  0x0000017becec5624: 0000 0048 | 81c4 e000 

  0x0000017becec562c: ;   {runtime_call unwind_exception Runtime1 stub}
  0x0000017becec562c: 0000 5de9 | cc08 c3ff | f4f4 f4f4 
[Stub Code]
  0x0000017becec5638: ;   {no_reloc}
  0x0000017becec5638: 0f1f 4400 

  0x0000017becec563c: ;   {static_stub}
  0x0000017becec563c: 0048 bb00 | 0000 0000 

  0x0000017becec5644: ;   {runtime_call nmethod}
  0x0000017becec5644: 0000 00e9 | fbff ffff 

  0x0000017becec564c: ;   {static_stub}
  0x0000017becec564c: 48bb b09d | 4680 7b01 

  0x0000017becec5654: ;   {runtime_call I2C/C2I adapters}
  0x0000017becec5654: 0000 e908 

  0x0000017becec5658: ;   {static_stub}
  0x0000017becec5658: deb7 ff48 | bb00 0000 | 0000 0000 

  0x0000017becec5664: ;   {runtime_call nmethod}
  0x0000017becec5664: 00e9 fbff 

  0x0000017becec5668: ;   {static_stub}
  0x0000017becec5668: ffff 48bb | 0000 0000 | 0000 0000 

  0x0000017becec5674: ;   {runtime_call nmethod}
  0x0000017becec5674: e9fb ffff 

  0x0000017becec5678: ;   {runtime_call handle_exception_from_callee Runtime1 stub}
  0x0000017becec5678: ffe8 0249 

  0x0000017becec567c: ;   {external_word}
  0x0000017becec567c: c3ff 48b9 | 6003 166c | f87f 0000 | 4883 e4f0 

  0x0000017becec568c: ;   {runtime_call}
  0x0000017becec568c: 48b8 2061 | d86b f87f | 0000 ffd0 

  0x0000017becec5698: ;   {section_word}
  0x0000017becec5698: f449 ba99 | 56ec ec7b | 0100 0041 

  0x0000017becec56a4: ;   {runtime_call DeoptimizationBlob}
  0x0000017becec56a4: 52e9 f6f2 | b7ff f4f4 | f4f4 f4f4 
[/MachCode]


---------------  P R O C E S S  ---------------

Threads class SMR info:
_java_thread_list=0x0000017bfc818da0, length=17, elements={
0x0000017be42f6660, 0x0000017bf77e9260, 0x0000017bf77e9eb0, 0x0000017bf77f0460,
0x0000017bf77f5040, 0x0000017bf77f67b0, 0x0000017bf77f7f20, 0x0000017bf77f9690,
0x0000017bf781dbb0, 0x0000017bf7962a40, 0x0000017bfc121370, 0x0000017bfc1419e0,
0x0000017bfc219980, 0x0000017bfc21a020, 0x0000017bfc5ffec0, 0x0000017bfc64d7e0,
0x0000017bfc858fa0
}

Java Threads: ( => current thread )
  0x0000017be42f6660 JavaThread "main"                              [_thread_blocked, id=8416, stack(0x0000000d76e00000,0x0000000d76f00000) (1024K)]
  0x0000017bf77e9260 JavaThread "Reference Handler"          daemon [_thread_blocked, id=22680, stack(0x0000000d77600000,0x0000000d77700000) (1024K)]
  0x0000017bf77e9eb0 JavaThread "Finalizer"                  daemon [_thread_blocked, id=16888, stack(0x0000000d77700000,0x0000000d77800000) (1024K)]
  0x0000017bf77f0460 JavaThread "Signal Dispatcher"          daemon [_thread_blocked, id=23948, stack(0x0000000d77800000,0x0000000d77900000) (1024K)]
  0x0000017bf77f5040 JavaThread "Attach Listener"            daemon [_thread_blocked, id=6836, stack(0x0000000d77900000,0x0000000d77a00000) (1024K)]
  0x0000017bf77f67b0 JavaThread "Service Thread"             daemon [_thread_blocked, id=5472, stack(0x0000000d77a00000,0x0000000d77b00000) (1024K)]
  0x0000017bf77f7f20 JavaThread "Monitor Deflation Thread"   daemon [_thread_blocked, id=5312, stack(0x0000000d77b00000,0x0000000d77c00000) (1024K)]
  0x0000017bf77f9690 JavaThread "C1 CompilerThread0"         daemon [_thread_blocked, id=27440, stack(0x0000000d77c00000,0x0000000d77d00000) (1024K)]
  0x0000017bf781dbb0 JavaThread "C1 CompilerThread1"         daemon [_thread_blocked, id=14244, stack(0x0000000d77d00000,0x0000000d77e00000) (1024K)]
  0x0000017bf7962a40 JavaThread "Common-Cleaner"             daemon [_thread_blocked, id=21620, stack(0x0000000d77e00000,0x0000000d77f00000) (1024K)]
  0x0000017bfc121370 JavaThread "Monitor Ctrl-Break"         daemon [_thread_in_native, id=11100, stack(0x0000000d77f00000,0x0000000d78000000) (1024K)]
  0x0000017bfc1419e0 JavaThread "Notification Thread"        daemon [_thread_blocked, id=21160, stack(0x0000000d78000000,0x0000000d78100000) (1024K)]
  0x0000017bfc219980 JavaThread "C1 CompilerThread2"         daemon [_thread_blocked, id=18748, stack(0x0000000d78100000,0x0000000d78200000) (1024K)]
  0x0000017bfc21a020 JavaThread "C1 CompilerThread3"         daemon [_thread_blocked, id=16788, stack(0x0000000d78200000,0x0000000d78300000) (1024K)]
  0x0000017bfc5ffec0 JavaThread "Thread-0"                          [_thread_blocked, id=22808, stack(0x0000000d78800000,0x0000000d78900000) (1024K)]
  0x0000017bfc64d7e0 JavaThread "restartedMain"                     [_thread_in_vm, id=17652, stack(0x0000000d78900000,0x0000000d78a00000) (1024K)]
=>0x0000017bfc858fa0 JavaThread "background-preinit"                [_thread_in_vm, id=26428, stack(0x0000000d78a00000,0x0000000d78b00000) (1024K)]
Total: 17

Other Threads:
  0x0000017bf77cd180 VMThread "VM Thread"                           [id=2336, stack(0x0000000d77500000,0x0000000d77600000) (1024K)]
  0x0000017bf77b8670 WatcherThread "VM Periodic Task Thread"        [id=6104, stack(0x0000000d77400000,0x0000000d77500000) (1024K)]
  0x0000017be435d3f0 WorkerThread "GC Thread#0"                     [id=14452, stack(0x0000000d76f00000,0x0000000d77000000) (1024K)]
  0x0000017bfc4b71a0 WorkerThread "GC Thread#1"                     [id=18052, stack(0x0000000d78300000,0x0000000d78400000) (1024K)]
  0x0000017bfc4bf6b0 WorkerThread "GC Thread#2"                     [id=5820, stack(0x0000000d78400000,0x0000000d78500000) (1024K)]
  0x0000017bfc4bfe50 WorkerThread "GC Thread#3"                     [id=13028, stack(0x0000000d78500000,0x0000000d78600000) (1024K)]
  0x0000017bfc6136a0 WorkerThread "GC Thread#4"                     [id=1908, stack(0x0000000d78600000,0x0000000d78700000) (1024K)]
  0x0000017bfc4c01f0 WorkerThread "GC Thread#5"                     [id=14048, stack(0x0000000d78700000,0x0000000d78800000) (1024K)]
  0x0000017bfc964110 WorkerThread "GC Thread#6"                     [id=17660, stack(0x0000000d78b00000,0x0000000d78c00000) (1024K)]
  0x0000017bfc9c34d0 WorkerThread "GC Thread#7"                     [id=26524, stack(0x0000000d78c00000,0x0000000d78d00000) (1024K)]
  0x0000017bfc9f60d0 WorkerThread "GC Thread#8"                     [id=11632, stack(0x0000000d78d00000,0x0000000d78e00000) (1024K)]
  0x0000017bfc9d2320 WorkerThread "GC Thread#9"                     [id=25452, stack(0x0000000d78e00000,0x0000000d78f00000) (1024K)]
  0x0000017be436fce0 ConcurrentGCThread "G1 Main Marker"            [id=19904, stack(0x0000000d77000000,0x0000000d77100000) (1024K)]
  0x0000017be4370f80 WorkerThread "G1 Conc#0"                       [id=16464, stack(0x0000000d77100000,0x0000000d77200000) (1024K)]
  0x0000017bf7689a80 ConcurrentGCThread "G1 Refine#0"               [id=13632, stack(0x0000000d77200000,0x0000000d77300000) (1024K)]
  0x0000017bf768a5f0 ConcurrentGCThread "G1 Service"                [id=27352, stack(0x0000000d77300000,0x0000000d77400000) (1024K)]
Total: 16

Threads with active compile tasks:
Total: 0

VM state: not at safepoint (normal execution)

VM Mutex/Monitor currently owned by a thread:  ([mutex/lock_event])
[0x00007ff86c4187c8] Metaspace_lock - owner thread: 0x0000017bfc858fa0
[0x00007ff86c4194c8] MultiArray_lock - owner thread: 0x0000017bfc64d7e0

Heap address: 0x0000000705800000, size: 4008 MB, Compressed Oops mode: Zero based, Oop shift amount: 3

CDS archive(s) mapped at: [0x0000017b80000000-0x0000017b80c80000-0x0000017b80c80000), size 13107200, SharedBaseAddress: 0x0000017b80000000, ArchiveRelocationMode: 1.
Compressed class space mapped at: 0x0000017b81000000-0x0000017bc1000000, reserved size: 1073741824
Narrow klass base: 0x0000017b80000000, Narrow klass shift: 0, Narrow klass range: 0x100000000

GC Precious Log:
 CardTable entry size: 512
 Card Set container configuration: InlinePtr #cards 4 size 8 Array Of Cards #cards 16 size 48 Howl #buckets 8 coarsen threshold 3686 Howl Bitmap #cards 512 size 80 coarsen threshold 460 Card regions per heap region 1 cards per card region 4096
 CPUs: 12 total, 12 available
 Memory: 16024M
 Large Page Support: Disabled
 NUMA Support: Disabled
 Compressed Oops: Enabled (Zero based)
 Heap Region Size: 2M
 Heap Min Capacity: 8M
 Heap Initial Capacity: 252M
 Heap Max Capacity: 4008M
 Pre-touch: Disabled
 Parallel Workers: 10
 Concurrent Workers: 3
 Concurrent Refinement Workers: 10
 Periodic GC: Disabled

Heap:
 garbage-first heap   total 258048K, used 16766K [0x0000000705800000, 0x0000000800000000)
  region size 2048K, 7 young (14336K), 2 survivors (4096K)
 Metaspace       used 13674K, committed 14016K, reserved 1114112K
  class space    used 1896K, committed 2048K, reserved 1048576K

Heap Regions: E=young(eden), S=young(survivor), O=old, HS=humongous(starts), HC=humongous(continues), CS=collection set, F=free, TAMS=top-at-mark-start, PB=parsable bottom
|   0|0x0000000705800000, 0x0000000705a00000, 0x0000000705a00000|100%| O|  |TAMS 0x0000000705800000| PB 0x0000000705800000| Untracked 
|   1|0x0000000705a00000, 0x0000000705c00000, 0x0000000705c00000|100%| O|  |TAMS 0x0000000705a00000| PB 0x0000000705a00000| Untracked 
|   2|0x0000000705c00000, 0x0000000705d6c690, 0x0000000705e00000| 71%| O|  |TAMS 0x0000000705c00000| PB 0x0000000705c00000| Untracked 
|   3|0x0000000705e00000, 0x0000000705e00000, 0x0000000706000000|  0%| F|  |TAMS 0x0000000705e00000| PB 0x0000000705e00000| Untracked 
|   4|0x0000000706000000, 0x0000000706000000, 0x0000000706200000|  0%| F|  |TAMS 0x0000000706000000| PB 0x0000000706000000| Untracked 
|   5|0x0000000706200000, 0x0000000706200000, 0x0000000706400000|  0%| F|  |TAMS 0x0000000706200000| PB 0x0000000706200000| Untracked 
|   6|0x0000000706400000, 0x0000000706400000, 0x0000000706600000|  0%| F|  |TAMS 0x0000000706400000| PB 0x0000000706400000| Untracked 
|   7|0x0000000706600000, 0x0000000706600000, 0x0000000706800000|  0%| F|  |TAMS 0x0000000706600000| PB 0x0000000706600000| Untracked 
|   8|0x0000000706800000, 0x0000000706800000, 0x0000000706a00000|  0%| F|  |TAMS 0x0000000706800000| PB 0x0000000706800000| Untracked 
|   9|0x0000000706a00000, 0x0000000706a00000, 0x0000000706c00000|  0%| F|  |TAMS 0x0000000706a00000| PB 0x0000000706a00000| Untracked 
|  10|0x0000000706c00000, 0x0000000706c00000, 0x0000000706e00000|  0%| F|  |TAMS 0x0000000706c00000| PB 0x0000000706c00000| Untracked 
|  11|0x0000000706e00000, 0x0000000706e00000, 0x0000000707000000|  0%| F|  |TAMS 0x0000000706e00000| PB 0x0000000706e00000| Untracked 
|  12|0x0000000707000000, 0x0000000707000000, 0x0000000707200000|  0%| F|  |TAMS 0x0000000707000000| PB 0x0000000707000000| Untracked 
|  13|0x0000000707200000, 0x0000000707200000, 0x0000000707400000|  0%| F|  |TAMS 0x0000000707200000| PB 0x0000000707200000| Untracked 
|  14|0x0000000707400000, 0x0000000707400000, 0x0000000707600000|  0%| F|  |TAMS 0x0000000707400000| PB 0x0000000707400000| Untracked 
|  15|0x0000000707600000, 0x0000000707600000, 0x0000000707800000|  0%| F|  |TAMS 0x0000000707600000| PB 0x0000000707600000| Untracked 
|  16|0x0000000707800000, 0x0000000707800000, 0x0000000707a00000|  0%| F|  |TAMS 0x0000000707800000| PB 0x0000000707800000| Untracked 
|  17|0x0000000707a00000, 0x0000000707a00000, 0x0000000707c00000|  0%| F|  |TAMS 0x0000000707a00000| PB 0x0000000707a00000| Untracked 
|  18|0x0000000707c00000, 0x0000000707c00000, 0x0000000707e00000|  0%| F|  |TAMS 0x0000000707c00000| PB 0x0000000707c00000| Untracked 
|  19|0x0000000707e00000, 0x0000000707e00000, 0x0000000708000000|  0%| F|  |TAMS 0x0000000707e00000| PB 0x0000000707e00000| Untracked 
|  20|0x0000000708000000, 0x0000000708000000, 0x0000000708200000|  0%| F|  |TAMS 0x0000000708000000| PB 0x0000000708000000| Untracked 
|  21|0x0000000708200000, 0x0000000708200000, 0x0000000708400000|  0%| F|  |TAMS 0x0000000708200000| PB 0x0000000708200000| Untracked 
|  22|0x0000000708400000, 0x0000000708400000, 0x0000000708600000|  0%| F|  |TAMS 0x0000000708400000| PB 0x0000000708400000| Untracked 
|  23|0x0000000708600000, 0x0000000708600000, 0x0000000708800000|  0%| F|  |TAMS 0x0000000708600000| PB 0x0000000708600000| Untracked 
|  24|0x0000000708800000, 0x0000000708800000, 0x0000000708a00000|  0%| F|  |TAMS 0x0000000708800000| PB 0x0000000708800000| Untracked 
|  25|0x0000000708a00000, 0x0000000708a00000, 0x0000000708c00000|  0%| F|  |TAMS 0x0000000708a00000| PB 0x0000000708a00000| Untracked 
|  26|0x0000000708c00000, 0x0000000708c00000, 0x0000000708e00000|  0%| F|  |TAMS 0x0000000708c00000| PB 0x0000000708c00000| Untracked 
|  27|0x0000000708e00000, 0x0000000708e00000, 0x0000000709000000|  0%| F|  |TAMS 0x0000000708e00000| PB 0x0000000708e00000| Untracked 
|  28|0x0000000709000000, 0x0000000709000000, 0x0000000709200000|  0%| F|  |TAMS 0x0000000709000000| PB 0x0000000709000000| Untracked 
|  29|0x0000000709200000, 0x0000000709200000, 0x0000000709400000|  0%| F|  |TAMS 0x0000000709200000| PB 0x0000000709200000| Untracked 
|  30|0x0000000709400000, 0x0000000709400000, 0x0000000709600000|  0%| F|  |TAMS 0x0000000709400000| PB 0x0000000709400000| Untracked 
|  31|0x0000000709600000, 0x0000000709600000, 0x0000000709800000|  0%| F|  |TAMS 0x0000000709600000| PB 0x0000000709600000| Untracked 
|  32|0x0000000709800000, 0x0000000709800000, 0x0000000709a00000|  0%| F|  |TAMS 0x0000000709800000| PB 0x0000000709800000| Untracked 
|  33|0x0000000709a00000, 0x0000000709a00000, 0x0000000709c00000|  0%| F|  |TAMS 0x0000000709a00000| PB 0x0000000709a00000| Untracked 
|  34|0x0000000709c00000, 0x0000000709c00000, 0x0000000709e00000|  0%| F|  |TAMS 0x0000000709c00000| PB 0x0000000709c00000| Untracked 
|  35|0x0000000709e00000, 0x0000000709e00000, 0x000000070a000000|  0%| F|  |TAMS 0x0000000709e00000| PB 0x0000000709e00000| Untracked 
|  36|0x000000070a000000, 0x000000070a000000, 0x000000070a200000|  0%| F|  |TAMS 0x000000070a000000| PB 0x000000070a000000| Untracked 
|  37|0x000000070a200000, 0x000000070a200000, 0x000000070a400000|  0%| F|  |TAMS 0x000000070a200000| PB 0x000000070a200000| Untracked 
|  38|0x000000070a400000, 0x000000070a400000, 0x000000070a600000|  0%| F|  |TAMS 0x000000070a400000| PB 0x000000070a400000| Untracked 
|  39|0x000000070a600000, 0x000000070a600000, 0x000000070a800000|  0%| F|  |TAMS 0x000000070a600000| PB 0x000000070a600000| Untracked 
|  40|0x000000070a800000, 0x000000070a800000, 0x000000070aa00000|  0%| F|  |TAMS 0x000000070a800000| PB 0x000000070a800000| Untracked 
|  41|0x000000070aa00000, 0x000000070aa00000, 0x000000070ac00000|  0%| F|  |TAMS 0x000000070aa00000| PB 0x000000070aa00000| Untracked 
|  42|0x000000070ac00000, 0x000000070ac00000, 0x000000070ae00000|  0%| F|  |TAMS 0x000000070ac00000| PB 0x000000070ac00000| Untracked 
|  43|0x000000070ae00000, 0x000000070ae00000, 0x000000070b000000|  0%| F|  |TAMS 0x000000070ae00000| PB 0x000000070ae00000| Untracked 
|  44|0x000000070b000000, 0x000000070b000000, 0x000000070b200000|  0%| F|  |TAMS 0x000000070b000000| PB 0x000000070b000000| Untracked 
|  45|0x000000070b200000, 0x000000070b200000, 0x000000070b400000|  0%| F|  |TAMS 0x000000070b200000| PB 0x000000070b200000| Untracked 
|  46|0x000000070b400000, 0x000000070b400000, 0x000000070b600000|  0%| F|  |TAMS 0x000000070b400000| PB 0x000000070b400000| Untracked 
|  47|0x000000070b600000, 0x000000070b600000, 0x000000070b800000|  0%| F|  |TAMS 0x000000070b600000| PB 0x000000070b600000| Untracked 
|  48|0x000000070b800000, 0x000000070b800000, 0x000000070ba00000|  0%| F|  |TAMS 0x000000070b800000| PB 0x000000070b800000| Untracked 
|  49|0x000000070ba00000, 0x000000070ba00000, 0x000000070bc00000|  0%| F|  |TAMS 0x000000070ba00000| PB 0x000000070ba00000| Untracked 
|  50|0x000000070bc00000, 0x000000070bc00000, 0x000000070be00000|  0%| F|  |TAMS 0x000000070bc00000| PB 0x000000070bc00000| Untracked 
|  51|0x000000070be00000, 0x000000070be00000, 0x000000070c000000|  0%| F|  |TAMS 0x000000070be00000| PB 0x000000070be00000| Untracked 
|  52|0x000000070c000000, 0x000000070c000000, 0x000000070c200000|  0%| F|  |TAMS 0x000000070c000000| PB 0x000000070c000000| Untracked 
|  53|0x000000070c200000, 0x000000070c200000, 0x000000070c400000|  0%| F|  |TAMS 0x000000070c200000| PB 0x000000070c200000| Untracked 
|  54|0x000000070c400000, 0x000000070c400000, 0x000000070c600000|  0%| F|  |TAMS 0x000000070c400000| PB 0x000000070c400000| Untracked 
|  55|0x000000070c600000, 0x000000070c600000, 0x000000070c800000|  0%| F|  |TAMS 0x000000070c600000| PB 0x000000070c600000| Untracked 
|  56|0x000000070c800000, 0x000000070c800000, 0x000000070ca00000|  0%| F|  |TAMS 0x000000070c800000| PB 0x000000070c800000| Untracked 
|  57|0x000000070ca00000, 0x000000070ca00000, 0x000000070cc00000|  0%| F|  |TAMS 0x000000070ca00000| PB 0x000000070ca00000| Untracked 
|  58|0x000000070cc00000, 0x000000070cc00000, 0x000000070ce00000|  0%| F|  |TAMS 0x000000070cc00000| PB 0x000000070cc00000| Untracked 
|  59|0x000000070ce00000, 0x000000070ce00000, 0x000000070d000000|  0%| F|  |TAMS 0x000000070ce00000| PB 0x000000070ce00000| Untracked 
|  60|0x000000070d000000, 0x000000070d000000, 0x000000070d200000|  0%| F|  |TAMS 0x000000070d000000| PB 0x000000070d000000| Untracked 
|  61|0x000000070d200000, 0x000000070d200000, 0x000000070d400000|  0%| F|  |TAMS 0x000000070d200000| PB 0x000000070d200000| Untracked 
|  62|0x000000070d400000, 0x000000070d400000, 0x000000070d600000|  0%| F|  |TAMS 0x000000070d400000| PB 0x000000070d400000| Untracked 
|  63|0x000000070d600000, 0x000000070d600000, 0x000000070d800000|  0%| F|  |TAMS 0x000000070d600000| PB 0x000000070d600000| Untracked 
|  64|0x000000070d800000, 0x000000070d800000, 0x000000070da00000|  0%| F|  |TAMS 0x000000070d800000| PB 0x000000070d800000| Untracked 
|  65|0x000000070da00000, 0x000000070da00000, 0x000000070dc00000|  0%| F|  |TAMS 0x000000070da00000| PB 0x000000070da00000| Untracked 
|  66|0x000000070dc00000, 0x000000070dc00000, 0x000000070de00000|  0%| F|  |TAMS 0x000000070dc00000| PB 0x000000070dc00000| Untracked 
|  67|0x000000070de00000, 0x000000070de00000, 0x000000070e000000|  0%| F|  |TAMS 0x000000070de00000| PB 0x000000070de00000| Untracked 
|  68|0x000000070e000000, 0x000000070e000000, 0x000000070e200000|  0%| F|  |TAMS 0x000000070e000000| PB 0x000000070e000000| Untracked 
|  69|0x000000070e200000, 0x000000070e200000, 0x000000070e400000|  0%| F|  |TAMS 0x000000070e200000| PB 0x000000070e200000| Untracked 
|  70|0x000000070e400000, 0x000000070e400000, 0x000000070e600000|  0%| F|  |TAMS 0x000000070e400000| PB 0x000000070e400000| Untracked 
|  71|0x000000070e600000, 0x000000070e600000, 0x000000070e800000|  0%| F|  |TAMS 0x000000070e600000| PB 0x000000070e600000| Untracked 
|  72|0x000000070e800000, 0x000000070e800000, 0x000000070ea00000|  0%| F|  |TAMS 0x000000070e800000| PB 0x000000070e800000| Untracked 
|  73|0x000000070ea00000, 0x000000070ea00000, 0x000000070ec00000|  0%| F|  |TAMS 0x000000070ea00000| PB 0x000000070ea00000| Untracked 
|  74|0x000000070ec00000, 0x000000070ec00000, 0x000000070ee00000|  0%| F|  |TAMS 0x000000070ec00000| PB 0x000000070ec00000| Untracked 
|  75|0x000000070ee00000, 0x000000070ee00000, 0x000000070f000000|  0%| F|  |TAMS 0x000000070ee00000| PB 0x000000070ee00000| Untracked 
|  76|0x000000070f000000, 0x000000070f000000, 0x000000070f200000|  0%| F|  |TAMS 0x000000070f000000| PB 0x000000070f000000| Untracked 
|  77|0x000000070f200000, 0x000000070f200000, 0x000000070f400000|  0%| F|  |TAMS 0x000000070f200000| PB 0x000000070f200000| Untracked 
|  78|0x000000070f400000, 0x000000070f400000, 0x000000070f600000|  0%| F|  |TAMS 0x000000070f400000| PB 0x000000070f400000| Untracked 
|  79|0x000000070f600000, 0x000000070f600000, 0x000000070f800000|  0%| F|  |TAMS 0x000000070f600000| PB 0x000000070f600000| Untracked 
|  80|0x000000070f800000, 0x000000070f800000, 0x000000070fa00000|  0%| F|  |TAMS 0x000000070f800000| PB 0x000000070f800000| Untracked 
|  81|0x000000070fa00000, 0x000000070fa00000, 0x000000070fc00000|  0%| F|  |TAMS 0x000000070fa00000| PB 0x000000070fa00000| Untracked 
|  82|0x000000070fc00000, 0x000000070fc00000, 0x000000070fe00000|  0%| F|  |TAMS 0x000000070fc00000| PB 0x000000070fc00000| Untracked 
|  83|0x000000070fe00000, 0x000000070fe00000, 0x0000000710000000|  0%| F|  |TAMS 0x000000070fe00000| PB 0x000000070fe00000| Untracked 
|  84|0x0000000710000000, 0x0000000710000000, 0x0000000710200000|  0%| F|  |TAMS 0x0000000710000000| PB 0x0000000710000000| Untracked 
|  85|0x0000000710200000, 0x0000000710200000, 0x0000000710400000|  0%| F|  |TAMS 0x0000000710200000| PB 0x0000000710200000| Untracked 
|  86|0x0000000710400000, 0x0000000710400000, 0x0000000710600000|  0%| F|  |TAMS 0x0000000710400000| PB 0x0000000710400000| Untracked 
|  87|0x0000000710600000, 0x0000000710600000, 0x0000000710800000|  0%| F|  |TAMS 0x0000000710600000| PB 0x0000000710600000| Untracked 
|  88|0x0000000710800000, 0x0000000710800000, 0x0000000710a00000|  0%| F|  |TAMS 0x0000000710800000| PB 0x0000000710800000| Untracked 
|  89|0x0000000710a00000, 0x0000000710a00000, 0x0000000710c00000|  0%| F|  |TAMS 0x0000000710a00000| PB 0x0000000710a00000| Untracked 
|  90|0x0000000710c00000, 0x0000000710c00000, 0x0000000710e00000|  0%| F|  |TAMS 0x0000000710c00000| PB 0x0000000710c00000| Untracked 
|  91|0x0000000710e00000, 0x0000000710e00000, 0x0000000711000000|  0%| F|  |TAMS 0x0000000710e00000| PB 0x0000000710e00000| Untracked 
|  92|0x0000000711000000, 0x0000000711000000, 0x0000000711200000|  0%| F|  |TAMS 0x0000000711000000| PB 0x0000000711000000| Untracked 
|  93|0x0000000711200000, 0x0000000711200000, 0x0000000711400000|  0%| F|  |TAMS 0x0000000711200000| PB 0x0000000711200000| Untracked 
|  94|0x0000000711400000, 0x0000000711400000, 0x0000000711600000|  0%| F|  |TAMS 0x0000000711400000| PB 0x0000000711400000| Untracked 
|  95|0x0000000711600000, 0x0000000711600000, 0x0000000711800000|  0%| F|  |TAMS 0x0000000711600000| PB 0x0000000711600000| Untracked 
|  96|0x0000000711800000, 0x0000000711800000, 0x0000000711a00000|  0%| F|  |TAMS 0x0000000711800000| PB 0x0000000711800000| Untracked 
|  97|0x0000000711a00000, 0x0000000711a00000, 0x0000000711c00000|  0%| F|  |TAMS 0x0000000711a00000| PB 0x0000000711a00000| Untracked 
|  98|0x0000000711c00000, 0x0000000711c00000, 0x0000000711e00000|  0%| F|  |TAMS 0x0000000711c00000| PB 0x0000000711c00000| Untracked 
|  99|0x0000000711e00000, 0x0000000711e00000, 0x0000000712000000|  0%| F|  |TAMS 0x0000000711e00000| PB 0x0000000711e00000| Untracked 
| 100|0x0000000712000000, 0x0000000712000000, 0x0000000712200000|  0%| F|  |TAMS 0x0000000712000000| PB 0x0000000712000000| Untracked 
| 101|0x0000000712200000, 0x0000000712200000, 0x0000000712400000|  0%| F|  |TAMS 0x0000000712200000| PB 0x0000000712200000| Untracked 
| 102|0x0000000712400000, 0x0000000712400000, 0x0000000712600000|  0%| F|  |TAMS 0x0000000712400000| PB 0x0000000712400000| Untracked 
| 103|0x0000000712600000, 0x0000000712600000, 0x0000000712800000|  0%| F|  |TAMS 0x0000000712600000| PB 0x0000000712600000| Untracked 
| 104|0x0000000712800000, 0x0000000712800000, 0x0000000712a00000|  0%| F|  |TAMS 0x0000000712800000| PB 0x0000000712800000| Untracked 
| 105|0x0000000712a00000, 0x0000000712a00000, 0x0000000712c00000|  0%| F|  |TAMS 0x0000000712a00000| PB 0x0000000712a00000| Untracked 
| 106|0x0000000712c00000, 0x0000000712c00000, 0x0000000712e00000|  0%| F|  |TAMS 0x0000000712c00000| PB 0x0000000712c00000| Untracked 
| 107|0x0000000712e00000, 0x0000000712e00000, 0x0000000713000000|  0%| F|  |TAMS 0x0000000712e00000| PB 0x0000000712e00000| Untracked 
| 108|0x0000000713000000, 0x00000007130f3538, 0x0000000713200000| 47%| S|CS|TAMS 0x0000000713000000| PB 0x0000000713000000| Complete 
| 109|0x0000000713200000, 0x0000000713400000, 0x0000000713400000|100%| S|CS|TAMS 0x0000000713200000| PB 0x0000000713200000| Complete 
| 110|0x0000000713400000, 0x0000000713400000, 0x0000000713600000|  0%| F|  |TAMS 0x0000000713400000| PB 0x0000000713400000| Untracked 
| 111|0x0000000713600000, 0x0000000713600000, 0x0000000713800000|  0%| F|  |TAMS 0x0000000713600000| PB 0x0000000713600000| Untracked 
| 112|0x0000000713800000, 0x0000000713800000, 0x0000000713a00000|  0%| F|  |TAMS 0x0000000713800000| PB 0x0000000713800000| Untracked 
| 113|0x0000000713a00000, 0x0000000713a00000, 0x0000000713c00000|  0%| F|  |TAMS 0x0000000713a00000| PB 0x0000000713a00000| Untracked 
| 114|0x0000000713c00000, 0x0000000713c00000, 0x0000000713e00000|  0%| F|  |TAMS 0x0000000713c00000| PB 0x0000000713c00000| Untracked 
| 115|0x0000000713e00000, 0x0000000713e00000, 0x0000000714000000|  0%| F|  |TAMS 0x0000000713e00000| PB 0x0000000713e00000| Untracked 
| 116|0x0000000714000000, 0x0000000714000000, 0x0000000714200000|  0%| F|  |TAMS 0x0000000714000000| PB 0x0000000714000000| Untracked 
| 117|0x0000000714200000, 0x0000000714200000, 0x0000000714400000|  0%| F|  |TAMS 0x0000000714200000| PB 0x0000000714200000| Untracked 
| 118|0x0000000714400000, 0x0000000714400000, 0x0000000714600000|  0%| F|  |TAMS 0x0000000714400000| PB 0x0000000714400000| Untracked 
| 119|0x0000000714600000, 0x0000000714600000, 0x0000000714800000|  0%| F|  |TAMS 0x0000000714600000| PB 0x0000000714600000| Untracked 
| 120|0x0000000714800000, 0x0000000714800000, 0x0000000714a00000|  0%| F|  |TAMS 0x0000000714800000| PB 0x0000000714800000| Untracked 
| 121|0x0000000714a00000, 0x0000000714a7cd98, 0x0000000714c00000| 24%| E|  |TAMS 0x0000000714a00000| PB 0x0000000714a00000| Complete 
| 122|0x0000000714c00000, 0x0000000714e00000, 0x0000000714e00000|100%| E|CS|TAMS 0x0000000714c00000| PB 0x0000000714c00000| Complete 
| 123|0x0000000714e00000, 0x0000000715000000, 0x0000000715000000|100%| E|CS|TAMS 0x0000000714e00000| PB 0x0000000714e00000| Complete 
| 124|0x0000000715000000, 0x0000000715200000, 0x0000000715200000|100%| E|CS|TAMS 0x0000000715000000| PB 0x0000000715000000| Complete 
| 125|0x0000000715200000, 0x0000000715400000, 0x0000000715400000|100%| E|CS|TAMS 0x0000000715200000| PB 0x0000000715200000| Complete 

Card table byte_map: [0x0000017bf0500000,0x0000017bf0ce0000] _byte_map_base: 0x0000017beccd4000

Marking Bits: (CMBitMap*) 0x0000017be435daf0
 Bits: [0x0000017bf0ce0000, 0x0000017bf4b80000)

Polling page: 0x0000017be2470000

Metaspace:

Usage:
  Non-class:     11.50 MB used.
      Class:      1.85 MB used.
       Both:     13.35 MB used.

Virtual space:
  Non-class space:       64.00 MB reserved,      11.69 MB ( 18%) committed,  1 nodes.
      Class space:        1.00 GB reserved,       2.00 MB ( <1%) committed,  1 nodes.
             Both:        1.06 GB reserved,      13.69 MB (  1%) committed. 

Chunk freelists:
   Non-Class:  3.17 MB
       Class:  13.94 MB
        Both:  17.11 MB

MaxMetaspaceSize: unlimited
CompressedClassSpaceSize: 1.00 GB
Initial GC threshold: 21.00 MB
Current GC threshold: 21.00 MB
CDS: on
 - commit_granule_bytes: 65536.
 - commit_granule_words: 8192.
 - virtual_space_node_default_size: 8388608.
 - enlarge_chunks_in_place: 1.
 - use_allocation_guard: 0.


Internal statistics:

num_allocs_failed_limit: 0.
num_arena_births: 430.
num_arena_deaths: 0.
num_vsnodes_births: 2.
num_vsnodes_deaths: 0.
num_space_committed: 219.
num_space_uncommitted: 0.
num_chunks_returned_to_freelist: 0.
num_chunks_taken_from_freelist: 993.
num_chunk_merges: 0.
num_chunk_splits: 622.
num_chunks_enlarged: 384.
num_inconsistent_stats: 0.

CodeCache: size=49152Kb used=6142Kb max_used=6142Kb free=43009Kb
 bounds [0x0000017bec9f0000, 0x0000017becff0000, 0x0000017bef9f0000]
 total_blobs=2645, nmethods=2147, adapters=419, full_count=0
Compilation: enabled, stopped_count=0, restarted_count=0

Compilation events (20 events):
Event: 1.818 Thread 0x0000017bfc219980 2139       1       org.springframework.core.annotation.AnnotationsScanner::getDeclaredAnnotations (167 bytes)
Event: 1.818 Thread 0x0000017bf781dbb0 2140       1       java.util.Collections$SingletonList::size (2 bytes)
Event: 1.818 Thread 0x0000017bf77f9690 2141       1       java.util.Arrays::fill (21 bytes)
Event: 1.818 Thread 0x0000017bf781dbb0 nmethod 2140 0x0000017becfec290 code [0x0000017becfec420, 0x0000017becfec4e8]
Event: 1.818 Thread 0x0000017bf77f9690 nmethod 2141 0x0000017becfec590 code [0x0000017becfec720, 0x0000017becfec7f0]
Event: 1.819 Thread 0x0000017bf77f9690 2142       1       org.springframework.core.annotation.AnnotationTypeMapping::getAnnotationType (5 bytes)
Event: 1.819 Thread 0x0000017bf781dbb0 2143       1       sun.reflect.annotation.AnnotationParser::toArray (18 bytes)
Event: 1.819 Thread 0x0000017bf77f9690 nmethod 2142 0x0000017becfec890 code [0x0000017becfeca20, 0x0000017becfecaf0]
Event: 1.819 Thread 0x0000017bf781dbb0 nmethod 2143 0x0000017becfecb90 code [0x0000017becfecd40, 0x0000017becfecea0]
Event: 1.819 Thread 0x0000017bfc219980 nmethod 2139 0x0000017becfecf90 code [0x0000017becfed1e0, 0x0000017becfed7d8]
Event: 1.819 Thread 0x0000017bfc219980 2144       1       org.springframework.util.ConcurrentReferenceHashMap::getLoadFactor (5 bytes)
Event: 1.819 Thread 0x0000017bf781dbb0 2146       1       java.util.Collections$EmptyMap::values (4 bytes)
Event: 1.819 Thread 0x0000017bfc21a020 2145   !   1       java.lang.reflect.Executable::declaredAnnotations (85 bytes)
Event: 1.819 Thread 0x0000017bf77f9690 2147       1       java.util.Collections$EmptySet::toArray (11 bytes)
Event: 1.819 Thread 0x0000017bfc219980 nmethod 2144 0x0000017becfedb10 code [0x0000017becfedca0, 0x0000017becfedd68]
Event: 1.819 Thread 0x0000017bf781dbb0 nmethod 2146 0x0000017becfede10 code [0x0000017becfedfa0, 0x0000017becfee070]
Event: 1.820 Thread 0x0000017bf77f9690 nmethod 2147 0x0000017becfee110 code [0x0000017becfee2a0, 0x0000017becfee3c8]
Event: 1.820 Thread 0x0000017bfc21a020 nmethod 2145 0x0000017becfee490 code [0x0000017becfee6a0, 0x0000017becfeead8]
Event: 1.822 Thread 0x0000017bfc21a020 2148       1       java.lang.invoke.MethodHandleImpl$IntrinsicMethodHandle::<init> (25 bytes)
Event: 1.822 Thread 0x0000017bfc21a020 nmethod 2148 0x0000017becfef310 code [0x0000017becfef4e0, 0x0000017becfef800]

GC Heap History (4 events):
Event: 0.971 GC heap before
{Heap before GC invocations=0 (full 0):
 garbage-first heap   total 258048K, used 22528K [0x0000000705800000, 0x0000000800000000)
  region size 2048K, 11 young (22528K), 0 survivors (0K)
 Metaspace       used 4814K, committed 4992K, reserved 1114112K
  class space    used 633K, committed 704K, reserved 1048576K
}
Event: 0.977 GC heap after
{Heap after GC invocations=1 (full 0):
 garbage-first heap   total 258048K, used 5473K [0x0000000705800000, 0x0000000800000000)
  region size 2048K, 2 young (4096K), 2 survivors (4096K)
 Metaspace       used 4814K, committed 4992K, reserved 1114112K
  class space    used 633K, committed 704K, reserved 1048576K
}
Event: 1.716 GC heap before
{Heap before GC invocations=1 (full 0):
 garbage-first heap   total 258048K, used 34145K [0x0000000705800000, 0x0000000800000000)
  region size 2048K, 16 young (32768K), 2 survivors (4096K)
 Metaspace       used 11763K, committed 12160K, reserved 1114112K
  class space    used 1641K, committed 1856K, reserved 1048576K
}
Event: 1.722 GC heap after
{Heap after GC invocations=2 (full 0):
 garbage-first heap   total 258048K, used 8574K [0x0000000705800000, 0x0000000800000000)
  region size 2048K, 2 young (4096K), 2 survivors (4096K)
 Metaspace       used 11763K, committed 12160K, reserved 1114112K
  class space    used 1641K, committed 1856K, reserved 1048576K
}

Dll operation events (10 events):
Event: 0.017 Loaded shared library C:\Users\araom\.jdks\ms-21.0.8\bin\java.dll
Event: 0.173 Loaded shared library C:\Users\araom\.jdks\ms-21.0.8\bin\zip.dll
Event: 0.182 Loaded shared library C:\Users\araom\.jdks\ms-21.0.8\bin\instrument.dll
Event: 0.190 Loaded shared library C:\Users\araom\.jdks\ms-21.0.8\bin\net.dll
Event: 0.194 Loaded shared library C:\Users\araom\.jdks\ms-21.0.8\bin\nio.dll
Event: 0.197 Loaded shared library C:\Users\araom\.jdks\ms-21.0.8\bin\zip.dll
Event: 0.326 Loaded shared library C:\Users\araom\.jdks\ms-21.0.8\bin\extnet.dll
Event: 0.362 Loaded shared library C:\Users\araom\.jdks\ms-21.0.8\bin\jimage.dll
Event: 0.914 Loaded shared library C:\Users\araom\.jdks\ms-21.0.8\bin\management.dll
Event: 0.922 Loaded shared library C:\Users\araom\.jdks\ms-21.0.8\bin\management_ext.dll

Deoptimization events (0 events):
No events

Classes loaded (20 events):
Event: 1.746 Loading class java/io/CharArrayReader
Event: 1.746 Loading class org/xml/sax/ErrorHandler
Event: 1.746 Loading class org/xml/sax/ErrorHandler done
Event: 1.746 Loading class java/io/CharArrayReader done
Event: 1.746 Loading class java/io/StringReader
Event: 1.746 Loading class java/io/StringReader done
Event: 1.746 Loading class org/xml/sax/EntityResolver
Event: 1.746 Loading class org/xml/sax/EntityResolver done
Event: 1.746 Loading class org/xml/sax/SAXParseException
Event: 1.746 Loading class org/xml/sax/SAXException
Event: 1.746 Loading class org/xml/sax/SAXException done
Event: 1.746 Loading class org/xml/sax/SAXParseException done
Event: 1.746 Loading class javax/xml/parsers/ParserConfigurationException
Event: 1.746 Loading class javax/xml/parsers/ParserConfigurationException done
Event: 1.751 Loading class java/io/CharConversionException
Event: 1.751 Loading class java/io/CharConversionException done
Event: 1.763 Loading class java/lang/annotation/Repeatable
Event: 1.763 Loading class java/lang/annotation/Repeatable done
Event: 1.797 Loading class java/lang/Deprecated
Event: 1.797 Loading class java/lang/Deprecated done

Classes unloaded (0 events):
No events

Classes redefined (0 events):
No events

Internal exceptions (20 events):
Event: 1.388 Thread 0x0000017bfc64d7e0 Exception <a 'java/lang/NoSuchMethodError'{0x000000071461fef8}: 'int java.lang.invoke.DirectMethodHandle$Holder.invokeStaticInit(java.lang.Object, long, long)'> (0x000000071461fef8) 
thrown [s\src\hotspot\share\interpreter\linkResolver.cpp, line 773]
Event: 1.389 Thread 0x0000017bfc64d7e0 Exception <a 'java/lang/NoSuchMethodError'{0x0000000714626c40}: 'int java.lang.invoke.DirectMethodHandle$Holder.invokeStaticInit(java.lang.Object, float, float)'> (0x0000000714626c40) 
thrown [s\src\hotspot\share\interpreter\linkResolver.cpp, line 773]
Event: 1.390 Thread 0x0000017bfc64d7e0 Exception <a 'java/lang/NoSuchMethodError'{0x000000071462d980}: 'int java.lang.invoke.DirectMethodHandle$Holder.invokeStaticInit(java.lang.Object, double, double)'> (0x000000071462d980) 
thrown [s\src\hotspot\share\interpreter\linkResolver.cpp, line 773]
Event: 1.391 Thread 0x0000017bfc64d7e0 Exception <a 'java/lang/NoSuchMethodError'{0x0000000714632198}: 'int java.lang.invoke.DirectMethodHandle$Holder.invokeStatic(java.lang.Object, long)'> (0x0000000714632198) 
thrown [s\src\hotspot\share\interpreter\linkResolver.cpp, line 773]
Event: 1.393 Thread 0x0000017bfc64d7e0 Exception <a 'java/lang/NoSuchMethodError'{0x00000007146547f0}: 'int java.lang.invoke.Invokers$Holder.linkToTargetMethod(java.lang.Object, java.lang.Object)'> (0x00000007146547f0) 
thrown [s\src\hotspot\share\interpreter\linkResolver.cpp, line 773]
Event: 1.413 Thread 0x0000017bfc64d7e0 Exception <a 'java/lang/NoSuchMethodError'{0x00000007146cf168}: 'java.lang.Object java.lang.invoke.DirectMethodHandle$Holder.invokeSpecial(java.lang.Object, java.lang.Object, java.lang.Object, int, java.lang.Object)'> (0x00000007146cf168) 
thrown [s\src\hotspot\share\interpreter\linkResolver.cpp, line 773]
Event: 1.413 Thread 0x0000017bfc64d7e0 Exception <a 'java/lang/NoSuchMethodError'{0x00000007146d6c20}: 'java.lang.Object java.lang.invoke.DirectMethodHandle$Holder.newInvokeSpecial(java.lang.Object, java.lang.Object, java.lang.Object, int, java.lang.Object)'> (0x00000007146d6c20) 
thrown [s\src\hotspot\share\interpreter\linkResolver.cpp, line 773]
Event: 1.414 Thread 0x0000017bfc64d7e0 Exception <a 'java/lang/NoSuchMethodError'{0x00000007146de1e8}: 'java.lang.Object java.lang.invoke.Invokers$Holder.linkToTargetMethod(java.lang.Object, java.lang.Object, int, java.lang.Object, java.lang.Object)'> (0x00000007146de1e8) 
thrown [s\src\hotspot\share\interpreter\linkResolver.cpp, line 773]
Event: 1.415 Thread 0x0000017bfc64d7e0 Exception <a 'java/lang/NoSuchMethodError'{0x00000007146ecd78}: 'java.lang.Object java.lang.invoke.DirectMethodHandle$Holder.newInvokeSpecial(java.lang.Object, int, java.lang.Object)'> (0x00000007146ecd78) 
thrown [s\src\hotspot\share\interpreter\linkResolver.cpp, line 773]
Event: 1.416 Thread 0x0000017bfc64d7e0 Exception <a 'java/lang/NoSuchMethodError'{0x00000007146f15b8}: 'int java.lang.invoke.DirectMethodHandle$Holder.invokeSpecialIFC(java.lang.Object, java.lang.Object, java.lang.Object, java.lang.Object)'> (0x00000007146f15b8) 
thrown [s\src\hotspot\share\interpreter\linkResolver.cpp, line 773]
Event: 1.437 Thread 0x0000017bfc64d7e0 Exception <a 'java/lang/NoSuchMethodError'{0x00000007147931d8}: 'void java.lang.invoke.DirectMethodHandle$Holder.invokeInterface(java.lang.Object, java.lang.Object, java.lang.Object)'> (0x00000007147931d8) 
thrown [s\src\hotspot\share\interpreter\linkResolver.cpp, line 773]
Event: 1.461 Thread 0x0000017bfc64d7e0 Exception <a 'java/lang/NoSuchMethodError'{0x000000071442df98}: 'java.lang.Object java.lang.invoke.DirectMethodHandle$Holder.invokeVirtual(java.lang.Object, java.lang.Object, java.lang.Object)'> (0x000000071442df98) 
thrown [s\src\hotspot\share\interpreter\linkResolver.cpp, line 773]
Event: 1.485 Thread 0x0000017bfc64d7e0 Exception <a 'java/lang/NoSuchMethodError'{0x000000071450c0f0}: 'void java.lang.invoke.DirectMethodHandle$Holder.invokeStatic(java.lang.Object, java.lang.Object, int)'> (0x000000071450c0f0) 
thrown [s\src\hotspot\share\interpreter\linkResolver.cpp, line 773]
Event: 1.488 Thread 0x0000017bfc64d7e0 Exception <a 'java/lang/NoSuchMethodError'{0x000000071451b990}: 'void java.lang.invoke.DirectMethodHandle$Holder.invokeStaticInit(java.lang.Object, java.lang.Object, java.lang.Object)'> (0x000000071451b990) 
thrown [s\src\hotspot\share\interpreter\linkResolver.cpp, line 773]
Event: 1.496 Thread 0x0000017bfc64d7e0 Exception <a 'java/lang/NoSuchMethodError'{0x0000000714573858}: 'java.lang.Object java.lang.invoke.DirectMethodHandle$Holder.invokeStaticInit(java.lang.Object, int)'> (0x0000000714573858) 
thrown [s\src\hotspot\share\interpreter\linkResolver.cpp, line 773]
Event: 1.498 Thread 0x0000017bfc64d7e0 Exception <a 'java/lang/NoSuchMethodError'{0x000000071457dc28}: 'java.lang.Object java.lang.invoke.DirectMethodHandle$Holder.invokeStaticInit(java.lang.Object, int, java.lang.Object)'> (0x000000071457dc28) 
thrown [s\src\hotspot\share\interpreter\linkResolver.cpp, line 773]
Event: 1.514 Thread 0x0000017bfc64d7e0 Exception <a 'java/lang/NoSuchMethodError'{0x0000000714211ee0}: 'void java.lang.invoke.DirectMethodHandle$Holder.invokeVirtual(java.lang.Object, java.lang.Object, java.lang.Object, java.lang.Object)'> (0x0000000714211ee0) 
thrown [s\src\hotspot\share\interpreter\linkResolver.cpp, line 773]
Event: 1.593 Thread 0x0000017bfc64d7e0 Exception <a 'java/lang/NoSuchMethodError'{0x00000007140de800}: 'java.lang.Object java.lang.invoke.Invokers$Holder.invoke_MT(java.lang.Object, java.lang.Object, java.lang.Object, java.lang.Object, java.lang.Object, java.lang.Object, java.lang.Object, java.lang.Object, java.lang.Object)'> (0x00000007140de800) 
thrown [s\src\hotspot\share\interpreter\linkResolver.cpp, line 773]
Event: 1.599 Thread 0x0000017bfc64d7e0 Exception <a 'java/lang/NoSuchMethodError'{0x0000000714162a98}: 'java.lang.reflect.Field[] java.lang.Class.getDeclaredFields(java.lang.Class)'> (0x0000000714162a98) 
thrown [s\src\hotspot\share\interpreter\linkResolver.cpp, line 773]
Event: 1.613 Thread 0x0000017bfc64d7e0 Exception <a 'java/lang/IncompatibleClassChangeError'{0x0000000713ea5fe8}: Found class java.lang.Object, but interface was expected> (0x0000000713ea5fe8) 
thrown [s\src\hotspot\share\interpreter\linkResolver.cpp, line 840]

ZGC Phase Switch (0 events):
No events

VM Operations (20 events):
Event: 0.477 Executing VM operation: HandshakeAllThreads (Deoptimize)
Event: 0.477 Executing VM operation: HandshakeAllThreads (Deoptimize) done
Event: 0.502 Executing VM operation: HandshakeAllThreads (Deoptimize)
Event: 0.502 Executing VM operation: HandshakeAllThreads (Deoptimize) done
Event: 0.520 Executing VM operation: HandshakeAllThreads (Deoptimize)
Event: 0.520 Executing VM operation: HandshakeAllThreads (Deoptimize) done
Event: 0.905 Executing VM operation: HandshakeAllThreads (Deoptimize)
Event: 0.905 Executing VM operation: HandshakeAllThreads (Deoptimize) done
Event: 0.971 Executing VM operation: G1CollectForAllocation (G1 Evacuation Pause)
Event: 0.977 Executing VM operation: G1CollectForAllocation (G1 Evacuation Pause) done
Event: 1.383 Executing VM operation: HandshakeAllThreads (Deoptimize)
Event: 1.383 Executing VM operation: HandshakeAllThreads (Deoptimize) done
Event: 1.573 Executing VM operation: HandshakeAllThreads (Deoptimize)
Event: 1.573 Executing VM operation: HandshakeAllThreads (Deoptimize) done
Event: 1.577 Executing VM operation: HandshakeAllThreads (Deoptimize)
Event: 1.577 Executing VM operation: HandshakeAllThreads (Deoptimize) done
Event: 1.578 Executing VM operation: ICBufferFull
Event: 1.579 Executing VM operation: ICBufferFull done
Event: 1.716 Executing VM operation: G1CollectForAllocation (G1 Evacuation Pause)
Event: 1.722 Executing VM operation: G1CollectForAllocation (G1 Evacuation Pause) done

Memory protections (0 events):
No events

Nmethod flushes (0 events):
No events

Events (17 events):
Event: 0.034 Thread 0x0000017be42f6660 Thread added: 0x0000017be42f6660
Event: 0.052 Thread 0x0000017be42f6660 Thread added: 0x0000017bf77e9260
Event: 0.052 Thread 0x0000017be42f6660 Thread added: 0x0000017bf77e9eb0
Event: 0.053 Thread 0x0000017be42f6660 Thread added: 0x0000017bf77f0460
Event: 0.053 Thread 0x0000017be42f6660 Thread added: 0x0000017bf77f5040
Event: 0.053 Thread 0x0000017be42f6660 Thread added: 0x0000017bf77f67b0
Event: 0.053 Thread 0x0000017be42f6660 Thread added: 0x0000017bf77f7f20
Event: 0.053 Thread 0x0000017be42f6660 Thread added: 0x0000017bf77f9690
Event: 0.056 Thread 0x0000017bf77f9690 Thread added: 0x0000017bf781dbb0
Event: 0.145 Thread 0x0000017be42f6660 Thread added: 0x0000017bf7962a40
Event: 0.310 Thread 0x0000017be42f6660 Thread added: 0x0000017bfc121370
Event: 0.310 Thread 0x0000017be42f6660 Thread added: 0x0000017bfc1419e0
Event: 0.609 Thread 0x0000017bf77f9690 Thread added: 0x0000017bfc219980
Event: 0.610 Thread 0x0000017bf77f9690 Thread added: 0x0000017bfc21a020
Event: 0.984 Thread 0x0000017be42f6660 Thread added: 0x0000017bfc5ffec0
Event: 0.994 Thread 0x0000017bfc5ffec0 Thread added: 0x0000017bfc64d7e0
Event: 1.589 Thread 0x0000017bfc64d7e0 Thread added: 0x0000017bfc858fa0


Dynamic libraries:
0x00007ff7cb6c0000 - 0x00007ff7cb6ce000 	C:\Users\araom\.jdks\ms-21.0.8\bin\java.exe
0x00007ff9802a0000 - 0x00007ff980509000 	C:\WINDOWS\SYSTEM32\ntdll.dll
0x00007ff97e070000 - 0x00007ff97e139000 	C:\WINDOWS\System32\KERNEL32.DLL
0x00007ff97dc70000 - 0x00007ff97e063000 	C:\WINDOWS\System32\KERNELBASE.dll
0x00007ff97d4d0000 - 0x00007ff97d61b000 	C:\WINDOWS\System32\ucrtbase.dll
0x00007ff952560000 - 0x00007ff95257e000 	C:\Users\araom\.jdks\ms-21.0.8\bin\VCRUNTIME140.dll
0x00007ff952540000 - 0x00007ff952558000 	C:\Users\araom\.jdks\ms-21.0.8\bin\jli.dll
0x00007ff97eed0000 - 0x00007ff97f094000 	C:\WINDOWS\System32\USER32.dll
0x00007ff97dac0000 - 0x00007ff97dae7000 	C:\WINDOWS\System32\win32u.dll
0x00007ff97e320000 - 0x00007ff97e34b000 	C:\WINDOWS\System32\GDI32.dll
0x00007ff93bd50000 - 0x00007ff93bfe3000 	C:\WINDOWS\WinSxS\amd64_microsoft.windows.common-controls_6595b64144ccf1df_6.0.26100.5074_none_3e0d6f78e32fd63f\COMCTL32.dll
0x00007ff97f0a0000 - 0x00007ff97f149000 	C:\WINDOWS\System32\msvcrt.dll
0x00007ff97d820000 - 0x00007ff97d94d000 	C:\WINDOWS\System32\gdi32full.dll
0x00007ff97da10000 - 0x00007ff97dab3000 	C:\WINDOWS\System32\msvcp_win.dll
0x00007ff97e900000 - 0x00007ff97e92f000 	C:\WINDOWS\System32\IMM32.DLL
0x00007ff952d20000 - 0x00007ff952d2c000 	C:\Users\araom\.jdks\ms-21.0.8\bin\vcruntime140_1.dll
0x00007ff94afe0000 - 0x00007ff94b069000 	C:\Users\araom\.jdks\ms-21.0.8\bin\msvcp140.dll
0x00007ff86b750000 - 0x00007ff86c4fc000 	C:\Users\araom\.jdks\ms-21.0.8\bin\server\jvm.dll
0x00007ff97e840000 - 0x00007ff97e8f4000 	C:\WINDOWS\System32\ADVAPI32.dll
0x00007ff97e940000 - 0x00007ff97e9e6000 	C:\WINDOWS\System32\sechost.dll
0x00007ff97f9e0000 - 0x00007ff97faf8000 	C:\WINDOWS\System32\RPCRT4.dll
0x00007ff97f860000 - 0x00007ff97f8d4000 	C:\WINDOWS\System32\WS2_32.dll
0x00007ff97d280000 - 0x00007ff97d2de000 	C:\WINDOWS\SYSTEM32\POWRPROF.dll
0x00007ff9758b0000 - 0x00007ff9758e5000 	C:\WINDOWS\SYSTEM32\WINMM.dll
0x00007ff96d720000 - 0x00007ff96d72b000 	C:\WINDOWS\SYSTEM32\VERSION.dll
0x00007ff97d260000 - 0x00007ff97d274000 	C:\WINDOWS\SYSTEM32\UMPDC.dll
0x00007ff97c1d0000 - 0x00007ff97c1eb000 	C:\WINDOWS\SYSTEM32\kernel.appcore.dll
0x00007ff952530000 - 0x00007ff95253a000 	C:\Users\araom\.jdks\ms-21.0.8\bin\jimage.dll
0x00007ff963ec0000 - 0x00007ff964102000 	C:\WINDOWS\SYSTEM32\DBGHELP.DLL
0x00007ff97e9f0000 - 0x00007ff97ed6b000 	C:\WINDOWS\System32\combase.dll
0x00007ff97f750000 - 0x00007ff97f827000 	C:\WINDOWS\System32\OLEAUT32.dll
0x00007ff961a50000 - 0x00007ff961a8d000 	C:\WINDOWS\SYSTEM32\dbgcore.DLL
0x00007ff97d430000 - 0x00007ff97d4c9000 	C:\WINDOWS\System32\bcryptPrimitives.dll
0x00007ff952280000 - 0x00007ff952290000 	C:\Users\araom\.jdks\ms-21.0.8\bin\instrument.dll
0x00007ff952500000 - 0x00007ff952521000 	C:\Users\araom\.jdks\ms-21.0.8\bin\java.dll
0x00007ff97fb10000 - 0x00007ff98025d000 	C:\WINDOWS\System32\SHELL32.dll
0x00007ff97d620000 - 0x00007ff97d78c000 	C:\WINDOWS\System32\wintypes.dll
0x00007ff97b050000 - 0x00007ff97b8a9000 	C:\WINDOWS\SYSTEM32\windows.storage.dll
0x00007ff97f8e0000 - 0x00007ff97f9d0000 	C:\WINDOWS\System32\SHCORE.dll
0x00007ff97f6e0000 - 0x00007ff97f742000 	C:\WINDOWS\System32\shlwapi.dll
0x00007ff97d350000 - 0x00007ff97d379000 	C:\WINDOWS\SYSTEM32\profapi.dll
0x00007ff952150000 - 0x00007ff952168000 	C:\Users\araom\.jdks\ms-21.0.8\bin\zip.dll
0x00007ff9522b0000 - 0x00007ff9522c1000 	C:\Users\araom\.jdks\ms-21.0.8\bin\net.dll
0x00007ff976a10000 - 0x00007ff976b2f000 	C:\WINDOWS\SYSTEM32\WINHTTP.dll
0x00007ff97c730000 - 0x00007ff97c79b000 	C:\WINDOWS\system32\mswsock.dll
0x00007ff952290000 - 0x00007ff9522a6000 	C:\Users\araom\.jdks\ms-21.0.8\bin\nio.dll
0x00007ff952140000 - 0x00007ff952149000 	C:\Users\araom\.jdks\ms-21.0.8\bin\extnet.dll
0x00007ff951fc0000 - 0x00007ff951fca000 	C:\Users\araom\.jdks\ms-21.0.8\bin\management.dll
0x00007ff951fb0000 - 0x00007ff951fbc000 	C:\Users\araom\.jdks\ms-21.0.8\bin\management_ext.dll
0x00007ff97eec0000 - 0x00007ff97eec8000 	C:\WINDOWS\System32\PSAPI.DLL

JVMTI agents:
C:\Users\araom\AppData\Local\Programs\IntelliJ IDEA Community Edition\lib\idea_rt.jar path:C:\Users\araom\.jdks\ms-21.0.8\bin\instrument.dll, loaded, initialized, instrumentlib options:62475

dbghelp: loaded successfully - version: 4.0.5 - missing functions: none
symbol engine: initialized successfully - sym options: 0x614 - pdb path: .;C:\Users\araom\.jdks\ms-21.0.8\bin;C:\WINDOWS\SYSTEM32;C:\WINDOWS\WinSxS\amd64_microsoft.windows.common-controls_6595b64144ccf1df_6.0.26100.5074_none_3e0d6f78e32fd63f;C:\Users\araom\.jdks\ms-21.0.8\bin\server

VM Arguments:
jvm_args: -XX:TieredStopAtLevel=1 -Dspring.output.ansi.enabled=always -javaagent:C:\Users\araom\AppData\Local\Programs\IntelliJ IDEA Community Edition\lib\idea_rt.jar=62475 -Dfile.encoding=UTF-8 -Dsun.stdout.encoding=UTF-8 -Dsun.stderr.encoding=UTF-8 
java_command: com.jobportal.Job.Poratl.JobPoratlApplication
java_class_path (initial): C:\Users\araom\OneDrive\Desktop\Job Poratl backend\Job-Poratl\target\classes;C:\Users\araom\.m2\repository\org\springframework\boot\spring-boot-starter-web\4.0.1\spring-boot-starter-web-4.0.1.jar;C:\Users\araom\.m2\repository\org\springframework\boot\spring-boot-starter-jackson\4.0.1\spring-boot-starter-jackson-4.0.1.jar;C:\Users\araom\.m2\repository\org\springframework\boot\spring-boot-jackson\4.0.1\spring-boot-jackson-4.0.1.jar;C:\Users\araom\.m2\repository\tools\jackson\core\jackson-databind\3.0.3\jackson-databind-3.0.3.jar;C:\Users\araom\.m2\repository\tools\jackson\core\jackson-core\3.0.3\jackson-core-3.0.3.jar;C:\Users\araom\.m2\repository\org\springframework\boot\spring-boot-starter-tomcat\4.0.1\spring-boot-starter-tomcat-4.0.1.jar;C:\Users\araom\.m2\repository\org\springframework\boot\spring-boot-starter-tomcat-runtime\4.0.1\spring-boot-starter-tomcat-runtime-4.0.1.jar;C:\Users\araom\.m2\repository\org\springframework\boot\spring-boot-web-server\4.0.1\spring-boot-web-server-4.0.1.jar;C:\Users\araom\.m2\repository\org\apache\tomcat\embed\tomcat-embed-core\11.0.15\tomcat-embed-core-11.0.15.jar;C:\Users\araom\.m2\repository\org\apache\tomcat\embed\tomcat-embed-websocket\11.0.15\tomcat-embed-websocket-11.0.15.jar;C:\Users\araom\.m2\repository\org\springframework\boot\spring-boot-tomcat\4.0.1\spring-boot-tomcat-4.0.1.jar;C:\Users\araom\.m2\repository\org\springframework\boot\spring-boot-http-converter\4.0.1\spring-boot-http-converter-4.0.1.jar;C:\Users\araom\.m2\repository\org\springframework\spring-web\7.0.2\spring-web-7.0.2.jar;C:\Users\araom\.m2\repository\io\micrometer\micrometer-observation\1.16.1\micrometer-observation-1.16.1.jar;C:\Users\araom\.m2\repository\io\micrometer\micrometer-commons\1.16.1\micrometer-commons-1.16.1.jar;C:\Users\araom\.m2\repository\org\springframework\boot\spring-boot-webmvc\4.0.1\spring-boot-webmvc-4.0.1.jar;C:\Users\araom\.m2\repository\org\springframework\boot\spring-boot-servlet\4.0.1\spring-boot-servlet-4.0.1.jar;C:\Users\araom\.m2\repository\org\springframework\spring-webmvc\7.0.2\spring-webmvc-7.0.2.jar;C:\Users\araom\.m2\repository\org\springframework\spring-expression\7.0.2\spring-expression-7.0.2.jar;C:\Users\araom\.m2\repository\org\springframework\boot\spring-boot-starter-data-mongodb\4.0.1\spring-boot-starter-data-mongodb-4.0.1.jar;C:\Users\araom\.m2\repository\org\springframework\boot\spring-boot-starter-mongodb\4.0.1\spring-boot-starter-mongodb-4.0.1.jar;C:\Users\araom\.m2\repository\org\springframework\boot\spring-boot-mongodb\4.0.1\spring-boot-mongodb-4.0.1.jar;C:\Users\araom\.m2\repository\org\mongodb\mongodb-driver-sync\5.6.2\mongodb-driver-sync-5.6.2.jar;C:\Users\araom\.m2\repository\org\mongodb\bson\5.6.2\bson-5.6.2.jar;C:\Users\araom\.m2\repository\org\mongodb\mongodb-driver-core\5.6.2\mongodb-driver-core-5.6.2.jar;C:\Users\araom\.m2\repository\org\mongodb\bson-record-codec\5.6.2\bson-record-codec-5.6.2.jar;C:\Users\araom\.m2\repository\org\springframework\boot\spring-boot-data-mongodb\4.0.1\spring-boot-data-mongodb-4.0.1.jar;C:\Users\araom\.m2\repository\org\springframework\boot\spring-boot-data-commons\4.0.1\spring-boot-data-commons-4.0.1.jar;C:\Users\araom\.m2\repository\org\springframework\boot\spring-boot-persistence\4.0.1\spring-boot-persistence-4.0.1.jar;C:\Users\araom\.m2\repository\org\springframework\data\spring-data-commons\4.0.1\spring-data-commons-4.0.1.jar;C:\Users\araom\.m2\repository\org\springframework\boot\spring-boot-transaction\4.0.1\spring-boot-transaction-4.0.1.jar;C:\Users\araom\.m2\repository\org\springframework\spring-tx\7.0.2\spring-tx-7.0.2.jar;C:\Users\araom\.m2\repository\org\springframework\data\spring-data-mongodb\5.0.1\spring-data-mongodb-5.0.1.jar;C:\Users\araom\.m2\repository\org\projectlombok\lombok\1.18.42\lombok-1.18.42.jar;C:\Users\araom\.m2\repository\org\springframework\boot\spring-boot-devtools\4.0.1\spring-boot-devtools-4.0.1.jar;C:\Users\araom\.m2\repository\org\springframework\boot\spring-boot\4.0.1\spring-boot-4.0.1.jar;C:\Users\araom\.m2\repository\org\springframework\spring-context\7.0.2\spring-context-7.0.2.jar;C:\Users\araom\.m2\repository\org\springframework\boot\spring-boot-autoconfigure\4.0.1\spring-boot-autoconfigure-4.0.1.jar;C:\Users\araom\.m2\repository\org\springframework\boot\spring-boot-starter-validation\4.0.1\spring-boot-starter-validation-4.0.1.jar;C:\Users\araom\.m2\repository\org\springframework\boot\spring-boot-starter\4.0.1\spring-boot-starter-4.0.1.jar;C:\Users\araom\.m2\repository\org\springframework\boot\spring-boot-starter-logging\4.0.1\spring-boot-starter-logging-4.0.1.jar;C:\Users\araom\.m2\repository\ch\qos\logback\logback-classic\1.5.22\logback-classic-1.5.22.jar;C:\Users\araom\.m2\repository\ch\qos\logback\logback-core\1.5.22\logback-core-1.5.22.jar;C:\Users\araom\.m2\repository\org\apache\logging\log4j\log4j-to-slf4j\2.25.3\log4j-to-slf4j-2.25.3.jar;C:\Users\araom\.m2\repository\org\apache\logging\log4j\log4j-api\2.25.3\log4j-api-2.25.3.jar;C:\Users\araom\.m2\repository\org\slf4j\jul-to-slf4j\2.0.17\jul-to-slf4j-2.0.17.jar;C:\Users\araom\.m2\repository\jakarta\annotation\jakarta.annotation-api\3.0.0\jakarta.annotation-api-3.0.0.jar;C:\Users\araom\.m2\repository\org\yaml\snakeyaml\2.5\snakeyaml-2.5.jar;C:\Users\araom\.m2\repository\org\springframework\boot\spring-boot-validation\4.0.1\spring-boot-validation-4.0.1.jar;C:\Users\araom\.m2\repository\org\apache\tomcat\embed\tomcat-embed-el\11.0.15\tomcat-embed-el-11.0.15.jar;C:\Users\araom\.m2\repository\org\hibernate\validator\hibernate-validator\9.0.1.Final\hibernate-validator-9.0.1.Final.jar;C:\Users\araom\.m2\repository\jakarta\validation\jakarta.validation-api\3.1.1\jakarta.validation-api-3.1.1.jar;C:\Users\araom\.m2\repository\org\jboss\logging\jboss-logging\3.6.1.Final\jboss-logging-3.6.1.Final.jar;C:\Users\araom\.m2\repository\com\fasterxml\classmate\1.7.1\classmate-1.7.1.jar;C:\Users\araom\.m2\repository\org\slf4j\slf4j-api\2.0.17\slf4j-api-2.0.17.jar;C:\Users\araom\.m2\repository\jakarta\activation\jakarta.activation-api\2.1.4\jakarta.activation-api-2.1.4.jar;C:\Users\araom\.m2\repository\org\springframework\spring-core\7.0.2\spring-core-7.0.2.jar;C:\Users\araom\.m2\repository\commons-logging\commons-logging\1.3.5\commons-logging-1.3.5.jar;C:\Users\araom\.m2\repository\org\jspecify\jspecify\1.0.0\jspecify-1.0.0.jar;C:\Users\araom\.m2\repository\org\springframework\boot\spring-boot-starter-security\4.0.1\spring-boot-starter-security-4.0.1.jar;C:\Users\araom\.m2\repository\org\springframework\boot\spring-boot-security\4.0.1\spring-boot-security-4.0.1.jar;C:\Users\araom\.m2\repository\org\springframework\security\spring-security-config\7.0.2\spring-security-config-7.0.2.jar;C:\Users\araom\.m2\repository\org\springframework\security\spring-security-core\7.0.2\spring-security-core-7.0.2.jar;C:\Users\araom\.m2\repository\org\springframework\security\spring-security-crypto\7.0.2\spring-security-crypto-7.0.2.jar;C:\Users\araom\.m2\repository\org\springframework\security\spring-security-web\7.0.2\spring-security-web-7.0.2.jar;C:\Users\araom\.m2\repository\org\springframework\spring-aop\7.0.2\spring-aop-7.0.2.jar;C:\Users\araom\.m2\repository\org\springframework\spring-beans\7.0.2\spring-beans-7.0.2.jar;C:\Users\araom\.m2\repository\org\springframework\boot\spring-boot-starter-mail\4.0.1\spring-boot-starter-mail-4.0.1.jar;C:\Users\araom\.m2\repository\org\springframework\boot\spring-boot-mail\4.0.1\spring-boot-mail-4.0.1.jar;C:\Users\araom\.m2\repository\org\springframework\spring-context-support\7.0.2\spring-context-support-7.0.2.jar;C:\Users\araom\.m2\repository\jakarta\mail\jakarta.mail-api\2.1.5\jakarta.mail-api-2.1.5.jar;C:\Users\araom\.m2\repository\org\eclipse\angus\angus-mail\2.0.5\angus-mail-2.0.5.jar;C:\Users\araom\.m2\repository\org\eclipse\angus\angus-activation\2.0.3\angus-activation-2.0.3.jar;C:\Users\araom\.m2\repository\com\fasterxml\jackson\core\jackson-databind\2.20.1\jackson-databind-2.20.1.jar;C:\Users\araom\.m2\repository\com\fasterxml\jackson\core\jackson-annotations\2.20\jackson-annotations-2.20.jar;C:\Users\araom\.m2\repository\com\fasterxml\jackson\core\jackson-core\2.20.1\jackson-core-2.20.1.jar
Launcher Type: SUN_STANDARD

[Global flags]
     intx CICompilerCount                          = 4                                         {product} {ergonomic}
     uint ConcGCThreads                            = 3                                         {product} {ergonomic}
     uint G1ConcRefinementThreads                  = 10                                        {product} {ergonomic}
   size_t G1HeapRegionSize                         = 2097152                                   {product} {ergonomic}
    uintx GCDrainStackTargetSize                   = 64                                        {product} {ergonomic}
   size_t InitialHeapSize                          = 264241152                                 {product} {ergonomic}
   size_t MarkStackSize                            = 4194304                                   {product} {ergonomic}
   size_t MaxHeapSize                              = 4202692608                                {product} {ergonomic}
   size_t MaxNewSize                               = 2520776704                                {product} {ergonomic}
   size_t MinHeapDeltaBytes                        = 2097152                                   {product} {ergonomic}
   size_t MinHeapSize                              = 8388608                                   {product} {ergonomic}
    uintx NonNMethodCodeHeapSize                   = 4096                                   {pd product} {ergonomic}
    uintx NonProfiledCodeHeapSize                  = 0                                      {pd product} {ergonomic}
     bool ProfileInterpreter                       = false                                  {pd product} {command line}
    uintx ProfiledCodeHeapSize                     = 0                                      {pd product} {ergonomic}
   size_t SoftMaxHeapSize                          = 4202692608                             {manageable} {ergonomic}
     intx TieredStopAtLevel                        = 1                                         {product} {command line}
     bool UseCompressedOops                        = true                           {product lp64_product} {ergonomic}
     bool UseG1GC                                  = true                                      {product} {ergonomic}
     bool UseLargePagesIndividualAllocation        = false                                  {pd product} {ergonomic}

Logging:
Log output configuration:
 #0: stdout all=warning uptime,level,tags foldmultilines=false
 #1: stderr all=off uptime,level,tags foldmultilines=false

Environment Variables:
JAVA_HOME=C:\Program Files\Eclipse Adoptium\jdk-21.0.6.7-hotspot\bin
PATH=C:\Program Files\Eclipse Adoptium\jdk-21.0.6.7-hotspot\bin;C:\Python313\Scripts\;C:\Python313\;C:\Python312\Scripts\;C:\Python312\;C:\WINDOWS\system32;C:\WINDOWS;C:\WINDOWS\System32\Wbem;C:\WINDOWS\System32\WindowsPowerShell\v1.0\;C:\WINDOWS\System32\OpenSSH\;C:\Program Files\Git\cmd;C:\Program Files (x86)\dotnet\;C:\MAMP\bin\mysql\bin;C:\Program Files\nodejs\;C:\ProgramData\chocolatey\bin;;C:\Program Files\Docker\Docker\resources\bin;C:\Users\araom\AppData\Local\Programs\Eclipse Adoptium\jdk-21.0.6.7-hotspot\bin;C:\Users\araom\AppData\Local\Microsoft\WindowsApps;C:\Users\araom\AppData\Local\Programs\Microsoft VS Code\bin;C:\Users\araom\AppData\Roaming\npm;C:\Users\araom\AppData\Local\JetBrains\Toolbox\scripts;C:\Users\araom\AppData\Local\Programs\mongosh\
USERNAME=araom
OS=Windows_NT
PROCESSOR_IDENTIFIER=Intel64 Family 6 Model 186 Stepping 3, GenuineIntel
TMP=C:\Users\araom\AppData\Local\Temp
TEMP=C:\Users\araom\AppData\Local\Temp




Periodic native trim disabled

---------------  S Y S T E M  ---------------

OS:
 Windows 11 , 64 bit Build 26100 (10.0.26100.5074)
OS uptime: 0 days 0:22 hours
Hyper-V role detected

CPU: total 12 (initial active 12) (6 cores per cpu, 2 threads per core) family 6 model 186 stepping 3 microcode 0x4129, cx8, cmov, fxsr, ht, mmx, 3dnowpref, sse, sse2, sse3, ssse3, sse4.1, sse4.2, popcnt, lzcnt, tsc, tscinvbit, avx, avx2, aes, erms, clmul, bmi1, bmi2, adx, sha, fma, vzeroupper, clflush, clflushopt, clwb, hv, serialize, rdtscp, rdpid, fsrm, f16c, cet_ibt, cet_ss
Processor Information for the first 12 processors :
  Max Mhz: 1300, Current Mhz: 1300, Mhz Limit: 1300

Memory: 4k page, system-wide physical 16024M (2955M free)
TotalPageFile size 17063M (AvailPageFile size 365M)
current process WorkingSet (physical memory assigned to process): 105M, peak: 105M
current process commit charge ("private bytes"): 366M, peak: 366M

vm_info: OpenJDK 64-Bit Server VM (21.0.8+9-LTS) for windows-amd64 JRE (21.0.8+9-LTS), built on 2025-07-10T20:22:44Z by "MicrosoftCorporation" with unknown MS VC++:1944

END.
