#
# There is insufficient memory for the Java Runtime Environment to continue.
# Native memory allocation (mmap) failed to map 335544320 bytes. Error detail: G1 virtual space
# Possible reasons:
#   The system is out of physical RAM or swap space
#   This process is running with CompressedOops enabled, and the Java Heap may be blocking the growth of the native heap
# Possible solutions:
#   Reduce memory load on the system
#   Increase physical memory or swap space
#   Check if swap backing store is full
#   Decrease Java heap size (-Xmx/-Xms)
#   Decrease number of Java threads
#   Decrease Java thread stack sizes (-Xss)
#   Set larger code cache with -XX:ReservedCodeCacheSize=
#   JVM is running with Zero Based Compressed Oops mode in which the Java heap is
#     placed in the first 32GB address space. The Java Heap base address is the
#     maximum limit for the native heap growth. Please use -XX:HeapBaseMinAddress
#     to set the Java Heap base and to place the Java Heap above 32GB virtual address.
# This output file may be truncated or incomplete.
#
#  Out of Memory Error (os_windows.cpp:3736), pid=23656, tid=13904
#
# JRE version: OpenJDK Runtime Environment Microsoft-11933218 (21.0.8+9) (build 21.0.8+9-LTS)
# Java VM: OpenJDK 64-Bit Server VM Microsoft-11933218 (21.0.8+9-LTS, mixed mode, emulated-client, sharing, tiered, compressed oops, compressed class ptrs, g1 gc, windows-amd64)
# No core dump will be written. Minidumps are not enabled by default on client versions of Windows
#

---------------  S U M M A R Y ------------

Command Line: -agentlib:jdwp=transport=dt_socket,address=127.0.0.1:55841,suspend=y,server=n -javaagent:C:\Users\araom\AppData\Local\JetBrains\IntelliJIdea2025.3\captureAgent\debugger-agent.jar=file:///C:/Users/araom/AppData/Local/Temp/capture6005720116248661200.props -XX:TieredStopAtLevel=1 -Dspring.output.ansi.enabled=always -Dkotlinx.coroutines.debug.enable.creation.stack.trace=false -Ddebugger.agent.enable.coroutines=true -Dkotlinx.coroutines.debug.enable.flows.stack.trace=true -Dkotlinx.coroutines.debug.enable.mutable.state.flows.stack.trace=true -Ddebugger.async.stack.trace.for.all.threads=true -Dfile.encoding=UTF-8 -Dsun.stdout.encoding=UTF-8 -Dsun.stderr.encoding=UTF-8 com.jobportal.Job.Poratl.JobPoratlApplication

Host: 13th Gen Intel(R) Core(TM) i5-1335U, 12 cores, 15G,  Windows 11 , 64 bit Build 26100 (10.0.26100.5074)
Time: Mon Feb  9 13:18:16 2026 elapsed time: 10.967248 seconds (0d 0h 0m 10s)

---------------  T H R E A D  ---------------

Current thread (0x0000025a269e7e60):  VMThread "VM Thread"          [id=13904, stack(0x0000009e3ec00000,0x0000009e3ed00000) (1024K)]

Stack: [0x0000009e3ec00000,0x0000009e3ed00000]
Native frames: (J=compiled Java code, j=interpreted, Vv=VM code, C=native code)
V  [jvm.dll+0x6e1729]
V  [jvm.dll+0x8bf47b]
V  [jvm.dll+0x8c19aa]
V  [jvm.dll+0x8c2083]
V  [jvm.dll+0x289fd6]
V  [jvm.dll+0x6de085]
V  [jvm.dll+0x6d218a]
V  [jvm.dll+0x366f6e]
V  [jvm.dll+0x36ee1b]
V  [jvm.dll+0x3c06b9]
V  [jvm.dll+0x3c095b]
V  [jvm.dll+0x33a8b7]
V  [jvm.dll+0x33a947]
V  [jvm.dll+0x37f68c]
V  [jvm.dll+0x37de6e]
V  [jvm.dll+0x33a011]
V  [jvm.dll+0x37d898]
V  [jvm.dll+0x8c7def]
V  [jvm.dll+0x8c92fc]
V  [jvm.dll+0x8c9874]
V  [jvm.dll+0x8c9973]
V  [jvm.dll+0x86975d]
V  [jvm.dll+0x6dff2d]
C  [ucrtbase.dll+0x37b0]
C  [KERNEL32.DLL+0x2e8d7]
C  [ntdll.dll+0x8d9c]

VM_Operation (0x0000009e415fa9a0): G1TryInitiateConcMark, mode: safepoint, requested by thread 0x0000025a703ba460


---------------  P R O C E S S  ---------------

Threads class SMR info:
_java_thread_list=0x0000025a70d10b70, length=38, elements={
0x0000025a26a072c0, 0x0000025a26a07f10, 0x0000025a26a0ca80, 0x0000025a26a0f8f0,
0x0000025a26a10470, 0x0000025a26a10ff0, 0x0000025a26a11b70, 0x0000025a26b07fe0,
0x0000025a26b952d0, 0x0000025a26bb5eb0, 0x0000025a26bb8690, 0x0000025a26ceee80,
0x0000025a26ccc3f0, 0x0000025a6e747ab0, 0x0000025a6e74c2e0, 0x0000025a6e74bc50,
0x0000025a6f577aa0, 0x0000025a6f578130, 0x0000025a6f5787c0, 0x0000025a6f5794e0,
0x0000025a703b8a20, 0x0000025a703bd250, 0x0000025a703bd8e0, 0x0000025a703ba460,
0x0000025a703bf320, 0x0000025a703be600, 0x0000025a703bec90, 0x0000025a703bf9b0,
0x0000025a6f57af20, 0x0000025a6d093e80, 0x0000025a70a3f0f0, 0x0000025a70a3ea60,
0x0000025a70a404a0, 0x0000025a70a3d020, 0x0000025a70a3d6b0, 0x0000025a704483f0,
0x0000025a70c9acc0, 0x0000025a70c9b390
}

Java Threads: ( => current thread )
  0x0000025a26a072c0 JavaThread "Reference Handler"          daemon [_thread_blocked, id=35368, stack(0x0000009e3ed00000,0x0000009e3ee00000) (1024K)]
  0x0000025a26a07f10 JavaThread "Finalizer"                  daemon [_thread_blocked, id=1140, stack(0x0000009e3ee00000,0x0000009e3ef00000) (1024K)]
  0x0000025a26a0ca80 JavaThread "Signal Dispatcher"          daemon [_thread_blocked, id=28208, stack(0x0000009e3ef00000,0x0000009e3f000000) (1024K)]
  0x0000025a26a0f8f0 JavaThread "Attach Listener"            daemon [_thread_blocked, id=21444, stack(0x0000009e3f000000,0x0000009e3f100000) (1024K)]
  0x0000025a26a10470 JavaThread "Service Thread"             daemon [_thread_blocked, id=10512, stack(0x0000009e3f100000,0x0000009e3f200000) (1024K)]
  0x0000025a26a10ff0 JavaThread "Monitor Deflation Thread"   daemon [_thread_blocked, id=24524, stack(0x0000009e3f200000,0x0000009e3f300000) (1024K)]
  0x0000025a26a11b70 JavaThread "C1 CompilerThread0"         daemon [_thread_blocked, id=28516, stack(0x0000009e3f300000,0x0000009e3f400000) (1024K)]
  0x0000025a26b07fe0 JavaThread "Common-Cleaner"             daemon [_thread_blocked, id=7344, stack(0x0000009e3f400000,0x0000009e3f500000) (1024K)]
  0x0000025a26b952d0 JavaThread "JDWP Transport Listener: dt_socket" daemon [_thread_blocked, id=29832, stack(0x0000009e3f800000,0x0000009e3f900000) (1024K)]
  0x0000025a26bb5eb0 JavaThread "JDWP Event Helper Thread"   daemon [_thread_blocked, id=31384, stack(0x0000009e3f900000,0x0000009e3fa00000) (1024K)]
  0x0000025a26bb8690 JavaThread "JDWP Command Reader"        daemon [_thread_in_native, id=8828, stack(0x0000009e3fa00000,0x0000009e3fb00000) (1024K)]
  0x0000025a26ceee80 JavaThread "IntelliJ Suspend Helper"    daemon [_thread_blocked, id=22364, stack(0x0000009e3fb00000,0x0000009e3fc00000) (1024K)]
  0x0000025a26ccc3f0 JavaThread "Notification Thread"        daemon [_thread_blocked, id=15100, stack(0x0000009e3fc00000,0x0000009e3fd00000) (1024K)]
  0x0000025a6e747ab0 JavaThread "Catalina-utility-1"                [_thread_blocked, id=34244, stack(0x0000009e40800000,0x0000009e40900000) (1024K)]
  0x0000025a6e74c2e0 JavaThread "Catalina-utility-2"                [_thread_blocked, id=5464, stack(0x0000009e40b00000,0x0000009e40c00000) (1024K)]
  0x0000025a6e74bc50 JavaThread "container-0"                       [_thread_blocked, id=21888, stack(0x0000009e40c00000,0x0000009e40d00000) (1024K)]
  0x0000025a6f577aa0 JavaThread "BufferPoolPruner-1-thread-1" daemon [_thread_blocked, id=25896, stack(0x0000009e40d00000,0x0000009e40e00000) (1024K)]
  0x0000025a6f578130 JavaThread "cluster-ClusterId{value='6989600039ca7bc59dca0966', description='null'}-localhost:27017" daemon [_thread_in_native, id=2712, stack(0x0000009e40e00000,0x0000009e40f00000) (1024K)]
  0x0000025a6f5787c0 JavaThread "cluster-rtt-ClusterId{value='6989600039ca7bc59dca0966', description='null'}-localhost:27017" daemon [_thread_blocked, id=22256, stack(0x0000009e41000000,0x0000009e41100000) (1024K)]
  0x0000025a6f5794e0 JavaThread "MaintenanceTimer-2-thread-1" daemon [_thread_blocked, id=456, stack(0x0000009e41100000,0x0000009e41200000) (1024K)]
  0x0000025a703b8a20 JavaThread "File Watcher"               daemon [_thread_blocked, id=34200, stack(0x0000009e41200000,0x0000009e41300000) (1024K)]
  0x0000025a703bd250 JavaThread "http-nio-8080-exec-1"       daemon [_thread_blocked, id=11544, stack(0x0000009e41300000,0x0000009e41400000) (1024K)]
  0x0000025a703bd8e0 JavaThread "http-nio-8080-exec-2"       daemon [_thread_blocked, id=8628, stack(0x0000009e41400000,0x0000009e41500000) (1024K)]
  0x0000025a703ba460 JavaThread "http-nio-8080-exec-3"       daemon [_thread_blocked, id=35360, stack(0x0000009e41500000,0x0000009e41600000) (1024K)]
  0x0000025a703bf320 JavaThread "http-nio-8080-exec-4"       daemon [_thread_blocked, id=1660, stack(0x0000009e41600000,0x0000009e41700000) (1024K)]
  0x0000025a703be600 JavaThread "http-nio-8080-exec-5"       daemon [_thread_blocked, id=29868, stack(0x0000009e41700000,0x0000009e41800000) (1024K)]
  0x0000025a703bec90 JavaThread "http-nio-8080-exec-6"       daemon [_thread_blocked, id=22392, stack(0x0000009e41800000,0x0000009e41900000) (1024K)]
  0x0000025a703bf9b0 JavaThread "http-nio-8080-exec-7"       daemon [_thread_blocked, id=16704, stack(0x0000009e41900000,0x0000009e41a00000) (1024K)]
  0x0000025a6f57af20 JavaThread "http-nio-8080-exec-8"       daemon [_thread_blocked, id=10312, stack(0x0000009e41a00000,0x0000009e41b00000) (1024K)]
  0x0000025a6d093e80 JavaThread "http-nio-8080-exec-9"       daemon [_thread_blocked, id=19776, stack(0x0000009e41b00000,0x0000009e41c00000) (1024K)]
  0x0000025a70a3f0f0 JavaThread "http-nio-8080-exec-10"      daemon [_thread_blocked, id=35144, stack(0x0000009e41c00000,0x0000009e41d00000) (1024K)]
  0x0000025a70a3ea60 JavaThread "http-nio-8080-Poller"       daemon [_thread_blocked, id=7880, stack(0x0000009e41d00000,0x0000009e41e00000) (1024K)]
  0x0000025a70a404a0 JavaThread "http-nio-8080-Acceptor"     daemon [_thread_in_native, id=3476, stack(0x0000009e41e00000,0x0000009e41f00000) (1024K)]
  0x0000025a70a3d020 JavaThread "scheduling-1"                      [_thread_blocked, id=11044, stack(0x0000009e41f00000,0x0000009e42000000) (1024K)]
  0x0000025a70a3d6b0 JavaThread "DestroyJavaVM"                     [_thread_blocked, id=8604, stack(0x0000009e3e500000,0x0000009e3e600000) (1024K)]
  0x0000025a704483f0 JavaThread "C1 CompilerThread1"         daemon [_thread_blocked, id=26092, stack(0x0000009e3f500000,0x0000009e3f600000) (1024K)]
  0x0000025a70c9acc0 JavaThread "C1 CompilerThread2"         daemon [_thread_blocked, id=35004, stack(0x0000009e3f600000,0x0000009e3f700000) (1024K)]
  0x0000025a70c9b390 JavaThread "C1 CompilerThread3"         daemon [_thread_blocked, id=24572, stack(0x0000009e3f700000,0x0000009e3f800000) (1024K)]
Total: 38

Other Threads:
=>0x0000025a269e7e60 VMThread "VM Thread"                           [id=13904, stack(0x0000009e3ec00000,0x0000009e3ed00000) (1024K)]
  0x0000025a269cce60 WatcherThread "VM Periodic Task Thread"        [id=35804, stack(0x0000009e3eb00000,0x0000009e3ec00000) (1024K)]
  0x0000025a13492580 WorkerThread "GC Thread#0"                     [id=31008, stack(0x0000009e3e600000,0x0000009e3e700000) (1024K)]
  0x0000025a6c8cc2f0 WorkerThread "GC Thread#1"                     [id=35316, stack(0x0000009e3fd00000,0x0000009e3fe00000) (1024K)]
  0x0000025a6c62b390 WorkerThread "GC Thread#2"                     [id=948, stack(0x0000009e3fe00000,0x0000009e3ff00000) (1024K)]
  0x0000025a6c99c960 WorkerThread "GC Thread#3"                     [id=35260, stack(0x0000009e3ff00000,0x0000009e40000000) (1024K)]
  0x0000025a6ca14880 WorkerThread "GC Thread#4"                     [id=35752, stack(0x0000009e40000000,0x0000009e40100000) (1024K)]
  0x0000025a6ca14c20 WorkerThread "GC Thread#5"                     [id=3896, stack(0x0000009e40100000,0x0000009e40200000) (1024K)]
  0x0000025a6ca5eac0 WorkerThread "GC Thread#6"                     [id=3428, stack(0x0000009e40200000,0x0000009e40300000) (1024K)]
  0x0000025a6ca5d8a0 WorkerThread "GC Thread#7"                     [id=35448, stack(0x0000009e40300000,0x0000009e40400000) (1024K)]
  0x0000025a6ca5e720 WorkerThread "GC Thread#8"                     [id=35608, stack(0x0000009e40400000,0x0000009e40500000) (1024K)]
  0x0000025a6ca5dfe0 WorkerThread "GC Thread#9"                     [id=19440, stack(0x0000009e40500000,0x0000009e40600000) (1024K)]
  0x0000025a134f63d0 ConcurrentGCThread "G1 Main Marker"            [id=29852, stack(0x0000009e3e700000,0x0000009e3e800000) (1024K)]
  0x0000025a134f7c60 WorkerThread "G1 Conc#0"                       [id=26172, stack(0x0000009e3e800000,0x0000009e3e900000) (1024K)]
  0x0000025a6cf64c30 WorkerThread "G1 Conc#1"                       [id=5728, stack(0x0000009e40900000,0x0000009e40a00000) (1024K)]
  0x0000025a6cf62b90 WorkerThread "G1 Conc#2"                       [id=22924, stack(0x0000009e40a00000,0x0000009e40b00000) (1024K)]
  0x0000025a268a0910 ConcurrentGCThread "G1 Refine#0"               [id=6376, stack(0x0000009e3e900000,0x0000009e3ea00000) (1024K)]
  0x0000025a268a1390 ConcurrentGCThread "G1 Service"                [id=18028, stack(0x0000009e3ea00000,0x0000009e3eb00000) (1024K)]
Total: 18

Threads with active compile tasks:
Total: 0

VM state: at safepoint (normal execution)

VM Mutex/Monitor currently owned by a thread:  ([mutex/lock_event])
[0x00007fff8d6aa7c8] Threads_lock - owner thread: 0x0000025a269e7e60
[0x00007fff8d6aa8c8] Heap_lock - owner thread: 0x0000025a703ba460

Heap address: 0x0000000705800000, size: 4008 MB, Compressed Oops mode: Zero based, Oop shift amount: 3

CDS archive(s) mapped at: [0x0000025a27000000-0x0000025a27c80000-0x0000025a27c80000), size 13107200, SharedBaseAddress: 0x0000025a27000000, ArchiveRelocationMode: 1.
Compressed class space mapped at: 0x0000025a28000000-0x0000025a68000000, reserved size: 1073741824
Narrow klass base: 0x0000025a27000000, Narrow klass shift: 0, Narrow klass range: 0x100000000

GC Precious Log:
 CardTable entry size: 512
 Card Set container configuration: InlinePtr #cards 4 size 8 Array Of Cards #cards 16 size 48 Howl #buckets 8 coarsen threshold 3686 Howl Bitmap #cards 512 size 80 coarsen threshold 460 Card regions per heap region 1 cards per card region 4096
 CPUs: 12 total, 12 available
 Memory: 16024M
 Large Page Support: Disabled
 NUMA Support: Disabled
 Compressed Oops: Enabled (Zero based)
 Heap Region Size: 2M
 Heap Min Capacity: 8M
 Heap Initial Capacity: 252M
 Heap Max Capacity: 4008M
 Pre-touch: Disabled
 Parallel Workers: 10
 Concurrent Workers: 3
 Concurrent Refinement Workers: 10
 Periodic GC: Disabled

Heap:
 garbage-first heap   total 307200K, used 79291K [0x0000000705800000, 0x0000000800000000)
  region size 2048K, 4 young (8192K), 4 survivors (8192K)
 Metaspace       used 53256K, committed 54016K, reserved 1114112K
  class space    used 7341K, committed 7680K, reserved 1048576K

Heap Regions: E=young(eden), S=young(survivor), O=old, HS=humongous(starts), HC=humongous(continues), CS=collection set, F=free, TAMS=top-at-mark-start, PB=parsable bottom
|   0|0x0000000705800000, 0x0000000705a00000, 0x0000000705a00000|100%| O|  |TAMS 0x0000000705a00000| PB 0x0000000705800000| Untracked 
|   1|0x0000000705a00000, 0x0000000705c00000, 0x0000000705c00000|100%| O|  |TAMS 0x0000000705c00000| PB 0x0000000705a00000| Untracked 
|   2|0x0000000705c00000, 0x0000000705e00000, 0x0000000705e00000|100%| O|  |TAMS 0x0000000705e00000| PB 0x0000000705c00000| Untracked 
|   3|0x0000000705e00000, 0x0000000706000000, 0x0000000706000000|100%| O|  |TAMS 0x0000000706000000| PB 0x0000000705e00000| Untracked 
|   4|0x0000000706000000, 0x0000000706200000, 0x0000000706200000|100%| O|  |TAMS 0x0000000706200000| PB 0x0000000706000000| Untracked 
|   5|0x0000000706200000, 0x0000000706400000, 0x0000000706400000|100%| O|  |TAMS 0x0000000706400000| PB 0x0000000706200000| Untracked 
|   6|0x0000000706400000, 0x0000000706400000, 0x0000000706600000|  0%| F|  |TAMS 0x0000000706400000| PB 0x0000000706400000| Untracked 
|   7|0x0000000706600000, 0x0000000706800000, 0x0000000706800000|100%| O|  |TAMS 0x0000000706800000| PB 0x0000000706600000| Untracked 
|   8|0x0000000706800000, 0x0000000706a00000, 0x0000000706a00000|100%|HS|  |TAMS 0x0000000706a00000| PB 0x0000000706800000| Complete 
|   9|0x0000000706a00000, 0x0000000706c00000, 0x0000000706c00000|100%| O|  |TAMS 0x0000000706c00000| PB 0x0000000706a00000| Untracked 
|  10|0x0000000706c00000, 0x0000000706e00000, 0x0000000706e00000|100%| O|  |TAMS 0x0000000706e00000| PB 0x0000000706c00000| Untracked 
|  11|0x0000000706e00000, 0x0000000707000000, 0x0000000707000000|100%|HS|  |TAMS 0x0000000707000000| PB 0x0000000706e00000| Complete 
|  12|0x0000000707000000, 0x0000000707200000, 0x0000000707200000|100%|HC|  |TAMS 0x0000000707200000| PB 0x0000000707000000| Complete 
|  13|0x0000000707200000, 0x0000000707400000, 0x0000000707400000|100%|HS|  |TAMS 0x0000000707400000| PB 0x0000000707200000| Complete 
|  14|0x0000000707400000, 0x0000000707600000, 0x0000000707600000|100%|HC|  |TAMS 0x0000000707600000| PB 0x0000000707400000| Complete 
|  15|0x0000000707600000, 0x0000000707800000, 0x0000000707800000|100%|HC|  |TAMS 0x0000000707800000| PB 0x0000000707600000| Complete 
|  16|0x0000000707800000, 0x0000000707a00000, 0x0000000707a00000|100%|HC|  |TAMS 0x0000000707a00000| PB 0x0000000707800000| Complete 
|  17|0x0000000707a00000, 0x0000000707c00000, 0x0000000707c00000|100%|HC|  |TAMS 0x0000000707c00000| PB 0x0000000707a00000| Complete 
|  18|0x0000000707c00000, 0x0000000707e00000, 0x0000000707e00000|100%|HS|  |TAMS 0x0000000707e00000| PB 0x0000000707c00000| Complete 
|  19|0x0000000707e00000, 0x0000000708000000, 0x0000000708000000|100%|HC|  |TAMS 0x0000000708000000| PB 0x0000000707e00000| Complete 
|  20|0x0000000708000000, 0x0000000708000000, 0x0000000708200000|  0%| F|  |TAMS 0x0000000708000000| PB 0x0000000708000000| Untracked 
|  21|0x0000000708200000, 0x0000000708400000, 0x0000000708400000|100%|HS|  |TAMS 0x0000000708400000| PB 0x0000000708200000| Complete 
|  22|0x0000000708400000, 0x0000000708600000, 0x0000000708600000|100%|HC|  |TAMS 0x0000000708600000| PB 0x0000000708400000| Complete 
|  23|0x0000000708600000, 0x0000000708800000, 0x0000000708800000|100%|HS|  |TAMS 0x0000000708800000| PB 0x0000000708600000| Complete 
|  24|0x0000000708800000, 0x0000000708a00000, 0x0000000708a00000|100%|HS|  |TAMS 0x0000000708a00000| PB 0x0000000708800000| Complete 
|  25|0x0000000708a00000, 0x0000000708c00000, 0x0000000708c00000|100%|HS|  |TAMS 0x0000000708c00000| PB 0x0000000708a00000| Complete 
|  26|0x0000000708c00000, 0x0000000708e00000, 0x0000000708e00000|100%|HC|  |TAMS 0x0000000708e00000| PB 0x0000000708c00000| Complete 
|  27|0x0000000708e00000, 0x0000000708e00000, 0x0000000709000000|  0%| F|  |TAMS 0x0000000708e00000| PB 0x0000000708e00000| Untracked 
|  28|0x0000000709000000, 0x0000000709000000, 0x0000000709200000|  0%| F|  |TAMS 0x0000000709000000| PB 0x0000000709000000| Untracked 
|  29|0x0000000709200000, 0x0000000709200000, 0x0000000709400000|  0%| F|  |TAMS 0x0000000709200000| PB 0x0000000709200000| Untracked 
|  30|0x0000000709400000, 0x0000000709400000, 0x0000000709600000|  0%| F|  |TAMS 0x0000000709400000| PB 0x0000000709400000| Untracked 
|  31|0x0000000709600000, 0x0000000709800000, 0x0000000709800000|100%|HS|  |TAMS 0x0000000709800000| PB 0x0000000709600000| Complete 
|  32|0x0000000709800000, 0x0000000709800000, 0x0000000709a00000|  0%| F|  |TAMS 0x0000000709800000| PB 0x0000000709800000| Untracked 
|  33|0x0000000709a00000, 0x0000000709a00000, 0x0000000709c00000|  0%| F|  |TAMS 0x0000000709a00000| PB 0x0000000709a00000| Untracked 
|  34|0x0000000709c00000, 0x0000000709c00000, 0x0000000709e00000|  0%| F|  |TAMS 0x0000000709c00000| PB 0x0000000709c00000| Untracked 
|  35|0x0000000709e00000, 0x0000000709e00000, 0x000000070a000000|  0%| F|  |TAMS 0x0000000709e00000| PB 0x0000000709e00000| Untracked 
|  36|0x000000070a000000, 0x000000070a000000, 0x000000070a200000|  0%| F|  |TAMS 0x000000070a000000| PB 0x000000070a000000| Untracked 
|  37|0x000000070a200000, 0x000000070a200000, 0x000000070a400000|  0%| F|  |TAMS 0x000000070a200000| PB 0x000000070a200000| Untracked 
|  38|0x000000070a400000, 0x000000070a400000, 0x000000070a600000|  0%| F|  |TAMS 0x000000070a400000| PB 0x000000070a400000| Untracked 
|  39|0x000000070a600000, 0x000000070a600000, 0x000000070a800000|  0%| F|  |TAMS 0x000000070a600000| PB 0x000000070a600000| Untracked 
|  40|0x000000070a800000, 0x000000070aa00000, 0x000000070aa00000|100%| O|  |TAMS 0x000000070aa00000| PB 0x000000070a800000| Untracked 
|  41|0x000000070aa00000, 0x000000070ac00000, 0x000000070ac00000|100%| O|  |TAMS 0x000000070ac00000| PB 0x000000070aa00000| Untracked 
|  42|0x000000070ac00000, 0x000000070ae00000, 0x000000070ae00000|100%| O|  |TAMS 0x000000070ae00000| PB 0x000000070ac00000| Untracked 
|  43|0x000000070ae00000, 0x000000070aee6ce0, 0x000000070b000000| 45%| O|  |TAMS 0x000000070aee6ce0| PB 0x000000070ae00000| Untracked 
|  44|0x000000070b000000, 0x000000070b000000, 0x000000070b200000|  0%| F|  |TAMS 0x000000070b000000| PB 0x000000070b000000| Untracked 
|  45|0x000000070b200000, 0x000000070b200000, 0x000000070b400000|  0%| F|  |TAMS 0x000000070b200000| PB 0x000000070b200000| Untracked 
|  46|0x000000070b400000, 0x000000070b400000, 0x000000070b600000|  0%| F|  |TAMS 0x000000070b400000| PB 0x000000070b400000| Untracked 
|  47|0x000000070b600000, 0x000000070b600000, 0x000000070b800000|  0%| F|  |TAMS 0x000000070b600000| PB 0x000000070b600000| Untracked 
|  48|0x000000070b800000, 0x000000070b800000, 0x000000070ba00000|  0%| F|  |TAMS 0x000000070b800000| PB 0x000000070b800000| Untracked 
|  49|0x000000070ba00000, 0x000000070ba00000, 0x000000070bc00000|  0%| F|  |TAMS 0x000000070ba00000| PB 0x000000070ba00000| Untracked 
|  50|0x000000070bc00000, 0x000000070bc00000, 0x000000070be00000|  0%| F|  |TAMS 0x000000070bc00000| PB 0x000000070bc00000| Untracked 
|  51|0x000000070be00000, 0x000000070be00000, 0x000000070c000000|  0%| F|  |TAMS 0x000000070be00000| PB 0x000000070be00000| Untracked 
|  52|0x000000070c000000, 0x000000070c000000, 0x000000070c200000|  0%| F|  |TAMS 0x000000070c000000| PB 0x000000070c000000| Untracked 
|  53|0x000000070c200000, 0x000000070c400000, 0x000000070c400000|100%|HS|  |TAMS 0x000000070c400000| PB 0x000000070c200000| Complete 
|  54|0x000000070c400000, 0x000000070c400000, 0x000000070c600000|  0%| F|  |TAMS 0x000000070c400000| PB 0x000000070c400000| Untracked 
|  55|0x000000070c600000, 0x000000070c600000, 0x000000070c800000|  0%| F|  |TAMS 0x000000070c600000| PB 0x000000070c600000| Untracked 
|  56|0x000000070c800000, 0x000000070c800000, 0x000000070ca00000|  0%| F|  |TAMS 0x000000070c800000| PB 0x000000070c800000| Untracked 
|  57|0x000000070ca00000, 0x000000070ca00000, 0x000000070cc00000|  0%| F|  |TAMS 0x000000070ca00000| PB 0x000000070ca00000| Untracked 
|  58|0x000000070cc00000, 0x000000070ce00000, 0x000000070ce00000|100%|HS|  |TAMS 0x000000070ce00000| PB 0x000000070cc00000| Complete 
|  59|0x000000070ce00000, 0x000000070d000000, 0x000000070d000000|100%|HS|  |TAMS 0x000000070d000000| PB 0x000000070ce00000| Complete 
|  60|0x000000070d000000, 0x000000070d200000, 0x000000070d200000|100%|HS|  |TAMS 0x000000070d200000| PB 0x000000070d000000| Complete 
|  61|0x000000070d200000, 0x000000070d200000, 0x000000070d400000|  0%| F|  |TAMS 0x000000070d200000| PB 0x000000070d200000| Untracked 
|  62|0x000000070d400000, 0x000000070d400000, 0x000000070d600000|  0%| F|  |TAMS 0x000000070d400000| PB 0x000000070d400000| Untracked 
|  63|0x000000070d600000, 0x000000070d800000, 0x000000070d800000|100%|HS|  |TAMS 0x000000070d800000| PB 0x000000070d600000| Complete 
|  64|0x000000070d800000, 0x000000070da00000, 0x000000070da00000|100%|HC|  |TAMS 0x000000070da00000| PB 0x000000070d800000| Complete 
|  65|0x000000070da00000, 0x000000070da00000, 0x000000070dc00000|  0%| F|  |TAMS 0x000000070da00000| PB 0x000000070da00000| Untracked 
|  66|0x000000070dc00000, 0x000000070dc00000, 0x000000070de00000|  0%| F|  |TAMS 0x000000070dc00000| PB 0x000000070dc00000| Untracked 
|  67|0x000000070de00000, 0x000000070de00000, 0x000000070e000000|  0%| F|  |TAMS 0x000000070de00000| PB 0x000000070de00000| Untracked 
|  68|0x000000070e000000, 0x000000070e000000, 0x000000070e200000|  0%| F|  |TAMS 0x000000070e000000| PB 0x000000070e000000| Untracked 
|  69|0x000000070e200000, 0x000000070e200000, 0x000000070e400000|  0%| F|  |TAMS 0x000000070e200000| PB 0x000000070e200000| Untracked 
|  70|0x000000070e400000, 0x000000070e400000, 0x000000070e600000|  0%| F|  |TAMS 0x000000070e400000| PB 0x000000070e400000| Untracked 
|  71|0x000000070e600000, 0x000000070e600000, 0x000000070e800000|  0%| F|  |TAMS 0x000000070e600000| PB 0x000000070e600000| Untracked 
|  72|0x000000070e800000, 0x000000070e800000, 0x000000070ea00000|  0%| F|  |TAMS 0x000000070e800000| PB 0x000000070e800000| Untracked 
|  73|0x000000070ea00000, 0x000000070ea00000, 0x000000070ec00000|  0%| F|  |TAMS 0x000000070ea00000| PB 0x000000070ea00000| Untracked 
|  74|0x000000070ec00000, 0x000000070ec00000, 0x000000070ee00000|  0%| F|  |TAMS 0x000000070ec00000| PB 0x000000070ec00000| Untracked 
|  75|0x000000070ee00000, 0x000000070ee00000, 0x000000070f000000|  0%| F|  |TAMS 0x000000070ee00000| PB 0x000000070ee00000| Untracked 
|  76|0x000000070f000000, 0x000000070f000000, 0x000000070f200000|  0%| F|  |TAMS 0x000000070f000000| PB 0x000000070f000000| Untracked 
|  77|0x000000070f200000, 0x000000070f200000, 0x000000070f400000|  0%| F|  |TAMS 0x000000070f200000| PB 0x000000070f200000| Untracked 
|  78|0x000000070f400000, 0x000000070f400000, 0x000000070f600000|  0%| F|  |TAMS 0x000000070f400000| PB 0x000000070f400000| Untracked 
|  79|0x000000070f600000, 0x000000070f600000, 0x000000070f800000|  0%| F|  |TAMS 0x000000070f600000| PB 0x000000070f600000| Untracked 
|  80|0x000000070f800000, 0x000000070f800000, 0x000000070fa00000|  0%| F|  |TAMS 0x000000070f800000| PB 0x000000070f800000| Untracked 
|  81|0x000000070fa00000, 0x000000070fa00000, 0x000000070fc00000|  0%| F|  |TAMS 0x000000070fa00000| PB 0x000000070fa00000| Untracked 
|  82|0x000000070fc00000, 0x000000070fc00000, 0x000000070fe00000|  0%| F|  |TAMS 0x000000070fc00000| PB 0x000000070fc00000| Untracked 
|  83|0x000000070fe00000, 0x000000070fe00000, 0x0000000710000000|  0%| F|  |TAMS 0x000000070fe00000| PB 0x000000070fe00000| Untracked 
|  84|0x0000000710000000, 0x0000000710000000, 0x0000000710200000|  0%| F|  |TAMS 0x0000000710000000| PB 0x0000000710000000| Untracked 
|  85|0x0000000710200000, 0x0000000710200000, 0x0000000710400000|  0%| F|  |TAMS 0x0000000710200000| PB 0x0000000710200000| Untracked 
|  86|0x0000000710400000, 0x0000000710400000, 0x0000000710600000|  0%| F|  |TAMS 0x0000000710400000| PB 0x0000000710400000| Untracked 
|  87|0x0000000710600000, 0x0000000710600000, 0x0000000710800000|  0%| F|  |TAMS 0x0000000710600000| PB 0x0000000710600000| Untracked 
|  88|0x0000000710800000, 0x0000000710800000, 0x0000000710a00000|  0%| F|  |TAMS 0x0000000710800000| PB 0x0000000710800000| Untracked 
|  89|0x0000000710a00000, 0x0000000710a00000, 0x0000000710c00000|  0%| F|  |TAMS 0x0000000710a00000| PB 0x0000000710a00000| Untracked 
|  90|0x0000000710c00000, 0x0000000710c00000, 0x0000000710e00000|  0%| F|  |TAMS 0x0000000710c00000| PB 0x0000000710c00000| Untracked 
|  91|0x0000000710e00000, 0x0000000710e00000, 0x0000000711000000|  0%| F|  |TAMS 0x0000000710e00000| PB 0x0000000710e00000| Untracked 
|  92|0x0000000711000000, 0x0000000711000000, 0x0000000711200000|  0%| F|  |TAMS 0x0000000711000000| PB 0x0000000711000000| Untracked 
|  93|0x0000000711200000, 0x0000000711200000, 0x0000000711400000|  0%| F|  |TAMS 0x0000000711200000| PB 0x0000000711200000| Untracked 
|  94|0x0000000711400000, 0x0000000711400000, 0x0000000711600000|  0%| F|  |TAMS 0x0000000711400000| PB 0x0000000711400000| Untracked 
|  95|0x0000000711600000, 0x0000000711600000, 0x0000000711800000|  0%| F|  |TAMS 0x0000000711600000| PB 0x0000000711600000| Untracked 
|  96|0x0000000711800000, 0x0000000711800000, 0x0000000711a00000|  0%| F|  |TAMS 0x0000000711800000| PB 0x0000000711800000| Untracked 
|  97|0x0000000711a00000, 0x0000000711a00000, 0x0000000711c00000|  0%| F|  |TAMS 0x0000000711a00000| PB 0x0000000711a00000| Untracked 
|  98|0x0000000711c00000, 0x0000000711c00000, 0x0000000711e00000|  0%| F|  |TAMS 0x0000000711c00000| PB 0x0000000711c00000| Untracked 
|  99|0x0000000711e00000, 0x0000000711e00000, 0x0000000712000000|  0%| F|  |TAMS 0x0000000711e00000| PB 0x0000000711e00000| Untracked 
| 100|0x0000000712000000, 0x0000000712000000, 0x0000000712200000|  0%| F|  |TAMS 0x0000000712000000| PB 0x0000000712000000| Untracked 
| 101|0x0000000712200000, 0x0000000712200000, 0x0000000712400000|  0%| F|  |TAMS 0x0000000712200000| PB 0x0000000712200000| Untracked 
| 102|0x0000000712400000, 0x0000000712400000, 0x0000000712600000|  0%| F|  |TAMS 0x0000000712400000| PB 0x0000000712400000| Untracked 
| 103|0x0000000712600000, 0x0000000712600000, 0x0000000712800000|  0%| F|  |TAMS 0x0000000712600000| PB 0x0000000712600000| Untracked 
| 104|0x0000000712800000, 0x0000000712800000, 0x0000000712a00000|  0%| F|  |TAMS 0x0000000712800000| PB 0x0000000712800000| Untracked 
| 105|0x0000000712a00000, 0x0000000712a00000, 0x0000000712c00000|  0%| F|  |TAMS 0x0000000712a00000| PB 0x0000000712a00000| Untracked 
| 106|0x0000000712c00000, 0x0000000712c00000, 0x0000000712e00000|  0%| F|  |TAMS 0x0000000712c00000| PB 0x0000000712c00000| Untracked 
| 107|0x0000000712e00000, 0x0000000712e00000, 0x0000000713000000|  0%| F|  |TAMS 0x0000000712e00000| PB 0x0000000712e00000| Untracked 
| 108|0x0000000713000000, 0x0000000713000000, 0x0000000713200000|  0%| F|  |TAMS 0x0000000713000000| PB 0x0000000713000000| Untracked 
| 109|0x0000000713200000, 0x0000000713200000, 0x0000000713400000|  0%| F|  |TAMS 0x0000000713200000| PB 0x0000000713200000| Untracked 
| 110|0x0000000713400000, 0x0000000713400000, 0x0000000713600000|  0%| F|  |TAMS 0x0000000713400000| PB 0x0000000713400000| Untracked 
| 111|0x0000000713600000, 0x0000000713600000, 0x0000000713800000|  0%| F|  |TAMS 0x0000000713600000| PB 0x0000000713600000| Untracked 
| 112|0x0000000713800000, 0x0000000713800000, 0x0000000713a00000|  0%| F|  |TAMS 0x0000000713800000| PB 0x0000000713800000| Untracked 
| 113|0x0000000713a00000, 0x0000000713a00000, 0x0000000713c00000|  0%| F|  |TAMS 0x0000000713a00000| PB 0x0000000713a00000| Untracked 
| 114|0x0000000713c00000, 0x0000000713c00000, 0x0000000713e00000|  0%| F|  |TAMS 0x0000000713c00000| PB 0x0000000713c00000| Untracked 
| 115|0x0000000713e00000, 0x0000000713e00000, 0x0000000714000000|  0%| F|  |TAMS 0x0000000713e00000| PB 0x0000000713e00000| Untracked 
| 116|0x0000000714000000, 0x0000000714000000, 0x0000000714200000|  0%| F|  |TAMS 0x0000000714000000| PB 0x0000000714000000| Untracked 
| 117|0x0000000714200000, 0x0000000714200000, 0x0000000714400000|  0%| F|  |TAMS 0x0000000714200000| PB 0x0000000714200000| Untracked 
| 118|0x0000000714400000, 0x0000000714400000, 0x0000000714600000|  0%| F|  |TAMS 0x0000000714400000| PB 0x0000000714400000| Untracked 
| 119|0x0000000714600000, 0x0000000714600000, 0x0000000714800000|  0%| F|  |TAMS 0x0000000714600000| PB 0x0000000714600000| Untracked 
| 120|0x0000000714800000, 0x0000000714800000, 0x0000000714a00000|  0%| F|  |TAMS 0x0000000714800000| PB 0x0000000714800000| Untracked 
| 121|0x0000000714a00000, 0x0000000714a00000, 0x0000000714c00000|  0%| F|  |TAMS 0x0000000714a00000| PB 0x0000000714a00000| Untracked 
| 122|0x0000000714c00000, 0x0000000714c00000, 0x0000000714e00000|  0%| F|  |TAMS 0x0000000714c00000| PB 0x0000000714c00000| Untracked 
| 123|0x0000000714e00000, 0x0000000714e00000, 0x0000000715000000|  0%| F|  |TAMS 0x0000000714e00000| PB 0x0000000714e00000| Untracked 
| 124|0x0000000715000000, 0x0000000715000000, 0x0000000715200000|  0%| F|  |TAMS 0x0000000715000000| PB 0x0000000715000000| Untracked 
| 125|0x0000000715200000, 0x0000000715200000, 0x0000000715400000|  0%| F|  |TAMS 0x0000000715200000| PB 0x0000000715200000| Untracked 
| 126|0x0000000715400000, 0x0000000715400000, 0x0000000715600000|  0%| F|  |TAMS 0x0000000715400000| PB 0x0000000715400000| Untracked 
| 127|0x0000000715600000, 0x0000000715600000, 0x0000000715800000|  0%| F|  |TAMS 0x0000000715600000| PB 0x0000000715600000| Untracked 
| 128|0x0000000715800000, 0x0000000715888250, 0x0000000715a00000| 26%| S|CS|TAMS 0x0000000715800000| PB 0x0000000715800000| Complete 
| 129|0x0000000715a00000, 0x0000000715c00000, 0x0000000715c00000|100%| S|CS|TAMS 0x0000000715a00000| PB 0x0000000715a00000| Complete 
| 130|0x0000000715c00000, 0x0000000715e00000, 0x0000000715e00000|100%| S|CS|TAMS 0x0000000715c00000| PB 0x0000000715c00000| Complete 
| 131|0x0000000715e00000, 0x0000000716000000, 0x0000000716000000|100%| S|CS|TAMS 0x0000000715e00000| PB 0x0000000715e00000| Complete 
| 132|0x0000000716000000, 0x0000000716000000, 0x0000000716200000|  0%| F|  |TAMS 0x0000000716000000| PB 0x0000000716000000| Untracked 
| 133|0x0000000716200000, 0x0000000716200000, 0x0000000716400000|  0%| F|  |TAMS 0x0000000716200000| PB 0x0000000716200000| Untracked 
| 134|0x0000000716400000, 0x0000000716400000, 0x0000000716600000|  0%| F|  |TAMS 0x0000000716400000| PB 0x0000000716400000| Untracked 
| 135|0x0000000716600000, 0x0000000716600000, 0x0000000716800000|  0%| F|  |TAMS 0x0000000716600000| PB 0x0000000716600000| Untracked 
| 136|0x0000000716800000, 0x0000000716800000, 0x0000000716a00000|  0%| F|  |TAMS 0x0000000716800000| PB 0x0000000716800000| Untracked 
| 137|0x0000000716a00000, 0x0000000716a00000, 0x0000000716c00000|  0%| F|  |TAMS 0x0000000716a00000| PB 0x0000000716a00000| Untracked 
| 138|0x0000000716c00000, 0x0000000716c00000, 0x0000000716e00000|  0%| F|  |TAMS 0x0000000716c00000| PB 0x0000000716c00000| Untracked 
| 139|0x0000000716e00000, 0x0000000716e00000, 0x0000000717000000|  0%| F|  |TAMS 0x0000000716e00000| PB 0x0000000716e00000| Untracked 
| 140|0x0000000717000000, 0x0000000717000000, 0x0000000717200000|  0%| F|  |TAMS 0x0000000717000000| PB 0x0000000717000000| Untracked 
| 141|0x0000000717200000, 0x0000000717200000, 0x0000000717400000|  0%| F|  |TAMS 0x0000000717200000| PB 0x0000000717200000| Untracked 
| 142|0x0000000717400000, 0x0000000717400000, 0x0000000717600000|  0%| F|  |TAMS 0x0000000717400000| PB 0x0000000717400000| Untracked 
| 143|0x0000000717600000, 0x0000000717600000, 0x0000000717800000|  0%| F|  |TAMS 0x0000000717600000| PB 0x0000000717600000| Untracked 
| 144|0x0000000717800000, 0x0000000717800000, 0x0000000717a00000|  0%| F|  |TAMS 0x0000000717800000| PB 0x0000000717800000| Untracked 
| 145|0x0000000717a00000, 0x0000000717a00000, 0x0000000717c00000|  0%| F|  |TAMS 0x0000000717a00000| PB 0x0000000717a00000| Untracked 
| 146|0x0000000717c00000, 0x0000000717c00000, 0x0000000717e00000|  0%| F|  |TAMS 0x0000000717c00000| PB 0x0000000717c00000| Untracked 
| 147|0x0000000717e00000, 0x0000000717e00000, 0x0000000718000000|  0%| F|  |TAMS 0x0000000717e00000| PB 0x0000000717e00000| Untracked 
| 148|0x0000000718000000, 0x0000000718000000, 0x0000000718200000|  0%| F|  |TAMS 0x0000000718000000| PB 0x0000000718000000| Untracked 
| 149|0x0000000718200000, 0x0000000718200000, 0x0000000718400000|  0%| F|  |TAMS 0x0000000718200000| PB 0x0000000718200000| Untracked 

Card table byte_map: [0x0000025a1f680000,0x0000025a1fe60000] _byte_map_base: 0x0000025a1be54000

Marking Bits: (CMBitMap*) 0x0000025a134e6070
 Bits: [0x0000025a1fe60000, 0x0000025a23d00000)

Polling page: 0x0000025a11390000

Metaspace:

Usage:
  Non-class:     44.84 MB used.
      Class:      7.17 MB used.
       Both:     52.01 MB used.

Virtual space:
  Non-class space:       64.00 MB reserved,      45.25 MB ( 71%) committed,  1 nodes.
      Class space:        1.00 GB reserved,       7.50 MB ( <1%) committed,  1 nodes.
             Both:        1.06 GB reserved,      52.75 MB (  5%) committed. 

Chunk freelists:
   Non-Class:  1.97 MB
       Class:  8.53 MB
        Both:  10.50 MB

MaxMetaspaceSize: unlimited
CompressedClassSpaceSize: 1.00 GB
Initial GC threshold: 21.00 MB
Current GC threshold: 58.88 MB
CDS: on
 - commit_granule_bytes: 65536.
 - commit_granule_words: 8192.
 - virtual_space_node_default_size: 8388608.
 - enlarge_chunks_in_place: 1.
 - use_allocation_guard: 0.


Internal statistics:

num_allocs_failed_limit: 6.
num_arena_births: 1020.
num_arena_deaths: 0.
num_vsnodes_births: 2.
num_vsnodes_deaths: 0.
num_space_committed: 844.
num_space_uncommitted: 0.
num_chunks_returned_to_freelist: 6.
num_chunks_taken_from_freelist: 2993.
num_chunk_merges: 0.
num_chunk_splits: 1980.
num_chunks_enlarged: 1415.
num_inconsistent_stats: 0.

CodeCache: size=49152Kb used=13196Kb max_used=13196Kb free=35955Kb
 bounds [0x0000025a1bb70000, 0x0000025a1c860000, 0x0000025a1eb70000]
 total_blobs=6721, nmethods=6104, adapters=538, full_count=0
Compilation: enabled, stopped_count=0, restarted_count=0

Compilation events (20 events):
Event: 10.951 Thread 0x0000025a26a11b70 6138       1       org.bson.BsonDocument::append (9 bytes)
Event: 10.951 Thread 0x0000025a70c9b390 6140       1       ch.qos.logback.classic.Logger::isDebugEnabled (6 bytes)
Event: 10.951 Thread 0x0000025a704483f0 nmethod 6136 0x0000025a1c84f390 code [0x0000025a1c84f520, 0x0000025a1c84f5d0]
Event: 10.951 Thread 0x0000025a704483f0 6141       1       sun.nio.ch.NioSocketImpl$1::read (11 bytes)
Event: 10.951 Thread 0x0000025a70c9b390 nmethod 6140 0x0000025a1c84f690 code [0x0000025a1c84f840, 0x0000025a1c84f938]
Event: 10.951 Thread 0x0000025a26a11b70 nmethod 6138 0x0000025a1c84fa10 code [0x0000025a1c84fbc0, 0x0000025a1c84fcd8]
Event: 10.951 Thread 0x0000025a70c9b390 6142   !   1       sun.nio.ch.NioSocketImpl::read (96 bytes)
Event: 10.951 Thread 0x0000025a704483f0 nmethod 6141 0x0000025a1c84fd90 code [0x0000025a1c84ff40, 0x0000025a1c850058]
Event: 10.952 Thread 0x0000025a26a11b70 6143   !   1       sun.nio.ch.NioSocketImpl::endRead (58 bytes)
Event: 10.952 Thread 0x0000025a704483f0 6144       1       org.bson.ByteBufNIO::order (11 bytes)
Event: 10.952 Thread 0x0000025a26a11b70 nmethod 6143 0x0000025a1c850110 code [0x0000025a1c8502e0, 0x0000025a1c850638]
Event: 10.952 Thread 0x0000025a70c9acc0 nmethod 6139 0x0000025a1c850810 code [0x0000025a1c850a40, 0x0000025a1c851070]
Event: 10.952 Thread 0x0000025a704483f0 nmethod 6144 0x0000025a1c851690 code [0x0000025a1c851840, 0x0000025a1c851948]
Event: 10.952 Thread 0x0000025a70c9b390 nmethod 6142 0x0000025a1c851a10 code [0x0000025a1c851c80, 0x0000025a1c8521f0]
Event: 10.952 Thread 0x0000025a70c9b390 6145       1       org.bson.BsonDocument::get (14 bytes)
Event: 10.952 Thread 0x0000025a70c9b390 nmethod 6145 0x0000025a1c852710 code [0x0000025a1c8528c0, 0x0000025a1c852a00]
Event: 10.953 Thread 0x0000025a70c9b390 6146       1       org.springframework.context.event.SimpleApplicationEventMulticaster::getTaskExecutor (5 bytes)
Event: 10.953 Thread 0x0000025a70c9b390 nmethod 6146 0x0000025a1c852a90 code [0x0000025a1c852c20, 0x0000025a1c852cf0]
Event: 10.953 Thread 0x0000025a70c9b390 6147       1       org.springframework.boot.logging.logback.EnclosedInSquareBracketsConverter::transform (10 bytes)
Event: 10.953 Thread 0x0000025a70c9b390 nmethod 6147 0x0000025a1c852d90 code [0x0000025a1c852f40, 0x0000025a1c8530a0]

GC Heap History (20 events):
Event: 2.740 GC heap after
{Heap after GC invocations=9 (full 0):
 garbage-first heap   total 49152K, used 17960K [0x0000000705800000, 0x0000000800000000)
  region size 2048K, 1 young (2048K), 1 survivors (2048K)
 Metaspace       used 35574K, committed 36096K, reserved 1114112K
  class space    used 4700K, committed 4928K, reserved 1048576K
}
Event: 2.981 GC heap before
{Heap before GC invocations=10 (full 0):
 garbage-first heap   total 49152K, used 38440K [0x0000000705800000, 0x0000000800000000)
  region size 2048K, 11 young (22528K), 1 survivors (2048K)
 Metaspace       used 39911K, committed 40512K, reserved 1114112K
  class space    used 5334K, committed 5632K, reserved 1048576K
}
Event: 2.984 GC heap after
{Heap after GC invocations=11 (full 0):
 garbage-first heap   total 153600K, used 19654K [0x0000000705800000, 0x0000000800000000)
  region size 2048K, 2 young (4096K), 2 survivors (4096K)
 Metaspace       used 39911K, committed 40512K, reserved 1114112K
  class space    used 5334K, committed 5632K, reserved 1048576K
}
Event: 10.407 GC heap before
{Heap before GC invocations=11 (full 0):
 garbage-first heap   total 153600K, used 117958K [0x0000000705800000, 0x0000000800000000)
  region size 2048K, 45 young (92160K), 2 survivors (4096K)
 Metaspace       used 52058K, committed 52736K, reserved 1114112K
  class space    used 7165K, committed 7488K, reserved 1048576K
}
Event: 10.415 GC heap after
{Heap after GC invocations=12 (full 0):
 garbage-first heap   total 153600K, used 40763K [0x0000000705800000, 0x0000000800000000)
  region size 2048K, 6 young (12288K), 6 survivors (12288K)
 Metaspace       used 52058K, committed 52736K, reserved 1114112K
  class space    used 7165K, committed 7488K, reserved 1048576K
}
Event: 10.452 GC heap before
{Heap before GC invocations=12 (full 0):
 garbage-first heap   total 153600K, used 89915K [0x0000000705800000, 0x0000000800000000)
  region size 2048K, 13 young (26624K), 6 survivors (12288K)
 Metaspace       used 52259K, committed 53056K, reserved 1114112K
  class space    used 7206K, committed 7552K, reserved 1048576K
}
Event: 10.456 GC heap after
{Heap after GC invocations=13 (full 0):
 garbage-first heap   total 153600K, used 59530K [0x0000000705800000, 0x0000000800000000)
  region size 2048K, 3 young (6144K), 3 survivors (6144K)
 Metaspace       used 52259K, committed 53056K, reserved 1114112K
  class space    used 7206K, committed 7552K, reserved 1048576K
}
Event: 10.470 GC heap before
{Heap before GC invocations=13 (full 0):
 garbage-first heap   total 153600K, used 73866K [0x0000000705800000, 0x0000000800000000)
  region size 2048K, 4 young (8192K), 3 survivors (6144K)
 Metaspace       used 52293K, committed 53056K, reserved 1114112K
  class space    used 7212K, committed 7552K, reserved 1048576K
}
Event: 10.471 GC heap after
{Heap after GC invocations=14 (full 0):
 garbage-first heap   total 153600K, used 53217K [0x0000000705800000, 0x0000000800000000)
  region size 2048K, 2 young (4096K), 2 survivors (4096K)
 Metaspace       used 52293K, committed 53056K, reserved 1114112K
  class space    used 7212K, committed 7552K, reserved 1048576K
}
Event: 10.474 GC heap before
{Heap before GC invocations=14 (full 0):
 garbage-first heap   total 153600K, used 67553K [0x0000000705800000, 0x0000000800000000)
  region size 2048K, 4 young (8192K), 2 survivors (4096K)
 Metaspace       used 52313K, committed 53056K, reserved 1114112K
  class space    used 7214K, committed 7552K, reserved 1048576K
}
Event: 10.475 GC heap after
{Heap after GC invocations=15 (full 0):
 garbage-first heap   total 153600K, used 60517K [0x0000000705800000, 0x0000000800000000)
  region size 2048K, 2 young (4096K), 2 survivors (4096K)
 Metaspace       used 52313K, committed 53056K, reserved 1114112K
  class space    used 7214K, committed 7552K, reserved 1048576K
}
Event: 10.477 GC heap before
{Heap before GC invocations=15 (full 0):
 garbage-first heap   total 153600K, used 68709K [0x0000000705800000, 0x0000000800000000)
  region size 2048K, 3 young (6144K), 2 survivors (4096K)
 Metaspace       used 52319K, committed 53056K, reserved 1114112K
  class space    used 7214K, committed 7552K, reserved 1048576K
}
Event: 10.479 GC heap after
{Heap after GC invocations=16 (full 0):
 garbage-first heap   total 307200K, used 60520K [0x0000000705800000, 0x0000000800000000)
  region size 2048K, 2 young (4096K), 2 survivors (4096K)
 Metaspace       used 52319K, committed 53056K, reserved 1114112K
  class space    used 7214K, committed 7552K, reserved 1048576K
}
Event: 10.595 GC heap before
{Heap before GC invocations=16 (full 0):
 garbage-first heap   total 307200K, used 154728K [0x0000000705800000, 0x0000000800000000)
  region size 2048K, 12 young (24576K), 2 survivors (4096K)
 Metaspace       used 53251K, committed 54016K, reserved 1114112K
  class space    used 7340K, committed 7680K, reserved 1048576K
}
Event: 10.598 GC heap after
{Heap after GC invocations=17 (full 0):
 garbage-first heap   total 307200K, used 70145K [0x0000000705800000, 0x0000000800000000)
  region size 2048K, 4 young (8192K), 4 survivors (8192K)
 Metaspace       used 53251K, committed 54016K, reserved 1114112K
  class space    used 7340K, committed 7680K, reserved 1048576K
}
Event: 10.829 GC heap before
{Heap before GC invocations=17 (full 0):
 garbage-first heap   total 307200K, used 174593K [0x0000000705800000, 0x0000000800000000)
  region size 2048K, 21 young (43008K), 4 survivors (8192K)
 Metaspace       used 53256K, committed 54016K, reserved 1114112K
  class space    used 7341K, committed 7680K, reserved 1048576K
}
Event: 10.832 GC heap after
{Heap after GC invocations=18 (full 0):
 garbage-first heap   total 307200K, used 73923K [0x0000000705800000, 0x0000000800000000)
  region size 2048K, 4 young (8192K), 4 survivors (8192K)
 Metaspace       used 53256K, committed 54016K, reserved 1114112K
  class space    used 7341K, committed 7680K, reserved 1048576K
}
Event: 10.870 GC heap before
{Heap before GC invocations=18 (full 0):
 garbage-first heap   total 307200K, used 149699K [0x0000000705800000, 0x0000000800000000)
  region size 2048K, 8 young (16384K), 4 survivors (8192K)
 Metaspace       used 53256K, committed 54016K, reserved 1114112K
  class space    used 7341K, committed 7680K, reserved 1048576K
}
Event: 10.872 GC heap after
{Heap after GC invocations=19 (full 0):
 garbage-first heap   total 307200K, used 90428K [0x0000000705800000, 0x0000000800000000)
  region size 2048K, 3 young (6144K), 3 survivors (6144K)
 Metaspace       used 53256K, committed 54016K, reserved 1114112K
  class space    used 7341K, committed 7680K, reserved 1048576K
}
Event: 10.956 GC heap before
{Heap before GC invocations=19 (full 0):
 garbage-first heap   total 307200K, used 168252K [0x0000000705800000, 0x0000000800000000)
  region size 2048K, 18 young (36864K), 3 survivors (6144K)
 Metaspace       used 53256K, committed 54016K, reserved 1114112K
  class space    used 7341K, committed 7680K, reserved 1048576K
}

Dll operation events (11 events):
Event: 0.012 Loaded shared library C:\Users\araom\.jdks\ms-21.0.8\bin\java.dll
Event: 0.013 Loaded shared library C:\Users\araom\.jdks\ms-21.0.8\bin\zip.dll
Event: 0.504 Loaded shared library C:\Users\araom\.jdks\ms-21.0.8\bin\instrument.dll
Event: 0.595 Loaded shared library C:\Users\araom\.jdks\ms-21.0.8\bin\net.dll
Event: 0.597 Loaded shared library C:\Users\araom\.jdks\ms-21.0.8\bin\nio.dll
Event: 0.609 Loaded shared library C:\Users\araom\.jdks\ms-21.0.8\bin\zip.dll
Event: 0.682 Loaded shared library C:\Users\araom\.jdks\ms-21.0.8\bin\jimage.dll
Event: 1.056 Loaded shared library C:\Users\araom\.jdks\ms-21.0.8\bin\management.dll
Event: 1.065 Loaded shared library C:\Users\araom\.jdks\ms-21.0.8\bin\management_ext.dll
Event: 1.718 Loaded shared library C:\Users\araom\.jdks\ms-21.0.8\bin\sunmscapi.dll
Event: 2.902 Loaded shared library C:\Users\araom\.jdks\ms-21.0.8\bin\extnet.dll

Deoptimization events (20 events):
Event: 10.438 Thread 0x0000025a703bd8e0 DEOPT PACKING pc=0x0000025a1c328ebc sp=0x0000009e414faf20
Event: 10.438 Thread 0x0000025a703bd8e0 DEOPT UNPACKING pc=0x0000025a1bbc4e42 sp=0x0000009e414fa4e0 mode 1
Event: 10.445 Thread 0x0000025a703bd8e0 DEOPT PACKING pc=0x0000025a1c32a504 sp=0x0000009e414fa080
Event: 10.445 Thread 0x0000025a703bd8e0 DEOPT UNPACKING pc=0x0000025a1bbc4e42 sp=0x0000009e414f95a8 mode 1
Event: 10.445 Thread 0x0000025a703bd8e0 DEOPT PACKING pc=0x0000025a1c32bb9c sp=0x0000009e414fa160
Event: 10.445 Thread 0x0000025a703bd8e0 DEOPT UNPACKING pc=0x0000025a1bbc4e42 sp=0x0000009e414f9720 mode 1
Event: 10.445 Thread 0x0000025a703bd8e0 DEOPT PACKING pc=0x0000025a1c328ebc sp=0x0000009e414fa2e0
Event: 10.445 Thread 0x0000025a703bd8e0 DEOPT UNPACKING pc=0x0000025a1bbc4e42 sp=0x0000009e414f98a0 mode 1
Event: 10.447 Thread 0x0000025a703bd250 DEOPT PACKING pc=0x0000025a1c32a504 sp=0x0000009e413faf90
Event: 10.447 Thread 0x0000025a703bd250 DEOPT UNPACKING pc=0x0000025a1bbc4e42 sp=0x0000009e413fa4b8 mode 1
Event: 10.447 Thread 0x0000025a703bd250 DEOPT PACKING pc=0x0000025a1c32bb9c sp=0x0000009e413fb070
Event: 10.447 Thread 0x0000025a703bd250 DEOPT UNPACKING pc=0x0000025a1bbc4e42 sp=0x0000009e413fa630 mode 1
Event: 10.447 Thread 0x0000025a703bd250 DEOPT PACKING pc=0x0000025a1c328ebc sp=0x0000009e413fb1f0
Event: 10.447 Thread 0x0000025a703bd250 DEOPT UNPACKING pc=0x0000025a1bbc4e42 sp=0x0000009e413fa7b0 mode 1
Event: 10.460 Thread 0x0000025a703bd250 DEOPT PACKING pc=0x0000025a1c32a504 sp=0x0000009e413fb030
Event: 10.460 Thread 0x0000025a703bd250 DEOPT UNPACKING pc=0x0000025a1bbc4e42 sp=0x0000009e413fa558 mode 1
Event: 10.460 Thread 0x0000025a703bd250 DEOPT PACKING pc=0x0000025a1c32bb9c sp=0x0000009e413fb110
Event: 10.460 Thread 0x0000025a703bd250 DEOPT UNPACKING pc=0x0000025a1bbc4e42 sp=0x0000009e413fa6d0 mode 1
Event: 10.460 Thread 0x0000025a703bd250 DEOPT PACKING pc=0x0000025a1c328ebc sp=0x0000009e413fb290
Event: 10.460 Thread 0x0000025a703bd250 DEOPT UNPACKING pc=0x0000025a1bbc4e42 sp=0x0000009e413fa850 mode 1

Classes loaded (20 events):
Event: 10.541 Loading class sun/nio/cs/Surrogate
Event: 10.541 Loading class sun/nio/cs/Surrogate done
Event: 10.541 Loading class java/nio/StringCharBuffer
Event: 10.542 Loading class java/nio/StringCharBuffer done
Event: 10.542 Loading class org/apache/tomcat/util/buf/HexUtils
Event: 10.542 Loading class org/apache/tomcat/util/buf/HexUtils done
Event: 10.562 Loading class tools/jackson/databind/annotation/JacksonStdImpl
Event: 10.562 Loading class tools/jackson/databind/annotation/JacksonStdImpl done
Event: 10.563 Loading class com/fasterxml/jackson/annotation/JacksonAnnotation
Event: 10.563 Loading class com/fasterxml/jackson/annotation/JacksonAnnotation done
Event: 10.571 Loading class org/springframework/web/method/annotation/SessionAttributesHandler
Event: 10.571 Loading class org/springframework/web/method/annotation/SessionAttributesHandler done
Event: 10.571 Loading class org/springframework/web/context/request/WebRequest
Event: 10.571 Loading class org/springframework/web/context/request/WebRequest done
Event: 10.574 Loading class org/springframework/security/core/Authentication$Builder
Event: 10.574 Loading class org/springframework/security/core/Authentication$Builder done
Event: 10.575 Loading class org/springframework/security/web/authentication/WebAuthenticationDetails
Event: 10.575 Loading class org/springframework/security/web/authentication/WebAuthenticationDetails done
Event: 10.576 Loading class org/apache/coyote/NonPipeliningProcessor
Event: 10.576 Loading class org/apache/coyote/NonPipeliningProcessor done

Classes unloaded (0 events):
No events

Classes redefined (1 events):
Event: 0.535 Thread 0x0000025a269e7e60 redefined class name=java.lang.Throwable, count=1

Internal exceptions (20 events):
Event: 3.279 Thread 0x0000025a6cc013c0 Exception <a 'java/io/FileNotFoundException'{0x000000070d561bd0}> (0x000000070d561bd0) 
thrown [s\src\hotspot\share\prims\jni.cpp, line 520]
Event: 3.280 Thread 0x0000025a6cc013c0 Exception <a 'java/io/FileNotFoundException'{0x000000070d56beb8}> (0x000000070d56beb8) 
thrown [s\src\hotspot\share\prims\jni.cpp, line 520]
Event: 3.321 Thread 0x0000025a6cc013c0 Exception <a 'java/lang/NoSuchMethodError'{0x000000070d0f3c08}: 'java.lang.Object java.lang.invoke.DirectMethodHandle$Holder.newInvokeSpecial(java.lang.Object, java.lang.Object, java.lang.Object, java.lang.Object, java.lang.Object, java.lang.Object, java.lang.Object, java.lang.Object, java.lang.Object, java.lang.Object, java.lang.Object)'> (0x000000070d0f3c08) 
thrown [s\src\hotspot\share\interpreter\linkResolver.cpp, line 773]
Event: 3.357 Thread 0x0000025a6cc013c0 Exception <a 'java/lang/NoSuchMethodError'{0x000000070cf76c78}: 'java.lang.Object java.lang.invoke.DirectMethodHandle$Holder.invokeVirtual(java.lang.Object, java.lang.Object, java.lang.Object, int)'> (0x000000070cf76c78) 
thrown [s\src\hotspot\share\interpreter\linkResolver.cpp, line 773]
Event: 3.516 Thread 0x0000025a6cc013c0 Exception <a 'java/lang/NoSuchMethodError'{0x000000070be7eb98}: 'java.lang.Object java.lang.invoke.DirectMethodHandle$Holder.invokeInterface(java.lang.Object, java.lang.Object, java.lang.Object, java.lang.Object)'> (0x000000070be7eb98) 
thrown [s\src\hotspot\share\interpreter\linkResolver.cpp, line 773]
Event: 3.545 Thread 0x0000025a6cc013c0 Exception <a 'java/lang/NoSuchMethodError'{0x000000070bcbf598}: 'java.lang.Object java.lang.invoke.DirectMethodHandle$Holder.invokeVirtual(java.lang.Object, java.lang.Object, int)'> (0x000000070bcbf598) 
thrown [s\src\hotspot\share\interpreter\linkResolver.cpp, line 773]
Event: 3.586 Thread 0x0000025a6cc013c0 Exception <a 'java/lang/IncompatibleClassChangeError'{0x000000070b81ac40}: Found class java.lang.Object, but interface was expected> (0x000000070b81ac40) 
thrown [s\src\hotspot\share\interpreter\linkResolver.cpp, line 840]
Event: 3.623 Thread 0x0000025a6cc013c0 Exception <a 'java/lang/NoSuchMethodError'{0x000000070b6f78f0}: 'java.lang.Object java.lang.invoke.DirectMethodHandle$Holder.invokeSpecial(java.lang.Object, java.lang.Object, int, int, int, int)'> (0x000000070b6f78f0) 
thrown [s\src\hotspot\share\interpreter\linkResolver.cpp, line 773]
Event: 3.645 Thread 0x0000025a6cc013c0 Exception <a 'java/lang/NoSuchMethodError'{0x000000070b4d31b0}: 'int java.lang.invoke.DirectMethodHandle$Holder.invokeStaticInit(java.lang.Object, java.lang.Object, java.lang.Object, java.lang.Object)'> (0x000000070b4d31b0) 
thrown [s\src\hotspot\share\interpreter\linkResolver.cpp, line 773]
Event: 3.758 Thread 0x0000025a6cc013c0 Exception <a 'java/lang/NoSuchMethodError'{0x000000070acb7360}: 'java.lang.Object java.lang.invoke.DirectMethodHandle$Holder.newInvokeSpecial(java.lang.Object, java.lang.Object, int, java.lang.Object, java.lang.Object)'> (0x000000070acb7360) 
thrown [s\src\hotspot\share\interpreter\linkResolver.cpp, line 773]
Event: 3.827 Thread 0x0000025a70a3d020 Exception <a 'java/lang/NoSuchMethodError'{0x000000070a77fdc8}: 'long java.lang.invoke.DirectMethodHandle$Holder.invokeStatic(java.lang.Object, long)'> (0x000000070a77fdc8) 
thrown [s\src\hotspot\share\interpreter\linkResolver.cpp, line 773]
Event: 10.215 Thread 0x0000025a70a404a0 Exception <a 'java/lang/NoSuchMethodError'{0x000000070abf8be8}: 'java.lang.Object java.lang.invoke.DirectMethodHandle$Holder.invokeStatic(java.lang.Object, java.lang.Object, java.lang.Object, int, int)'> (0x000000070abf8be8) 
thrown [s\src\hotspot\share\interpreter\linkResolver.cpp, line 773]
Event: 10.215 Thread 0x0000025a70a404a0 Exception <a 'java/lang/NoSuchMethodError'{0x000000070abfc308}: 'java.lang.Object java.lang.invoke.DirectMethodHandle$Holder.invokeStaticInit(java.lang.Object, java.lang.Object, java.lang.Object, int, int)'> (0x000000070abfc308) 
thrown [s\src\hotspot\share\interpreter\linkResolver.cpp, line 773]
Event: 10.255 Thread 0x0000025a703bd250 Exception <a 'java/lang/NoSuchMethodError'{0x000000070a58e808}: 'java.lang.Object java.lang.invoke.DirectMethodHandle$Holder.invokeSpecial(java.lang.Object, java.lang.Object, java.lang.Object, java.lang.Object, java.lang.Object, long)'> (0x000000070a58e808) 
thrown [s\src\hotspot\share\interpreter\linkResolver.cpp, line 773]
Event: 10.255 Thread 0x0000025a703bd250 Exception <a 'java/lang/NoSuchMethodError'{0x000000070a592108}: 'java.lang.Object java.lang.invoke.Invokers$Holder.linkToTargetMethod(java.lang.Object, java.lang.Object, java.lang.Object, long, java.lang.Object)'> (0x000000070a592108) 
thrown [s\src\hotspot\share\interpreter\linkResolver.cpp, line 773]
Event: 10.427 Thread 0x0000025a703bd250 Exception <a 'java/lang/NoSuchMethodError'{0x0000000712c22ca8}: 'void java.lang.invoke.Invokers$Holder.invoke_MT(java.lang.Object, java.lang.Object, java.lang.Object, java.lang.Object)'> (0x0000000712c22ca8) 
thrown [s\src\hotspot\share\interpreter\linkResolver.cpp, line 773]
Event: 10.427 Thread 0x0000025a703bd8e0 Exception <a 'java/lang/NoSuchMethodError'{0x00000007133af6b0}: 'void java.lang.invoke.Invokers$Holder.invoke_MT(java.lang.Object, java.lang.Object, java.lang.Object, java.lang.Object)'> (0x00000007133af6b0) 
thrown [s\src\hotspot\share\interpreter\linkResolver.cpp, line 773]
Event: 10.449 Thread 0x0000025a703bd8e0 Exception <a 'java/lang/NoSuchMethodError'{0x000000070e5e1058}: 'java.lang.Object java.lang.invoke.DirectMethodHandle$Holder.invokeStatic(java.lang.Object, java.lang.Object, java.lang.Object, java.lang.Object, java.lang.Object, java.lang.Object, java.lang.Object, java.lang.Object, java.lang.Object, java.lang.Object, java.lang.Object, java.lang.Object, java.lang.Object)'> (0x000000070e5e1058) 
thrown [s\src\hotspot\share\interpreter\linkResolver.cpp, line 773]
Event: 10.449 Thread 0x0000025a703bd8e0 Exception <a 'java/lang/NoSuchMethodError'{0x000000070e2d8748}: 'java.lang.Object java.lang.invoke.DirectMethodHandle$Holder.invokeStatic(java.lang.Object, java.lang.Object, java.lang.Object, java.lang.Object, java.lang.Object, java.lang.Object, java.lang.Object, java.lang.Object, java.lang.Object, java.lang.Object, java.lang.Object, java.lang.Object, java.lang.Object, java.lang.Object)'> (0x000000070e2d8748) 
thrown [s\src\hotspot\share\interpreter\linkResolver.cpp, line 773]
Event: 10.450 Thread 0x0000025a703bd8e0 Exception <a 'java/lang/NoSuchMethodError'{0x000000070e2ecc60}: 'java.lang.Object java.lang.invoke.Invokers$Holder.linkToTargetMethod(java.lang.Object, java.lang.Object, java.lang.Object, java.lang.Object, java.lang.Object, java.lang.Object, java.lang.Object, java.lang.Object, java.lang.Object, java.lang.Object, java.lang.Object, java.lang.Object, java.lang.Object, java.lang.Object)'> (0x000000070e2ecc60) 
thrown [s\src\hotspot\share\interpreter\linkResolver.cpp, line 773]

ZGC Phase Switch (0 events):
No events

VM Operations (20 events):
Event: 10.415 Executing VM operation: G1CollectForAllocation (G1 Evacuation Pause) done
Event: 10.452 Executing VM operation: G1TryInitiateConcMark (G1 Humongous Allocation)
Event: 10.456 Executing VM operation: G1TryInitiateConcMark (G1 Humongous Allocation) done
Event: 10.460 Executing VM operation: HandshakeAllThreads (Deoptimize)
Event: 10.460 Executing VM operation: HandshakeAllThreads (Deoptimize) done
Event: 10.470 Executing VM operation: G1TryInitiateConcMark (G1 Humongous Allocation)
Event: 10.471 Executing VM operation: G1TryInitiateConcMark (G1 Humongous Allocation) done
Event: 10.474 Executing VM operation: G1TryInitiateConcMark (G1 Humongous Allocation)
Event: 10.475 Executing VM operation: G1TryInitiateConcMark (G1 Humongous Allocation) done
Event: 10.477 Executing VM operation: G1TryInitiateConcMark (G1 Humongous Allocation)
Event: 10.479 Executing VM operation: G1TryInitiateConcMark (G1 Humongous Allocation) done
Event: 10.516 Executing VM operation: HandshakeAllThreads (Deoptimize)
Event: 10.516 Executing VM operation: HandshakeAllThreads (Deoptimize) done
Event: 10.595 Executing VM operation: G1TryInitiateConcMark (G1 Humongous Allocation)
Event: 10.598 Executing VM operation: G1TryInitiateConcMark (G1 Humongous Allocation) done
Event: 10.829 Executing VM operation: G1TryInitiateConcMark (G1 Humongous Allocation)
Event: 10.832 Executing VM operation: G1TryInitiateConcMark (G1 Humongous Allocation) done
Event: 10.870 Executing VM operation: G1TryInitiateConcMark (G1 Humongous Allocation)
Event: 10.872 Executing VM operation: G1TryInitiateConcMark (G1 Humongous Allocation) done
Event: 10.956 Executing VM operation: G1TryInitiateConcMark (G1 Humongous Allocation)

Memory protections (0 events):
No events

Nmethod flushes (20 events):
Event: 2.747 Thread 0x0000025a269e7e60 flushing  nmethod 0x0000025a1be8b710
Event: 2.747 Thread 0x0000025a269e7e60 flushing  nmethod 0x0000025a1becc390
Event: 2.747 Thread 0x0000025a269e7e60 flushing  nmethod 0x0000025a1beced10
Event: 2.747 Thread 0x0000025a269e7e60 flushing  nmethod 0x0000025a1becf110
Event: 2.747 Thread 0x0000025a269e7e60 flushing  nmethod 0x0000025a1becf790
Event: 2.747 Thread 0x0000025a269e7e60 flushing  nmethod 0x0000025a1becfc90
Event: 2.747 Thread 0x0000025a269e7e60 flushing  nmethod 0x0000025a1bef2510
Event: 2.747 Thread 0x0000025a269e7e60 flushing  nmethod 0x0000025a1bef4d90
Event: 2.747 Thread 0x0000025a269e7e60 flushing  nmethod 0x0000025a1bef6e10
Event: 2.747 Thread 0x0000025a269e7e60 flushing  nmethod 0x0000025a1bef8d90
Event: 2.747 Thread 0x0000025a269e7e60 flushing  nmethod 0x0000025a1c0e1890
Event: 2.747 Thread 0x0000025a269e7e60 flushing  nmethod 0x0000025a1be94790
Event: 2.747 Thread 0x0000025a269e7e60 flushing  nmethod 0x0000025a1befca10
Event: 2.747 Thread 0x0000025a269e7e60 flushing  nmethod 0x0000025a1bf36a90
Event: 2.747 Thread 0x0000025a269e7e60 flushing  nmethod 0x0000025a1c072490
Event: 2.747 Thread 0x0000025a269e7e60 flushing  nmethod 0x0000025a1c111590
Event: 2.747 Thread 0x0000025a269e7e60 flushing  nmethod 0x0000025a1bed9510
Event: 2.747 Thread 0x0000025a269e7e60 flushing  nmethod 0x0000025a1bed9990
Event: 2.747 Thread 0x0000025a269e7e60 flushing  nmethod 0x0000025a1bf0a790
Event: 2.747 Thread 0x0000025a269e7e60 flushing  nmethod 0x0000025a1c106210

Events (20 events):
Event: 3.764 Thread 0x0000025a6cc013c0 Thread added: 0x0000025a703bf320
Event: 3.764 Thread 0x0000025a6cc013c0 Thread added: 0x0000025a703be600
Event: 3.764 Thread 0x0000025a6cc013c0 Thread added: 0x0000025a703bec90
Event: 3.764 Thread 0x0000025a6cc013c0 Thread added: 0x0000025a703bf9b0
Event: 3.764 Thread 0x0000025a6cc013c0 Thread added: 0x0000025a6f57af20
Event: 3.764 Thread 0x0000025a6cc013c0 Thread added: 0x0000025a6d093e80
Event: 3.764 Thread 0x0000025a6cc013c0 Thread added: 0x0000025a70a3f0f0
Event: 3.772 Thread 0x0000025a6cc013c0 Thread added: 0x0000025a70a3ea60
Event: 3.773 Thread 0x0000025a6cc013c0 Thread added: 0x0000025a70a404a0
Event: 3.779 Thread 0x0000025a6cc013c0 Thread added: 0x0000025a70a3d020
Event: 3.785 Thread 0x0000025a6cc013c0 Thread exited: 0x0000025a6cc013c0
Event: 3.787 Thread 0x0000025a6cbdbcf0 Thread exited: 0x0000025a6cbdbcf0
Event: 3.788 Thread 0x0000025a1347b210 Thread exited: 0x0000025a1347b210
Event: 3.788 Thread 0x0000025a70a3d6b0 Thread added: 0x0000025a70a3d6b0
Event: 4.762 Thread 0x0000025a26b34340 Thread exited: 0x0000025a26b34340
Event: 5.365 Thread 0x0000025a26b20ec0 Thread exited: 0x0000025a26b20ec0
Event: 5.365 Thread 0x0000025a26b0dc00 Thread exited: 0x0000025a26b0dc00
Event: 10.335 Thread 0x0000025a26a11b70 Thread added: 0x0000025a704483f0
Event: 10.554 Thread 0x0000025a26a11b70 Thread added: 0x0000025a70c9acc0
Event: 10.845 Thread 0x0000025a26a11b70 Thread added: 0x0000025a70c9b390


Dynamic libraries:
0x00007ff6f3960000 - 0x00007ff6f396e000 	C:\Users\araom\.jdks\ms-21.0.8\bin\java.exe
0x00007ff839d00000 - 0x00007ff839f69000 	C:\WINDOWS\SYSTEM32\ntdll.dll
0x00007ff838d70000 - 0x00007ff838e39000 	C:\WINDOWS\System32\KERNEL32.DLL
0x00007ff837610000 - 0x00007ff837a03000 	C:\WINDOWS\System32\KERNELBASE.dll
0x00007ff837090000 - 0x00007ff8371db000 	C:\WINDOWS\System32\ucrtbase.dll
0x00007fffef430000 - 0x00007fffef448000 	C:\Users\araom\.jdks\ms-21.0.8\bin\jli.dll
0x00007ffff74c0000 - 0x00007ffff74de000 	C:\Users\araom\.jdks\ms-21.0.8\bin\VCRUNTIME140.dll
0x00007ff838ba0000 - 0x00007ff838d64000 	C:\WINDOWS\System32\USER32.dll
0x00007ff837400000 - 0x00007ff837427000 	C:\WINDOWS\System32\win32u.dll
0x00007ff839c80000 - 0x00007ff839cab000 	C:\WINDOWS\System32\GDI32.dll
0x00007ff8374e0000 - 0x00007ff83760d000 	C:\WINDOWS\System32\gdi32full.dll
0x00007ff837430000 - 0x00007ff8374d3000 	C:\WINDOWS\System32\msvcp_win.dll
0x00007ffffa0d0000 - 0x00007ffffa363000 	C:\WINDOWS\WinSxS\amd64_microsoft.windows.common-controls_6595b64144ccf1df_6.0.26100.5074_none_3e0d6f78e32fd63f\COMCTL32.dll
0x00007ff839b70000 - 0x00007ff839c19000 	C:\WINDOWS\System32\msvcrt.dll
0x00007ff8398c0000 - 0x00007ff8398ef000 	C:\WINDOWS\System32\IMM32.DLL
0x00007ffff77a0000 - 0x00007ffff77ac000 	C:\Users\araom\.jdks\ms-21.0.8\bin\vcruntime140_1.dll
0x00007fffdecd0000 - 0x00007fffded59000 	C:\Users\araom\.jdks\ms-21.0.8\bin\msvcp140.dll
0x00007fff8c9e0000 - 0x00007fff8d78c000 	C:\Users\araom\.jdks\ms-21.0.8\bin\server\jvm.dll
0x00007ff838320000 - 0x00007ff8383d4000 	C:\WINDOWS\System32\ADVAPI32.dll
0x00007ff837e10000 - 0x00007ff837eb6000 	C:\WINDOWS\System32\sechost.dll
0x00007ff837ca0000 - 0x00007ff837db8000 	C:\WINDOWS\System32\RPCRT4.dll
0x00007ff838a60000 - 0x00007ff838ad4000 	C:\WINDOWS\System32\WS2_32.dll
0x00007ff82f2f0000 - 0x00007ff82f325000 	C:\WINDOWS\SYSTEM32\WINMM.dll
0x00007ff836cf0000 - 0x00007ff836d4e000 	C:\WINDOWS\SYSTEM32\POWRPROF.dll
0x00007ff828ef0000 - 0x00007ff828efb000 	C:\WINDOWS\SYSTEM32\VERSION.dll
0x00007ff836cc0000 - 0x00007ff836cd4000 	C:\WINDOWS\SYSTEM32\UMPDC.dll
0x00007ff835c30000 - 0x00007ff835c4b000 	C:\WINDOWS\SYSTEM32\kernel.appcore.dll
0x00007ffff7490000 - 0x00007ffff749a000 	C:\Users\araom\.jdks\ms-21.0.8\bin\jimage.dll
0x00007ff828a00000 - 0x00007ff828c42000 	C:\WINDOWS\SYSTEM32\DBGHELP.DLL
0x00007ff837fa0000 - 0x00007ff83831b000 	C:\WINDOWS\System32\combase.dll
0x00007ff837ec0000 - 0x00007ff837f97000 	C:\WINDOWS\System32\OLEAUT32.dll
0x00007ff81b170000 - 0x00007ff81b1ad000 	C:\WINDOWS\SYSTEM32\dbgcore.DLL
0x00007ff837360000 - 0x00007ff8373f9000 	C:\WINDOWS\System32\bcryptPrimitives.dll
0x00007ff8165b0000 - 0x00007ff8165ec000 	C:\Users\araom\.jdks\ms-21.0.8\bin\jdwp.dll
0x00007fffeaa70000 - 0x00007fffeaa80000 	C:\Users\araom\.jdks\ms-21.0.8\bin\instrument.dll
0x00007fffe8f90000 - 0x00007fffe8fb1000 	C:\Users\araom\.jdks\ms-21.0.8\bin\java.dll
0x00007fffe17f0000 - 0x00007fffe1808000 	C:\Users\araom\.jdks\ms-21.0.8\bin\zip.dll
0x00007ff838f00000 - 0x00007ff83964d000 	C:\WINDOWS\System32\SHELL32.dll
0x00007ff836e90000 - 0x00007ff836ffc000 	C:\WINDOWS\System32\wintypes.dll
0x00007ff834ab0000 - 0x00007ff835309000 	C:\WINDOWS\SYSTEM32\windows.storage.dll
0x00007ff8383e0000 - 0x00007ff8384d0000 	C:\WINDOWS\System32\SHCORE.dll
0x00007ff8389f0000 - 0x00007ff838a52000 	C:\WINDOWS\System32\shlwapi.dll
0x00007ff836db0000 - 0x00007ff836dd9000 	C:\WINDOWS\SYSTEM32\profapi.dll
0x00007ff81acd0000 - 0x00007ff81acdc000 	C:\Users\araom\.jdks\ms-21.0.8\bin\dt_socket.dll
0x00007ff8355f0000 - 0x00007ff835624000 	C:\WINDOWS\SYSTEM32\IPHLPAPI.DLL
0x00007ff836190000 - 0x00007ff8361fb000 	C:\WINDOWS\system32\mswsock.dll
0x00007fffef410000 - 0x00007fffef421000 	C:\Users\araom\.jdks\ms-21.0.8\bin\net.dll
0x00007ff82e400000 - 0x00007ff82e51f000 	C:\WINDOWS\SYSTEM32\WINHTTP.dll
0x00007fffef2d0000 - 0x00007fffef2e6000 	C:\Users\araom\.jdks\ms-21.0.8\bin\nio.dll
0x00007fffe1550000 - 0x00007fffe155a000 	C:\Users\araom\.jdks\ms-21.0.8\bin\management.dll
0x00007fffe0ab0000 - 0x00007fffe0abc000 	C:\Users\araom\.jdks\ms-21.0.8\bin\management_ext.dll
0x00007ff839cb0000 - 0x00007ff839cb8000 	C:\WINDOWS\System32\PSAPI.DLL
0x00007fffe8f80000 - 0x00007fffe8f8e000 	C:\Users\araom\.jdks\ms-21.0.8\bin\sunmscapi.dll
0x00007ff8371e0000 - 0x00007ff837357000 	C:\WINDOWS\System32\CRYPT32.dll
0x00007ff8366b0000 - 0x00007ff8366e0000 	C:\WINDOWS\SYSTEM32\ncrypt.dll
0x00007ff836660000 - 0x00007ff83669f000 	C:\WINDOWS\SYSTEM32\NTASN1.dll
0x00007ff836560000 - 0x00007ff83657b000 	C:\WINDOWS\SYSTEM32\CRYPTSP.dll
0x00007ff835b90000 - 0x00007ff835bcb000 	C:\WINDOWS\system32\rsaenh.dll
0x00007ff836230000 - 0x00007ff83625b000 	C:\WINDOWS\SYSTEM32\USERENV.dll
0x00007ff836d80000 - 0x00007ff836da6000 	C:\WINDOWS\SYSTEM32\bcrypt.dll
0x00007ff8363c0000 - 0x00007ff8363cc000 	C:\WINDOWS\SYSTEM32\CRYPTBASE.dll
0x00007ff839650000 - 0x00007ff83965a000 	C:\WINDOWS\System32\NSI.dll
0x00007ff835630000 - 0x00007ff835756000 	C:\WINDOWS\SYSTEM32\DNSAPI.dll
0x00007ff82f180000 - 0x00007ff82f18b000 	C:\Windows\System32\rasadhlp.dll
0x00007ff831810000 - 0x00007ff831896000 	C:\WINDOWS\System32\fwpuclnt.dll
0x00007fffe1560000 - 0x00007fffe1569000 	C:\Users\araom\.jdks\ms-21.0.8\bin\extnet.dll
0x00007ff815700000 - 0x00007ff815708000 	C:\WINDOWS\system32\wshunix.dll

JVMTI agents:
jdwp path:C:\Users\araom\.jdks\ms-21.0.8\bin\jdwp.dll, loaded, initialized, options:transport=dt_socket,address=127.0.0.1:55841,suspend=y,server=n
C:\Users\araom\AppData\Local\JetBrains\IntelliJIdea2025.3\captureAgent\debugger-agent.jar path:C:\Users\araom\.jdks\ms-21.0.8\bin\instrument.dll, loaded, initialized, instrumentlib options:file:///C:/Users/araom/AppData/Local/Temp/capture6005720116248661200.props

dbghelp: loaded successfully - version: 4.0.5 - missing functions: none
symbol engine: initialized successfully - sym options: 0x614 - pdb path: .;C:\Users\araom\.jdks\ms-21.0.8\bin;C:\WINDOWS\SYSTEM32;C:\WINDOWS\WinSxS\amd64_microsoft.windows.common-controls_6595b64144ccf1df_6.0.26100.5074_none_3e0d6f78e32fd63f;C:\Users\araom\.jdks\ms-21.0.8\bin\server

VM Arguments:
jvm_args: -agentlib:jdwp=transport=dt_socket,address=127.0.0.1:55841,suspend=y,server=n -javaagent:C:\Users\araom\AppData\Local\JetBrains\IntelliJIdea2025.3\captureAgent\debugger-agent.jar=file:///C:/Users/araom/AppData/Local/Temp/capture6005720116248661200.props -XX:TieredStopAtLevel=1 -Dspring.output.ansi.enabled=always -Dkotlinx.coroutines.debug.enable.creation.stack.trace=false -Ddebugger.agent.enable.coroutines=true -Dkotlinx.coroutines.debug.enable.flows.stack.trace=true -Dkotlinx.coroutines.debug.enable.mutable.state.flows.stack.trace=true -Ddebugger.async.stack.trace.for.all.threads=true -Dfile.encoding=UTF-8 -Dsun.stdout.encoding=UTF-8 -Dsun.stderr.encoding=UTF-8 
java_command: com.jobportal.Job.Poratl.JobPoratlApplication
java_class_path (initial): C:\Users\araom\OneDrive\Desktop\Job Poratl backend\Job-Poratl\target\classes;C:\Users\araom\.m2\repository\org\springframework\boot\spring-boot-starter-web\4.0.1\spring-boot-starter-web-4.0.1.jar;C:\Users\araom\.m2\repository\org\springframework\boot\spring-boot-starter-jackson\4.0.1\spring-boot-starter-jackson-4.0.1.jar;C:\Users\araom\.m2\repository\org\springframework\boot\spring-boot-jackson\4.0.1\spring-boot-jackson-4.0.1.jar;C:\Users\araom\.m2\repository\tools\jackson\core\jackson-databind\3.0.3\jackson-databind-3.0.3.jar;C:\Users\araom\.m2\repository\tools\jackson\core\jackson-core\3.0.3\jackson-core-3.0.3.jar;C:\Users\araom\.m2\repository\org\springframework\boot\spring-boot-starter-tomcat\4.0.1\spring-boot-starter-tomcat-4.0.1.jar;C:\Users\araom\.m2\repository\org\springframework\boot\spring-boot-starter-tomcat-runtime\4.0.1\spring-boot-starter-tomcat-runtime-4.0.1.jar;C:\Users\araom\.m2\repository\org\springframework\boot\spring-boot-web-server\4.0.1\spring-boot-web-server-4.0.1.jar;C:\Users\araom\.m2\repository\org\apache\tomcat\embed\tomcat-embed-core\11.0.15\tomcat-embed-core-11.0.15.jar;C:\Users\araom\.m2\repository\org\apache\tomcat\embed\tomcat-embed-websocket\11.0.15\tomcat-embed-websocket-11.0.15.jar;C:\Users\araom\.m2\repository\org\springframework\boot\spring-boot-tomcat\4.0.1\spring-boot-tomcat-4.0.1.jar;C:\Users\araom\.m2\repository\org\springframework\boot\spring-boot-http-converter\4.0.1\spring-boot-http-converter-4.0.1.jar;C:\Users\araom\.m2\repository\org\springframework\spring-web\7.0.2\spring-web-7.0.2.jar;C:\Users\araom\.m2\repository\io\micrometer\micrometer-observation\1.16.1\micrometer-observation-1.16.1.jar;C:\Users\araom\.m2\repository\io\micrometer\micrometer-commons\1.16.1\micrometer-commons-1.16.1.jar;C:\Users\araom\.m2\repository\org\springframework\boot\spring-boot-webmvc\4.0.1\spring-boot-webmvc-4.0.1.jar;C:\Users\araom\.m2\repository\org\springframework\boot\spring-boot-servlet\4.0.1\spring-boot-servlet-4.0.1.jar;C:\Users\araom\.m2\repository\org\springframework\spring-webmvc\7.0.2\spring-webmvc-7.0.2.jar;C:\Users\araom\.m2\repository\org\springframework\spring-expression\7.0.2\spring-expression-7.0.2.jar;C:\Users\araom\.m2\repository\org\springframework\boot\spring-boot-starter-data-mongodb\4.0.1\spring-boot-starter-data-mongodb-4.0.1.jar;C:\Users\araom\.m2\repository\org\springframework\boot\spring-boot-starter-mongodb\4.0.1\spring-boot-starter-mongodb-4.0.1.jar;C:\Users\araom\.m2\repository\org\springframework\boot\spring-boot-mongodb\4.0.1\spring-boot-mongodb-4.0.1.jar;C:\Users\araom\.m2\repository\org\mongodb\mongodb-driver-sync\5.6.2\mongodb-driver-sync-5.6.2.jar;C:\Users\araom\.m2\repository\org\mongodb\bson\5.6.2\bson-5.6.2.jar;C:\Users\araom\.m2\repository\org\mongodb\mongodb-driver-core\5.6.2\mongodb-driver-core-5.6.2.jar;C:\Users\araom\.m2\repository\org\mongodb\bson-record-codec\5.6.2\bson-record-codec-5.6.2.jar;C:\Users\araom\.m2\repository\org\springframework\boot\spring-boot-data-mongodb\4.0.1\spring-boot-data-mongodb-4.0.1.jar;C:\Users\araom\.m2\repository\org\springframework\boot\spring-boot-data-commons\4.0.1\spring-boot-data-commons-4.0.1.jar;C:\Users\araom\.m2\repository\org\springframework\boot\spring-boot-persistence\4.0.1\spring-boot-persistence-4.0.1.jar;C:\Users\araom\.m2\repository\org\springframework\data\spring-data-commons\4.0.1\spring-data-commons-4.0.1.jar;C:\Users\araom\.m2\repository\org\springframework\boot\spring-boot-transaction\4.0.1\spring-boot-transaction-4.0.1.jar;C:\Users\araom\.m2\repository\org\springframework\spring-tx\7.0.2\spring-tx-7.0.2.jar;C:\Users\araom\.m2\repository\org\springframework\data\spring-data-mongodb\5.0.1\spring-data-mongodb-5.0.1.jar;C:\Users\araom\.m2\repository\org\projectlombok\lombok\1.18.42\lombok-1.18.42.jar;C:\Users\araom\.m2\repository\org\springframework\boot\spring-boot-devtools\4.0.1\spring-boot-devtools-4.0.1.jar;C:\Users\araom\.m2\repository\org\springframework\boot\spring-boot\4.0.1\spring-boot-4.0.1.jar;C:\Users\araom\.m2\repository\org\springframework\spring-context\7.0.2\spring-context-7.0.2.jar;C:\Users\araom\.m2\repository\org\springframework\boot\spring-boot-autoconfigure\4.0.1\spring-boot-autoconfigure-4.0.1.jar;C:\Users\araom\.m2\repository\org\springframework\boot\spring-boot-starter-validation\4.0.1\spring-boot-starter-validation-4.0.1.jar;C:\Users\araom\.m2\repository\org\springframework\boot\spring-boot-starter\4.0.1\spring-boot-starter-4.0.1.jar;C:\Users\araom\.m2\repository\org\springframework\boot\spring-boot-starter-logging\4.0.1\spring-boot-starter-logging-4.0.1.jar;C:\Users\araom\.m2\repository\ch\qos\logback\logback-classic\1.5.22\logback-classic-1.5.22.jar;C:\Users\araom\.m2\repository\ch\qos\logback\logback-core\1.5.22\logback-core-1.5.22.jar;C:\Users\araom\.m2\repository\org\apache\logging\log4j\log4j-to-slf4j\2.25.3\log4j-to-slf4j-2.25.3.jar;C:\Users\araom\.m2\repository\org\apache\logging\log4j\log4j-api\2.25.3\log4j-api-2.25.3.jar;C:\Users\araom\.m2\repository\org\slf4j\jul-to-slf4j\2.0.17\jul-to-slf4j-2.0.17.jar;C:\Users\araom\.m2\repository\jakarta\annotation\jakarta.annotation-api\3.0.0\jakarta.annotation-api-3.0.0.jar;C:\Users\araom\.m2\repository\org\yaml\snakeyaml\2.5\snakeyaml-2.5.jar;C:\Users\araom\.m2\repository\org\springframework\boot\spring-boot-validation\4.0.1\spring-boot-validation-4.0.1.jar;C:\Users\araom\.m2\repository\org\apache\tomcat\embed\tomcat-embed-el\11.0.15\tomcat-embed-el-11.0.15.jar;C:\Users\araom\.m2\repository\org\hibernate\validator\hibernate-validator\9.0.1.Final\hibernate-validator-9.0.1.Final.jar;C:\Users\araom\.m2\repository\jakarta\validation\jakarta.validation-api\3.1.1\jakarta.validation-api-3.1.1.jar;C:\Users\araom\.m2\repository\org\jboss\logging\jboss-logging\3.6.1.Final\jboss-logging-3.6.1.Final.jar;C:\Users\araom\.m2\repository\com\fasterxml\classmate\1.7.1\classmate-1.7.1.jar;C:\Users\araom\.m2\repository\org\slf4j\slf4j-api\2.0.17\slf4j-api-2.0.17.jar;C:\Users\araom\.m2\repository\jakarta\activation\jakarta.activation-api\2.1.4\jakarta.activation-api-2.1.4.jar;C:\Users\araom\.m2\repository\org\springframework\spring-core\7.0.2\spring-core-7.0.2.jar;C:\Users\araom\.m2\repository\commons-logging\commons-logging\1.3.5\commons-logging-1.3.5.jar;C:\Users\araom\.m2\repository\org\jspecify\jspecify\1.0.0\jspecify-1.0.0.jar;C:\Users\araom\.m2\repository\org\springframework\boot\spring-boot-starter-security\4.0.1\spring-boot-starter-security-4.0.1.jar;C:\Users\araom\.m2\repository\org\springframework\boot\spring-boot-security\4.0.1\spring-boot-security-4.0.1.jar;C:\Users\araom\.m2\repository\org\springframework\security\spring-security-config\7.0.2\spring-security-config-7.0.2.jar;C:\Users\araom\.m2\repository\org\springframework\security\spring-security-core\7.0.2\spring-security-core-7.0.2.jar;C:\Users\araom\.m2\repository\org\springframework\security\spring-security-crypto\7.0.2\spring-security-crypto-7.0.2.jar;C:\Users\araom\.m2\repository\org\springframework\security\spring-security-web\7.0.2\spring-security-web-7.0.2.jar;C:\Users\araom\.m2\repository\org\springframework\spring-aop\7.0.2\spring-aop-7.0.2.jar;C:\Users\araom\.m2\repository\org\springframework\spring-beans\7.0.2\spring-beans-7.0.2.jar;C:\Users\araom\.m2\repository\org\springframework\boot\spring-boot-starter-mail\4.0.1\spring-boot-starter-mail-4.0.1.jar;C:\Users\araom\.m2\repository\org\springframework\boot\spring-boot-mail\4.0.1\spring-boot-mail-4.0.1.jar;C:\Users\araom\.m2\repository\org\springframework\spring-context-support\7.0.2\spring-context-support-7.0.2.jar;C:\Users\araom\.m2\repository\jakarta\mail\jakarta.mail-api\2.1.5\jakarta.mail-api-2.1.5.jar;C:\Users\araom\.m2\repository\org\eclipse\angus\angus-mail\2.0.5\angus-mail-2.0.5.jar;C:\Users\araom\.m2\repository\org\eclipse\angus\angus-activation\2.0.3\angus-activation-2.0.3.jar;C:\Users\araom\.m2\repository\com\fasterxml\jackson\core\jackson-databind\2.20.1\jackson-databind-2.20.1.jar;C:\Users\araom\.m2\repository\com\fasterxml\jackson\core\jackson-annotations\2.20\jackson-annotations-2.20.jar;C:\Users\araom\.m2\repository\com\fasterxml\jackson\core\jackson-core\2.20.1\jackson-core-2.20.1.jar;C:\Users\araom\AppData\Local\Programs\IntelliJ IDEA Community Edition\lib\idea_rt.jar
Launcher Type: SUN_STANDARD

[Global flags]
     intx CICompilerCount                          = 4                                         {product} {ergonomic}
     uint ConcGCThreads                            = 3                                         {product} {ergonomic}
     uint G1ConcRefinementThreads                  = 10                                        {product} {ergonomic}
   size_t G1HeapRegionSize                         = 2097152                                   {product} {ergonomic}
    uintx GCDrainStackTargetSize                   = 64                                        {product} {ergonomic}
   size_t InitialHeapSize                          = 264241152                                 {product} {ergonomic}
   size_t MarkStackSize                            = 4194304                                   {product} {ergonomic}
   size_t MaxHeapSize                              = 4202692608                                {product} {ergonomic}
   size_t MaxNewSize                               = 2520776704                                {product} {ergonomic}
   size_t MinHeapDeltaBytes                        = 2097152                                   {product} {ergonomic}
   size_t MinHeapSize                              = 8388608                                   {product} {ergonomic}
    uintx NonNMethodCodeHeapSize                   = 4096                                   {pd product} {ergonomic}
    uintx NonProfiledCodeHeapSize                  = 0                                      {pd product} {ergonomic}
     bool ProfileInterpreter                       = false                                  {pd product} {command line}
    uintx ProfiledCodeHeapSize                     = 0                                      {pd product} {ergonomic}
   size_t SoftMaxHeapSize                          = 4202692608                             {manageable} {ergonomic}
     intx TieredStopAtLevel                        = 1                                         {product} {command line}
     bool UseCompressedOops                        = true                           {product lp64_product} {ergonomic}
     bool UseG1GC                                  = true                                      {product} {ergonomic}
     bool UseLargePagesIndividualAllocation        = false                                  {pd product} {ergonomic}

Logging:
Log output configuration:
 #0: stdout all=warning uptime,level,tags foldmultilines=false
 #1: stderr all=off uptime,level,tags foldmultilines=false

Environment Variables:
JAVA_HOME=C:\Program Files\Eclipse Adoptium\jdk-21.0.6.7-hotspot\bin
PATH=C:\Program Files\Eclipse Adoptium\jdk-21.0.6.7-hotspot\bin;C:\Python313\Scripts\;C:\Python313\;C:\Python312\Scripts\;C:\Python312\;C:\WINDOWS\system32;C:\WINDOWS;C:\WINDOWS\System32\Wbem;C:\WINDOWS\System32\WindowsPowerShell\v1.0\;C:\WINDOWS\System32\OpenSSH\;C:\Program Files\Git\cmd;C:\Program Files (x86)\dotnet\;C:\MAMP\bin\mysql\bin;C:\Program Files\nodejs\;C:\ProgramData\chocolatey\bin;;C:\Program Files\Docker\Docker\resources\bin;C:\Users\araom\AppData\Local\Programs\Eclipse Adoptium\jdk-21.0.6.7-hotspot\bin;C:\Users\araom\AppData\Local\Microsoft\WindowsApps;C:\Users\araom\AppData\Local\Programs\Microsoft VS Code\bin;C:\Users\araom\AppData\Roaming\npm;C:\Users\araom\AppData\Local\JetBrains\Toolbox\scripts;C:\Users\araom\AppData\Local\Programs\mongosh\
USERNAME=araom
OS=Windows_NT
PROCESSOR_IDENTIFIER=Intel64 Family 6 Model 186 Stepping 3, GenuineIntel
TMP=C:\Users\araom\AppData\Local\Temp
TEMP=C:\Users\araom\AppData\Local\Temp




Periodic native trim disabled

---------------  S Y S T E M  ---------------

OS:
 Windows 11 , 64 bit Build 26100 (10.0.26100.5074)
OS uptime: 0 days 9:09 hours
Hyper-V role detected

CPU: total 12 (initial active 12) (6 cores per cpu, 2 threads per core) family 6 model 186 stepping 3 microcode 0x4129, cx8, cmov, fxsr, ht, mmx, 3dnowpref, sse, sse2, sse3, ssse3, sse4.1, sse4.2, popcnt, lzcnt, tsc, tscinvbit, avx, avx2, aes, erms, clmul, bmi1, bmi2, adx, sha, fma, vzeroupper, clflush, clflushopt, clwb, hv, serialize, rdtscp, rdpid, fsrm, f16c, cet_ibt, cet_ss
Processor Information for the first 12 processors :
  Max Mhz: 1300, Current Mhz: 1300, Mhz Limit: 1300

Memory: 4k page, system-wide physical 16024M (2914M free)
TotalPageFile size 23488M (AvailPageFile size 318M)
current process WorkingSet (physical memory assigned to process): 377M, peak: 377M
current process commit charge ("private bytes"): 529M, peak: 849M

vm_info: OpenJDK 64-Bit Server VM (21.0.8+9-LTS) for windows-amd64 JRE (21.0.8+9-LTS), built on 2025-07-10T20:22:44Z by "MicrosoftCorporation" with unknown MS VC++:1944

END.
