#
# There is insufficient memory for the Java Runtime Environment to continue.
# Native memory allocation (mmap) failed to map 102760448 bytes. Error detail: G1 virtual space
# Possible reasons:
#   The system is out of physical RAM or swap space
#   This process is running with CompressedOops enabled, and the Java Heap may be blocking the growth of the native heap
# Possible solutions:
#   Reduce memory load on the system
#   Increase physical memory or swap space
#   Check if swap backing store is full
#   Decrease Java heap size (-Xmx/-Xms)
#   Decrease number of Java threads
#   Decrease Java thread stack sizes (-Xss)
#   Set larger code cache with -XX:ReservedCodeCacheSize=
#   JVM is running with Zero Based Compressed Oops mode in which the Java heap is
#     placed in the first 32GB address space. The Java Heap base address is the
#     maximum limit for the native heap growth. Please use -XX:HeapBaseMinAddress
#     to set the Java Heap base and to place the Java Heap above 32GB virtual address.
# This output file may be truncated or incomplete.
#
#  Out of Memory Error (os_windows.cpp:3736), pid=21512, tid=21692
#
# JRE version: OpenJDK Runtime Environment Microsoft-11933218 (21.0.8+9) (build 21.0.8+9-LTS)
# Java VM: OpenJDK 64-Bit Server VM Microsoft-11933218 (21.0.8+9-LTS, mixed mode, emulated-client, sharing, tiered, compressed oops, compressed class ptrs, g1 gc, windows-amd64)
# No core dump will be written. Minidumps are not enabled by default on client versions of Windows
#

---------------  S U M M A R Y ------------

Command Line: -XX:TieredStopAtLevel=1 -Dspring.output.ansi.enabled=always -javaagent:C:\Users\araom\AppData\Local\Programs\IntelliJ IDEA Community Edition\lib\idea_rt.jar=54209 -Dfile.encoding=UTF-8 -Dsun.stdout.encoding=UTF-8 -Dsun.stderr.encoding=UTF-8 com.jobportal.Job.Poratl.JobPoratlApplication

Host: 13th Gen Intel(R) Core(TM) i5-1335U, 12 cores, 15G,  Windows 11 , 64 bit Build 26100 (10.0.26100.5074)
Time: Mon Feb 16 12:47:07 2026 elapsed time: 2.545967 seconds (0d 0h 0m 2s)

---------------  T H R E A D  ---------------

Current thread (0x00000165feea3e10):  VMThread "VM Thread"          [id=21692, stack(0x0000002f59700000,0x0000002f59800000) (1024K)]

Stack: [0x0000002f59700000,0x0000002f59800000]
Native frames: (J=compiled Java code, j=interpreted, Vv=VM code, C=native code)
V  [jvm.dll+0x6e1729]
V  [jvm.dll+0x8bf47b]
V  [jvm.dll+0x8c19aa]
V  [jvm.dll+0x8c2083]
V  [jvm.dll+0x289fd6]
V  [jvm.dll+0x6de085]
V  [jvm.dll+0x6d218a]
V  [jvm.dll+0x366f6e]
V  [jvm.dll+0x36ee1b]
V  [jvm.dll+0x3c06b9]
V  [jvm.dll+0x3c095b]
V  [jvm.dll+0x33a8b7]
V  [jvm.dll+0x33a947]
V  [jvm.dll+0x37f68c]
V  [jvm.dll+0x37de6e]
V  [jvm.dll+0x33a011]
V  [jvm.dll+0x37d4da]
V  [jvm.dll+0x8c7def]
V  [jvm.dll+0x8c92fc]
V  [jvm.dll+0x8c9874]
V  [jvm.dll+0x8c9973]
V  [jvm.dll+0x86975d]
V  [jvm.dll+0x6dff2d]
C  [ucrtbase.dll+0x37b0]
C  [KERNEL32.DLL+0x2e8d7]
C  [ntdll.dll+0x8d9c]

VM_Operation (0x0000002f5abf8040): G1CollectForAllocation, mode: safepoint, requested by thread 0x00000165c9a0b380


---------------  P R O C E S S  ---------------

Threads class SMR info:
_java_thread_list=0x00000165c90e3670, length=20, elements={
0x00000165ed58f960, 0x00000165feec0ba0, 0x00000165feec2600, 0x00000165feec73d0,
0x00000165feec7e20, 0x00000165feec8b50, 0x00000165feec9880, 0x00000165feeca480,
0x00000165c9071df0, 0x00000165c90cd570, 0x00000165c90cfc20, 0x00000165c9513080,
0x00000165c95136e0, 0x00000165c96315a0, 0x00000165c9a0ad20, 0x00000165c9a0b380,
0x00000165ca5734d0, 0x00000165cabce8f0, 0x00000165cb0dd630, 0x00000165cb107b00
}

Java Threads: ( => current thread )
  0x00000165ed58f960 JavaThread "main"                              [_thread_blocked, id=23128, stack(0x0000002f59000000,0x0000002f59100000) (1024K)]
  0x00000165feec0ba0 JavaThread "Reference Handler"          daemon [_thread_blocked, id=1324, stack(0x0000002f59800000,0x0000002f59900000) (1024K)]
  0x00000165feec2600 JavaThread "Finalizer"                  daemon [_thread_blocked, id=18564, stack(0x0000002f59900000,0x0000002f59a00000) (1024K)]
  0x00000165feec73d0 JavaThread "Signal Dispatcher"          daemon [_thread_blocked, id=16032, stack(0x0000002f59a00000,0x0000002f59b00000) (1024K)]
  0x00000165feec7e20 JavaThread "Attach Listener"            daemon [_thread_blocked, id=6232, stack(0x0000002f59b00000,0x0000002f59c00000) (1024K)]
  0x00000165feec8b50 JavaThread "Service Thread"             daemon [_thread_blocked, id=27568, stack(0x0000002f59c00000,0x0000002f59d00000) (1024K)]
  0x00000165feec9880 JavaThread "Monitor Deflation Thread"   daemon [_thread_blocked, id=4140, stack(0x0000002f59d00000,0x0000002f59e00000) (1024K)]
  0x00000165feeca480 JavaThread "C1 CompilerThread0"         daemon [_thread_blocked, id=27196, stack(0x0000002f59e00000,0x0000002f59f00000) (1024K)]
  0x00000165c9071df0 JavaThread "Common-Cleaner"             daemon [_thread_blocked, id=15056, stack(0x0000002f59f00000,0x0000002f5a000000) (1024K)]
  0x00000165c90cd570 JavaThread "C1 CompilerThread1"         daemon [_thread_blocked, id=25604, stack(0x0000002f5a000000,0x0000002f5a100000) (1024K)]
  0x00000165c90cfc20 JavaThread "C1 CompilerThread2"         daemon [_thread_blocked, id=7644, stack(0x0000002f5a100000,0x0000002f5a200000) (1024K)]
  0x00000165c9513080 JavaThread "Monitor Ctrl-Break"         daemon [_thread_in_native, id=22920, stack(0x0000002f5a200000,0x0000002f5a300000) (1024K)]
  0x00000165c95136e0 JavaThread "Notification Thread"        daemon [_thread_blocked, id=17884, stack(0x0000002f5a300000,0x0000002f5a400000) (1024K)]
  0x00000165c96315a0 JavaThread "C1 CompilerThread3"         daemon [_thread_blocked, id=26412, stack(0x0000002f5a400000,0x0000002f5a500000) (1024K)]
  0x00000165c9a0ad20 JavaThread "Thread-0"                          [_thread_blocked, id=17852, stack(0x0000002f5aa00000,0x0000002f5ab00000) (1024K)]
  0x00000165c9a0b380 JavaThread "restartedMain"                     [_thread_blocked, id=12964, stack(0x0000002f5ab00000,0x0000002f5ac00000) (1024K)]
  0x00000165ca5734d0 JavaThread "BufferPoolPruner-1-thread-1" daemon [_thread_blocked, id=29260, stack(0x0000002f5b200000,0x0000002f5b300000) (1024K)]
  0x00000165cabce8f0 JavaThread "cluster-ClusterId{value='6992933b108a54de82f18a56', description='null'}-localhost:27017" daemon [_thread_in_native, id=28212, stack(0x0000002f5b300000,0x0000002f5b400000) (1024K)]
  0x00000165cb0dd630 JavaThread "cluster-rtt-ClusterId{value='6992933b108a54de82f18a56', description='null'}-localhost:27017" daemon [_thread_blocked, id=12736, stack(0x0000002f5b500000,0x0000002f5b600000) (1024K)]
  0x00000165cb107b00 JavaThread "MaintenanceTimer-2-thread-1" daemon [_thread_blocked, id=28764, stack(0x0000002f5b600000,0x0000002f5b700000) (1024K)]
Total: 20

Other Threads:
=>0x00000165feea3e10 VMThread "VM Thread"                           [id=21692, stack(0x0000002f59700000,0x0000002f59800000) (1024K)]
  0x00000165fee87750 WatcherThread "VM Periodic Task Thread"        [id=19016, stack(0x0000002f59600000,0x0000002f59700000) (1024K)]
  0x00000165ef8cd8b0 WorkerThread "GC Thread#0"                     [id=3524, stack(0x0000002f59100000,0x0000002f59200000) (1024K)]
  0x00000165c994e360 WorkerThread "GC Thread#1"                     [id=25580, stack(0x0000002f5a500000,0x0000002f5a600000) (1024K)]
  0x00000165c994eb10 WorkerThread "GC Thread#2"                     [id=26704, stack(0x0000002f5a600000,0x0000002f5a700000) (1024K)]
  0x00000165c994eeb0 WorkerThread "GC Thread#3"                     [id=27896, stack(0x0000002f5a700000,0x0000002f5a800000) (1024K)]
  0x00000165c99de810 WorkerThread "GC Thread#4"                     [id=25544, stack(0x0000002f5a800000,0x0000002f5a900000) (1024K)]
  0x00000165c99debb0 WorkerThread "GC Thread#5"                     [id=22688, stack(0x0000002f5a900000,0x0000002f5aa00000) (1024K)]
  0x00000165c9d8a880 WorkerThread "GC Thread#6"                     [id=26104, stack(0x0000002f5ad00000,0x0000002f5ae00000) (1024K)]
  0x00000165c9d86500 WorkerThread "GC Thread#7"                     [id=9732, stack(0x0000002f5ae00000,0x0000002f5af00000) (1024K)]
  0x00000165c9ddb260 WorkerThread "GC Thread#8"                     [id=18940, stack(0x0000002f5af00000,0x0000002f5b000000) (1024K)]
  0x00000165c9ddcfb0 WorkerThread "GC Thread#9"                     [id=18064, stack(0x0000002f5b000000,0x0000002f5b100000) (1024K)]
  0x00000165ef8df230 ConcurrentGCThread "G1 Main Marker"            [id=19944, stack(0x0000002f59200000,0x0000002f59300000) (1024K)]
  0x00000165ef8e0ac0 WorkerThread "G1 Conc#0"                       [id=3560, stack(0x0000002f59300000,0x0000002f59400000) (1024K)]
  0x00000165c9ddcc10 WorkerThread "G1 Conc#1"                       [id=24936, stack(0x0000002f5ac00000,0x0000002f5ad00000) (1024K)]
  0x00000165c9ddbd90 WorkerThread "G1 Conc#2"                       [id=11392, stack(0x0000002f5b100000,0x0000002f5b200000) (1024K)]
  0x00000165fed58860 ConcurrentGCThread "G1 Refine#0"               [id=18648, stack(0x0000002f59400000,0x0000002f59500000) (1024K)]
  0x00000165fed5a090 ConcurrentGCThread "G1 Service"                [id=23748, stack(0x0000002f59500000,0x0000002f59600000) (1024K)]
Total: 18

Threads with active compile tasks:
Total: 0

VM state: at safepoint (normal execution)

VM Mutex/Monitor currently owned by a thread:  ([mutex/lock_event])
[0x00007ffca542a7c8] Threads_lock - owner thread: 0x00000165feea3e10
[0x00007ffca542a8c8] Heap_lock - owner thread: 0x00000165c9a0b380

Heap address: 0x0000000705800000, size: 4008 MB, Compressed Oops mode: Zero based, Oop shift amount: 3

CDS archive(s) mapped at: [0x0000016584000000-0x0000016584c80000-0x0000016584c80000), size 13107200, SharedBaseAddress: 0x0000016584000000, ArchiveRelocationMode: 1.
Compressed class space mapped at: 0x0000016585000000-0x00000165c5000000, reserved size: 1073741824
Narrow klass base: 0x0000016584000000, Narrow klass shift: 0, Narrow klass range: 0x100000000

GC Precious Log:
 CardTable entry size: 512
 Card Set container configuration: InlinePtr #cards 4 size 8 Array Of Cards #cards 16 size 48 Howl #buckets 8 coarsen threshold 3686 Howl Bitmap #cards 512 size 80 coarsen threshold 460 Card regions per heap region 1 cards per card region 4096
 CPUs: 12 total, 12 available
 Memory: 16024M
 Large Page Support: Disabled
 NUMA Support: Disabled
 Compressed Oops: Enabled (Zero based)
 Heap Region Size: 2M
 Heap Min Capacity: 8M
 Heap Initial Capacity: 252M
 Heap Max Capacity: 4008M
 Pre-touch: Disabled
 Parallel Workers: 10
 Concurrent Workers: 3
 Concurrent Refinement Workers: 10
 Periodic GC: Disabled

Heap:
 garbage-first heap   total 59392K, used 19461K [0x0000000705800000, 0x0000000800000000)
  region size 2048K, 3 young (6144K), 3 survivors (6144K)
 Metaspace       used 34401K, committed 34944K, reserved 1114112K
  class space    used 4894K, committed 5120K, reserved 1048576K

Heap Regions: E=young(eden), S=young(survivor), O=old, HS=humongous(starts), HC=humongous(continues), CS=collection set, F=free, TAMS=top-at-mark-start, PB=parsable bottom
|   0|0x0000000705800000, 0x0000000705a00000, 0x0000000705a00000|100%| O|  |TAMS 0x0000000705800000| PB 0x0000000705800000| Untracked 
|   1|0x0000000705a00000, 0x0000000705c00000, 0x0000000705c00000|100%| O|  |TAMS 0x0000000705a00000| PB 0x0000000705a00000| Untracked 
|   2|0x0000000705c00000, 0x0000000705e00000, 0x0000000705e00000|100%| O|  |TAMS 0x0000000705c00000| PB 0x0000000705c00000| Untracked 
|   3|0x0000000705e00000, 0x0000000706000000, 0x0000000706000000|100%| O|  |TAMS 0x0000000705e00000| PB 0x0000000705e00000| Untracked 
|   4|0x0000000706000000, 0x0000000706200000, 0x0000000706200000|100%| O|  |TAMS 0x0000000706000000| PB 0x0000000706000000| Untracked 
|   5|0x0000000706200000, 0x0000000706400000, 0x0000000706400000|100%| O|  |TAMS 0x0000000706200000| PB 0x0000000706200000| Untracked 
|   6|0x0000000706400000, 0x0000000706600000, 0x0000000706600000|100%| O|  |TAMS 0x0000000706400000| PB 0x0000000706400000| Untracked 
|   7|0x0000000706600000, 0x0000000706600000, 0x0000000706800000|  0%| F|  |TAMS 0x0000000706600000| PB 0x0000000706600000| Untracked 
|   8|0x0000000706800000, 0x0000000706800000, 0x0000000706a00000|  0%| F|  |TAMS 0x0000000706800000| PB 0x0000000706800000| Untracked 
|   9|0x0000000706a00000, 0x0000000706a00000, 0x0000000706c00000|  0%| F|  |TAMS 0x0000000706a00000| PB 0x0000000706a00000| Untracked 
|  10|0x0000000706c00000, 0x0000000706c00000, 0x0000000706e00000|  0%| F|  |TAMS 0x0000000706c00000| PB 0x0000000706c00000| Untracked 
|  11|0x0000000706e00000, 0x0000000706e00000, 0x0000000707000000|  0%| F|  |TAMS 0x0000000706e00000| PB 0x0000000706e00000| Untracked 
|  12|0x0000000707000000, 0x0000000707101670, 0x0000000707200000| 50%| S|CS|TAMS 0x0000000707000000| PB 0x0000000707000000| Complete 
|  13|0x0000000707200000, 0x0000000707400000, 0x0000000707400000|100%| S|CS|TAMS 0x0000000707200000| PB 0x0000000707200000| Complete 
|  14|0x0000000707400000, 0x0000000707600000, 0x0000000707600000|100%| S|CS|TAMS 0x0000000707400000| PB 0x0000000707400000| Complete 
|  15|0x0000000707600000, 0x0000000707600000, 0x0000000707800000|  0%| F|  |TAMS 0x0000000707600000| PB 0x0000000707600000| Untracked 
|  16|0x0000000707800000, 0x0000000707800000, 0x0000000707a00000|  0%| F|  |TAMS 0x0000000707800000| PB 0x0000000707800000| Untracked 
|  17|0x0000000707a00000, 0x0000000707a00000, 0x0000000707c00000|  0%| F|  |TAMS 0x0000000707a00000| PB 0x0000000707a00000| Untracked 
|  18|0x0000000707c00000, 0x0000000707c00000, 0x0000000707e00000|  0%| F|  |TAMS 0x0000000707c00000| PB 0x0000000707c00000| Untracked 
|  19|0x0000000707e00000, 0x0000000707e00000, 0x0000000708000000|  0%| F|  |TAMS 0x0000000707e00000| PB 0x0000000707e00000| Untracked 
|  20|0x0000000708000000, 0x0000000708000000, 0x0000000708200000|  0%| F|  |TAMS 0x0000000708000000| PB 0x0000000708000000| Untracked 
|  21|0x0000000708200000, 0x0000000708200000, 0x0000000708400000|  0%| F|  |TAMS 0x0000000708200000| PB 0x0000000708200000| Untracked 
|  22|0x0000000708400000, 0x0000000708400000, 0x0000000708600000|  0%| F|  |TAMS 0x0000000708400000| PB 0x0000000708400000| Untracked 
|  23|0x0000000708600000, 0x0000000708600000, 0x0000000708800000|  0%| F|  |TAMS 0x0000000708600000| PB 0x0000000708600000| Untracked 
|  97|0x0000000711a00000, 0x0000000711a00000, 0x0000000711c00000|  0%| F|  |TAMS 0x0000000711a00000| PB 0x0000000711a00000| Untracked 
|  98|0x0000000711c00000, 0x0000000711c00000, 0x0000000711e00000|  0%| F|  |TAMS 0x0000000711c00000| PB 0x0000000711c00000| Untracked 
|  99|0x0000000711e00000, 0x0000000711e00000, 0x0000000712000000|  0%| F|  |TAMS 0x0000000711e00000| PB 0x0000000711e00000| Untracked 
| 100|0x0000000712000000, 0x0000000712000000, 0x0000000712200000|  0%| F|  |TAMS 0x0000000712000000| PB 0x0000000712000000| Untracked 
| 125|0x0000000715200000, 0x0000000715200000, 0x0000000715400000|  0%| F|  |TAMS 0x0000000715200000| PB 0x0000000715200000| Untracked 

Card table byte_map: [0x00000165fba70000,0x00000165fc250000] _byte_map_base: 0x00000165f8244000

Marking Bits: (CMBitMap*) 0x00000165ef8cdec0
 Bits: [0x0000016580000000, 0x0000016583ea0000)

Polling page: 0x00000165ed7e0000

Metaspace:

Usage:
  Non-class:     28.82 MB used.
      Class:      4.78 MB used.
       Both:     33.60 MB used.

Virtual space:
  Non-class space:       64.00 MB reserved,      29.12 MB ( 46%) committed,  1 nodes.
      Class space:        1.00 GB reserved,       5.00 MB ( <1%) committed,  1 nodes.
             Both:        1.06 GB reserved,      34.12 MB (  3%) committed. 

Chunk freelists:
   Non-Class:  2.45 MB
       Class:  10.94 MB
        Both:  13.39 MB

MaxMetaspaceSize: unlimited
CompressedClassSpaceSize: 1.00 GB
Initial GC threshold: 21.00 MB
Current GC threshold: 35.25 MB
CDS: on
 - commit_granule_bytes: 65536.
 - commit_granule_words: 8192.
 - virtual_space_node_default_size: 8388608.
 - enlarge_chunks_in_place: 1.
 - use_allocation_guard: 0.


Internal statistics:

num_allocs_failed_limit: 3.
num_arena_births: 732.
num_arena_deaths: 0.
num_vsnodes_births: 2.
num_vsnodes_deaths: 0.
num_space_committed: 546.
num_space_uncommitted: 0.
num_chunks_returned_to_freelist: 3.
num_chunks_taken_from_freelist: 2090.
num_chunk_merges: 0.
num_chunk_splits: 1385.
num_chunks_enlarged: 986.
num_inconsistent_stats: 0.

CodeCache: size=49152Kb used=9610Kb max_used=9610Kb free=39541Kb
 bounds [0x00000165f7f60000, 0x00000165f88d0000, 0x00000165faf60000]
 total_blobs=4790, nmethods=4224, adapters=487, full_count=0
Compilation: enabled, stopped_count=0, restarted_count=0

Compilation events (20 events):
Event: 2.523 Thread 0x00000165c90cfc20 4216       1       org.springframework.data.convert.CustomConversions$StoreConversions::isAnnotatedWith (14 bytes)
Event: 2.523 Thread 0x00000165c90cd570 nmethod 4214 0x00000165f88bf310 code [0x00000165f88bf4e0, 0x00000165f88bf7b0]
Event: 2.523 Thread 0x00000165c96315a0 nmethod 4215 0x00000165f88bf910 code [0x00000165f88bfac0, 0x00000165f88bfbc8]
Event: 2.523 Thread 0x00000165c90cfc20 nmethod 4216 0x00000165f88bfc90 code [0x00000165f88bfe40, 0x00000165f88bff10]
Event: 2.523 Thread 0x00000165c96315a0 4217       1       org.springframework.core.annotation.AnnotationUtils::findAnnotation (99 bytes)
Event: 2.523 Thread 0x00000165c90cd570 4218       1       org.springframework.core.annotation.AnnotationUtils$$Lambda/0x00000165854f7050::test (10 bytes)
Event: 2.523 Thread 0x00000165c90cd570 nmethod 4218 0x00000165f88bff90 code [0x00000165f88c0140, 0x00000165f88c0288]
Event: 2.523 Thread 0x00000165c90cd570 4219       1       org.springframework.data.convert.CustomConversions$ConverterRegistrationIntent::isConverterOfSource (9 bytes)
Event: 2.524 Thread 0x00000165c90cfc20 4220       1       org.springframework.core.convert.converter.GenericConverter$ConvertiblePair::getSourceType (5 bytes)
Event: 2.524 Thread 0x00000165c90cd570 nmethod 4219 0x00000165f88c0310 code [0x00000165f88c04a0, 0x00000165f88c0588]
Event: 2.524 Thread 0x00000165c96315a0 nmethod 4217 0x00000165f88c0610 code [0x00000165f88c08e0, 0x00000165f88c1138]
Event: 2.524 Thread 0x00000165c90cfc20 nmethod 4220 0x00000165f88c1610 code [0x00000165f88c17a0, 0x00000165f88c1870]
Event: 2.524 Thread 0x00000165c90cfc20 4221       1       org.springframework.data.convert.CustomConversions$ConverterRegistrationIntent::getConverterRegistration (5 bytes)
Event: 2.524 Thread 0x00000165c96315a0 4222       1       org.springframework.data.convert.CustomConversions$ConverterRegistration::getConvertiblePair (5 bytes)
Event: 2.524 Thread 0x00000165feeca480 4223       1       java.util.WeakHashMap::get (75 bytes)
Event: 2.524 Thread 0x00000165c96315a0 nmethod 4222 0x00000165f88c1910 code [0x00000165f88c1aa0, 0x00000165f88c1b70]
Event: 2.524 Thread 0x00000165c90cfc20 nmethod 4221 0x00000165f88c1c10 code [0x00000165f88c1da0, 0x00000165f88c1e70]
Event: 2.524 Thread 0x00000165c90cfc20 4224       1       org.springframework.data.convert.CustomConversions$ConverterRegistration::getConverter (5 bytes)
Event: 2.524 Thread 0x00000165c90cfc20 nmethod 4224 0x00000165f88c1f10 code [0x00000165f88c20a0, 0x00000165f88c2170]
Event: 2.524 Thread 0x00000165feeca480 nmethod 4223 0x00000165f88c2210 code [0x00000165f88c2400, 0x00000165f88c2708]

GC Heap History (11 events):
Event: 0.502 GC heap before
{Heap before GC invocations=0 (full 0):
 garbage-first heap   total 258048K, used 20480K [0x0000000705800000, 0x0000000800000000)
  region size 2048K, 11 young (22528K), 0 survivors (0K)
 Metaspace       used 4800K, committed 4992K, reserved 1114112K
  class space    used 629K, committed 704K, reserved 1048576K
}
Event: 0.506 GC heap after
{Heap after GC invocations=1 (full 0):
 garbage-first heap   total 258048K, used 5596K [0x0000000705800000, 0x0000000800000000)
  region size 2048K, 2 young (4096K), 2 survivors (4096K)
 Metaspace       used 4800K, committed 4992K, reserved 1114112K
  class space    used 629K, committed 704K, reserved 1048576K
}
Event: 0.874 GC heap before
{Heap before GC invocations=1 (full 0):
 garbage-first heap   total 258048K, used 34268K [0x0000000705800000, 0x0000000800000000)
  region size 2048K, 16 young (32768K), 2 survivors (4096K)
 Metaspace       used 11696K, committed 12096K, reserved 1114112K
  class space    used 1626K, committed 1792K, reserved 1048576K
}
Event: 0.878 GC heap after
{Heap after GC invocations=2 (full 0):
 garbage-first heap   total 258048K, used 8491K [0x0000000705800000, 0x0000000800000000)
  region size 2048K, 2 young (4096K), 2 survivors (4096K)
 Metaspace       used 11696K, committed 12096K, reserved 1114112K
  class space    used 1626K, committed 1792K, reserved 1048576K
}
Event: 1.256 GC heap before
{Heap before GC invocations=2 (full 0):
 garbage-first heap   total 258048K, used 51499K [0x0000000705800000, 0x0000000800000000)
  region size 2048K, 25 young (51200K), 2 survivors (4096K)
 Metaspace       used 21130K, committed 21504K, reserved 1114112K
  class space    used 2948K, committed 3136K, reserved 1048576K
}
Event: 1.261 GC heap after
{Heap after GC invocations=3 (full 0):
 garbage-first heap   total 258048K, used 12326K [0x0000000705800000, 0x0000000800000000)
  region size 2048K, 4 young (8192K), 4 survivors (8192K)
 Metaspace       used 21130K, committed 21504K, reserved 1114112K
  class space    used 2948K, committed 3136K, reserved 1048576K
}
Event: 1.751 GC heap before
{Heap before GC invocations=4 (full 0):
 garbage-first heap   total 49152K, used 47142K [0x0000000705800000, 0x0000000800000000)
  region size 2048K, 21 young (43008K), 4 survivors (8192K)
 Metaspace       used 24321K, committed 24768K, reserved 1114112K
  class space    used 3426K, committed 3584K, reserved 1048576K
}
Event: 1.757 GC heap after
{Heap after GC invocations=5 (full 0):
 garbage-first heap   total 59392K, used 14936K [0x0000000705800000, 0x0000000800000000)
  region size 2048K, 5 young (10240K), 5 survivors (10240K)
 Metaspace       used 24321K, committed 24768K, reserved 1114112K
  class space    used 3426K, committed 3584K, reserved 1048576K
}
Event: 2.100 GC heap before
{Heap before GC invocations=5 (full 0):
 garbage-first heap   total 59392K, used 39512K [0x0000000705800000, 0x0000000800000000)
  region size 2048K, 17 young (34816K), 5 survivors (10240K)
 Metaspace       used 28423K, committed 28992K, reserved 1114112K
  class space    used 4040K, committed 4288K, reserved 1048576K
}
Event: 2.106 GC heap after
{Heap after GC invocations=6 (full 0):
 garbage-first heap   total 59392K, used 16830K [0x0000000705800000, 0x0000000800000000)
  region size 2048K, 3 young (6144K), 3 survivors (6144K)
 Metaspace       used 28423K, committed 28992K, reserved 1114112K
  class space    used 4040K, committed 4288K, reserved 1048576K
}
Event: 2.540 GC heap before
{Heap before GC invocations=6 (full 0):
 garbage-first heap   total 59392K, used 43454K [0x0000000705800000, 0x0000000800000000)
  region size 2048K, 17 young (34816K), 3 survivors (6144K)
 Metaspace       used 34401K, committed 34944K, reserved 1114112K
  class space    used 4894K, committed 5120K, reserved 1048576K
}

Dll operation events (11 events):
Event: 0.009 Loaded shared library C:\Users\araom\.jdks\ms-21.0.8\bin\java.dll
Event: 0.100 Loaded shared library C:\Users\araom\.jdks\ms-21.0.8\bin\zip.dll
Event: 0.107 Loaded shared library C:\Users\araom\.jdks\ms-21.0.8\bin\instrument.dll
Event: 0.113 Loaded shared library C:\Users\araom\.jdks\ms-21.0.8\bin\net.dll
Event: 0.116 Loaded shared library C:\Users\araom\.jdks\ms-21.0.8\bin\nio.dll
Event: 0.120 Loaded shared library C:\Users\araom\.jdks\ms-21.0.8\bin\zip.dll
Event: 0.202 Loaded shared library C:\Users\araom\.jdks\ms-21.0.8\bin\extnet.dll
Event: 0.219 Loaded shared library C:\Users\araom\.jdks\ms-21.0.8\bin\jimage.dll
Event: 0.474 Loaded shared library C:\Users\araom\.jdks\ms-21.0.8\bin\management.dll
Event: 0.480 Loaded shared library C:\Users\araom\.jdks\ms-21.0.8\bin\management_ext.dll
Event: 1.030 Loaded shared library C:\Users\araom\.jdks\ms-21.0.8\bin\sunmscapi.dll

Deoptimization events (0 events):
No events

Classes loaded (20 events):
Event: 2.458 Loading class jdk/internal/icu/text/NormalizerBase$NFCMode
Event: 2.458 Loading class jdk/internal/icu/text/NormalizerBase$NFCMode done
Event: 2.458 Loading class jdk/internal/icu/text/NormalizerBase$NFKCMode
Event: 2.458 Loading class jdk/internal/icu/text/NormalizerBase$NFKCMode done
Event: 2.458 Loading class jdk/internal/icu/text/UCharacterIterator
Event: 2.458 Loading class jdk/internal/icu/text/UCharacterIterator done
Event: 2.459 Loading class jdk/internal/icu/impl/ReplaceableUCharacterIterator
Event: 2.459 Loading class jdk/internal/icu/impl/ReplaceableUCharacterIterator done
Event: 2.459 Loading class jdk/internal/icu/text/ReplaceableString
Event: 2.459 Loading class jdk/internal/icu/text/Replaceable
Event: 2.459 Loading class jdk/internal/icu/text/Replaceable done
Event: 2.459 Loading class jdk/internal/icu/text/ReplaceableString done
Event: 2.492 Loading class java/util/WeakHashMap$KeyIterator
Event: 2.492 Loading class java/util/WeakHashMap$HashIterator
Event: 2.492 Loading class java/util/WeakHashMap$HashIterator done
Event: 2.492 Loading class java/util/WeakHashMap$KeyIterator done
Event: 2.493 Loading class java/util/WeakHashMap$EntrySet
Event: 2.493 Loading class java/util/WeakHashMap$EntrySet done
Event: 2.493 Loading class java/util/WeakHashMap$EntryIterator
Event: 2.493 Loading class java/util/WeakHashMap$EntryIterator done

Classes unloaded (0 events):
No events

Classes redefined (0 events):
No events

Internal exceptions (20 events):
Event: 1.986 Thread 0x00000165c9a0b380 Exception <a 'java/lang/NoSuchMethodError'{0x00000007077d9a58}: 'java.lang.Object java.lang.invoke.Invokers$Holder.linkToTargetMethod(java.lang.Object, java.lang.Object, int, java.lang.Object)'> (0x00000007077d9a58) 
thrown [s\src\hotspot\share\interpreter\linkResolver.cpp, line 773]
Event: 1.989 Thread 0x00000165c9a0b380 Exception <a 'java/lang/NoSuchMethodError'{0x0000000707436de0}: 'void java.lang.invoke.DirectMethodHandle$Holder.invokeStatic(java.lang.Object, int, java.lang.Object)'> (0x0000000707436de0) 
thrown [s\src\hotspot\share\interpreter\linkResolver.cpp, line 773]
Event: 2.017 Thread 0x00000165c9a0b380 Exception <a 'java/lang/NoSuchMethodError'{0x00000007075a2de8}: 'java.lang.Object java.lang.invoke.DirectMethodHandle$Holder.invokeVirtual(java.lang.Object, java.lang.Object, java.lang.Object, java.lang.Object, java.lang.Object)'> (0x00000007075a2de8) 
thrown [s\src\hotspot\share\interpreter\linkResolver.cpp, line 773]
Event: 2.047 Thread 0x00000165c9a0b380 Exception <a 'java/lang/NoSuchMethodError'{0x00000007072f45b8}: 'java.lang.Object java.lang.invoke.DirectMethodHandle$Holder.invokeStaticInit(java.lang.Object, int, int, int, int)'> (0x00000007072f45b8) 
thrown [s\src\hotspot\share\interpreter\linkResolver.cpp, line 773]
Event: 2.065 Thread 0x00000165c9a0b380 Exception <a 'java/lang/NoSuchMethodError'{0x00000007073c24b0}: 'java.lang.Object java.lang.invoke.DirectMethodHandle$Holder.invokeStaticInit(java.lang.Object, java.lang.Object, int, int, int, int)'> (0x00000007073c24b0) 
thrown [s\src\hotspot\share\interpreter\linkResolver.cpp, line 773]
Event: 2.171 Thread 0x00000165c9a0b380 Exception <a 'java/lang/NoSuchMethodError'{0x0000000711ee1488}: 'int java.lang.invoke.DirectMethodHandle$Holder.invokeVirtual(java.lang.Object, java.lang.Object, java.lang.Object, java.lang.Object)'> (0x0000000711ee1488) 
thrown [s\src\hotspot\share\interpreter\linkResolver.cpp, line 773]
Event: 2.171 Thread 0x00000165c9a0b380 Exception <a 'java/lang/NoSuchMethodError'{0x0000000711ee4d58}: 'int java.lang.invoke.DelegatingMethodHandle$Holder.reinvoke_L(java.lang.Object, java.lang.Object, java.lang.Object, java.lang.Object)'> (0x0000000711ee4d58) 
thrown [s\src\hotspot\share\interpreter\linkResolver.cpp, line 773]
Event: 2.191 Thread 0x00000165c9a0b380 Exception <a 'java/io/FileNotFoundException'{0x0000000711ff3f20}> (0x0000000711ff3f20) 
thrown [s\src\hotspot\share\prims\jni.cpp, line 520]
Event: 2.223 Thread 0x00000165c9a0b380 Exception <a 'java/lang/NoSuchMethodError'{0x0000000711de0a08}: 'int java.lang.invoke.DirectMethodHandle$Holder.invokeInterface(java.lang.Object, java.lang.Object, java.lang.Object, java.lang.Object)'> (0x0000000711de0a08) 
thrown [s\src\hotspot\share\interpreter\linkResolver.cpp, line 773]
Event: 2.238 Thread 0x00000165c9a0b380 Exception <a 'java/lang/NoSuchMethodError'{0x0000000711b0a7d0}: 'void java.lang.invoke.Invokers$Holder.invokeExact_MT(java.lang.Object, java.lang.Object, java.lang.Object, java.lang.Object)'> (0x0000000711b0a7d0) 
thrown [s\src\hotspot\share\interpreter\linkResolver.cpp, line 773]
Event: 2.290 Thread 0x00000165c9a0b380 Exception <a 'java/lang/NoSuchMethodError'{0x00000007084da310}: 'java.lang.Object java.lang.invoke.DirectMethodHandle$Holder.invokeVirtual(java.lang.Object, java.lang.Object, java.lang.Object, java.lang.Object)'> (0x00000007084da310) 
thrown [s\src\hotspot\share\interpreter\linkResolver.cpp, line 773]
Event: 2.315 Thread 0x00000165c9a0b380 Exception <a 'sun/nio/fs/WindowsException'{0x0000000708252918}> (0x0000000708252918) 
thrown [s\src\hotspot\share\prims\jni.cpp, line 520]
Event: 2.357 Thread 0x00000165c9a0b380 Exception <a 'java/lang/NoSuchMethodError'{0x00000007080e2258}: 'long java.lang.invoke.DirectMethodHandle$Holder.invokeStatic(java.lang.Object)'> (0x00000007080e2258) 
thrown [s\src\hotspot\share\interpreter\linkResolver.cpp, line 773]
Event: 2.374 Thread 0x00000165cabce8f0 Exception <a 'java/lang/NoSuchMethodError'{0x0000000707e135f0}: 'java.lang.Object java.lang.invoke.DirectMethodHandle$Holder.invokeStatic(java.lang.Object, long, long)'> (0x0000000707e135f0) 
thrown [s\src\hotspot\share\interpreter\linkResolver.cpp, line 773]
Event: 2.375 Thread 0x00000165cabce8f0 Exception <a 'java/lang/NoSuchMethodError'{0x0000000707e742d0}: 'java.lang.Object java.lang.invoke.DirectMethodHandle$Holder.invokeInterface(java.lang.Object, java.lang.Object, long)'> (0x0000000707e742d0) 
thrown [s\src\hotspot\share\interpreter\linkResolver.cpp, line 773]
Event: 2.389 Thread 0x00000165cabce8f0 Exception <a 'java/lang/NoSuchMethodError'{0x0000000707f28f18}: 'void java.lang.invoke.DirectMethodHandle$Holder.invokeStatic(java.lang.Object, long)'> (0x0000000707f28f18) 
thrown [s\src\hotspot\share\interpreter\linkResolver.cpp, line 773]
Event: 2.409 Thread 0x00000165cabce8f0 Exception <a 'java/lang/NoSuchMethodError'{0x0000000707c92430}: 'void java.lang.invoke.DirectMethodHandle$Holder.invokeStatic(java.lang.Object, java.lang.Object, long)'> (0x0000000707c92430) 
thrown [s\src\hotspot\share\interpreter\linkResolver.cpp, line 773]
Event: 2.480 Thread 0x00000165c9a0b380 Exception <a 'java/lang/IncompatibleClassChangeError'{0x0000000707886b90}: Found class java.lang.Object, but interface was expected> (0x0000000707886b90) 
thrown [s\src\hotspot\share\interpreter\linkResolver.cpp, line 840]
Event: 2.482 Thread 0x00000165c9a0b380 Exception <a 'java/lang/NoSuchMethodError'{0x00000007078beba0}: 'java.lang.Object java.lang.invoke.DirectMethodHandle$Holder.newInvokeSpecial(java.lang.Object, java.lang.Object, java.lang.Object, int, int)'> (0x00000007078beba0) 
thrown [s\src\hotspot\share\interpreter\linkResolver.cpp, line 773]
Event: 2.499 Thread 0x00000165c9a0b380 Exception <a 'java/lang/IncompatibleClassChangeError'{0x00000007079c34d8}: Found class java.lang.Object, but interface was expected> (0x00000007079c34d8) 
thrown [s\src\hotspot\share\interpreter\linkResolver.cpp, line 840]

ZGC Phase Switch (0 events):
No events

VM Operations (20 events):
Event: 1.757 Executing VM operation: G1CollectForAllocation (G1 Evacuation Pause) done
Event: 1.769 Executing VM operation: HandshakeAllThreads (Deoptimize)
Event: 1.769 Executing VM operation: HandshakeAllThreads (Deoptimize) done
Event: 1.771 Executing VM operation: HandshakeAllThreads (Deoptimize)
Event: 1.771 Executing VM operation: HandshakeAllThreads (Deoptimize) done
Event: 1.842 Executing VM operation: HandshakeAllThreads (Deoptimize)
Event: 1.842 Executing VM operation: HandshakeAllThreads (Deoptimize) done
Event: 1.849 Executing VM operation: HandshakeAllThreads (Deoptimize)
Event: 1.849 Executing VM operation: HandshakeAllThreads (Deoptimize) done
Event: 2.099 Executing VM operation: G1CollectForAllocation (G1 Evacuation Pause)
Event: 2.106 Executing VM operation: G1CollectForAllocation (G1 Evacuation Pause) done
Event: 2.209 Executing VM operation: HandshakeAllThreads (Deoptimize)
Event: 2.209 Executing VM operation: HandshakeAllThreads (Deoptimize) done
Event: 2.383 Executing VM operation: HandshakeAllThreads (Deoptimize)
Event: 2.384 Executing VM operation: HandshakeAllThreads (Deoptimize) done
Event: 2.414 Executing VM operation: HandshakeAllThreads (Deoptimize)
Event: 2.414 Executing VM operation: HandshakeAllThreads (Deoptimize) done
Event: 2.420 Executing VM operation: HandshakeAllThreads (Deoptimize)
Event: 2.420 Executing VM operation: HandshakeAllThreads (Deoptimize) done
Event: 2.540 Executing VM operation: G1CollectForAllocation (G1 Evacuation Pause)

Memory protections (0 events):
No events

Nmethod flushes (0 events):
No events

Events (20 events):
Event: 0.033 Thread 0x00000165ed58f960 Thread added: 0x00000165feec7e20
Event: 0.033 Thread 0x00000165ed58f960 Thread added: 0x00000165feec8b50
Event: 0.033 Thread 0x00000165ed58f960 Thread added: 0x00000165feec9880
Event: 0.033 Thread 0x00000165ed58f960 Thread added: 0x00000165feeca480
Event: 0.086 Thread 0x00000165ed58f960 Thread added: 0x00000165c9071df0
Event: 0.091 Thread 0x00000165feeca480 Thread added: 0x00000165c90cd570
Event: 0.092 Thread 0x00000165c90cd570 Thread added: 0x00000165c90cfc20
Event: 0.193 Thread 0x00000165ed58f960 Thread added: 0x00000165c9513080
Event: 0.193 Thread 0x00000165ed58f960 Thread added: 0x00000165c95136e0
Event: 0.340 Thread 0x00000165c90cd570 Thread added: 0x00000165c96315a0
Event: 0.515 Thread 0x00000165ed58f960 Thread added: 0x00000165c9a0ad20
Event: 0.521 Thread 0x00000165c9a0ad20 Thread added: 0x00000165c9a0b380
Event: 0.812 Thread 0x00000165c9a0b380 Thread added: 0x00000165c9bfe010
Event: 1.152 Thread 0x00000165c9a0b380 Thread added: 0x00000165ca10a6f0
Event: 1.195 Thread 0x00000165ca10a6f0 Thread exited: 0x00000165ca10a6f0
Event: 1.229 Thread 0x00000165c9bfe010 Thread exited: 0x00000165c9bfe010
Event: 2.298 Thread 0x00000165c9a0b380 Thread added: 0x00000165ca5734d0
Event: 2.349 Thread 0x00000165c9a0b380 Thread added: 0x00000165cabce8f0
Event: 2.405 Thread 0x00000165cabce8f0 Thread added: 0x00000165cb0dd630
Event: 2.408 Thread 0x00000165cabce8f0 Thread added: 0x00000165cb107b00


Dynamic libraries:
0x00007ff63e160000 - 0x00007ff63e16e000 	C:\Users\araom\.jdks\ms-21.0.8\bin\java.exe
0x00007ffd39c80000 - 0x00007ffd39ee9000 	C:\WINDOWS\SYSTEM32\ntdll.dll
0x00007ffd37c30000 - 0x00007ffd37cf9000 	C:\WINDOWS\System32\KERNEL32.DLL
0x00007ffd37260000 - 0x00007ffd37653000 	C:\WINDOWS\System32\KERNELBASE.dll
0x00007ffd37110000 - 0x00007ffd3725b000 	C:\WINDOWS\System32\ucrtbase.dll
0x00007ffd33cd0000 - 0x00007ffd33cee000 	C:\Users\araom\.jdks\ms-21.0.8\bin\VCRUNTIME140.dll
0x00007ffd1aff0000 - 0x00007ffd1b008000 	C:\Users\araom\.jdks\ms-21.0.8\bin\jli.dll
0x00007ffd392f0000 - 0x00007ffd394b4000 	C:\WINDOWS\System32\USER32.dll
0x00007ffd36e10000 - 0x00007ffd36e37000 	C:\WINDOWS\System32\win32u.dll
0x00007ffd10290000 - 0x00007ffd10523000 	C:\WINDOWS\WinSxS\amd64_microsoft.windows.common-controls_6595b64144ccf1df_6.0.26100.5074_none_3e0d6f78e32fd63f\COMCTL32.dll
0x00007ffd38e00000 - 0x00007ffd38e2b000 	C:\WINDOWS\System32\GDI32.dll
0x00007ffd37de0000 - 0x00007ffd37e89000 	C:\WINDOWS\System32\msvcrt.dll
0x00007ffd37860000 - 0x00007ffd3798d000 	C:\WINDOWS\System32\gdi32full.dll
0x00007ffd36e40000 - 0x00007ffd36ee3000 	C:\WINDOWS\System32\msvcp_win.dll
0x00007ffd39730000 - 0x00007ffd3975f000 	C:\WINDOWS\System32\IMM32.DLL
0x00007ffd1afe0000 - 0x00007ffd1afec000 	C:\Users\araom\.jdks\ms-21.0.8\bin\vcruntime140_1.dll
0x00007ffd1af50000 - 0x00007ffd1afd9000 	C:\Users\araom\.jdks\ms-21.0.8\bin\msvcp140.dll
0x00007ffca4760000 - 0x00007ffca550c000 	C:\Users\araom\.jdks\ms-21.0.8\bin\server\jvm.dll
0x00007ffd39500000 - 0x00007ffd395b4000 	C:\WINDOWS\System32\ADVAPI32.dll
0x00007ffd38d40000 - 0x00007ffd38de6000 	C:\WINDOWS\System32\sechost.dll
0x00007ffd39780000 - 0x00007ffd39898000 	C:\WINDOWS\System32\RPCRT4.dll
0x00007ffd39110000 - 0x00007ffd39184000 	C:\WINDOWS\System32\WS2_32.dll
0x00007ffd36c60000 - 0x00007ffd36cbe000 	C:\WINDOWS\SYSTEM32\POWRPROF.dll
0x00007ffd2ed40000 - 0x00007ffd2ed75000 	C:\WINDOWS\SYSTEM32\WINMM.dll
0x00007ffd26110000 - 0x00007ffd2611b000 	C:\WINDOWS\SYSTEM32\VERSION.dll
0x00007ffd36c30000 - 0x00007ffd36c44000 	C:\WINDOWS\SYSTEM32\UMPDC.dll
0x00007ffd35bb0000 - 0x00007ffd35bcb000 	C:\WINDOWS\SYSTEM32\kernel.appcore.dll
0x00007ffd1af40000 - 0x00007ffd1af4a000 	C:\Users\araom\.jdks\ms-21.0.8\bin\jimage.dll
0x00007ffd1d3e0000 - 0x00007ffd1d622000 	C:\WINDOWS\SYSTEM32\DBGHELP.DLL
0x00007ffd398c0000 - 0x00007ffd39c3b000 	C:\WINDOWS\System32\combase.dll
0x00007ffd37d00000 - 0x00007ffd37dd7000 	C:\WINDOWS\System32\OLEAUT32.dll
0x00007ffd0d990000 - 0x00007ffd0d9cd000 	C:\WINDOWS\SYSTEM32\dbgcore.DLL
0x00007ffd36ef0000 - 0x00007ffd36f89000 	C:\WINDOWS\System32\bcryptPrimitives.dll
0x00007ffd1aee0000 - 0x00007ffd1aef0000 	C:\Users\araom\.jdks\ms-21.0.8\bin\instrument.dll
0x00007ffd17ec0000 - 0x00007ffd17ee1000 	C:\Users\araom\.jdks\ms-21.0.8\bin\java.dll
0x00007ffd37e90000 - 0x00007ffd385dd000 	C:\WINDOWS\System32\SHELL32.dll
0x00007ffd376f0000 - 0x00007ffd3785c000 	C:\WINDOWS\System32\wintypes.dll
0x00007ffd34a30000 - 0x00007ffd35289000 	C:\WINDOWS\SYSTEM32\windows.storage.dll
0x00007ffd37aa0000 - 0x00007ffd37b90000 	C:\WINDOWS\System32\SHCORE.dll
0x00007ffd387c0000 - 0x00007ffd38822000 	C:\WINDOWS\System32\shlwapi.dll
0x00007ffd36d30000 - 0x00007ffd36d59000 	C:\WINDOWS\SYSTEM32\profapi.dll
0x00007ffd00880000 - 0x00007ffd00898000 	C:\Users\araom\.jdks\ms-21.0.8\bin\zip.dll
0x00007ffd1aec0000 - 0x00007ffd1aed1000 	C:\Users\araom\.jdks\ms-21.0.8\bin\net.dll
0x00007ffd30400000 - 0x00007ffd3051f000 	C:\WINDOWS\SYSTEM32\WINHTTP.dll
0x00007ffd36110000 - 0x00007ffd3617b000 	C:\WINDOWS\system32\mswsock.dll
0x00007ffd127a0000 - 0x00007ffd127b6000 	C:\Users\araom\.jdks\ms-21.0.8\bin\nio.dll
0x00007ffd12ae0000 - 0x00007ffd12ae9000 	C:\Users\araom\.jdks\ms-21.0.8\bin\extnet.dll
0x00007ffd00870000 - 0x00007ffd0087a000 	C:\Users\araom\.jdks\ms-21.0.8\bin\management.dll
0x00007ffd00860000 - 0x00007ffd0086c000 	C:\Users\araom\.jdks\ms-21.0.8\bin\management_ext.dll
0x00007ffd395c0000 - 0x00007ffd395c8000 	C:\WINDOWS\System32\PSAPI.DLL
0x00007ffd12730000 - 0x00007ffd1273e000 	C:\Users\araom\.jdks\ms-21.0.8\bin\sunmscapi.dll
0x00007ffd36f90000 - 0x00007ffd37107000 	C:\WINDOWS\System32\CRYPT32.dll
0x00007ffd36620000 - 0x00007ffd36650000 	C:\WINDOWS\SYSTEM32\ncrypt.dll
0x00007ffd365d0000 - 0x00007ffd3660f000 	C:\WINDOWS\SYSTEM32\NTASN1.dll
0x00007ffd364e0000 - 0x00007ffd364fb000 	C:\WINDOWS\SYSTEM32\CRYPTSP.dll
0x00007ffd35b10000 - 0x00007ffd35b4b000 	C:\WINDOWS\system32\rsaenh.dll
0x00007ffd361b0000 - 0x00007ffd361db000 	C:\WINDOWS\SYSTEM32\USERENV.dll
0x00007ffd36d00000 - 0x00007ffd36d26000 	C:\WINDOWS\SYSTEM32\bcrypt.dll
0x00007ffd36340000 - 0x00007ffd3634c000 	C:\WINDOWS\SYSTEM32\CRYPTBASE.dll
0x00007ffd35600000 - 0x00007ffd35634000 	C:\WINDOWS\SYSTEM32\IPHLPAPI.DLL
0x00007ffd39770000 - 0x00007ffd3977a000 	C:\WINDOWS\System32\NSI.dll
0x00007ffd356a0000 - 0x00007ffd357c6000 	C:\WINDOWS\SYSTEM32\DNSAPI.dll
0x00007ffd2ec70000 - 0x00007ffd2ec7b000 	C:\Windows\System32\rasadhlp.dll
0x00007ffd31790000 - 0x00007ffd31816000 	C:\WINDOWS\System32\fwpuclnt.dll

JVMTI agents:
C:\Users\araom\AppData\Local\Programs\IntelliJ IDEA Community Edition\lib\idea_rt.jar path:C:\Users\araom\.jdks\ms-21.0.8\bin\instrument.dll, loaded, initialized, instrumentlib options:54209

dbghelp: loaded successfully - version: 4.0.5 - missing functions: none
symbol engine: initialized successfully - sym options: 0x614 - pdb path: .;C:\Users\araom\.jdks\ms-21.0.8\bin;C:\WINDOWS\SYSTEM32;C:\WINDOWS\WinSxS\amd64_microsoft.windows.common-controls_6595b64144ccf1df_6.0.26100.5074_none_3e0d6f78e32fd63f;C:\Users\araom\.jdks\ms-21.0.8\bin\server

VM Arguments:
jvm_args: -XX:TieredStopAtLevel=1 -Dspring.output.ansi.enabled=always -javaagent:C:\Users\araom\AppData\Local\Programs\IntelliJ IDEA Community Edition\lib\idea_rt.jar=54209 -Dfile.encoding=UTF-8 -Dsun.stdout.encoding=UTF-8 -Dsun.stderr.encoding=UTF-8 
java_command: com.jobportal.Job.Poratl.JobPoratlApplication
java_class_path (initial): C:\Users\araom\OneDrive\Desktop\Job Poratl backend\Job-Poratl\target\classes;C:\Users\araom\.m2\repository\org\springframework\boot\spring-boot-starter-web\4.0.1\spring-boot-starter-web-4.0.1.jar;C:\Users\araom\.m2\repository\org\springframework\boot\spring-boot-starter-jackson\4.0.1\spring-boot-starter-jackson-4.0.1.jar;C:\Users\araom\.m2\repository\org\springframework\boot\spring-boot-jackson\4.0.1\spring-boot-jackson-4.0.1.jar;C:\Users\araom\.m2\repository\tools\jackson\core\jackson-databind\3.0.3\jackson-databind-3.0.3.jar;C:\Users\araom\.m2\repository\tools\jackson\core\jackson-core\3.0.3\jackson-core-3.0.3.jar;C:\Users\araom\.m2\repository\org\springframework\boot\spring-boot-starter-tomcat\4.0.1\spring-boot-starter-tomcat-4.0.1.jar;C:\Users\araom\.m2\repository\org\springframework\boot\spring-boot-starter-tomcat-runtime\4.0.1\spring-boot-starter-tomcat-runtime-4.0.1.jar;C:\Users\araom\.m2\repository\org\springframework\boot\spring-boot-web-server\4.0.1\spring-boot-web-server-4.0.1.jar;C:\Users\araom\.m2\repository\org\apache\tomcat\embed\tomcat-embed-core\11.0.15\tomcat-embed-core-11.0.15.jar;C:\Users\araom\.m2\repository\org\apache\tomcat\embed\tomcat-embed-websocket\11.0.15\tomcat-embed-websocket-11.0.15.jar;C:\Users\araom\.m2\repository\org\springframework\boot\spring-boot-tomcat\4.0.1\spring-boot-tomcat-4.0.1.jar;C:\Users\araom\.m2\repository\org\springframework\boot\spring-boot-http-converter\4.0.1\spring-boot-http-converter-4.0.1.jar;C:\Users\araom\.m2\repository\org\springframework\spring-web\7.0.2\spring-web-7.0.2.jar;C:\Users\araom\.m2\repository\io\micrometer\micrometer-observation\1.16.1\micrometer-observation-1.16.1.jar;C:\Users\araom\.m2\repository\io\micrometer\micrometer-commons\1.16.1\micrometer-commons-1.16.1.jar;C:\Users\araom\.m2\repository\org\springframework\boot\spring-boot-webmvc\4.0.1\spring-boot-webmvc-4.0.1.jar;C:\Users\araom\.m2\repository\org\springframework\boot\spring-boot-servlet\4.0.1\spring-boot-servlet-4.0.1.jar;C:\Users\araom\.m2\repository\org\springframework\spring-webmvc\7.0.2\spring-webmvc-7.0.2.jar;C:\Users\araom\.m2\repository\org\springframework\spring-expression\7.0.2\spring-expression-7.0.2.jar;C:\Users\araom\.m2\repository\org\springframework\boot\spring-boot-starter-data-mongodb\4.0.1\spring-boot-starter-data-mongodb-4.0.1.jar;C:\Users\araom\.m2\repository\org\springframework\boot\spring-boot-starter-mongodb\4.0.1\spring-boot-starter-mongodb-4.0.1.jar;C:\Users\araom\.m2\repository\org\springframework\boot\spring-boot-mongodb\4.0.1\spring-boot-mongodb-4.0.1.jar;C:\Users\araom\.m2\repository\org\mongodb\mongodb-driver-sync\5.6.2\mongodb-driver-sync-5.6.2.jar;C:\Users\araom\.m2\repository\org\mongodb\bson\5.6.2\bson-5.6.2.jar;C:\Users\araom\.m2\repository\org\mongodb\mongodb-driver-core\5.6.2\mongodb-driver-core-5.6.2.jar;C:\Users\araom\.m2\repository\org\mongodb\bson-record-codec\5.6.2\bson-record-codec-5.6.2.jar;C:\Users\araom\.m2\repository\org\springframework\boot\spring-boot-data-mongodb\4.0.1\spring-boot-data-mongodb-4.0.1.jar;C:\Users\araom\.m2\repository\org\springframework\boot\spring-boot-data-commons\4.0.1\spring-boot-data-commons-4.0.1.jar;C:\Users\araom\.m2\repository\org\springframework\boot\spring-boot-persistence\4.0.1\spring-boot-persistence-4.0.1.jar;C:\Users\araom\.m2\repository\org\springframework\data\spring-data-commons\4.0.1\spring-data-commons-4.0.1.jar;C:\Users\araom\.m2\repository\org\springframework\boot\spring-boot-transaction\4.0.1\spring-boot-transaction-4.0.1.jar;C:\Users\araom\.m2\repository\org\springframework\spring-tx\7.0.2\spring-tx-7.0.2.jar;C:\Users\araom\.m2\repository\org\springframework\data\spring-data-mongodb\5.0.1\spring-data-mongodb-5.0.1.jar;C:\Users\araom\.m2\repository\org\projectlombok\lombok\1.18.42\lombok-1.18.42.jar;C:\Users\araom\.m2\repository\org\springframework\boot\spring-boot-devtools\4.0.1\spring-boot-devtools-4.0.1.jar;C:\Users\araom\.m2\repository\org\springframework\boot\spring-boot\4.0.1\spring-boot-4.0.1.jar;C:\Users\araom\.m2\repository\org\springframework\spring-context\7.0.2\spring-context-7.0.2.jar;C:\Users\araom\.m2\repository\org\springframework\boot\spring-boot-autoconfigure\4.0.1\spring-boot-autoconfigure-4.0.1.jar;C:\Users\araom\.m2\repository\org\springframework\boot\spring-boot-starter-validation\4.0.1\spring-boot-starter-validation-4.0.1.jar;C:\Users\araom\.m2\repository\org\springframework\boot\spring-boot-starter\4.0.1\spring-boot-starter-4.0.1.jar;C:\Users\araom\.m2\repository\org\springframework\boot\spring-boot-starter-logging\4.0.1\spring-boot-starter-logging-4.0.1.jar;C:\Users\araom\.m2\repository\ch\qos\logback\logback-classic\1.5.22\logback-classic-1.5.22.jar;C:\Users\araom\.m2\repository\ch\qos\logback\logback-core\1.5.22\logback-core-1.5.22.jar;C:\Users\araom\.m2\repository\org\apache\logging\log4j\log4j-to-slf4j\2.25.3\log4j-to-slf4j-2.25.3.jar;C:\Users\araom\.m2\repository\org\apache\logging\log4j\log4j-api\2.25.3\log4j-api-2.25.3.jar;C:\Users\araom\.m2\repository\org\slf4j\jul-to-slf4j\2.0.17\jul-to-slf4j-2.0.17.jar;C:\Users\araom\.m2\repository\jakarta\annotation\jakarta.annotation-api\3.0.0\jakarta.annotation-api-3.0.0.jar;C:\Users\araom\.m2\repository\org\yaml\snakeyaml\2.5\snakeyaml-2.5.jar;C:\Users\araom\.m2\repository\org\springframework\boot\spring-boot-validation\4.0.1\spring-boot-validation-4.0.1.jar;C:\Users\araom\.m2\repository\org\apache\tomcat\embed\tomcat-embed-el\11.0.15\tomcat-embed-el-11.0.15.jar;C:\Users\araom\.m2\repository\org\hibernate\validator\hibernate-validator\9.0.1.Final\hibernate-validator-9.0.1.Final.jar;C:\Users\araom\.m2\repository\jakarta\validation\jakarta.validation-api\3.1.1\jakarta.validation-api-3.1.1.jar;C:\Users\araom\.m2\repository\org\jboss\logging\jboss-logging\3.6.1.Final\jboss-logging-3.6.1.Final.jar;C:\Users\araom\.m2\repository\com\fasterxml\classmate\1.7.1\classmate-1.7.1.jar;C:\Users\araom\.m2\repository\org\slf4j\slf4j-api\2.0.17\slf4j-api-2.0.17.jar;C:\Users\araom\.m2\repository\jakarta\activation\jakarta.activation-api\2.1.4\jakarta.activation-api-2.1.4.jar;C:\Users\araom\.m2\repository\org\springframework\spring-core\7.0.2\spring-core-7.0.2.jar;C:\Users\araom\.m2\repository\commons-logging\commons-logging\1.3.5\commons-logging-1.3.5.jar;C:\Users\araom\.m2\repository\org\jspecify\jspecify\1.0.0\jspecify-1.0.0.jar;C:\Users\araom\.m2\repository\org\springframework\boot\spring-boot-starter-security\4.0.1\spring-boot-starter-security-4.0.1.jar;C:\Users\araom\.m2\repository\org\springframework\boot\spring-boot-security\4.0.1\spring-boot-security-4.0.1.jar;C:\Users\araom\.m2\repository\org\springframework\security\spring-security-config\7.0.2\spring-security-config-7.0.2.jar;C:\Users\araom\.m2\repository\org\springframework\security\spring-security-core\7.0.2\spring-security-core-7.0.2.jar;C:\Users\araom\.m2\repository\org\springframework\security\spring-security-crypto\7.0.2\spring-security-crypto-7.0.2.jar;C:\Users\araom\.m2\repository\org\springframework\security\spring-security-web\7.0.2\spring-security-web-7.0.2.jar;C:\Users\araom\.m2\repository\org\springframework\spring-aop\7.0.2\spring-aop-7.0.2.jar;C:\Users\araom\.m2\repository\org\springframework\spring-beans\7.0.2\spring-beans-7.0.2.jar;C:\Users\araom\.m2\repository\org\springframework\boot\spring-boot-starter-mail\4.0.1\spring-boot-starter-mail-4.0.1.jar;C:\Users\araom\.m2\repository\org\springframework\boot\spring-boot-mail\4.0.1\spring-boot-mail-4.0.1.jar;C:\Users\araom\.m2\repository\org\springframework\spring-context-support\7.0.2\spring-context-support-7.0.2.jar;C:\Users\araom\.m2\repository\jakarta\mail\jakarta.mail-api\2.1.5\jakarta.mail-api-2.1.5.jar;C:\Users\araom\.m2\repository\org\eclipse\angus\angus-mail\2.0.5\angus-mail-2.0.5.jar;C:\Users\araom\.m2\repository\org\eclipse\angus\angus-activation\2.0.3\angus-activation-2.0.3.jar;C:\Users\araom\.m2\repository\com\fasterxml\jackson\core\jackson-databind\2.20.1\jackson-databind-2.20.1.jar;C:\Users\araom\.m2\repository\com\fasterxml\jackson\core\jackson-annotations\2.20\jackson-annotations-2.20.jar;C:\Users\araom\.m2\repository\com\fasterxml\jackson\core\jackson-core\2.20.1\jackson-core-2.20.1.jar;C:\Users\araom\.m2\repository\io\jsonwebtoken\jjwt-api\0.11.5\jjwt-api-0.11.5.jar;C:\Users\araom\.m2\repository\io\jsonwebtoken\jjwt-impl\0.11.5\jjwt-impl-0.11.5.jar;C:\Users\araom\.m2\repository\io\jsonwebtoken\jjwt-jackson\0.11.5\jjwt-jackson-0.11.5.jar
Launcher Type: SUN_STANDARD

[Global flags]
     intx CICompilerCount                          = 4                                         {product} {ergonomic}
     uint ConcGCThreads                            = 3                                         {product} {ergonomic}
     uint G1ConcRefinementThreads                  = 10                                        {product} {ergonomic}
   size_t G1HeapRegionSize                         = 2097152                                   {product} {ergonomic}
    uintx GCDrainStackTargetSize                   = 64                                        {product} {ergonomic}
   size_t InitialHeapSize                          = 264241152                                 {product} {ergonomic}
   size_t MarkStackSize                            = 4194304                                   {product} {ergonomic}
   size_t MaxHeapSize                              = 4202692608                                {product} {ergonomic}
   size_t MaxNewSize                               = 2520776704                                {product} {ergonomic}
   size_t MinHeapDeltaBytes                        = 2097152                                   {product} {ergonomic}
   size_t MinHeapSize                              = 8388608                                   {product} {ergonomic}
    uintx NonNMethodCodeHeapSize                   = 4096                                   {pd product} {ergonomic}
    uintx NonProfiledCodeHeapSize                  = 0                                      {pd product} {ergonomic}
     bool ProfileInterpreter                       = false                                  {pd product} {command line}
    uintx ProfiledCodeHeapSize                     = 0                                      {pd product} {ergonomic}
   size_t SoftMaxHeapSize                          = 4202692608                             {manageable} {ergonomic}
     intx TieredStopAtLevel                        = 1                                         {product} {command line}
     bool UseCompressedOops                        = true                           {product lp64_product} {ergonomic}
     bool UseG1GC                                  = true                                      {product} {ergonomic}
     bool UseLargePagesIndividualAllocation        = false                                  {pd product} {ergonomic}

Logging:
Log output configuration:
 #0: stdout all=warning uptime,level,tags foldmultilines=false
 #1: stderr all=off uptime,level,tags foldmultilines=false

Environment Variables:
JAVA_HOME=C:\Program Files\Eclipse Adoptium\jdk-21.0.6.7-hotspot\bin
PATH=C:\Program Files\Eclipse Adoptium\jdk-21.0.6.7-hotspot\bin;C:\Python313\Scripts\;C:\Python313\;C:\Python312\Scripts\;C:\Python312\;C:\WINDOWS\system32;C:\WINDOWS;C:\WINDOWS\System32\Wbem;C:\WINDOWS\System32\WindowsPowerShell\v1.0\;C:\WINDOWS\System32\OpenSSH\;C:\Program Files\Git\cmd;C:\Program Files (x86)\dotnet\;C:\MAMP\bin\mysql\bin;C:\Program Files\nodejs\;C:\ProgramData\chocolatey\bin;;C:\Program Files\Docker\Docker\resources\bin;C:\Users\araom\AppData\Local\Programs\Eclipse Adoptium\jdk-21.0.6.7-hotspot\bin;C:\Users\araom\AppData\Local\Microsoft\WindowsApps;C:\Users\araom\AppData\Local\Programs\Microsoft VS Code\bin;C:\Users\araom\AppData\Roaming\npm;C:\Users\araom\AppData\Local\JetBrains\Toolbox\scripts;C:\Users\araom\AppData\Local\Programs\mongosh\
USERNAME=araom
OS=Windows_NT
PROCESSOR_IDENTIFIER=Intel64 Family 6 Model 186 Stepping 3, GenuineIntel
TMP=C:\Users\araom\AppData\Local\Temp
TEMP=C:\Users\araom\AppData\Local\Temp




Periodic native trim disabled

---------------  S Y S T E M  ---------------

OS:
 Windows 11 , 64 bit Build 26100 (10.0.26100.5074)
OS uptime: 0 days 10:24 hours
Hyper-V role detected

CPU: total 12 (initial active 12) (6 cores per cpu, 2 threads per core) family 6 model 186 stepping 3 microcode 0x4129, cx8, cmov, fxsr, ht, mmx, 3dnowpref, sse, sse2, sse3, ssse3, sse4.1, sse4.2, popcnt, lzcnt, tsc, tscinvbit, avx, avx2, aes, erms, clmul, bmi1, bmi2, adx, sha, fma, vzeroupper, clflush, clflushopt, clwb, hv, serialize, rdtscp, rdpid, fsrm, f16c, cet_ibt, cet_ss
Processor Information for the first 12 processors :
  Max Mhz: 1300, Current Mhz: 1300, Mhz Limit: 1300

Memory: 4k page, system-wide physical 16024M (2098M free)
TotalPageFile size 21908M (AvailPageFile size 90M)
current process WorkingSet (physical memory assigned to process): 166M, peak: 166M
current process commit charge ("private bytes"): 207M, peak: 379M

vm_info: OpenJDK 64-Bit Server VM (21.0.8+9-LTS) for windows-amd64 JRE (21.0.8+9-LTS), built on 2025-07-10T20:22:44Z by "MicrosoftCorporation" with unknown MS VC++:1944

END.
