#
# There is insufficient memory for the Java Runtime Environment to continue.
# Native memory allocation (malloc) failed to allocate 32744 bytes. Error detail: Chunk::new
# Possible reasons:
#   The system is out of physical RAM or swap space
#   This process is running with CompressedOops enabled, and the Java Heap may be blocking the growth of the native heap
# Possible solutions:
#   Reduce memory load on the system
#   Increase physical memory or swap space
#   Check if swap backing store is full
#   Decrease Java heap size (-Xmx/-Xms)
#   Decrease number of Java threads
#   Decrease Java thread stack sizes (-Xss)
#   Set larger code cache with -XX:ReservedCodeCacheSize=
#   JVM is running with Zero Based Compressed Oops mode in which the Java heap is
#     placed in the first 32GB address space. The Java Heap base address is the
#     maximum limit for the native heap growth. Please use -XX:HeapBaseMinAddress
#     to set the Java Heap base and to place the Java Heap above 32GB virtual address.
# This output file may be truncated or incomplete.
#
#  Out of Memory Error (arena.cpp:168), pid=27036, tid=11396
#
# JRE version: OpenJDK Runtime Environment Microsoft-11933218 (21.0.8+9) (build 21.0.8+9-LTS)
# Java VM: OpenJDK 64-Bit Server VM Microsoft-11933218 (21.0.8+9-LTS, mixed mode, sharing, tiered, compressed oops, compressed class ptrs, g1 gc, windows-amd64)
# No core dump will be written. Minidumps are not enabled by default on client versions of Windows
#

---------------  S U M M A R Y ------------

Command Line: -agentlib:jdwp=transport=dt_socket,address=127.0.0.1:62176,suspend=y,server=n -javaagent:C:\Users\araom\AppData\Local\JetBrains\IntelliJIdea2025.3\captureAgent\debugger-agent.jar=file:///C:/Users/araom/AppData/Local/Temp/capture12649769014851039187.props -Dkotlinx.coroutines.debug.enable.creation.stack.trace=false -Ddebugger.agent.enable.coroutines=true -Dkotlinx.coroutines.debug.enable.flows.stack.trace=true -Dkotlinx.coroutines.debug.enable.mutable.state.flows.stack.trace=true -Ddebugger.async.stack.trace.for.all.threads=true -Dfile.encoding=UTF-8 -Dsun.stdout.encoding=UTF-8 -Dsun.stderr.encoding=UTF-8 com.jobportal.Job.Poratl.JobPoratlApplication

Host: 13th Gen Intel(R) Core(TM) i5-1335U, 12 cores, 15G,  Windows 11 , 64 bit Build 26100 (10.0.26100.5074)
Time: Wed Feb  4 12:00:21 2026 elapsed time: 4039.864848 seconds (0d 1h 7m 19s)

---------------  T H R E A D  ---------------

Current thread (0x00000153ffb47610):  JavaThread "C2 CompilerThread0" daemon [_thread_in_native, id=11396, stack(0x0000000654f00000,0x0000000655000000) (1024K)]


Current CompileTask:
C2:4039864 9664   !   4       tools.jackson.core.json.UTF8JsonGenerator::_flushBuffer (38 bytes)

Stack: [0x0000000654f00000,0x0000000655000000]
Native frames: (J=compiled Java code, j=interpreted, Vv=VM code, C=native code)
V  [jvm.dll+0x6e1729]
V  [jvm.dll+0x8bf47b]
V  [jvm.dll+0x8c19aa]
V  [jvm.dll+0x8c2083]
V  [jvm.dll+0x289fd6]
V  [jvm.dll+0xc903d]
V  [jvm.dll+0xc958c]
V  [jvm.dll+0x3cc9e5]
V  [jvm.dll+0x5e90e4]
V  [jvm.dll+0x1ea5c3]
V  [jvm.dll+0x251db3]
V  [jvm.dll+0x251283]
V  [jvm.dll+0x1d18bf]
V  [jvm.dll+0x260f4a]
V  [jvm.dll+0x25f2b5]
V  [jvm.dll+0x40151d]
V  [jvm.dll+0x86975d]
V  [jvm.dll+0x6dff2d]
C  [ucrtbase.dll+0x37b0]
C  [KERNEL32.DLL+0x2e8d7]
C  [ntdll.dll+0x8d9c]


---------------  P R O C E S S  ---------------

Threads class SMR info:
_java_thread_list=0x00000153e88a53c0, length=34, elements={
0x00000153ffb31160, 0x00000153ffb32920, 0x00000153ffb36610, 0x00000153ffb393d0,
0x00000153ffb42db0, 0x00000153ffb444a0, 0x00000153ffb47610, 0x00000153996729c0,
0x00000153997514d0, 0x0000015399816840, 0x0000015399928cf0, 0x000001539996df80,
0x00000153e4d40890, 0x00000153e4d42960, 0x00000153e4d415b0, 0x00000153e50d1930,
0x00000153e50d1fc0, 0x00000153e50d7510, 0x00000153e50d4090, 0x00000153e7876a00,
0x00000153e7875ce0, 0x00000153e7877090, 0x00000153e7873c10, 0x00000153e7877720,
0x00000153e78742a0, 0x00000153e7877db0, 0x00000153e7874930, 0x00000153e7879160,
0x00000153e78797f0, 0x00000153e7878440, 0x00000153e7878ad0, 0x00000153e787a510,
0x00000153e7879e80, 0x00000153e55719f0
}

Java Threads: ( => current thread )
  0x00000153ffb31160 JavaThread "Reference Handler"          daemon [_thread_blocked, id=27152, stack(0x0000000654900000,0x0000000654a00000) (1024K)]
  0x00000153ffb32920 JavaThread "Finalizer"                  daemon [_thread_blocked, id=21868, stack(0x0000000654a00000,0x0000000654b00000) (1024K)]
  0x00000153ffb36610 JavaThread "Signal Dispatcher"          daemon [_thread_blocked, id=14824, stack(0x0000000654b00000,0x0000000654c00000) (1024K)]
  0x00000153ffb393d0 JavaThread "Attach Listener"            daemon [_thread_blocked, id=13436, stack(0x0000000654c00000,0x0000000654d00000) (1024K)]
  0x00000153ffb42db0 JavaThread "Service Thread"             daemon [_thread_blocked, id=12708, stack(0x0000000654d00000,0x0000000654e00000) (1024K)]
  0x00000153ffb444a0 JavaThread "Monitor Deflation Thread"   daemon [_thread_blocked, id=18308, stack(0x0000000654e00000,0x0000000654f00000) (1024K)]
=>0x00000153ffb47610 JavaThread "C2 CompilerThread0"         daemon [_thread_in_native, id=11396, stack(0x0000000654f00000,0x0000000655000000) (1024K)]
  0x00000153996729c0 JavaThread "C1 CompilerThread0"         daemon [_thread_blocked, id=7480, stack(0x0000000655000000,0x0000000655100000) (1024K)]
  0x00000153997514d0 JavaThread "Common-Cleaner"             daemon [_thread_blocked, id=13152, stack(0x0000000655100000,0x0000000655200000) (1024K)]
  0x0000015399816840 JavaThread "JDWP Event Helper Thread"   daemon [_thread_blocked, id=2380, stack(0x0000000655300000,0x0000000655400000) (1024K)]
  0x0000015399928cf0 JavaThread "IntelliJ Suspend Helper"    daemon [_thread_blocked, id=10128, stack(0x0000000655500000,0x0000000655600000) (1024K)]
  0x000001539996df80 JavaThread "Notification Thread"        daemon [_thread_blocked, id=17088, stack(0x0000000655600000,0x0000000655700000) (1024K)]
  0x00000153e4d40890 JavaThread "Catalina-utility-1"                [_thread_blocked, id=23696, stack(0x0000000656300000,0x0000000656400000) (1024K)]
  0x00000153e4d42960 JavaThread "Catalina-utility-2"                [_thread_blocked, id=22332, stack(0x0000000656700000,0x0000000656800000) (1024K)]
  0x00000153e4d415b0 JavaThread "container-0"                       [_thread_blocked, id=23664, stack(0x0000000656800000,0x0000000656900000) (1024K)]
  0x00000153e50d1930 JavaThread "BufferPoolPruner-1-thread-1" daemon [_thread_blocked, id=11612, stack(0x0000000656900000,0x0000000656a00000) (1024K)]
  0x00000153e50d1fc0 JavaThread "cluster-ClusterId{value='6982a680ed64f82254df55cf', description='null'}-localhost:27017" daemon [_thread_in_native, id=21220, stack(0x0000000656a00000,0x0000000656b00000) (1024K)]
  0x00000153e50d7510 JavaThread "cluster-rtt-ClusterId{value='6982a680ed64f82254df55cf', description='null'}-localhost:27017" daemon [_thread_blocked, id=8084, stack(0x0000000656c00000,0x0000000656d00000) (1024K)]
  0x00000153e50d4090 JavaThread "MaintenanceTimer-2-thread-1" daemon [_thread_blocked, id=7856, stack(0x0000000656d00000,0x0000000656e00000) (1024K)]
  0x00000153e7876a00 JavaThread "File Watcher"               daemon [_thread_blocked, id=9444, stack(0x0000000656e00000,0x0000000656f00000) (1024K)]
  0x00000153e7875ce0 JavaThread "http-nio-8080-exec-1"       daemon [_thread_blocked, id=23764, stack(0x0000000656f00000,0x0000000657000000) (1024K)]
  0x00000153e7877090 JavaThread "http-nio-8080-exec-2"       daemon [_thread_blocked, id=6072, stack(0x0000000657000000,0x0000000657100000) (1024K)]
  0x00000153e7873c10 JavaThread "http-nio-8080-exec-3"       daemon [_thread_blocked, id=23768, stack(0x0000000657100000,0x0000000657200000) (1024K)]
  0x00000153e7877720 JavaThread "http-nio-8080-exec-4"       daemon [_thread_blocked, id=7388, stack(0x0000000657200000,0x0000000657300000) (1024K)]
  0x00000153e78742a0 JavaThread "http-nio-8080-exec-5"       daemon [_thread_blocked, id=20688, stack(0x0000000657300000,0x0000000657400000) (1024K)]
  0x00000153e7877db0 JavaThread "http-nio-8080-exec-6"       daemon [_thread_blocked, id=10440, stack(0x0000000657400000,0x0000000657500000) (1024K)]
  0x00000153e7874930 JavaThread "http-nio-8080-exec-7"       daemon [_thread_blocked, id=800, stack(0x0000000657500000,0x0000000657600000) (1024K)]
  0x00000153e7879160 JavaThread "http-nio-8080-exec-8"       daemon [_thread_blocked, id=15888, stack(0x0000000657600000,0x0000000657700000) (1024K)]
  0x00000153e78797f0 JavaThread "http-nio-8080-exec-9"       daemon [_thread_blocked, id=17112, stack(0x0000000657700000,0x0000000657800000) (1024K)]
  0x00000153e7878440 JavaThread "http-nio-8080-exec-10"      daemon [_thread_blocked, id=25084, stack(0x0000000657800000,0x0000000657900000) (1024K)]
  0x00000153e7878ad0 JavaThread "http-nio-8080-Poller"       daemon [_thread_in_native, id=18132, stack(0x0000000657900000,0x0000000657a00000) (1024K)]
  0x00000153e787a510 JavaThread "http-nio-8080-Acceptor"     daemon [_thread_in_native, id=19120, stack(0x0000000657a00000,0x0000000657b00000) (1024K)]
  0x00000153e7879e80 JavaThread "scheduling-1"                      [_thread_blocked, id=15004, stack(0x0000000657b00000,0x0000000657c00000) (1024K)]
  0x00000153e55719f0 JavaThread "DestroyJavaVM"                     [_thread_blocked, id=8128, stack(0x0000000654100000,0x0000000654200000) (1024K)]
Total: 34

Other Threads:
  0x00000153ffb13e10 VMThread "VM Thread"                           [id=21420, stack(0x0000000654800000,0x0000000654900000) (1024K)]
  0x00000153ffaffc60 WatcherThread "VM Periodic Task Thread"        [id=22400, stack(0x0000000654700000,0x0000000654800000) (1024K)]
  0x00000153f9aa52d0 WorkerThread "GC Thread#0"                     [id=20936, stack(0x0000000654200000,0x0000000654300000) (1024K)]
  0x00000153dfb5dc30 WorkerThread "GC Thread#1"                     [id=26132, stack(0x0000000655900000,0x0000000655a00000) (1024K)]
  0x00000153dfbeeaf0 WorkerThread "GC Thread#2"                     [id=21048, stack(0x0000000655a00000,0x0000000655b00000) (1024K)]
  0x00000153dfc12930 WorkerThread "GC Thread#3"                     [id=13280, stack(0x0000000655b00000,0x0000000655c00000) (1024K)]
  0x00000153dfc121f0 WorkerThread "GC Thread#4"                     [id=18776, stack(0x0000000655c00000,0x0000000655d00000) (1024K)]
  0x00000153dfc11ab0 WorkerThread "GC Thread#5"                     [id=21272, stack(0x0000000655d00000,0x0000000655e00000) (1024K)]
  0x00000153dfc13070 WorkerThread "GC Thread#6"                     [id=27284, stack(0x0000000655e00000,0x0000000655f00000) (1024K)]
  0x00000153dfc11e50 WorkerThread "GC Thread#7"                     [id=9776, stack(0x0000000655f00000,0x0000000656000000) (1024K)]
  0x00000153dfc13410 WorkerThread "GC Thread#8"                     [id=23692, stack(0x0000000656000000,0x0000000656100000) (1024K)]
  0x00000153dfc12590 WorkerThread "GC Thread#9"                     [id=18752, stack(0x0000000656100000,0x0000000656200000) (1024K)]
  0x00000153f9ab5c40 ConcurrentGCThread "G1 Main Marker"            [id=17472, stack(0x0000000654300000,0x0000000654400000) (1024K)]
  0x00000153f9ab74d0 WorkerThread "G1 Conc#0"                       [id=26728, stack(0x0000000654400000,0x0000000654500000) (1024K)]
  0x00000153dfff1210 WorkerThread "G1 Conc#1"                       [id=16620, stack(0x0000000656400000,0x0000000656500000) (1024K)]
  0x00000153dffedf50 WorkerThread "G1 Conc#2"                       [id=13004, stack(0x0000000656500000,0x0000000656600000) (1024K)]
  0x00000153ff9d0250 ConcurrentGCThread "G1 Refine#0"               [id=16096, stack(0x0000000654500000,0x0000000654600000) (1024K)]
  0x00000153ff9d2ce0 ConcurrentGCThread "G1 Service"                [id=6680, stack(0x0000000654600000,0x0000000654700000) (1024K)]
Total: 18

Threads with active compile tasks:
C2 CompilerThread0  4039879 9664   !   4       tools.jackson.core.json.UTF8JsonGenerator::_flushBuffer (38 bytes)
Total: 1

VM state: not at safepoint (normal execution)

VM Mutex/Monitor currently owned by a thread: None

Heap address: 0x0000000705800000, size: 4008 MB, Compressed Oops mode: Zero based, Oop shift amount: 3

CDS archive(s) mapped at: [0x000001539a000000-0x000001539ac80000-0x000001539ac80000), size 13107200, SharedBaseAddress: 0x000001539a000000, ArchiveRelocationMode: 1.
Compressed class space mapped at: 0x000001539b000000-0x00000153db000000, reserved size: 1073741824
Narrow klass base: 0x000001539a000000, Narrow klass shift: 0, Narrow klass range: 0x100000000

GC Precious Log:
 CardTable entry size: 512
 Card Set container configuration: InlinePtr #cards 4 size 8 Array Of Cards #cards 16 size 48 Howl #buckets 8 coarsen threshold 3686 Howl Bitmap #cards 512 size 80 coarsen threshold 460 Card regions per heap region 1 cards per card region 4096
 CPUs: 12 total, 12 available
 Memory: 16024M
 Large Page Support: Disabled
 NUMA Support: Disabled
 Compressed Oops: Enabled (Zero based)
 Heap Region Size: 2M
 Heap Min Capacity: 8M
 Heap Initial Capacity: 252M
 Heap Max Capacity: 4008M
 Pre-touch: Disabled
 Parallel Workers: 10
 Concurrent Workers: 3
 Concurrent Refinement Workers: 10
 Periodic GC: Disabled

Heap:
 garbage-first heap   total 110592K, used 39690K [0x0000000705800000, 0x0000000800000000)
  region size 2048K, 2 young (4096K), 1 survivors (2048K)
 Metaspace       used 60152K, committed 60928K, reserved 1114112K
  class space    used 7582K, committed 7936K, reserved 1048576K

Heap Regions: E=young(eden), S=young(survivor), O=old, HS=humongous(starts), HC=humongous(continues), CS=collection set, F=free, TAMS=top-at-mark-start, PB=parsable bottom
|   0|0x0000000705800000, 0x0000000705a00000, 0x0000000705a00000|100%| O|  |TAMS 0x0000000705800000| PB 0x0000000705800000| Untracked 
|   1|0x0000000705a00000, 0x0000000705c00000, 0x0000000705c00000|100%| O|  |TAMS 0x0000000705a00000| PB 0x0000000705a00000| Untracked 
|   2|0x0000000705c00000, 0x0000000705e00000, 0x0000000705e00000|100%|HS|  |TAMS 0x0000000705c00000| PB 0x0000000705c00000| Complete 
|   3|0x0000000705e00000, 0x0000000706000000, 0x0000000706000000|100%| O|  |TAMS 0x0000000705e00000| PB 0x0000000705e00000| Untracked 
|   4|0x0000000706000000, 0x0000000706200000, 0x0000000706200000|100%| O|  |TAMS 0x0000000706000000| PB 0x0000000706000000| Untracked 
|   5|0x0000000706200000, 0x0000000706400000, 0x0000000706400000|100%| O|  |TAMS 0x0000000706200000| PB 0x0000000706200000| Untracked 
|   6|0x0000000706400000, 0x0000000706600000, 0x0000000706600000|100%| O|  |TAMS 0x0000000706400000| PB 0x0000000706400000| Untracked 
|   7|0x0000000706600000, 0x0000000706800000, 0x0000000706800000|100%| O|  |TAMS 0x0000000706600000| PB 0x0000000706600000| Untracked 
|   8|0x0000000706800000, 0x0000000706a00000, 0x0000000706a00000|100%| O|  |TAMS 0x0000000706800000| PB 0x0000000706800000| Untracked 
|   9|0x0000000706a00000, 0x0000000706c00000, 0x0000000706c00000|100%| O|  |TAMS 0x0000000706a00000| PB 0x0000000706a00000| Untracked 
|  10|0x0000000706c00000, 0x0000000706e00000, 0x0000000706e00000|100%| O|  |TAMS 0x0000000706c00000| PB 0x0000000706c00000| Untracked 
|  11|0x0000000706e00000, 0x0000000706fd5488, 0x0000000707000000| 91%| O|  |TAMS 0x0000000706e00000| PB 0x0000000706e00000| Untracked 
|  12|0x0000000707000000, 0x0000000707200000, 0x0000000707200000|100%|HS|  |TAMS 0x0000000707000000| PB 0x0000000707000000| Complete 
|  13|0x0000000707200000, 0x0000000707400000, 0x0000000707400000|100%|HS|  |TAMS 0x0000000707200000| PB 0x0000000707200000| Complete 
|  14|0x0000000707400000, 0x0000000707600000, 0x0000000707600000|100%|HC|  |TAMS 0x0000000707400000| PB 0x0000000707400000| Complete 
|  15|0x0000000707600000, 0x0000000707800000, 0x0000000707800000|100%|HS|  |TAMS 0x0000000707600000| PB 0x0000000707600000| Complete 
|  16|0x0000000707800000, 0x0000000707a00000, 0x0000000707a00000|100%|HS|  |TAMS 0x0000000707800000| PB 0x0000000707800000| Complete 
|  17|0x0000000707a00000, 0x0000000707a00000, 0x0000000707c00000|  0%| F|  |TAMS 0x0000000707a00000| PB 0x0000000707a00000| Untracked 
|  18|0x0000000707c00000, 0x0000000707c00000, 0x0000000707e00000|  0%| F|  |TAMS 0x0000000707c00000| PB 0x0000000707c00000| Untracked 
|  19|0x0000000707e00000, 0x0000000707e00000, 0x0000000708000000|  0%| F|  |TAMS 0x0000000707e00000| PB 0x0000000707e00000| Untracked 
|  20|0x0000000708000000, 0x0000000708000000, 0x0000000708200000|  0%| F|  |TAMS 0x0000000708000000| PB 0x0000000708000000| Untracked 
|  21|0x0000000708200000, 0x0000000708200000, 0x0000000708400000|  0%| F|  |TAMS 0x0000000708200000| PB 0x0000000708200000| Untracked 
|  22|0x0000000708400000, 0x0000000708400000, 0x0000000708600000|  0%| F|  |TAMS 0x0000000708400000| PB 0x0000000708400000| Untracked 
|  23|0x0000000708600000, 0x00000007087e5260, 0x0000000708800000| 94%| O|  |TAMS 0x0000000708600000| PB 0x0000000708600000| Untracked 
|  24|0x0000000708800000, 0x0000000708800000, 0x0000000708a00000|  0%| F|  |TAMS 0x0000000708800000| PB 0x0000000708800000| Untracked 
|  25|0x0000000708a00000, 0x0000000708a00000, 0x0000000708c00000|  0%| F|  |TAMS 0x0000000708a00000| PB 0x0000000708a00000| Untracked 
|  26|0x0000000708c00000, 0x0000000708c00000, 0x0000000708e00000|  0%| F|  |TAMS 0x0000000708c00000| PB 0x0000000708c00000| Untracked 
|  27|0x0000000708e00000, 0x0000000708e00000, 0x0000000709000000|  0%| F|  |TAMS 0x0000000708e00000| PB 0x0000000708e00000| Untracked 
|  28|0x0000000709000000, 0x0000000709000000, 0x0000000709200000|  0%| F|  |TAMS 0x0000000709000000| PB 0x0000000709000000| Untracked 
|  29|0x0000000709200000, 0x0000000709200000, 0x0000000709400000|  0%| F|  |TAMS 0x0000000709200000| PB 0x0000000709200000| Untracked 
|  30|0x0000000709400000, 0x0000000709400000, 0x0000000709600000|  0%| F|  |TAMS 0x0000000709400000| PB 0x0000000709400000| Untracked 
|  31|0x0000000709600000, 0x0000000709600000, 0x0000000709800000|  0%| F|  |TAMS 0x0000000709600000| PB 0x0000000709600000| Untracked 
|  32|0x0000000709800000, 0x0000000709800000, 0x0000000709a00000|  0%| F|  |TAMS 0x0000000709800000| PB 0x0000000709800000| Untracked 
|  33|0x0000000709a00000, 0x0000000709a00000, 0x0000000709c00000|  0%| F|  |TAMS 0x0000000709a00000| PB 0x0000000709a00000| Untracked 
|  34|0x0000000709c00000, 0x0000000709c00000, 0x0000000709e00000|  0%| F|  |TAMS 0x0000000709c00000| PB 0x0000000709c00000| Untracked 
|  35|0x0000000709e00000, 0x0000000709e00000, 0x000000070a000000|  0%| F|  |TAMS 0x0000000709e00000| PB 0x0000000709e00000| Untracked 
|  36|0x000000070a000000, 0x000000070a000000, 0x000000070a200000|  0%| F|  |TAMS 0x000000070a000000| PB 0x000000070a000000| Untracked 
|  37|0x000000070a200000, 0x000000070a200000, 0x000000070a400000|  0%| F|  |TAMS 0x000000070a200000| PB 0x000000070a200000| Untracked 
|  38|0x000000070a400000, 0x000000070a400000, 0x000000070a600000|  0%| F|  |TAMS 0x000000070a400000| PB 0x000000070a400000| Untracked 
|  39|0x000000070a600000, 0x000000070a600000, 0x000000070a800000|  0%| F|  |TAMS 0x000000070a600000| PB 0x000000070a600000| Untracked 
|  40|0x000000070a800000, 0x000000070a800000, 0x000000070aa00000|  0%| F|  |TAMS 0x000000070a800000| PB 0x000000070a800000| Untracked 
|  41|0x000000070aa00000, 0x000000070aa00000, 0x000000070ac00000|  0%| F|  |TAMS 0x000000070aa00000| PB 0x000000070aa00000| Untracked 
|  42|0x000000070ac00000, 0x000000070ac00000, 0x000000070ae00000|  0%| F|  |TAMS 0x000000070ac00000| PB 0x000000070ac00000| Untracked 
|  43|0x000000070ae00000, 0x000000070ae00000, 0x000000070b000000|  0%| F|  |TAMS 0x000000070ae00000| PB 0x000000070ae00000| Untracked 
|  44|0x000000070b000000, 0x000000070b000000, 0x000000070b200000|  0%| F|  |TAMS 0x000000070b000000| PB 0x000000070b000000| Untracked 
|  45|0x000000070b200000, 0x000000070b200000, 0x000000070b400000|  0%| F|  |TAMS 0x000000070b200000| PB 0x000000070b200000| Untracked 
|  46|0x000000070b400000, 0x000000070b400000, 0x000000070b600000|  0%| F|  |TAMS 0x000000070b400000| PB 0x000000070b400000| Untracked 
|  47|0x000000070b600000, 0x000000070b708468, 0x000000070b800000| 51%| S|CS|TAMS 0x000000070b600000| PB 0x000000070b600000| Complete 
|  48|0x000000070b800000, 0x000000070b800000, 0x000000070ba00000|  0%| F|  |TAMS 0x000000070b800000| PB 0x000000070b800000| Untracked 
|  49|0x000000070ba00000, 0x000000070ba00000, 0x000000070bc00000|  0%| F|  |TAMS 0x000000070ba00000| PB 0x000000070ba00000| Untracked 
|  50|0x000000070bc00000, 0x000000070bc00000, 0x000000070be00000|  0%| F|  |TAMS 0x000000070bc00000| PB 0x000000070bc00000| Untracked 
|  65|0x000000070da00000, 0x000000070da00000, 0x000000070dc00000|  0%| F|  |TAMS 0x000000070da00000| PB 0x000000070da00000| Untracked 
|  66|0x000000070dc00000, 0x000000070dc4d500, 0x000000070de00000| 15%| E|  |TAMS 0x000000070dc00000| PB 0x000000070dc00000| Complete 
|2003|0x00000007ffe00000, 0x0000000800000000, 0x0000000800000000|100%| O|  |TAMS 0x00000007ffe00000| PB 0x00000007ffe00000| Untracked 

Card table byte_map: [0x00000153fa830000,0x00000153fb010000] _byte_map_base: 0x00000153f7004000

Marking Bits: (CMBitMap*) 0x00000153f9aa58e0
 Bits: [0x00000153fb010000, 0x00000153feeb0000)

Polling page: 0x00000153f79f0000

Metaspace:

Usage:
  Non-class:     51.34 MB used.
      Class:      7.40 MB used.
       Both:     58.74 MB used.

Virtual space:
  Non-class space:       64.00 MB reserved,      51.75 MB ( 81%) committed,  1 nodes.
      Class space:        1.00 GB reserved,       7.75 MB ( <1%) committed,  1 nodes.
             Both:        1.06 GB reserved,      59.50 MB (  5%) committed. 

Chunk freelists:
   Non-Class:  12.20 MB
       Class:  8.25 MB
        Both:  20.46 MB

MaxMetaspaceSize: unlimited
CompressedClassSpaceSize: 1.00 GB
Initial GC threshold: 21.00 MB
Current GC threshold: 98.56 MB
CDS: on
 - commit_granule_bytes: 65536.
 - commit_granule_words: 8192.
 - virtual_space_node_default_size: 8388608.
 - enlarge_chunks_in_place: 1.
 - use_allocation_guard: 0.


Internal statistics:

num_allocs_failed_limit: 9.
num_arena_births: 1216.
num_arena_deaths: 6.
num_vsnodes_births: 2.
num_vsnodes_deaths: 0.
num_space_committed: 952.
num_space_uncommitted: 0.
num_chunks_returned_to_freelist: 18.
num_chunks_taken_from_freelist: 3458.
num_chunk_merges: 10.
num_chunk_splits: 2270.
num_chunks_enlarged: 1588.
num_inconsistent_stats: 0.

CodeHeap 'non-profiled nmethods': size=120000Kb used=6652Kb max_used=6652Kb free=113347Kb
 bounds [0x0000015390110000, 0x0000015390790000, 0x0000015397640000]
CodeHeap 'profiled nmethods': size=120000Kb used=18194Kb max_used=18194Kb free=101805Kb
 bounds [0x0000015388640000, 0x0000015389810000, 0x000001538fb70000]
CodeHeap 'non-nmethods': size=5760Kb used=1682Kb max_used=1731Kb free=4077Kb
 bounds [0x000001538fb70000, 0x000001538fde0000, 0x0000015390110000]
CodeCache: size=245760Kb, used=26528Kb, max_used=26577Kb, free=219229Kb
 total_blobs=9704, nmethods=9037, adapters=569, full_count=0
Compilation: enabled, stopped_count=0, restarted_count=0

Compilation events (20 events):
Event: 4039.608 Thread 0x00000153996729c0 9665       3       org.apache.coyote.http11.Http11InputBuffer::parseHeaders (97 bytes)
Event: 4039.608 Thread 0x00000153996729c0 nmethod 9665 0x0000015389800410 code [0x0000015389800640, 0x0000015389800c08]
Event: 4039.608 Thread 0x00000153996729c0 9666       3       org.apache.tomcat.util.net.SocketWrapperBase::writeBlocking (61 bytes)
Event: 4039.609 Thread 0x00000153996729c0 nmethod 9666 0x0000015389800e90 code [0x00000153898010e0, 0x0000015389801b40]
Event: 4039.609 Thread 0x00000153996729c0 9667       3       org.apache.catalina.connector.Request::getServletContext (10 bytes)
Event: 4039.609 Thread 0x00000153996729c0 nmethod 9667 0x0000015389801e90 code [0x0000015389802040, 0x00000153898022c0]
Event: 4039.613 Thread 0x00000153996729c0 9669       3       java.util.function.Function::andThen (13 bytes)
Event: 4039.614 Thread 0x00000153996729c0 nmethod 9669 0x0000015389802410 code [0x0000015389802640, 0x0000015389802e20]
Event: 4039.614 Thread 0x00000153996729c0 9670       3       java.util.function.Function$$Lambda/0x000001539b2ecd38::<init> (15 bytes)
Event: 4039.614 Thread 0x00000153996729c0 nmethod 9670 0x0000015389803110 code [0x00000153898032c0, 0x00000153898034f0]
Event: 4039.614 Thread 0x00000153996729c0 9671       3       java.util.stream.Collectors$$Lambda/0x800000042::apply (5 bytes)
Event: 4039.614 Thread 0x00000153996729c0 nmethod 9671 0x0000015389803590 code [0x0000015389803740, 0x00000153898038a8]
Event: 4039.616 Thread 0x00000153996729c0 9672       3       java.util.Collections::singletonSpliterator (9 bytes)
Event: 4039.616 Thread 0x00000153996729c0 nmethod 9672 0x0000015389803990 code [0x0000015389803b40, 0x0000015389803db8]
Event: 4039.616 Thread 0x00000153996729c0 9673       3       java.util.Collections$2::<init> (15 bytes)
Event: 4039.616 Thread 0x00000153996729c0 nmethod 9673 0x0000015389803e90 code [0x0000015389804040, 0x0000015389804218]
Event: 4039.618 Thread 0x00000153996729c0 9674       3       org.bson.codecs.BsonArrayCodec::<init> (16 bytes)
Event: 4039.618 Thread 0x00000153996729c0 nmethod 9674 0x0000015389804310 code [0x0000015389804500, 0x0000015389804988]
Event: 4039.636 Thread 0x00000153996729c0 9675       3       java.util.concurrent.atomic.AtomicBoolean::set (14 bytes)
Event: 4039.636 Thread 0x00000153996729c0 nmethod 9675 0x0000015389804b10 code [0x0000015389804ca0, 0x0000015389804e08]

GC Heap History (20 events):
Event: 2076.707 GC heap before
{Heap before GC invocations=23 (full 0):
 garbage-first heap   total 149504K, used 99084K [0x0000000705800000, 0x0000000800000000)
  region size 2048K, 18 young (36864K), 2 survivors (4096K)
 Metaspace       used 59656K, committed 60480K, reserved 1114112K
  class space    used 7540K, committed 7936K, reserved 1048576K
}
Event: 2076.710 GC heap after
{Heap after GC invocations=24 (full 0):
 garbage-first heap   total 149504K, used 30356K [0x0000000705800000, 0x0000000800000000)
  region size 2048K, 2 young (4096K), 2 survivors (4096K)
 Metaspace       used 59656K, committed 60480K, reserved 1114112K
  class space    used 7540K, committed 7936K, reserved 1048576K
}
Event: 2255.108 GC heap before
{Heap before GC invocations=24 (full 0):
 garbage-first heap   total 149504K, used 48788K [0x0000000705800000, 0x0000000800000000)
  region size 2048K, 8 young (16384K), 2 survivors (4096K)
 Metaspace       used 59668K, committed 60480K, reserved 1114112K
  class space    used 7540K, committed 7936K, reserved 1048576K
}
Event: 2255.110 GC heap after
{Heap after GC invocations=25 (full 0):
 garbage-first heap   total 149504K, used 26745K [0x0000000705800000, 0x0000000800000000)
  region size 2048K, 2 young (4096K), 2 survivors (4096K)
 Metaspace       used 59668K, committed 60480K, reserved 1114112K
  class space    used 7540K, committed 7936K, reserved 1048576K
}
Event: 2504.398 GC heap before
{Heap before GC invocations=26 (full 0):
 garbage-first heap   total 96256K, used 92281K [0x0000000705800000, 0x0000000800000000)
  region size 2048K, 19 young (38912K), 2 survivors (4096K)
 Metaspace       used 59659K, committed 60544K, reserved 1114112K
  class space    used 7538K, committed 7936K, reserved 1048576K
}
Event: 2504.402 GC heap after
{Heap after GC invocations=27 (full 0):
 garbage-first heap   total 100352K, used 28750K [0x0000000705800000, 0x0000000800000000)
  region size 2048K, 2 young (4096K), 2 survivors (4096K)
 Metaspace       used 59659K, committed 60544K, reserved 1114112K
  class space    used 7538K, committed 7936K, reserved 1048576K
}
Event: 2584.203 GC heap before
{Heap before GC invocations=27 (full 0):
 garbage-first heap   total 104448K, used 100430K [0x0000000705800000, 0x0000000800000000)
  region size 2048K, 18 young (36864K), 2 survivors (4096K)
 Metaspace       used 59697K, committed 60544K, reserved 1114112K
  class space    used 7538K, committed 7936K, reserved 1048576K
}
Event: 2584.207 GC heap after
{Heap after GC invocations=28 (full 0):
 garbage-first heap   total 110592K, used 28271K [0x0000000705800000, 0x0000000800000000)
  region size 2048K, 2 young (4096K), 2 survivors (4096K)
 Metaspace       used 59697K, committed 60544K, reserved 1114112K
  class space    used 7538K, committed 7936K, reserved 1048576K
}
Event: 3105.615 GC heap before
{Heap before GC invocations=28 (full 0):
 garbage-first heap   total 110592K, used 95855K [0x0000000705800000, 0x0000000800000000)
  region size 2048K, 26 young (53248K), 2 survivors (4096K)
 Metaspace       used 59742K, committed 60544K, reserved 1114112K
  class space    used 7538K, committed 7936K, reserved 1048576K
}
Event: 3105.619 GC heap after
{Heap after GC invocations=29 (full 0):
 garbage-first heap   total 110592K, used 30469K [0x0000000705800000, 0x0000000800000000)
  region size 2048K, 2 young (4096K), 2 survivors (4096K)
 Metaspace       used 59742K, committed 60544K, reserved 1114112K
  class space    used 7538K, committed 7936K, reserved 1048576K
}
Event: 3961.044 GC heap before
{Heap before GC invocations=29 (full 0):
 garbage-first heap   total 110592K, used 102149K [0x0000000705800000, 0x0000000800000000)
  region size 2048K, 29 young (59392K), 2 survivors (4096K)
 Metaspace       used 59835K, committed 60672K, reserved 1114112K
  class space    used 7538K, committed 7936K, reserved 1048576K
}
Event: 3961.047 GC heap after
{Heap after GC invocations=30 (full 0):
 garbage-first heap   total 110592K, used 26407K [0x0000000705800000, 0x0000000800000000)
  region size 2048K, 1 young (2048K), 1 survivors (2048K)
 Metaspace       used 59835K, committed 60672K, reserved 1114112K
  class space    used 7538K, committed 7936K, reserved 1048576K
}
Event: 3976.816 GC heap before
{Heap before GC invocations=30 (full 0):
 garbage-first heap   total 110592K, used 67367K [0x0000000705800000, 0x0000000800000000)
  region size 2048K, 12 young (24576K), 1 survivors (2048K)
 Metaspace       used 59869K, committed 60672K, reserved 1114112K
  class space    used 7538K, committed 7936K, reserved 1048576K
}
Event: 3976.819 GC heap after
{Heap after GC invocations=31 (full 0):
 garbage-first heap   total 110592K, used 29878K [0x0000000705800000, 0x0000000800000000)
  region size 2048K, 1 young (2048K), 1 survivors (2048K)
 Metaspace       used 59869K, committed 60672K, reserved 1114112K
  class space    used 7538K, committed 7936K, reserved 1048576K
}
Event: 4039.583 GC heap before
{Heap before GC invocations=31 (full 0):
 garbage-first heap   total 110592K, used 68790K [0x0000000705800000, 0x0000000800000000)
  region size 2048K, 12 young (24576K), 1 survivors (2048K)
 Metaspace       used 60145K, committed 60928K, reserved 1114112K
  class space    used 7581K, committed 7936K, reserved 1048576K
}
Event: 4039.585 GC heap after
{Heap after GC invocations=32 (full 0):
 garbage-first heap   total 110592K, used 28781K [0x0000000705800000, 0x0000000800000000)
  region size 2048K, 1 young (2048K), 1 survivors (2048K)
 Metaspace       used 60145K, committed 60928K, reserved 1114112K
  class space    used 7581K, committed 7936K, reserved 1048576K
}
Event: 4039.599 GC heap before
{Heap before GC invocations=32 (full 0):
 garbage-first heap   total 110592K, used 61549K [0x0000000705800000, 0x0000000800000000)
  region size 2048K, 9 young (18432K), 1 survivors (2048K)
 Metaspace       used 60148K, committed 60928K, reserved 1114112K
  class space    used 7582K, committed 7936K, reserved 1048576K
}
Event: 4039.601 GC heap after
{Heap after GC invocations=33 (full 0):
 garbage-first heap   total 110592K, used 42427K [0x0000000705800000, 0x0000000800000000)
  region size 2048K, 1 young (2048K), 1 survivors (2048K)
 Metaspace       used 60148K, committed 60928K, reserved 1114112K
  class space    used 7582K, committed 7936K, reserved 1048576K
}
Event: 4039.623 GC heap before
{Heap before GC invocations=33 (full 0):
 garbage-first heap   total 110592K, used 54715K [0x0000000705800000, 0x0000000800000000)
  region size 2048K, 6 young (12288K), 1 survivors (2048K)
 Metaspace       used 60152K, committed 60928K, reserved 1114112K
  class space    used 7582K, committed 7936K, reserved 1048576K
}
Event: 4039.625 GC heap after
{Heap after GC invocations=34 (full 0):
 garbage-first heap   total 110592K, used 33546K [0x0000000705800000, 0x0000000800000000)
  region size 2048K, 1 young (2048K), 1 survivors (2048K)
 Metaspace       used 60152K, committed 60928K, reserved 1114112K
  class space    used 7582K, committed 7936K, reserved 1048576K
}

Dll operation events (12 events):
Event: 0.013 Loaded shared library C:\Users\araom\.jdks\ms-21.0.8\bin\java.dll
Event: 0.014 Loaded shared library C:\Users\araom\.jdks\ms-21.0.8\bin\zip.dll
Event: 0.043 Loaded shared library C:\Users\araom\.jdks\ms-21.0.8\bin\jsvml.dll
Event: 0.212 Loaded shared library C:\Users\araom\.jdks\ms-21.0.8\bin\instrument.dll
Event: 0.262 Loaded shared library C:\Users\araom\.jdks\ms-21.0.8\bin\net.dll
Event: 0.263 Loaded shared library C:\Users\araom\.jdks\ms-21.0.8\bin\nio.dll
Event: 0.271 Loaded shared library C:\Users\araom\.jdks\ms-21.0.8\bin\zip.dll
Event: 0.361 Loaded shared library C:\Users\araom\.jdks\ms-21.0.8\bin\jimage.dll
Event: 0.732 Loaded shared library C:\Users\araom\.jdks\ms-21.0.8\bin\management.dll
Event: 0.736 Loaded shared library C:\Users\araom\.jdks\ms-21.0.8\bin\management_ext.dll
Event: 1.472 Loaded shared library C:\Users\araom\.jdks\ms-21.0.8\bin\sunmscapi.dll
Event: 2.998 Loaded shared library C:\Users\araom\.jdks\ms-21.0.8\bin\extnet.dll

Deoptimization events (20 events):
Event: 4039.626 Thread 0x00000153e7873c10 DEOPT PACKING pc=0x00000153894b6dbc sp=0x00000006571faa00
Event: 4039.626 Thread 0x00000153e7873c10 DEOPT UNPACKING pc=0x000001538fbc4e42 sp=0x00000006571f9eb8 mode 1
Event: 4039.626 Thread 0x00000153e7873c10 DEOPT PACKING pc=0x000001538929ea14 sp=0x00000006571faa90
Event: 4039.626 Thread 0x00000153e7873c10 DEOPT UNPACKING pc=0x000001538fbc4e42 sp=0x00000006571f9f00 mode 1
Event: 4039.626 Thread 0x00000153e7873c10 DEOPT PACKING pc=0x00000153896d918c sp=0x00000006571fab70
Event: 4039.626 Thread 0x00000153e7873c10 DEOPT UNPACKING pc=0x000001538fbc4e42 sp=0x00000006571fa048 mode 1
Event: 4039.635 Thread 0x00000153e7873c10 DEOPT PACKING pc=0x00000153894b6dbc sp=0x00000006571faef0
Event: 4039.635 Thread 0x00000153e7873c10 DEOPT UNPACKING pc=0x000001538fbc4e42 sp=0x00000006571fa3a8 mode 1
Event: 4039.635 Thread 0x00000153e7873c10 DEOPT PACKING pc=0x00000153894bb5fc sp=0x00000006571faf80
Event: 4039.635 Thread 0x00000153e7873c10 DEOPT UNPACKING pc=0x000001538fbc4e42 sp=0x00000006571fa3f8 mode 1
Event: 4039.635 Thread 0x00000153e7873c10 DEOPT PACKING pc=0x00000153894ba334 sp=0x00000006571fb010
Event: 4039.635 Thread 0x00000153e7873c10 DEOPT UNPACKING pc=0x000001538fbc4e42 sp=0x00000006571fa548 mode 1
Event: 4039.635 Thread 0x00000153e7873c10 DEOPT PACKING pc=0x00000153894b799c sp=0x00000006571fb110
Event: 4039.635 Thread 0x00000153e7873c10 DEOPT UNPACKING pc=0x000001538fbc4e42 sp=0x00000006571fa5f0 mode 1
Event: 4039.635 Thread 0x00000153e7873c10 DEOPT PACKING pc=0x00000153894b6dbc sp=0x00000006571fb010
Event: 4039.635 Thread 0x00000153e7873c10 DEOPT UNPACKING pc=0x000001538fbc4e42 sp=0x00000006571fa4c8 mode 1
Event: 4039.635 Thread 0x00000153e7873c10 DEOPT PACKING pc=0x000001538929ea14 sp=0x00000006571fb0a0
Event: 4039.635 Thread 0x00000153e7873c10 DEOPT UNPACKING pc=0x000001538fbc4e42 sp=0x00000006571fa510 mode 1
Event: 4039.635 Thread 0x00000153e7873c10 DEOPT PACKING pc=0x00000153896d918c sp=0x00000006571fb180
Event: 4039.635 Thread 0x00000153e7873c10 DEOPT UNPACKING pc=0x000001538fbc4e42 sp=0x00000006571fa658 mode 1

Classes loaded (20 events):
Event: 3985.976 Loading class com/mongodb/internal/function/CheckedRunnable
Event: 3985.976 Loading class com/mongodb/internal/function/CheckedRunnable done
Event: 3985.977 Loading class java/util/concurrent/locks/AbstractQueuedSynchronizer$SharedNode
Event: 3985.977 Loading class java/util/concurrent/locks/AbstractQueuedSynchronizer$SharedNode done
Event: 3986.504 Loading class com/mongodb/MongoSocketWriteTimeoutException
Event: 3986.504 Loading class com/mongodb/MongoSocketWriteTimeoutException done
Event: 4015.945 Loading class java/lang/invoke/WrongMethodTypeException
Event: 4015.945 Loading class java/lang/invoke/WrongMethodTypeException done
Event: 4015.946 Loading class org/springframework/web/servlet/ModelAndViewDefiningException
Event: 4015.946 Loading class org/springframework/web/servlet/ModelAndViewDefiningException done
Event: 4015.946 Loading class org/springframework/web/method/annotation/ExceptionHandlerMethodResolver
Event: 4015.946 Loading class org/springframework/web/method/annotation/ExceptionHandlerMethodResolver done
Event: 4019.948 Loading class org/springframework/web/method/annotation/ExceptionHandlerMethodResolver$ExceptionMapping
Event: 4019.948 Loading class org/springframework/web/method/annotation/ExceptionHandlerMethodResolver$ExceptionMapping done
Event: 4039.571 Loading class com/mongodb/internal/connection/ConcurrentPool$StateAndPermits
Event: 4039.571 Loading class com/mongodb/internal/connection/ConcurrentPool$StateAndPermits done
Event: 4039.572 Loading class com/mongodb/internal/connection/DefaultConnectionPool$OpenConcurrencyLimiter
Event: 4039.572 Loading class com/mongodb/internal/connection/DefaultConnectionPool$OpenConcurrencyLimiter done
Event: 4039.572 Loading class com/mongodb/internal/time/StartTime
Event: 4039.572 Loading class com/mongodb/internal/time/StartTime done

Classes unloaded (3 events):
Event: 2255.128 Thread 0x00000153ffb13e10 Unloading class 0x000001539b624000 'jdk/internal/reflect/GeneratedSerializationConstructorAccessor3'
Event: 2255.128 Thread 0x00000153ffb13e10 Unloading class 0x000001539b5f8c00 'jdk/internal/reflect/GeneratedSerializationConstructorAccessor2'
Event: 2255.128 Thread 0x00000153ffb13e10 Unloading class 0x000001539b5f8800 'jdk/internal/reflect/GeneratedSerializationConstructorAccessor1'

Classes redefined (1 events):
Event: 0.236 Thread 0x00000153ffb13e10 redefined class name=java.lang.Throwable, count=1

Internal exceptions (20 events):
Event: 4039.610 Thread 0x00000153e7873c10 Exception <a 'java/io/IOException'{0x000000070dc67e48}> (0x000000070dc67e48) 
thrown [s\src\hotspot\share\prims\jni.cpp, line 520]
Event: 4039.611 Thread 0x00000153e7873c10 Exception <a 'java/io/IOException'{0x000000070dc689a8}> (0x000000070dc689a8) 
thrown [s\src\hotspot\share\prims\jni.cpp, line 520]
Event: 4039.611 Thread 0x00000153e7877db0 Exception <a 'java/io/IOException'{0x000000070dc29ca0}> (0x000000070dc29ca0) 
thrown [s\src\hotspot\share\prims\jni.cpp, line 520]
Event: 4039.611 Thread 0x00000153e7877db0 Exception <a 'java/io/IOException'{0x000000070dc2a800}> (0x000000070dc2a800) 
thrown [s\src\hotspot\share\prims\jni.cpp, line 520]
Event: 4039.613 Thread 0x00000153e7877db0 Exception <a 'java/io/IOException'{0x000000070dcb6490}> (0x000000070dcb6490) 
thrown [s\src\hotspot\share\prims\jni.cpp, line 520]
Event: 4039.613 Thread 0x00000153e7877db0 Exception <a 'java/io/IOException'{0x000000070dcb6ff0}> (0x000000070dcb6ff0) 
thrown [s\src\hotspot\share\prims\jni.cpp, line 520]
Event: 4039.613 Thread 0x00000153e78742a0 Exception <a 'java/io/IOException'{0x000000070dc42168}> (0x000000070dc42168) 
thrown [s\src\hotspot\share\prims\jni.cpp, line 520]
Event: 4039.613 Thread 0x00000153e78742a0 Exception <a 'java/io/IOException'{0x000000070dc42cc8}> (0x000000070dc42cc8) 
thrown [s\src\hotspot\share\prims\jni.cpp, line 520]
Event: 4039.613 Thread 0x00000153e7877090 Exception <a 'java/io/IOException'{0x000000070dc37318}> (0x000000070dc37318) 
thrown [s\src\hotspot\share\prims\jni.cpp, line 520]
Event: 4039.613 Thread 0x00000153e7877090 Exception <a 'java/io/IOException'{0x000000070dc37e78}> (0x000000070dc37e78) 
thrown [s\src\hotspot\share\prims\jni.cpp, line 520]
Event: 4039.614 Thread 0x00000153e7873c10 Exception <a 'java/io/IOException'{0x000000070dc74190}> (0x000000070dc74190) 
thrown [s\src\hotspot\share\prims\jni.cpp, line 520]
Event: 4039.614 Thread 0x00000153e7873c10 Exception <a 'java/io/IOException'{0x000000070dc74fa0}> (0x000000070dc74fa0) 
thrown [s\src\hotspot\share\prims\jni.cpp, line 520]
Event: 4039.615 Thread 0x00000153e7873c10 Exception <a 'java/io/IOException'{0x000000070dc79990}> (0x000000070dc79990) 
thrown [s\src\hotspot\share\prims\jni.cpp, line 520]
Event: 4039.615 Thread 0x00000153e7873c10 Exception <a 'java/io/IOException'{0x000000070dc7a7a0}> (0x000000070dc7a7a0) 
thrown [s\src\hotspot\share\prims\jni.cpp, line 520]
Event: 4039.621 Thread 0x00000153e7873c10 Exception <a 'java/io/IOException'{0x000000070dc90e58}> (0x000000070dc90e58) 
thrown [s\src\hotspot\share\prims\jni.cpp, line 520]
Event: 4039.621 Thread 0x00000153e7873c10 Exception <a 'java/io/IOException'{0x000000070dc919b8}> (0x000000070dc919b8) 
thrown [s\src\hotspot\share\prims\jni.cpp, line 520]
Event: 4039.626 Thread 0x00000153e7873c10 Exception <a 'java/io/IOException'{0x000000070dc01578}> (0x000000070dc01578) 
thrown [s\src\hotspot\share\prims\jni.cpp, line 520]
Event: 4039.626 Thread 0x00000153e7873c10 Exception <a 'java/io/IOException'{0x000000070dc020d8}> (0x000000070dc020d8) 
thrown [s\src\hotspot\share\prims\jni.cpp, line 520]
Event: 4039.635 Thread 0x00000153e7873c10 Exception <a 'java/io/IOException'{0x000000070dc06b50}> (0x000000070dc06b50) 
thrown [s\src\hotspot\share\prims\jni.cpp, line 520]
Event: 4039.635 Thread 0x00000153e7873c10 Exception <a 'java/io/IOException'{0x000000070dc076b0}> (0x000000070dc076b0) 
thrown [s\src\hotspot\share\prims\jni.cpp, line 520]

ZGC Phase Switch (0 events):
No events

VM Operations (20 events):
Event: 4025.957 Executing VM operation: HandshakeAllThreads (HandshakeForDeflation)
Event: 4025.957 Executing VM operation: HandshakeAllThreads (HandshakeForDeflation) done
Event: 4025.957 Executing VM operation: Cleanup
Event: 4025.957 Executing VM operation: Cleanup done
Event: 4025.957 Executing VM operation: RendezvousGCThreads
Event: 4025.957 Executing VM operation: RendezvousGCThreads done
Event: 4034.002 Executing VM operation: Cleanup
Event: 4034.002 Executing VM operation: Cleanup done
Event: 4035.002 Executing VM operation: Cleanup
Event: 4035.002 Executing VM operation: Cleanup done
Event: 4039.574 Executing VM operation: HandshakeAllThreads (Deoptimize)
Event: 4039.574 Executing VM operation: HandshakeAllThreads (Deoptimize) done
Event: 4039.574 Executing VM operation: Cleanup
Event: 4039.574 Executing VM operation: Cleanup done
Event: 4039.582 Executing VM operation: G1TryInitiateConcMark (G1 Humongous Allocation)
Event: 4039.585 Executing VM operation: G1TryInitiateConcMark (G1 Humongous Allocation) done
Event: 4039.599 Executing VM operation: G1TryInitiateConcMark (G1 Humongous Allocation)
Event: 4039.601 Executing VM operation: G1TryInitiateConcMark (G1 Humongous Allocation) done
Event: 4039.623 Executing VM operation: G1TryInitiateConcMark (G1 Humongous Allocation)
Event: 4039.625 Executing VM operation: G1TryInitiateConcMark (G1 Humongous Allocation) done

Memory protections (0 events):
No events

Nmethod flushes (20 events):
Event: 2255.143 Thread 0x00000153ffb13e10 flushing  nmethod 0x0000015388a40f10
Event: 2255.143 Thread 0x00000153ffb13e10 flushing  nmethod 0x0000015388a41490
Event: 2255.143 Thread 0x00000153ffb13e10 flushing  nmethod 0x0000015388a42190
Event: 2255.143 Thread 0x00000153ffb13e10 flushing  nmethod 0x0000015388a52710
Event: 2255.143 Thread 0x00000153ffb13e10 flushing  nmethod 0x0000015388a54710
Event: 2255.143 Thread 0x00000153ffb13e10 flushing  nmethod 0x0000015388a55e10
Event: 2255.143 Thread 0x00000153ffb13e10 flushing  nmethod 0x0000015388a58910
Event: 2255.143 Thread 0x00000153ffb13e10 flushing  nmethod 0x0000015388a5d990
Event: 2255.143 Thread 0x00000153ffb13e10 flushing  nmethod 0x0000015388a5e610
Event: 2255.143 Thread 0x00000153ffb13e10 flushing  nmethod 0x0000015388a5f690
Event: 2255.143 Thread 0x00000153ffb13e10 flushing  nmethod 0x0000015388a63010
Event: 2255.143 Thread 0x00000153ffb13e10 flushing  nmethod 0x0000015388a6a710
Event: 2255.143 Thread 0x00000153ffb13e10 flushing  nmethod 0x0000015388a6af90
Event: 2255.143 Thread 0x00000153ffb13e10 flushing  nmethod 0x0000015388a6b490
Event: 2255.143 Thread 0x00000153ffb13e10 flushing  nmethod 0x0000015388b55090
Event: 2255.143 Thread 0x00000153ffb13e10 flushing  nmethod 0x0000015388b57d90
Event: 2255.143 Thread 0x00000153ffb13e10 flushing  nmethod 0x0000015388b71710
Event: 2255.143 Thread 0x00000153ffb13e10 flushing  nmethod 0x0000015388b77f90
Event: 2255.143 Thread 0x00000153ffb13e10 flushing  nmethod 0x0000015388b80f90
Event: 2255.143 Thread 0x00000153ffb13e10 flushing  nmethod 0x0000015388c0e610

Events (20 events):
Event: 26.540 Thread 0x00000153996729c0 Thread added: 0x00000153df335350
Event: 26.578 Thread 0x00000153996729c0 Thread added: 0x00000153df334c80
Event: 29.201 Thread 0x00000153df334c80 Thread exited: 0x00000153df334c80
Event: 29.847 Thread 0x00000153df335350 Thread exited: 0x00000153df335350
Event: 560.918 Thread 0x00000153996729c0 Thread added: 0x00000153df338300
Event: 560.964 Thread 0x00000153996729c0 Thread added: 0x00000153df334c80
Event: 561.183 Thread 0x00000153df334c80 Thread exited: 0x00000153df334c80
Event: 563.262 Thread 0x00000153df338300 Thread exited: 0x00000153df338300
Event: 564.162 Thread 0x00000153998356c0 Thread exited: 0x00000153998356c0
Event: 564.170 Thread 0x00000153998161c0 Thread exited: 0x00000153998161c0
Event: 575.707 Thread 0x00000153996729c0 Thread added: 0x00000153df334c80
Event: 578.759 Thread 0x00000153df334c80 Thread exited: 0x00000153df334c80
Event: 670.696 Thread 0x00000153996729c0 Thread added: 0x00000153df3360f0
Event: 673.113 Thread 0x00000153df3360f0 Thread exited: 0x00000153df3360f0
Event: 700.158 Thread 0x00000153996729c0 Thread added: 0x00000153df334c80
Event: 705.219 Thread 0x00000153df334c80 Thread exited: 0x00000153df334c80
Event: 1010.028 Thread 0x00000153996729c0 Thread added: 0x00000153df335350
Event: 1013.937 Thread 0x00000153df335350 Thread exited: 0x00000153df335350
Event: 1013.984 Thread 0x00000153996729c0 Thread added: 0x00000153df335350
Event: 1019.080 Thread 0x00000153df335350 Thread exited: 0x00000153df335350


Dynamic libraries:
0x00007ff6c6c50000 - 0x00007ff6c6c5e000 	C:\Users\araom\.jdks\ms-21.0.8\bin\java.exe
0x00007ffc7d840000 - 0x00007ffc7daa9000 	C:\WINDOWS\SYSTEM32\ntdll.dll
0x00007ffc7d060000 - 0x00007ffc7d129000 	C:\WINDOWS\System32\KERNEL32.DLL
0x00007ffc7b000000 - 0x00007ffc7b3f3000 	C:\WINDOWS\System32\KERNELBASE.dll
0x00007ffc7ab00000 - 0x00007ffc7ac4b000 	C:\WINDOWS\System32\ucrtbase.dll
0x00007ffc45f90000 - 0x00007ffc45fa8000 	C:\Users\araom\.jdks\ms-21.0.8\bin\jli.dll
0x00007ffc45b90000 - 0x00007ffc45bae000 	C:\Users\araom\.jdks\ms-21.0.8\bin\VCRUNTIME140.dll
0x00007ffc7d520000 - 0x00007ffc7d6e4000 	C:\WINDOWS\System32\USER32.dll
0x00007ffc7af10000 - 0x00007ffc7af37000 	C:\WINDOWS\System32\win32u.dll
0x00007ffc7d3b0000 - 0x00007ffc7d3db000 	C:\WINDOWS\System32\GDI32.dll
0x00007ffc3d5c0000 - 0x00007ffc3d853000 	C:\WINDOWS\WinSxS\amd64_microsoft.windows.common-controls_6595b64144ccf1df_6.0.26100.5074_none_3e0d6f78e32fd63f\COMCTL32.dll
0x00007ffc7a9d0000 - 0x00007ffc7aafd000 	C:\WINDOWS\System32\gdi32full.dll
0x00007ffc7b6d0000 - 0x00007ffc7b779000 	C:\WINDOWS\System32\msvcrt.dll
0x00007ffc7ae60000 - 0x00007ffc7af03000 	C:\WINDOWS\System32\msvcp_win.dll
0x00007ffc7cfb0000 - 0x00007ffc7cfdf000 	C:\WINDOWS\System32\IMM32.DLL
0x00007ffc45db0000 - 0x00007ffc45dbc000 	C:\Users\araom\.jdks\ms-21.0.8\bin\vcruntime140_1.dll
0x00007ffc456f0000 - 0x00007ffc45779000 	C:\Users\araom\.jdks\ms-21.0.8\bin\msvcp140.dll
0x00007ffc12850000 - 0x00007ffc135fc000 	C:\Users\araom\.jdks\ms-21.0.8\bin\server\jvm.dll
0x00007ffc7b7a0000 - 0x00007ffc7b854000 	C:\WINDOWS\System32\ADVAPI32.dll
0x00007ffc7d470000 - 0x00007ffc7d516000 	C:\WINDOWS\System32\sechost.dll
0x00007ffc7d130000 - 0x00007ffc7d248000 	C:\WINDOWS\System32\RPCRT4.dll
0x00007ffc7cdd0000 - 0x00007ffc7ce44000 	C:\WINDOWS\System32\WS2_32.dll
0x00007ffc718a0000 - 0x00007ffc718d5000 	C:\WINDOWS\SYSTEM32\WINMM.dll
0x00007ffc7a830000 - 0x00007ffc7a88e000 	C:\WINDOWS\SYSTEM32\POWRPROF.dll
0x00007ffc69c60000 - 0x00007ffc69c6b000 	C:\WINDOWS\SYSTEM32\VERSION.dll
0x00007ffc7a810000 - 0x00007ffc7a824000 	C:\WINDOWS\SYSTEM32\UMPDC.dll
0x00007ffc79770000 - 0x00007ffc7978b000 	C:\WINDOWS\SYSTEM32\kernel.appcore.dll
0x00007ffc45b60000 - 0x00007ffc45b6a000 	C:\Users\araom\.jdks\ms-21.0.8\bin\jimage.dll
0x00007ffc6aef0000 - 0x00007ffc6b132000 	C:\WINDOWS\SYSTEM32\DBGHELP.DLL
0x00007ffc7c040000 - 0x00007ffc7c3bb000 	C:\WINDOWS\System32\combase.dll
0x00007ffc7d250000 - 0x00007ffc7d327000 	C:\WINDOWS\System32\OLEAUT32.dll
0x00007ffc5ec00000 - 0x00007ffc5ec3d000 	C:\WINDOWS\SYSTEM32\dbgcore.DLL
0x00007ffc7ac50000 - 0x00007ffc7ace9000 	C:\WINDOWS\System32\bcryptPrimitives.dll
0x00007ffc45a80000 - 0x00007ffc45abc000 	C:\Users\araom\.jdks\ms-21.0.8\bin\jdwp.dll
0x00007ffc45a00000 - 0x00007ffc45a10000 	C:\Users\araom\.jdks\ms-21.0.8\bin\instrument.dll
0x00007ffc45ad0000 - 0x00007ffc45af1000 	C:\Users\araom\.jdks\ms-21.0.8\bin\java.dll
0x00007ffc45990000 - 0x00007ffc459a8000 	C:\Users\araom\.jdks\ms-21.0.8\bin\zip.dll
0x00007ffc7c680000 - 0x00007ffc7cdcd000 	C:\WINDOWS\System32\SHELL32.dll
0x00007ffc7acf0000 - 0x00007ffc7ae5c000 	C:\WINDOWS\System32\wintypes.dll
0x00007ffc785f0000 - 0x00007ffc78e49000 	C:\WINDOWS\SYSTEM32\windows.storage.dll
0x00007ffc7d700000 - 0x00007ffc7d7f0000 	C:\WINDOWS\System32\SHCORE.dll
0x00007ffc7cff0000 - 0x00007ffc7d052000 	C:\WINDOWS\System32\shlwapi.dll
0x00007ffc7a8f0000 - 0x00007ffc7a919000 	C:\WINDOWS\SYSTEM32\profapi.dll
0x00007ffc41040000 - 0x00007ffc41116000 	C:\Users\araom\.jdks\ms-21.0.8\bin\jsvml.dll
0x00007ffc459f0000 - 0x00007ffc459fc000 	C:\Users\araom\.jdks\ms-21.0.8\bin\dt_socket.dll
0x00007ffc791c0000 - 0x00007ffc791f4000 	C:\WINDOWS\SYSTEM32\IPHLPAPI.DLL
0x00007ffc79cd0000 - 0x00007ffc79d3b000 	C:\WINDOWS\system32\mswsock.dll
0x00007ffc45900000 - 0x00007ffc45911000 	C:\Users\araom\.jdks\ms-21.0.8\bin\net.dll
0x00007ffc74af0000 - 0x00007ffc74c0f000 	C:\WINDOWS\SYSTEM32\WINHTTP.dll
0x00007ffc458e0000 - 0x00007ffc458f6000 	C:\Users\araom\.jdks\ms-21.0.8\bin\nio.dll
0x00007ffc45870000 - 0x00007ffc4587a000 	C:\Users\araom\.jdks\ms-21.0.8\bin\management.dll
0x00007ffc45860000 - 0x00007ffc4586c000 	C:\Users\araom\.jdks\ms-21.0.8\bin\management_ext.dll
0x00007ffc7c670000 - 0x00007ffc7c678000 	C:\WINDOWS\System32\PSAPI.DLL
0x00007ffc458d0000 - 0x00007ffc458de000 	C:\Users\araom\.jdks\ms-21.0.8\bin\sunmscapi.dll
0x00007ffc7b400000 - 0x00007ffc7b577000 	C:\WINDOWS\System32\CRYPT32.dll
0x00007ffc7a1e0000 - 0x00007ffc7a210000 	C:\WINDOWS\SYSTEM32\ncrypt.dll
0x00007ffc7a190000 - 0x00007ffc7a1cf000 	C:\WINDOWS\SYSTEM32\NTASN1.dll
0x00007ffc7a0a0000 - 0x00007ffc7a0bb000 	C:\WINDOWS\SYSTEM32\CRYPTSP.dll
0x00007ffc796d0000 - 0x00007ffc7970b000 	C:\WINDOWS\system32\rsaenh.dll
0x00007ffc79d70000 - 0x00007ffc79d9b000 	C:\WINDOWS\SYSTEM32\USERENV.dll
0x00007ffc7a8c0000 - 0x00007ffc7a8e6000 	C:\WINDOWS\SYSTEM32\bcrypt.dll
0x00007ffc79f00000 - 0x00007ffc79f0c000 	C:\WINDOWS\SYSTEM32\CRYPTBASE.dll
0x00007ffc7c3c0000 - 0x00007ffc7c3ca000 	C:\WINDOWS\System32\NSI.dll
0x00007ffc79260000 - 0x00007ffc79386000 	C:\WINDOWS\SYSTEM32\DNSAPI.dll
0x00007ffc74140000 - 0x00007ffc7414b000 	C:\Windows\System32\rasadhlp.dll
0x00007ffc75700000 - 0x00007ffc75786000 	C:\WINDOWS\System32\fwpuclnt.dll
0x00007ffc45880000 - 0x00007ffc45889000 	C:\Users\araom\.jdks\ms-21.0.8\bin\extnet.dll
0x00007ffc41890000 - 0x00007ffc41898000 	C:\WINDOWS\system32\wshunix.dll

JVMTI agents:
jdwp path:C:\Users\araom\.jdks\ms-21.0.8\bin\jdwp.dll, loaded, initialized, options:transport=dt_socket,address=127.0.0.1:62176,suspend=y,server=n
C:\Users\araom\AppData\Local\JetBrains\IntelliJIdea2025.3\captureAgent\debugger-agent.jar path:C:\Users\araom\.jdks\ms-21.0.8\bin\instrument.dll, loaded, initialized, instrumentlib options:file:///C:/Users/araom/AppData/Local/Temp/capture12649769014851039187.props

dbghelp: loaded successfully - version: 4.0.5 - missing functions: none
symbol engine: initialized successfully - sym options: 0x614 - pdb path: .;C:\Users\araom\.jdks\ms-21.0.8\bin;C:\WINDOWS\SYSTEM32;C:\WINDOWS\WinSxS\amd64_microsoft.windows.common-controls_6595b64144ccf1df_6.0.26100.5074_none_3e0d6f78e32fd63f;C:\Users\araom\.jdks\ms-21.0.8\bin\server

VM Arguments:
jvm_args: -agentlib:jdwp=transport=dt_socket,address=127.0.0.1:62176,suspend=y,server=n -javaagent:C:\Users\araom\AppData\Local\JetBrains\IntelliJIdea2025.3\captureAgent\debugger-agent.jar=file:///C:/Users/araom/AppData/Local/Temp/capture12649769014851039187.props -Dkotlinx.coroutines.debug.enable.creation.stack.trace=false -Ddebugger.agent.enable.coroutines=true -Dkotlinx.coroutines.debug.enable.flows.stack.trace=true -Dkotlinx.coroutines.debug.enable.mutable.state.flows.stack.trace=true -Ddebugger.async.stack.trace.for.all.threads=true -Dfile.encoding=UTF-8 -Dsun.stdout.encoding=UTF-8 -Dsun.stderr.encoding=UTF-8 
java_command: com.jobportal.Job.Poratl.JobPoratlApplication
java_class_path (initial): C:\Users\araom\OneDrive\Desktop\Job Poratl backend\Job-Poratl\target\classes;C:\Users\araom\.m2\repository\org\springframework\boot\spring-boot-starter-web\4.0.1\spring-boot-starter-web-4.0.1.jar;C:\Users\araom\.m2\repository\org\springframework\boot\spring-boot-starter-jackson\4.0.1\spring-boot-starter-jackson-4.0.1.jar;C:\Users\araom\.m2\repository\org\springframework\boot\spring-boot-jackson\4.0.1\spring-boot-jackson-4.0.1.jar;C:\Users\araom\.m2\repository\tools\jackson\core\jackson-databind\3.0.3\jackson-databind-3.0.3.jar;C:\Users\araom\.m2\repository\tools\jackson\core\jackson-core\3.0.3\jackson-core-3.0.3.jar;C:\Users\araom\.m2\repository\org\springframework\boot\spring-boot-starter-tomcat\4.0.1\spring-boot-starter-tomcat-4.0.1.jar;C:\Users\araom\.m2\repository\org\springframework\boot\spring-boot-starter-tomcat-runtime\4.0.1\spring-boot-starter-tomcat-runtime-4.0.1.jar;C:\Users\araom\.m2\repository\org\springframework\boot\spring-boot-web-server\4.0.1\spring-boot-web-server-4.0.1.jar;C:\Users\araom\.m2\repository\org\apache\tomcat\embed\tomcat-embed-core\11.0.15\tomcat-embed-core-11.0.15.jar;C:\Users\araom\.m2\repository\org\apache\tomcat\embed\tomcat-embed-websocket\11.0.15\tomcat-embed-websocket-11.0.15.jar;C:\Users\araom\.m2\repository\org\springframework\boot\spring-boot-tomcat\4.0.1\spring-boot-tomcat-4.0.1.jar;C:\Users\araom\.m2\repository\org\springframework\boot\spring-boot-http-converter\4.0.1\spring-boot-http-converter-4.0.1.jar;C:\Users\araom\.m2\repository\org\springframework\spring-web\7.0.2\spring-web-7.0.2.jar;C:\Users\araom\.m2\repository\io\micrometer\micrometer-observation\1.16.1\micrometer-observation-1.16.1.jar;C:\Users\araom\.m2\repository\io\micrometer\micrometer-commons\1.16.1\micrometer-commons-1.16.1.jar;C:\Users\araom\.m2\repository\org\springframework\boot\spring-boot-webmvc\4.0.1\spring-boot-webmvc-4.0.1.jar;C:\Users\araom\.m2\repository\org\springframework\boot\spring-boot-servlet\4.0.1\spring-boot-servlet-4.0.1.jar;C:\Users\araom\.m2\repository\org\springframework\spring-webmvc\7.0.2\spring-webmvc-7.0.2.jar;C:\Users\araom\.m2\repository\org\springframework\spring-expression\7.0.2\spring-expression-7.0.2.jar;C:\Users\araom\.m2\repository\org\springframework\boot\spring-boot-starter-data-mongodb\4.0.1\spring-boot-starter-data-mongodb-4.0.1.jar;C:\Users\araom\.m2\repository\org\springframework\boot\spring-boot-starter-mongodb\4.0.1\spring-boot-starter-mongodb-4.0.1.jar;C:\Users\araom\.m2\repository\org\springframework\boot\spring-boot-mongodb\4.0.1\spring-boot-mongodb-4.0.1.jar;C:\Users\araom\.m2\repository\org\mongodb\mongodb-driver-sync\5.6.2\mongodb-driver-sync-5.6.2.jar;C:\Users\araom\.m2\repository\org\mongodb\bson\5.6.2\bson-5.6.2.jar;C:\Users\araom\.m2\repository\org\mongodb\mongodb-driver-core\5.6.2\mongodb-driver-core-5.6.2.jar;C:\Users\araom\.m2\repository\org\mongodb\bson-record-codec\5.6.2\bson-record-codec-5.6.2.jar;C:\Users\araom\.m2\repository\org\springframework\boot\spring-boot-data-mongodb\4.0.1\spring-boot-data-mongodb-4.0.1.jar;C:\Users\araom\.m2\repository\org\springframework\boot\spring-boot-data-commons\4.0.1\spring-boot-data-commons-4.0.1.jar;C:\Users\araom\.m2\repository\org\springframework\boot\spring-boot-persistence\4.0.1\spring-boot-persistence-4.0.1.jar;C:\Users\araom\.m2\repository\org\springframework\data\spring-data-commons\4.0.1\spring-data-commons-4.0.1.jar;C:\Users\araom\.m2\repository\org\springframework\boot\spring-boot-transaction\4.0.1\spring-boot-transaction-4.0.1.jar;C:\Users\araom\.m2\repository\org\springframework\spring-tx\7.0.2\spring-tx-7.0.2.jar;C:\Users\araom\.m2\repository\org\springframework\data\spring-data-mongodb\5.0.1\spring-data-mongodb-5.0.1.jar;C:\Users\araom\.m2\repository\org\projectlombok\lombok\1.18.42\lombok-1.18.42.jar;C:\Users\araom\.m2\repository\org\springframework\boot\spring-boot-devtools\4.0.1\spring-boot-devtools-4.0.1.jar;C:\Users\araom\.m2\repository\org\springframework\boot\spring-boot\4.0.1\spring-boot-4.0.1.jar;C:\Users\araom\.m2\repository\org\springframework\spring-context\7.0.2\spring-context-7.0.2.jar;C:\Users\araom\.m2\repository\org\springframework\boot\spring-boot-autoconfigure\4.0.1\spring-boot-autoconfigure-4.0.1.jar;C:\Users\araom\.m2\repository\org\springframework\boot\spring-boot-starter-validation\4.0.1\spring-boot-starter-validation-4.0.1.jar;C:\Users\araom\.m2\repository\org\springframework\boot\spring-boot-starter\4.0.1\spring-boot-starter-4.0.1.jar;C:\Users\araom\.m2\repository\org\springframework\boot\spring-boot-starter-logging\4.0.1\spring-boot-starter-logging-4.0.1.jar;C:\Users\araom\.m2\repository\ch\qos\logback\logback-classic\1.5.22\logback-classic-1.5.22.jar;C:\Users\araom\.m2\repository\ch\qos\logback\logback-core\1.5.22\logback-core-1.5.22.jar;C:\Users\araom\.m2\repository\org\apache\logging\log4j\log4j-to-slf4j\2.25.3\log4j-to-slf4j-2.25.3.jar;C:\Users\araom\.m2\repository\org\apache\logging\log4j\log4j-api\2.25.3\log4j-api-2.25.3.jar;C:\Users\araom\.m2\repository\org\slf4j\jul-to-slf4j\2.0.17\jul-to-slf4j-2.0.17.jar;C:\Users\araom\.m2\repository\jakarta\annotation\jakarta.annotation-api\3.0.0\jakarta.annotation-api-3.0.0.jar;C:\Users\araom\.m2\repository\org\yaml\snakeyaml\2.5\snakeyaml-2.5.jar;C:\Users\araom\.m2\repository\org\springframework\boot\spring-boot-validation\4.0.1\spring-boot-validation-4.0.1.jar;C:\Users\araom\.m2\repository\org\apache\tomcat\embed\tomcat-embed-el\11.0.15\tomcat-embed-el-11.0.15.jar;C:\Users\araom\.m2\repository\org\hibernate\validator\hibernate-validator\9.0.1.Final\hibernate-validator-9.0.1.Final.jar;C:\Users\araom\.m2\repository\jakarta\validation\jakarta.validation-api\3.1.1\jakarta.validation-api-3.1.1.jar;C:\Users\araom\.m2\repository\org\jboss\logging\jboss-logging\3.6.1.Final\jboss-logging-3.6.1.Final.jar;C:\Users\araom\.m2\repository\com\fasterxml\classmate\1.7.1\classmate-1.7.1.jar;C:\Users\araom\.m2\repository\org\slf4j\slf4j-api\2.0.17\slf4j-api-2.0.17.jar;C:\Users\araom\.m2\repository\jakarta\activation\jakarta.activation-api\2.1.4\jakarta.activation-api-2.1.4.jar;C:\Users\araom\.m2\repository\org\springframework\spring-core\7.0.2\spring-core-7.0.2.jar;C:\Users\araom\.m2\repository\commons-logging\commons-logging\1.3.5\commons-logging-1.3.5.jar;C:\Users\araom\.m2\repository\org\jspecify\jspecify\1.0.0\jspecify-1.0.0.jar;C:\Users\araom\.m2\repository\org\springframework\boot\spring-boot-starter-security\4.0.1\spring-boot-starter-security-4.0.1.jar;C:\Users\araom\.m2\repository\org\springframework\boot\spring-boot-security\4.0.1\spring-boot-security-4.0.1.jar;C:\Users\araom\.m2\repository\org\springframework\security\spring-security-config\7.0.2\spring-security-config-7.0.2.jar;C:\Users\araom\.m2\repository\org\springframework\security\spring-security-core\7.0.2\spring-security-core-7.0.2.jar;C:\Users\araom\.m2\repository\org\springframework\security\spring-security-crypto\7.0.2\spring-security-crypto-7.0.2.jar;C:\Users\araom\.m2\repository\org\springframework\security\spring-security-web\7.0.2\spring-security-web-7.0.2.jar;C:\Users\araom\.m2\repository\org\springframework\spring-aop\7.0.2\spring-aop-7.0.2.jar;C:\Users\araom\.m2\repository\org\springframework\spring-beans\7.0.2\spring-beans-7.0.2.jar;C:\Users\araom\.m2\repository\org\springframework\boot\spring-boot-starter-mail\4.0.1\spring-boot-starter-mail-4.0.1.jar;C:\Users\araom\.m2\repository\org\springframework\boot\spring-boot-mail\4.0.1\spring-boot-mail-4.0.1.jar;C:\Users\araom\.m2\repository\org\springframework\spring-context-support\7.0.2\spring-context-support-7.0.2.jar;C:\Users\araom\.m2\repository\jakarta\mail\jakarta.mail-api\2.1.5\jakarta.mail-api-2.1.5.jar;C:\Users\araom\.m2\repository\org\eclipse\angus\angus-mail\2.0.5\angus-mail-2.0.5.jar;C:\Users\araom\.m2\repository\org\eclipse\angus\angus-activation\2.0.3\angus-activation-2.0.3.jar;C:\Users\araom\.m2\repository\com\fasterxml\jackson\core\jackson-databind\2.20.1\jackson-databind-2.20.1.jar;C:\Users\araom\.m2\repository\com\fasterxml\jackson\core\jackson-annotations\2.20\jackson-annotations-2.20.jar;C:\Users\araom\.m2\repository\com\fasterxml\jackson\core\jackson-core\2.20.1\jackson-core-2.20.1.jar;C:\Users\araom\AppData\Local\Programs\IntelliJ IDEA Community Edition\lib\idea_rt.jar
Launcher Type: SUN_STANDARD

[Global flags]
     intx CICompilerCount                          = 4                                         {product} {ergonomic}
     uint ConcGCThreads                            = 3                                         {product} {ergonomic}
     uint G1ConcRefinementThreads                  = 10                                        {product} {ergonomic}
   size_t G1HeapRegionSize                         = 2097152                                   {product} {ergonomic}
    uintx GCDrainStackTargetSize                   = 64                                        {product} {ergonomic}
   size_t InitialHeapSize                          = 264241152                                 {product} {ergonomic}
   size_t MarkStackSize                            = 4194304                                   {product} {ergonomic}
   size_t MaxHeapSize                              = 4202692608                                {product} {ergonomic}
   size_t MaxNewSize                               = 2520776704                                {product} {ergonomic}
   size_t MinHeapDeltaBytes                        = 2097152                                   {product} {ergonomic}
   size_t MinHeapSize                              = 8388608                                   {product} {ergonomic}
    uintx NonNMethodCodeHeapSize                   = 5839372                                {pd product} {ergonomic}
    uintx NonProfiledCodeHeapSize                  = 122909434                              {pd product} {ergonomic}
    uintx ProfiledCodeHeapSize                     = 122909434                              {pd product} {ergonomic}
    uintx ReservedCodeCacheSize                    = 251658240                              {pd product} {ergonomic}
     bool SegmentedCodeCache                       = true                                      {product} {ergonomic}
   size_t SoftMaxHeapSize                          = 4202692608                             {manageable} {ergonomic}
     bool UseCompressedOops                        = true                           {product lp64_product} {ergonomic}
     bool UseG1GC                                  = true                                      {product} {ergonomic}
     bool UseLargePagesIndividualAllocation        = false                                  {pd product} {ergonomic}

Logging:
Log output configuration:
 #0: stdout all=warning uptime,level,tags foldmultilines=false
 #1: stderr all=off uptime,level,tags foldmultilines=false

Environment Variables:
JAVA_HOME=C:\Program Files\Eclipse Adoptium\jdk-21.0.6.7-hotspot\bin
PATH=C:\Program Files\Eclipse Adoptium\jdk-21.0.6.7-hotspot\bin;C:\Python313\Scripts\;C:\Python313\;C:\Python312\Scripts\;C:\Python312\;C:\WINDOWS\system32;C:\WINDOWS;C:\WINDOWS\System32\Wbem;C:\WINDOWS\System32\WindowsPowerShell\v1.0\;C:\WINDOWS\System32\OpenSSH\;C:\Program Files\Git\cmd;C:\Program Files (x86)\dotnet\;C:\MAMP\bin\mysql\bin;C:\Program Files\nodejs\;C:\ProgramData\chocolatey\bin;;C:\Program Files\Docker\Docker\resources\bin;C:\Users\araom\AppData\Local\Programs\Eclipse Adoptium\jdk-21.0.6.7-hotspot\bin;C:\Users\araom\AppData\Local\Microsoft\WindowsApps;C:\Users\araom\AppData\Local\Programs\Microsoft VS Code\bin;C:\Users\araom\AppData\Roaming\npm;C:\Users\araom\AppData\Local\JetBrains\Toolbox\scripts;C:\Users\araom\AppData\Local\Programs\mongosh\
USERNAME=araom
OS=Windows_NT
PROCESSOR_IDENTIFIER=Intel64 Family 6 Model 186 Stepping 3, GenuineIntel
TMP=C:\Users\araom\AppData\Local\Temp
TEMP=C:\Users\araom\AppData\Local\Temp




Periodic native trim disabled

---------------  S Y S T E M  ---------------

OS:
 Windows 11 , 64 bit Build 26100 (10.0.26100.5074)
OS uptime: 0 days 2:29 hours
Hyper-V role detected

CPU: total 12 (initial active 12) (6 cores per cpu, 2 threads per core) family 6 model 186 stepping 3 microcode 0x4129, cx8, cmov, fxsr, ht, mmx, 3dnowpref, sse, sse2, sse3, ssse3, sse4.1, sse4.2, popcnt, lzcnt, tsc, tscinvbit, avx, avx2, aes, erms, clmul, bmi1, bmi2, adx, sha, fma, vzeroupper, clflush, clflushopt, clwb, hv, serialize, rdtscp, rdpid, fsrm, f16c, cet_ibt, cet_ss
Processor Information for the first 12 processors :
  Max Mhz: 1300, Current Mhz: 1300, Mhz Limit: 1300

Memory: 4k page, system-wide physical 16024M (3338M free)
TotalPageFile size 19146M (AvailPageFile size 3M)
current process WorkingSet (physical memory assigned to process): 314M, peak: 413M
current process commit charge ("private bytes"): 408M, peak: 479M

vm_info: OpenJDK 64-Bit Server VM (21.0.8+9-LTS) for windows-amd64 JRE (21.0.8+9-LTS), built on 2025-07-10T20:22:44Z by "MicrosoftCorporation" with unknown MS VC++:1944

END.
