#
# There is insufficient memory for the Java Runtime Environment to continue.
# Native memory allocation (mmap) failed to map 65536 bytes. Error detail: Failed to commit metaspace.
# Possible reasons:
#   The system is out of physical RAM or swap space
#   This process is running with CompressedOops enabled, and the Java Heap may be blocking the growth of the native heap
# Possible solutions:
#   Reduce memory load on the system
#   Increase physical memory or swap space
#   Check if swap backing store is full
#   Decrease Java heap size (-Xmx/-Xms)
#   Decrease number of Java threads
#   Decrease Java thread stack sizes (-Xss)
#   Set larger code cache with -XX:ReservedCodeCacheSize=
#   JVM is running with Zero Based Compressed Oops mode in which the Java heap is
#     placed in the first 32GB address space. The Java Heap base address is the
#     maximum limit for the native heap growth. Please use -XX:HeapBaseMinAddress
#     to set the Java Heap base and to place the Java Heap above 32GB virtual address.
# This output file may be truncated or incomplete.
#
#  Out of Memory Error (virtualSpaceNode.cpp:113), pid=20664, tid=18872
#
# JRE version: OpenJDK Runtime Environment Microsoft-11933218 (21.0.8+9) (build 21.0.8+9-LTS)
# Java VM: OpenJDK 64-Bit Server VM Microsoft-11933218 (21.0.8+9-LTS, mixed mode, emulated-client, sharing, tiered, compressed oops, compressed class ptrs, g1 gc, windows-amd64)
# No core dump will be written. Minidumps are not enabled by default on client versions of Windows
#

---------------  S U M M A R Y ------------

Command Line: -XX:TieredStopAtLevel=1 -Dspring.output.ansi.enabled=always -javaagent:C:\Users\araom\AppData\Local\Programs\IntelliJ IDEA Community Edition\lib\idea_rt.jar=60891 -Dfile.encoding=UTF-8 -Dsun.stdout.encoding=UTF-8 -Dsun.stderr.encoding=UTF-8 com.jobportal.Job.Poratl.JobPoratlApplication

Host: 13th Gen Intel(R) Core(TM) i5-1335U, 12 cores, 15G,  Windows 11 , 64 bit Build 26100 (10.0.26100.5074)
Time: Mon Feb 16 12:49:06 2026 elapsed time: 0.820622 seconds (0d 0h 0m 0s)

---------------  T H R E A D  ---------------

Current thread (0x000002200ba2ee60):  JavaThread "restartedMain"        [_thread_in_vm, id=18872, stack(0x000000f83cb00000,0x000000f83cc00000) (1024K)]

Stack: [0x000000f83cb00000,0x000000f83cc00000]
Native frames: (J=compiled Java code, j=interpreted, Vv=VM code, C=native code)
V  [jvm.dll+0x6e1729]
V  [jvm.dll+0x8bf47b]
V  [jvm.dll+0x8c19aa]
V  [jvm.dll+0x8c2083]
V  [jvm.dll+0x289fd6]
V  [jvm.dll+0x8bb208]
V  [jvm.dll+0x683354]
V  [jvm.dll+0x1ee8d7]
V  [jvm.dll+0x1ee69e]
V  [jvm.dll+0x685c5f]
V  [jvm.dll+0x685a92]
V  [jvm.dll+0x683d2e]
V  [jvm.dll+0x694cfd]
V  [jvm.dll+0x68e28e]
V  [jvm.dll+0x3e64c1]
C  0x0000021fbafeb779

The last pc belongs to method entry point (kind = zerolocals) (printed below).
Java frames: (J=compiled Java code, j=interpreted, Vv=VM code)
j  org.springframework.boot.StartupInfoLogger$$Lambda+0x0000021fc71d3ab0.<init>(Ljava/lang/Class;)V+0
J 1150 c1 java.lang.invoke.DirectMethodHandle$Holder.newInvokeSpecial(Ljava/lang/Object;Ljava/lang/Object;)Ljava/lang/Object; java.base@21.0.8 (21 bytes) @ 0x0000021fbb45f3b4 [0x0000021fbb45f2e0+0x00000000000000d4]
J 1147 c1 java.lang.invoke.Invokers$Holder.linkToTargetMethod(Ljava/lang/Object;Ljava/lang/Object;)Ljava/lang/Object; java.base@21.0.8 (9 bytes) @ 0x0000021fbb45ec24 [0x0000021fbb45ebc0+0x0000000000000064]
j  org.springframework.boot.StartupInfoLogger.appendVersion(Ljava/lang/StringBuilder;Ljava/lang/Class;)V+5
j  org.springframework.boot.StartupInfoLogger.getRunningMessage()Ljava/lang/CharSequence;+21
j  org.springframework.boot.StartupInfoLogger$$Lambda+0x0000021fc71d3888.get()Ljava/lang/Object;+4
j  org.springframework.core.log.LogMessage$SupplierMessage.buildString()Ljava/lang/String;+4
j  org.springframework.core.log.LogMessage.toString()Ljava/lang/String;+9
J 1480 c1 java.lang.String.valueOf(Ljava/lang/Object;)Ljava/lang/String; java.base@21.0.8 (15 bytes) @ 0x0000021fbb4dc504 [0x0000021fbb4dc4c0+0x0000000000000044]
j  org.apache.commons.logging.impl.Slf4jLogFactory$Slf4jLocationAwareLog.log(ILjava/lang/Object;Ljava/lang/Throwable;)V+12
j  org.apache.commons.logging.impl.Slf4jLogFactory$Slf4jLocationAwareLog.debug(Ljava/lang/Object;)V+5
j  org.springframework.boot.StartupInfoLogger.logStarting(Lorg/apache/commons/logging/Log;)V+31
j  org.springframework.boot.SpringApplication.logStartupInfo(Lorg/springframework/context/ConfigurableApplicationContext;)V+40
j  org.springframework.boot.SpringApplication.prepareContext(Lorg/springframework/boot/bootstrap/DefaultBootstrapContext;Lorg/springframework/context/ConfigurableApplicationContext;Lorg/springframework/core/env/ConfigurableEnvironment;Lorg/springframework/boot/SpringApplicationRunListeners;Lorg/springframework/boot/ApplicationArguments;Lorg/springframework/boot/Banner;)V+48
j  org.springframework.boot.SpringApplication.run([Ljava/lang/String;)Lorg/springframework/context/ConfigurableApplicationContext;+107
j  org.springframework.boot.SpringApplication.run([Ljava/lang/Class;[Ljava/lang/String;)Lorg/springframework/context/ConfigurableApplicationContext;+9
j  org.springframework.boot.SpringApplication.run(Ljava/lang/Class;[Ljava/lang/String;)Lorg/springframework/context/ConfigurableApplicationContext;+9
j  com.jobportal.Job.Poratl.JobPoratlApplication.main([Ljava/lang/String;)V+3
j  java.lang.invoke.LambdaForm$DMH+0x0000021fc7006000.invokeStatic(Ljava/lang/Object;Ljava/lang/Object;)V+10 java.base@21.0.8
j  java.lang.invoke.LambdaForm$MH+0x0000021fc70b0400.invoke(Ljava/lang/Object;Ljava/lang/Object;Ljava/lang/Object;)Ljava/lang/Object;+33 java.base@21.0.8
j  java.lang.invoke.Invokers$Holder.invokeExact_MT(Ljava/lang/Object;Ljava/lang/Object;Ljava/lang/Object;Ljava/lang/Object;)Ljava/lang/Object;+20 java.base@21.0.8
j  jdk.internal.reflect.DirectMethodHandleAccessor.invokeImpl(Ljava/lang/Object;[Ljava/lang/Object;)Ljava/lang/Object;+55 java.base@21.0.8
j  jdk.internal.reflect.DirectMethodHandleAccessor.invoke(Ljava/lang/Object;[Ljava/lang/Object;)Ljava/lang/Object;+23 java.base@21.0.8
j  java.lang.reflect.Method.invoke(Ljava/lang/Object;[Ljava/lang/Object;)Ljava/lang/Object;+102 java.base@21.0.8
j  org.springframework.boot.devtools.restart.RestartLauncher.run()V+47
v  ~StubRoutines::call_stub 0x0000021fbafe100d
method entry point (kind = zerolocals)  [0x0000021fbafeb660, 0x0000021fbafeb950]  752 bytes
[MachCode]
  0x0000021fbafeb660: 488b 5308 | 0fb7 4a2e | 0fb7 522c | 2bd1 81fa | f501 0000 | 0f86 2500 | 0000 488b | c248 c1e0 
  0x0000021fbafeb680: 0348 83c0 | 5849 0387 | c804 0000 | 483b e00f | 870a 0000 | 0058 498b | e550 e9e1 | afff ff58 
  0x0000021fbafeb6a0: 4c8d 74cc | f885 d20f | 8e09 0000 | 0068 0000 | 0000 ffca | 7ff7 5055 | 488b ec41 | 5568 0000 
  0x0000021fbafeb6c0: 0000 4c8b | 6b08 4d8d | 6d38 5348 | 8b53 0848 | 8b52 0848 | 8b52 1848 | 8b52 7048 | 8b12 5268 
  0x0000021fbafeb6e0: 0000 0000 | 488b 5308 | 488b 5208 | 488b 5210 | 5249 8bc6 | 482b c548 | c1e8 0350 | 4155 6800 
  0x0000021fbafeb700: 0000 0048 | 8924 2441 | c687 7104 | 0000 0148 | 8b43 1848 | 85c0 0f85 | b000 0000 | e805 0000 
  0x0000021fbafeb720: 00e9 9900 | 0000 488b | d348 8d44 | 2408 4c89 | 6dc0 498b | cfc5 f877 | 4989 afa8 | 0300 0049 
  0x0000021fbafeb740: 8987 9803 | 0000 4883 | ec20 40f6 | c40f 0f84 | 1900 0000 | 4883 ec08 | 48b8 a064 | b4a4 fc7f 
  0x0000021fbafeb760: 0000 ffd0 | 4883 c408 | e90c 0000 | 0048 b8a0 | 64b4 a4fc | 7f00 00ff | d048 83c4 | 2049 c787 
  0x0000021fbafeb780: 9803 0000 | 0000 0000 | 49c7 87a8 | 0300 0000 | 0000 0049 | c787 a003 | 0000 0000 | 0000 c5f8 
  0x0000021fbafeb7a0: 7749 837f | 0800 0f84 | 0500 0000 | e94f 57ff | ff4c 8b6d | c04c 8b75 | c84e 8d74 | f500 c348 
  0x0000021fbafeb7c0: 8b43 1848 | 85c0 0f84 | 1200 0000 | 8b48 0883 | c102 8948 | 0823 481c | 0f84 c200 | 0000 493b 
  0x0000021fbafeb7e0: a7e0 0400 | 000f 8748 | 0000 0089 | 8424 00f0 | ffff 8984 | 2400 e0ff | ff89 8424 | 00d0 ffff 
  0x0000021fbafeb800: 8984 2400 | c0ff ff89 | 8424 00b0 | ffff 8984 | 2400 a0ff | ff89 8424 | 0090 ffff | 8984 2400 
  0x0000021fbafeb820: 80ff ff49 | 3ba7 d804 | 0000 7607 | 4989 a7e0 | 0400 0041 | c687 7104 | 0000 0049 | ba69 1e41 
  0x0000021fbafeb840: a5fc 7f00 | 0041 803a | 000f 843e | 0000 0048 | 8b55 e849 | 8bcf 4883 | ec20 40f6 | c40f 0f84 
  0x0000021fbafeb860: 1900 0000 | 4883 ec08 | 48b8 008c | eaa4 fc7f | 0000 ffd0 | 4883 c408 | e90c 0000 | 0048 b800 
  0x0000021fbafeb880: 8cea a4fc | 7f00 00ff | d048 83c4 | 2041 0fb6 | 5d00 49ba | c0ef 43a5 | fc7f 0000 | 41ff 24da 
  0x0000021fbafeb8a0: ba00 0000 | 00e8 0500 | 0000 e996 | 0000 0048 | 8d44 2408 | 4c89 6dc0 | 498b cfc5 | f877 4989 
  0x0000021fbafeb8c0: afa8 0300 | 0049 8987 | 9803 0000 | 4883 ec20 | 40f6 c40f | 0f84 1900 | 0000 4883 | ec08 48b8 
  0x0000021fbafeb8e0: 406f b4a4 | fc7f 0000 | ffd0 4883 | c408 e90c | 0000 0048 | b840 6fb4 | a4fc 7f00 | 00ff d048 
  0x0000021fbafeb900: 83c4 2049 | c787 9803 | 0000 0000 | 0000 49c7 | 87a8 0300 | 0000 0000 | 0049 c787 | a003 0000 
  0x0000021fbafeb920: 0000 0000 | c5f8 7749 | 837f 0800 | 0f84 0500 | 0000 e9c9 | 55ff ff4c | 8b6d c04c | 8b75 c84e 
  0x0000021fbafeb940: 8d74 f500 | c348 8b5d | e8e9 90fe | ffff 6690 
[/MachCode]

Compiled method (c1) 864 1150       1       java.lang.invoke.DirectMethodHandle$Holder::newInvokeSpecial (21 bytes)
 total in heap  [0x0000021fbb45f110,0x0000021fbb45f5b0] = 1184
 relocation     [0x0000021fbb45f270,0x0000021fbb45f2c8] = 88
 main code      [0x0000021fbb45f2e0,0x0000021fbb45f430] = 336
 stub code      [0x0000021fbb45f430,0x0000021fbb45f490] = 96
 metadata       [0x0000021fbb45f490,0x0000021fbb45f4a8] = 24
 scopes data    [0x0000021fbb45f4a8,0x0000021fbb45f510] = 104
 scopes pcs     [0x0000021fbb45f510,0x0000021fbb45f590] = 128
 dependencies   [0x0000021fbb45f590,0x0000021fbb45f598] = 8
 nul chk table  [0x0000021fbb45f598,0x0000021fbb45f5b0] = 24

[Constant Pool (empty)]

[MachCode]
[Verified Entry Point]
  # {method} {0x0000021fc60b5e00} 'newInvokeSpecial' '(Ljava/lang/Object;Ljava/lang/Object;)Ljava/lang/Object;' in 'java/lang/invoke/DirectMethodHandle$Holder'
  # parm0:    rdx:rdx   = 'java/lang/Object'
  # parm1:    r8:r8     = 'java/lang/Object'
  #           [sp+0x70]  (sp of caller)
  0x0000021fbb45f2e0: 8984 2400 | 80ff ff55 | 4883 ec60 | 4181 7f20 | 0100 0000 

  0x0000021fbb45f2f4: ;   {runtime_call StubRoutines (final stubs)}
  0x0000021fbb45f2f4: 7405 e865 | 5abb ff4c | 8944 2440 | 4885 d20f | 8428 0000 

  0x0000021fbb45f308: ;   {metadata('java/lang/invoke/DirectMethodHandle$Constructor')}
  0x0000021fbb45f308: 0048 b830 | c114 c61f | 0200 008b | 7a08 49ba | 0000 00c6 | 1f02 0000 | 4903 fa48 | 3bc7 0f85 
  0x0000021fbb45f328: a800 0000 | e900 0000 | 0048 8bf2 

  0x0000021fbb45f334: ; implicit exception: dispatches to 0x0000021fbb45f3dd
  0x0000021fbb45f334: 8b76 2848 | c1e6 034c | 8bc6 4889 

  0x0000021fbb45f340: ;   {oop(a 'jdk/internal/misc/Unsafe'{0x0000000713c002a0})}
  0x0000021fbb45f340: 5424 3848 | baa0 02c0 | 1307 0000 

  0x0000021fbb45f34c: ;   {optimized virtual_call}
  0x0000021fbb45f34c: 0066 90e8 

  0x0000021fbb45f350: ; ImmutableOopMap {[56]=Oop [64]=Oop }
                      ;*invokevirtual allocateInstance {reexecute=0 rethrow=0 return_oop=0}
                      ; - java.lang.invoke.DirectMethodHandle::allocateInstance@12 (line 501)
                      ; - java.lang.invoke.DirectMethodHandle$Holder::newInvokeSpecial@1
  0x0000021fbb45f350: 0c34 faff 

  0x0000021fbb45f354: ;   {other}
  0x0000021fbb45f354: 0f1f 8400 | 4402 0000 | 488b 5424 | 3848 85d2 | 0f84 2900 

  0x0000021fbb45f368: ;   {metadata('java/lang/invoke/DirectMethodHandle$Constructor')}
  0x0000021fbb45f368: 0000 48be | 30c1 14c6 | 1f02 0000 | 448b 4208 | 49ba 0000 | 00c6 1f02 | 0000 4d03 | c249 3bf0 
  0x0000021fbb45f388: 0f85 5400 | 0000 e900 | 0000 0044 | 8b4a 2449 | c1e1 0348 | 8bd0 4c8b | 4424 4048 | 8944 2448 
  0x0000021fbb45f3a8: 0f1f 8000 

  0x0000021fbb45f3ac: ;   {static_call}
  0x0000021fbb45f3ac: 0000 00e8 

  0x0000021fbb45f3b0: ; ImmutableOopMap {[72]=Oop }
                      ;*invokestatic linkToSpecial {reexecute=0 rethrow=0 return_oop=0}
                      ; - java.lang.invoke.DirectMethodHandle$Holder::newInvokeSpecial@16
  0x0000021fbb45f3b0: 4cba cbff 

  0x0000021fbb45f3b4: ;   {other}
  0x0000021fbb45f3b4: 0f1f 8400 | a402 0001 | 488b 4424 | 4848 83c4 

  0x0000021fbb45f3c4: ;   {poll_return}
  0x0000021fbb45f3c4: 605d 493b | a748 0400 | 000f 871d | 0000 00c3 | 4889 1424 

  0x0000021fbb45f3d8: ;   {runtime_call throw_class_cast_exception Runtime1 stub}
  0x0000021fbb45f3d8: e8a3 88c8 

  0x0000021fbb45f3dc: ; ImmutableOopMap {rdx=Oop [64]=Oop }
                      ;*checkcast {reexecute=0 rethrow=0 return_oop=0}
                      ; - java.lang.invoke.DirectMethodHandle::allocateInstance@1 (line 500)
                      ; - java.lang.invoke.DirectMethodHandle$Holder::newInvokeSpecial@1
                      ;   {runtime_call throw_null_pointer_exception Runtime1 stub}
  0x0000021fbb45f3dc: ffe8 1e60 

  0x0000021fbb45f3e0: ; ImmutableOopMap {rdx=Oop [64]=Oop }
                      ;*getfield instanceClass {reexecute=1 rethrow=0 return_oop=0}
                      ; - (reexecute) java.lang.invoke.DirectMethodHandle::allocateInstance@9 (line 501)
                      ; - java.lang.invoke.DirectMethodHandle$Holder::newInvokeSpecial@1
  0x0000021fbb45f3e0: c8ff 4889 

  0x0000021fbb45f3e4: ;   {runtime_call throw_class_cast_exception Runtime1 stub}
  0x0000021fbb45f3e4: 1424 e895 

  0x0000021fbb45f3e8: ; ImmutableOopMap {rax=Oop [64]=Oop }
                      ;*checkcast {reexecute=0 rethrow=0 return_oop=0}
                      ; - java.lang.invoke.DirectMethodHandle::constructorMethod@1 (line 494)
                      ; - java.lang.invoke.DirectMethodHandle$Holder::newInvokeSpecial@6
                      ;   {runtime_call throw_null_pointer_exception Runtime1 stub}
  0x0000021fbb45f3e8: 88c8 ffe8 

  0x0000021fbb45f3ec: ; ImmutableOopMap {rax=Oop [64]=Oop }
                      ;*getfield initMethod {reexecute=1 rethrow=0 return_oop=0}
                      ; - (reexecute) java.lang.invoke.DirectMethodHandle::constructorMethod@6 (line 495)
                      ; - java.lang.invoke.DirectMethodHandle$Holder::newInvokeSpecial@6
  0x0000021fbb45f3ec: 1060 c8ff 

  0x0000021fbb45f3f0: ;   {internal_word}
  0x0000021fbb45f3f0: 49ba c6f3 | 45bb 1f02 | 0000 4d89 | 9760 0400 

  0x0000021fbb45f400: ;   {runtime_call SafepointBlob}
  0x0000021fbb45f400: 00e9 fa62 | bdff 498b | 87f8 0400 | 0049 c787 | f804 0000 | 0000 0000 | 49c7 8700 | 0500 0000 
  0x0000021fbb45f420: 0000 0048 | 83c4 605d 

  0x0000021fbb45f428: ;   {runtime_call unwind_exception Runtime1 stub}
  0x0000021fbb45f428: e953 47c8 | fff4 f4f4 
[Stub Code]
  0x0000021fbb45f430: ;   {no_reloc}
  0x0000021fbb45f430: 48bb 0000 | 0000 0000 

  0x0000021fbb45f438: ;   {runtime_call nmethod}
  0x0000021fbb45f438: 0000 e9fb 

  0x0000021fbb45f43c: ;   {static_stub}
  0x0000021fbb45f43c: ffff ff48 | bb00 0000 | 0000 0000 

  0x0000021fbb45f448: ;   {runtime_call nmethod}
  0x0000021fbb45f448: 00e9 fbff 

  0x0000021fbb45f44c: ;   {runtime_call handle_exception_from_callee Runtime1 stub}
  0x0000021fbb45f44c: ffff e82d 

  0x0000021fbb45f450: ;   {external_word}
  0x0000021fbb45f450: 82c8 ff48 | b960 0317 | a5fc 7f00 | 0048 83e4 

  0x0000021fbb45f460: ;   {runtime_call}
  0x0000021fbb45f460: f048 b820 | 61d9 a4fc | 7f00 00ff 

  0x0000021fbb45f46c: ;   {section_word}
  0x0000021fbb45f46c: d0f4 49ba | 6ef4 45bb | 1f02 0000 

  0x0000021fbb45f478: ;   {runtime_call DeoptimizationBlob}
  0x0000021fbb45f478: 4152 e921 

  0x0000021fbb45f47c: ;   {section_word}
  0x0000021fbb45f47c: 55bd ff49 | ba7f f445 | bb1f 0200 

  0x0000021fbb45f488: ;   {runtime_call DeoptimizationBlob}
  0x0000021fbb45f488: 0041 52e9 | 1055 bdff 
[/MachCode]


Compiled method (c1) 867 1147       1       java.lang.invoke.Invokers$Holder::linkToTargetMethod (9 bytes)
 total in heap  [0x0000021fbb45ea10,0x0000021fbb45ed70] = 864
 relocation     [0x0000021fbb45eb70,0x0000021fbb45ebb0] = 64
 main code      [0x0000021fbb45ebc0,0x0000021fbb45ec90] = 208
 stub code      [0x0000021fbb45ec90,0x0000021fbb45ece8] = 88
 metadata       [0x0000021fbb45ece8,0x0000021fbb45ecf0] = 8
 scopes data    [0x0000021fbb45ecf0,0x0000021fbb45ed08] = 24
 scopes pcs     [0x0000021fbb45ed08,0x0000021fbb45ed58] = 80
 dependencies   [0x0000021fbb45ed58,0x0000021fbb45ed60] = 8
 nul chk table  [0x0000021fbb45ed60,0x0000021fbb45ed70] = 16

[Constant Pool (empty)]

[MachCode]
[Verified Entry Point]
  # {method} {0x0000021fc60afbe0} 'linkToTargetMethod' '(Ljava/lang/Object;Ljava/lang/Object;)Ljava/lang/Object;' in 'java/lang/invoke/Invokers$Holder'
  # parm0:    rdx:rdx   = 'java/lang/Object'
  # parm1:    r8:r8     = 'java/lang/Object'
  #           [sp+0x30]  (sp of caller)
  0x0000021fbb45ebc0: 8984 2400 | 80ff ff55 | 4883 ec20 | 4181 7f20 | 0100 0000 

  0x0000021fbb45ebd4: ;   {runtime_call StubRoutines (final stubs)}
  0x0000021fbb45ebd4: 7405 e885 | 61bb ff4d | 85c0 0f84 | 2a00 0000 

  0x0000021fbb45ebe4: ;   {metadata('java/lang/invoke/MethodHandle')}
  0x0000021fbb45ebe4: 48bb 18ff | 05c6 1f02 | 0000 418b | 7808 49ba | 0000 00c6 | 1f02 0000 | 4903 fa48 | 3b5f 380f 
  0x0000021fbb45ec04: 8536 0000 | 00e9 0000 | 0000 498b | f048 3b06 | 4c8b c248 | 8bd6 0f1f 

  0x0000021fbb45ec1c: ;   {optimized virtual_call}
  0x0000021fbb45ec1c: 4400 00e8 

  0x0000021fbb45ec20: ; ImmutableOopMap {}
                      ;*invokevirtual invokeBasic {reexecute=0 rethrow=0 return_oop=0}
                      ; - java.lang.invoke.Invokers$Holder::linkToTargetMethod@5
  0x0000021fbb45ec20: 5c5d cbff 

  0x0000021fbb45ec24: ;   {other}
  0x0000021fbb45ec24: 0f1f 8400 | 1402 0000 | 4883 c420 

  0x0000021fbb45ec30: ;   {poll_return}
  0x0000021fbb45ec30: 5d49 3ba7 | 4804 0000 | 0f87 0f00 | 0000 c34c 

  0x0000021fbb45ec40: ;   {runtime_call throw_class_cast_exception Runtime1 stub}
  0x0000021fbb45ec40: 8904 24e8 

  0x0000021fbb45ec44: ; ImmutableOopMap {rdx=Oop }
                      ;*checkcast {reexecute=0 rethrow=0 return_oop=0}
                      ; - java.lang.invoke.Invokers$Holder::linkToTargetMethod@1
  0x0000021fbb45ec44: 3890 c8ff 

  0x0000021fbb45ec48: ;   {runtime_call throw_null_pointer_exception Runtime1 stub}
  0x0000021fbb45ec48: e8b3 67c8 

  0x0000021fbb45ec4c: ; ImmutableOopMap {rdx=Oop rsi=Oop }
                      ;*invokevirtual invokeBasic {reexecute=0 rethrow=0 return_oop=0}
                      ; - java.lang.invoke.Invokers$Holder::linkToTargetMethod@5
                      ;   {internal_word}
  0x0000021fbb45ec4c: ff49 ba31 | ec45 bb1f | 0200 004d | 8997 6004 

  0x0000021fbb45ec5c: ;   {runtime_call SafepointBlob}
  0x0000021fbb45ec5c: 0000 e99d | 6abd ff49 | 8b87 f804 | 0000 49c7 | 87f8 0400 | 0000 0000 | 0049 c787 | 0005 0000 
  0x0000021fbb45ec7c: 0000 0000 | 4883 c420 

  0x0000021fbb45ec84: ;   {runtime_call unwind_exception Runtime1 stub}
  0x0000021fbb45ec84: 5de9 f64e | c8ff f4f4 | f4f4 f4f4 
[Stub Code]
  0x0000021fbb45ec90: ;   {no_reloc}
  0x0000021fbb45ec90: 48bb 0000 | 0000 0000 

  0x0000021fbb45ec98: ;   {runtime_call nmethod}
  0x0000021fbb45ec98: 0000 e9fb 

  0x0000021fbb45ec9c: ;   {runtime_call handle_exception_from_callee Runtime1 stub}
  0x0000021fbb45ec9c: ffff ffe8 | dc89 c8ff 

  0x0000021fbb45eca4: ;   {external_word}
  0x0000021fbb45eca4: 48b9 6003 | 17a5 fc7f | 0000 4883 

  0x0000021fbb45ecb0: ;   {runtime_call}
  0x0000021fbb45ecb0: e4f0 48b8 | 2061 d9a4 | fc7f 0000 

  0x0000021fbb45ecbc: ;   {section_word}
  0x0000021fbb45ecbc: ffd0 f449 | babf ec45 | bb1f 0200 

  0x0000021fbb45ecc8: ;   {runtime_call DeoptimizationBlob}
  0x0000021fbb45ecc8: 0041 52e9 | d05c bdff 
[Deopt MH Handler Code]
  0x0000021fbb45ecd0: ;   {section_word}
  0x0000021fbb45ecd0: 49ba d0ec | 45bb 1f02 | 0000 4152 

  0x0000021fbb45ecdc: ;   {runtime_call DeoptimizationBlob}
  0x0000021fbb45ecdc: e9bf 5cbd | fff4 f4f4 | f4f4 f4f4 
[/MachCode]


---------------  P R O C E S S  ---------------

Threads class SMR info:
_java_thread_list=0x000002200bc10bd0, length=17, elements={
0x0000021fb04cff40, 0x0000021fc5de8540, 0x0000021fc5dea1a0, 0x0000021fc5df02f0,
0x0000021fc5df0d40, 0x0000021fc5df4480, 0x0000021fc5df27a0, 0x000002200b020090,
0x000002200b0ef3c0, 0x000002200b0f95e0, 0x000002200b566020, 0x000002200b566850,
0x000002200b0fb120, 0x000002200b0f8840, 0x000002200ba2dde0, 0x000002200ba2ee60,
0x000002200bbfc360
}

Java Threads: ( => current thread )
  0x0000021fb04cff40 JavaThread "main"                              [_thread_blocked, id=28216, stack(0x000000f83b000000,0x000000f83b100000) (1024K)]
  0x0000021fc5de8540 JavaThread "Reference Handler"          daemon [_thread_blocked, id=21716, stack(0x000000f83b800000,0x000000f83b900000) (1024K)]
  0x0000021fc5dea1a0 JavaThread "Finalizer"                  daemon [_thread_blocked, id=8932, stack(0x000000f83b900000,0x000000f83ba00000) (1024K)]
  0x0000021fc5df02f0 JavaThread "Signal Dispatcher"          daemon [_thread_blocked, id=29200, stack(0x000000f83ba00000,0x000000f83bb00000) (1024K)]
  0x0000021fc5df0d40 JavaThread "Attach Listener"            daemon [_thread_blocked, id=25932, stack(0x000000f83bb00000,0x000000f83bc00000) (1024K)]
  0x0000021fc5df4480 JavaThread "Service Thread"             daemon [_thread_blocked, id=22628, stack(0x000000f83bc00000,0x000000f83bd00000) (1024K)]
  0x0000021fc5df27a0 JavaThread "Monitor Deflation Thread"   daemon [_thread_blocked, id=20248, stack(0x000000f83bd00000,0x000000f83be00000) (1024K)]
  0x000002200b020090 JavaThread "C1 CompilerThread0"         daemon [_thread_blocked, id=10904, stack(0x000000f83be00000,0x000000f83bf00000) (1024K)]
  0x000002200b0ef3c0 JavaThread "Common-Cleaner"             daemon [_thread_blocked, id=28792, stack(0x000000f83bf00000,0x000000f83c000000) (1024K)]
  0x000002200b0f95e0 JavaThread "C1 CompilerThread1"         daemon [_thread_blocked, id=24412, stack(0x000000f83c000000,0x000000f83c100000) (1024K)]
  0x000002200b566020 JavaThread "Monitor Ctrl-Break"         daemon [_thread_in_native, id=27632, stack(0x000000f83c100000,0x000000f83c200000) (1024K)]
  0x000002200b566850 JavaThread "Notification Thread"        daemon [_thread_blocked, id=22516, stack(0x000000f83c200000,0x000000f83c300000) (1024K)]
  0x000002200b0fb120 JavaThread "C1 CompilerThread2"         daemon [_thread_blocked, id=28348, stack(0x000000f83c300000,0x000000f83c400000) (1024K)]
  0x000002200b0f8840 JavaThread "C1 CompilerThread3"         daemon [_thread_blocked, id=28416, stack(0x000000f83c400000,0x000000f83c500000) (1024K)]
  0x000002200ba2dde0 JavaThread "Thread-0"                          [_thread_blocked, id=15320, stack(0x000000f83ca00000,0x000000f83cb00000) (1024K)]
=>0x000002200ba2ee60 JavaThread "restartedMain"                     [_thread_in_vm, id=18872, stack(0x000000f83cb00000,0x000000f83cc00000) (1024K)]
  0x000002200bbfc360 JavaThread "background-preinit"                [_thread_in_vm, id=18728, stack(0x000000f83cc00000,0x000000f83cd00000) (1024K)]
Total: 17

Other Threads:
  0x0000021fc5dca580 VMThread "VM Thread"                           [id=22396, stack(0x000000f83b700000,0x000000f83b800000) (1024K)]
  0x0000021fc5db7b60 WatcherThread "VM Periodic Task Thread"        [id=19660, stack(0x000000f83b600000,0x000000f83b700000) (1024K)]
  0x0000021fb294d020 WorkerThread "GC Thread#0"                     [id=9352, stack(0x000000f83b100000,0x000000f83b200000) (1024K)]
  0x000002200b9c11d0 WorkerThread "GC Thread#1"                     [id=5564, stack(0x000000f83c500000,0x000000f83c600000) (1024K)]
  0x000002200b9c1570 WorkerThread "GC Thread#2"                     [id=17816, stack(0x000000f83c600000,0x000000f83c700000) (1024K)]
  0x000002200b89f4b0 WorkerThread "GC Thread#3"                     [id=27192, stack(0x000000f83c700000,0x000000f83c800000) (1024K)]
  0x000002200b89fc60 WorkerThread "GC Thread#4"                     [id=27972, stack(0x000000f83c800000,0x000000f83c900000) (1024K)]
  0x000002200b8a0000 WorkerThread "GC Thread#5"                     [id=11808, stack(0x000000f83c900000,0x000000f83ca00000) (1024K)]
  0x0000021fb295ee90 ConcurrentGCThread "G1 Main Marker"            [id=27360, stack(0x000000f83b200000,0x000000f83b300000) (1024K)]
  0x0000021fb295f990 WorkerThread "G1 Conc#0"                       [id=28448, stack(0x000000f83b300000,0x000000f83b400000) (1024K)]
  0x0000021fc5c88860 ConcurrentGCThread "G1 Refine#0"               [id=24952, stack(0x000000f83b400000,0x000000f83b500000) (1024K)]
  0x0000021fc5c8a090 ConcurrentGCThread "G1 Service"                [id=29596, stack(0x000000f83b500000,0x000000f83b600000) (1024K)]
Total: 12

Threads with active compile tasks:
Total: 0

VM state: not at safepoint (normal execution)

VM Mutex/Monitor currently owned by a thread:  ([mutex/lock_event])
[0x00007ffca54287c8] Metaspace_lock - owner thread: 0x000002200ba2ee60

Heap address: 0x0000000705800000, size: 4008 MB, Compressed Oops mode: Zero based, Oop shift amount: 3

CDS archive(s) mapped at: [0x0000021fc6000000-0x0000021fc6c80000-0x0000021fc6c80000), size 13107200, SharedBaseAddress: 0x0000021fc6000000, ArchiveRelocationMode: 1.
Compressed class space mapped at: 0x0000021fc7000000-0x0000022007000000, reserved size: 1073741824
Narrow klass base: 0x0000021fc6000000, Narrow klass shift: 0, Narrow klass range: 0x100000000

GC Precious Log:
 CardTable entry size: 512
 Card Set container configuration: InlinePtr #cards 4 size 8 Array Of Cards #cards 16 size 48 Howl #buckets 8 coarsen threshold 3686 Howl Bitmap #cards 512 size 80 coarsen threshold 460 Card regions per heap region 1 cards per card region 4096
 CPUs: 12 total, 12 available
 Memory: 16024M
 Large Page Support: Disabled
 NUMA Support: Disabled
 Compressed Oops: Enabled (Zero based)
 Heap Region Size: 2M
 Heap Min Capacity: 8M
 Heap Initial Capacity: 252M
 Heap Max Capacity: 4008M
 Pre-touch: Disabled
 Parallel Workers: 10
 Concurrent Workers: 3
 Concurrent Refinement Workers: 10
 Periodic GC: Disabled

Heap:
 garbage-first heap   total 258048K, used 34153K [0x0000000705800000, 0x0000000800000000)
  region size 2048K, 17 young (34816K), 2 survivors (4096K)
 Metaspace       used 11927K, committed 12288K, reserved 1114112K
  class space    used 1663K, committed 1856K, reserved 1048576K

Heap Regions: E=young(eden), S=young(survivor), O=old, HS=humongous(starts), HC=humongous(continues), CS=collection set, F=free, TAMS=top-at-mark-start, PB=parsable bottom
|   0|0x0000000705800000, 0x000000070595a670, 0x0000000705a00000| 67%| O|  |TAMS 0x0000000705800000| PB 0x0000000705800000| Untracked 
|   1|0x0000000705a00000, 0x0000000705a00000, 0x0000000705c00000|  0%| F|  |TAMS 0x0000000705a00000| PB 0x0000000705a00000| Untracked 
|   2|0x0000000705c00000, 0x0000000705c00000, 0x0000000705e00000|  0%| F|  |TAMS 0x0000000705c00000| PB 0x0000000705c00000| Untracked 
|   3|0x0000000705e00000, 0x0000000705e00000, 0x0000000706000000|  0%| F|  |TAMS 0x0000000705e00000| PB 0x0000000705e00000| Untracked 
|   4|0x0000000706000000, 0x0000000706000000, 0x0000000706200000|  0%| F|  |TAMS 0x0000000706000000| PB 0x0000000706000000| Untracked 
|   5|0x0000000706200000, 0x0000000706200000, 0x0000000706400000|  0%| F|  |TAMS 0x0000000706200000| PB 0x0000000706200000| Untracked 
|   6|0x0000000706400000, 0x0000000706400000, 0x0000000706600000|  0%| F|  |TAMS 0x0000000706400000| PB 0x0000000706400000| Untracked 
|   7|0x0000000706600000, 0x0000000706600000, 0x0000000706800000|  0%| F|  |TAMS 0x0000000706600000| PB 0x0000000706600000| Untracked 
|   8|0x0000000706800000, 0x0000000706800000, 0x0000000706a00000|  0%| F|  |TAMS 0x0000000706800000| PB 0x0000000706800000| Untracked 
|   9|0x0000000706a00000, 0x0000000706a00000, 0x0000000706c00000|  0%| F|  |TAMS 0x0000000706a00000| PB 0x0000000706a00000| Untracked 
|  10|0x0000000706c00000, 0x0000000706c00000, 0x0000000706e00000|  0%| F|  |TAMS 0x0000000706c00000| PB 0x0000000706c00000| Untracked 
|  11|0x0000000706e00000, 0x0000000706e00000, 0x0000000707000000|  0%| F|  |TAMS 0x0000000706e00000| PB 0x0000000706e00000| Untracked 
|  12|0x0000000707000000, 0x0000000707000000, 0x0000000707200000|  0%| F|  |TAMS 0x0000000707000000| PB 0x0000000707000000| Untracked 
|  13|0x0000000707200000, 0x0000000707200000, 0x0000000707400000|  0%| F|  |TAMS 0x0000000707200000| PB 0x0000000707200000| Untracked 
|  14|0x0000000707400000, 0x0000000707400000, 0x0000000707600000|  0%| F|  |TAMS 0x0000000707400000| PB 0x0000000707400000| Untracked 
|  15|0x0000000707600000, 0x0000000707600000, 0x0000000707800000|  0%| F|  |TAMS 0x0000000707600000| PB 0x0000000707600000| Untracked 
|  16|0x0000000707800000, 0x0000000707800000, 0x0000000707a00000|  0%| F|  |TAMS 0x0000000707800000| PB 0x0000000707800000| Untracked 
|  17|0x0000000707a00000, 0x0000000707a00000, 0x0000000707c00000|  0%| F|  |TAMS 0x0000000707a00000| PB 0x0000000707a00000| Untracked 
|  18|0x0000000707c00000, 0x0000000707c00000, 0x0000000707e00000|  0%| F|  |TAMS 0x0000000707c00000| PB 0x0000000707c00000| Untracked 
|  19|0x0000000707e00000, 0x0000000707e00000, 0x0000000708000000|  0%| F|  |TAMS 0x0000000707e00000| PB 0x0000000707e00000| Untracked 
|  20|0x0000000708000000, 0x0000000708000000, 0x0000000708200000|  0%| F|  |TAMS 0x0000000708000000| PB 0x0000000708000000| Untracked 
|  21|0x0000000708200000, 0x0000000708200000, 0x0000000708400000|  0%| F|  |TAMS 0x0000000708200000| PB 0x0000000708200000| Untracked 
|  22|0x0000000708400000, 0x0000000708400000, 0x0000000708600000|  0%| F|  |TAMS 0x0000000708400000| PB 0x0000000708400000| Untracked 
|  23|0x0000000708600000, 0x0000000708600000, 0x0000000708800000|  0%| F|  |TAMS 0x0000000708600000| PB 0x0000000708600000| Untracked 
|  24|0x0000000708800000, 0x0000000708800000, 0x0000000708a00000|  0%| F|  |TAMS 0x0000000708800000| PB 0x0000000708800000| Untracked 
|  25|0x0000000708a00000, 0x0000000708a00000, 0x0000000708c00000|  0%| F|  |TAMS 0x0000000708a00000| PB 0x0000000708a00000| Untracked 
|  26|0x0000000708c00000, 0x0000000708c00000, 0x0000000708e00000|  0%| F|  |TAMS 0x0000000708c00000| PB 0x0000000708c00000| Untracked 
|  27|0x0000000708e00000, 0x0000000708e00000, 0x0000000709000000|  0%| F|  |TAMS 0x0000000708e00000| PB 0x0000000708e00000| Untracked 
|  28|0x0000000709000000, 0x0000000709000000, 0x0000000709200000|  0%| F|  |TAMS 0x0000000709000000| PB 0x0000000709000000| Untracked 
|  29|0x0000000709200000, 0x0000000709200000, 0x0000000709400000|  0%| F|  |TAMS 0x0000000709200000| PB 0x0000000709200000| Untracked 
|  30|0x0000000709400000, 0x0000000709400000, 0x0000000709600000|  0%| F|  |TAMS 0x0000000709400000| PB 0x0000000709400000| Untracked 
|  31|0x0000000709600000, 0x0000000709600000, 0x0000000709800000|  0%| F|  |TAMS 0x0000000709600000| PB 0x0000000709600000| Untracked 
|  32|0x0000000709800000, 0x0000000709800000, 0x0000000709a00000|  0%| F|  |TAMS 0x0000000709800000| PB 0x0000000709800000| Untracked 
|  33|0x0000000709a00000, 0x0000000709a00000, 0x0000000709c00000|  0%| F|  |TAMS 0x0000000709a00000| PB 0x0000000709a00000| Untracked 
|  34|0x0000000709c00000, 0x0000000709c00000, 0x0000000709e00000|  0%| F|  |TAMS 0x0000000709c00000| PB 0x0000000709c00000| Untracked 
|  35|0x0000000709e00000, 0x0000000709e00000, 0x000000070a000000|  0%| F|  |TAMS 0x0000000709e00000| PB 0x0000000709e00000| Untracked 
|  36|0x000000070a000000, 0x000000070a000000, 0x000000070a200000|  0%| F|  |TAMS 0x000000070a000000| PB 0x000000070a000000| Untracked 
|  37|0x000000070a200000, 0x000000070a200000, 0x000000070a400000|  0%| F|  |TAMS 0x000000070a200000| PB 0x000000070a200000| Untracked 
|  38|0x000000070a400000, 0x000000070a400000, 0x000000070a600000|  0%| F|  |TAMS 0x000000070a400000| PB 0x000000070a400000| Untracked 
|  39|0x000000070a600000, 0x000000070a600000, 0x000000070a800000|  0%| F|  |TAMS 0x000000070a600000| PB 0x000000070a600000| Untracked 
|  40|0x000000070a800000, 0x000000070a800000, 0x000000070aa00000|  0%| F|  |TAMS 0x000000070a800000| PB 0x000000070a800000| Untracked 
|  41|0x000000070aa00000, 0x000000070aa00000, 0x000000070ac00000|  0%| F|  |TAMS 0x000000070aa00000| PB 0x000000070aa00000| Untracked 
|  42|0x000000070ac00000, 0x000000070ac00000, 0x000000070ae00000|  0%| F|  |TAMS 0x000000070ac00000| PB 0x000000070ac00000| Untracked 
|  43|0x000000070ae00000, 0x000000070ae00000, 0x000000070b000000|  0%| F|  |TAMS 0x000000070ae00000| PB 0x000000070ae00000| Untracked 
|  44|0x000000070b000000, 0x000000070b000000, 0x000000070b200000|  0%| F|  |TAMS 0x000000070b000000| PB 0x000000070b000000| Untracked 
|  45|0x000000070b200000, 0x000000070b200000, 0x000000070b400000|  0%| F|  |TAMS 0x000000070b200000| PB 0x000000070b200000| Untracked 
|  46|0x000000070b400000, 0x000000070b400000, 0x000000070b600000|  0%| F|  |TAMS 0x000000070b400000| PB 0x000000070b400000| Untracked 
|  47|0x000000070b600000, 0x000000070b600000, 0x000000070b800000|  0%| F|  |TAMS 0x000000070b600000| PB 0x000000070b600000| Untracked 
|  48|0x000000070b800000, 0x000000070b800000, 0x000000070ba00000|  0%| F|  |TAMS 0x000000070b800000| PB 0x000000070b800000| Untracked 
|  49|0x000000070ba00000, 0x000000070ba00000, 0x000000070bc00000|  0%| F|  |TAMS 0x000000070ba00000| PB 0x000000070ba00000| Untracked 
|  50|0x000000070bc00000, 0x000000070bc00000, 0x000000070be00000|  0%| F|  |TAMS 0x000000070bc00000| PB 0x000000070bc00000| Untracked 
|  51|0x000000070be00000, 0x000000070be00000, 0x000000070c000000|  0%| F|  |TAMS 0x000000070be00000| PB 0x000000070be00000| Untracked 
|  52|0x000000070c000000, 0x000000070c000000, 0x000000070c200000|  0%| F|  |TAMS 0x000000070c000000| PB 0x000000070c000000| Untracked 
|  53|0x000000070c200000, 0x000000070c200000, 0x000000070c400000|  0%| F|  |TAMS 0x000000070c200000| PB 0x000000070c200000| Untracked 
|  54|0x000000070c400000, 0x000000070c400000, 0x000000070c600000|  0%| F|  |TAMS 0x000000070c400000| PB 0x000000070c400000| Untracked 
|  55|0x000000070c600000, 0x000000070c600000, 0x000000070c800000|  0%| F|  |TAMS 0x000000070c600000| PB 0x000000070c600000| Untracked 
|  56|0x000000070c800000, 0x000000070c800000, 0x000000070ca00000|  0%| F|  |TAMS 0x000000070c800000| PB 0x000000070c800000| Untracked 
|  57|0x000000070ca00000, 0x000000070ca00000, 0x000000070cc00000|  0%| F|  |TAMS 0x000000070ca00000| PB 0x000000070ca00000| Untracked 
|  58|0x000000070cc00000, 0x000000070cc00000, 0x000000070ce00000|  0%| F|  |TAMS 0x000000070cc00000| PB 0x000000070cc00000| Untracked 
|  59|0x000000070ce00000, 0x000000070ce00000, 0x000000070d000000|  0%| F|  |TAMS 0x000000070ce00000| PB 0x000000070ce00000| Untracked 
|  60|0x000000070d000000, 0x000000070d000000, 0x000000070d200000|  0%| F|  |TAMS 0x000000070d000000| PB 0x000000070d000000| Untracked 
|  61|0x000000070d200000, 0x000000070d200000, 0x000000070d400000|  0%| F|  |TAMS 0x000000070d200000| PB 0x000000070d200000| Untracked 
|  62|0x000000070d400000, 0x000000070d400000, 0x000000070d600000|  0%| F|  |TAMS 0x000000070d400000| PB 0x000000070d400000| Untracked 
|  63|0x000000070d600000, 0x000000070d600000, 0x000000070d800000|  0%| F|  |TAMS 0x000000070d600000| PB 0x000000070d600000| Untracked 
|  64|0x000000070d800000, 0x000000070d800000, 0x000000070da00000|  0%| F|  |TAMS 0x000000070d800000| PB 0x000000070d800000| Untracked 
|  65|0x000000070da00000, 0x000000070da00000, 0x000000070dc00000|  0%| F|  |TAMS 0x000000070da00000| PB 0x000000070da00000| Untracked 
|  66|0x000000070dc00000, 0x000000070dc00000, 0x000000070de00000|  0%| F|  |TAMS 0x000000070dc00000| PB 0x000000070dc00000| Untracked 
|  67|0x000000070de00000, 0x000000070de00000, 0x000000070e000000|  0%| F|  |TAMS 0x000000070de00000| PB 0x000000070de00000| Untracked 
|  68|0x000000070e000000, 0x000000070e000000, 0x000000070e200000|  0%| F|  |TAMS 0x000000070e000000| PB 0x000000070e000000| Untracked 
|  69|0x000000070e200000, 0x000000070e200000, 0x000000070e400000|  0%| F|  |TAMS 0x000000070e200000| PB 0x000000070e200000| Untracked 
|  70|0x000000070e400000, 0x000000070e400000, 0x000000070e600000|  0%| F|  |TAMS 0x000000070e400000| PB 0x000000070e400000| Untracked 
|  71|0x000000070e600000, 0x000000070e600000, 0x000000070e800000|  0%| F|  |TAMS 0x000000070e600000| PB 0x000000070e600000| Untracked 
|  72|0x000000070e800000, 0x000000070e800000, 0x000000070ea00000|  0%| F|  |TAMS 0x000000070e800000| PB 0x000000070e800000| Untracked 
|  73|0x000000070ea00000, 0x000000070ea00000, 0x000000070ec00000|  0%| F|  |TAMS 0x000000070ea00000| PB 0x000000070ea00000| Untracked 
|  74|0x000000070ec00000, 0x000000070ec00000, 0x000000070ee00000|  0%| F|  |TAMS 0x000000070ec00000| PB 0x000000070ec00000| Untracked 
|  75|0x000000070ee00000, 0x000000070ee00000, 0x000000070f000000|  0%| F|  |TAMS 0x000000070ee00000| PB 0x000000070ee00000| Untracked 
|  76|0x000000070f000000, 0x000000070f000000, 0x000000070f200000|  0%| F|  |TAMS 0x000000070f000000| PB 0x000000070f000000| Untracked 
|  77|0x000000070f200000, 0x000000070f200000, 0x000000070f400000|  0%| F|  |TAMS 0x000000070f200000| PB 0x000000070f200000| Untracked 
|  78|0x000000070f400000, 0x000000070f400000, 0x000000070f600000|  0%| F|  |TAMS 0x000000070f400000| PB 0x000000070f400000| Untracked 
|  79|0x000000070f600000, 0x000000070f600000, 0x000000070f800000|  0%| F|  |TAMS 0x000000070f600000| PB 0x000000070f600000| Untracked 
|  80|0x000000070f800000, 0x000000070f800000, 0x000000070fa00000|  0%| F|  |TAMS 0x000000070f800000| PB 0x000000070f800000| Untracked 
|  81|0x000000070fa00000, 0x000000070fa00000, 0x000000070fc00000|  0%| F|  |TAMS 0x000000070fa00000| PB 0x000000070fa00000| Untracked 
|  82|0x000000070fc00000, 0x000000070fc00000, 0x000000070fe00000|  0%| F|  |TAMS 0x000000070fc00000| PB 0x000000070fc00000| Untracked 
|  83|0x000000070fe00000, 0x000000070fe00000, 0x0000000710000000|  0%| F|  |TAMS 0x000000070fe00000| PB 0x000000070fe00000| Untracked 
|  84|0x0000000710000000, 0x0000000710000000, 0x0000000710200000|  0%| F|  |TAMS 0x0000000710000000| PB 0x0000000710000000| Untracked 
|  85|0x0000000710200000, 0x0000000710200000, 0x0000000710400000|  0%| F|  |TAMS 0x0000000710200000| PB 0x0000000710200000| Untracked 
|  86|0x0000000710400000, 0x0000000710400000, 0x0000000710600000|  0%| F|  |TAMS 0x0000000710400000| PB 0x0000000710400000| Untracked 
|  87|0x0000000710600000, 0x0000000710600000, 0x0000000710800000|  0%| F|  |TAMS 0x0000000710600000| PB 0x0000000710600000| Untracked 
|  88|0x0000000710800000, 0x0000000710800000, 0x0000000710a00000|  0%| F|  |TAMS 0x0000000710800000| PB 0x0000000710800000| Untracked 
|  89|0x0000000710a00000, 0x0000000710a00000, 0x0000000710c00000|  0%| F|  |TAMS 0x0000000710a00000| PB 0x0000000710a00000| Untracked 
|  90|0x0000000710c00000, 0x0000000710c00000, 0x0000000710e00000|  0%| F|  |TAMS 0x0000000710c00000| PB 0x0000000710c00000| Untracked 
|  91|0x0000000710e00000, 0x0000000710e00000, 0x0000000711000000|  0%| F|  |TAMS 0x0000000710e00000| PB 0x0000000710e00000| Untracked 
|  92|0x0000000711000000, 0x0000000711000000, 0x0000000711200000|  0%| F|  |TAMS 0x0000000711000000| PB 0x0000000711000000| Untracked 
|  93|0x0000000711200000, 0x0000000711200000, 0x0000000711400000|  0%| F|  |TAMS 0x0000000711200000| PB 0x0000000711200000| Untracked 
|  94|0x0000000711400000, 0x0000000711400000, 0x0000000711600000|  0%| F|  |TAMS 0x0000000711400000| PB 0x0000000711400000| Untracked 
|  95|0x0000000711600000, 0x0000000711600000, 0x0000000711800000|  0%| F|  |TAMS 0x0000000711600000| PB 0x0000000711600000| Untracked 
|  96|0x0000000711800000, 0x0000000711800000, 0x0000000711a00000|  0%| F|  |TAMS 0x0000000711800000| PB 0x0000000711800000| Untracked 
|  97|0x0000000711a00000, 0x0000000711a00000, 0x0000000711c00000|  0%| F|  |TAMS 0x0000000711a00000| PB 0x0000000711a00000| Untracked 
|  98|0x0000000711c00000, 0x0000000711c00000, 0x0000000711e00000|  0%| F|  |TAMS 0x0000000711c00000| PB 0x0000000711c00000| Untracked 
|  99|0x0000000711e00000, 0x0000000711e00000, 0x0000000712000000|  0%| F|  |TAMS 0x0000000711e00000| PB 0x0000000711e00000| Untracked 
| 100|0x0000000712000000, 0x0000000712000000, 0x0000000712200000|  0%| F|  |TAMS 0x0000000712000000| PB 0x0000000712000000| Untracked 
| 101|0x0000000712200000, 0x0000000712200000, 0x0000000712400000|  0%| F|  |TAMS 0x0000000712200000| PB 0x0000000712200000| Untracked 
| 102|0x0000000712400000, 0x0000000712400000, 0x0000000712600000|  0%| F|  |TAMS 0x0000000712400000| PB 0x0000000712400000| Untracked 
| 103|0x0000000712600000, 0x0000000712600000, 0x0000000712800000|  0%| F|  |TAMS 0x0000000712600000| PB 0x0000000712600000| Untracked 
| 104|0x0000000712800000, 0x0000000712800000, 0x0000000712a00000|  0%| F|  |TAMS 0x0000000712800000| PB 0x0000000712800000| Untracked 
| 105|0x0000000712a00000, 0x0000000712a00000, 0x0000000712c00000|  0%| F|  |TAMS 0x0000000712a00000| PB 0x0000000712a00000| Untracked 
| 106|0x0000000712c00000, 0x0000000712c00000, 0x0000000712e00000|  0%| F|  |TAMS 0x0000000712c00000| PB 0x0000000712c00000| Untracked 
| 107|0x0000000712e00000, 0x0000000712e00000, 0x0000000713000000|  0%| F|  |TAMS 0x0000000712e00000| PB 0x0000000712e00000| Untracked 
| 108|0x0000000713000000, 0x0000000713000000, 0x0000000713200000|  0%| F|  |TAMS 0x0000000713000000| PB 0x0000000713000000| Untracked 
| 109|0x0000000713200000, 0x00000007132a0060, 0x0000000713400000| 31%| E|  |TAMS 0x0000000713200000| PB 0x0000000713200000| Complete 
| 110|0x0000000713400000, 0x0000000713600000, 0x0000000713600000|100%| E|CS|TAMS 0x0000000713400000| PB 0x0000000713400000| Complete 
| 111|0x0000000713600000, 0x0000000713800000, 0x0000000713800000|100%| E|CS|TAMS 0x0000000713600000| PB 0x0000000713600000| Complete 
| 112|0x0000000713800000, 0x0000000713a00000, 0x0000000713a00000|100%| E|CS|TAMS 0x0000000713800000| PB 0x0000000713800000| Complete 
| 113|0x0000000713a00000, 0x0000000713c00000, 0x0000000713c00000|100%| S|CS|TAMS 0x0000000713a00000| PB 0x0000000713a00000| Complete 
| 114|0x0000000713c00000, 0x0000000713e00000, 0x0000000713e00000|100%| S|CS|TAMS 0x0000000713c00000| PB 0x0000000713c00000| Complete 
| 115|0x0000000713e00000, 0x0000000714000000, 0x0000000714000000|100%| E|CS|TAMS 0x0000000713e00000| PB 0x0000000713e00000| Complete 
| 116|0x0000000714000000, 0x0000000714200000, 0x0000000714200000|100%| E|CS|TAMS 0x0000000714000000| PB 0x0000000714000000| Complete 
| 117|0x0000000714200000, 0x0000000714400000, 0x0000000714400000|100%| E|CS|TAMS 0x0000000714200000| PB 0x0000000714200000| Complete 
| 118|0x0000000714400000, 0x0000000714600000, 0x0000000714600000|100%| E|CS|TAMS 0x0000000714400000| PB 0x0000000714400000| Complete 
| 119|0x0000000714600000, 0x0000000714800000, 0x0000000714800000|100%| E|CS|TAMS 0x0000000714600000| PB 0x0000000714600000| Complete 
| 120|0x0000000714800000, 0x0000000714a00000, 0x0000000714a00000|100%| E|CS|TAMS 0x0000000714800000| PB 0x0000000714800000| Complete 
| 121|0x0000000714a00000, 0x0000000714c00000, 0x0000000714c00000|100%| E|CS|TAMS 0x0000000714a00000| PB 0x0000000714a00000| Complete 
| 122|0x0000000714c00000, 0x0000000714e00000, 0x0000000714e00000|100%| E|CS|TAMS 0x0000000714c00000| PB 0x0000000714c00000| Complete 
| 123|0x0000000714e00000, 0x0000000715000000, 0x0000000715000000|100%| E|CS|TAMS 0x0000000714e00000| PB 0x0000000714e00000| Complete 
| 124|0x0000000715000000, 0x0000000715200000, 0x0000000715200000|100%| E|CS|TAMS 0x0000000715000000| PB 0x0000000715000000| Complete 
| 125|0x0000000715200000, 0x0000000715400000, 0x0000000715400000|100%| E|CS|TAMS 0x0000000715200000| PB 0x0000000715200000| Complete 

Card table byte_map: [0x0000021fbeaf0000,0x0000021fbf2d0000] _byte_map_base: 0x0000021fbb2c4000

Marking Bits: (CMBitMap*) 0x0000021fb294d720
 Bits: [0x0000021fbf2d0000, 0x0000021fc3170000)

Polling page: 0x0000021fb0800000

Metaspace:

Usage:
  Non-class:     10.02 MB used.
      Class:      1.62 MB used.
       Both:     11.65 MB used.

Virtual space:
  Non-class space:       64.00 MB reserved,      10.19 MB ( 16%) committed,  1 nodes.
      Class space:        1.00 GB reserved,       1.81 MB ( <1%) committed,  1 nodes.
             Both:        1.06 GB reserved,      12.00 MB (  1%) committed. 

Chunk freelists:
   Non-Class:  4.61 MB
       Class:  14.16 MB
        Both:  18.77 MB

MaxMetaspaceSize: unlimited
CompressedClassSpaceSize: 1.00 GB
Initial GC threshold: 21.00 MB
Current GC threshold: 21.00 MB
CDS: on
 - commit_granule_bytes: 65536.
 - commit_granule_words: 8192.
 - virtual_space_node_default_size: 8388608.
 - enlarge_chunks_in_place: 1.
 - use_allocation_guard: 0.


Internal statistics:

num_allocs_failed_limit: 0.
num_arena_births: 430.
num_arena_deaths: 0.
num_vsnodes_births: 2.
num_vsnodes_deaths: 0.
num_space_committed: 192.
num_space_uncommitted: 0.
num_chunks_returned_to_freelist: 0.
num_chunks_taken_from_freelist: 934.
num_chunk_merges: 0.
num_chunk_splits: 565.
num_chunks_enlarged: 331.
num_inconsistent_stats: 0.

CodeCache: size=49152Kb used=6005Kb max_used=6005Kb free=43146Kb
 bounds [0x0000021fbafe0000, 0x0000021fbb5c0000, 0x0000021fbdfe0000]
 total_blobs=2544, nmethods=2049, adapters=416, full_count=0
Compilation: enabled, stopped_count=0, restarted_count=0

Compilation events (20 events):
Event: 0.811 Thread 0x000002200b020090 1998       1       sun.util.locale.LanguageTag::isScript (21 bytes)
Event: 0.811 Thread 0x000002200b0fb120 nmethod 2033 0x0000021fbb5b7790 code [0x0000021fbb5b7920, 0x0000021fbb5b79e8]
Event: 0.811 Thread 0x000002200b0f8840 2040       1       java.util.Locale::hasExtensions (13 bytes)
Event: 0.811 Thread 0x000002200b0f8840 nmethod 2040 0x0000021fbb5b7a90 code [0x0000021fbb5b7c20, 0x0000021fbb5b7d00]
Event: 0.812 Thread 0x000002200b020090 nmethod 1998 0x0000021fbb5b7d90 code [0x0000021fbb5b7f40, 0x0000021fbb5b81b0]
Event: 0.812 Thread 0x000002200b0f95e0 nmethod 1999 0x0000021fbb5b8410 code [0x0000021fbb5b85e0, 0x0000021fbb5b89e0]
Event: 0.814 Thread 0x000002200b0f95e0 2044       1       java.lang.invoke.MethodHandle::bindTo (19 bytes)
Event: 0.814 Thread 0x000002200b020090 2045       1       java.lang.invoke.MethodType::leadingReferenceParameter (30 bytes)
Event: 0.814 Thread 0x000002200b0f8840 2046       1       java.lang.invoke.MethodHandle::bindArgumentL (10 bytes)
Event: 0.814 Thread 0x000002200b0fb120 2047       1       java.lang.invoke.LambdaForm$DMH/0x0000021fc7119400::invokeStatic (31 bytes)
Event: 0.814 Thread 0x000002200b020090 nmethod 2045 0x0000021fbb5b8d90 code [0x0000021fbb5b8f40, 0x0000021fbb5b90f8]
Event: 0.814 Thread 0x000002200b0f95e0 nmethod 2044 0x0000021fbb5b9210 code [0x0000021fbb5b9400, 0x0000021fbb5b9710]
Event: 0.814 Thread 0x000002200b0fb120 nmethod 2047 0x0000021fbb5b9910 code [0x0000021fbb5b9ac0, 0x0000021fbb5b9bc8]
Event: 0.814 Thread 0x000002200b0f8840 nmethod 2046 0x0000021fbb5b9c90 code [0x0000021fbb5b9e60, 0x0000021fbb5ba0b0]
Event: 0.815 Thread 0x000002200b0f8840 2048       1       jdk.internal.misc.VM::isModuleSystemInited (13 bytes)
Event: 0.815 Thread 0x000002200b0f8840 nmethod 2048 0x0000021fbb5bc390 code [0x0000021fbb5bc520, 0x0000021fbb5bc5e8]
Event: 0.815 Thread 0x000002200b0fb120 2049       1       java.lang.invoke.SimpleMethodHandle::make (10 bytes)
Event: 0.815 Thread 0x000002200b0f8840 2050       1       java.lang.invoke.SimpleMethodHandle::<init> (7 bytes)
Event: 0.816 Thread 0x000002200b0fb120 nmethod 2049 0x0000021fbb5bc690 code [0x0000021fbb5bc840, 0x0000021fbb5bc978]
Event: 0.816 Thread 0x000002200b0f8840 nmethod 2050 0x0000021fbb5bca10 code [0x0000021fbb5bcbc0, 0x0000021fbb5bccb8]

GC Heap History (2 events):
Event: 0.419 GC heap before
{Heap before GC invocations=0 (full 0):
 garbage-first heap   total 258048K, used 22528K [0x0000000705800000, 0x0000000800000000)
  region size 2048K, 11 young (22528K), 0 survivors (0K)
 Metaspace       used 4802K, committed 4992K, reserved 1114112K
  class space    used 631K, committed 704K, reserved 1048576K
}
Event: 0.423 GC heap after
{Heap after GC invocations=1 (full 0):
 garbage-first heap   total 258048K, used 5481K [0x0000000705800000, 0x0000000800000000)
  region size 2048K, 2 young (4096K), 2 survivors (4096K)
 Metaspace       used 4802K, committed 4992K, reserved 1114112K
  class space    used 631K, committed 704K, reserved 1048576K
}

Dll operation events (10 events):
Event: 0.011 Loaded shared library C:\Users\araom\.jdks\ms-21.0.8\bin\java.dll
Event: 0.097 Loaded shared library C:\Users\araom\.jdks\ms-21.0.8\bin\zip.dll
Event: 0.102 Loaded shared library C:\Users\araom\.jdks\ms-21.0.8\bin\instrument.dll
Event: 0.106 Loaded shared library C:\Users\araom\.jdks\ms-21.0.8\bin\net.dll
Event: 0.107 Loaded shared library C:\Users\araom\.jdks\ms-21.0.8\bin\nio.dll
Event: 0.109 Loaded shared library C:\Users\araom\.jdks\ms-21.0.8\bin\zip.dll
Event: 0.165 Loaded shared library C:\Users\araom\.jdks\ms-21.0.8\bin\extnet.dll
Event: 0.177 Loaded shared library C:\Users\araom\.jdks\ms-21.0.8\bin\jimage.dll
Event: 0.397 Loaded shared library C:\Users\araom\.jdks\ms-21.0.8\bin\management.dll
Event: 0.399 Loaded shared library C:\Users\araom\.jdks\ms-21.0.8\bin\management_ext.dll

Deoptimization events (0 events):
No events

Classes loaded (20 events):
Event: 0.788 Loading class java/lang/reflect/MalformedParametersException
Event: 0.788 Loading class java/lang/reflect/MalformedParametersException done
Event: 0.792 Loading class java/beans/Transient
Event: 0.792 Loading class java/beans/Transient done
Event: 0.792 Loading class java/beans/ConstructorProperties
Event: 0.793 Loading class java/beans/ConstructorProperties done
Event: 0.794 Loading class java/util/concurrent/atomic/AtomicLongArray
Event: 0.794 Loading class java/util/concurrent/atomic/AtomicLongArray done
Event: 0.794 Loading class java/lang/invoke/VarHandleLongs$Array
Event: 0.795 Loading class java/lang/invoke/VarHandleLongs$Array done
Event: 0.795 Loading class java/util/concurrent/atomic/AtomicReferenceArray
Event: 0.795 Loading class java/util/concurrent/atomic/AtomicReferenceArray done
Event: 0.795 Loading class java/lang/invoke/VarHandleReferences$Array
Event: 0.795 Loading class java/lang/invoke/VarHandleReferences$Array done
Event: 0.812 Loading class sun/text/resources/cldr/FormatData_en
Event: 0.812 Loading class sun/text/resources/cldr/FormatData_en done
Event: 0.812 Loading class sun/text/resources/cldr/FormatData_en_US
Event: 0.812 Loading class sun/text/resources/cldr/FormatData_en_US done
Event: 0.818 Loading class java/time/ZonedDateTime$1
Event: 0.818 Loading class java/time/ZonedDateTime$1 done

Classes unloaded (0 events):
No events

Classes redefined (0 events):
No events

Internal exceptions (20 events):
Event: 0.627 Thread 0x000002200ba2ee60 Exception <a 'java/lang/NoSuchMethodError'{0x0000000714628c30}: 'int java.lang.invoke.DirectMethodHandle$Holder.invokeStaticInit(java.lang.Object, long, long)'> (0x0000000714628c30) 
thrown [s\src\hotspot\share\interpreter\linkResolver.cpp, line 773]
Event: 0.627 Thread 0x000002200ba2ee60 Exception <a 'java/lang/NoSuchMethodError'{0x000000071462f978}: 'int java.lang.invoke.DirectMethodHandle$Holder.invokeStaticInit(java.lang.Object, float, float)'> (0x000000071462f978) 
thrown [s\src\hotspot\share\interpreter\linkResolver.cpp, line 773]
Event: 0.628 Thread 0x000002200ba2ee60 Exception <a 'java/lang/NoSuchMethodError'{0x00000007146366b8}: 'int java.lang.invoke.DirectMethodHandle$Holder.invokeStaticInit(java.lang.Object, double, double)'> (0x00000007146366b8) 
thrown [s\src\hotspot\share\interpreter\linkResolver.cpp, line 773]
Event: 0.628 Thread 0x000002200ba2ee60 Exception <a 'java/lang/NoSuchMethodError'{0x000000071463aed0}: 'int java.lang.invoke.DirectMethodHandle$Holder.invokeStatic(java.lang.Object, long)'> (0x000000071463aed0) 
thrown [s\src\hotspot\share\interpreter\linkResolver.cpp, line 773]
Event: 0.631 Thread 0x000002200ba2ee60 Exception <a 'java/lang/NoSuchMethodError'{0x000000071465d330}: 'int java.lang.invoke.Invokers$Holder.linkToTargetMethod(java.lang.Object, java.lang.Object)'> (0x000000071465d330) 
thrown [s\src\hotspot\share\interpreter\linkResolver.cpp, line 773]
Event: 0.639 Thread 0x000002200ba2ee60 Exception <a 'java/lang/NoSuchMethodError'{0x00000007146d7980}: 'java.lang.Object java.lang.invoke.DirectMethodHandle$Holder.invokeSpecial(java.lang.Object, java.lang.Object, java.lang.Object, int, java.lang.Object)'> (0x00000007146d7980) 
thrown [s\src\hotspot\share\interpreter\linkResolver.cpp, line 773]
Event: 0.639 Thread 0x000002200ba2ee60 Exception <a 'java/lang/NoSuchMethodError'{0x00000007146df348}: 'java.lang.Object java.lang.invoke.DirectMethodHandle$Holder.newInvokeSpecial(java.lang.Object, java.lang.Object, java.lang.Object, int, java.lang.Object)'> (0x00000007146df348) 
thrown [s\src\hotspot\share\interpreter\linkResolver.cpp, line 773]
Event: 0.639 Thread 0x000002200ba2ee60 Exception <a 'java/lang/NoSuchMethodError'{0x00000007146e6910}: 'java.lang.Object java.lang.invoke.Invokers$Holder.linkToTargetMethod(java.lang.Object, java.lang.Object, int, java.lang.Object, java.lang.Object)'> (0x00000007146e6910) 
thrown [s\src\hotspot\share\interpreter\linkResolver.cpp, line 773]
Event: 0.640 Thread 0x000002200ba2ee60 Exception <a 'java/lang/NoSuchMethodError'{0x00000007146f54e8}: 'java.lang.Object java.lang.invoke.DirectMethodHandle$Holder.newInvokeSpecial(java.lang.Object, int, java.lang.Object)'> (0x00000007146f54e8) 
thrown [s\src\hotspot\share\interpreter\linkResolver.cpp, line 773]
Event: 0.641 Thread 0x000002200ba2ee60 Exception <a 'java/lang/NoSuchMethodError'{0x00000007146f9d28}: 'int java.lang.invoke.DirectMethodHandle$Holder.invokeSpecialIFC(java.lang.Object, java.lang.Object, java.lang.Object, java.lang.Object)'> (0x00000007146f9d28) 
thrown [s\src\hotspot\share\interpreter\linkResolver.cpp, line 773]
Event: 0.655 Thread 0x000002200ba2ee60 Exception <a 'java/lang/NoSuchMethodError'{0x000000071479c9f0}: 'void java.lang.invoke.DirectMethodHandle$Holder.invokeInterface(java.lang.Object, java.lang.Object, java.lang.Object)'> (0x000000071479c9f0) 
thrown [s\src\hotspot\share\interpreter\linkResolver.cpp, line 773]
Event: 0.667 Thread 0x000002200ba2ee60 Exception <a 'java/lang/NoSuchMethodError'{0x00000007144377b0}: 'java.lang.Object java.lang.invoke.DirectMethodHandle$Holder.invokeVirtual(java.lang.Object, java.lang.Object, java.lang.Object)'> (0x00000007144377b0) 
thrown [s\src\hotspot\share\interpreter\linkResolver.cpp, line 773]
Event: 0.678 Thread 0x000002200ba2ee60 Exception <a 'java/lang/NoSuchMethodError'{0x0000000714515468}: 'void java.lang.invoke.DirectMethodHandle$Holder.invokeStatic(java.lang.Object, java.lang.Object, int)'> (0x0000000714515468) 
thrown [s\src\hotspot\share\interpreter\linkResolver.cpp, line 773]
Event: 0.680 Thread 0x000002200ba2ee60 Exception <a 'java/lang/NoSuchMethodError'{0x0000000714524d08}: 'void java.lang.invoke.DirectMethodHandle$Holder.invokeStaticInit(java.lang.Object, java.lang.Object, java.lang.Object)'> (0x0000000714524d08) 
thrown [s\src\hotspot\share\interpreter\linkResolver.cpp, line 773]
Event: 0.687 Thread 0x000002200ba2ee60 Exception <a 'java/lang/NoSuchMethodError'{0x000000071457cbf0}: 'java.lang.Object java.lang.invoke.DirectMethodHandle$Holder.invokeStaticInit(java.lang.Object, int)'> (0x000000071457cbf0) 
thrown [s\src\hotspot\share\interpreter\linkResolver.cpp, line 773]
Event: 0.689 Thread 0x000002200ba2ee60 Exception <a 'java/lang/NoSuchMethodError'{0x0000000714586fc0}: 'java.lang.Object java.lang.invoke.DirectMethodHandle$Holder.invokeStaticInit(java.lang.Object, int, java.lang.Object)'> (0x0000000714586fc0) 
thrown [s\src\hotspot\share\interpreter\linkResolver.cpp, line 773]
Event: 0.701 Thread 0x000002200ba2ee60 Exception <a 'java/lang/NoSuchMethodError'{0x000000071421afc8}: 'void java.lang.invoke.DirectMethodHandle$Holder.invokeVirtual(java.lang.Object, java.lang.Object, java.lang.Object, java.lang.Object)'> (0x000000071421afc8) 
thrown [s\src\hotspot\share\interpreter\linkResolver.cpp, line 773]
Event: 0.749 Thread 0x000002200ba2ee60 Exception <a 'java/lang/NoSuchMethodError'{0x00000007140e6088}: 'java.lang.Object java.lang.invoke.Invokers$Holder.invoke_MT(java.lang.Object, java.lang.Object, java.lang.Object, java.lang.Object, java.lang.Object, java.lang.Object, java.lang.Object, java.lang.Object, java.lang.Object)'> (0x00000007140e6088) 
thrown [s\src\hotspot\share\interpreter\linkResolver.cpp, line 773]
Event: 0.752 Thread 0x000002200ba2ee60 Exception <a 'java/lang/NoSuchMethodError'{0x000000071414b488}: 'java.lang.reflect.Field[] java.lang.Class.getDeclaredFields(java.lang.Class)'> (0x000000071414b488) 
thrown [s\src\hotspot\share\interpreter\linkResolver.cpp, line 773]
Event: 0.759 Thread 0x000002200ba2ee60 Exception <a 'java/lang/IncompatibleClassChangeError'{0x0000000713e19f98}: Found class java.lang.Object, but interface was expected> (0x0000000713e19f98) 
thrown [s\src\hotspot\share\interpreter\linkResolver.cpp, line 840]

ZGC Phase Switch (0 events):
No events

VM Operations (20 events):
Event: 0.193 Executing VM operation: HandshakeAllThreads (Deoptimize)
Event: 0.193 Executing VM operation: HandshakeAllThreads (Deoptimize) done
Event: 0.218 Executing VM operation: HandshakeAllThreads (Deoptimize)
Event: 0.218 Executing VM operation: HandshakeAllThreads (Deoptimize) done
Event: 0.227 Executing VM operation: HandshakeAllThreads (Deoptimize)
Event: 0.227 Executing VM operation: HandshakeAllThreads (Deoptimize) done
Event: 0.234 Executing VM operation: HandshakeAllThreads (Deoptimize)
Event: 0.234 Executing VM operation: HandshakeAllThreads (Deoptimize) done
Event: 0.393 Executing VM operation: HandshakeAllThreads (Deoptimize)
Event: 0.393 Executing VM operation: HandshakeAllThreads (Deoptimize) done
Event: 0.419 Executing VM operation: G1CollectForAllocation (G1 Evacuation Pause)
Event: 0.423 Executing VM operation: G1CollectForAllocation (G1 Evacuation Pause) done
Event: 0.624 Executing VM operation: HandshakeAllThreads (Deoptimize)
Event: 0.624 Executing VM operation: HandshakeAllThreads (Deoptimize) done
Event: 0.684 Executing VM operation: ICBufferFull
Event: 0.684 Executing VM operation: ICBufferFull done
Event: 0.739 Executing VM operation: HandshakeAllThreads (Deoptimize)
Event: 0.739 Executing VM operation: HandshakeAllThreads (Deoptimize) done
Event: 0.741 Executing VM operation: HandshakeAllThreads (Deoptimize)
Event: 0.741 Executing VM operation: HandshakeAllThreads (Deoptimize) done

Memory protections (0 events):
No events

Nmethod flushes (0 events):
No events

Events (17 events):
Event: 0.021 Thread 0x0000021fb04cff40 Thread added: 0x0000021fb04cff40
Event: 0.034 Thread 0x0000021fb04cff40 Thread added: 0x0000021fc5de8540
Event: 0.034 Thread 0x0000021fb04cff40 Thread added: 0x0000021fc5dea1a0
Event: 0.034 Thread 0x0000021fb04cff40 Thread added: 0x0000021fc5df02f0
Event: 0.034 Thread 0x0000021fb04cff40 Thread added: 0x0000021fc5df0d40
Event: 0.034 Thread 0x0000021fb04cff40 Thread added: 0x0000021fc5df4480
Event: 0.035 Thread 0x0000021fb04cff40 Thread added: 0x0000021fc5df27a0
Event: 0.035 Thread 0x0000021fb04cff40 Thread added: 0x000002200b020090
Event: 0.086 Thread 0x0000021fb04cff40 Thread added: 0x000002200b0ef3c0
Event: 0.087 Thread 0x000002200b020090 Thread added: 0x000002200b0f95e0
Event: 0.156 Thread 0x0000021fb04cff40 Thread added: 0x000002200b566020
Event: 0.156 Thread 0x0000021fb04cff40 Thread added: 0x000002200b566850
Event: 0.282 Thread 0x000002200b020090 Thread added: 0x000002200b0fb120
Event: 0.282 Thread 0x000002200b020090 Thread added: 0x000002200b0f8840
Event: 0.427 Thread 0x0000021fb04cff40 Thread added: 0x000002200ba2dde0
Event: 0.432 Thread 0x000002200ba2dde0 Thread added: 0x000002200ba2ee60
Event: 0.747 Thread 0x000002200ba2ee60 Thread added: 0x000002200bbfc360


Dynamic libraries:
0x00007ff63e160000 - 0x00007ff63e16e000 	C:\Users\araom\.jdks\ms-21.0.8\bin\java.exe
0x00007ffd39c80000 - 0x00007ffd39ee9000 	C:\WINDOWS\SYSTEM32\ntdll.dll
0x00007ffd37c30000 - 0x00007ffd37cf9000 	C:\WINDOWS\System32\KERNEL32.DLL
0x00007ffd37260000 - 0x00007ffd37653000 	C:\WINDOWS\System32\KERNELBASE.dll
0x00007ffd37110000 - 0x00007ffd3725b000 	C:\WINDOWS\System32\ucrtbase.dll
0x00007ffd1aff0000 - 0x00007ffd1b008000 	C:\Users\araom\.jdks\ms-21.0.8\bin\jli.dll
0x00007ffd33cd0000 - 0x00007ffd33cee000 	C:\Users\araom\.jdks\ms-21.0.8\bin\VCRUNTIME140.dll
0x00007ffd392f0000 - 0x00007ffd394b4000 	C:\WINDOWS\System32\USER32.dll
0x00007ffd10290000 - 0x00007ffd10523000 	C:\WINDOWS\WinSxS\amd64_microsoft.windows.common-controls_6595b64144ccf1df_6.0.26100.5074_none_3e0d6f78e32fd63f\COMCTL32.dll
0x00007ffd36e10000 - 0x00007ffd36e37000 	C:\WINDOWS\System32\win32u.dll
0x00007ffd37de0000 - 0x00007ffd37e89000 	C:\WINDOWS\System32\msvcrt.dll
0x00007ffd38e00000 - 0x00007ffd38e2b000 	C:\WINDOWS\System32\GDI32.dll
0x00007ffd37860000 - 0x00007ffd3798d000 	C:\WINDOWS\System32\gdi32full.dll
0x00007ffd36e40000 - 0x00007ffd36ee3000 	C:\WINDOWS\System32\msvcp_win.dll
0x00007ffd39730000 - 0x00007ffd3975f000 	C:\WINDOWS\System32\IMM32.DLL
0x00007ffd1afe0000 - 0x00007ffd1afec000 	C:\Users\araom\.jdks\ms-21.0.8\bin\vcruntime140_1.dll
0x00007ffd1af50000 - 0x00007ffd1afd9000 	C:\Users\araom\.jdks\ms-21.0.8\bin\msvcp140.dll
0x00007ffca4760000 - 0x00007ffca550c000 	C:\Users\araom\.jdks\ms-21.0.8\bin\server\jvm.dll
0x00007ffd39500000 - 0x00007ffd395b4000 	C:\WINDOWS\System32\ADVAPI32.dll
0x00007ffd38d40000 - 0x00007ffd38de6000 	C:\WINDOWS\System32\sechost.dll
0x00007ffd39780000 - 0x00007ffd39898000 	C:\WINDOWS\System32\RPCRT4.dll
0x00007ffd39110000 - 0x00007ffd39184000 	C:\WINDOWS\System32\WS2_32.dll
0x00007ffd2ed40000 - 0x00007ffd2ed75000 	C:\WINDOWS\SYSTEM32\WINMM.dll
0x00007ffd36c60000 - 0x00007ffd36cbe000 	C:\WINDOWS\SYSTEM32\POWRPROF.dll
0x00007ffd26110000 - 0x00007ffd2611b000 	C:\WINDOWS\SYSTEM32\VERSION.dll
0x00007ffd36c30000 - 0x00007ffd36c44000 	C:\WINDOWS\SYSTEM32\UMPDC.dll
0x00007ffd35bb0000 - 0x00007ffd35bcb000 	C:\WINDOWS\SYSTEM32\kernel.appcore.dll
0x00007ffd1af40000 - 0x00007ffd1af4a000 	C:\Users\araom\.jdks\ms-21.0.8\bin\jimage.dll
0x00007ffd1d3e0000 - 0x00007ffd1d622000 	C:\WINDOWS\SYSTEM32\DBGHELP.DLL
0x00007ffd398c0000 - 0x00007ffd39c3b000 	C:\WINDOWS\System32\combase.dll
0x00007ffd37d00000 - 0x00007ffd37dd7000 	C:\WINDOWS\System32\OLEAUT32.dll
0x00007ffd0d990000 - 0x00007ffd0d9cd000 	C:\WINDOWS\SYSTEM32\dbgcore.DLL
0x00007ffd36ef0000 - 0x00007ffd36f89000 	C:\WINDOWS\System32\bcryptPrimitives.dll
0x00007ffd1aeb0000 - 0x00007ffd1aec0000 	C:\Users\araom\.jdks\ms-21.0.8\bin\instrument.dll
0x00007ffd1aec0000 - 0x00007ffd1aee1000 	C:\Users\araom\.jdks\ms-21.0.8\bin\java.dll
0x00007ffd37e90000 - 0x00007ffd385dd000 	C:\WINDOWS\System32\SHELL32.dll
0x00007ffd376f0000 - 0x00007ffd3785c000 	C:\WINDOWS\System32\wintypes.dll
0x00007ffd34a30000 - 0x00007ffd35289000 	C:\WINDOWS\SYSTEM32\windows.storage.dll
0x00007ffd37aa0000 - 0x00007ffd37b90000 	C:\WINDOWS\System32\SHCORE.dll
0x00007ffd387c0000 - 0x00007ffd38822000 	C:\WINDOWS\System32\shlwapi.dll
0x00007ffd36d30000 - 0x00007ffd36d59000 	C:\WINDOWS\SYSTEM32\profapi.dll
0x00007ffd00880000 - 0x00007ffd00898000 	C:\Users\araom\.jdks\ms-21.0.8\bin\zip.dll
0x00007ffd17ed0000 - 0x00007ffd17ee1000 	C:\Users\araom\.jdks\ms-21.0.8\bin\net.dll
0x00007ffd30400000 - 0x00007ffd3051f000 	C:\WINDOWS\SYSTEM32\WINHTTP.dll
0x00007ffd36110000 - 0x00007ffd3617b000 	C:\WINDOWS\system32\mswsock.dll
0x00007ffd127a0000 - 0x00007ffd127b6000 	C:\Users\araom\.jdks\ms-21.0.8\bin\nio.dll
0x00007ffd17ec0000 - 0x00007ffd17ec9000 	C:\Users\araom\.jdks\ms-21.0.8\bin\extnet.dll
0x00007ffd12730000 - 0x00007ffd1273a000 	C:\Users\araom\.jdks\ms-21.0.8\bin\management.dll
0x00007ffd00870000 - 0x00007ffd0087c000 	C:\Users\araom\.jdks\ms-21.0.8\bin\management_ext.dll
0x00007ffd395c0000 - 0x00007ffd395c8000 	C:\WINDOWS\System32\PSAPI.DLL

JVMTI agents:
C:\Users\araom\AppData\Local\Programs\IntelliJ IDEA Community Edition\lib\idea_rt.jar path:C:\Users\araom\.jdks\ms-21.0.8\bin\instrument.dll, loaded, initialized, instrumentlib options:60891

dbghelp: loaded successfully - version: 4.0.5 - missing functions: none
symbol engine: initialized successfully - sym options: 0x614 - pdb path: .;C:\Users\araom\.jdks\ms-21.0.8\bin;C:\WINDOWS\SYSTEM32;C:\WINDOWS\WinSxS\amd64_microsoft.windows.common-controls_6595b64144ccf1df_6.0.26100.5074_none_3e0d6f78e32fd63f;C:\Users\araom\.jdks\ms-21.0.8\bin\server

VM Arguments:
jvm_args: -XX:TieredStopAtLevel=1 -Dspring.output.ansi.enabled=always -javaagent:C:\Users\araom\AppData\Local\Programs\IntelliJ IDEA Community Edition\lib\idea_rt.jar=60891 -Dfile.encoding=UTF-8 -Dsun.stdout.encoding=UTF-8 -Dsun.stderr.encoding=UTF-8 
java_command: com.jobportal.Job.Poratl.JobPoratlApplication
java_class_path (initial): C:\Users\araom\OneDrive\Desktop\Job Poratl backend\Job-Poratl\target\classes;C:\Users\araom\.m2\repository\org\springframework\boot\spring-boot-starter-web\4.0.1\spring-boot-starter-web-4.0.1.jar;C:\Users\araom\.m2\repository\org\springframework\boot\spring-boot-starter-jackson\4.0.1\spring-boot-starter-jackson-4.0.1.jar;C:\Users\araom\.m2\repository\org\springframework\boot\spring-boot-jackson\4.0.1\spring-boot-jackson-4.0.1.jar;C:\Users\araom\.m2\repository\tools\jackson\core\jackson-databind\3.0.3\jackson-databind-3.0.3.jar;C:\Users\araom\.m2\repository\tools\jackson\core\jackson-core\3.0.3\jackson-core-3.0.3.jar;C:\Users\araom\.m2\repository\org\springframework\boot\spring-boot-starter-tomcat\4.0.1\spring-boot-starter-tomcat-4.0.1.jar;C:\Users\araom\.m2\repository\org\springframework\boot\spring-boot-starter-tomcat-runtime\4.0.1\spring-boot-starter-tomcat-runtime-4.0.1.jar;C:\Users\araom\.m2\repository\org\springframework\boot\spring-boot-web-server\4.0.1\spring-boot-web-server-4.0.1.jar;C:\Users\araom\.m2\repository\org\apache\tomcat\embed\tomcat-embed-core\11.0.15\tomcat-embed-core-11.0.15.jar;C:\Users\araom\.m2\repository\org\apache\tomcat\embed\tomcat-embed-websocket\11.0.15\tomcat-embed-websocket-11.0.15.jar;C:\Users\araom\.m2\repository\org\springframework\boot\spring-boot-tomcat\4.0.1\spring-boot-tomcat-4.0.1.jar;C:\Users\araom\.m2\repository\org\springframework\boot\spring-boot-http-converter\4.0.1\spring-boot-http-converter-4.0.1.jar;C:\Users\araom\.m2\repository\org\springframework\spring-web\7.0.2\spring-web-7.0.2.jar;C:\Users\araom\.m2\repository\io\micrometer\micrometer-observation\1.16.1\micrometer-observation-1.16.1.jar;C:\Users\araom\.m2\repository\io\micrometer\micrometer-commons\1.16.1\micrometer-commons-1.16.1.jar;C:\Users\araom\.m2\repository\org\springframework\boot\spring-boot-webmvc\4.0.1\spring-boot-webmvc-4.0.1.jar;C:\Users\araom\.m2\repository\org\springframework\boot\spring-boot-servlet\4.0.1\spring-boot-servlet-4.0.1.jar;C:\Users\araom\.m2\repository\org\springframework\spring-webmvc\7.0.2\spring-webmvc-7.0.2.jar;C:\Users\araom\.m2\repository\org\springframework\spring-expression\7.0.2\spring-expression-7.0.2.jar;C:\Users\araom\.m2\repository\org\springframework\boot\spring-boot-starter-data-mongodb\4.0.1\spring-boot-starter-data-mongodb-4.0.1.jar;C:\Users\araom\.m2\repository\org\springframework\boot\spring-boot-starter-mongodb\4.0.1\spring-boot-starter-mongodb-4.0.1.jar;C:\Users\araom\.m2\repository\org\springframework\boot\spring-boot-mongodb\4.0.1\spring-boot-mongodb-4.0.1.jar;C:\Users\araom\.m2\repository\org\mongodb\mongodb-driver-sync\5.6.2\mongodb-driver-sync-5.6.2.jar;C:\Users\araom\.m2\repository\org\mongodb\bson\5.6.2\bson-5.6.2.jar;C:\Users\araom\.m2\repository\org\mongodb\mongodb-driver-core\5.6.2\mongodb-driver-core-5.6.2.jar;C:\Users\araom\.m2\repository\org\mongodb\bson-record-codec\5.6.2\bson-record-codec-5.6.2.jar;C:\Users\araom\.m2\repository\org\springframework\boot\spring-boot-data-mongodb\4.0.1\spring-boot-data-mongodb-4.0.1.jar;C:\Users\araom\.m2\repository\org\springframework\boot\spring-boot-data-commons\4.0.1\spring-boot-data-commons-4.0.1.jar;C:\Users\araom\.m2\repository\org\springframework\boot\spring-boot-persistence\4.0.1\spring-boot-persistence-4.0.1.jar;C:\Users\araom\.m2\repository\org\springframework\data\spring-data-commons\4.0.1\spring-data-commons-4.0.1.jar;C:\Users\araom\.m2\repository\org\springframework\boot\spring-boot-transaction\4.0.1\spring-boot-transaction-4.0.1.jar;C:\Users\araom\.m2\repository\org\springframework\spring-tx\7.0.2\spring-tx-7.0.2.jar;C:\Users\araom\.m2\repository\org\springframework\data\spring-data-mongodb\5.0.1\spring-data-mongodb-5.0.1.jar;C:\Users\araom\.m2\repository\org\projectlombok\lombok\1.18.42\lombok-1.18.42.jar;C:\Users\araom\.m2\repository\org\springframework\boot\spring-boot-devtools\4.0.1\spring-boot-devtools-4.0.1.jar;C:\Users\araom\.m2\repository\org\springframework\boot\spring-boot\4.0.1\spring-boot-4.0.1.jar;C:\Users\araom\.m2\repository\org\springframework\spring-context\7.0.2\spring-context-7.0.2.jar;C:\Users\araom\.m2\repository\org\springframework\boot\spring-boot-autoconfigure\4.0.1\spring-boot-autoconfigure-4.0.1.jar;C:\Users\araom\.m2\repository\org\springframework\boot\spring-boot-starter-validation\4.0.1\spring-boot-starter-validation-4.0.1.jar;C:\Users\araom\.m2\repository\org\springframework\boot\spring-boot-starter\4.0.1\spring-boot-starter-4.0.1.jar;C:\Users\araom\.m2\repository\org\springframework\boot\spring-boot-starter-logging\4.0.1\spring-boot-starter-logging-4.0.1.jar;C:\Users\araom\.m2\repository\ch\qos\logback\logback-classic\1.5.22\logback-classic-1.5.22.jar;C:\Users\araom\.m2\repository\ch\qos\logback\logback-core\1.5.22\logback-core-1.5.22.jar;C:\Users\araom\.m2\repository\org\apache\logging\log4j\log4j-to-slf4j\2.25.3\log4j-to-slf4j-2.25.3.jar;C:\Users\araom\.m2\repository\org\apache\logging\log4j\log4j-api\2.25.3\log4j-api-2.25.3.jar;C:\Users\araom\.m2\repository\org\slf4j\jul-to-slf4j\2.0.17\jul-to-slf4j-2.0.17.jar;C:\Users\araom\.m2\repository\jakarta\annotation\jakarta.annotation-api\3.0.0\jakarta.annotation-api-3.0.0.jar;C:\Users\araom\.m2\repository\org\yaml\snakeyaml\2.5\snakeyaml-2.5.jar;C:\Users\araom\.m2\repository\org\springframework\boot\spring-boot-validation\4.0.1\spring-boot-validation-4.0.1.jar;C:\Users\araom\.m2\repository\org\apache\tomcat\embed\tomcat-embed-el\11.0.15\tomcat-embed-el-11.0.15.jar;C:\Users\araom\.m2\repository\org\hibernate\validator\hibernate-validator\9.0.1.Final\hibernate-validator-9.0.1.Final.jar;C:\Users\araom\.m2\repository\jakarta\validation\jakarta.validation-api\3.1.1\jakarta.validation-api-3.1.1.jar;C:\Users\araom\.m2\repository\org\jboss\logging\jboss-logging\3.6.1.Final\jboss-logging-3.6.1.Final.jar;C:\Users\araom\.m2\repository\com\fasterxml\classmate\1.7.1\classmate-1.7.1.jar;C:\Users\araom\.m2\repository\org\slf4j\slf4j-api\2.0.17\slf4j-api-2.0.17.jar;C:\Users\araom\.m2\repository\jakarta\activation\jakarta.activation-api\2.1.4\jakarta.activation-api-2.1.4.jar;C:\Users\araom\.m2\repository\org\springframework\spring-core\7.0.2\spring-core-7.0.2.jar;C:\Users\araom\.m2\repository\commons-logging\commons-logging\1.3.5\commons-logging-1.3.5.jar;C:\Users\araom\.m2\repository\org\jspecify\jspecify\1.0.0\jspecify-1.0.0.jar;C:\Users\araom\.m2\repository\org\springframework\boot\spring-boot-starter-security\4.0.1\spring-boot-starter-security-4.0.1.jar;C:\Users\araom\.m2\repository\org\springframework\boot\spring-boot-security\4.0.1\spring-boot-security-4.0.1.jar;C:\Users\araom\.m2\repository\org\springframework\security\spring-security-config\7.0.2\spring-security-config-7.0.2.jar;C:\Users\araom\.m2\repository\org\springframework\security\spring-security-core\7.0.2\spring-security-core-7.0.2.jar;C:\Users\araom\.m2\repository\org\springframework\security\spring-security-crypto\7.0.2\spring-security-crypto-7.0.2.jar;C:\Users\araom\.m2\repository\org\springframework\security\spring-security-web\7.0.2\spring-security-web-7.0.2.jar;C:\Users\araom\.m2\repository\org\springframework\spring-aop\7.0.2\spring-aop-7.0.2.jar;C:\Users\araom\.m2\repository\org\springframework\spring-beans\7.0.2\spring-beans-7.0.2.jar;C:\Users\araom\.m2\repository\org\springframework\boot\spring-boot-starter-mail\4.0.1\spring-boot-starter-mail-4.0.1.jar;C:\Users\araom\.m2\repository\org\springframework\boot\spring-boot-mail\4.0.1\spring-boot-mail-4.0.1.jar;C:\Users\araom\.m2\repository\org\springframework\spring-context-support\7.0.2\spring-context-support-7.0.2.jar;C:\Users\araom\.m2\repository\jakarta\mail\jakarta.mail-api\2.1.5\jakarta.mail-api-2.1.5.jar;C:\Users\araom\.m2\repository\org\eclipse\angus\angus-mail\2.0.5\angus-mail-2.0.5.jar;C:\Users\araom\.m2\repository\org\eclipse\angus\angus-activation\2.0.3\angus-activation-2.0.3.jar;C:\Users\araom\.m2\repository\com\fasterxml\jackson\core\jackson-databind\2.20.1\jackson-databind-2.20.1.jar;C:\Users\araom\.m2\repository\com\fasterxml\jackson\core\jackson-annotations\2.20\jackson-annotations-2.20.jar;C:\Users\araom\.m2\repository\com\fasterxml\jackson\core\jackson-core\2.20.1\jackson-core-2.20.1.jar;C:\Users\araom\.m2\repository\io\jsonwebtoken\jjwt-api\0.11.5\jjwt-api-0.11.5.jar;C:\Users\araom\.m2\repository\io\jsonwebtoken\jjwt-impl\0.11.5\jjwt-impl-0.11.5.jar;C:\Users\araom\.m2\repository\io\jsonwebtoken\jjwt-jackson\0.11.5\jjwt-jackson-0.11.5.jar
Launcher Type: SUN_STANDARD

[Global flags]
     intx CICompilerCount                          = 4                                         {product} {ergonomic}
     uint ConcGCThreads                            = 3                                         {product} {ergonomic}
     uint G1ConcRefinementThreads                  = 10                                        {product} {ergonomic}
   size_t G1HeapRegionSize                         = 2097152                                   {product} {ergonomic}
    uintx GCDrainStackTargetSize                   = 64                                        {product} {ergonomic}
   size_t InitialHeapSize                          = 264241152                                 {product} {ergonomic}
   size_t MarkStackSize                            = 4194304                                   {product} {ergonomic}
   size_t MaxHeapSize                              = 4202692608                                {product} {ergonomic}
   size_t MaxNewSize                               = 2520776704                                {product} {ergonomic}
   size_t MinHeapDeltaBytes                        = 2097152                                   {product} {ergonomic}
   size_t MinHeapSize                              = 8388608                                   {product} {ergonomic}
    uintx NonNMethodCodeHeapSize                   = 4096                                   {pd product} {ergonomic}
    uintx NonProfiledCodeHeapSize                  = 0                                      {pd product} {ergonomic}
     bool ProfileInterpreter                       = false                                  {pd product} {command line}
    uintx ProfiledCodeHeapSize                     = 0                                      {pd product} {ergonomic}
   size_t SoftMaxHeapSize                          = 4202692608                             {manageable} {ergonomic}
     intx TieredStopAtLevel                        = 1                                         {product} {command line}
     bool UseCompressedOops                        = true                           {product lp64_product} {ergonomic}
     bool UseG1GC                                  = true                                      {product} {ergonomic}
     bool UseLargePagesIndividualAllocation        = false                                  {pd product} {ergonomic}

Logging:
Log output configuration:
 #0: stdout all=warning uptime,level,tags foldmultilines=false
 #1: stderr all=off uptime,level,tags foldmultilines=false

Environment Variables:
JAVA_HOME=C:\Program Files\Eclipse Adoptium\jdk-21.0.6.7-hotspot\bin
PATH=C:\Program Files\Eclipse Adoptium\jdk-21.0.6.7-hotspot\bin;C:\Python313\Scripts\;C:\Python313\;C:\Python312\Scripts\;C:\Python312\;C:\WINDOWS\system32;C:\WINDOWS;C:\WINDOWS\System32\Wbem;C:\WINDOWS\System32\WindowsPowerShell\v1.0\;C:\WINDOWS\System32\OpenSSH\;C:\Program Files\Git\cmd;C:\Program Files (x86)\dotnet\;C:\MAMP\bin\mysql\bin;C:\Program Files\nodejs\;C:\ProgramData\chocolatey\bin;;C:\Program Files\Docker\Docker\resources\bin;C:\Users\araom\AppData\Local\Programs\Eclipse Adoptium\jdk-21.0.6.7-hotspot\bin;C:\Users\araom\AppData\Local\Microsoft\WindowsApps;C:\Users\araom\AppData\Local\Programs\Microsoft VS Code\bin;C:\Users\araom\AppData\Roaming\npm;C:\Users\araom\AppData\Local\JetBrains\Toolbox\scripts;C:\Users\araom\AppData\Local\Programs\mongosh\
USERNAME=araom
OS=Windows_NT
PROCESSOR_IDENTIFIER=Intel64 Family 6 Model 186 Stepping 3, GenuineIntel
TMP=C:\Users\araom\AppData\Local\Temp
TEMP=C:\Users\araom\AppData\Local\Temp




Periodic native trim disabled

---------------  S Y S T E M  ---------------

OS:
 Windows 11 , 64 bit Build 26100 (10.0.26100.5074)
OS uptime: 0 days 10:26 hours
Hyper-V role detected

CPU: total 12 (initial active 12) (6 cores per cpu, 2 threads per core) family 6 model 186 stepping 3 microcode 0x4129, cx8, cmov, fxsr, ht, mmx, 3dnowpref, sse, sse2, sse3, ssse3, sse4.1, sse4.2, popcnt, lzcnt, tsc, tscinvbit, avx, avx2, aes, erms, clmul, bmi1, bmi2, adx, sha, fma, vzeroupper, clflush, clflushopt, clwb, hv, serialize, rdtscp, rdpid, fsrm, f16c, cet_ibt, cet_ss
Processor Information for the first 12 processors :
  Max Mhz: 1300, Current Mhz: 1300, Mhz Limit: 1300

Memory: 4k page, system-wide physical 16024M (2296M free)
TotalPageFile size 21908M (AvailPageFile size 208M)
current process WorkingSet (physical memory assigned to process): 96M, peak: 96M
current process commit charge ("private bytes"): 363M, peak: 363M

vm_info: OpenJDK 64-Bit Server VM (21.0.8+9-LTS) for windows-amd64 JRE (21.0.8+9-LTS), built on 2025-07-10T20:22:44Z by "MicrosoftCorporation" with unknown MS VC++:1944

END.
