#
# There is insufficient memory for the Java Runtime Environment to continue.
# Native memory allocation (mmap) failed to map 2097152 bytes. Error detail: G1 virtual space
# Possible reasons:
#   The system is out of physical RAM or swap space
#   This process is running with CompressedOops enabled, and the Java Heap may be blocking the growth of the native heap
# Possible solutions:
#   Reduce memory load on the system
#   Increase physical memory or swap space
#   Check if swap backing store is full
#   Decrease Java heap size (-Xmx/-Xms)
#   Decrease number of Java threads
#   Decrease Java thread stack sizes (-Xss)
#   Set larger code cache with -XX:ReservedCodeCacheSize=
#   JVM is running with Zero Based Compressed Oops mode in which the Java heap is
#     placed in the first 32GB address space. The Java Heap base address is the
#     maximum limit for the native heap growth. Please use -XX:HeapBaseMinAddress
#     to set the Java Heap base and to place the Java Heap above 32GB virtual address.
# This output file may be truncated or incomplete.
#
#  Out of Memory Error (os_windows.cpp:3736), pid=28644, tid=3112
#
# JRE version: OpenJDK Runtime Environment Microsoft-11933218 (21.0.8+9) (build 21.0.8+9-LTS)
# Java VM: OpenJDK 64-Bit Server VM Microsoft-11933218 (21.0.8+9-LTS, mixed mode, emulated-client, sharing, tiered, compressed oops, compressed class ptrs, g1 gc, windows-amd64)
# No core dump will be written. Minidumps are not enabled by default on client versions of Windows
#

---------------  S U M M A R Y ------------

Command Line: -XX:TieredStopAtLevel=1 -Dspring.output.ansi.enabled=always -javaagent:C:\Users\araom\AppData\Local\Programs\IntelliJ IDEA Community Edition\lib\idea_rt.jar=56001 -Dfile.encoding=UTF-8 -Dsun.stdout.encoding=UTF-8 -Dsun.stderr.encoding=UTF-8 com.jobportal.Job.Poratl.JobPoratlApplication

Host: 13th Gen Intel(R) Core(TM) i5-1335U, 12 cores, 15G,  Windows 11 , 64 bit Build 26100 (10.0.26100.5074)
Time: Mon Feb 16 12:49:51 2026 elapsed time: 22.358780 seconds (0d 0h 0m 22s)

---------------  T H R E A D  ---------------

Current thread (0x000001f5ed9e1de0):  WorkerThread "GC Thread#1"    [id=3112, stack(0x00000054f7600000,0x00000054f7700000) (1024K)]

Stack: [0x00000054f7600000,0x00000054f7700000]
Native frames: (J=compiled Java code, j=interpreted, Vv=VM code, C=native code)
V  [jvm.dll+0x6e1729]
V  [jvm.dll+0x8bf47b]
V  [jvm.dll+0x8c19aa]
V  [jvm.dll+0x8c2083]
V  [jvm.dll+0x289fd6]
V  [jvm.dll+0x6de085]
V  [jvm.dll+0x6d218a]
V  [jvm.dll+0x366f6e]
V  [jvm.dll+0x36ee1b]
V  [jvm.dll+0x3c03c0]
V  [jvm.dll+0x3c0a41]
V  [jvm.dll+0x3c0aff]
V  [jvm.dll+0x33beac]
V  [jvm.dll+0x33bc05]
V  [jvm.dll+0x32a7c6]
V  [jvm.dll+0x32b5da]
V  [jvm.dll+0x32b9e2]
V  [jvm.dll+0x32b43d]
V  [jvm.dll+0x368d96]
V  [jvm.dll+0x3690f0]
V  [jvm.dll+0x36a2cf]
V  [jvm.dll+0x36697e]
V  [jvm.dll+0x37383e]
V  [jvm.dll+0x375622]
V  [jvm.dll+0x373baa]
V  [jvm.dll+0x375253]
V  [jvm.dll+0x37fb73]
V  [jvm.dll+0x37fcbe]
V  [jvm.dll+0x8ed2f1]
V  [jvm.dll+0x86975d]
V  [jvm.dll+0x6dff2d]
C  [ucrtbase.dll+0x37b0]
C  [KERNEL32.DLL+0x2e8d7]
C  [ntdll.dll+0x8d9c]


---------------  P R O C E S S  ---------------

Threads class SMR info:
_java_thread_list=0x000001f5edc252f0, length=35, elements={
0x000001f5a7e18e70, 0x000001f5a7e1aad0, 0x000001f5a7e21570, 0x000001f5a7e22370,
0x000001f5a7e23ae0, 0x000001f5a7e2d390, 0x000001f5a7e2eb00, 0x000001f5a7deadd0,
0x000001f5ed3fcf30, 0x000001f5ed3fd7a0, 0x000001f5ee957480, 0x000001f5eeff3340,
0x000001f5eef998d0, 0x000001f5ee9fe9a0, 0x000001f5ef2e6610, 0x000001f5ef2e5f80,
0x000001f5ef2e8d70, 0x000001f5ef2e8050, 0x000001f5ef2e86e0, 0x000001f5ef2e6ca0,
0x000001f5ef2e7330, 0x000001f5ef2e79c0, 0x000001f5ef2e9400, 0x000001f5ef5d5c20,
0x000001f5ef5d4f00, 0x000001f5ef5d5590, 0x000001f5ef5d41e0, 0x000001f5ef5d2e30,
0x000001f5ef5d62b0, 0x000001f5ef5d4870, 0x000001f5ef5d6940, 0x000001f5ef5d34c0,
0x000001f5ed0ec970, 0x000001f5ef20fdc0, 0x000001f5ef7b9680
}

Java Threads: ( => current thread )
  0x000001f5a7e18e70 JavaThread "Reference Handler"          daemon [_thread_blocked, id=25936, stack(0x00000054f6900000,0x00000054f6a00000) (1024K)]
  0x000001f5a7e1aad0 JavaThread "Finalizer"                  daemon [_thread_blocked, id=17316, stack(0x00000054f6a00000,0x00000054f6b00000) (1024K)]
  0x000001f5a7e21570 JavaThread "Signal Dispatcher"          daemon [_thread_blocked, id=27656, stack(0x00000054f6b00000,0x00000054f6c00000) (1024K)]
  0x000001f5a7e22370 JavaThread "Attach Listener"            daemon [_thread_blocked, id=29324, stack(0x00000054f6c00000,0x00000054f6d00000) (1024K)]
  0x000001f5a7e23ae0 JavaThread "Service Thread"             daemon [_thread_blocked, id=23476, stack(0x00000054f6d00000,0x00000054f6e00000) (1024K)]
  0x000001f5a7e2d390 JavaThread "Monitor Deflation Thread"   daemon [_thread_blocked, id=22068, stack(0x00000054f6e00000,0x00000054f6f00000) (1024K)]
  0x000001f5a7e2eb00 JavaThread "C1 CompilerThread0"         daemon [_thread_blocked, id=27628, stack(0x00000054f6f00000,0x00000054f7000000) (1024K)]
  0x000001f5a7deadd0 JavaThread "Common-Cleaner"             daemon [_thread_blocked, id=17740, stack(0x00000054f7000000,0x00000054f7100000) (1024K)]
  0x000001f5ed3fcf30 JavaThread "Monitor Ctrl-Break"         daemon [_thread_in_native, id=28020, stack(0x00000054f7300000,0x00000054f7400000) (1024K)]
  0x000001f5ed3fd7a0 JavaThread "Notification Thread"        daemon [_thread_blocked, id=20468, stack(0x00000054f7400000,0x00000054f7500000) (1024K)]
  0x000001f5ee957480 JavaThread "BufferPoolPruner-1-thread-1" daemon [_thread_blocked, id=1884, stack(0x00000054f8300000,0x00000054f8400000) (1024K)]
  0x000001f5eeff3340 JavaThread "cluster-ClusterId{value='699293cb322b3d16130909d7', description='null'}-localhost:27017" daemon [_thread_in_native, id=2140, stack(0x00000054f8400000,0x00000054f8500000) (1024K)]
  0x000001f5eef998d0 JavaThread "cluster-rtt-ClusterId{value='699293cb322b3d16130909d7', description='null'}-localhost:27017" daemon [_thread_blocked, id=11080, stack(0x00000054f8600000,0x00000054f8700000) (1024K)]
  0x000001f5ee9fe9a0 JavaThread "MaintenanceTimer-2-thread-1" daemon [_thread_blocked, id=25712, stack(0x00000054f8700000,0x00000054f8800000) (1024K)]
  0x000001f5ef2e6610 JavaThread "Catalina-utility-1"                [_thread_blocked, id=10128, stack(0x00000054f8800000,0x00000054f8900000) (1024K)]
  0x000001f5ef2e5f80 JavaThread "Catalina-utility-2"                [_thread_blocked, id=25172, stack(0x00000054f8900000,0x00000054f8a00000) (1024K)]
  0x000001f5ef2e8d70 JavaThread "container-0"                       [_thread_blocked, id=26916, stack(0x00000054f8a00000,0x00000054f8b00000) (1024K)]
  0x000001f5ef2e8050 JavaThread "File Watcher"               daemon [_thread_blocked, id=22080, stack(0x00000054f8b00000,0x00000054f8c00000) (1024K)]
  0x000001f5ef2e86e0 JavaThread "http-nio-8080-exec-1"       daemon [_thread_blocked, id=25360, stack(0x00000054f8c00000,0x00000054f8d00000) (1024K)]
  0x000001f5ef2e6ca0 JavaThread "http-nio-8080-exec-2"       daemon [_thread_blocked, id=13328, stack(0x00000054f8d00000,0x00000054f8e00000) (1024K)]
  0x000001f5ef2e7330 JavaThread "http-nio-8080-exec-3"       daemon [_thread_blocked, id=10980, stack(0x00000054f8e00000,0x00000054f8f00000) (1024K)]
  0x000001f5ef2e79c0 JavaThread "http-nio-8080-exec-4"       daemon [_thread_blocked, id=29232, stack(0x00000054f8f00000,0x00000054f9000000) (1024K)]
  0x000001f5ef2e9400 JavaThread "http-nio-8080-exec-5"       daemon [_thread_blocked, id=25644, stack(0x00000054f9000000,0x00000054f9100000) (1024K)]
  0x000001f5ef5d5c20 JavaThread "http-nio-8080-exec-6"       daemon [_thread_blocked, id=26260, stack(0x00000054f9100000,0x00000054f9200000) (1024K)]
  0x000001f5ef5d4f00 JavaThread "http-nio-8080-exec-7"       daemon [_thread_blocked, id=15540, stack(0x00000054f9200000,0x00000054f9300000) (1024K)]
  0x000001f5ef5d5590 JavaThread "http-nio-8080-exec-8"       daemon [_thread_blocked, id=25808, stack(0x00000054f9300000,0x00000054f9400000) (1024K)]
  0x000001f5ef5d41e0 JavaThread "http-nio-8080-exec-9"       daemon [_thread_blocked, id=18536, stack(0x00000054f9400000,0x00000054f9500000) (1024K)]
  0x000001f5ef5d2e30 JavaThread "http-nio-8080-exec-10"      daemon [_thread_blocked, id=27604, stack(0x00000054f9500000,0x00000054f9600000) (1024K)]
  0x000001f5ef5d62b0 JavaThread "http-nio-8080-Poller"       daemon [_thread_in_native, id=5192, stack(0x00000054f9600000,0x00000054f9700000) (1024K)]
  0x000001f5ef5d4870 JavaThread "http-nio-8080-Acceptor"     daemon [_thread_in_native, id=21804, stack(0x00000054f9700000,0x00000054f9800000) (1024K)]
  0x000001f5ef5d6940 JavaThread "scheduling-1"                      [_thread_blocked, id=28192, stack(0x00000054f9800000,0x00000054f9900000) (1024K)]
  0x000001f5ef5d34c0 JavaThread "DestroyJavaVM"                     [_thread_blocked, id=22332, stack(0x00000054f6100000,0x00000054f6200000) (1024K)]
  0x000001f5ed0ec970 JavaThread "C1 CompilerThread1"         daemon [_thread_blocked, id=22748, stack(0x00000054f7100000,0x00000054f7200000) (1024K)]
  0x000001f5ef20fdc0 JavaThread "C1 CompilerThread2"         daemon [_thread_blocked, id=6092, stack(0x00000054f7200000,0x00000054f7300000) (1024K)]
  0x000001f5ef7b9680 JavaThread "C1 CompilerThread3"         daemon [_thread_blocked, id=10196, stack(0x00000054f7500000,0x00000054f7600000) (1024K)]
Total: 35

Other Threads:
  0x000001f5a7dfbd80 VMThread "VM Thread"                           [id=28012, stack(0x00000054f6800000,0x00000054f6900000) (1024K)]
  0x000001f5a7de9de0 WatcherThread "VM Periodic Task Thread"        [id=13748, stack(0x00000054f6700000,0x00000054f6800000) (1024K)]
  0x000001f5948fe410 WorkerThread "GC Thread#0"                     [id=26880, stack(0x00000054f6200000,0x00000054f6300000) (1024K)]
=>0x000001f5ed9e1de0 WorkerThread "GC Thread#1"                     [id=3112, stack(0x00000054f7600000,0x00000054f7700000) (1024K)]
  0x000001f5ed9e2180 WorkerThread "GC Thread#2"                     [id=7444, stack(0x00000054f7700000,0x00000054f7800000) (1024K)]
  0x000001f5ed9e2920 WorkerThread "GC Thread#3"                     [id=3516, stack(0x00000054f7800000,0x00000054f7900000) (1024K)]
  0x000001f5ed9dab30 WorkerThread "GC Thread#4"                     [id=22152, stack(0x00000054f7900000,0x00000054f7a00000) (1024K)]
  0x000001f5ed9daed0 WorkerThread "GC Thread#5"                     [id=18624, stack(0x00000054f7a00000,0x00000054f7b00000) (1024K)]
  0x000001f5edd702f0 WorkerThread "GC Thread#6"                     [id=25752, stack(0x00000054f7e00000,0x00000054f7f00000) (1024K)]
  0x000001f5edd70690 WorkerThread "GC Thread#7"                     [id=27552, stack(0x00000054f7f00000,0x00000054f8000000) (1024K)]
  0x000001f5ede2ab60 WorkerThread "GC Thread#8"                     [id=24992, stack(0x00000054f8000000,0x00000054f8100000) (1024K)]
  0x000001f5ede295a0 WorkerThread "GC Thread#9"                     [id=26856, stack(0x00000054f8100000,0x00000054f8200000) (1024K)]
  0x000001f594910d00 ConcurrentGCThread "G1 Main Marker"            [id=1748, stack(0x00000054f6300000,0x00000054f6400000) (1024K)]
  0x000001f594911fa0 WorkerThread "G1 Conc#0"                       [id=15980, stack(0x00000054f6400000,0x00000054f6500000) (1024K)]
  0x000001f5ede29ce0 WorkerThread "G1 Conc#1"                       [id=14020, stack(0x00000054f7d00000,0x00000054f7e00000) (1024K)]
  0x000001f5ede2a080 WorkerThread "G1 Conc#2"                       [id=25736, stack(0x00000054f8200000,0x00000054f8300000) (1024K)]
  0x000001f5a7cb9670 ConcurrentGCThread "G1 Refine#0"               [id=4060, stack(0x00000054f6500000,0x00000054f6600000) (1024K)]
  0x000001f5a7cbafa0 ConcurrentGCThread "G1 Service"                [id=11104, stack(0x00000054f6600000,0x00000054f6700000) (1024K)]
Total: 18

Threads with active compile tasks:
Total: 0

VM state: at safepoint (normal execution)

VM Mutex/Monitor currently owned by a thread:  ([mutex/lock_event])
[0x00007ffca54282c8] FreeList_lock - owner thread: 0x000001f5ed9e1de0
[0x00007ffca542a7c8] Threads_lock - owner thread: 0x000001f5a7dfbd80
[0x00007ffca542a8c8] Heap_lock - owner thread: 0x000001f5ef2e79c0

Heap address: 0x0000000705800000, size: 4008 MB, Compressed Oops mode: Zero based, Oop shift amount: 3

CDS archive(s) mapped at: [0x000001f5a8000000-0x000001f5a8c80000-0x000001f5a8c80000), size 13107200, SharedBaseAddress: 0x000001f5a8000000, ArchiveRelocationMode: 1.
Compressed class space mapped at: 0x000001f5a9000000-0x000001f5e9000000, reserved size: 1073741824
Narrow klass base: 0x000001f5a8000000, Narrow klass shift: 0, Narrow klass range: 0x100000000

GC Precious Log:
 CardTable entry size: 512
 Card Set container configuration: InlinePtr #cards 4 size 8 Array Of Cards #cards 16 size 48 Howl #buckets 8 coarsen threshold 3686 Howl Bitmap #cards 512 size 80 coarsen threshold 460 Card regions per heap region 1 cards per card region 4096
 CPUs: 12 total, 12 available
 Memory: 16024M
 Large Page Support: Disabled
 NUMA Support: Disabled
 Compressed Oops: Enabled (Zero based)
 Heap Region Size: 2M
 Heap Min Capacity: 8M
 Heap Initial Capacity: 252M
 Heap Max Capacity: 4008M
 Pre-touch: Disabled
 Parallel Workers: 10
 Concurrent Workers: 3
 Concurrent Refinement Workers: 10
 Periodic GC: Disabled

Heap:
 garbage-first heap   total 358400K, used 355076K [0x0000000705800000, 0x0000000800000000)
  region size 2048K, 9 young (18432K), 1 survivors (2048K)
 Metaspace       used 51238K, committed 51968K, reserved 1114112K
  class space    used 7329K, committed 7680K, reserved 1048576K

Heap Regions: E=young(eden), S=young(survivor), O=old, HS=humongous(starts), HC=humongous(continues), CS=collection set, F=free, TAMS=top-at-mark-start, PB=parsable bottom
|   0|0x0000000705800000, 0x0000000705a00000, 0x0000000705a00000|100%| O|  |TAMS 0x0000000705800000| PB 0x0000000705800000| Untracked 
|   1|0x0000000705a00000, 0x0000000705c00000, 0x0000000705c00000|100%| O|  |TAMS 0x0000000705a00000| PB 0x0000000705a00000| Untracked 
|   2|0x0000000705c00000, 0x0000000705e00000, 0x0000000705e00000|100%| O|CS|TAMS 0x0000000705c00000| PB 0x0000000705c00000| Complete 
|   3|0x0000000705e00000, 0x0000000706000000, 0x0000000706000000|100%| O|  |TAMS 0x0000000705e00000| PB 0x0000000705e00000| Untracked 
|   4|0x0000000706000000, 0x0000000706200000, 0x0000000706200000|100%| O|  |TAMS 0x0000000706000000| PB 0x0000000706000000| Untracked 
|   5|0x0000000706200000, 0x0000000706400000, 0x0000000706400000|100%| O|  |TAMS 0x0000000706200000| PB 0x0000000706200000| Untracked 
|   6|0x0000000706400000, 0x0000000706600000, 0x0000000706600000|100%| O|  |TAMS 0x0000000706400000| PB 0x0000000706400000| Untracked 
|   7|0x0000000706600000, 0x0000000706800000, 0x0000000706800000|100%| O|  |TAMS 0x0000000706600000| PB 0x0000000706600000| Untracked 
|   8|0x0000000706800000, 0x0000000706a00000, 0x0000000706a00000|100%| O|  |TAMS 0x0000000706800000| PB 0x0000000706800000| Untracked 
|   9|0x0000000706a00000, 0x0000000706c00000, 0x0000000706c00000|100%| O|  |TAMS 0x0000000706a00000| PB 0x0000000706a00000| Untracked 
|  10|0x0000000706c00000, 0x0000000706e00000, 0x0000000706e00000|100%| O|  |TAMS 0x0000000706c00000| PB 0x0000000706c00000| Untracked 
|  11|0x0000000706e00000, 0x0000000707000000, 0x0000000707000000|100%| O|  |TAMS 0x0000000706e00000| PB 0x0000000706e00000| Untracked 
|  12|0x0000000707000000, 0x0000000707200000, 0x0000000707200000|100%|HS|  |TAMS 0x0000000707000000| PB 0x0000000707000000| Complete 
|  13|0x0000000707200000, 0x0000000707400000, 0x0000000707400000|100%|HC|  |TAMS 0x0000000707200000| PB 0x0000000707200000| Complete 
|  14|0x0000000707400000, 0x0000000707600000, 0x0000000707600000|100%|HC|  |TAMS 0x0000000707400000| PB 0x0000000707400000| Complete 
|  15|0x0000000707600000, 0x0000000707800000, 0x0000000707800000|100%| O|  |TAMS 0x0000000707600000| PB 0x0000000707600000| Untracked 
|  16|0x0000000707800000, 0x0000000707a00000, 0x0000000707a00000|100%|HS|  |TAMS 0x0000000707800000| PB 0x0000000707800000| Complete 
|  17|0x0000000707a00000, 0x0000000707c00000, 0x0000000707c00000|100%|HC|  |TAMS 0x0000000707a00000| PB 0x0000000707a00000| Complete 
|  18|0x0000000707c00000, 0x0000000707e00000, 0x0000000707e00000|100%|HS|  |TAMS 0x0000000707c00000| PB 0x0000000707c00000| Complete 
|  19|0x0000000707e00000, 0x0000000708000000, 0x0000000708000000|100%|HC|  |TAMS 0x0000000707e00000| PB 0x0000000707e00000| Complete 
|  20|0x0000000708000000, 0x0000000708200000, 0x0000000708200000|100%|HS|  |TAMS 0x0000000708000000| PB 0x0000000708000000| Complete 
|  21|0x0000000708200000, 0x0000000708400000, 0x0000000708400000|100%|HC|  |TAMS 0x0000000708200000| PB 0x0000000708200000| Complete 
|  22|0x0000000708400000, 0x0000000708600000, 0x0000000708600000|100%|HS|  |TAMS 0x0000000708400000| PB 0x0000000708400000| Complete 
|  23|0x0000000708600000, 0x0000000708800000, 0x0000000708800000|100%|HC|  |TAMS 0x0000000708600000| PB 0x0000000708600000| Complete 
|  24|0x0000000708800000, 0x0000000708a00000, 0x0000000708a00000|100%|HC|  |TAMS 0x0000000708800000| PB 0x0000000708800000| Complete 
|  25|0x0000000708a00000, 0x0000000708c00000, 0x0000000708c00000|100%|HS|  |TAMS 0x0000000708a00000| PB 0x0000000708a00000| Complete 
|  26|0x0000000708c00000, 0x0000000708e00000, 0x0000000708e00000|100%|HC|  |TAMS 0x0000000708c00000| PB 0x0000000708c00000| Complete 
|  27|0x0000000708e00000, 0x0000000709000000, 0x0000000709000000|100%|HC|  |TAMS 0x0000000708e00000| PB 0x0000000708e00000| Complete 
|  28|0x0000000709000000, 0x0000000709200000, 0x0000000709200000|100%|HS|  |TAMS 0x0000000709000000| PB 0x0000000709000000| Complete 
|  29|0x0000000709200000, 0x0000000709400000, 0x0000000709400000|100%|HC|  |TAMS 0x0000000709200000| PB 0x0000000709200000| Complete 
|  30|0x0000000709400000, 0x0000000709600000, 0x0000000709600000|100%|HC|  |TAMS 0x0000000709400000| PB 0x0000000709400000| Complete 
|  31|0x0000000709600000, 0x0000000709800000, 0x0000000709800000|100%|HS|  |TAMS 0x0000000709600000| PB 0x0000000709600000| Complete 
|  32|0x0000000709800000, 0x0000000709a00000, 0x0000000709a00000|100%|HS|  |TAMS 0x0000000709800000| PB 0x0000000709800000| Complete 
|  33|0x0000000709a00000, 0x0000000709c00000, 0x0000000709c00000|100%|HS|  |TAMS 0x0000000709a00000| PB 0x0000000709a00000| Complete 
|  34|0x0000000709c00000, 0x0000000709e00000, 0x0000000709e00000|100%|HS|  |TAMS 0x0000000709c00000| PB 0x0000000709c00000| Complete 
|  35|0x0000000709e00000, 0x000000070a000000, 0x000000070a000000|100%|HC|  |TAMS 0x0000000709e00000| PB 0x0000000709e00000| Complete 
|  36|0x000000070a000000, 0x000000070a200000, 0x000000070a200000|100%|HS|  |TAMS 0x000000070a000000| PB 0x000000070a000000| Complete 
|  37|0x000000070a200000, 0x000000070a400000, 0x000000070a400000|100%|HC|  |TAMS 0x000000070a200000| PB 0x000000070a200000| Complete 
|  38|0x000000070a400000, 0x000000070a600000, 0x000000070a600000|100%|HC|  |TAMS 0x000000070a400000| PB 0x000000070a400000| Complete 
|  39|0x000000070a600000, 0x000000070a800000, 0x000000070a800000|100%|HC|  |TAMS 0x000000070a600000| PB 0x000000070a600000| Complete 
|  40|0x000000070a800000, 0x000000070aa00000, 0x000000070aa00000|100%|HC|  |TAMS 0x000000070a800000| PB 0x000000070a800000| Complete 
|  41|0x000000070aa00000, 0x000000070ac00000, 0x000000070ac00000|100%|HS|  |TAMS 0x000000070aa00000| PB 0x000000070aa00000| Complete 
|  42|0x000000070ac00000, 0x000000070ae00000, 0x000000070ae00000|100%|HC|  |TAMS 0x000000070ac00000| PB 0x000000070ac00000| Complete 
|  43|0x000000070ae00000, 0x000000070b000000, 0x000000070b000000|100%|HC|  |TAMS 0x000000070ae00000| PB 0x000000070ae00000| Complete 
|  44|0x000000070b000000, 0x000000070b200000, 0x000000070b200000|100%|HS|  |TAMS 0x000000070b000000| PB 0x000000070b000000| Complete 
|  45|0x000000070b200000, 0x000000070b400000, 0x000000070b400000|100%|HC|  |TAMS 0x000000070b200000| PB 0x000000070b200000| Complete 
|  46|0x000000070b400000, 0x000000070b600000, 0x000000070b600000|100%|HC|  |TAMS 0x000000070b400000| PB 0x000000070b400000| Complete 
|  47|0x000000070b600000, 0x000000070b800000, 0x000000070b800000|100%|HC|  |TAMS 0x000000070b600000| PB 0x000000070b600000| Complete 
|  48|0x000000070b800000, 0x000000070ba00000, 0x000000070ba00000|100%|HC|  |TAMS 0x000000070b800000| PB 0x000000070b800000| Complete 
|  49|0x000000070ba00000, 0x000000070bc00000, 0x000000070bc00000|100%|HS|  |TAMS 0x000000070ba00000| PB 0x000000070ba00000| Complete 
|  50|0x000000070bc00000, 0x000000070be00000, 0x000000070be00000|100%|HC|  |TAMS 0x000000070bc00000| PB 0x000000070bc00000| Complete 
|  51|0x000000070be00000, 0x000000070c000000, 0x000000070c000000|100%|HC|  |TAMS 0x000000070be00000| PB 0x000000070be00000| Complete 
|  52|0x000000070c000000, 0x000000070c200000, 0x000000070c200000|100%|HC|  |TAMS 0x000000070c000000| PB 0x000000070c000000| Complete 
|  53|0x000000070c200000, 0x000000070c400000, 0x000000070c400000|100%|HC|  |TAMS 0x000000070c200000| PB 0x000000070c200000| Complete 
|  54|0x000000070c400000, 0x000000070c600000, 0x000000070c600000|100%|HC|  |TAMS 0x000000070c400000| PB 0x000000070c400000| Complete 
|  55|0x000000070c600000, 0x000000070c800000, 0x000000070c800000|100%|HC|  |TAMS 0x000000070c600000| PB 0x000000070c600000| Complete 
|  56|0x000000070c800000, 0x000000070ca00000, 0x000000070ca00000|100%|HC|  |TAMS 0x000000070c800000| PB 0x000000070c800000| Complete 
|  57|0x000000070ca00000, 0x000000070cc00000, 0x000000070cc00000|100%|HC|  |TAMS 0x000000070ca00000| PB 0x000000070ca00000| Complete 
|  58|0x000000070cc00000, 0x000000070ce00000, 0x000000070ce00000|100%|HC|  |TAMS 0x000000070cc00000| PB 0x000000070cc00000| Complete 
|  59|0x000000070ce00000, 0x000000070d000000, 0x000000070d000000|100%|HS|  |TAMS 0x000000070ce00000| PB 0x000000070ce00000| Complete 
|  60|0x000000070d000000, 0x000000070d200000, 0x000000070d200000|100%|HC|  |TAMS 0x000000070d000000| PB 0x000000070d000000| Complete 
|  61|0x000000070d200000, 0x000000070d400000, 0x000000070d400000|100%|HC|  |TAMS 0x000000070d200000| PB 0x000000070d200000| Complete 
|  62|0x000000070d400000, 0x000000070d600000, 0x000000070d600000|100%|HC|  |TAMS 0x000000070d400000| PB 0x000000070d400000| Complete 
|  63|0x000000070d600000, 0x000000070d800000, 0x000000070d800000|100%|HC|  |TAMS 0x000000070d600000| PB 0x000000070d600000| Complete 
|  64|0x000000070d800000, 0x000000070da00000, 0x000000070da00000|100%|HS|  |TAMS 0x000000070d800000| PB 0x000000070d800000| Complete 
|  65|0x000000070da00000, 0x000000070dc00000, 0x000000070dc00000|100%|HC|  |TAMS 0x000000070da00000| PB 0x000000070da00000| Complete 
|  66|0x000000070dc00000, 0x000000070de00000, 0x000000070de00000|100%|HC|  |TAMS 0x000000070dc00000| PB 0x000000070dc00000| Complete 
|  67|0x000000070de00000, 0x000000070e000000, 0x000000070e000000|100%|HC|  |TAMS 0x000000070de00000| PB 0x000000070de00000| Complete 
|  68|0x000000070e000000, 0x000000070e200000, 0x000000070e200000|100%|HC|  |TAMS 0x000000070e000000| PB 0x000000070e000000| Complete 
|  69|0x000000070e200000, 0x000000070e400000, 0x000000070e400000|100%|HS|  |TAMS 0x000000070e200000| PB 0x000000070e200000| Complete 
|  70|0x000000070e400000, 0x000000070e600000, 0x000000070e600000|100%|HC|  |TAMS 0x000000070e400000| PB 0x000000070e400000| Complete 
|  71|0x000000070e600000, 0x000000070e800000, 0x000000070e800000|100%|HC|  |TAMS 0x000000070e600000| PB 0x000000070e600000| Complete 
|  72|0x000000070e800000, 0x000000070ea00000, 0x000000070ea00000|100%|HC|  |TAMS 0x000000070e800000| PB 0x000000070e800000| Complete 
|  73|0x000000070ea00000, 0x000000070ec00000, 0x000000070ec00000|100%|HC|  |TAMS 0x000000070ea00000| PB 0x000000070ea00000| Complete 
|  74|0x000000070ec00000, 0x000000070ee00000, 0x000000070ee00000|100%|HC|  |TAMS 0x000000070ec00000| PB 0x000000070ec00000| Complete 
|  75|0x000000070ee00000, 0x000000070f000000, 0x000000070f000000|100%|HS|  |TAMS 0x000000070ee00000| PB 0x000000070ee00000| Complete 
|  76|0x000000070f000000, 0x000000070f200000, 0x000000070f200000|100%|HC|  |TAMS 0x000000070f000000| PB 0x000000070f000000| Complete 
|  77|0x000000070f200000, 0x000000070f400000, 0x000000070f400000|100%|HC|  |TAMS 0x000000070f200000| PB 0x000000070f200000| Complete 
|  78|0x000000070f400000, 0x000000070f600000, 0x000000070f600000|100%|HC|  |TAMS 0x000000070f400000| PB 0x000000070f400000| Complete 
|  79|0x000000070f600000, 0x000000070f800000, 0x000000070f800000|100%|HC|  |TAMS 0x000000070f600000| PB 0x000000070f600000| Complete 
|  80|0x000000070f800000, 0x000000070fa00000, 0x000000070fa00000|100%|HC|  |TAMS 0x000000070f800000| PB 0x000000070f800000| Complete 
|  81|0x000000070fa00000, 0x000000070fc00000, 0x000000070fc00000|100%|HC|  |TAMS 0x000000070fa00000| PB 0x000000070fa00000| Complete 
|  82|0x000000070fc00000, 0x000000070fe00000, 0x000000070fe00000|100%|HC|  |TAMS 0x000000070fc00000| PB 0x000000070fc00000| Complete 
|  83|0x000000070fe00000, 0x0000000710000000, 0x0000000710000000|100%|HC|  |TAMS 0x000000070fe00000| PB 0x000000070fe00000| Complete 
|  84|0x0000000710000000, 0x0000000710200000, 0x0000000710200000|100%|HC|  |TAMS 0x0000000710000000| PB 0x0000000710000000| Complete 
|  85|0x0000000710200000, 0x0000000710400000, 0x0000000710400000|100%|HC|  |TAMS 0x0000000710200000| PB 0x0000000710200000| Complete 
|  86|0x0000000710400000, 0x0000000710600000, 0x0000000710600000|100%|HS|  |TAMS 0x0000000710400000| PB 0x0000000710400000| Complete 
|  87|0x0000000710600000, 0x0000000710800000, 0x0000000710800000|100%|HC|  |TAMS 0x0000000710600000| PB 0x0000000710600000| Complete 
|  88|0x0000000710800000, 0x0000000710a00000, 0x0000000710a00000|100%|HC|  |TAMS 0x0000000710800000| PB 0x0000000710800000| Complete 
|  89|0x0000000710a00000, 0x0000000710c00000, 0x0000000710c00000|100%|HC|  |TAMS 0x0000000710a00000| PB 0x0000000710a00000| Complete 
|  90|0x0000000710c00000, 0x0000000710e00000, 0x0000000710e00000|100%|HC|  |TAMS 0x0000000710c00000| PB 0x0000000710c00000| Complete 
|  91|0x0000000710e00000, 0x0000000711000000, 0x0000000711000000|100%|HC|  |TAMS 0x0000000710e00000| PB 0x0000000710e00000| Complete 
|  92|0x0000000711000000, 0x00000007111c6128, 0x0000000711200000| 88%| E|CS|TAMS 0x0000000711000000| PB 0x0000000711000000| Complete 
|  93|0x0000000711200000, 0x0000000711400000, 0x0000000711400000|100%|HS|  |TAMS 0x0000000711200000| PB 0x0000000711200000| Complete 
|  94|0x0000000711400000, 0x0000000711600000, 0x0000000711600000|100%|HC|  |TAMS 0x0000000711400000| PB 0x0000000711400000| Complete 
|  95|0x0000000711600000, 0x0000000711800000, 0x0000000711800000|100%|HS|  |TAMS 0x0000000711600000| PB 0x0000000711600000| Complete 
|  96|0x0000000711800000, 0x0000000711a00000, 0x0000000711a00000|100%|HC|  |TAMS 0x0000000711800000| PB 0x0000000711800000| Complete 
|  97|0x0000000711a00000, 0x0000000711c00000, 0x0000000711c00000|100%|HS|  |TAMS 0x0000000711a00000| PB 0x0000000711a00000| Complete 
|  98|0x0000000711c00000, 0x0000000711e00000, 0x0000000711e00000|100%|HC|  |TAMS 0x0000000711c00000| PB 0x0000000711c00000| Complete 
|  99|0x0000000711e00000, 0x0000000712000000, 0x0000000712000000|100%|HS|  |TAMS 0x0000000711e00000| PB 0x0000000711e00000| Complete 
| 100|0x0000000712000000, 0x0000000712200000, 0x0000000712200000|100%|HC|  |TAMS 0x0000000712000000| PB 0x0000000712000000| Complete 
| 101|0x0000000712200000, 0x0000000712400000, 0x0000000712400000|100%|HC|  |TAMS 0x0000000712200000| PB 0x0000000712200000| Complete 
| 102|0x0000000712400000, 0x0000000712600000, 0x0000000712600000|100%|HS|  |TAMS 0x0000000712400000| PB 0x0000000712400000| Complete 
| 103|0x0000000712600000, 0x0000000712800000, 0x0000000712800000|100%|HC|  |TAMS 0x0000000712600000| PB 0x0000000712600000| Complete 
| 104|0x0000000712800000, 0x0000000712a00000, 0x0000000712a00000|100%|HC|  |TAMS 0x0000000712800000| PB 0x0000000712800000| Complete 
| 105|0x0000000712a00000, 0x0000000712c00000, 0x0000000712c00000|100%|HS|  |TAMS 0x0000000712a00000| PB 0x0000000712a00000| Complete 
| 106|0x0000000712c00000, 0x0000000712e00000, 0x0000000712e00000|100%|HS|  |TAMS 0x0000000712c00000| PB 0x0000000712c00000| Complete 
| 107|0x0000000712e00000, 0x0000000713000000, 0x0000000713000000|100%|HS|  |TAMS 0x0000000712e00000| PB 0x0000000712e00000| Complete 
| 108|0x0000000713000000, 0x0000000713200000, 0x0000000713200000|100%| E|CS|TAMS 0x0000000713000000| PB 0x0000000713000000| Complete 
| 109|0x0000000713200000, 0x0000000713400000, 0x0000000713400000|100%| E|CS|TAMS 0x0000000713200000| PB 0x0000000713200000| Complete 
| 110|0x0000000713400000, 0x0000000713600000, 0x0000000713600000|100%| E|CS|TAMS 0x0000000713400000| PB 0x0000000713400000| Complete 
| 111|0x0000000713600000, 0x0000000713800000, 0x0000000713800000|100%| E|CS|TAMS 0x0000000713600000| PB 0x0000000713600000| Complete 
| 112|0x0000000713800000, 0x0000000713a00000, 0x0000000713a00000|100%| E|CS|TAMS 0x0000000713800000| PB 0x0000000713800000| Complete 
| 113|0x0000000713a00000, 0x0000000713c00000, 0x0000000713c00000|100%| E|CS|TAMS 0x0000000713a00000| PB 0x0000000713a00000| Complete 
| 114|0x0000000713c00000, 0x0000000713e00000, 0x0000000713e00000|100%| E|CS|TAMS 0x0000000713c00000| PB 0x0000000713c00000| Complete 
| 115|0x0000000713e00000, 0x0000000714000000, 0x0000000714000000|100%|HS|  |TAMS 0x0000000713e00000| PB 0x0000000713e00000| Complete 
| 116|0x0000000714000000, 0x0000000714200000, 0x0000000714200000|100%|HC|  |TAMS 0x0000000714000000| PB 0x0000000714000000| Complete 
| 117|0x0000000714200000, 0x0000000714400000, 0x0000000714400000|100%|HS|  |TAMS 0x0000000714200000| PB 0x0000000714200000| Complete 
| 118|0x0000000714400000, 0x0000000714600000, 0x0000000714600000|100%|HC|  |TAMS 0x0000000714400000| PB 0x0000000714400000| Complete 
| 119|0x0000000714600000, 0x0000000714800000, 0x0000000714800000|100%|HC|  |TAMS 0x0000000714600000| PB 0x0000000714600000| Complete 
| 120|0x0000000714800000, 0x0000000714a00000, 0x0000000714a00000|100%|HC|  |TAMS 0x0000000714800000| PB 0x0000000714800000| Complete 
| 121|0x0000000714a00000, 0x0000000714c00000, 0x0000000714c00000|100%|HC|  |TAMS 0x0000000714a00000| PB 0x0000000714a00000| Complete 
| 122|0x0000000714c00000, 0x0000000714e00000, 0x0000000714e00000|100%|HS|  |TAMS 0x0000000714c00000| PB 0x0000000714c00000| Complete 
| 123|0x0000000714e00000, 0x0000000715000000, 0x0000000715000000|100%|HC|  |TAMS 0x0000000714e00000| PB 0x0000000714e00000| Complete 
| 124|0x0000000715000000, 0x0000000715200000, 0x0000000715200000|100%|HC|  |TAMS 0x0000000715000000| PB 0x0000000715000000| Complete 
| 125|0x0000000715200000, 0x0000000715400000, 0x0000000715400000|100%| E|CS|TAMS 0x0000000715200000| PB 0x0000000715200000| Complete 
| 126|0x0000000715400000, 0x0000000715600000, 0x0000000715600000|100%|HS|  |TAMS 0x0000000715400000| PB 0x0000000715400000| Complete 
| 127|0x0000000715600000, 0x0000000715800000, 0x0000000715800000|100%|HC|  |TAMS 0x0000000715600000| PB 0x0000000715600000| Complete 
| 128|0x0000000715800000, 0x0000000715a00000, 0x0000000715a00000|100%|HC|  |TAMS 0x0000000715800000| PB 0x0000000715800000| Complete 
| 129|0x0000000715a00000, 0x0000000715c00000, 0x0000000715c00000|100%|HC|  |TAMS 0x0000000715a00000| PB 0x0000000715a00000| Complete 
| 130|0x0000000715c00000, 0x0000000715e00000, 0x0000000715e00000|100%|HC|  |TAMS 0x0000000715c00000| PB 0x0000000715c00000| Complete 
| 131|0x0000000715e00000, 0x0000000716000000, 0x0000000716000000|100%|HS|  |TAMS 0x0000000715e00000| PB 0x0000000715e00000| Complete 
| 132|0x0000000716000000, 0x0000000716200000, 0x0000000716200000|100%|HC|  |TAMS 0x0000000716000000| PB 0x0000000716000000| Complete 
| 133|0x0000000716200000, 0x0000000716400000, 0x0000000716400000|100%|HC|  |TAMS 0x0000000716200000| PB 0x0000000716200000| Complete 
| 134|0x0000000716400000, 0x0000000716600000, 0x0000000716600000|100%|HC|  |TAMS 0x0000000716400000| PB 0x0000000716400000| Complete 
| 135|0x0000000716600000, 0x0000000716800000, 0x0000000716800000|100%|HC|  |TAMS 0x0000000716600000| PB 0x0000000716600000| Complete 
| 136|0x0000000716800000, 0x0000000716a00000, 0x0000000716a00000|100%|HC|  |TAMS 0x0000000716800000| PB 0x0000000716800000| Complete 
| 137|0x0000000716a00000, 0x0000000716c00000, 0x0000000716c00000|100%|HC|  |TAMS 0x0000000716a00000| PB 0x0000000716a00000| Complete 
| 138|0x0000000716c00000, 0x0000000716e00000, 0x0000000716e00000|100%|HC|  |TAMS 0x0000000716c00000| PB 0x0000000716c00000| Complete 
| 139|0x0000000716e00000, 0x0000000717000000, 0x0000000717000000|100%|HC|  |TAMS 0x0000000716e00000| PB 0x0000000716e00000| Complete 
| 140|0x0000000717000000, 0x0000000717200000, 0x0000000717200000|100%|HC|  |TAMS 0x0000000717000000| PB 0x0000000717000000| Complete 
| 141|0x0000000717200000, 0x0000000717400000, 0x0000000717400000|100%|HS|  |TAMS 0x0000000717200000| PB 0x0000000717200000| Complete 
| 142|0x0000000717400000, 0x0000000717600000, 0x0000000717600000|100%|HC|  |TAMS 0x0000000717400000| PB 0x0000000717400000| Complete 
| 143|0x0000000717600000, 0x0000000717800000, 0x0000000717800000|100%|HC|  |TAMS 0x0000000717600000| PB 0x0000000717600000| Complete 
| 144|0x0000000717800000, 0x0000000717a00000, 0x0000000717a00000|100%|HC|  |TAMS 0x0000000717800000| PB 0x0000000717800000| Complete 
| 145|0x0000000717a00000, 0x0000000717c00000, 0x0000000717c00000|100%|HC|  |TAMS 0x0000000717a00000| PB 0x0000000717a00000| Complete 
| 146|0x0000000717c00000, 0x0000000717e00000, 0x0000000717e00000|100%|HS|  |TAMS 0x0000000717c00000| PB 0x0000000717c00000| Complete 
| 147|0x0000000717e00000, 0x0000000718000000, 0x0000000718000000|100%|HC|  |TAMS 0x0000000717e00000| PB 0x0000000717e00000| Complete 
| 148|0x0000000718000000, 0x0000000718200000, 0x0000000718200000|100%|HC|  |TAMS 0x0000000718000000| PB 0x0000000718000000| Complete 
| 149|0x0000000718200000, 0x0000000718400000, 0x0000000718400000|100%|HC|  |TAMS 0x0000000718200000| PB 0x0000000718200000| Complete 
| 150|0x0000000718400000, 0x0000000718600000, 0x0000000718600000|100%|HC|  |TAMS 0x0000000718400000| PB 0x0000000718400000| Complete 
| 151|0x0000000718600000, 0x0000000718800000, 0x0000000718800000|100%|HS|  |TAMS 0x0000000718600000| PB 0x0000000718600000| Complete 
| 152|0x0000000718800000, 0x0000000718a00000, 0x0000000718a00000|100%|HC|  |TAMS 0x0000000718800000| PB 0x0000000718800000| Complete 
| 153|0x0000000718a00000, 0x0000000718c00000, 0x0000000718c00000|100%|HC|  |TAMS 0x0000000718a00000| PB 0x0000000718a00000| Complete 
| 154|0x0000000718c00000, 0x0000000718e00000, 0x0000000718e00000|100%|HC|  |TAMS 0x0000000718c00000| PB 0x0000000718c00000| Complete 
| 155|0x0000000718e00000, 0x0000000719000000, 0x0000000719000000|100%|HC|  |TAMS 0x0000000718e00000| PB 0x0000000718e00000| Complete 
| 156|0x0000000719000000, 0x0000000719200000, 0x0000000719200000|100%|HC|  |TAMS 0x0000000719000000| PB 0x0000000719000000| Complete 
| 157|0x0000000719200000, 0x0000000719400000, 0x0000000719400000|100%|HS|  |TAMS 0x0000000719200000| PB 0x0000000719200000| Complete 
| 158|0x0000000719400000, 0x0000000719600000, 0x0000000719600000|100%|HC|  |TAMS 0x0000000719400000| PB 0x0000000719400000| Complete 
| 159|0x0000000719600000, 0x0000000719800000, 0x0000000719800000|100%|HC|  |TAMS 0x0000000719600000| PB 0x0000000719600000| Complete 
| 160|0x0000000719800000, 0x0000000719a00000, 0x0000000719a00000|100%|HC|  |TAMS 0x0000000719800000| PB 0x0000000719800000| Complete 
| 161|0x0000000719a00000, 0x0000000719c00000, 0x0000000719c00000|100%|HC|  |TAMS 0x0000000719a00000| PB 0x0000000719a00000| Complete 
| 162|0x0000000719c00000, 0x0000000719e00000, 0x0000000719e00000|100%|HC|  |TAMS 0x0000000719c00000| PB 0x0000000719c00000| Complete 
| 163|0x0000000719e00000, 0x000000071a000000, 0x000000071a000000|100%|HC|  |TAMS 0x0000000719e00000| PB 0x0000000719e00000| Complete 
| 164|0x000000071a000000, 0x000000071a200000, 0x000000071a200000|100%|HC|  |TAMS 0x000000071a000000| PB 0x000000071a000000| Complete 
| 165|0x000000071a200000, 0x000000071a400000, 0x000000071a400000|100%|HC|  |TAMS 0x000000071a200000| PB 0x000000071a200000| Complete 
| 166|0x000000071a400000, 0x000000071a600000, 0x000000071a600000|100%|HC|  |TAMS 0x000000071a400000| PB 0x000000071a400000| Complete 
| 167|0x000000071a600000, 0x000000071a800000, 0x000000071a800000|100%|HC|  |TAMS 0x000000071a600000| PB 0x000000071a600000| Complete 
| 168|0x000000071a800000, 0x000000071aa00000, 0x000000071aa00000|100%|HS|  |TAMS 0x000000071a800000| PB 0x000000071a800000| Complete 
| 169|0x000000071aa00000, 0x000000071ac00000, 0x000000071ac00000|100%|HC|  |TAMS 0x000000071aa00000| PB 0x000000071aa00000| Complete 
| 170|0x000000071ac00000, 0x000000071ae00000, 0x000000071ae00000|100%|HC|  |TAMS 0x000000071ac00000| PB 0x000000071ac00000| Complete 
| 171|0x000000071ae00000, 0x000000071b000000, 0x000000071b000000|100%|HC|  |TAMS 0x000000071ae00000| PB 0x000000071ae00000| Complete 
| 172|0x000000071b000000, 0x000000071b200000, 0x000000071b200000|100%|HC|  |TAMS 0x000000071b000000| PB 0x000000071b000000| Complete 
| 173|0x000000071b200000, 0x000000071b400000, 0x000000071b400000|100%|HC|  |TAMS 0x000000071b200000| PB 0x000000071b200000| Complete 
| 174|0x000000071b400000, 0x000000071b5a2ff0, 0x000000071b600000| 81%| S|  |TAMS 0x000000071b400000| PB 0x000000071b400000| Complete 

Card table byte_map: [0x000001f5a0aa0000,0x000001f5a1280000] _byte_map_base: 0x000001f59d274000

Marking Bits: (CMBitMap*) 0x000001f5948feb10
 Bits: [0x000001f5a1280000, 0x000001f5a5120000)

Polling page: 0x000001f592470000

Metaspace:

Usage:
  Non-class:     42.88 MB used.
      Class:      7.16 MB used.
       Both:     50.04 MB used.

Virtual space:
  Non-class space:       64.00 MB reserved,      43.25 MB ( 68%) committed,  1 nodes.
      Class space:        1.00 GB reserved,       7.50 MB ( <1%) committed,  1 nodes.
             Both:        1.06 GB reserved,      50.75 MB (  5%) committed. 

Chunk freelists:
   Non-Class:  4.13 MB
       Class:  8.35 MB
        Both:  12.48 MB

MaxMetaspaceSize: unlimited
CompressedClassSpaceSize: 1.00 GB
Initial GC threshold: 21.00 MB
Current GC threshold: 84.19 MB
CDS: on
 - commit_granule_bytes: 65536.
 - commit_granule_words: 8192.
 - virtual_space_node_default_size: 8388608.
 - enlarge_chunks_in_place: 1.
 - use_allocation_guard: 0.


Internal statistics:

num_allocs_failed_limit: 6.
num_arena_births: 1020.
num_arena_deaths: 8.
num_vsnodes_births: 2.
num_vsnodes_deaths: 0.
num_space_committed: 812.
num_space_uncommitted: 0.
num_chunks_returned_to_freelist: 18.
num_chunks_taken_from_freelist: 3089.
num_chunk_merges: 7.
num_chunk_splits: 2077.
num_chunks_enlarged: 1508.
num_inconsistent_stats: 0.

CodeCache: size=49152Kb used=12270Kb max_used=12270Kb free=36881Kb
 bounds [0x000001f59cf90000, 0x000001f59db90000, 0x000001f59ff90000]
 total_blobs=6511, nmethods=5872, adapters=560, full_count=0
Compilation: enabled, stopped_count=0, restarted_count=0

Compilation events (20 events):
Event: 22.346 Thread 0x000001f5ef7b9680 nmethod 5927 0x000001f59d2f7c10 code [0x000001f59d2f7e20, 0x000001f59d2f8338]
Event: 22.346 Thread 0x000001f5ef20fdc0 nmethod 5931 0x000001f59d2f7710 code [0x000001f59d2f78e0, 0x000001f59d2f7af8]
Event: 22.346 Thread 0x000001f5ef7b9680 5932       1       java.nio.Buffer::discardMark (6 bytes)
Event: 22.346 Thread 0x000001f5ef7b9680 nmethod 5932 0x000001f59d2f7410 code [0x000001f59d2f75a0, 0x000001f59d2f7670]
Event: 22.346 Thread 0x000001f5a7e2eb00 nmethod 5929 0x000001f59d2f6790 code [0x000001f59d2f69c0, 0x000001f59d2f7030]
Event: 22.346 Thread 0x000001f5ed0ec970 nmethod 5930 0x000001f59db88290 code [0x000001f59db88540, 0x000001f59db88c68]
Event: 22.348 Thread 0x000001f5ef20fdc0 5933       1       com.fasterxml.jackson.core.sym.ByteQuadsCanonicalizer::_calcOffset (13 bytes)
Event: 22.349 Thread 0x000001f5ed0ec970 5934       1       com.fasterxml.jackson.core.util.TextBuffer::emptyAndGetCurrentSegment (63 bytes)
Event: 22.349 Thread 0x000001f5ef20fdc0 nmethod 5933 0x000001f59d2f6490 code [0x000001f59d2f6620, 0x000001f59d2f66f0]
Event: 22.349 Thread 0x000001f5ed0ec970 nmethod 5934 0x000001f59db89290 code [0x000001f59db89460, 0x000001f59db89790]
Event: 22.349 Thread 0x000001f5ef7b9680 5935       1       org.springframework.http.server.DefaultPathContainer$DefaultPathSegment::valueToMatch (5 bytes)
Event: 22.349 Thread 0x000001f5ef7b9680 nmethod 5935 0x000001f59d2f5f90 code [0x000001f59d2f6120, 0x000001f59d2f61f0]
Event: 22.349 Thread 0x000001f5ef20fdc0 5936       1       org.apache.juli.logging.DirectJDKLog::isTraceEnabled (11 bytes)
Event: 22.349 Thread 0x000001f5ef20fdc0 nmethod 5936 0x000001f59db89910 code [0x000001f59db89aa0, 0x000001f59db89bb8]
Event: 22.350 Thread 0x000001f5ef20fdc0 5937       1       org.apache.catalina.connector.RequestFacade::setAttribute (14 bytes)
Event: 22.350 Thread 0x000001f5a7e2eb00 5938   !   1       org.apache.catalina.connector.Request::notifyAttributeAssigned (218 bytes)
Event: 22.350 Thread 0x000001f5ef20fdc0 nmethod 5937 0x000001f59db89d10 code [0x000001f59db89ee0, 0x000001f59db8a0c0]
Event: 22.351 Thread 0x000001f5a7e2eb00 nmethod 5938 0x000001f59db8a210 code [0x000001f59db8a4e0, 0x000001f59db8ae70]
Event: 22.351 Thread 0x000001f5ef20fdc0 5939       1       org.springframework.core.annotation.TypeMappedAnnotation::isTargetAnnotation (9 bytes)
Event: 22.351 Thread 0x000001f5ef20fdc0 nmethod 5939 0x000001f59db8b510 code [0x000001f59db8b6a0, 0x000001f59db8b798]

GC Heap History (20 events):
Event: 1.177 GC heap after
{Heap after GC invocations=3 (full 0):
 garbage-first heap   total 258048K, used 12458K [0x0000000705800000, 0x0000000800000000)
  region size 2048K, 4 young (8192K), 4 survivors (8192K)
 Metaspace       used 21130K, committed 21504K, reserved 1114112K
  class space    used 2948K, committed 3136K, reserved 1048576K
}
Event: 1.531 GC heap before
{Heap before GC invocations=4 (full 0):
 garbage-first heap   total 49152K, used 47274K [0x0000000705800000, 0x0000000800000000)
  region size 2048K, 21 young (43008K), 4 survivors (8192K)
 Metaspace       used 24318K, committed 24768K, reserved 1114112K
  class space    used 3423K, committed 3584K, reserved 1048576K
}
Event: 1.537 GC heap after
{Heap after GC invocations=5 (full 0):
 garbage-first heap   total 59392K, used 14846K [0x0000000705800000, 0x0000000800000000)
  region size 2048K, 5 young (10240K), 5 survivors (10240K)
 Metaspace       used 24318K, committed 24768K, reserved 1114112K
  class space    used 3423K, committed 3584K, reserved 1048576K
}
Event: 1.811 GC heap before
{Heap before GC invocations=5 (full 0):
 garbage-first heap   total 59392K, used 39422K [0x0000000705800000, 0x0000000800000000)
  region size 2048K, 17 young (34816K), 5 survivors (10240K)
 Metaspace       used 28968K, committed 29504K, reserved 1114112K
  class space    used 4093K, committed 4352K, reserved 1048576K
}
Event: 1.820 GC heap after
{Heap after GC invocations=6 (full 0):
 garbage-first heap   total 59392K, used 16980K [0x0000000705800000, 0x0000000800000000)
  region size 2048K, 3 young (6144K), 3 survivors (6144K)
 Metaspace       used 28968K, committed 29504K, reserved 1114112K
  class space    used 4093K, committed 4352K, reserved 1048576K
}
Event: 2.122 GC heap before
{Heap before GC invocations=6 (full 0):
 garbage-first heap   total 59392K, used 45652K [0x0000000705800000, 0x0000000800000000)
  region size 2048K, 17 young (34816K), 3 survivors (6144K)
 Metaspace       used 34636K, committed 35200K, reserved 1114112K
  class space    used 4934K, committed 5184K, reserved 1048576K
}
Event: 2.125 GC heap after
{Heap after GC invocations=7 (full 0):
 garbage-first heap   total 59392K, used 19539K [0x0000000705800000, 0x0000000800000000)
  region size 2048K, 3 young (6144K), 3 survivors (6144K)
 Metaspace       used 34636K, committed 35200K, reserved 1114112K
  class space    used 4934K, committed 5184K, reserved 1048576K
}
Event: 2.157 GC heap before
{Heap before GC invocations=7 (full 0):
 garbage-first heap   total 59392K, used 21587K [0x0000000705800000, 0x0000000800000000)
  region size 2048K, 5 young (10240K), 3 survivors (6144K)
 Metaspace       used 35507K, committed 36096K, reserved 1114112K
  class space    used 5052K, committed 5312K, reserved 1048576K
}
Event: 2.160 GC heap after
{Heap after GC invocations=8 (full 0):
 garbage-first heap   total 159744K, used 20319K [0x0000000705800000, 0x0000000800000000)
  region size 2048K, 2 young (4096K), 2 survivors (4096K)
 Metaspace       used 35507K, committed 36096K, reserved 1114112K
  class space    used 5052K, committed 5312K, reserved 1048576K
}
Event: 2.558 GC heap before
{Heap before GC invocations=9 (full 0):
 garbage-first heap   total 75776K, used 61279K [0x0000000705800000, 0x0000000800000000)
  region size 2048K, 22 young (45056K), 2 survivors (4096K)
 Metaspace       used 40802K, committed 41472K, reserved 1114112K
  class space    used 5877K, committed 6208K, reserved 1048576K
}
Event: 2.563 GC heap after
{Heap after GC invocations=10 (full 0):
 garbage-first heap   total 75776K, used 23655K [0x0000000705800000, 0x0000000800000000)
  region size 2048K, 3 young (6144K), 3 survivors (6144K)
 Metaspace       used 40802K, committed 41472K, reserved 1114112K
  class space    used 5877K, committed 6208K, reserved 1048576K
}
Event: 19.249 GC heap before
{Heap before GC invocations=10 (full 0):
 garbage-first heap   total 75776K, used 58471K [0x0000000705800000, 0x0000000800000000)
  region size 2048K, 21 young (43008K), 3 survivors (6144K)
 Metaspace       used 48221K, committed 48960K, reserved 1114112K
  class space    used 6861K, committed 7168K, reserved 1048576K
}
Event: 19.255 GC heap after
{Heap after GC invocations=11 (full 0):
 garbage-first heap   total 75776K, used 26297K [0x0000000705800000, 0x0000000800000000)
  region size 2048K, 2 young (4096K), 2 survivors (4096K)
 Metaspace       used 48221K, committed 48960K, reserved 1114112K
  class space    used 6861K, committed 7168K, reserved 1048576K
}
Event: 19.402 GC heap before
{Heap before GC invocations=11 (full 0):
 garbage-first heap   total 75776K, used 42681K [0x0000000705800000, 0x0000000800000000)
  region size 2048K, 9 young (18432K), 2 survivors (4096K)
 Metaspace       used 50845K, committed 51520K, reserved 1114112K
  class space    used 7259K, committed 7552K, reserved 1048576K
}
Event: 19.404 GC heap after
{Heap after GC invocations=12 (full 0):
 garbage-first heap   total 75776K, used 33141K [0x0000000705800000, 0x0000000800000000)
  region size 2048K, 2 young (4096K), 2 survivors (4096K)
 Metaspace       used 50845K, committed 51520K, reserved 1114112K
  class space    used 7259K, committed 7552K, reserved 1048576K
}
Event: 19.405 GC heap before
{Heap before GC invocations=12 (full 0):
 garbage-first heap   total 75776K, used 37237K [0x0000000705800000, 0x0000000800000000)
  region size 2048K, 3 young (6144K), 2 survivors (4096K)
 Metaspace       used 50845K, committed 51520K, reserved 1114112K
  class space    used 7259K, committed 7552K, reserved 1048576K
}
Event: 19.407 GC heap after
{Heap after GC invocations=13 (full 0):
 garbage-first heap   total 75776K, used 37247K [0x0000000705800000, 0x0000000800000000)
  region size 2048K, 1 young (2048K), 1 survivors (2048K)
 Metaspace       used 50845K, committed 51520K, reserved 1114112K
  class space    used 7259K, committed 7552K, reserved 1048576K
}
Event: 19.506 GC heap before
{Heap before GC invocations=14 (full 0):
 garbage-first heap   total 194560K, used 190847K [0x0000000705800000, 0x0000000800000000)
  region size 2048K, 6 young (12288K), 1 survivors (2048K)
 Metaspace       used 51238K, committed 51968K, reserved 1114112K
  class space    used 7329K, committed 7680K, reserved 1048576K
}
Event: 19.507 GC heap after
{Heap after GC invocations=15 (full 0):
 garbage-first heap   total 237568K, used 39684K [0x0000000705800000, 0x0000000800000000)
  region size 2048K, 1 young (2048K), 1 survivors (2048K)
 Metaspace       used 51238K, committed 51968K, reserved 1114112K
  class space    used 7329K, committed 7680K, reserved 1048576K
}
Event: 22.352 GC heap before
{Heap before GC invocations=15 (full 0):
 garbage-first heap   total 356352K, used 353028K [0x0000000705800000, 0x0000000800000000)
  region size 2048K, 9 young (18432K), 1 survivors (2048K)
 Metaspace       used 51238K, committed 51968K, reserved 1114112K
  class space    used 7329K, committed 7680K, reserved 1048576K
}

Dll operation events (11 events):
Event: 0.011 Loaded shared library C:\Users\araom\.jdks\ms-21.0.8\bin\java.dll
Event: 0.125 Loaded shared library C:\Users\araom\.jdks\ms-21.0.8\bin\zip.dll
Event: 0.128 Loaded shared library C:\Users\araom\.jdks\ms-21.0.8\bin\instrument.dll
Event: 0.132 Loaded shared library C:\Users\araom\.jdks\ms-21.0.8\bin\net.dll
Event: 0.134 Loaded shared library C:\Users\araom\.jdks\ms-21.0.8\bin\nio.dll
Event: 0.135 Loaded shared library C:\Users\araom\.jdks\ms-21.0.8\bin\zip.dll
Event: 0.192 Loaded shared library C:\Users\araom\.jdks\ms-21.0.8\bin\extnet.dll
Event: 0.203 Loaded shared library C:\Users\araom\.jdks\ms-21.0.8\bin\jimage.dll
Event: 0.416 Loaded shared library C:\Users\araom\.jdks\ms-21.0.8\bin\management.dll
Event: 0.420 Loaded shared library C:\Users\araom\.jdks\ms-21.0.8\bin\management_ext.dll
Event: 0.960 Loaded shared library C:\Users\araom\.jdks\ms-21.0.8\bin\sunmscapi.dll

Deoptimization events (0 events):
No events

Classes loaded (20 events):
Event: 19.298 Loading class com/sun/crypto/provider/HmacCore done
Event: 19.298 Loading class com/sun/crypto/provider/HmacCore$HmacSHA256 done
Event: 19.395 Loading class java/util/stream/LongStream
Event: 19.395 Loading class java/util/stream/LongStream done
Event: 19.395 Loading class java/util/stream/DoubleStream
Event: 19.395 Loading class java/util/stream/DoubleStream done
Event: 19.396 Loading class org/w3c/dom/Node
Event: 19.397 Loading class org/w3c/dom/Node done
Event: 19.397 Loading class org/w3c/dom/Document
Event: 19.397 Loading class org/w3c/dom/Document done
Event: 19.433 Loading class java/util/Base64
Event: 19.433 Loading class java/util/Base64 done
Event: 19.433 Loading class java/util/Base64$Encoder
Event: 19.433 Loading class java/util/Base64$Encoder done
Event: 19.448 Loading class java/lang/invoke/BoundMethodHandle$Species_LLLLLLLLLL
Event: 19.448 Loading class java/lang/invoke/BoundMethodHandle$Species_LLLLLLLLLL done
Event: 19.448 Loading class java/lang/invoke/BoundMethodHandle$Species_LLLLLLLLLLL
Event: 19.448 Loading class java/lang/invoke/BoundMethodHandle$Species_LLLLLLLLLLL done
Event: 19.488 Loading class sun/reflect/generics/reflectiveObjects/GenericArrayTypeImpl
Event: 19.488 Loading class sun/reflect/generics/reflectiveObjects/GenericArrayTypeImpl done

Classes unloaded (4 events):
Event: 19.417 Thread 0x000001f5a7dfbd80 Unloading class 0x000001f5a95b1400 'jdk/internal/reflect/GeneratedSerializationConstructorAccessor4'
Event: 19.417 Thread 0x000001f5a7dfbd80 Unloading class 0x000001f5a95b1000 'jdk/internal/reflect/GeneratedSerializationConstructorAccessor3'
Event: 19.417 Thread 0x000001f5a7dfbd80 Unloading class 0x000001f5a95b0c00 'jdk/internal/reflect/GeneratedSerializationConstructorAccessor2'
Event: 19.417 Thread 0x000001f5a7dfbd80 Unloading class 0x000001f5a95b0800 'jdk/internal/reflect/GeneratedSerializationConstructorAccessor1'

Classes redefined (0 events):
No events

Internal exceptions (20 events):
Event: 2.418 Thread 0x000001f5eda21970 Exception <a 'java/lang/NoSuchMethodError'{0x0000000708467e30}: 'java.lang.Object java.lang.invoke.DirectMethodHandle$Holder.newInvokeSpecial(java.lang.Object, java.lang.Object, java.lang.Object, java.lang.Object, java.lang.Object, java.lang.Object, java.lang.Object, java.lang.Object, java.lang.Object, java.lang.Object, java.lang.Object)'> (0x0000000708467e30) 
thrown [s\src\hotspot\share\interpreter\linkResolver.cpp, line 773]
Event: 2.438 Thread 0x000001f5eda21970 Exception <a 'java/lang/NoSuchMethodError'{0x000000070823fbb0}: 'java.lang.Object java.lang.invoke.DirectMethodHandle$Holder.invokeVirtual(java.lang.Object, java.lang.Object, java.lang.Object, int)'> (0x000000070823fbb0) 
thrown [s\src\hotspot\share\interpreter\linkResolver.cpp, line 773]
Event: 2.540 Thread 0x000001f5eda21970 Exception <a 'java/lang/NoSuchMethodError'{0x000000070765ffb8}: 'java.lang.Object java.lang.invoke.DirectMethodHandle$Holder.invokeInterface(java.lang.Object, java.lang.Object, java.lang.Object, java.lang.Object)'> (0x000000070765ffb8) 
thrown [s\src\hotspot\share\interpreter\linkResolver.cpp, line 773]
Event: 2.567 Thread 0x000001f5eda21970 Exception <a 'java/lang/NoSuchMethodError'{0x0000000715249ba8}: 'java.lang.Object java.lang.invoke.DirectMethodHandle$Holder.invokeVirtual(java.lang.Object, java.lang.Object, int)'> (0x0000000715249ba8) 
thrown [s\src\hotspot\share\interpreter\linkResolver.cpp, line 773]
Event: 2.608 Thread 0x000001f5eda21970 Exception <a 'java/lang/IncompatibleClassChangeError'{0x00000007121b5ff0}: Found class java.lang.Object, but interface was expected> (0x00000007121b5ff0) 
thrown [s\src\hotspot\share\interpreter\linkResolver.cpp, line 840]
Event: 2.632 Thread 0x000001f5eda21970 Exception <a 'java/lang/NoSuchMethodError'{0x0000000709a41e40}: 'java.lang.Object java.lang.invoke.DirectMethodHandle$Holder.invokeSpecial(java.lang.Object, java.lang.Object, int, int, int, int)'> (0x0000000709a41e40) 
thrown [s\src\hotspot\share\interpreter\linkResolver.cpp, line 773]
Event: 2.646 Thread 0x000001f5eda21970 Exception <a 'java/lang/NoSuchMethodError'{0x0000000709bc2df8}: 'int java.lang.invoke.DirectMethodHandle$Holder.invokeStaticInit(java.lang.Object, java.lang.Object, java.lang.Object, java.lang.Object)'> (0x0000000709bc2df8) 
thrown [s\src\hotspot\share\interpreter\linkResolver.cpp, line 773]
Event: 2.741 Thread 0x000001f5eda21970 Exception <a 'java/lang/NoSuchMethodError'{0x0000000709307658}: 'java.lang.Object java.lang.invoke.DirectMethodHandle$Holder.newInvokeSpecial(java.lang.Object, java.lang.Object, int, java.lang.Object, java.lang.Object)'> (0x0000000709307658) 
thrown [s\src\hotspot\share\interpreter\linkResolver.cpp, line 773]
Event: 2.787 Thread 0x000001f5ef5d6940 Exception <a 'java/lang/NoSuchMethodError'{0x0000000708c6db00}: 'long java.lang.invoke.DirectMethodHandle$Holder.invokeStatic(java.lang.Object, long)'> (0x0000000708c6db00) 
thrown [s\src\hotspot\share\interpreter\linkResolver.cpp, line 773]
Event: 19.088 Thread 0x000001f5ef5d4870 Exception <a 'java/lang/NoSuchMethodError'{0x0000000708df3870}: 'java.lang.Object java.lang.invoke.DirectMethodHandle$Holder.invokeStatic(java.lang.Object, java.lang.Object, java.lang.Object, int, int)'> (0x0000000708df3870) 
thrown [s\src\hotspot\share\interpreter\linkResolver.cpp, line 773]
Event: 19.088 Thread 0x000001f5ef5d4870 Exception <a 'java/lang/NoSuchMethodError'{0x0000000708df6e70}: 'java.lang.Object java.lang.invoke.DirectMethodHandle$Holder.invokeStaticInit(java.lang.Object, java.lang.Object, java.lang.Object, int, int)'> (0x0000000708df6e70) 
thrown [s\src\hotspot\share\interpreter\linkResolver.cpp, line 773]
Event: 19.109 Thread 0x000001f5ef5d41e0 Exception <a 'java/lang/NoSuchMethodError'{0x0000000708b1bc28}: 'java.lang.Object java.lang.invoke.DirectMethodHandle$Holder.invokeSpecial(java.lang.Object, java.lang.Object, java.lang.Object, java.lang.Object, java.lang.Object, long)'> (0x0000000708b1bc28) 
thrown [s\src\hotspot\share\interpreter\linkResolver.cpp, line 773]
Event: 19.109 Thread 0x000001f5ef5d41e0 Exception <a 'java/lang/NoSuchMethodError'{0x0000000708b1f408}: 'java.lang.Object java.lang.invoke.Invokers$Holder.linkToTargetMethod(java.lang.Object, java.lang.Object, java.lang.Object, long, java.lang.Object)'> (0x0000000708b1f408) 
thrown [s\src\hotspot\share\interpreter\linkResolver.cpp, line 773]
Event: 19.294 Thread 0x000001f5ef2e9400 Exception <a 'sun/nio/fs/WindowsException'{0x00000007121f4ef8}> (0x00000007121f4ef8) 
thrown [s\src\hotspot\share\prims\jni.cpp, line 520]
Event: 19.314 Thread 0x000001f5ef2e7330 Exception <a 'java/lang/NoSuchMethodError'{0x0000000711f40448}: 'void java.lang.invoke.Invokers$Holder.invoke_MT(java.lang.Object, java.lang.Object, java.lang.Object, java.lang.Object)'> (0x0000000711f40448) 
thrown [s\src\hotspot\share\interpreter\linkResolver.cpp, line 773]
Event: 19.314 Thread 0x000001f5ef2e9400 Exception <a 'java/lang/NoSuchMethodError'{0x0000000711e77ee0}: 'void java.lang.invoke.Invokers$Holder.invoke_MT(java.lang.Object, java.lang.Object, java.lang.Object, java.lang.Object)'> (0x0000000711e77ee0) 
thrown [s\src\hotspot\share\interpreter\linkResolver.cpp, line 773]
Event: 19.354 Thread 0x000001f5ef2e7330 Exception <a 'java/lang/NoSuchMethodError'{0x00000007098a76d0}: 'int java.lang.invoke.DirectMethodHandle$Holder.invokeStatic(java.lang.Object, int, java.lang.Object)'> (0x00000007098a76d0) 
thrown [s\src\hotspot\share\interpreter\linkResolver.cpp, line 773]
Event: 19.448 Thread 0x000001f5ef2e7330 Exception <a 'java/lang/NoSuchMethodError'{0x0000000709b9cd58}: 'java.lang.Object java.lang.invoke.DirectMethodHandle$Holder.invokeStatic(java.lang.Object, java.lang.Object, java.lang.Object, java.lang.Object, java.lang.Object, java.lang.Object, java.lang.Object, java.lang.Object, java.lang.Object, java.lang.Object, java.lang.Object, java.lang.Object, java.lang.Object)'> (0x0000000709b9cd58) 
thrown [s\src\hotspot\share\interpreter\linkResolver.cpp, line 773]
Event: 19.448 Thread 0x000001f5ef2e7330 Exception <a 'java/lang/NoSuchMethodError'{0x0000000709bc1168}: 'java.lang.Object java.lang.invoke.DirectMethodHandle$Holder.invokeStatic(java.lang.Object, java.lang.Object, java.lang.Object, java.lang.Object, java.lang.Object, java.lang.Object, java.lang.Object, java.lang.Object, java.lang.Object, java.lang.Object, java.lang.Object, java.lang.Object, java.lang.Object, java.lang.Object)'> (0x0000000709bc1168) 
thrown [s\src\hotspot\share\interpreter\linkResolver.cpp, line 773]
Event: 19.449 Thread 0x000001f5ef2e7330 Exception <a 'java/lang/NoSuchMethodError'{0x0000000709be11f0}: 'java.lang.Object java.lang.invoke.Invokers$Holder.linkToTargetMethod(java.lang.Object, java.lang.Object, java.lang.Object, java.lang.Object, java.lang.Object, java.lang.Object, java.lang.Object, java.lang.Object, java.lang.Object, java.lang.Object, java.lang.Object, java.lang.Object, java.lang.Object, java.lang.Object, java.lang.Object, java.lang.Object)'> (0x0000000709be11f0) 
thrown [s\src\hotspot\share\interpreter\linkResolver.cpp, line 77

ZGC Phase Switch (0 events):
No events

VM Operations (20 events):
Event: 19.273 Executing VM operation: HandshakeAllThreads (Deoptimize) done
Event: 19.295 Executing VM operation: HandshakeAllThreads (Deoptimize)
Event: 19.295 Executing VM operation: HandshakeAllThreads (Deoptimize) done
Event: 19.298 Executing VM operation: HandshakeAllThreads (Deoptimize)
Event: 19.298 Executing VM operation: HandshakeAllThreads (Deoptimize) done
Event: 19.371 Executing VM operation: HandshakeAllThreads (Deoptimize)
Event: 19.371 Executing VM operation: HandshakeAllThreads (Deoptimize) done
Event: 19.402 Executing VM operation: G1TryInitiateConcMark (G1 Humongous Allocation)
Event: 19.405 Executing VM operation: G1TryInitiateConcMark (G1 Humongous Allocation) done
Event: 19.405 Executing VM operation: G1TryInitiateConcMark (G1 Humongous Allocation)
Event: 19.407 Executing VM operation: G1TryInitiateConcMark (G1 Humongous Allocation) done
Event: 19.417 Executing VM operation: G1PauseRemark
Event: 19.423 Executing VM operation: G1PauseRemark done
Event: 19.429 Executing VM operation: G1PauseCleanup
Event: 19.429 Executing VM operation: G1PauseCleanup done
Event: 19.506 Executing VM operation: G1CollectForAllocation (G1 Evacuation Pause)
Event: 19.507 Executing VM operation: G1CollectForAllocation (G1 Evacuation Pause) done
Event: 20.510 Executing VM operation: Cleanup
Event: 20.510 Executing VM operation: Cleanup done
Event: 22.352 Executing VM operation: G1CollectForAllocation (G1 Evacuation Pause)

Memory protections (0 events):
No events

Nmethod flushes (20 events):
Event: 19.423 Thread 0x000001f5a7dfbd80 flushing  nmethod 0x000001f59d521810
Event: 19.423 Thread 0x000001f5a7dfbd80 flushing  nmethod 0x000001f59d757490
Event: 19.423 Thread 0x000001f5a7dfbd80 flushing  nmethod 0x000001f59d7ecf10
Event: 19.423 Thread 0x000001f5a7dfbd80 flushing  nmethod 0x000001f59d6d0790
Event: 19.423 Thread 0x000001f5a7dfbd80 flushing  nmethod 0x000001f59d775810
Event: 19.423 Thread 0x000001f5a7dfbd80 flushing  nmethod 0x000001f59d2efe10
Event: 19.423 Thread 0x000001f5a7dfbd80 flushing  nmethod 0x000001f59d705410
Event: 19.423 Thread 0x000001f5a7dfbd80 flushing  nmethod 0x000001f59d851510
Event: 19.423 Thread 0x000001f5a7dfbd80 flushing  nmethod 0x000001f59d3e3b10
Event: 19.423 Thread 0x000001f5a7dfbd80 flushing  nmethod 0x000001f59d5fd590
Event: 19.423 Thread 0x000001f5a7dfbd80 flushing  nmethod 0x000001f59d6a7d90
Event: 19.423 Thread 0x000001f5a7dfbd80 flushing  nmethod 0x000001f59d8ae510
Event: 19.423 Thread 0x000001f5a7dfbd80 flushing  nmethod 0x000001f59d8c5990
Event: 19.423 Thread 0x000001f5a7dfbd80 flushing  nmethod 0x000001f59d4d2690
Event: 19.423 Thread 0x000001f5a7dfbd80 flushing  nmethod 0x000001f59d76e190
Event: 19.423 Thread 0x000001f5a7dfbd80 flushing  nmethod 0x000001f59d76e590
Event: 19.423 Thread 0x000001f5a7dfbd80 flushing  nmethod 0x000001f59d72ac90
Event: 19.423 Thread 0x000001f5a7dfbd80 flushing  nmethod 0x000001f59d2cc990
Event: 19.423 Thread 0x000001f5a7dfbd80 flushing  nmethod 0x000001f59d3c8610
Event: 19.423 Thread 0x000001f5a7dfbd80 flushing  nmethod 0x000001f59d672810

Events (20 events):
Event: 2.745 Thread 0x000001f5eda21970 Thread added: 0x000001f5ef2e79c0
Event: 2.745 Thread 0x000001f5eda21970 Thread added: 0x000001f5ef2e9400
Event: 2.745 Thread 0x000001f5eda21970 Thread added: 0x000001f5ef5d5c20
Event: 2.745 Thread 0x000001f5eda21970 Thread added: 0x000001f5ef5d4f00
Event: 2.745 Thread 0x000001f5eda21970 Thread added: 0x000001f5ef5d5590
Event: 2.745 Thread 0x000001f5eda21970 Thread added: 0x000001f5ef5d41e0
Event: 2.746 Thread 0x000001f5eda21970 Thread added: 0x000001f5ef5d2e30
Event: 2.752 Thread 0x000001f5eda21970 Thread added: 0x000001f5ef5d62b0
Event: 2.753 Thread 0x000001f5eda21970 Thread added: 0x000001f5ef5d4870
Event: 2.758 Thread 0x000001f5eda21970 Thread added: 0x000001f5ef5d6940
Event: 2.762 Thread 0x000001f5eda21970 Thread exited: 0x000001f5eda21970
Event: 2.763 Thread 0x000001f5ed9caf50 Thread exited: 0x000001f5ed9caf50
Event: 2.763 Thread 0x000001f5924c09b0 Thread exited: 0x000001f5924c09b0
Event: 2.763 Thread 0x000001f5ef5d34c0 Thread added: 0x000001f5ef5d34c0
Event: 3.323 Thread 0x000001f5ed68df50 Thread exited: 0x000001f5ed68df50
Event: 3.323 Thread 0x000001f5ed0ec970 Thread exited: 0x000001f5ed0ec970
Event: 4.344 Thread 0x000001f5ed0d18b0 Thread exited: 0x000001f5ed0d18b0
Event: 19.167 Thread 0x000001f5a7e2eb00 Thread added: 0x000001f5ed0ec970
Event: 19.512 Thread 0x000001f5a7e2eb00 Thread added: 0x000001f5ef20fdc0
Event: 19.512 Thread 0x000001f5a7e2eb00 Thread added: 0x000001f5ef7b9680


Dynamic libraries:
0x00007ff63e160000 - 0x00007ff63e16e000 	C:\Users\araom\.jdks\ms-21.0.8\bin\java.exe
0x00007ffd39c80000 - 0x00007ffd39ee9000 	C:\WINDOWS\SYSTEM32\ntdll.dll
0x00007ffd37c30000 - 0x00007ffd37cf9000 	C:\WINDOWS\System32\KERNEL32.DLL
0x00007ffd37260000 - 0x00007ffd37653000 	C:\WINDOWS\System32\KERNELBASE.dll
0x00007ffd37110000 - 0x00007ffd3725b000 	C:\WINDOWS\System32\ucrtbase.dll
0x00007ffd33cd0000 - 0x00007ffd33ce8000 	C:\Users\araom\.jdks\ms-21.0.8\bin\jli.dll
0x00007ffd1aff0000 - 0x00007ffd1b00e000 	C:\Users\araom\.jdks\ms-21.0.8\bin\VCRUNTIME140.dll
0x00007ffd392f0000 - 0x00007ffd394b4000 	C:\WINDOWS\System32\USER32.dll
0x00007ffd36e10000 - 0x00007ffd36e37000 	C:\WINDOWS\System32\win32u.dll
0x00007ffd10290000 - 0x00007ffd10523000 	C:\WINDOWS\WinSxS\amd64_microsoft.windows.common-controls_6595b64144ccf1df_6.0.26100.5074_none_3e0d6f78e32fd63f\COMCTL32.dll
0x00007ffd38e00000 - 0x00007ffd38e2b000 	C:\WINDOWS\System32\GDI32.dll
0x00007ffd37de0000 - 0x00007ffd37e89000 	C:\WINDOWS\System32\msvcrt.dll
0x00007ffd37860000 - 0x00007ffd3798d000 	C:\WINDOWS\System32\gdi32full.dll
0x00007ffd36e40000 - 0x00007ffd36ee3000 	C:\WINDOWS\System32\msvcp_win.dll
0x00007ffd39730000 - 0x00007ffd3975f000 	C:\WINDOWS\System32\IMM32.DLL
0x00007ffd1afe0000 - 0x00007ffd1afec000 	C:\Users\araom\.jdks\ms-21.0.8\bin\vcruntime140_1.dll
0x00007ffd1af50000 - 0x00007ffd1afd9000 	C:\Users\araom\.jdks\ms-21.0.8\bin\msvcp140.dll
0x00007ffca4760000 - 0x00007ffca550c000 	C:\Users\araom\.jdks\ms-21.0.8\bin\server\jvm.dll
0x00007ffd39500000 - 0x00007ffd395b4000 	C:\WINDOWS\System32\ADVAPI32.dll
0x00007ffd38d40000 - 0x00007ffd38de6000 	C:\WINDOWS\System32\sechost.dll
0x00007ffd39780000 - 0x00007ffd39898000 	C:\WINDOWS\System32\RPCRT4.dll
0x00007ffd39110000 - 0x00007ffd39184000 	C:\WINDOWS\System32\WS2_32.dll
0x00007ffd2ed40000 - 0x00007ffd2ed75000 	C:\WINDOWS\SYSTEM32\WINMM.dll
0x00007ffd36c60000 - 0x00007ffd36cbe000 	C:\WINDOWS\SYSTEM32\POWRPROF.dll
0x00007ffd26110000 - 0x00007ffd2611b000 	C:\WINDOWS\SYSTEM32\VERSION.dll
0x00007ffd36c30000 - 0x00007ffd36c44000 	C:\WINDOWS\SYSTEM32\UMPDC.dll
0x00007ffd35bb0000 - 0x00007ffd35bcb000 	C:\WINDOWS\SYSTEM32\kernel.appcore.dll
0x00007ffd1af40000 - 0x00007ffd1af4a000 	C:\Users\araom\.jdks\ms-21.0.8\bin\jimage.dll
0x00007ffd1d3e0000 - 0x00007ffd1d622000 	C:\WINDOWS\SYSTEM32\DBGHELP.DLL
0x00007ffd398c0000 - 0x00007ffd39c3b000 	C:\WINDOWS\System32\combase.dll
0x00007ffd37d00000 - 0x00007ffd37dd7000 	C:\WINDOWS\System32\OLEAUT32.dll
0x00007ffd0d990000 - 0x00007ffd0d9cd000 	C:\WINDOWS\SYSTEM32\dbgcore.DLL
0x00007ffd36ef0000 - 0x00007ffd36f89000 	C:\WINDOWS\System32\bcryptPrimitives.dll
0x00007ffd1aeb0000 - 0x00007ffd1aec0000 	C:\Users\araom\.jdks\ms-21.0.8\bin\instrument.dll
0x00007ffd1aec0000 - 0x00007ffd1aee1000 	C:\Users\araom\.jdks\ms-21.0.8\bin\java.dll
0x00007ffd37e90000 - 0x00007ffd385dd000 	C:\WINDOWS\System32\SHELL32.dll
0x00007ffd376f0000 - 0x00007ffd3785c000 	C:\WINDOWS\System32\wintypes.dll
0x00007ffd34a30000 - 0x00007ffd35289000 	C:\WINDOWS\SYSTEM32\windows.storage.dll
0x00007ffd37aa0000 - 0x00007ffd37b90000 	C:\WINDOWS\System32\SHCORE.dll
0x00007ffd387c0000 - 0x00007ffd38822000 	C:\WINDOWS\System32\shlwapi.dll
0x00007ffd36d30000 - 0x00007ffd36d59000 	C:\WINDOWS\SYSTEM32\profapi.dll
0x00007ffd00880000 - 0x00007ffd00898000 	C:\Users\araom\.jdks\ms-21.0.8\bin\zip.dll
0x00007ffd17ed0000 - 0x00007ffd17ee1000 	C:\Users\araom\.jdks\ms-21.0.8\bin\net.dll
0x00007ffd30400000 - 0x00007ffd3051f000 	C:\WINDOWS\SYSTEM32\WINHTTP.dll
0x00007ffd36110000 - 0x00007ffd3617b000 	C:\WINDOWS\system32\mswsock.dll
0x00007ffd127a0000 - 0x00007ffd127b6000 	C:\Users\araom\.jdks\ms-21.0.8\bin\nio.dll
0x00007ffd17ec0000 - 0x00007ffd17ec9000 	C:\Users\araom\.jdks\ms-21.0.8\bin\extnet.dll
0x00007ffd12730000 - 0x00007ffd1273a000 	C:\Users\araom\.jdks\ms-21.0.8\bin\management.dll
0x00007ffd00870000 - 0x00007ffd0087c000 	C:\Users\araom\.jdks\ms-21.0.8\bin\management_ext.dll
0x00007ffd395c0000 - 0x00007ffd395c8000 	C:\WINDOWS\System32\PSAPI.DLL
0x00007ffd12ae0000 - 0x00007ffd12aee000 	C:\Users\araom\.jdks\ms-21.0.8\bin\sunmscapi.dll
0x00007ffd36f90000 - 0x00007ffd37107000 	C:\WINDOWS\System32\CRYPT32.dll
0x00007ffd36620000 - 0x00007ffd36650000 	C:\WINDOWS\SYSTEM32\ncrypt.dll
0x00007ffd365d0000 - 0x00007ffd3660f000 	C:\WINDOWS\SYSTEM32\NTASN1.dll
0x00007ffd364e0000 - 0x00007ffd364fb000 	C:\WINDOWS\SYSTEM32\CRYPTSP.dll
0x00007ffd35b10000 - 0x00007ffd35b4b000 	C:\WINDOWS\system32\rsaenh.dll
0x00007ffd361b0000 - 0x00007ffd361db000 	C:\WINDOWS\SYSTEM32\USERENV.dll
0x00007ffd36d00000 - 0x00007ffd36d26000 	C:\WINDOWS\SYSTEM32\bcrypt.dll
0x00007ffd36340000 - 0x00007ffd3634c000 	C:\WINDOWS\SYSTEM32\CRYPTBASE.dll
0x00007ffd35600000 - 0x00007ffd35634000 	C:\WINDOWS\SYSTEM32\IPHLPAPI.DLL
0x00007ffd39770000 - 0x00007ffd3977a000 	C:\WINDOWS\System32\NSI.dll
0x00007ffd356a0000 - 0x00007ffd357c6000 	C:\WINDOWS\SYSTEM32\DNSAPI.dll
0x00007ffd2ec70000 - 0x00007ffd2ec7b000 	C:\Windows\System32\rasadhlp.dll
0x00007ffd31790000 - 0x00007ffd31816000 	C:\WINDOWS\System32\fwpuclnt.dll
0x00007ffd12c60000 - 0x00007ffd12c68000 	C:\WINDOWS\system32\wshunix.dll

JVMTI agents:
C:\Users\araom\AppData\Local\Programs\IntelliJ IDEA Community Edition\lib\idea_rt.jar path:C:\Users\araom\.jdks\ms-21.0.8\bin\instrument.dll, loaded, initialized, instrumentlib options:56001

dbghelp: loaded successfully - version: 4.0.5 - missing functions: none
symbol engine: initialized successfully - sym options: 0x614 - pdb path: .;C:\Users\araom\.jdks\ms-21.0.8\bin;C:\WINDOWS\SYSTEM32;C:\WINDOWS\WinSxS\amd64_microsoft.windows.common-controls_6595b64144ccf1df_6.0.26100.5074_none_3e0d6f78e32fd63f;C:\Users\araom\.jdks\ms-21.0.8\bin\server

VM Arguments:
jvm_args: -XX:TieredStopAtLevel=1 -Dspring.output.ansi.enabled=always -javaagent:C:\Users\araom\AppData\Local\Programs\IntelliJ IDEA Community Edition\lib\idea_rt.jar=56001 -Dfile.encoding=UTF-8 -Dsun.stdout.encoding=UTF-8 -Dsun.stderr.encoding=UTF-8 
java_command: com.jobportal.Job.Poratl.JobPoratlApplication
java_class_path (initial): C:\Users\araom\OneDrive\Desktop\Job Poratl backend\Job-Poratl\target\classes;C:\Users\araom\.m2\repository\org\springframework\boot\spring-boot-starter-web\4.0.1\spring-boot-starter-web-4.0.1.jar;C:\Users\araom\.m2\repository\org\springframework\boot\spring-boot-starter-jackson\4.0.1\spring-boot-starter-jackson-4.0.1.jar;C:\Users\araom\.m2\repository\org\springframework\boot\spring-boot-jackson\4.0.1\spring-boot-jackson-4.0.1.jar;C:\Users\araom\.m2\repository\tools\jackson\core\jackson-databind\3.0.3\jackson-databind-3.0.3.jar;C:\Users\araom\.m2\repository\tools\jackson\core\jackson-core\3.0.3\jackson-core-3.0.3.jar;C:\Users\araom\.m2\repository\org\springframework\boot\spring-boot-starter-tomcat\4.0.1\spring-boot-starter-tomcat-4.0.1.jar;C:\Users\araom\.m2\repository\org\springframework\boot\spring-boot-starter-tomcat-runtime\4.0.1\spring-boot-starter-tomcat-runtime-4.0.1.jar;C:\Users\araom\.m2\repository\org\springframework\boot\spring-boot-web-server\4.0.1\spring-boot-web-server-4.0.1.jar;C:\Users\araom\.m2\repository\org\apache\tomcat\embed\tomcat-embed-core\11.0.15\tomcat-embed-core-11.0.15.jar;C:\Users\araom\.m2\repository\org\apache\tomcat\embed\tomcat-embed-websocket\11.0.15\tomcat-embed-websocket-11.0.15.jar;C:\Users\araom\.m2\repository\org\springframework\boot\spring-boot-tomcat\4.0.1\spring-boot-tomcat-4.0.1.jar;C:\Users\araom\.m2\repository\org\springframework\boot\spring-boot-http-converter\4.0.1\spring-boot-http-converter-4.0.1.jar;C:\Users\araom\.m2\repository\org\springframework\spring-web\7.0.2\spring-web-7.0.2.jar;C:\Users\araom\.m2\repository\io\micrometer\micrometer-observation\1.16.1\micrometer-observation-1.16.1.jar;C:\Users\araom\.m2\repository\io\micrometer\micrometer-commons\1.16.1\micrometer-commons-1.16.1.jar;C:\Users\araom\.m2\repository\org\springframework\boot\spring-boot-webmvc\4.0.1\spring-boot-webmvc-4.0.1.jar;C:\Users\araom\.m2\repository\org\springframework\boot\spring-boot-servlet\4.0.1\spring-boot-servlet-4.0.1.jar;C:\Users\araom\.m2\repository\org\springframework\spring-webmvc\7.0.2\spring-webmvc-7.0.2.jar;C:\Users\araom\.m2\repository\org\springframework\spring-expression\7.0.2\spring-expression-7.0.2.jar;C:\Users\araom\.m2\repository\org\springframework\boot\spring-boot-starter-data-mongodb\4.0.1\spring-boot-starter-data-mongodb-4.0.1.jar;C:\Users\araom\.m2\repository\org\springframework\boot\spring-boot-starter-mongodb\4.0.1\spring-boot-starter-mongodb-4.0.1.jar;C:\Users\araom\.m2\repository\org\springframework\boot\spring-boot-mongodb\4.0.1\spring-boot-mongodb-4.0.1.jar;C:\Users\araom\.m2\repository\org\mongodb\mongodb-driver-sync\5.6.2\mongodb-driver-sync-5.6.2.jar;C:\Users\araom\.m2\repository\org\mongodb\bson\5.6.2\bson-5.6.2.jar;C:\Users\araom\.m2\repository\org\mongodb\mongodb-driver-core\5.6.2\mongodb-driver-core-5.6.2.jar;C:\Users\araom\.m2\repository\org\mongodb\bson-record-codec\5.6.2\bson-record-codec-5.6.2.jar;C:\Users\araom\.m2\repository\org\springframework\boot\spring-boot-data-mongodb\4.0.1\spring-boot-data-mongodb-4.0.1.jar;C:\Users\araom\.m2\repository\org\springframework\boot\spring-boot-data-commons\4.0.1\spring-boot-data-commons-4.0.1.jar;C:\Users\araom\.m2\repository\org\springframework\boot\spring-boot-persistence\4.0.1\spring-boot-persistence-4.0.1.jar;C:\Users\araom\.m2\repository\org\springframework\data\spring-data-commons\4.0.1\spring-data-commons-4.0.1.jar;C:\Users\araom\.m2\repository\org\springframework\boot\spring-boot-transaction\4.0.1\spring-boot-transaction-4.0.1.jar;C:\Users\araom\.m2\repository\org\springframework\spring-tx\7.0.2\spring-tx-7.0.2.jar;C:\Users\araom\.m2\repository\org\springframework\data\spring-data-mongodb\5.0.1\spring-data-mongodb-5.0.1.jar;C:\Users\araom\.m2\repository\org\projectlombok\lombok\1.18.42\lombok-1.18.42.jar;C:\Users\araom\.m2\repository\org\springframework\boot\spring-boot-devtools\4.0.1\spring-boot-devtools-4.0.1.jar;C:\Users\araom\.m2\repository\org\springframework\boot\spring-boot\4.0.1\spring-boot-4.0.1.jar;C:\Users\araom\.m2\repository\org\springframework\spring-context\7.0.2\spring-context-7.0.2.jar;C:\Users\araom\.m2\repository\org\springframework\boot\spring-boot-autoconfigure\4.0.1\spring-boot-autoconfigure-4.0.1.jar;C:\Users\araom\.m2\repository\org\springframework\boot\spring-boot-starter-validation\4.0.1\spring-boot-starter-validation-4.0.1.jar;C:\Users\araom\.m2\repository\org\springframework\boot\spring-boot-starter\4.0.1\spring-boot-starter-4.0.1.jar;C:\Users\araom\.m2\repository\org\springframework\boot\spring-boot-starter-logging\4.0.1\spring-boot-starter-logging-4.0.1.jar;C:\Users\araom\.m2\repository\ch\qos\logback\logback-classic\1.5.22\logback-classic-1.5.22.jar;C:\Users\araom\.m2\repository\ch\qos\logback\logback-core\1.5.22\logback-core-1.5.22.jar;C:\Users\araom\.m2\repository\org\apache\logging\log4j\log4j-to-slf4j\2.25.3\log4j-to-slf4j-2.25.3.jar;C:\Users\araom\.m2\repository\org\apache\logging\log4j\log4j-api\2.25.3\log4j-api-2.25.3.jar;C:\Users\araom\.m2\repository\org\slf4j\jul-to-slf4j\2.0.17\jul-to-slf4j-2.0.17.jar;C:\Users\araom\.m2\repository\jakarta\annotation\jakarta.annotation-api\3.0.0\jakarta.annotation-api-3.0.0.jar;C:\Users\araom\.m2\repository\org\yaml\snakeyaml\2.5\snakeyaml-2.5.jar;C:\Users\araom\.m2\repository\org\springframework\boot\spring-boot-validation\4.0.1\spring-boot-validation-4.0.1.jar;C:\Users\araom\.m2\repository\org\apache\tomcat\embed\tomcat-embed-el\11.0.15\tomcat-embed-el-11.0.15.jar;C:\Users\araom\.m2\repository\org\hibernate\validator\hibernate-validator\9.0.1.Final\hibernate-validator-9.0.1.Final.jar;C:\Users\araom\.m2\repository\jakarta\validation\jakarta.validation-api\3.1.1\jakarta.validation-api-3.1.1.jar;C:\Users\araom\.m2\repository\org\jboss\logging\jboss-logging\3.6.1.Final\jboss-logging-3.6.1.Final.jar;C:\Users\araom\.m2\repository\com\fasterxml\classmate\1.7.1\classmate-1.7.1.jar;C:\Users\araom\.m2\repository\org\slf4j\slf4j-api\2.0.17\slf4j-api-2.0.17.jar;C:\Users\araom\.m2\repository\jakarta\activation\jakarta.activation-api\2.1.4\jakarta.activation-api-2.1.4.jar;C:\Users\araom\.m2\repository\org\springframework\spring-core\7.0.2\spring-core-7.0.2.jar;C:\Users\araom\.m2\repository\commons-logging\commons-logging\1.3.5\commons-logging-1.3.5.jar;C:\Users\araom\.m2\repository\org\jspecify\jspecify\1.0.0\jspecify-1.0.0.jar;C:\Users\araom\.m2\repository\org\springframework\boot\spring-boot-starter-security\4.0.1\spring-boot-starter-security-4.0.1.jar;C:\Users\araom\.m2\repository\org\springframework\boot\spring-boot-security\4.0.1\spring-boot-security-4.0.1.jar;C:\Users\araom\.m2\repository\org\springframework\security\spring-security-config\7.0.2\spring-security-config-7.0.2.jar;C:\Users\araom\.m2\repository\org\springframework\security\spring-security-core\7.0.2\spring-security-core-7.0.2.jar;C:\Users\araom\.m2\repository\org\springframework\security\spring-security-crypto\7.0.2\spring-security-crypto-7.0.2.jar;C:\Users\araom\.m2\repository\org\springframework\security\spring-security-web\7.0.2\spring-security-web-7.0.2.jar;C:\Users\araom\.m2\repository\org\springframework\spring-aop\7.0.2\spring-aop-7.0.2.jar;C:\Users\araom\.m2\repository\org\springframework\spring-beans\7.0.2\spring-beans-7.0.2.jar;C:\Users\araom\.m2\repository\org\springframework\boot\spring-boot-starter-mail\4.0.1\spring-boot-starter-mail-4.0.1.jar;C:\Users\araom\.m2\repository\org\springframework\boot\spring-boot-mail\4.0.1\spring-boot-mail-4.0.1.jar;C:\Users\araom\.m2\repository\org\springframework\spring-context-support\7.0.2\spring-context-support-7.0.2.jar;C:\Users\araom\.m2\repository\jakarta\mail\jakarta.mail-api\2.1.5\jakarta.mail-api-2.1.5.jar;C:\Users\araom\.m2\repository\org\eclipse\angus\angus-mail\2.0.5\angus-mail-2.0.5.jar;C:\Users\araom\.m2\repository\org\eclipse\angus\angus-activation\2.0.3\angus-activation-2.0.3.jar;C:\Users\araom\.m2\repository\com\fasterxml\jackson\core\jackson-databind\2.20.1\jackson-databind-2.20.1.jar;C:\Users\araom\.m2\repository\com\fasterxml\jackson\core\jackson-annotations\2.20\jackson-annotations-2.20.jar;C:\Users\araom\.m2\repository\com\fasterxml\jackson\core\jackson-core\2.20.1\jackson-core-2.20.1.jar;C:\Users\araom\.m2\repository\io\jsonwebtoken\jjwt-api\0.11.5\jjwt-api-0.11.5.jar;C:\Users\araom\.m2\repository\io\jsonwebtoken\jjwt-impl\0.11.5\jjwt-impl-0.11.5.jar;C:\Users\araom\.m2\repository\io\jsonwebtoken\jjwt-jackson\0.11.5\jjwt-jackson-0.11.5.jar
Launcher Type: SUN_STANDARD

[Global flags]
     intx CICompilerCount                          = 4                                         {product} {ergonomic}
     uint ConcGCThreads                            = 3                                         {product} {ergonomic}
     uint G1ConcRefinementThreads                  = 10                                        {product} {ergonomic}
   size_t G1HeapRegionSize                         = 2097152                                   {product} {ergonomic}
    uintx GCDrainStackTargetSize                   = 64                                        {product} {ergonomic}
   size_t InitialHeapSize                          = 264241152                                 {product} {ergonomic}
   size_t MarkStackSize                            = 4194304                                   {product} {ergonomic}
   size_t MaxHeapSize                              = 4202692608                                {product} {ergonomic}
   size_t MaxNewSize                               = 2520776704                                {product} {ergonomic}
   size_t MinHeapDeltaBytes                        = 2097152                                   {product} {ergonomic}
   size_t MinHeapSize                              = 8388608                                   {product} {ergonomic}
    uintx NonNMethodCodeHeapSize                   = 4096                                   {pd product} {ergonomic}
    uintx NonProfiledCodeHeapSize                  = 0                                      {pd product} {ergonomic}
     bool ProfileInterpreter                       = false                                  {pd product} {command line}
    uintx ProfiledCodeHeapSize                     = 0                                      {pd product} {ergonomic}
   size_t SoftMaxHeapSize                          = 4202692608                             {manageable} {ergonomic}
     intx TieredStopAtLevel                        = 1                                         {product} {command line}
     bool UseCompressedOops                        = true                           {product lp64_product} {ergonomic}
     bool UseG1GC                                  = true                                      {product} {ergonomic}
     bool UseLargePagesIndividualAllocation        = false                                  {pd product} {ergonomic}

Logging:
Log output configuration:
 #0: stdout all=warning uptime,level,tags foldmultilines=false
 #1: stderr all=off uptime,level,tags foldmultilines=false

Environment Variables:
JAVA_HOME=C:\Program Files\Eclipse Adoptium\jdk-21.0.6.7-hotspot\bin
PATH=C:\Program Files\Eclipse Adoptium\jdk-21.0.6.7-hotspot\bin;C:\Python313\Scripts\;C:\Python313\;C:\Python312\Scripts\;C:\Python312\;C:\WINDOWS\system32;C:\WINDOWS;C:\WINDOWS\System32\Wbem;C:\WINDOWS\System32\WindowsPowerShell\v1.0\;C:\WINDOWS\System32\OpenSSH\;C:\Program Files\Git\cmd;C:\Program Files (x86)\dotnet\;C:\MAMP\bin\mysql\bin;C:\Program Files\nodejs\;C:\ProgramData\chocolatey\bin;;C:\Program Files\Docker\Docker\resources\bin;C:\Users\araom\AppData\Local\Programs\Eclipse Adoptium\jdk-21.0.6.7-hotspot\bin;C:\Users\araom\AppData\Local\Microsoft\WindowsApps;C:\Users\araom\AppData\Local\Programs\Microsoft VS Code\bin;C:\Users\araom\AppData\Roaming\npm;C:\Users\araom\AppData\Local\JetBrains\Toolbox\scripts;C:\Users\araom\AppData\Local\Programs\mongosh\
USERNAME=araom
OS=Windows_NT
PROCESSOR_IDENTIFIER=Intel64 Family 6 Model 186 Stepping 3, GenuineIntel
TMP=C:\Users\araom\AppData\Local\Temp
TEMP=C:\Users\araom\AppData\Local\Temp




Periodic native trim disabled

---------------  S Y S T E M  ---------------

OS:
 Windows 11 , 64 bit Build 26100 (10.0.26100.5074)
OS uptime: 0 days 10:27 hours
Hyper-V role detected

CPU: total 12 (initial active 12) (6 cores per cpu, 2 threads per core) family 6 model 186 stepping 3 microcode 0x4129, cx8, cmov, fxsr, ht, mmx, 3dnowpref, sse, sse2, sse3, ssse3, sse4.1, sse4.2, popcnt, lzcnt, tsc, tscinvbit, avx, avx2, aes, erms, clmul, bmi1, bmi2, adx, sha, fma, vzeroupper, clflush, clflushopt, clwb, hv, serialize, rdtscp, rdpid, fsrm, f16c, cet_ibt, cet_ss
Processor Information for the first 12 processors :
  Max Mhz: 1300, Current Mhz: 1300, Mhz Limit: 1300

Memory: 4k page, system-wide physical 16024M (1956M free)
TotalPageFile size 21908M (AvailPageFile size 6M)
current process WorkingSet (physical memory assigned to process): 455M, peak: 455M
current process commit charge ("private bytes"): 533M, peak: 535M

vm_info: OpenJDK 64-Bit Server VM (21.0.8+9-LTS) for windows-amd64 JRE (21.0.8+9-LTS), built on 2025-07-10T20:22:44Z by "MicrosoftCorporation" with unknown MS VC++:1944

END.
