#
# There is insufficient memory for the Java Runtime Environment to continue.
# Native memory allocation (malloc) failed to allocate 1001776 bytes. Error detail: Chunk::new
# Possible reasons:
#   The system is out of physical RAM or swap space
#   This process is running with CompressedOops enabled, and the Java Heap may be blocking the growth of the native heap
# Possible solutions:
#   Reduce memory load on the system
#   Increase physical memory or swap space
#   Check if swap backing store is full
#   Decrease Java heap size (-Xmx/-Xms)
#   Decrease number of Java threads
#   Decrease Java thread stack sizes (-Xss)
#   Set larger code cache with -XX:ReservedCodeCacheSize=
#   JVM is running with Zero Based Compressed Oops mode in which the Java heap is
#     placed in the first 32GB address space. The Java Heap base address is the
#     maximum limit for the native heap growth. Please use -XX:HeapBaseMinAddress
#     to set the Java Heap base and to place the Java Heap above 32GB virtual address.
# This output file may be truncated or incomplete.
#
#  Out of Memory Error (arena.cpp:168), pid=26380, tid=18632
#
# JRE version: OpenJDK Runtime Environment Microsoft-11933218 (21.0.8+9) (build 21.0.8+9-LTS)
# Java VM: OpenJDK 64-Bit Server VM Microsoft-11933218 (21.0.8+9-LTS, mixed mode, sharing, tiered, compressed oops, compressed class ptrs, g1 gc, windows-amd64)
# No core dump will be written. Minidumps are not enabled by default on client versions of Windows
#

---------------  S U M M A R Y ------------

Command Line: -javaagent:C:\Users\araom\AppData\Local\Programs\IntelliJ IDEA Community Edition\lib\idea_rt.jar=63096 -Dfile.encoding=UTF-8 -Dsun.stdout.encoding=UTF-8 -Dsun.stderr.encoding=UTF-8 com.jobportal.Job.Poratl.JobPoratlApplication

Host: 13th Gen Intel(R) Core(TM) i5-1335U, 12 cores, 15G,  Windows 11 , 64 bit Build 26100 (10.0.26100.5074)
Time: Wed Feb  4 12:25:31 2026 elapsed time: 33.431792 seconds (0d 0h 0m 33s)

---------------  T H R E A D  ---------------

Current thread (0x00000201d4ebaf50):  JavaThread "C2 CompilerThread0" daemon [_thread_in_native, id=18632, stack(0x0000000b38300000,0x0000000b38400000) (1024K)]


Current CompileTask:
C2:33431 5738       4       java.lang.invoke.MemberName::getInvocationType (56 bytes)

Stack: [0x0000000b38300000,0x0000000b38400000]
Native frames: (J=compiled Java code, j=interpreted, Vv=VM code, C=native code)
V  [jvm.dll+0x6e1729]
V  [jvm.dll+0x8bf47b]
V  [jvm.dll+0x8c19aa]
V  [jvm.dll+0x8c2083]
V  [jvm.dll+0x289fd6]
V  [jvm.dll+0xc903d]
V  [jvm.dll+0xc958c]
V  [jvm.dll+0x30113e]
V  [jvm.dll+0x608897]
V  [jvm.dll+0x25af97]
V  [jvm.dll+0x253876]
V  [jvm.dll+0x251171]
V  [jvm.dll+0x1d18bf]
V  [jvm.dll+0x260f4a]
V  [jvm.dll+0x25f2b5]
V  [jvm.dll+0x40151d]
V  [jvm.dll+0x86975d]
V  [jvm.dll+0x6dff2d]
C  [ucrtbase.dll+0x37b0]
C  [KERNEL32.DLL+0x2e8d7]
C  [ntdll.dll+0x8d9c]


---------------  P R O C E S S  ---------------

Threads class SMR info:
_java_thread_list=0x000002021ccd5d30, length=35, elements={
0x00000201d4eb32e0, 0x00000201d4eb3f30, 0x00000201d4eba3d0, 0x00000201d4ebd0d0,
0x00000201d4ebe190, 0x00000201d5778090, 0x00000201d4ebaf50, 0x00000201d4ebc720,
0x00000201d5893230, 0x00000201d5892ba0, 0x00000201d5893f50, 0x00000201d5895300,
0x00000201d5895990, 0x00000201d5896020, 0x000002021dd8e510, 0x000002021dd8b720,
0x000002021dd8bdb0, 0x000002021dd8d7f0, 0x000002021dd8b090, 0x000002021dd905e0,
0x000002021dd90c70, 0x000002021dd91300, 0x000002021dd91990, 0x000002021dd8f230,
0x000002021dd8eba0, 0x000002021dd92020, 0x000002021dd8ff50, 0x000002021dd926b0,
0x000002021dd8f8c0, 0x000002021dacfa10, 0x000002021dacecf0, 0x000002021dacd940,
0x000002021dacf380, 0x000002021d088210, 0x000002021b257be0
}

Java Threads: ( => current thread )
  0x00000201d4eb32e0 JavaThread "Reference Handler"          daemon [_thread_blocked, id=23516, stack(0x0000000b37d00000,0x0000000b37e00000) (1024K)]
  0x00000201d4eb3f30 JavaThread "Finalizer"                  daemon [_thread_blocked, id=20164, stack(0x0000000b37e00000,0x0000000b37f00000) (1024K)]
  0x00000201d4eba3d0 JavaThread "Signal Dispatcher"          daemon [_thread_blocked, id=11680, stack(0x0000000b37f00000,0x0000000b38000000) (1024K)]
  0x00000201d4ebd0d0 JavaThread "Attach Listener"            daemon [_thread_blocked, id=20796, stack(0x0000000b38000000,0x0000000b38100000) (1024K)]
  0x00000201d4ebe190 JavaThread "Service Thread"             daemon [_thread_blocked, id=26904, stack(0x0000000b38100000,0x0000000b38200000) (1024K)]
  0x00000201d5778090 JavaThread "Monitor Deflation Thread"   daemon [_thread_blocked, id=26944, stack(0x0000000b38200000,0x0000000b38300000) (1024K)]
=>0x00000201d4ebaf50 JavaThread "C2 CompilerThread0"         daemon [_thread_in_native, id=18632, stack(0x0000000b38300000,0x0000000b38400000) (1024K)]
  0x00000201d4ebc720 JavaThread "C1 CompilerThread0"         daemon [_thread_blocked, id=27096, stack(0x0000000b38400000,0x0000000b38500000) (1024K)]
  0x00000201d5893230 JavaThread "Common-Cleaner"             daemon [_thread_blocked, id=25688, stack(0x0000000b38500000,0x0000000b38600000) (1024K)]
  0x00000201d5892ba0 JavaThread "Monitor Ctrl-Break"         daemon [_thread_in_native, id=26152, stack(0x0000000b38700000,0x0000000b38800000) (1024K)]
  0x00000201d5893f50 JavaThread "Notification Thread"        daemon [_thread_blocked, id=5880, stack(0x0000000b38800000,0x0000000b38900000) (1024K)]
  0x00000201d5895300 JavaThread "Catalina-utility-1"                [_thread_blocked, id=23380, stack(0x0000000b39100000,0x0000000b39200000) (1024K)]
  0x00000201d5895990 JavaThread "Catalina-utility-2"                [_thread_blocked, id=3912, stack(0x0000000b39600000,0x0000000b39700000) (1024K)]
  0x00000201d5896020 JavaThread "container-0"                       [_thread_blocked, id=25160, stack(0x0000000b39900000,0x0000000b39a00000) (1024K)]
  0x000002021dd8e510 JavaThread "BufferPoolPruner-1-thread-1" daemon [_thread_blocked, id=21288, stack(0x0000000b39a00000,0x0000000b39b00000) (1024K)]
  0x000002021dd8b720 JavaThread "cluster-ClusterId{value='6982bc0ff2aa8d0e4f43fdf2', description='null'}-localhost:27017" daemon [_thread_in_native, id=9020, stack(0x0000000b39500000,0x0000000b39600000) (1024K)]
  0x000002021dd8bdb0 JavaThread "cluster-rtt-ClusterId{value='6982bc0ff2aa8d0e4f43fdf2', description='null'}-localhost:27017" daemon [_thread_blocked, id=14176, stack(0x0000000b39c00000,0x0000000b39d00000) (1024K)]
  0x000002021dd8d7f0 JavaThread "MaintenanceTimer-2-thread-1" daemon [_thread_blocked, id=12380, stack(0x0000000b39d00000,0x0000000b39e00000) (1024K)]
  0x000002021dd8b090 JavaThread "File Watcher"               daemon [_thread_blocked, id=26976, stack(0x0000000b39f00000,0x0000000b3a000000) (1024K)]
  0x000002021dd905e0 JavaThread "http-nio-8080-exec-1"       daemon [_thread_blocked, id=11336, stack(0x0000000b3a000000,0x0000000b3a100000) (1024K)]
  0x000002021dd90c70 JavaThread "http-nio-8080-exec-2"       daemon [_thread_blocked, id=7280, stack(0x0000000b3a100000,0x0000000b3a200000) (1024K)]
  0x000002021dd91300 JavaThread "http-nio-8080-exec-3"       daemon [_thread_blocked, id=18684, stack(0x0000000b3a200000,0x0000000b3a300000) (1024K)]
  0x000002021dd91990 JavaThread "http-nio-8080-exec-4"       daemon [_thread_blocked, id=15784, stack(0x0000000b3a300000,0x0000000b3a400000) (1024K)]
  0x000002021dd8f230 JavaThread "http-nio-8080-exec-5"       daemon [_thread_blocked, id=10680, stack(0x0000000b3a400000,0x0000000b3a500000) (1024K)]
  0x000002021dd8eba0 JavaThread "http-nio-8080-exec-6"       daemon [_thread_blocked, id=27576, stack(0x0000000b3a500000,0x0000000b3a600000) (1024K)]
  0x000002021dd92020 JavaThread "http-nio-8080-exec-7"       daemon [_thread_blocked, id=24156, stack(0x0000000b3a600000,0x0000000b3a700000) (1024K)]
  0x000002021dd8ff50 JavaThread "http-nio-8080-exec-8"       daemon [_thread_blocked, id=7120, stack(0x0000000b3a700000,0x0000000b3a800000) (1024K)]
  0x000002021dd926b0 JavaThread "http-nio-8080-exec-9"       daemon [_thread_blocked, id=22692, stack(0x0000000b3a800000,0x0000000b3a900000) (1024K)]
  0x000002021dd8f8c0 JavaThread "http-nio-8080-exec-10"      daemon [_thread_blocked, id=22644, stack(0x0000000b3a900000,0x0000000b3aa00000) (1024K)]
  0x000002021dacfa10 JavaThread "http-nio-8080-Poller"       daemon [_thread_in_native, id=26392, stack(0x0000000b3aa00000,0x0000000b3ab00000) (1024K)]
  0x000002021dacecf0 JavaThread "http-nio-8080-Acceptor"     daemon [_thread_in_native, id=13184, stack(0x0000000b3ab00000,0x0000000b3ac00000) (1024K)]
  0x000002021dacd940 JavaThread "scheduling-1"                      [_thread_blocked, id=8580, stack(0x0000000b3ac00000,0x0000000b3ad00000) (1024K)]
  0x000002021dacf380 JavaThread "DestroyJavaVM"                     [_thread_blocked, id=13416, stack(0x0000000b37500000,0x0000000b37600000) (1024K)]
  0x000002021d088210 JavaThread "C2 CompilerThread1"         daemon [_thread_blocked, id=18032, stack(0x0000000b38600000,0x0000000b38700000) (1024K)]
  0x000002021b257be0 JavaThread "C2 CompilerThread2"         daemon [_thread_in_native, id=10080, stack(0x0000000b38900000,0x0000000b38a00000) (1024K)]
Total: 35

Other Threads:
  0x00000201d4e9a330 VMThread "VM Thread"                           [id=9136, stack(0x0000000b37c00000,0x0000000b37d00000) (1024K)]
  0x00000201d4e84cf0 WatcherThread "VM Periodic Task Thread"        [id=22760, stack(0x0000000b37b00000,0x0000000b37c00000) (1024K)]
  0x00000201b605ce00 WorkerThread "GC Thread#0"                     [id=22448, stack(0x0000000b37600000,0x0000000b37700000) (1024K)]
  0x000002021b632240 WorkerThread "GC Thread#1"                     [id=8644, stack(0x0000000b38b00000,0x0000000b38c00000) (1024K)]
  0x000002021b4765f0 WorkerThread "GC Thread#2"                     [id=15192, stack(0x0000000b38c00000,0x0000000b38d00000) (1024K)]
  0x000002021b4be650 WorkerThread "GC Thread#3"                     [id=11152, stack(0x0000000b38d00000,0x0000000b38e00000) (1024K)]
  0x000002021b8f3850 WorkerThread "GC Thread#4"                     [id=24344, stack(0x0000000b38e00000,0x0000000b38f00000) (1024K)]
  0x000002021b8f3bf0 WorkerThread "GC Thread#5"                     [id=10796, stack(0x0000000b38f00000,0x0000000b39000000) (1024K)]
  0x000002021b8f3f90 WorkerThread "GC Thread#6"                     [id=22568, stack(0x0000000b39000000,0x0000000b39100000) (1024K)]
  0x000002021b8f29d0 WorkerThread "GC Thread#7"                     [id=22620, stack(0x0000000b39200000,0x0000000b39300000) (1024K)]
  0x000002021b8f3110 WorkerThread "GC Thread#8"                     [id=14168, stack(0x0000000b39300000,0x0000000b39400000) (1024K)]
  0x000002021b8f34b0 WorkerThread "GC Thread#9"                     [id=25780, stack(0x0000000b39400000,0x0000000b39500000) (1024K)]
  0x00000201b606d770 ConcurrentGCThread "G1 Main Marker"            [id=3312, stack(0x0000000b37700000,0x0000000b37800000) (1024K)]
  0x00000201b6070010 WorkerThread "G1 Conc#0"                       [id=24912, stack(0x0000000b37800000,0x0000000b37900000) (1024K)]
  0x000002021d8d3690 WorkerThread "G1 Conc#1"                       [id=24928, stack(0x0000000b39700000,0x0000000b39800000) (1024K)]
  0x000002021d8d3a30 WorkerThread "G1 Conc#2"                       [id=23944, stack(0x0000000b39800000,0x0000000b39900000) (1024K)]
  0x00000201d4d45460 ConcurrentGCThread "G1 Refine#0"               [id=27316, stack(0x0000000b37900000,0x0000000b37a00000) (1024K)]
  0x00000201d4d45ee0 ConcurrentGCThread "G1 Service"                [id=11240, stack(0x0000000b37a00000,0x0000000b37b00000) (1024K)]
Total: 18

Threads with active compile tasks:
C2 CompilerThread0  33478 5738       4       java.lang.invoke.MemberName::getInvocationType (56 bytes)
C2 CompilerThread2  33478 5890       4       tools.jackson.core.json.UTF8JsonGenerator::_writeStringSegment (122 bytes)
Total: 2

VM state: not at safepoint (normal execution)

VM Mutex/Monitor currently owned by a thread: None

Heap address: 0x0000000705800000, size: 4008 MB, Compressed Oops mode: Zero based, Oop shift amount: 3

CDS archive(s) mapped at: [0x00000201d6000000-0x00000201d6c80000-0x00000201d6c80000), size 13107200, SharedBaseAddress: 0x00000201d6000000, ArchiveRelocationMode: 1.
Compressed class space mapped at: 0x00000201d7000000-0x0000020217000000, reserved size: 1073741824
Narrow klass base: 0x00000201d6000000, Narrow klass shift: 0, Narrow klass range: 0x100000000

GC Precious Log:
 CardTable entry size: 512
 Card Set container configuration: InlinePtr #cards 4 size 8 Array Of Cards #cards 16 size 48 Howl #buckets 8 coarsen threshold 3686 Howl Bitmap #cards 512 size 80 coarsen threshold 460 Card regions per heap region 1 cards per card region 4096
 CPUs: 12 total, 12 available
 Memory: 16024M
 Large Page Support: Disabled
 NUMA Support: Disabled
 Compressed Oops: Enabled (Zero based)
 Heap Region Size: 2M
 Heap Min Capacity: 8M
 Heap Initial Capacity: 252M
 Heap Max Capacity: 4008M
 Pre-touch: Disabled
 Parallel Workers: 10
 Concurrent Workers: 3
 Concurrent Refinement Workers: 10
 Periodic GC: Disabled

Heap:
 garbage-first heap   total 157696K, used 45208K [0x0000000705800000, 0x0000000800000000)
  region size 2048K, 7 young (14336K), 2 survivors (4096K)
 Metaspace       used 51059K, committed 51776K, reserved 1114112K
  class space    used 6895K, committed 7232K, reserved 1048576K

Heap Regions: E=young(eden), S=young(survivor), O=old, HS=humongous(starts), HC=humongous(continues), CS=collection set, F=free, TAMS=top-at-mark-start, PB=parsable bottom
|   0|0x0000000705800000, 0x0000000705a00000, 0x0000000705a00000|100%| O|  |TAMS 0x0000000705800000| PB 0x0000000705800000| Untracked 
|   1|0x0000000705a00000, 0x0000000705c00000, 0x0000000705c00000|100%| O|  |TAMS 0x0000000705a00000| PB 0x0000000705a00000| Untracked 
|   2|0x0000000705c00000, 0x0000000705e00000, 0x0000000705e00000|100%| O|  |TAMS 0x0000000705c00000| PB 0x0000000705c00000| Untracked 
|   3|0x0000000705e00000, 0x0000000706000000, 0x0000000706000000|100%| O|  |TAMS 0x0000000705e00000| PB 0x0000000705e00000| Untracked 
|   4|0x0000000706000000, 0x0000000706200000, 0x0000000706200000|100%| O|  |TAMS 0x0000000706000000| PB 0x0000000706000000| Untracked 
|   5|0x0000000706200000, 0x0000000706400000, 0x0000000706400000|100%| O|  |TAMS 0x0000000706200000| PB 0x0000000706200000| Untracked 
|   6|0x0000000706400000, 0x0000000706600000, 0x0000000706600000|100%| O|  |TAMS 0x0000000706400000| PB 0x0000000706400000| Untracked 
|   7|0x0000000706600000, 0x0000000706800000, 0x0000000706800000|100%| O|  |TAMS 0x0000000706600000| PB 0x0000000706600000| Untracked 
|   8|0x0000000706800000, 0x0000000706a00000, 0x0000000706a00000|100%| O|  |TAMS 0x0000000706800000| PB 0x0000000706800000| Untracked 
|   9|0x0000000706a00000, 0x0000000706c00000, 0x0000000706c00000|100%| O|Cm|TAMS 0x0000000706a00000| PB 0x0000000706a00000| Complete 
|  10|0x0000000706c00000, 0x0000000706e00000, 0x0000000706e00000|100%| O|  |TAMS 0x0000000706c00000| PB 0x0000000706c00000| Untracked 
|  11|0x0000000706e00000, 0x0000000706f61b30, 0x0000000707000000| 69%| O|  |TAMS 0x0000000706e00000| PB 0x0000000706e00000| Untracked 
|  12|0x0000000707000000, 0x0000000707200000, 0x0000000707200000|100%|HS|  |TAMS 0x0000000707000000| PB 0x0000000707000000| Complete 
|  13|0x0000000707200000, 0x0000000707400000, 0x0000000707400000|100%|HS|  |TAMS 0x0000000707200000| PB 0x0000000707200000| Complete 
|  14|0x0000000707400000, 0x0000000707600000, 0x0000000707600000|100%|HS|  |TAMS 0x0000000707400000| PB 0x0000000707400000| Complete 
|  15|0x0000000707600000, 0x0000000707800000, 0x0000000707800000|100%|HS|  |TAMS 0x0000000707600000| PB 0x0000000707600000| Complete 
|  16|0x0000000707800000, 0x0000000707a00000, 0x0000000707a00000|100%|HC|  |TAMS 0x0000000707800000| PB 0x0000000707800000| Complete 
|  17|0x0000000707a00000, 0x0000000707c00000, 0x0000000707c00000|100%|HS|  |TAMS 0x0000000707a00000| PB 0x0000000707a00000| Complete 
|  18|0x0000000707c00000, 0x0000000707c00000, 0x0000000707e00000|  0%| F|  |TAMS 0x0000000707c00000| PB 0x0000000707c00000| Untracked 
|  19|0x0000000707e00000, 0x0000000707e00000, 0x0000000708000000|  0%| F|  |TAMS 0x0000000707e00000| PB 0x0000000707e00000| Untracked 
|  20|0x0000000708000000, 0x0000000708200000, 0x0000000708200000|100%| S|CS|TAMS 0x0000000708000000| PB 0x0000000708000000| Complete 
|  21|0x0000000708200000, 0x00000007082c48a8, 0x0000000708400000| 38%| S|CS|TAMS 0x0000000708200000| PB 0x0000000708200000| Complete 
|  22|0x0000000708400000, 0x0000000708400000, 0x0000000708600000|  0%| F|  |TAMS 0x0000000708400000| PB 0x0000000708400000| Untracked 
|  23|0x0000000708600000, 0x0000000708600000, 0x0000000708800000|  0%| F|  |TAMS 0x0000000708600000| PB 0x0000000708600000| Untracked 
|  24|0x0000000708800000, 0x0000000708800000, 0x0000000708a00000|  0%| F|  |TAMS 0x0000000708800000| PB 0x0000000708800000| Untracked 
|  25|0x0000000708a00000, 0x0000000708a00000, 0x0000000708c00000|  0%| F|  |TAMS 0x0000000708a00000| PB 0x0000000708a00000| Untracked 
|  26|0x0000000708c00000, 0x0000000708c00000, 0x0000000708e00000|  0%| F|  |TAMS 0x0000000708c00000| PB 0x0000000708c00000| Untracked 
|  27|0x0000000708e00000, 0x0000000708e00000, 0x0000000709000000|  0%| F|  |TAMS 0x0000000708e00000| PB 0x0000000708e00000| Untracked 
|  28|0x0000000709000000, 0x0000000709000000, 0x0000000709200000|  0%| F|  |TAMS 0x0000000709000000| PB 0x0000000709000000| Untracked 
|  29|0x0000000709200000, 0x0000000709200000, 0x0000000709400000|  0%| F|  |TAMS 0x0000000709200000| PB 0x0000000709200000| Untracked 
|  30|0x0000000709400000, 0x0000000709400000, 0x0000000709600000|  0%| F|  |TAMS 0x0000000709400000| PB 0x0000000709400000| Untracked 
|  31|0x0000000709600000, 0x0000000709600000, 0x0000000709800000|  0%| F|  |TAMS 0x0000000709600000| PB 0x0000000709600000| Untracked 
|  32|0x0000000709800000, 0x0000000709800000, 0x0000000709a00000|  0%| F|  |TAMS 0x0000000709800000| PB 0x0000000709800000| Untracked 
|  33|0x0000000709a00000, 0x0000000709a00000, 0x0000000709c00000|  0%| F|  |TAMS 0x0000000709a00000| PB 0x0000000709a00000| Untracked 
|  34|0x0000000709c00000, 0x0000000709c00000, 0x0000000709e00000|  0%| F|  |TAMS 0x0000000709c00000| PB 0x0000000709c00000| Untracked 
|  35|0x0000000709e00000, 0x0000000709e00000, 0x000000070a000000|  0%| F|  |TAMS 0x0000000709e00000| PB 0x0000000709e00000| Untracked 
|  36|0x000000070a000000, 0x000000070a000000, 0x000000070a200000|  0%| F|  |TAMS 0x000000070a000000| PB 0x000000070a000000| Untracked 
|  37|0x000000070a200000, 0x000000070a200000, 0x000000070a400000|  0%| F|  |TAMS 0x000000070a200000| PB 0x000000070a200000| Untracked 
|  38|0x000000070a400000, 0x000000070a400000, 0x000000070a600000|  0%| F|  |TAMS 0x000000070a400000| PB 0x000000070a400000| Untracked 
|  39|0x000000070a600000, 0x000000070a600000, 0x000000070a800000|  0%| F|  |TAMS 0x000000070a600000| PB 0x000000070a600000| Untracked 
|  40|0x000000070a800000, 0x000000070a800000, 0x000000070aa00000|  0%| F|  |TAMS 0x000000070a800000| PB 0x000000070a800000| Untracked 
|  41|0x000000070aa00000, 0x000000070aa00000, 0x000000070ac00000|  0%| F|  |TAMS 0x000000070aa00000| PB 0x000000070aa00000| Untracked 
|  42|0x000000070ac00000, 0x000000070ac00000, 0x000000070ae00000|  0%| F|  |TAMS 0x000000070ac00000| PB 0x000000070ac00000| Untracked 
|  43|0x000000070ae00000, 0x000000070ae00000, 0x000000070b000000|  0%| F|  |TAMS 0x000000070ae00000| PB 0x000000070ae00000| Untracked 
|  44|0x000000070b000000, 0x000000070b000000, 0x000000070b200000|  0%| F|  |TAMS 0x000000070b000000| PB 0x000000070b000000| Untracked 
|  45|0x000000070b200000, 0x000000070b200000, 0x000000070b400000|  0%| F|  |TAMS 0x000000070b200000| PB 0x000000070b200000| Untracked 
|  46|0x000000070b400000, 0x000000070b400000, 0x000000070b600000|  0%| F|  |TAMS 0x000000070b400000| PB 0x000000070b400000| Untracked 
|  47|0x000000070b600000, 0x000000070b600000, 0x000000070b800000|  0%| F|  |TAMS 0x000000070b600000| PB 0x000000070b600000| Untracked 
|  48|0x000000070b800000, 0x000000070b800000, 0x000000070ba00000|  0%| F|  |TAMS 0x000000070b800000| PB 0x000000070b800000| Untracked 
|  49|0x000000070ba00000, 0x000000070ba00000, 0x000000070bc00000|  0%| F|  |TAMS 0x000000070ba00000| PB 0x000000070ba00000| Untracked 
|  50|0x000000070bc00000, 0x000000070bc00000, 0x000000070be00000|  0%| F|  |TAMS 0x000000070bc00000| PB 0x000000070bc00000| Untracked 
|  51|0x000000070be00000, 0x000000070be00000, 0x000000070c000000|  0%| F|  |TAMS 0x000000070be00000| PB 0x000000070be00000| Untracked 
|  52|0x000000070c000000, 0x000000070c000000, 0x000000070c200000|  0%| F|  |TAMS 0x000000070c000000| PB 0x000000070c000000| Untracked 
|  53|0x000000070c200000, 0x000000070c200000, 0x000000070c400000|  0%| F|  |TAMS 0x000000070c200000| PB 0x000000070c200000| Untracked 
|  54|0x000000070c400000, 0x000000070c400000, 0x000000070c600000|  0%| F|  |TAMS 0x000000070c400000| PB 0x000000070c400000| Untracked 
|  55|0x000000070c600000, 0x000000070c600000, 0x000000070c800000|  0%| F|  |TAMS 0x000000070c600000| PB 0x000000070c600000| Untracked 
|  56|0x000000070c800000, 0x000000070c800000, 0x000000070ca00000|  0%| F|  |TAMS 0x000000070c800000| PB 0x000000070c800000| Untracked 
|  57|0x000000070ca00000, 0x000000070ca00000, 0x000000070cc00000|  0%| F|  |TAMS 0x000000070ca00000| PB 0x000000070ca00000| Untracked 
|  58|0x000000070cc00000, 0x000000070cc00000, 0x000000070ce00000|  0%| F|  |TAMS 0x000000070cc00000| PB 0x000000070cc00000| Untracked 
|  59|0x000000070ce00000, 0x000000070ce00000, 0x000000070d000000|  0%| F|  |TAMS 0x000000070ce00000| PB 0x000000070ce00000| Untracked 
|  60|0x000000070d000000, 0x000000070d000000, 0x000000070d200000|  0%| F|  |TAMS 0x000000070d000000| PB 0x000000070d000000| Untracked 
|  61|0x000000070d200000, 0x000000070d200000, 0x000000070d400000|  0%| F|  |TAMS 0x000000070d200000| PB 0x000000070d200000| Untracked 
|  62|0x000000070d400000, 0x000000070d400000, 0x000000070d600000|  0%| F|  |TAMS 0x000000070d400000| PB 0x000000070d400000| Untracked 
|  63|0x000000070d600000, 0x000000070d600000, 0x000000070d800000|  0%| F|  |TAMS 0x000000070d600000| PB 0x000000070d600000| Untracked 
|  64|0x000000070d800000, 0x000000070d800000, 0x000000070da00000|  0%| F|  |TAMS 0x000000070d800000| PB 0x000000070d800000| Untracked 
|  65|0x000000070da00000, 0x000000070da00000, 0x000000070dc00000|  0%| F|  |TAMS 0x000000070da00000| PB 0x000000070da00000| Untracked 
|  66|0x000000070dc00000, 0x000000070dc00000, 0x000000070de00000|  0%| F|  |TAMS 0x000000070dc00000| PB 0x000000070dc00000| Untracked 
|  67|0x000000070de00000, 0x000000070de00000, 0x000000070e000000|  0%| F|  |TAMS 0x000000070de00000| PB 0x000000070de00000| Untracked 
|  68|0x000000070e000000, 0x000000070e000000, 0x000000070e200000|  0%| F|  |TAMS 0x000000070e000000| PB 0x000000070e000000| Untracked 
|  69|0x000000070e200000, 0x000000070e200000, 0x000000070e400000|  0%| F|  |TAMS 0x000000070e200000| PB 0x000000070e200000| Untracked 
|  70|0x000000070e400000, 0x000000070e400000, 0x000000070e600000|  0%| F|  |TAMS 0x000000070e400000| PB 0x000000070e400000| Untracked 
|  71|0x000000070e600000, 0x000000070e600000, 0x000000070e800000|  0%| F|  |TAMS 0x000000070e600000| PB 0x000000070e600000| Untracked 
| 105|0x0000000712a00000, 0x0000000712b5e488, 0x0000000712c00000| 68%| E|  |TAMS 0x0000000712a00000| PB 0x0000000712a00000| Complete 
| 106|0x0000000712c00000, 0x0000000712e00000, 0x0000000712e00000|100%| E|CS|TAMS 0x0000000712c00000| PB 0x0000000712c00000| Complete 
| 107|0x0000000712e00000, 0x0000000712f7f750, 0x0000000713000000| 74%| E|  |TAMS 0x0000000712e00000| PB 0x0000000712e00000| Complete 
| 124|0x0000000715000000, 0x0000000715200000, 0x0000000715200000|100%| E|CS|TAMS 0x0000000715000000| PB 0x0000000715000000| Complete 
| 125|0x0000000715200000, 0x0000000715400000, 0x0000000715400000|100%| E|CS|TAMS 0x0000000715200000| PB 0x0000000715200000| Complete 

Card table byte_map: [0x00000201ce420000,0x00000201cec00000] _byte_map_base: 0x00000201cabf4000

Marking Bits: (CMBitMap*) 0x00000201b605d410
 Bits: [0x00000201cec00000, 0x00000201d2aa0000)

Polling page: 0x00000201b57b0000

Metaspace:

Usage:
  Non-class:     43.13 MB used.
      Class:      6.73 MB used.
       Both:     49.86 MB used.

Virtual space:
  Non-class space:       64.00 MB reserved,      43.50 MB ( 68%) committed,  1 nodes.
      Class space:        1.00 GB reserved,       7.06 MB ( <1%) committed,  1 nodes.
             Both:        1.06 GB reserved,      50.56 MB (  5%) committed. 

Chunk freelists:
   Non-Class:  3.58 MB
       Class:  8.89 MB
        Both:  12.47 MB

MaxMetaspaceSize: unlimited
CompressedClassSpaceSize: 1.00 GB
Initial GC threshold: 21.00 MB
Current GC threshold: 81.88 MB
CDS: on
 - commit_granule_bytes: 65536.
 - commit_granule_words: 8192.
 - virtual_space_node_default_size: 8388608.
 - enlarge_chunks_in_place: 1.
 - use_allocation_guard: 0.


Internal statistics:

num_allocs_failed_limit: 6.
num_arena_births: 1026.
num_arena_deaths: 6.
num_vsnodes_births: 2.
num_vsnodes_deaths: 0.
num_space_committed: 809.
num_space_uncommitted: 0.
num_chunks_returned_to_freelist: 15.
num_chunks_taken_from_freelist: 3101.
num_chunk_merges: 7.
num_chunk_splits: 2026.
num_chunks_enlarged: 1408.
num_inconsistent_stats: 0.

CodeHeap 'non-profiled nmethods': size=120000Kb used=3535Kb max_used=3629Kb free=116464Kb
 bounds [0x00000201c61c0000, 0x00000201c6550000, 0x00000201cd6f0000]
CodeHeap 'profiled nmethods': size=120000Kb used=10172Kb max_used=10993Kb free=109827Kb
 bounds [0x00000201be6f0000, 0x00000201bf1b0000, 0x00000201c5c20000]
CodeHeap 'non-nmethods': size=5760Kb used=1578Kb max_used=1604Kb free=4181Kb
 bounds [0x00000201c5c20000, 0x00000201c5e90000, 0x00000201c61c0000]
CodeCache: size=245760Kb, used=15285Kb, max_used=16226Kb, free=230472Kb
 total_blobs=5867, nmethods=5233, adapters=538, full_count=0
Compilation: enabled, stopped_count=0, restarted_count=0

Compilation events (20 events):
Event: 33.409 Thread 0x00000201d4ebc720 5883       3       org.apache.tomcat.util.net.SocketWrapperBase::writeBlocking (61 bytes)
Event: 33.410 Thread 0x00000201d4ebc720 nmethod 5883 0x00000201beb5bf10 code [0x00000201beb5c160, 0x00000201beb5cbb8]
Event: 33.410 Thread 0x00000201d4ebc720 5884       3       java.nio.HeapByteBuffer::put (12 bytes)
Event: 33.410 Thread 0x00000201d4ebc720 nmethod 5884 0x00000201beede290 code [0x00000201beede480, 0x00000201beede940]
Event: 33.410 Thread 0x00000201d4ebc720 5882       3       org.apache.tomcat.util.net.SocketWrapperBase::write (30 bytes)
Event: 33.411 Thread 0x00000201d4ebc720 nmethod 5882 0x00000201beadb790 code [0x00000201beadb980, 0x00000201beadbda0]
Event: 33.411 Thread 0x00000201d4ebc720 5885       3       org.apache.tomcat.util.net.SocketBufferHandler::setWriteBufferConfiguredForWrite (84 bytes)
Event: 33.411 Thread 0x00000201d4ebc720 nmethod 5885 0x00000201beb57a90 code [0x00000201beb57ca0, 0x00000201beb583a0]
Event: 33.413 Thread 0x00000201d4ebc720 5886       3       sun.nio.ch.Util$BufferCache::get (164 bytes)
Event: 33.414 Thread 0x00000201d4ebc720 nmethod 5886 0x00000201beb84c90 code [0x00000201beb84ec0, 0x00000201beb858b0]
Event: 33.414 Thread 0x00000201d4ebc720 5887       3       sun.nio.ch.Util::getTemporaryDirectBuffer (55 bytes)
Event: 33.414 Thread 0x00000201d4ebc720 nmethod 5887 0x00000201be74b590 code [0x00000201be74b820, 0x00000201be74c398]
Event: 33.414 Thread 0x00000201d4ebc720 5888       3       sun.nio.ch.Util$BufferCache::next (8 bytes)
Event: 33.415 Thread 0x00000201d4ebc720 nmethod 5888 0x00000201be8ccc90 code [0x00000201be8cce20, 0x00000201be8ccf58]
Event: 33.415 Thread 0x00000201d4ebc720 5889       3       java.nio.MappedByteBuffer::position (6 bytes)
Event: 33.415 Thread 0x00000201d4ebc720 nmethod 5889 0x00000201bedeaa90 code [0x00000201bedeac40, 0x00000201bedeae50]
Event: 33.419 Thread 0x000002021b257be0 nmethod 5837% 0x00000201c62ef090 code [0x00000201c62ef280, 0x00000201c62efa68]
Event: 33.419 Thread 0x000002021b257be0 5855       4       java.util.Base64$Encoder::encodeBlock (153 bytes)
Event: 33.425 Thread 0x000002021b257be0 nmethod 5855 0x00000201c62dbf10 code [0x00000201c62dc0a0, 0x00000201c62dc3d0]
Event: 33.425 Thread 0x000002021b257be0 5890       4       tools.jackson.core.json.UTF8JsonGenerator::_writeStringSegment (122 bytes)

GC Heap History (20 events):
Event: 3.791 GC heap before
{Heap before GC invocations=4 (full 0):
 garbage-first heap   total 40960K, used 40443K [0x0000000705800000, 0x0000000800000000)
  region size 2048K, 17 young (34816K), 3 survivors (6144K)
 Metaspace       used 24499K, committed 24960K, reserved 1114112K
  class space    used 3149K, committed 3328K, reserved 1048576K
}
Event: 3.798 GC heap after
{Heap after GC invocations=5 (full 0):
 garbage-first heap   total 49152K, used 13825K [0x0000000705800000, 0x0000000800000000)
  region size 2048K, 4 young (8192K), 4 survivors (8192K)
 Metaspace       used 24499K, committed 24960K, reserved 1114112K
  class space    used 3149K, committed 3328K, reserved 1048576K
}
Event: 4.489 GC heap before
{Heap before GC invocations=5 (full 0):
 garbage-first heap   total 49152K, used 34305K [0x0000000705800000, 0x0000000800000000)
  region size 2048K, 14 young (28672K), 4 survivors (8192K)
 Metaspace       used 28426K, committed 28992K, reserved 1114112K
  class space    used 3671K, committed 3904K, reserved 1048576K
}
Event: 4.496 GC heap after
{Heap after GC invocations=6 (full 0):
 garbage-first heap   total 49152K, used 15240K [0x0000000705800000, 0x0000000800000000)
  region size 2048K, 2 young (4096K), 2 survivors (4096K)
 Metaspace       used 28426K, committed 28992K, reserved 1114112K
  class space    used 3671K, committed 3904K, reserved 1048576K
}
Event: 5.242 GC heap before
{Heap before GC invocations=6 (full 0):
 garbage-first heap   total 49152K, used 35720K [0x0000000705800000, 0x0000000800000000)
  region size 2048K, 12 young (24576K), 2 survivors (4096K)
 Metaspace       used 32524K, committed 33024K, reserved 1114112K
  class space    used 4204K, committed 4416K, reserved 1048576K
}
Event: 5.246 GC heap after
{Heap after GC invocations=7 (full 0):
 garbage-first heap   total 49152K, used 16873K [0x0000000705800000, 0x0000000800000000)
  region size 2048K, 2 young (4096K), 2 survivors (4096K)
 Metaspace       used 32524K, committed 33024K, reserved 1114112K
  class space    used 4204K, committed 4416K, reserved 1048576K
}
Event: 5.888 GC heap before
{Heap before GC invocations=7 (full 0):
 garbage-first heap   total 49152K, used 29161K [0x0000000705800000, 0x0000000800000000)
  region size 2048K, 9 young (18432K), 2 survivors (4096K)
 Metaspace       used 35870K, committed 36480K, reserved 1114112K
  class space    used 4661K, committed 4928K, reserved 1048576K
}
Event: 5.892 GC heap after
{Heap after GC invocations=8 (full 0):
 garbage-first heap   total 49152K, used 18096K [0x0000000705800000, 0x0000000800000000)
  region size 2048K, 2 young (4096K), 2 survivors (4096K)
 Metaspace       used 35870K, committed 36480K, reserved 1114112K
  class space    used 4661K, committed 4928K, reserved 1048576K
}
Event: 6.781 GC heap before
{Heap before GC invocations=9 (full 0):
 garbage-first heap   total 49152K, used 38576K [0x0000000705800000, 0x0000000800000000)
  region size 2048K, 12 young (24576K), 2 survivors (4096K)
 Metaspace       used 39899K, committed 40512K, reserved 1114112K
  class space    used 5314K, committed 5568K, reserved 1048576K
}
Event: 6.786 GC heap after
{Heap after GC invocations=10 (full 0):
 garbage-first heap   total 49152K, used 20593K [0x0000000705800000, 0x0000000800000000)
  region size 2048K, 2 young (4096K), 2 survivors (4096K)
 Metaspace       used 39899K, committed 40512K, reserved 1114112K
  class space    used 5314K, committed 5568K, reserved 1048576K
}
Event: 7.517 GC heap before
{Heap before GC invocations=10 (full 0):
 garbage-first heap   total 49152K, used 39025K [0x0000000705800000, 0x0000000800000000)
  region size 2048K, 11 young (22528K), 2 survivors (4096K)
 Metaspace       used 42800K, committed 43392K, reserved 1114112K
  class space    used 5684K, committed 5952K, reserved 1048576K
}
Event: 7.521 GC heap after
{Heap after GC invocations=11 (full 0):
 garbage-first heap   total 49152K, used 22441K [0x0000000705800000, 0x0000000800000000)
  region size 2048K, 1 young (2048K), 1 survivors (2048K)
 Metaspace       used 42800K, committed 43392K, reserved 1114112K
  class space    used 5684K, committed 5952K, reserved 1048576K
}
Event: 8.453 GC heap before
{Heap before GC invocations=11 (full 0):
 garbage-first heap   total 49152K, used 40873K [0x0000000705800000, 0x0000000800000000)
  region size 2048K, 10 young (20480K), 1 survivors (2048K)
 Metaspace       used 45468K, committed 46144K, reserved 1114112K
  class space    used 6084K, committed 6400K, reserved 1048576K
}
Event: 8.457 GC heap after
{Heap after GC invocations=12 (full 0):
 garbage-first heap   total 49152K, used 24266K [0x0000000705800000, 0x0000000800000000)
  region size 2048K, 2 young (4096K), 2 survivors (4096K)
 Metaspace       used 45468K, committed 46144K, reserved 1114112K
  class space    used 6084K, committed 6400K, reserved 1048576K
}
Event: 32.998 GC heap before
{Heap before GC invocations=12 (full 0):
 garbage-first heap   total 49152K, used 40650K [0x0000000705800000, 0x0000000800000000)
  region size 2048K, 10 young (20480K), 2 survivors (4096K)
 Metaspace       used 49137K, committed 49792K, reserved 1114112K
  class space    used 6614K, committed 6912K, reserved 1048576K
}
Event: 33.005 GC heap after
{Heap after GC invocations=13 (full 0):
 garbage-first heap   total 49152K, used 25413K [0x0000000705800000, 0x0000000800000000)
  region size 2048K, 2 young (4096K), 2 survivors (4096K)
 Metaspace       used 49137K, committed 49792K, reserved 1114112K
  class space    used 6614K, committed 6912K, reserved 1048576K
}
Event: 33.113 GC heap before
{Heap before GC invocations=13 (full 0):
 garbage-first heap   total 49152K, used 27461K [0x0000000705800000, 0x0000000800000000)
  region size 2048K, 4 young (8192K), 2 survivors (4096K)
 Metaspace       used 49562K, committed 50240K, reserved 1114112K
  class space    used 6683K, committed 6976K, reserved 1048576K
}
Event: 33.116 GC heap after
{Heap after GC invocations=14 (full 0):
 garbage-first heap   total 49152K, used 25443K [0x0000000705800000, 0x0000000800000000)
  region size 2048K, 1 young (2048K), 1 survivors (2048K)
 Metaspace       used 49562K, committed 50240K, reserved 1114112K
  class space    used 6683K, committed 6976K, reserved 1048576K
}
Event: 33.295 GC heap before
{Heap before GC invocations=15 (full 0):
 garbage-first heap   total 51200K, used 47971K [0x0000000705800000, 0x0000000800000000)
  region size 2048K, 7 young (14336K), 1 survivors (2048K)
 Metaspace       used 50530K, committed 51328K, reserved 1114112K
  class space    used 6841K, committed 7168K, reserved 1048576K
}
Event: 33.299 GC heap after
{Heap after GC invocations=16 (full 0):
 garbage-first heap   total 157696K, used 28824K [0x0000000705800000, 0x0000000800000000)
  region size 2048K, 2 young (4096K), 2 survivors (4096K)
 Metaspace       used 50530K, committed 51328K, reserved 1114112K
  class space    used 6841K, committed 7168K, reserved 1048576K
}

Dll operation events (12 events):
Event: 0.023 Loaded shared library C:\Users\araom\.jdks\ms-21.0.8\bin\java.dll
Event: 0.058 Loaded shared library C:\Users\araom\.jdks\ms-21.0.8\bin\jsvml.dll
Event: 0.184 Loaded shared library C:\Users\araom\.jdks\ms-21.0.8\bin\zip.dll
Event: 0.197 Loaded shared library C:\Users\araom\.jdks\ms-21.0.8\bin\instrument.dll
Event: 0.206 Loaded shared library C:\Users\araom\.jdks\ms-21.0.8\bin\net.dll
Event: 0.209 Loaded shared library C:\Users\araom\.jdks\ms-21.0.8\bin\nio.dll
Event: 0.212 Loaded shared library C:\Users\araom\.jdks\ms-21.0.8\bin\zip.dll
Event: 0.354 Loaded shared library C:\Users\araom\.jdks\ms-21.0.8\bin\extnet.dll
Event: 0.390 Loaded shared library C:\Users\araom\.jdks\ms-21.0.8\bin\jimage.dll
Event: 1.076 Loaded shared library C:\Users\araom\.jdks\ms-21.0.8\bin\management.dll
Event: 1.086 Loaded shared library C:\Users\araom\.jdks\ms-21.0.8\bin\management_ext.dll
Event: 2.521 Loaded shared library C:\Users\araom\.jdks\ms-21.0.8\bin\sunmscapi.dll

Deoptimization events (20 events):
Event: 33.386 Thread 0x000002021dd8eba0 DEOPT PACKING pc=0x00000201be8b6739 sp=0x0000000b3a5fb0b0
Event: 33.387 Thread 0x000002021dd8eba0 DEOPT UNPACKING pc=0x00000201c5c74e42 sp=0x0000000b3a5fa548 mode 0
Event: 33.388 Thread 0x000002021dd8eba0 Uncommon trap: trap_request=0xffffff66 fr.pc=0x00000201c64ab070 relative=0x0000000000000350
Event: 33.388 Thread 0x000002021dd8eba0 Uncommon trap: reason=speculate_class_check action=maybe_recompile pc=0x00000201c64ab070 method=org.springframework.core.MethodParameter.getGenericParameterType()Ljava/lang/reflect/Type; @ 17 c2
Event: 33.388 Thread 0x000002021dd8eba0 DEOPT PACKING pc=0x00000201c64ab070 sp=0x0000000b3a5fc2d0
Event: 33.388 Thread 0x000002021dd8eba0 DEOPT UNPACKING pc=0x00000201c5c746a2 sp=0x0000000b3a5fc220 mode 2
Event: 33.420 Thread 0x000002021dd905e0 DEOPT PACKING pc=0x00000201be9c3390 sp=0x0000000b3a0fb9a0
Event: 33.420 Thread 0x000002021dd8eba0 DEOPT PACKING pc=0x00000201be9c3390 sp=0x0000000b3a5fb880
Event: 33.420 Thread 0x000002021dd905e0 DEOPT UNPACKING pc=0x00000201c5c74e42 sp=0x0000000b3a0fae98 mode 0
Event: 33.420 Thread 0x000002021dd8eba0 DEOPT UNPACKING pc=0x00000201c5c74e42 sp=0x0000000b3a5fad78 mode 0
Event: 33.423 Thread 0x000002021dd8eba0 DEOPT PACKING pc=0x00000201be9c3390 sp=0x0000000b3a5fb880
Event: 33.423 Thread 0x000002021dd8eba0 DEOPT UNPACKING pc=0x00000201c5c74e42 sp=0x0000000b3a5fad78 mode 0
Event: 33.425 Thread 0x000002021dd8eba0 DEOPT PACKING pc=0x00000201be9c3390 sp=0x0000000b3a5fb880
Event: 33.425 Thread 0x000002021dd905e0 DEOPT PACKING pc=0x00000201be9c3390 sp=0x0000000b3a0fb9a0
Event: 33.425 Thread 0x000002021dd8eba0 DEOPT UNPACKING pc=0x00000201c5c74e42 sp=0x0000000b3a5fad78 mode 0
Event: 33.425 Thread 0x000002021dd905e0 DEOPT UNPACKING pc=0x00000201c5c74e42 sp=0x0000000b3a0fae98 mode 0
Event: 33.427 Thread 0x000002021dd8eba0 DEOPT PACKING pc=0x00000201be9c3390 sp=0x0000000b3a5fb880
Event: 33.427 Thread 0x000002021dd8eba0 DEOPT UNPACKING pc=0x00000201c5c74e42 sp=0x0000000b3a5fad78 mode 0
Event: 33.428 Thread 0x000002021dd8eba0 DEOPT PACKING pc=0x00000201be9c3390 sp=0x0000000b3a5fb880
Event: 33.428 Thread 0x000002021dd8eba0 DEOPT UNPACKING pc=0x00000201c5c74e42 sp=0x0000000b3a5fad78 mode 0

Classes loaded (20 events):
Event: 33.225 Loading class java/lang/invoke/BoundMethodHandle$Species_LLLLLLLLLLL
Event: 33.225 Loading class java/lang/invoke/BoundMethodHandle$Species_LLLLLLLLLLL done
Event: 33.268 Loading class java/util/stream/LongStream
Event: 33.269 Loading class java/util/stream/LongStream done
Event: 33.269 Loading class java/util/stream/DoubleStream
Event: 33.270 Loading class java/util/stream/DoubleStream done
Event: 33.274 Loading class org/w3c/dom/Node
Event: 33.275 Loading class org/w3c/dom/Node done
Event: 33.275 Loading class org/w3c/dom/Document
Event: 33.276 Loading class org/w3c/dom/Document done
Event: 33.356 Loading class sun/nio/cs/ISO_8859_1$Encoder
Event: 33.356 Loading class sun/nio/cs/ISO_8859_1$Encoder done
Event: 33.356 Loading class sun/nio/cs/Surrogate$Parser
Event: 33.356 Loading class sun/nio/cs/Surrogate$Parser done
Event: 33.357 Loading class sun/nio/cs/Surrogate
Event: 33.357 Loading class sun/nio/cs/Surrogate done
Event: 33.357 Loading class java/nio/StringCharBuffer
Event: 33.357 Loading class java/nio/StringCharBuffer done
Event: 33.366 Loading class sun/reflect/generics/reflectiveObjects/GenericArrayTypeImpl
Event: 33.367 Loading class sun/reflect/generics/reflectiveObjects/GenericArrayTypeImpl done

Classes unloaded (3 events):
Event: 33.136 Thread 0x00000201d4e9a330 Unloading class 0x00000201d7598400 'jdk/internal/reflect/GeneratedSerializationConstructorAccessor3'
Event: 33.136 Thread 0x00000201d4e9a330 Unloading class 0x00000201d7580400 'jdk/internal/reflect/GeneratedSerializationConstructorAccessor2'
Event: 33.136 Thread 0x00000201d4e9a330 Unloading class 0x00000201d7580000 'jdk/internal/reflect/GeneratedSerializationConstructorAccessor1'

Classes redefined (0 events):
No events

Internal exceptions (20 events):
Event: 7.252 Thread 0x00000201d58945e0 Exception <a 'java/lang/NoSuchMethodError'{0x0000000707c677d0}: 'java.lang.Object java.lang.invoke.DirectMethodHandle$Holder.newInvokeSpecial(java.lang.Object, java.lang.Object, java.lang.Object, java.lang.Object, java.lang.Object, java.lang.Object, java.lang.Object, java.lang.Object, java.lang.Object, java.lang.Object, java.lang.Object)'> (0x0000000707c677d0) 
thrown [s\src\hotspot\share\interpreter\linkResolver.cpp, line 773]
Event: 7.350 Thread 0x00000201d58945e0 Exception <a 'java/lang/NoSuchMethodError'{0x0000000707ab1a38}: 'java.lang.Object java.lang.invoke.DirectMethodHandle$Holder.invokeVirtual(java.lang.Object, java.lang.Object, java.lang.Object, int)'> (0x0000000707ab1a38) 
thrown [s\src\hotspot\share\interpreter\linkResolver.cpp, line 773]
Event: 7.864 Thread 0x00000201d58945e0 Exception <a 'java/lang/NoSuchMethodError'{0x0000000712d0fa50}: 'java.lang.Object java.lang.invoke.DirectMethodHandle$Holder.invokeInterface(java.lang.Object, java.lang.Object, java.lang.Object, java.lang.Object)'> (0x0000000712d0fa50) 
thrown [s\src\hotspot\share\interpreter\linkResolver.cpp, line 773]
Event: 7.955 Thread 0x00000201d58945e0 Exception <a 'java/lang/NoSuchMethodError'{0x0000000712b113e0}: 'java.lang.Object java.lang.invoke.DirectMethodHandle$Holder.invokeVirtual(java.lang.Object, java.lang.Object, int)'> (0x0000000712b113e0) 
thrown [s\src\hotspot\share\interpreter\linkResolver.cpp, line 773]
Event: 8.099 Thread 0x00000201d58945e0 Exception <a 'java/lang/IncompatibleClassChangeError'{0x0000000707a3e7c0}: Found class java.lang.Object, but interface was expected> (0x0000000707a3e7c0) 
thrown [s\src\hotspot\share\interpreter\linkResolver.cpp, line 840]
Event: 8.247 Thread 0x00000201d58945e0 Exception <a 'java/lang/NoSuchMethodError'{0x0000000707895620}: 'java.lang.Object java.lang.invoke.DirectMethodHandle$Holder.invokeSpecial(java.lang.Object, java.lang.Object, int, int, int, int)'> (0x0000000707895620) 
thrown [s\src\hotspot\share\interpreter\linkResolver.cpp, line 773]
Event: 8.329 Thread 0x00000201d58945e0 Exception <a 'java/lang/NoSuchMethodError'{0x000000070760ab68}: 'int java.lang.invoke.DirectMethodHandle$Holder.invokeStaticInit(java.lang.Object, java.lang.Object, java.lang.Object, java.lang.Object)'> (0x000000070760ab68) 
thrown [s\src\hotspot\share\interpreter\linkResolver.cpp, line 773]
Event: 8.351 Thread 0x00000201d58945e0 Implicit null exception at 0x00000201c6391a6b to 0x00000201c6391f0c
Event: 8.820 Thread 0x00000201d58945e0 Exception <a 'java/lang/NoSuchMethodError'{0x0000000712ec5ca8}: 'java.lang.Object java.lang.invoke.DirectMethodHandle$Holder.newInvokeSpecial(java.lang.Object, java.lang.Object, int, java.lang.Object, java.lang.Object)'> (0x0000000712ec5ca8) 
thrown [s\src\hotspot\share\interpreter\linkResolver.cpp, line 773]
Event: 9.140 Thread 0x000002021dacd940 Exception <a 'java/lang/NoSuchMethodError'{0x0000000712b3c050}: 'long java.lang.invoke.DirectMethodHandle$Holder.invokeStatic(java.lang.Object, long)'> (0x0000000712b3c050) 
thrown [s\src\hotspot\share\interpreter\linkResolver.cpp, line 773]
Event: 32.724 Thread 0x000002021dacecf0 Exception <a 'java/lang/NoSuchMethodError'{0x0000000707ccf1a0}: 'java.lang.Object java.lang.invoke.DirectMethodHandle$Holder.invokeStatic(java.lang.Object, java.lang.Object, java.lang.Object, int, int)'> (0x0000000707ccf1a0) 
thrown [s\src\hotspot\share\interpreter\linkResolver.cpp, line 773]
Event: 32.724 Thread 0x000002021dacecf0 Exception <a 'java/lang/NoSuchMethodError'{0x0000000707cd2758}: 'java.lang.Object java.lang.invoke.DirectMethodHandle$Holder.invokeStaticInit(java.lang.Object, java.lang.Object, java.lang.Object, int, int)'> (0x0000000707cd2758) 
thrown [s\src\hotspot\share\interpreter\linkResolver.cpp, line 773]
Event: 32.785 Thread 0x000002021dd90c70 Exception <a 'java/lang/NoSuchMethodError'{0x0000000707df0c30}: 'java.lang.Object java.lang.invoke.DirectMethodHandle$Holder.invokeSpecial(java.lang.Object, java.lang.Object, java.lang.Object, java.lang.Object, java.lang.Object, long)'> (0x0000000707df0c30) 
thrown [s\src\hotspot\share\interpreter\linkResolver.cpp, line 773]
Event: 32.785 Thread 0x000002021dd90c70 Exception <a 'java/lang/NoSuchMethodError'{0x0000000707df43c8}: 'java.lang.Object java.lang.invoke.Invokers$Holder.linkToTargetMethod(java.lang.Object, java.lang.Object, java.lang.Object, long, java.lang.Object)'> (0x0000000707df43c8) 
thrown [s\src\hotspot\share\interpreter\linkResolver.cpp, line 773]
Event: 33.065 Thread 0x000002021dd905e0 Exception <a 'java/lang/NoSuchMethodError'{0x00000007153534b8}: 'int java.lang.invoke.DirectMethodHandle$Holder.invokeStatic(java.lang.Object, int, java.lang.Object)'> (0x00000007153534b8) 
thrown [s\src\hotspot\share\interpreter\linkResolver.cpp, line 773]
Event: 33.169 Thread 0x000002021dd90c70 Exception <a 'java/lang/NoSuchMethodError'{0x0000000715021798}: 'void java.lang.invoke.Invokers$Holder.invoke_MT(java.lang.Object, java.lang.Object, java.lang.Object, java.lang.Object)'> (0x0000000715021798) 
thrown [s\src\hotspot\share\interpreter\linkResolver.cpp, line 773]
Event: 33.204 Thread 0x000002021dd90c70 Exception <a 'java/lang/NoSuchMethodError'{0x0000000712d11a10}: 'java.lang.Object java.lang.invoke.Invokers$Holder.linkToTargetMethod(java.lang.Object, java.lang.Object, java.lang.Object, java.lang.Object, java.lang.Object, java.lang.Object, java.lang.Object, java.lang.Object, java.lang.Object, java.lang.Object, java.lang.Object, java.lang.Object)'> (0x0000000712d11a10) 
thrown [s\src\hotspot\share\interpreter\linkResolver.cpp, line 773]
Event: 33.223 Thread 0x000002021dd905e0 Exception <a 'java/lang/NoSuchMethodError'{0x0000000712b1e170}: 'java.lang.Object java.lang.invoke.DirectMethodHandle$Holder.invokeStatic(java.lang.Object, java.lang.Object, java.lang.Object, java.lang.Object, java.lang.Object, java.lang.Object, java.lang.Object, java.lang.Object, java.lang.Object, java.lang.Object, java.lang.Object, java.lang.Object, java.lang.Object)'> (0x0000000712b1e170) 
thrown [s\src\hotspot\share\interpreter\linkResolver.cpp, line 773]
Event: 33.226 Thread 0x000002021dd905e0 Exception <a 'java/lang/NoSuchMethodError'{0x0000000712b3e0c0}: 'java.lang.Object java.lang.invoke.DirectMethodHandle$Holder.invokeStatic(java.lang.Object, java.lang.Object, java.lang.Object, java.lang.Object, java.lang.Object, java.lang.Object, java.lang.Object, java.lang.Object, java.lang.Object, java.lang.Object, java.lang.Object, java.lang.Object, java.lang.Object, java.lang.Object)'> (0x0000000712b3e0c0) 
thrown [s\src\hotspot\share\interpreter\linkResolver.cpp, line 773]
Event: 33.227 Thread 0x000002021dd905e0 Exception <a 'java/lang/NoSuchMethodError'{0x0000000712b52928}: 'java.lang.Object java.lang.invoke.Invokers$Holder.linkToTargetMethod(java.lang.Object, java.lang.Object, java.lang.Object, java.lang.Object, java.lang.Object, java.lang.Object, java.lang.Object, java.lang.Object, java.lang.Object, java.lang.Object, java.lang.Object, java.lang.Object, java.lang.Object, java.lang.Object, java.lang.Object, java.lang.Object)'> (0x0000000712b52928) 
thrown [s\src\hotspot\share\interpreter\linkResolver.cpp, line 77

ZGC Phase Switch (0 events):
No events

VM Operations (20 events):
Event: 32.812 Executing VM operation: HandshakeAllThreads (Deoptimize)
Event: 32.812 Executing VM operation: HandshakeAllThreads (Deoptimize) done
Event: 32.812 Executing VM operation: Cleanup
Event: 32.812 Executing VM operation: Cleanup done
Event: 32.998 Executing VM operation: G1CollectForAllocation (G1 Evacuation Pause)
Event: 33.005 Executing VM operation: G1CollectForAllocation (G1 Evacuation Pause) done
Event: 33.113 Executing VM operation: G1TryInitiateConcMark (G1 Humongous Allocation)
Event: 33.116 Executing VM operation: G1TryInitiateConcMark (G1 Humongous Allocation) done
Event: 33.136 Executing VM operation: G1PauseRemark
Event: 33.146 Executing VM operation: G1PauseRemark done
Event: 33.156 Executing VM operation: G1PauseCleanup
Event: 33.156 Executing VM operation: G1PauseCleanup done
Event: 33.207 Executing VM operation: HandshakeAllThreads (Deoptimize)
Event: 33.207 Executing VM operation: HandshakeAllThreads (Deoptimize) done
Event: 33.292 Executing VM operation: HandshakeAllThreads (Deoptimize)
Event: 33.293 Executing VM operation: HandshakeAllThreads (Deoptimize) done
Event: 33.295 Executing VM operation: G1CollectForAllocation (G1 Evacuation Pause)
Event: 33.299 Executing VM operation: G1CollectForAllocation (G1 Evacuation Pause) done
Event: 33.366 Executing VM operation: HandshakeAllThreads (Deoptimize)
Event: 33.366 Executing VM operation: HandshakeAllThreads (Deoptimize) done

Memory protections (0 events):
No events

Nmethod flushes (20 events):
Event: 33.145 Thread 0x00000201d4e9a330 flushing  nmethod 0x00000201be969a10
Event: 33.145 Thread 0x00000201d4e9a330 flushing  nmethod 0x00000201be98ae10
Event: 33.145 Thread 0x00000201d4e9a330 flushing  nmethod 0x00000201beaba990
Event: 33.145 Thread 0x00000201d4e9a330 flushing  nmethod 0x00000201beabaf10
Event: 33.145 Thread 0x00000201d4e9a330 flushing  nmethod 0x00000201beabb590
Event: 33.145 Thread 0x00000201d4e9a330 flushing  nmethod 0x00000201beafd510
Event: 33.145 Thread 0x00000201d4e9a330 flushing  nmethod 0x00000201beb32610
Event: 33.145 Thread 0x00000201d4e9a330 flushing  nmethod 0x00000201beb3e490
Event: 33.145 Thread 0x00000201d4e9a330 flushing  nmethod 0x00000201beb54210
Event: 33.145 Thread 0x00000201d4e9a330 flushing  nmethod 0x00000201beb55c90
Event: 33.145 Thread 0x00000201d4e9a330 flushing  nmethod 0x00000201beb57a90
Event: 33.145 Thread 0x00000201d4e9a330 flushing  nmethod 0x00000201beb59010
Event: 33.145 Thread 0x00000201d4e9a330 flushing  nmethod 0x00000201beb5b290
Event: 33.145 Thread 0x00000201d4e9a330 flushing  nmethod 0x00000201beb5bf10
Event: 33.145 Thread 0x00000201d4e9a330 flushing  nmethod 0x00000201bebd9610
Event: 33.145 Thread 0x00000201d4e9a330 flushing  nmethod 0x00000201bedb9c10
Event: 33.145 Thread 0x00000201d4e9a330 flushing  nmethod 0x00000201bedc0d10
Event: 33.145 Thread 0x00000201d4e9a330 flushing  nmethod 0x00000201bedc2110
Event: 33.145 Thread 0x00000201d4e9a330 flushing  nmethod 0x00000201beef3f90
Event: 33.145 Thread 0x00000201d4e9a330 flushing  nmethod 0x00000201beef6790

Events (20 events):
Event: 8.855 Thread 0x00000201d58945e0 Thread added: 0x000002021dd90c70
Event: 8.855 Thread 0x00000201d58945e0 Thread added: 0x000002021dd91300
Event: 8.856 Thread 0x00000201d58945e0 Thread added: 0x000002021dd91990
Event: 8.856 Thread 0x00000201d58945e0 Thread added: 0x000002021dd8f230
Event: 8.856 Thread 0x00000201d58945e0 Thread added: 0x000002021dd8eba0
Event: 8.857 Thread 0x00000201d58945e0 Thread added: 0x000002021dd92020
Event: 8.857 Thread 0x00000201d58945e0 Thread added: 0x000002021dd8ff50
Event: 8.857 Thread 0x00000201d58945e0 Thread added: 0x000002021dd926b0
Event: 8.858 Thread 0x00000201d58945e0 Thread added: 0x000002021dd8f8c0
Event: 8.895 Thread 0x00000201d58945e0 Thread added: 0x000002021dacfa10
Event: 8.899 Thread 0x00000201d58945e0 Thread added: 0x000002021dacecf0
Event: 8.930 Thread 0x00000201d58945e0 Thread added: 0x000002021dacd940
Event: 8.971 Thread 0x00000201d58945e0 Thread exited: 0x00000201d58945e0
Event: 8.985 Thread 0x00000201d58938c0 Thread exited: 0x00000201d58938c0
Event: 8.985 Thread 0x00000201b5ff58e0 Thread exited: 0x00000201b5ff58e0
Event: 8.985 Thread 0x000002021dacf380 Thread added: 0x000002021dacf380
Event: 9.692 Thread 0x000002021d080220 Thread exited: 0x000002021d080220
Event: 9.692 Thread 0x00000201d5a407f0 Thread exited: 0x00000201d5a407f0
Event: 32.972 Thread 0x00000201d4ebc720 Thread added: 0x000002021d088210
Event: 33.369 Thread 0x00000201d4ebc720 Thread added: 0x000002021b257be0


Dynamic libraries:
0x00007ff63b170000 - 0x00007ff63b17e000 	C:\Users\araom\.jdks\ms-21.0.8\bin\java.exe
0x00007ffacc400000 - 0x00007ffacc669000 	C:\WINDOWS\SYSTEM32\ntdll.dll
0x00007ffacba50000 - 0x00007ffacbb19000 	C:\WINDOWS\System32\KERNEL32.DLL
0x00007ffac96f0000 - 0x00007ffac9ae3000 	C:\WINDOWS\System32\KERNELBASE.dll
0x00007ffaca080000 - 0x00007ffaca1cb000 	C:\WINDOWS\System32\ucrtbase.dll
0x00007ffa6d2c0000 - 0x00007ffa6d2d8000 	C:\Users\araom\.jdks\ms-21.0.8\bin\jli.dll
0x00007ffa6f110000 - 0x00007ffa6f12e000 	C:\Users\araom\.jdks\ms-21.0.8\bin\VCRUNTIME140.dll
0x00007ffacb5f0000 - 0x00007ffacb7b4000 	C:\WINDOWS\System32\USER32.dll
0x00007ffac9e30000 - 0x00007ffac9e57000 	C:\WINDOWS\System32\win32u.dll
0x00007ffaca500000 - 0x00007ffaca52b000 	C:\WINDOWS\System32\GDI32.dll
0x00007ffac9d00000 - 0x00007ffac9e2d000 	C:\WINDOWS\System32\gdi32full.dll
0x00007ffa8f290000 - 0x00007ffa8f523000 	C:\WINDOWS\WinSxS\amd64_microsoft.windows.common-controls_6595b64144ccf1df_6.0.26100.5074_none_3e0d6f78e32fd63f\COMCTL32.dll
0x00007ffac9e60000 - 0x00007ffac9f03000 	C:\WINDOWS\System32\msvcp_win.dll
0x00007ffaca2e0000 - 0x00007ffaca389000 	C:\WINDOWS\System32\msvcrt.dll
0x00007ffacc0f0000 - 0x00007ffacc11f000 	C:\WINDOWS\System32\IMM32.DLL
0x00007ffaa4f80000 - 0x00007ffaa4f8c000 	C:\Users\araom\.jdks\ms-21.0.8\bin\vcruntime140_1.dll
0x00007ffa54b40000 - 0x00007ffa54bc9000 	C:\Users\araom\.jdks\ms-21.0.8\bin\msvcp140.dll
0x00007ff99d5e0000 - 0x00007ff99e38c000 	C:\Users\araom\.jdks\ms-21.0.8\bin\server\jvm.dll
0x00007ffaca530000 - 0x00007ffaca5e4000 	C:\WINDOWS\System32\ADVAPI32.dll
0x00007ffacb7c0000 - 0x00007ffacb866000 	C:\WINDOWS\System32\sechost.dll
0x00007ffacbef0000 - 0x00007ffacc008000 	C:\WINDOWS\System32\RPCRT4.dll
0x00007ffacc130000 - 0x00007ffacc1a4000 	C:\WINDOWS\System32\WS2_32.dll
0x00007ffab8ea0000 - 0x00007ffab8eab000 	C:\WINDOWS\SYSTEM32\VERSION.dll
0x00007ffac18d0000 - 0x00007ffac1905000 	C:\WINDOWS\SYSTEM32\WINMM.dll
0x00007ffac93f0000 - 0x00007ffac944e000 	C:\WINDOWS\SYSTEM32\POWRPROF.dll
0x00007ffac93b0000 - 0x00007ffac93c4000 	C:\WINDOWS\SYSTEM32\UMPDC.dll
0x00007ffac8330000 - 0x00007ffac834b000 	C:\WINDOWS\SYSTEM32\kernel.appcore.dll
0x00007ffaa3050000 - 0x00007ffaa305a000 	C:\Users\araom\.jdks\ms-21.0.8\bin\jimage.dll
0x00007ffaae930000 - 0x00007ffaaeb72000 	C:\WINDOWS\SYSTEM32\DBGHELP.DLL
0x00007ffacaa80000 - 0x00007ffacadfb000 	C:\WINDOWS\System32\combase.dll
0x00007ffacc010000 - 0x00007ffacc0e7000 	C:\WINDOWS\System32\OLEAUT32.dll
0x00007ffaad5e0000 - 0x00007ffaad61d000 	C:\WINDOWS\SYSTEM32\dbgcore.DLL
0x00007ffac9650000 - 0x00007ffac96e9000 	C:\WINDOWS\System32\bcryptPrimitives.dll
0x00007ffaa2820000 - 0x00007ffaa2830000 	C:\Users\araom\.jdks\ms-21.0.8\bin\instrument.dll
0x00007ffa6d290000 - 0x00007ffa6d2b1000 	C:\Users\araom\.jdks\ms-21.0.8\bin\java.dll
0x00007ffacae90000 - 0x00007ffacb5dd000 	C:\WINDOWS\System32\SHELL32.dll
0x00007ffac9f10000 - 0x00007ffaca07c000 	C:\WINDOWS\System32\wintypes.dll
0x00007ffac71b0000 - 0x00007ffac7a09000 	C:\WINDOWS\SYSTEM32\windows.storage.dll
0x00007ffaca1d0000 - 0x00007ffaca2c0000 	C:\WINDOWS\System32\SHCORE.dll
0x00007ffacae20000 - 0x00007ffacae82000 	C:\WINDOWS\System32\shlwapi.dll
0x00007ffac94b0000 - 0x00007ffac94d9000 	C:\WINDOWS\SYSTEM32\profapi.dll
0x00007ffa11cf0000 - 0x00007ffa11dc6000 	C:\Users\araom\.jdks\ms-21.0.8\bin\jsvml.dll
0x00007ffa6d0a0000 - 0x00007ffa6d0b8000 	C:\Users\araom\.jdks\ms-21.0.8\bin\zip.dll
0x00007ffa6d270000 - 0x00007ffa6d281000 	C:\Users\araom\.jdks\ms-21.0.8\bin\net.dll
0x00007ffac1590000 - 0x00007ffac16af000 	C:\WINDOWS\SYSTEM32\WINHTTP.dll
0x00007ffac8890000 - 0x00007ffac88fb000 	C:\WINDOWS\system32\mswsock.dll
0x00007ffa6d0c0000 - 0x00007ffa6d0d6000 	C:\Users\araom\.jdks\ms-21.0.8\bin\nio.dll
0x00007ffa8a020000 - 0x00007ffa8a029000 	C:\Users\araom\.jdks\ms-21.0.8\bin\extnet.dll
0x00007ffa7ef50000 - 0x00007ffa7ef5a000 	C:\Users\araom\.jdks\ms-21.0.8\bin\management.dll
0x00007ffa773c0000 - 0x00007ffa773cc000 	C:\Users\araom\.jdks\ms-21.0.8\bin\management_ext.dll
0x00007ffacb5e0000 - 0x00007ffacb5e8000 	C:\WINDOWS\System32\PSAPI.DLL
0x00007ffa7f510000 - 0x00007ffa7f51e000 	C:\Users\araom\.jdks\ms-21.0.8\bin\sunmscapi.dll
0x00007ffac9af0000 - 0x00007ffac9c67000 	C:\WINDOWS\System32\CRYPT32.dll
0x00007ffac8db0000 - 0x00007ffac8de0000 	C:\WINDOWS\SYSTEM32\ncrypt.dll
0x00007ffac8d60000 - 0x00007ffac8d9f000 	C:\WINDOWS\SYSTEM32\NTASN1.dll
0x00007ffac8c60000 - 0x00007ffac8c7b000 	C:\WINDOWS\SYSTEM32\CRYPTSP.dll
0x00007ffac8290000 - 0x00007ffac82cb000 	C:\WINDOWS\system32\rsaenh.dll
0x00007ffac8930000 - 0x00007ffac895b000 	C:\WINDOWS\SYSTEM32\USERENV.dll
0x00007ffac9480000 - 0x00007ffac94a6000 	C:\WINDOWS\SYSTEM32\bcrypt.dll
0x00007ffac8ac0000 - 0x00007ffac8acc000 	C:\WINDOWS\SYSTEM32\CRYPTBASE.dll
0x00007ffac7d30000 - 0x00007ffac7d64000 	C:\WINDOWS\SYSTEM32\IPHLPAPI.DLL
0x00007ffaca4f0000 - 0x00007ffaca4fa000 	C:\WINDOWS\System32\NSI.dll
0x00007ffac7e20000 - 0x00007ffac7f46000 	C:\WINDOWS\SYSTEM32\DNSAPI.dll
0x00007ffac16c0000 - 0x00007ffac16cb000 	C:\Windows\System32\rasadhlp.dll
0x00007ffac3f10000 - 0x00007ffac3f96000 	C:\WINDOWS\System32\fwpuclnt.dll
0x00007ffa71e60000 - 0x00007ffa71e68000 	C:\WINDOWS\system32\wshunix.dll

JVMTI agents:
C:\Users\araom\AppData\Local\Programs\IntelliJ IDEA Community Edition\lib\idea_rt.jar path:C:\Users\araom\.jdks\ms-21.0.8\bin\instrument.dll, loaded, initialized, instrumentlib options:63096

dbghelp: loaded successfully - version: 4.0.5 - missing functions: none
symbol engine: initialized successfully - sym options: 0x614 - pdb path: .;C:\Users\araom\.jdks\ms-21.0.8\bin;C:\WINDOWS\SYSTEM32;C:\WINDOWS\WinSxS\amd64_microsoft.windows.common-controls_6595b64144ccf1df_6.0.26100.5074_none_3e0d6f78e32fd63f;C:\Users\araom\.jdks\ms-21.0.8\bin\server

VM Arguments:
jvm_args: -javaagent:C:\Users\araom\AppData\Local\Programs\IntelliJ IDEA Community Edition\lib\idea_rt.jar=63096 -Dfile.encoding=UTF-8 -Dsun.stdout.encoding=UTF-8 -Dsun.stderr.encoding=UTF-8 
java_command: com.jobportal.Job.Poratl.JobPoratlApplication
java_class_path (initial): C:\Users\araom\OneDrive\Desktop\Job Poratl backend\Job-Poratl\target\classes;C:\Users\araom\.m2\repository\org\springframework\boot\spring-boot-starter-web\4.0.1\spring-boot-starter-web-4.0.1.jar;C:\Users\araom\.m2\repository\org\springframework\boot\spring-boot-starter-jackson\4.0.1\spring-boot-starter-jackson-4.0.1.jar;C:\Users\araom\.m2\repository\org\springframework\boot\spring-boot-jackson\4.0.1\spring-boot-jackson-4.0.1.jar;C:\Users\araom\.m2\repository\tools\jackson\core\jackson-databind\3.0.3\jackson-databind-3.0.3.jar;C:\Users\araom\.m2\repository\tools\jackson\core\jackson-core\3.0.3\jackson-core-3.0.3.jar;C:\Users\araom\.m2\repository\org\springframework\boot\spring-boot-starter-tomcat\4.0.1\spring-boot-starter-tomcat-4.0.1.jar;C:\Users\araom\.m2\repository\org\springframework\boot\spring-boot-starter-tomcat-runtime\4.0.1\spring-boot-starter-tomcat-runtime-4.0.1.jar;C:\Users\araom\.m2\repository\org\springframework\boot\spring-boot-web-server\4.0.1\spring-boot-web-server-4.0.1.jar;C:\Users\araom\.m2\repository\org\apache\tomcat\embed\tomcat-embed-core\11.0.15\tomcat-embed-core-11.0.15.jar;C:\Users\araom\.m2\repository\org\apache\tomcat\embed\tomcat-embed-websocket\11.0.15\tomcat-embed-websocket-11.0.15.jar;C:\Users\araom\.m2\repository\org\springframework\boot\spring-boot-tomcat\4.0.1\spring-boot-tomcat-4.0.1.jar;C:\Users\araom\.m2\repository\org\springframework\boot\spring-boot-http-converter\4.0.1\spring-boot-http-converter-4.0.1.jar;C:\Users\araom\.m2\repository\org\springframework\spring-web\7.0.2\spring-web-7.0.2.jar;C:\Users\araom\.m2\repository\io\micrometer\micrometer-observation\1.16.1\micrometer-observation-1.16.1.jar;C:\Users\araom\.m2\repository\io\micrometer\micrometer-commons\1.16.1\micrometer-commons-1.16.1.jar;C:\Users\araom\.m2\repository\org\springframework\boot\spring-boot-webmvc\4.0.1\spring-boot-webmvc-4.0.1.jar;C:\Users\araom\.m2\repository\org\springframework\boot\spring-boot-servlet\4.0.1\spring-boot-servlet-4.0.1.jar;C:\Users\araom\.m2\repository\org\springframework\spring-webmvc\7.0.2\spring-webmvc-7.0.2.jar;C:\Users\araom\.m2\repository\org\springframework\spring-expression\7.0.2\spring-expression-7.0.2.jar;C:\Users\araom\.m2\repository\org\springframework\boot\spring-boot-starter-data-mongodb\4.0.1\spring-boot-starter-data-mongodb-4.0.1.jar;C:\Users\araom\.m2\repository\org\springframework\boot\spring-boot-starter-mongodb\4.0.1\spring-boot-starter-mongodb-4.0.1.jar;C:\Users\araom\.m2\repository\org\springframework\boot\spring-boot-mongodb\4.0.1\spring-boot-mongodb-4.0.1.jar;C:\Users\araom\.m2\repository\org\mongodb\mongodb-driver-sync\5.6.2\mongodb-driver-sync-5.6.2.jar;C:\Users\araom\.m2\repository\org\mongodb\bson\5.6.2\bson-5.6.2.jar;C:\Users\araom\.m2\repository\org\mongodb\mongodb-driver-core\5.6.2\mongodb-driver-core-5.6.2.jar;C:\Users\araom\.m2\repository\org\mongodb\bson-record-codec\5.6.2\bson-record-codec-5.6.2.jar;C:\Users\araom\.m2\repository\org\springframework\boot\spring-boot-data-mongodb\4.0.1\spring-boot-data-mongodb-4.0.1.jar;C:\Users\araom\.m2\repository\org\springframework\boot\spring-boot-data-commons\4.0.1\spring-boot-data-commons-4.0.1.jar;C:\Users\araom\.m2\repository\org\springframework\boot\spring-boot-persistence\4.0.1\spring-boot-persistence-4.0.1.jar;C:\Users\araom\.m2\repository\org\springframework\data\spring-data-commons\4.0.1\spring-data-commons-4.0.1.jar;C:\Users\araom\.m2\repository\org\springframework\boot\spring-boot-transaction\4.0.1\spring-boot-transaction-4.0.1.jar;C:\Users\araom\.m2\repository\org\springframework\spring-tx\7.0.2\spring-tx-7.0.2.jar;C:\Users\araom\.m2\repository\org\springframework\data\spring-data-mongodb\5.0.1\spring-data-mongodb-5.0.1.jar;C:\Users\araom\.m2\repository\org\projectlombok\lombok\1.18.42\lombok-1.18.42.jar;C:\Users\araom\.m2\repository\org\springframework\boot\spring-boot-devtools\4.0.1\spring-boot-devtools-4.0.1.jar;C:\Users\araom\.m2\repository\org\springframework\boot\spring-boot\4.0.1\spring-boot-4.0.1.jar;C:\Users\araom\.m2\repository\org\springframework\spring-context\7.0.2\spring-context-7.0.2.jar;C:\Users\araom\.m2\repository\org\springframework\boot\spring-boot-autoconfigure\4.0.1\spring-boot-autoconfigure-4.0.1.jar;C:\Users\araom\.m2\repository\org\springframework\boot\spring-boot-starter-validation\4.0.1\spring-boot-starter-validation-4.0.1.jar;C:\Users\araom\.m2\repository\org\springframework\boot\spring-boot-starter\4.0.1\spring-boot-starter-4.0.1.jar;C:\Users\araom\.m2\repository\org\springframework\boot\spring-boot-starter-logging\4.0.1\spring-boot-starter-logging-4.0.1.jar;C:\Users\araom\.m2\repository\ch\qos\logback\logback-classic\1.5.22\logback-classic-1.5.22.jar;C:\Users\araom\.m2\repository\ch\qos\logback\logback-core\1.5.22\logback-core-1.5.22.jar;C:\Users\araom\.m2\repository\org\apache\logging\log4j\log4j-to-slf4j\2.25.3\log4j-to-slf4j-2.25.3.jar;C:\Users\araom\.m2\repository\org\apache\logging\log4j\log4j-api\2.25.3\log4j-api-2.25.3.jar;C:\Users\araom\.m2\repository\org\slf4j\jul-to-slf4j\2.0.17\jul-to-slf4j-2.0.17.jar;C:\Users\araom\.m2\repository\jakarta\annotation\jakarta.annotation-api\3.0.0\jakarta.annotation-api-3.0.0.jar;C:\Users\araom\.m2\repository\org\yaml\snakeyaml\2.5\snakeyaml-2.5.jar;C:\Users\araom\.m2\repository\org\springframework\boot\spring-boot-validation\4.0.1\spring-boot-validation-4.0.1.jar;C:\Users\araom\.m2\repository\org\apache\tomcat\embed\tomcat-embed-el\11.0.15\tomcat-embed-el-11.0.15.jar;C:\Users\araom\.m2\repository\org\hibernate\validator\hibernate-validator\9.0.1.Final\hibernate-validator-9.0.1.Final.jar;C:\Users\araom\.m2\repository\jakarta\validation\jakarta.validation-api\3.1.1\jakarta.validation-api-3.1.1.jar;C:\Users\araom\.m2\repository\org\jboss\logging\jboss-logging\3.6.1.Final\jboss-logging-3.6.1.Final.jar;C:\Users\araom\.m2\repository\com\fasterxml\classmate\1.7.1\classmate-1.7.1.jar;C:\Users\araom\.m2\repository\org\slf4j\slf4j-api\2.0.17\slf4j-api-2.0.17.jar;C:\Users\araom\.m2\repository\jakarta\activation\jakarta.activation-api\2.1.4\jakarta.activation-api-2.1.4.jar;C:\Users\araom\.m2\repository\org\springframework\spring-core\7.0.2\spring-core-7.0.2.jar;C:\Users\araom\.m2\repository\commons-logging\commons-logging\1.3.5\commons-logging-1.3.5.jar;C:\Users\araom\.m2\repository\org\jspecify\jspecify\1.0.0\jspecify-1.0.0.jar;C:\Users\araom\.m2\repository\org\springframework\boot\spring-boot-starter-security\4.0.1\spring-boot-starter-security-4.0.1.jar;C:\Users\araom\.m2\repository\org\springframework\boot\spring-boot-security\4.0.1\spring-boot-security-4.0.1.jar;C:\Users\araom\.m2\repository\org\springframework\security\spring-security-config\7.0.2\spring-security-config-7.0.2.jar;C:\Users\araom\.m2\repository\org\springframework\security\spring-security-core\7.0.2\spring-security-core-7.0.2.jar;C:\Users\araom\.m2\repository\org\springframework\security\spring-security-crypto\7.0.2\spring-security-crypto-7.0.2.jar;C:\Users\araom\.m2\repository\org\springframework\security\spring-security-web\7.0.2\spring-security-web-7.0.2.jar;C:\Users\araom\.m2\repository\org\springframework\spring-aop\7.0.2\spring-aop-7.0.2.jar;C:\Users\araom\.m2\repository\org\springframework\spring-beans\7.0.2\spring-beans-7.0.2.jar;C:\Users\araom\.m2\repository\org\springframework\boot\spring-boot-starter-mail\4.0.1\spring-boot-starter-mail-4.0.1.jar;C:\Users\araom\.m2\repository\org\springframework\boot\spring-boot-mail\4.0.1\spring-boot-mail-4.0.1.jar;C:\Users\araom\.m2\repository\org\springframework\spring-context-support\7.0.2\spring-context-support-7.0.2.jar;C:\Users\araom\.m2\repository\jakarta\mail\jakarta.mail-api\2.1.5\jakarta.mail-api-2.1.5.jar;C:\Users\araom\.m2\repository\org\eclipse\angus\angus-mail\2.0.5\angus-mail-2.0.5.jar;C:\Users\araom\.m2\repository\org\eclipse\angus\angus-activation\2.0.3\angus-activation-2.0.3.jar;C:\Users\araom\.m2\repository\com\fasterxml\jackson\core\jackson-databind\2.20.1\jackson-databind-2.20.1.jar;C:\Users\araom\.m2\repository\com\fasterxml\jackson\core\jackson-annotations\2.20\jackson-annotations-2.20.jar;C:\Users\araom\.m2\repository\com\fasterxml\jackson\core\jackson-core\2.20.1\jackson-core-2.20.1.jar
Launcher Type: SUN_STANDARD

[Global flags]
     intx CICompilerCount                          = 4                                         {product} {ergonomic}
     uint ConcGCThreads                            = 3                                         {product} {ergonomic}
     uint G1ConcRefinementThreads                  = 10                                        {product} {ergonomic}
   size_t G1HeapRegionSize                         = 2097152                                   {product} {ergonomic}
    uintx GCDrainStackTargetSize                   = 64                                        {product} {ergonomic}
   size_t InitialHeapSize                          = 264241152                                 {product} {ergonomic}
   size_t MarkStackSize                            = 4194304                                   {product} {ergonomic}
   size_t MaxHeapSize                              = 4202692608                                {product} {ergonomic}
   size_t MaxNewSize                               = 2520776704                                {product} {ergonomic}
   size_t MinHeapDeltaBytes                        = 2097152                                   {product} {ergonomic}
   size_t MinHeapSize                              = 8388608                                   {product} {ergonomic}
    uintx NonNMethodCodeHeapSize                   = 5839372                                {pd product} {ergonomic}
    uintx NonProfiledCodeHeapSize                  = 122909434                              {pd product} {ergonomic}
    uintx ProfiledCodeHeapSize                     = 122909434                              {pd product} {ergonomic}
    uintx ReservedCodeCacheSize                    = 251658240                              {pd product} {ergonomic}
     bool SegmentedCodeCache                       = true                                      {product} {ergonomic}
   size_t SoftMaxHeapSize                          = 4202692608                             {manageable} {ergonomic}
     bool UseCompressedOops                        = true                           {product lp64_product} {ergonomic}
     bool UseG1GC                                  = true                                      {product} {ergonomic}
     bool UseLargePagesIndividualAllocation        = false                                  {pd product} {ergonomic}

Logging:
Log output configuration:
 #0: stdout all=warning uptime,level,tags foldmultilines=false
 #1: stderr all=off uptime,level,tags foldmultilines=false

Environment Variables:
JAVA_HOME=C:\Program Files\Eclipse Adoptium\jdk-21.0.6.7-hotspot\bin
PATH=C:\Program Files\Eclipse Adoptium\jdk-21.0.6.7-hotspot\bin;C:\Python313\Scripts\;C:\Python313\;C:\Python312\Scripts\;C:\Python312\;C:\WINDOWS\system32;C:\WINDOWS;C:\WINDOWS\System32\Wbem;C:\WINDOWS\System32\WindowsPowerShell\v1.0\;C:\WINDOWS\System32\OpenSSH\;C:\Program Files\Git\cmd;C:\Program Files (x86)\dotnet\;C:\MAMP\bin\mysql\bin;C:\Program Files\nodejs\;C:\ProgramData\chocolatey\bin;;C:\Program Files\Docker\Docker\resources\bin;C:\Users\araom\AppData\Local\Programs\Eclipse Adoptium\jdk-21.0.6.7-hotspot\bin;C:\Users\araom\AppData\Local\Microsoft\WindowsApps;C:\Users\araom\AppData\Local\Programs\Microsoft VS Code\bin;C:\Users\araom\AppData\Roaming\npm;C:\Users\araom\AppData\Local\JetBrains\Toolbox\scripts;C:\Users\araom\AppData\Local\Programs\mongosh\
USERNAME=araom
OS=Windows_NT
PROCESSOR_IDENTIFIER=Intel64 Family 6 Model 186 Stepping 3, GenuineIntel
TMP=C:\Users\araom\AppData\Local\Temp
TEMP=C:\Users\araom\AppData\Local\Temp




Periodic native trim disabled

---------------  S Y S T E M  ---------------

OS:
 Windows 11 , 64 bit Build 26100 (10.0.26100.5074)
OS uptime: 0 days 0:15 hours
Hyper-V role detected

CPU: total 12 (initial active 12) (6 cores per cpu, 2 threads per core) family 6 model 186 stepping 3 microcode 0x4129, cx8, cmov, fxsr, ht, mmx, 3dnowpref, sse, sse2, sse3, ssse3, sse4.1, sse4.2, popcnt, lzcnt, tsc, tscinvbit, avx, avx2, aes, erms, clmul, bmi1, bmi2, adx, sha, fma, vzeroupper, clflush, clflushopt, clwb, hv, serialize, rdtscp, rdpid, fsrm, f16c, cet_ibt, cet_ss
Processor Information for the first 12 processors :
  Max Mhz: 1300, Current Mhz: 1300, Mhz Limit: 1300

Memory: 4k page, system-wide physical 16024M (1328M free)
TotalPageFile size 18917M (AvailPageFile size 3M)
current process WorkingSet (physical memory assigned to process): 219M, peak: 237M
current process commit charge ("private bytes"): 361M, peak: 410M

vm_info: OpenJDK 64-Bit Server VM (21.0.8+9-LTS) for windows-amd64 JRE (21.0.8+9-LTS), built on 2025-07-10T20:22:44Z by "MicrosoftCorporation" with unknown MS VC++:1944

END.
