#
# There is insufficient memory for the Java Runtime Environment to continue.
# Native memory allocation (malloc) failed to allocate 1782368 bytes. Error detail: Chunk::new
# Possible reasons:
#   The system is out of physical RAM or swap space
#   This process is running with CompressedOops enabled, and the Java Heap may be blocking the growth of the native heap
# Possible solutions:
#   Reduce memory load on the system
#   Increase physical memory or swap space
#   Check if swap backing store is full
#   Decrease Java heap size (-Xmx/-Xms)
#   Decrease number of Java threads
#   Decrease Java thread stack sizes (-Xss)
#   Set larger code cache with -XX:ReservedCodeCacheSize=
#   JVM is running with Zero Based Compressed Oops mode in which the Java heap is
#     placed in the first 32GB address space. The Java Heap base address is the
#     maximum limit for the native heap growth. Please use -XX:HeapBaseMinAddress
#     to set the Java Heap base and to place the Java Heap above 32GB virtual address.
# This output file may be truncated or incomplete.
#
#  Out of Memory Error (arena.cpp:168), pid=4140, tid=21068
#
# JRE version: OpenJDK Runtime Environment Microsoft-11933218 (21.0.8+9) (build 21.0.8+9-LTS)
# Java VM: OpenJDK 64-Bit Server VM Microsoft-11933218 (21.0.8+9-LTS, mixed mode, sharing, tiered, compressed oops, compressed class ptrs, g1 gc, windows-amd64)
# No core dump will be written. Minidumps are not enabled by default on client versions of Windows
#

---------------  S U M M A R Y ------------

Command Line: -agentlib:jdwp=transport=dt_socket,address=127.0.0.1:53890,suspend=y,server=n -javaagent:C:\Users\araom\AppData\Local\JetBrains\IntelliJIdea2025.3\captureAgent\debugger-agent.jar=file:///C:/Users/araom/AppData/Local/Temp/capture11615499735127054323.props -Dkotlinx.coroutines.debug.enable.creation.stack.trace=false -Ddebugger.agent.enable.coroutines=true -Dkotlinx.coroutines.debug.enable.flows.stack.trace=true -Dkotlinx.coroutines.debug.enable.mutable.state.flows.stack.trace=true -Ddebugger.async.stack.trace.for.all.threads=true -Dfile.encoding=UTF-8 -Dsun.stdout.encoding=UTF-8 -Dsun.stderr.encoding=UTF-8 com.jobportal.Job.Poratl.JobPoratlApplication

Host: 13th Gen Intel(R) Core(TM) i5-1335U, 12 cores, 15G,  Windows 11 , 64 bit Build 26100 (10.0.26100.5074)
Time: Wed Feb  4 10:49:46 2026 elapsed time: 5.830556 seconds (0d 0h 0m 5s)

---------------  T H R E A D  ---------------

Current thread (0x000001307e635e00):  JavaThread "C2 CompilerThread2" daemon [_thread_in_native, id=21068, stack(0x0000002cd6200000,0x0000002cd6300000) (1024K)]


Current CompileTask:
C2:5830 4747   !   4       jdk.internal.loader.BuiltinClassLoader::findClassOnClassPathOrNull (64 bytes)

Stack: [0x0000002cd6200000,0x0000002cd6300000]
Native frames: (J=compiled Java code, j=interpreted, Vv=VM code, C=native code)
V  [jvm.dll+0x6e1729]
V  [jvm.dll+0x8bf47b]
V  [jvm.dll+0x8c19aa]
V  [jvm.dll+0x8c2083]
V  [jvm.dll+0x289fd6]
V  [jvm.dll+0xc903d]
V  [jvm.dll+0xc958c]
V  [jvm.dll+0x3c771c]
V  [jvm.dll+0x1ea3a6]
V  [jvm.dll+0x251db3]
V  [jvm.dll+0x251283]
V  [jvm.dll+0x1d18bf]
V  [jvm.dll+0x260f4a]
V  [jvm.dll+0x25f2b5]
V  [jvm.dll+0x40151d]
V  [jvm.dll+0x86975d]
V  [jvm.dll+0x6dff2d]
C  [ucrtbase.dll+0x37b0]
C  [KERNEL32.DLL+0x2e8d7]
C  [ntdll.dll+0x8d9c]


---------------  P R O C E S S  ---------------

Threads class SMR info:
_java_thread_list=0x000001307af2f580, length=24, elements={
0x0000013014f30100, 0x0000013033de6ca0, 0x0000013033de78f0, 0x0000013033dec760,
0x0000013033ded2e0, 0x0000013033dedd30, 0x0000013034672090, 0x0000013034674a30,
0x000001303467f220, 0x000001303476b4f0, 0x0000013034864c90, 0x0000013034881620,
0x0000013034883cb0, 0x00000130349e8470, 0x0000013034a6d4a0, 0x000001307a1bf7f0,
0x000001307b06cb30, 0x000001307b070c80, 0x000001307eeacf00, 0x000001307eeadc20,
0x000001307eeabb50, 0x00000130008e5f80, 0x00000130008e8d70, 0x000001307e635e00
}

Java Threads: ( => current thread )
  0x0000013014f30100 JavaThread "main"                              [_thread_blocked, id=11028, stack(0x0000002cd3800000,0x0000002cd3900000) (1024K)]
  0x0000013033de6ca0 JavaThread "Reference Handler"          daemon [_thread_blocked, id=23556, stack(0x0000002cd4000000,0x0000002cd4100000) (1024K)]
  0x0000013033de78f0 JavaThread "Finalizer"                  daemon [_thread_blocked, id=12828, stack(0x0000002cd4100000,0x0000002cd4200000) (1024K)]
  0x0000013033dec760 JavaThread "Signal Dispatcher"          daemon [_thread_blocked, id=4640, stack(0x0000002cd4200000,0x0000002cd4300000) (1024K)]
  0x0000013033ded2e0 JavaThread "Attach Listener"            daemon [_thread_blocked, id=19736, stack(0x0000002cd4300000,0x0000002cd4400000) (1024K)]
  0x0000013033dedd30 JavaThread "Service Thread"             daemon [_thread_blocked, id=10980, stack(0x0000002cd4400000,0x0000002cd4500000) (1024K)]
  0x0000013034672090 JavaThread "Monitor Deflation Thread"   daemon [_thread_blocked, id=17704, stack(0x0000002cd4500000,0x0000002cd4600000) (1024K)]
  0x0000013034674a30 JavaThread "C2 CompilerThread0"         daemon [_thread_blocked, id=8676, stack(0x0000002cd4600000,0x0000002cd4700000) (1024K)]
  0x000001303467f220 JavaThread "C1 CompilerThread0"         daemon [_thread_blocked, id=13872, stack(0x0000002cd4700000,0x0000002cd4800000) (1024K)]
  0x000001303476b4f0 JavaThread "Common-Cleaner"             daemon [_thread_blocked, id=8560, stack(0x0000002cd4800000,0x0000002cd4900000) (1024K)]
  0x0000013034864c90 JavaThread "JDWP Transport Listener: dt_socket" daemon [_thread_blocked, id=27432, stack(0x0000002cd4a00000,0x0000002cd4b00000) (1024K)]
  0x0000013034881620 JavaThread "JDWP Event Helper Thread"   daemon [_thread_blocked, id=9032, stack(0x0000002cd4b00000,0x0000002cd4c00000) (1024K)]
  0x0000013034883cb0 JavaThread "JDWP Command Reader"        daemon [_thread_in_native, id=17448, stack(0x0000002cd4c00000,0x0000002cd4d00000) (1024K)]
  0x00000130349e8470 JavaThread "IntelliJ Suspend Helper"    daemon [_thread_blocked, id=2596, stack(0x0000002cd4900000,0x0000002cd4a00000) (1024K)]
  0x0000013034a6d4a0 JavaThread "Notification Thread"        daemon [_thread_blocked, id=19240, stack(0x0000002cd4d00000,0x0000002cd4e00000) (1024K)]
  0x000001307a1bf7f0 JavaThread "C2 CompilerThread1"         daemon [_thread_in_native, id=14856, stack(0x0000002cd4e00000,0x0000002cd4f00000) (1024K)]
  0x000001307b06cb30 JavaThread "Thread-0"                          [_thread_blocked, id=7192, stack(0x0000002cd5800000,0x0000002cd5900000) (1024K)]
  0x000001307b070c80 JavaThread "restartedMain"                     [_thread_in_Java, id=12312, stack(0x0000002cd5900000,0x0000002cd5a00000) (1024K)]
  0x000001307eeacf00 JavaThread "Catalina-utility-1"                [_thread_blocked, id=26688, stack(0x0000002cd5a00000,0x0000002cd5b00000) (1024K)]
  0x000001307eeadc20 JavaThread "Catalina-utility-2"                [_thread_blocked, id=17044, stack(0x0000002cd5d00000,0x0000002cd5e00000) (1024K)]
  0x000001307eeabb50 JavaThread "container-0"                       [_thread_blocked, id=17264, stack(0x0000002cd5e00000,0x0000002cd5f00000) (1024K)]
  0x00000130008e5f80 JavaThread "BufferPoolPruner-1-thread-1" daemon [_thread_blocked, id=14792, stack(0x0000002cd5f00000,0x0000002cd6000000) (1024K)]
  0x00000130008e8d70 JavaThread "cluster-ClusterId{value='6982a5ba7b8f744cf96998bf', description='null'}-localhost:27017" daemon [_thread_blocked, id=7000, stack(0x0000002cd6000000,0x0000002cd6100000) (1024K)]
=>0x000001307e635e00 JavaThread "C2 CompilerThread2"         daemon [_thread_in_native, id=21068, stack(0x0000002cd6200000,0x0000002cd6300000) (1024K)]
Total: 24

Other Threads:
  0x0000013033dcac60 VMThread "VM Thread"                           [id=1856, stack(0x0000002cd3f00000,0x0000002cd4000000) (1024K)]
  0x0000013033db0630 WatcherThread "VM Periodic Task Thread"        [id=11088, stack(0x0000002cd3e00000,0x0000002cd3f00000) (1024K)]
  0x0000013014f98260 WorkerThread "GC Thread#0"                     [id=5040, stack(0x0000002cd3900000,0x0000002cd3a00000) (1024K)]
  0x000001307ada0210 WorkerThread "GC Thread#1"                     [id=14580, stack(0x0000002cd4f00000,0x0000002cd5000000) (1024K)]
  0x000001307ace6c20 WorkerThread "GC Thread#2"                     [id=21100, stack(0x0000002cd5000000,0x0000002cd5100000) (1024K)]
  0x000001307add74f0 WorkerThread "GC Thread#3"                     [id=21084, stack(0x0000002cd5100000,0x0000002cd5200000) (1024K)]
  0x000001307add7c30 WorkerThread "GC Thread#4"                     [id=20948, stack(0x0000002cd5200000,0x0000002cd5300000) (1024K)]
  0x000001307add7fd0 WorkerThread "GC Thread#5"                     [id=15012, stack(0x0000002cd5300000,0x0000002cd5400000) (1024K)]
  0x000001307add7890 WorkerThread "GC Thread#6"                     [id=15548, stack(0x0000002cd5400000,0x0000002cd5500000) (1024K)]
  0x000001307add8370 WorkerThread "GC Thread#7"                     [id=21388, stack(0x0000002cd5500000,0x0000002cd5600000) (1024K)]
  0x000001307add6db0 WorkerThread "GC Thread#8"                     [id=5860, stack(0x0000002cd5600000,0x0000002cd5700000) (1024K)]
  0x000001307add7150 WorkerThread "GC Thread#9"                     [id=19848, stack(0x0000002cd5700000,0x0000002cd5800000) (1024K)]
  0x0000013014fa8bd0 ConcurrentGCThread "G1 Main Marker"            [id=1344, stack(0x0000002cd3a00000,0x0000002cd3b00000) (1024K)]
  0x0000013014faa460 WorkerThread "G1 Conc#0"                       [id=13496, stack(0x0000002cd3b00000,0x0000002cd3c00000) (1024K)]
  0x000001307b152460 WorkerThread "G1 Conc#1"                       [id=26516, stack(0x0000002cd5b00000,0x0000002cd5c00000) (1024K)]
  0x000001307b152800 WorkerThread "G1 Conc#2"                       [id=5884, stack(0x0000002cd5c00000,0x0000002cd5d00000) (1024K)]
  0x0000013033c80070 ConcurrentGCThread "G1 Refine#0"               [id=12208, stack(0x0000002cd3c00000,0x0000002cd3d00000) (1024K)]
  0x0000013033c819a0 ConcurrentGCThread "G1 Service"                [id=20708, stack(0x0000002cd3d00000,0x0000002cd3e00000) (1024K)]
Total: 18

Threads with active compile tasks:
C2 CompilerThread2  5855 4747   !   4       jdk.internal.loader.BuiltinClassLoader::findClassOnClassPathOrNull (64 bytes)
Total: 1

VM state: not at safepoint (normal execution)

VM Mutex/Monitor currently owned by a thread: None

Heap address: 0x0000000705800000, size: 4008 MB, Compressed Oops mode: Zero based, Oop shift amount: 3

CDS archive(s) mapped at: [0x0000013035000000-0x0000013035c80000-0x0000013035c80000), size 13107200, SharedBaseAddress: 0x0000013035000000, ArchiveRelocationMode: 1.
Compressed class space mapped at: 0x0000013036000000-0x0000013076000000, reserved size: 1073741824
Narrow klass base: 0x0000013035000000, Narrow klass shift: 0, Narrow klass range: 0x100000000

GC Precious Log:
 CardTable entry size: 512
 Card Set container configuration: InlinePtr #cards 4 size 8 Array Of Cards #cards 16 size 48 Howl #buckets 8 coarsen threshold 3686 Howl Bitmap #cards 512 size 80 coarsen threshold 460 Card regions per heap region 1 cards per card region 4096
 CPUs: 12 total, 12 available
 Memory: 16024M
 Large Page Support: Disabled
 NUMA Support: Disabled
 Compressed Oops: Enabled (Zero based)
 Heap Region Size: 2M
 Heap Min Capacity: 8M
 Heap Initial Capacity: 252M
 Heap Max Capacity: 4008M
 Pre-touch: Disabled
 Parallel Workers: 10
 Concurrent Workers: 3
 Concurrent Refinement Workers: 10
 Periodic GC: Disabled

Heap:
 garbage-first heap   total 153600K, used 44369K [0x0000000705800000, 0x0000000800000000)
  region size 2048K, 16 young (32768K), 2 survivors (4096K)
 Metaspace       used 44599K, committed 45184K, reserved 1114112K
  class space    used 5616K, committed 5888K, reserved 1048576K

Heap Regions: E=young(eden), S=young(survivor), O=old, HS=humongous(starts), HC=humongous(continues), CS=collection set, F=free, TAMS=top-at-mark-start, PB=parsable bottom
|   0|0x0000000705800000, 0x0000000705a00000, 0x0000000705a00000|100%| O|  |TAMS 0x0000000705800000| PB 0x0000000705800000| Untracked 
|   1|0x0000000705a00000, 0x0000000705c00000, 0x0000000705c00000|100%| O|  |TAMS 0x0000000705a00000| PB 0x0000000705a00000| Untracked 
|   2|0x0000000705c00000, 0x0000000705e00000, 0x0000000705e00000|100%| O|  |TAMS 0x0000000705c00000| PB 0x0000000705c00000| Untracked 
|   3|0x0000000705e00000, 0x0000000705fac078, 0x0000000706000000| 83%| O|  |TAMS 0x0000000705e00000| PB 0x0000000705e00000| Untracked 
|   4|0x0000000706000000, 0x0000000706200000, 0x0000000706200000|100%| O|  |TAMS 0x0000000706000000| PB 0x0000000706000000| Untracked 
|   5|0x0000000706200000, 0x0000000706400000, 0x0000000706400000|100%| O|  |TAMS 0x0000000706200000| PB 0x0000000706200000| Untracked 
|   6|0x0000000706400000, 0x0000000706600000, 0x0000000706600000|100%| O|  |TAMS 0x0000000706400000| PB 0x0000000706400000| Untracked 
|   7|0x0000000706600000, 0x0000000706800000, 0x0000000706800000|100%| O|Cm|TAMS 0x0000000706600000| PB 0x0000000706600000| Complete 
|   8|0x0000000706800000, 0x0000000706800000, 0x0000000706a00000|  0%| F|  |TAMS 0x0000000706800000| PB 0x0000000706800000| Untracked 
|   9|0x0000000706a00000, 0x0000000706a00000, 0x0000000706c00000|  0%| F|  |TAMS 0x0000000706a00000| PB 0x0000000706a00000| Untracked 
|  10|0x0000000706c00000, 0x0000000706da8620, 0x0000000706e00000| 82%| S|CS|TAMS 0x0000000706c00000| PB 0x0000000706c00000| Complete 
|  11|0x0000000706e00000, 0x0000000707000000, 0x0000000707000000|100%| S|CS|TAMS 0x0000000706e00000| PB 0x0000000706e00000| Complete 
|  12|0x0000000707000000, 0x0000000707000000, 0x0000000707200000|  0%| F|  |TAMS 0x0000000707000000| PB 0x0000000707000000| Untracked 
|  13|0x0000000707200000, 0x0000000707200000, 0x0000000707400000|  0%| F|  |TAMS 0x0000000707200000| PB 0x0000000707200000| Untracked 
|  14|0x0000000707400000, 0x0000000707400000, 0x0000000707600000|  0%| F|  |TAMS 0x0000000707400000| PB 0x0000000707400000| Untracked 
|  15|0x0000000707600000, 0x0000000707600000, 0x0000000707800000|  0%| F|  |TAMS 0x0000000707600000| PB 0x0000000707600000| Untracked 
|  16|0x0000000707800000, 0x0000000707800000, 0x0000000707a00000|  0%| F|  |TAMS 0x0000000707800000| PB 0x0000000707800000| Untracked 
|  17|0x0000000707a00000, 0x0000000707a00000, 0x0000000707c00000|  0%| F|  |TAMS 0x0000000707a00000| PB 0x0000000707a00000| Untracked 
|  18|0x0000000707c00000, 0x0000000707c00000, 0x0000000707e00000|  0%| F|  |TAMS 0x0000000707c00000| PB 0x0000000707c00000| Untracked 
|  19|0x0000000707e00000, 0x0000000707e00000, 0x0000000708000000|  0%| F|  |TAMS 0x0000000707e00000| PB 0x0000000707e00000| Untracked 
|  20|0x0000000708000000, 0x0000000708000000, 0x0000000708200000|  0%| F|  |TAMS 0x0000000708000000| PB 0x0000000708000000| Untracked 
|  21|0x0000000708200000, 0x0000000708200000, 0x0000000708400000|  0%| F|  |TAMS 0x0000000708200000| PB 0x0000000708200000| Untracked 
|  22|0x0000000708400000, 0x0000000708400000, 0x0000000708600000|  0%| F|  |TAMS 0x0000000708400000| PB 0x0000000708400000| Untracked 
|  23|0x0000000708600000, 0x0000000708600000, 0x0000000708800000|  0%| F|  |TAMS 0x0000000708600000| PB 0x0000000708600000| Untracked 
|  24|0x0000000708800000, 0x0000000708800000, 0x0000000708a00000|  0%| F|  |TAMS 0x0000000708800000| PB 0x0000000708800000| Untracked 
|  25|0x0000000708a00000, 0x0000000708a00000, 0x0000000708c00000|  0%| F|  |TAMS 0x0000000708a00000| PB 0x0000000708a00000| Untracked 
|  26|0x0000000708c00000, 0x0000000708c00000, 0x0000000708e00000|  0%| F|  |TAMS 0x0000000708c00000| PB 0x0000000708c00000| Untracked 
|  27|0x0000000708e00000, 0x0000000708e00000, 0x0000000709000000|  0%| F|  |TAMS 0x0000000708e00000| PB 0x0000000708e00000| Untracked 
|  28|0x0000000709000000, 0x0000000709000000, 0x0000000709200000|  0%| F|  |TAMS 0x0000000709000000| PB 0x0000000709000000| Untracked 
|  29|0x0000000709200000, 0x0000000709200000, 0x0000000709400000|  0%| F|  |TAMS 0x0000000709200000| PB 0x0000000709200000| Untracked 
|  30|0x0000000709400000, 0x0000000709400000, 0x0000000709600000|  0%| F|  |TAMS 0x0000000709400000| PB 0x0000000709400000| Untracked 
|  31|0x0000000709600000, 0x0000000709600000, 0x0000000709800000|  0%| F|  |TAMS 0x0000000709600000| PB 0x0000000709600000| Untracked 
|  32|0x0000000709800000, 0x0000000709800000, 0x0000000709a00000|  0%| F|  |TAMS 0x0000000709800000| PB 0x0000000709800000| Untracked 
|  33|0x0000000709a00000, 0x0000000709a00000, 0x0000000709c00000|  0%| F|  |TAMS 0x0000000709a00000| PB 0x0000000709a00000| Untracked 
|  34|0x0000000709c00000, 0x0000000709c00000, 0x0000000709e00000|  0%| F|  |TAMS 0x0000000709c00000| PB 0x0000000709c00000| Untracked 
|  35|0x0000000709e00000, 0x0000000709e00000, 0x000000070a000000|  0%| F|  |TAMS 0x0000000709e00000| PB 0x0000000709e00000| Untracked 
|  36|0x000000070a000000, 0x000000070a000000, 0x000000070a200000|  0%| F|  |TAMS 0x000000070a000000| PB 0x000000070a000000| Untracked 
|  37|0x000000070a200000, 0x000000070a200000, 0x000000070a400000|  0%| F|  |TAMS 0x000000070a200000| PB 0x000000070a200000| Untracked 
|  38|0x000000070a400000, 0x000000070a400000, 0x000000070a600000|  0%| F|  |TAMS 0x000000070a400000| PB 0x000000070a400000| Untracked 
|  39|0x000000070a600000, 0x000000070a600000, 0x000000070a800000|  0%| F|  |TAMS 0x000000070a600000| PB 0x000000070a600000| Untracked 
|  40|0x000000070a800000, 0x000000070a800000, 0x000000070aa00000|  0%| F|  |TAMS 0x000000070a800000| PB 0x000000070a800000| Untracked 
|  41|0x000000070aa00000, 0x000000070aa00000, 0x000000070ac00000|  0%| F|  |TAMS 0x000000070aa00000| PB 0x000000070aa00000| Untracked 
|  42|0x000000070ac00000, 0x000000070ac00000, 0x000000070ae00000|  0%| F|  |TAMS 0x000000070ac00000| PB 0x000000070ac00000| Untracked 
|  43|0x000000070ae00000, 0x000000070ae00000, 0x000000070b000000|  0%| F|  |TAMS 0x000000070ae00000| PB 0x000000070ae00000| Untracked 
|  44|0x000000070b000000, 0x000000070b000000, 0x000000070b200000|  0%| F|  |TAMS 0x000000070b000000| PB 0x000000070b000000| Untracked 
|  45|0x000000070b200000, 0x000000070b200000, 0x000000070b400000|  0%| F|  |TAMS 0x000000070b200000| PB 0x000000070b200000| Untracked 
|  46|0x000000070b400000, 0x000000070b400000, 0x000000070b600000|  0%| F|  |TAMS 0x000000070b400000| PB 0x000000070b400000| Untracked 
|  47|0x000000070b600000, 0x000000070b600000, 0x000000070b800000|  0%| F|  |TAMS 0x000000070b600000| PB 0x000000070b600000| Untracked 
|  48|0x000000070b800000, 0x000000070b800000, 0x000000070ba00000|  0%| F|  |TAMS 0x000000070b800000| PB 0x000000070b800000| Untracked 
|  49|0x000000070ba00000, 0x000000070ba00000, 0x000000070bc00000|  0%| F|  |TAMS 0x000000070ba00000| PB 0x000000070ba00000| Untracked 
|  50|0x000000070bc00000, 0x000000070bc00000, 0x000000070be00000|  0%| F|  |TAMS 0x000000070bc00000| PB 0x000000070bc00000| Untracked 
|  51|0x000000070be00000, 0x000000070be00000, 0x000000070c000000|  0%| F|  |TAMS 0x000000070be00000| PB 0x000000070be00000| Untracked 
|  52|0x000000070c000000, 0x000000070c000000, 0x000000070c200000|  0%| F|  |TAMS 0x000000070c000000| PB 0x000000070c000000| Untracked 
|  53|0x000000070c200000, 0x000000070c200000, 0x000000070c400000|  0%| F|  |TAMS 0x000000070c200000| PB 0x000000070c200000| Untracked 
|  54|0x000000070c400000, 0x000000070c400000, 0x000000070c600000|  0%| F|  |TAMS 0x000000070c400000| PB 0x000000070c400000| Untracked 
|  55|0x000000070c600000, 0x000000070c600000, 0x000000070c800000|  0%| F|  |TAMS 0x000000070c600000| PB 0x000000070c600000| Untracked 
|  56|0x000000070c800000, 0x000000070c800000, 0x000000070ca00000|  0%| F|  |TAMS 0x000000070c800000| PB 0x000000070c800000| Untracked 
|  57|0x000000070ca00000, 0x000000070ca00000, 0x000000070cc00000|  0%| F|  |TAMS 0x000000070ca00000| PB 0x000000070ca00000| Untracked 
|  58|0x000000070cc00000, 0x000000070cc00000, 0x000000070ce00000|  0%| F|  |TAMS 0x000000070cc00000| PB 0x000000070cc00000| Untracked 
|  59|0x000000070ce00000, 0x000000070ce00000, 0x000000070d000000|  0%| F|  |TAMS 0x000000070ce00000| PB 0x000000070ce00000| Untracked 
|  60|0x000000070d000000, 0x000000070d000000, 0x000000070d200000|  0%| F|  |TAMS 0x000000070d000000| PB 0x000000070d000000| Untracked 
|  61|0x000000070d200000, 0x000000070d3d0538, 0x000000070d400000| 90%| E|  |TAMS 0x000000070d200000| PB 0x000000070d200000| Complete 
|  62|0x000000070d400000, 0x000000070d600000, 0x000000070d600000|100%| E|CS|TAMS 0x000000070d400000| PB 0x000000070d400000| Complete 
|  63|0x000000070d600000, 0x000000070d800000, 0x000000070d800000|100%| E|CS|TAMS 0x000000070d600000| PB 0x000000070d600000| Complete 
|  64|0x000000070d800000, 0x000000070da00000, 0x000000070da00000|100%| E|CS|TAMS 0x000000070d800000| PB 0x000000070d800000| Complete 
|  65|0x000000070da00000, 0x000000070dc00000, 0x000000070dc00000|100%| E|CS|TAMS 0x000000070da00000| PB 0x000000070da00000| Complete 
|  66|0x000000070dc00000, 0x000000070de00000, 0x000000070de00000|100%| E|CS|TAMS 0x000000070dc00000| PB 0x000000070dc00000| Complete 
|  67|0x000000070de00000, 0x000000070e000000, 0x000000070e000000|100%| E|CS|TAMS 0x000000070de00000| PB 0x000000070de00000| Complete 
|  68|0x000000070e000000, 0x000000070e200000, 0x000000070e200000|100%| E|  |TAMS 0x000000070e000000| PB 0x000000070e000000| Complete 
|  69|0x000000070e200000, 0x000000070e400000, 0x000000070e400000|100%| E|CS|TAMS 0x000000070e200000| PB 0x000000070e200000| Complete 
|  70|0x000000070e400000, 0x000000070e600000, 0x000000070e600000|100%| E|CS|TAMS 0x000000070e400000| PB 0x000000070e400000| Complete 
| 105|0x0000000712a00000, 0x0000000712c00000, 0x0000000712c00000|100%| E|CS|TAMS 0x0000000712a00000| PB 0x0000000712a00000| Complete 
| 106|0x0000000712c00000, 0x0000000712e00000, 0x0000000712e00000|100%| E|CS|TAMS 0x0000000712c00000| PB 0x0000000712c00000| Complete 
| 124|0x0000000715000000, 0x0000000715200000, 0x0000000715200000|100%| E|CS|TAMS 0x0000000715000000| PB 0x0000000715000000| Complete 
| 125|0x0000000715200000, 0x0000000715400000, 0x0000000715400000|100%| E|CS|TAMS 0x0000000715200000| PB 0x0000000715200000| Complete 

Card table byte_map: [0x000001302d350000,0x000001302db30000] _byte_map_base: 0x0000013029b24000

Marking Bits: (CMBitMap*) 0x0000013014f98870
 Bits: [0x000001302db30000, 0x00000130319d0000)

Polling page: 0x0000013012e10000

Metaspace:

Usage:
  Non-class:     38.07 MB used.
      Class:      5.49 MB used.
       Both:     43.56 MB used.

Virtual space:
  Non-class space:       64.00 MB reserved,      38.38 MB ( 60%) committed,  1 nodes.
      Class space:        1.00 GB reserved,       5.75 MB ( <1%) committed,  1 nodes.
             Both:        1.06 GB reserved,      44.12 MB (  4%) committed. 

Chunk freelists:
   Non-Class:  9.67 MB
       Class:  10.14 MB
        Both:  19.81 MB

MaxMetaspaceSize: unlimited
CompressedClassSpaceSize: 1.00 GB
Initial GC threshold: 21.00 MB
Current GC threshold: 58.69 MB
CDS: on
 - commit_granule_bytes: 65536.
 - commit_granule_words: 8192.
 - virtual_space_node_default_size: 8388608.
 - enlarge_chunks_in_place: 1.
 - use_allocation_guard: 0.


Internal statistics:

num_allocs_failed_limit: 6.
num_arena_births: 736.
num_arena_deaths: 0.
num_vsnodes_births: 2.
num_vsnodes_deaths: 0.
num_space_committed: 706.
num_space_uncommitted: 0.
num_chunks_returned_to_freelist: 6.
num_chunks_taken_from_freelist: 2221.
num_chunk_merges: 6.
num_chunk_splits: 1493.
num_chunks_enlarged: 1057.
num_inconsistent_stats: 0.

CodeHeap 'non-profiled nmethods': size=120000Kb used=2995Kb max_used=2995Kb free=117004Kb
 bounds [0x00000130250f0000, 0x00000130253e0000, 0x000001302c620000]
CodeHeap 'profiled nmethods': size=120000Kb used=9591Kb max_used=9591Kb free=110408Kb
 bounds [0x000001301d620000, 0x000001301df80000, 0x0000013024b50000]
CodeHeap 'non-nmethods': size=5760Kb used=1584Kb max_used=1614Kb free=4175Kb
 bounds [0x0000013024b50000, 0x0000013024dc0000, 0x00000130250f0000]
CodeCache: size=245760Kb, used=14170Kb, max_used=14200Kb, free=231587Kb
 total_blobs=5124, nmethods=4535, adapters=492, full_count=0
Compilation: enabled, stopped_count=0, restarted_count=0

Compilation events (20 events):
Event: 5.776 Thread 0x0000013034674a30 nmethod 4752 0x00000130253cc910 code [0x00000130253ccbe0, 0x00000130253ce750]
Event: 5.776 Thread 0x0000013034674a30 4759       4       org.jetbrains.capture.org.objectweb.asm.ClassReader::getItem (7 bytes)
Event: 5.776 Thread 0x0000013034674a30 nmethod 4759 0x00000130253cf890 code [0x00000130253cfa20, 0x00000130253cfaf8]
Event: 5.776 Thread 0x0000013034674a30 4753       4       org.springframework.core.annotation.TypeMappedAnnotations::from (27 bytes)
Event: 5.794 Thread 0x000001303467f220 4768   !   3       jdk.proxy2.$Proxy13::value (29 bytes)
Event: 5.794 Thread 0x000001303467f220 nmethod 4768 0x000001301df65710 code [0x000001301df65900, 0x000001301df65d68]
Event: 5.797 Thread 0x000001303467f220 4769   !   3       java.util.AbstractList$Itr::next (46 bytes)
Event: 5.797 Thread 0x000001303467f220 nmethod 4769 0x000001301df65f90 code [0x000001301df661c0, 0x000001301df66808]
Event: 5.797 Thread 0x000001303467f220 4770       3       java.util.AbstractList$Itr::checkForComodification (23 bytes)
Event: 5.797 Thread 0x000001303467f220 nmethod 4770 0x000001301df66b10 code [0x000001301df66ce0, 0x000001301df66f18]
Event: 5.803 Thread 0x0000013034674a30 nmethod 4753 0x00000130253cfb90 code [0x00000130253cfe60, 0x00000130253d1670]
Event: 5.806 Thread 0x000001303467f220 4771       1       java.util.concurrent.atomic.AtomicReference::get (5 bytes)
Event: 5.806 Thread 0x000001303467f220 nmethod 4771 0x00000130253d2590 code [0x00000130253d2720, 0x00000130253d27f0]
Event: 5.815 Thread 0x0000013034674a30 4772       4       sun.invoke.util.VerifyType::isNullConversion (157 bytes)
Event: 5.820 Thread 0x000001303467f220 4774       3       sun.invoke.util.VerifyType::isNullType (18 bytes)
Event: 5.820 Thread 0x0000013034674a30 nmethod 4772 0x00000130253d2890 code [0x00000130253d2ac0, 0x00000130253d2ff0]
Event: 5.820 Thread 0x000001303467f220 nmethod 4774 0x000001301df67010 code [0x000001301df671c0, 0x000001301df67380]
Event: 5.820 Thread 0x0000013034674a30 4773       4       jdk.internal.org.objectweb.asm.Attribute::putAttributes (78 bytes)
Event: 5.821 Thread 0x0000013034674a30 nmethod 4773 0x00000130253d3510 code [0x00000130253d36a0, 0x00000130253d3798]
Event: 5.824 Thread 0x000001307a1bf7f0 nmethod 4754 0x00000130253d3890 code [0x00000130253d3c20, 0x00000130253d6118]

GC Heap History (18 events):
Event: 1.342 GC heap before
{Heap before GC invocations=0 (full 0):
 garbage-first heap   total 258048K, used 22528K [0x0000000705800000, 0x0000000800000000)
  region size 2048K, 11 young (22528K), 0 survivors (0K)
 Metaspace       used 6963K, committed 7168K, reserved 1114112K
  class space    used 666K, committed 768K, reserved 1048576K
}
Event: 1.346 GC heap after
{Heap after GC invocations=1 (full 0):
 garbage-first heap   total 258048K, used 6915K [0x0000000705800000, 0x0000000800000000)
  region size 2048K, 2 young (4096K), 2 survivors (4096K)
 Metaspace       used 6963K, committed 7168K, reserved 1114112K
  class space    used 666K, committed 768K, reserved 1048576K
}
Event: 2.032 GC heap before
{Heap before GC invocations=1 (full 0):
 garbage-first heap   total 258048K, used 29443K [0x0000000705800000, 0x0000000800000000)
  region size 2048K, 14 young (28672K), 2 survivors (4096K)
 Metaspace       used 12977K, committed 13312K, reserved 1114112K
  class space    used 1431K, committed 1600K, reserved 1048576K
}
Event: 2.036 GC heap after
{Heap after GC invocations=2 (full 0):
 garbage-first heap   total 258048K, used 8609K [0x0000000705800000, 0x0000000800000000)
  region size 2048K, 1 young (2048K), 1 survivors (2048K)
 Metaspace       used 12977K, committed 13312K, reserved 1114112K
  class space    used 1431K, committed 1600K, reserved 1048576K
}
Event: 2.578 GC heap before
{Heap before GC invocations=2 (full 0):
 garbage-first heap   total 258048K, used 43425K [0x0000000705800000, 0x0000000800000000)
  region size 2048K, 19 young (38912K), 1 survivors (2048K)
 Metaspace       used 21113K, committed 21504K, reserved 1114112K
  class space    used 2468K, committed 2688K, reserved 1048576K
}
Event: 2.581 GC heap after
{Heap after GC invocations=3 (full 0):
 garbage-first heap   total 258048K, used 10770K [0x0000000705800000, 0x0000000800000000)
  region size 2048K, 2 young (4096K), 2 survivors (4096K)
 Metaspace       used 21113K, committed 21504K, reserved 1114112K
  class space    used 2468K, committed 2688K, reserved 1048576K
}
Event: 3.003 GC heap before
{Heap before GC invocations=4 (full 0):
 garbage-first heap   total 40960K, used 39442K [0x0000000705800000, 0x0000000800000000)
  region size 2048K, 16 young (32768K), 2 survivors (4096K)
 Metaspace       used 26569K, committed 26944K, reserved 1114112K
  class space    used 3116K, committed 3264K, reserved 1048576K
}
Event: 3.008 GC heap after
{Heap after GC invocations=5 (full 0):
 garbage-first heap   total 49152K, used 13419K [0x0000000705800000, 0x0000000800000000)
  region size 2048K, 4 young (8192K), 4 survivors (8192K)
 Metaspace       used 26569K, committed 26944K, reserved 1114112K
  class space    used 3116K, committed 3264K, reserved 1048576K
}
Event: 3.335 GC heap before
{Heap before GC invocations=5 (full 0):
 garbage-first heap   total 49152K, used 33899K [0x0000000705800000, 0x0000000800000000)
  region size 2048K, 14 young (28672K), 4 survivors (8192K)
 Metaspace       used 28439K, committed 28864K, reserved 1114112K
  class space    used 3424K, committed 3648K, reserved 1048576K
}
Event: 3.340 GC heap after
{Heap after GC invocations=6 (full 0):
 garbage-first heap   total 49152K, used 14873K [0x0000000705800000, 0x0000000800000000)
  region size 2048K, 1 young (2048K), 1 survivors (2048K)
 Metaspace       used 28439K, committed 28864K, reserved 1114112K
  class space    used 3424K, committed 3648K, reserved 1048576K
}
Event: 3.919 GC heap before
{Heap before GC invocations=6 (full 0):
 garbage-first heap   total 49152K, used 37401K [0x0000000705800000, 0x0000000800000000)
  region size 2048K, 12 young (24576K), 1 survivors (2048K)
 Metaspace       used 31261K, committed 31744K, reserved 1114112K
  class space    used 3792K, committed 4032K, reserved 1048576K
}
Event: 3.921 GC heap after
{Heap after GC invocations=7 (full 0):
 garbage-first heap   total 49152K, used 16189K [0x0000000705800000, 0x0000000800000000)
  region size 2048K, 2 young (4096K), 2 survivors (4096K)
 Metaspace       used 31261K, committed 31744K, reserved 1114112K
  class space    used 3792K, committed 4032K, reserved 1048576K
}
Event: 4.611 GC heap before
{Heap before GC invocations=7 (full 0):
 garbage-first heap   total 49152K, used 36669K [0x0000000705800000, 0x0000000800000000)
  region size 2048K, 12 young (24576K), 2 survivors (4096K)
 Metaspace       used 35308K, committed 35840K, reserved 1114112K
  class space    used 4373K, committed 4608K, reserved 1048576K
}
Event: 4.614 GC heap after
{Heap after GC invocations=8 (full 0):
 garbage-first heap   total 49152K, used 18275K [0x0000000705800000, 0x0000000800000000)
  region size 2048K, 2 young (4096K), 2 survivors (4096K)
 Metaspace       used 35308K, committed 35840K, reserved 1114112K
  class space    used 4373K, committed 4608K, reserved 1048576K
}
Event: 4.633 GC heap before
{Heap before GC invocations=8 (full 0):
 garbage-first heap   total 49152K, used 18275K [0x0000000705800000, 0x0000000800000000)
  region size 2048K, 3 young (6144K), 2 survivors (4096K)
 Metaspace       used 35445K, committed 35968K, reserved 1114112K
  class space    used 4391K, committed 4672K, reserved 1048576K
}
Event: 4.635 GC heap after
{Heap after GC invocations=9 (full 0):
 garbage-first heap   total 49152K, used 18201K [0x0000000705800000, 0x0000000800000000)
  region size 2048K, 2 young (4096K), 2 survivors (4096K)
 Metaspace       used 35445K, committed 35968K, reserved 1114112K
  class space    used 4391K, committed 4672K, reserved 1048576K
}
Event: 5.222 GC heap before
{Heap before GC invocations=10 (full 0):
 garbage-first heap   total 49152K, used 38681K [0x0000000705800000, 0x0000000800000000)
  region size 2048K, 12 young (24576K), 2 survivors (4096K)
 Metaspace       used 38967K, committed 39552K, reserved 1114112K
  class space    used 4800K, committed 5056K, reserved 1048576K
}
Event: 5.225 GC heap after
{Heap after GC invocations=11 (full 0):
 garbage-first heap   total 153600K, used 19793K [0x0000000705800000, 0x0000000800000000)
  region size 2048K, 2 young (4096K), 2 survivors (4096K)
 Metaspace       used 38967K, committed 39552K, reserved 1114112K
  class space    used 4800K, committed 5056K, reserved 1048576K
}

Dll operation events (12 events):
Event: 0.008 Loaded shared library C:\Users\araom\.jdks\ms-21.0.8\bin\java.dll
Event: 0.009 Loaded shared library C:\Users\araom\.jdks\ms-21.0.8\bin\zip.dll
Event: 0.031 Loaded shared library C:\Users\araom\.jdks\ms-21.0.8\bin\jsvml.dll
Event: 0.822 Loaded shared library C:\Users\araom\.jdks\ms-21.0.8\bin\instrument.dll
Event: 0.915 Loaded shared library C:\Users\araom\.jdks\ms-21.0.8\bin\net.dll
Event: 0.916 Loaded shared library C:\Users\araom\.jdks\ms-21.0.8\bin\nio.dll
Event: 0.930 Loaded shared library C:\Users\araom\.jdks\ms-21.0.8\bin\zip.dll
Event: 1.037 Loaded shared library C:\Users\araom\.jdks\ms-21.0.8\bin\jimage.dll
Event: 1.460 Loaded shared library C:\Users\araom\.jdks\ms-21.0.8\bin\management.dll
Event: 1.468 Loaded shared library C:\Users\araom\.jdks\ms-21.0.8\bin\management_ext.dll
Event: 2.715 Loaded shared library C:\Users\araom\.jdks\ms-21.0.8\bin\sunmscapi.dll
Event: 5.415 Loaded shared library C:\Users\araom\.jdks\ms-21.0.8\bin\extnet.dll

Deoptimization events (20 events):
Event: 5.784 Thread 0x000001307b070c80 DEOPT PACKING pc=0x000001301dc4a984 sp=0x0000002cd59f98b0
Event: 5.784 Thread 0x000001307b070c80 DEOPT UNPACKING pc=0x0000013024ba4e42 sp=0x0000002cd59f8e60 mode 1
Event: 5.813 Thread 0x000001307b070c80 DEOPT PACKING pc=0x000001301d7a86e4 sp=0x0000002cd59fa9e0
Event: 5.813 Thread 0x000001307b070c80 DEOPT UNPACKING pc=0x0000013024ba4e42 sp=0x0000002cd59f9e88 mode 1
Event: 5.813 Thread 0x000001307b070c80 DEOPT PACKING pc=0x00000130252bb4d0 sp=0x0000002cd59fb420
Event: 5.813 Thread 0x000001307b070c80 DEOPT UNPACKING pc=0x0000013024ba4e42 sp=0x0000002cd59fa818 mode 1
Event: 5.813 Thread 0x000001307b070c80 DEOPT PACKING pc=0x000001301dba3c7c sp=0x0000002cd59fb460
Event: 5.813 Thread 0x000001307b070c80 DEOPT UNPACKING pc=0x0000013024ba4e42 sp=0x0000002cd59fa9c0 mode 1
Event: 5.813 Thread 0x000001307b070c80 DEOPT PACKING pc=0x000001301d7a86e4 sp=0x0000002cd59fab30
Event: 5.813 Thread 0x000001307b070c80 DEOPT UNPACKING pc=0x0000013024ba4e42 sp=0x0000002cd59f9fd8 mode 1
Event: 5.813 Thread 0x000001307b070c80 DEOPT PACKING pc=0x00000130252bb4d0 sp=0x0000002cd59fb570
Event: 5.813 Thread 0x000001307b070c80 DEOPT UNPACKING pc=0x0000013024ba4e42 sp=0x0000002cd59fa968 mode 1
Event: 5.813 Thread 0x000001307b070c80 DEOPT PACKING pc=0x000001301dba3c7c sp=0x0000002cd59fb5b0
Event: 5.813 Thread 0x000001307b070c80 DEOPT UNPACKING pc=0x0000013024ba4e42 sp=0x0000002cd59fab10 mode 1
Event: 5.818 Thread 0x000001307b070c80 DEOPT PACKING pc=0x000001301dc4d439 sp=0x0000002cd59fa8d0
Event: 5.818 Thread 0x000001307b070c80 DEOPT UNPACKING pc=0x0000013024ba4e42 sp=0x0000002cd59f9da8 mode 1
Event: 5.818 Thread 0x000001307b070c80 DEOPT PACKING pc=0x000001301dd4c20c sp=0x0000002cd59fa960
Event: 5.818 Thread 0x000001307b070c80 DEOPT UNPACKING pc=0x0000013024ba4e42 sp=0x0000002cd59f9f20 mode 1
Event: 5.818 Thread 0x000001307b070c80 DEOPT PACKING pc=0x000001301dc4a984 sp=0x0000002cd59faae0
Event: 5.818 Thread 0x000001307b070c80 DEOPT UNPACKING pc=0x0000013024ba4e42 sp=0x0000002cd59fa090 mode 1

Classes loaded (20 events):
Event: 5.826 Loading class org/springframework/data/mongodb/core/mapping/MongoField
Event: 5.826 Loading class org/springframework/data/mongodb/core/mapping/MongoField done
Event: 5.826 Loading class org/springframework/data/mongodb/core/mapping/MongoField
Event: 5.826 Loading class org/springframework/data/mongodb/core/mapping/MongoField done
Event: 5.827 Loading class org/springframework/data/mongodb/core/mapping/MongoField
Event: 5.827 Loading class org/springframework/data/mongodb/core/mapping/MongoField done
Event: 5.827 Loading class org/springframework/data/mongodb/core/mapping/CachingMongoPersistentProperty
Event: 5.827 Loading class org/springframework/data/mongodb/core/mapping/CachingMongoPersistentProperty done
Event: 5.827 Loading class org/springframework/data/mongodb/core/mapping/CachingMongoPersistentProperty
Event: 5.827 Loading class org/springframework/data/mongodb/core/mapping/CachingMongoPersistentProperty done
Event: 5.827 Loading class org/springframework/data/mongodb/core/mapping/CachingMongoPersistentProperty
Event: 5.827 Loading class org/springframework/data/mongodb/core/mapping/CachingMongoPersistentProperty done
Event: 5.827 Loading class org/springframework/data/mongodb/core/mapping/CachingMongoPersistentProperty
Event: 5.827 Loading class org/springframework/data/mongodb/core/mapping/CachingMongoPersistentProperty done
Event: 5.827 Loading class org/springframework/data/mongodb/core/mapping/DocumentReference
Event: 5.827 Loading class org/springframework/data/mongodb/core/mapping/DocumentReference done
Event: 5.827 Loading class org/springframework/data/mongodb/core/mapping/DocumentReference
Event: 5.827 Loading class org/springframework/data/mongodb/core/mapping/DocumentReference done
Event: 5.828 Loading class org/springframework/data/mongodb/core/mapping/Field
Event: 5.828 Loading class org/springframework/data/mongodb/core/mapping/Field done

Classes unloaded (0 events):
No events

Classes redefined (1 events):
Event: 0.856 Thread 0x0000013033dcac60 redefined class name=java.lang.Throwable, count=1

Internal exceptions (20 events):
Event: 4.955 Thread 0x000001307b070c80 Exception <a 'java/io/FileNotFoundException'{0x000000070792e390}> (0x000000070792e390) 
thrown [s\src\hotspot\share\prims\jni.cpp, line 520]
Event: 5.034 Thread 0x000001307b070c80 Exception <a 'java/lang/NoSuchMethodError'{0x000000070774ba10}: 'int java.lang.invoke.DirectMethodHandle$Holder.invokeInterface(java.lang.Object, java.lang.Object, java.lang.Object, java.lang.Object)'> (0x000000070774ba10) 
thrown [s\src\hotspot\share\interpreter\linkResolver.cpp, line 773]
Event: 5.120 Thread 0x000001307b070c80 Exception <a 'java/lang/NoSuchMethodError'{0x000000070722ad70}: 'long java.lang.invoke.DirectMethodHandle$Holder.invokeVirtual(java.lang.Object, java.lang.Object)'> (0x000000070722ad70) 
thrown [s\src\hotspot\share\interpreter\linkResolver.cpp, line 773]
Event: 5.126 Thread 0x000001307b070c80 Exception <a 'java/io/FileNotFoundException'{0x000000070725bb90}> (0x000000070725bb90) 
thrown [s\src\hotspot\share\prims\jni.cpp, line 520]
Event: 5.157 Thread 0x000001307b070c80 Exception <a 'java/lang/NoSuchMethodError'{0x000000070736e870}: 'void java.lang.invoke.DirectMethodHandle$Holder.invokeVirtual(java.lang.Object, java.lang.Object, long)'> (0x000000070736e870) 
thrown [s\src\hotspot\share\interpreter\linkResolver.cpp, line 773]
Event: 5.287 Thread 0x000001307b070c80 Exception <a 'java/lang/NoSuchMethodError'{0x0000000715052cb8}: 'java.lang.Object java.lang.invoke.DirectMethodHandle$Holder.invokeVirtual(java.lang.Object, java.lang.Object, java.lang.Object, java.lang.Object)'> (0x0000000715052cb8) 
thrown [s\src\hotspot\share\interpreter\linkResolver.cpp, line 773]
Event: 5.328 Thread 0x000001307b070c80 Implicit null exception at 0x000001302532827e to 0x0000013025328340
Event: 5.343 Thread 0x000001307b070c80 Exception <a 'sun/nio/fs/WindowsException'{0x0000000712c75fe0}> (0x0000000712c75fe0) 
thrown [s\src\hotspot\share\prims\jni.cpp, line 520]
Event: 5.373 Thread 0x000001307b070c80 Implicit null exception at 0x00000130253874a3 to 0x0000013025387968
Event: 5.398 Thread 0x000001307b070c80 Exception <a 'java/lang/NoSuchMethodError'{0x0000000712bc86a0}: 'long java.lang.invoke.DirectMethodHandle$Holder.invokeStatic(java.lang.Object)'> (0x0000000712bc86a0) 
thrown [s\src\hotspot\share\interpreter\linkResolver.cpp, line 773]
Event: 5.422 Thread 0x000001307b070c80 Implicit null exception at 0x000001302538d723 to 0x000001302538dbe0
Event: 5.423 Thread 0x00000130008e8d70 Exception <a 'java/lang/NoSuchMethodError'{0x000000070e4bf0b8}: 'java.lang.Object java.lang.invoke.DirectMethodHandle$Holder.invokeStatic(java.lang.Object, long, long)'> (0x000000070e4bf0b8) 
thrown [s\src\hotspot\share\interpreter\linkResolver.cpp, line 773]
Event: 5.425 Thread 0x00000130008e8d70 Exception <a 'java/lang/NoSuchMethodError'{0x000000070e589060}: 'java.lang.Object java.lang.invoke.DirectMethodHandle$Holder.invokeInterface(java.lang.Object, java.lang.Object, long)'> (0x000000070e589060) 
thrown [s\src\hotspot\share\interpreter\linkResolver.cpp, line 773]
Event: 5.430 Thread 0x00000130008e8d70 Exception <a 'java/net/ConnectException'{0x000000070e59a958}: Connection refused: getsockopt> (0x000000070e59a958) 
thrown [s\src\hotspot\share\prims\jni.cpp, line 539]
Event: 5.563 Thread 0x000001307b070c80 Exception <a 'java/lang/IncompatibleClassChangeError'{0x000000070df6d558}: Found class java.lang.Object, but interface was expected> (0x000000070df6d558) 
thrown [s\src\hotspot\share\interpreter\linkResolver.cpp, line 840]
Event: 5.568 Thread 0x000001307b070c80 Exception <a 'java/lang/NoSuchMethodError'{0x000000070dfa8840}: 'java.lang.Object java.lang.invoke.DirectMethodHandle$Holder.newInvokeSpecial(java.lang.Object, java.lang.Object, java.lang.Object, int, int)'> (0x000000070dfa8840) 
thrown [s\src\hotspot\share\interpreter\linkResolver.cpp, line 773]
Event: 5.589 Thread 0x000001307b070c80 Exception <a 'java/lang/IncompatibleClassChangeError'{0x000000070dcb8988}: Found class java.lang.Object, but interface was expected> (0x000000070dcb8988) 
thrown [s\src\hotspot\share\interpreter\linkResolver.cpp, line 840]
Event: 5.663 Thread 0x000001307b070c80 Exception <a 'java/lang/IncompatibleClassChangeError'{0x000000070d85ea58}: Found class java.lang.Object, but interface was expected> (0x000000070d85ea58) 
thrown [s\src\hotspot\share\interpreter\linkResolver.cpp, line 840]
Event: 5.685 Thread 0x000001307b070c80 Exception <a 'java/lang/NoSuchMethodError'{0x000000070d92ecc0}: 'long java.lang.invoke.DirectMethodHandle$Holder.invokeVirtual(java.lang.Object, java.lang.Object, java.lang.Object, java.lang.Object, java.lang.Object, java.lang.Object)'> (0x000000070d92ecc0) 
thrown [s\src\hotspot\share\interpreter\linkResolver.cpp, line 773]
Event: 5.738 Thread 0x000001307b070c80 Implicit null exception at 0x00000130253b6df1 to 0x00000130253b70a8

ZGC Phase Switch (0 events):
No events

VM Operations (20 events):
Event: 4.611 Executing VM operation: G1CollectForAllocation (G1 Evacuation Pause)
Event: 4.614 Executing VM operation: G1CollectForAllocation (G1 Evacuation Pause) done
Event: 4.633 Executing VM operation: CollectForMetadataAllocation (Metadata GC Threshold)
Event: 4.635 Executing VM operation: CollectForMetadataAllocation (Metadata GC Threshold) done
Event: 4.643 Executing VM operation: G1PauseRemark
Event: 4.646 Executing VM operation: G1PauseRemark done
Event: 4.649 Executing VM operation: G1PauseCleanup
Event: 4.649 Executing VM operation: G1PauseCleanup done
Event: 4.679 Executing VM operation: HandshakeAllThreads (Deoptimize)
Event: 4.679 Executing VM operation: HandshakeAllThreads (Deoptimize) done
Event: 4.990 Executing VM operation: HandshakeAllThreads (Deoptimize)
Event: 4.990 Executing VM operation: HandshakeAllThreads (Deoptimize) done
Event: 5.078 Executing VM operation: HandshakeAllThreads (Deoptimize)
Event: 5.078 Executing VM operation: HandshakeAllThreads (Deoptimize) done
Event: 5.129 Executing VM operation: HandshakeAllThreads (Deoptimize)
Event: 5.129 Executing VM operation: HandshakeAllThreads (Deoptimize) done
Event: 5.222 Executing VM operation: G1CollectForAllocation (G1 Evacuation Pause)
Event: 5.225 Executing VM operation: G1CollectForAllocation (G1 Evacuation Pause) done
Event: 5.473 Executing VM operation: HandshakeAllThreads (Deoptimize)
Event: 5.473 Executing VM operation: HandshakeAllThreads (Deoptimize) done

Memory protections (0 events):
No events

Nmethod flushes (20 events):
Event: 4.645 Thread 0x0000013033dcac60 flushing  nmethod 0x000001301d665e10
Event: 4.645 Thread 0x0000013033dcac60 flushing  nmethod 0x000001301d690c90
Event: 4.645 Thread 0x0000013033dcac60 flushing  nmethod 0x000001301d693910
Event: 4.645 Thread 0x0000013033dcac60 flushing  nmethod 0x000001301d694910
Event: 4.645 Thread 0x0000013033dcac60 flushing  nmethod 0x000001301d698c10
Event: 4.645 Thread 0x0000013033dcac60 flushing  nmethod 0x000001301d6d4b90
Event: 4.645 Thread 0x0000013033dcac60 flushing  nmethod 0x000001301d6d4f10
Event: 4.645 Thread 0x0000013033dcac60 flushing  nmethod 0x000001301d6d7d90
Event: 4.645 Thread 0x0000013033dcac60 flushing  nmethod 0x000001301d6db690
Event: 4.645 Thread 0x0000013033dcac60 flushing  nmethod 0x000001301d6dd210
Event: 4.645 Thread 0x0000013033dcac60 flushing  nmethod 0x000001301d78c890
Event: 4.645 Thread 0x0000013033dcac60 flushing  nmethod 0x000001301d78d090
Event: 4.645 Thread 0x0000013033dcac60 flushing  nmethod 0x000001301d78db10
Event: 4.645 Thread 0x0000013033dcac60 flushing  nmethod 0x000001301d7f4610
Event: 4.645 Thread 0x0000013033dcac60 flushing  nmethod 0x000001301d7fb110
Event: 4.645 Thread 0x0000013033dcac60 flushing  nmethod 0x000001301d7fbd10
Event: 4.645 Thread 0x0000013033dcac60 flushing  nmethod 0x000001301d83dd90
Event: 4.645 Thread 0x0000013033dcac60 flushing  nmethod 0x000001301d83e290
Event: 4.645 Thread 0x0000013033dcac60 flushing  nmethod 0x000001301d881710
Event: 4.645 Thread 0x0000013033dcac60 flushing  nmethod 0x000001301d8da290

Events (20 events):
Event: 0.092 Thread 0x0000013014f30100 Thread added: 0x0000013034881620
Event: 0.092 Thread 0x0000013034864c90 Thread added: 0x0000013034883cb0
Event: 0.804 Thread 0x00000130347aa6f0 Thread exited: 0x00000130347aa6f0
Event: 0.871 Thread 0x0000013014f30100 Thread added: 0x00000130349e8470
Event: 0.875 Thread 0x0000013014f30100 Thread added: 0x0000013034a6d4a0
Event: 0.957 Thread 0x000001303467f220 Thread added: 0x000001307a1bf7f0
Event: 1.534 Thread 0x0000013014f30100 Thread added: 0x000001307b06cb30
Event: 1.544 Thread 0x000001307b06cb30 Thread added: 0x000001307b070c80
Event: 2.272 Thread 0x000001307b070c80 Thread added: 0x000001307b4cc800
Event: 2.727 Thread 0x000001303467f220 Thread added: 0x000001307bef1700
Event: 2.903 Thread 0x000001307b070c80 Thread added: 0x000001307c1bf060
Event: 2.987 Thread 0x000001307c1bf060 Thread exited: 0x000001307c1bf060
Event: 3.175 Thread 0x000001307b4cc800 Thread exited: 0x000001307b4cc800
Event: 4.856 Thread 0x000001307bef1700 Thread exited: 0x000001307bef1700
Event: 5.135 Thread 0x000001307b070c80 Thread added: 0x000001307eeacf00
Event: 5.137 Thread 0x000001307eeacf00 Thread added: 0x000001307eeadc20
Event: 5.142 Thread 0x000001307b070c80 Thread added: 0x000001307eeabb50
Event: 5.312 Thread 0x000001307b070c80 Thread added: 0x00000130008e5f80
Event: 5.385 Thread 0x000001307b070c80 Thread added: 0x00000130008e8d70
Event: 5.515 Thread 0x000001303467f220 Thread added: 0x000001307e635e00


Dynamic libraries:
0x00007ff6c6c50000 - 0x00007ff6c6c5e000 	C:\Users\araom\.jdks\ms-21.0.8\bin\java.exe
0x00007ffc7d840000 - 0x00007ffc7daa9000 	C:\WINDOWS\SYSTEM32\ntdll.dll
0x00007ffc7d060000 - 0x00007ffc7d129000 	C:\WINDOWS\System32\KERNEL32.DLL
0x00007ffc7b000000 - 0x00007ffc7b3f3000 	C:\WINDOWS\System32\KERNELBASE.dll
0x00007ffc7ab00000 - 0x00007ffc7ac4b000 	C:\WINDOWS\System32\ucrtbase.dll
0x00007ffc50ec0000 - 0x00007ffc50ed8000 	C:\Users\araom\.jdks\ms-21.0.8\bin\jli.dll
0x00007ffc50d40000 - 0x00007ffc50d5e000 	C:\Users\araom\.jdks\ms-21.0.8\bin\VCRUNTIME140.dll
0x00007ffc7d520000 - 0x00007ffc7d6e4000 	C:\WINDOWS\System32\USER32.dll
0x00007ffc7af10000 - 0x00007ffc7af37000 	C:\WINDOWS\System32\win32u.dll
0x00007ffc7d3b0000 - 0x00007ffc7d3db000 	C:\WINDOWS\System32\GDI32.dll
0x00007ffc7a9d0000 - 0x00007ffc7aafd000 	C:\WINDOWS\System32\gdi32full.dll
0x00007ffc3d5c0000 - 0x00007ffc3d853000 	C:\WINDOWS\WinSxS\amd64_microsoft.windows.common-controls_6595b64144ccf1df_6.0.26100.5074_none_3e0d6f78e32fd63f\COMCTL32.dll
0x00007ffc7ae60000 - 0x00007ffc7af03000 	C:\WINDOWS\System32\msvcp_win.dll
0x00007ffc7b6d0000 - 0x00007ffc7b779000 	C:\WINDOWS\System32\msvcrt.dll
0x00007ffc7cfb0000 - 0x00007ffc7cfdf000 	C:\WINDOWS\System32\IMM32.DLL
0x00007ffc55390000 - 0x00007ffc5539c000 	C:\Users\araom\.jdks\ms-21.0.8\bin\vcruntime140_1.dll
0x00007ffc45aa0000 - 0x00007ffc45b29000 	C:\Users\araom\.jdks\ms-21.0.8\bin\msvcp140.dll
0x00007ffc13620000 - 0x00007ffc143cc000 	C:\Users\araom\.jdks\ms-21.0.8\bin\server\jvm.dll
0x00007ffc7b7a0000 - 0x00007ffc7b854000 	C:\WINDOWS\System32\ADVAPI32.dll
0x00007ffc7d470000 - 0x00007ffc7d516000 	C:\WINDOWS\System32\sechost.dll
0x00007ffc7d130000 - 0x00007ffc7d248000 	C:\WINDOWS\System32\RPCRT4.dll
0x00007ffc7cdd0000 - 0x00007ffc7ce44000 	C:\WINDOWS\System32\WS2_32.dll
0x00007ffc7a830000 - 0x00007ffc7a88e000 	C:\WINDOWS\SYSTEM32\POWRPROF.dll
0x00007ffc718a0000 - 0x00007ffc718d5000 	C:\WINDOWS\SYSTEM32\WINMM.dll
0x00007ffc69c60000 - 0x00007ffc69c6b000 	C:\WINDOWS\SYSTEM32\VERSION.dll
0x00007ffc7a810000 - 0x00007ffc7a824000 	C:\WINDOWS\SYSTEM32\UMPDC.dll
0x00007ffc79770000 - 0x00007ffc7978b000 	C:\WINDOWS\SYSTEM32\kernel.appcore.dll
0x00007ffc51ba0000 - 0x00007ffc51baa000 	C:\Users\araom\.jdks\ms-21.0.8\bin\jimage.dll
0x00007ffc6aef0000 - 0x00007ffc6b132000 	C:\WINDOWS\SYSTEM32\DBGHELP.DLL
0x00007ffc7c040000 - 0x00007ffc7c3bb000 	C:\WINDOWS\System32\combase.dll
0x00007ffc7d250000 - 0x00007ffc7d327000 	C:\WINDOWS\System32\OLEAUT32.dll
0x00007ffc5ec00000 - 0x00007ffc5ec3d000 	C:\WINDOWS\SYSTEM32\dbgcore.DLL
0x00007ffc7ac50000 - 0x00007ffc7ace9000 	C:\WINDOWS\System32\bcryptPrimitives.dll
0x00007ffc45dd0000 - 0x00007ffc45e0c000 	C:\Users\araom\.jdks\ms-21.0.8\bin\jdwp.dll
0x00007ffc50b20000 - 0x00007ffc50b30000 	C:\Users\araom\.jdks\ms-21.0.8\bin\instrument.dll
0x00007ffc50d10000 - 0x00007ffc50d31000 	C:\Users\araom\.jdks\ms-21.0.8\bin\java.dll
0x00007ffc50b50000 - 0x00007ffc50b68000 	C:\Users\araom\.jdks\ms-21.0.8\bin\zip.dll
0x00007ffc7c680000 - 0x00007ffc7cdcd000 	C:\WINDOWS\System32\SHELL32.dll
0x00007ffc7acf0000 - 0x00007ffc7ae5c000 	C:\WINDOWS\System32\wintypes.dll
0x00007ffc785f0000 - 0x00007ffc78e49000 	C:\WINDOWS\SYSTEM32\windows.storage.dll
0x00007ffc7d700000 - 0x00007ffc7d7f0000 	C:\WINDOWS\System32\SHCORE.dll
0x00007ffc7cff0000 - 0x00007ffc7d052000 	C:\WINDOWS\System32\shlwapi.dll
0x00007ffc7a8f0000 - 0x00007ffc7a919000 	C:\WINDOWS\SYSTEM32\profapi.dll
0x00007ffc411a0000 - 0x00007ffc41276000 	C:\Users\araom\.jdks\ms-21.0.8\bin\jsvml.dll
0x00007ffc45bb0000 - 0x00007ffc45bbc000 	C:\Users\araom\.jdks\ms-21.0.8\bin\dt_socket.dll
0x00007ffc791c0000 - 0x00007ffc791f4000 	C:\WINDOWS\SYSTEM32\IPHLPAPI.DLL
0x00007ffc79cd0000 - 0x00007ffc79d3b000 	C:\WINDOWS\system32\mswsock.dll
0x00007ffc50cf0000 - 0x00007ffc50d01000 	C:\Users\araom\.jdks\ms-21.0.8\bin\net.dll
0x00007ffc74af0000 - 0x00007ffc74c0f000 	C:\WINDOWS\SYSTEM32\WINHTTP.dll
0x00007ffc50b70000 - 0x00007ffc50b86000 	C:\Users\araom\.jdks\ms-21.0.8\bin\nio.dll
0x00007ffc45db0000 - 0x00007ffc45dba000 	C:\Users\araom\.jdks\ms-21.0.8\bin\management.dll
0x00007ffc45bc0000 - 0x00007ffc45bcc000 	C:\Users\araom\.jdks\ms-21.0.8\bin\management_ext.dll
0x00007ffc7c670000 - 0x00007ffc7c678000 	C:\WINDOWS\System32\PSAPI.DLL
0x00007ffc50b30000 - 0x00007ffc50b3e000 	C:\Users\araom\.jdks\ms-21.0.8\bin\sunmscapi.dll
0x00007ffc7b400000 - 0x00007ffc7b577000 	C:\WINDOWS\System32\CRYPT32.dll
0x00007ffc7a1e0000 - 0x00007ffc7a210000 	C:\WINDOWS\SYSTEM32\ncrypt.dll
0x00007ffc7a190000 - 0x00007ffc7a1cf000 	C:\WINDOWS\SYSTEM32\NTASN1.dll
0x00007ffc7a0a0000 - 0x00007ffc7a0bb000 	C:\WINDOWS\SYSTEM32\CRYPTSP.dll
0x00007ffc796d0000 - 0x00007ffc7970b000 	C:\WINDOWS\system32\rsaenh.dll
0x00007ffc79d70000 - 0x00007ffc79d9b000 	C:\WINDOWS\SYSTEM32\USERENV.dll
0x00007ffc7a8c0000 - 0x00007ffc7a8e6000 	C:\WINDOWS\SYSTEM32\bcrypt.dll
0x00007ffc79f00000 - 0x00007ffc79f0c000 	C:\WINDOWS\SYSTEM32\CRYPTBASE.dll
0x00007ffc7c3c0000 - 0x00007ffc7c3ca000 	C:\WINDOWS\System32\NSI.dll
0x00007ffc79260000 - 0x00007ffc79386000 	C:\WINDOWS\SYSTEM32\DNSAPI.dll
0x00007ffc74140000 - 0x00007ffc7414b000 	C:\Windows\System32\rasadhlp.dll
0x00007ffc75700000 - 0x00007ffc75786000 	C:\WINDOWS\System32\fwpuclnt.dll
0x00007ffc45dc0000 - 0x00007ffc45dc9000 	C:\Users\araom\.jdks\ms-21.0.8\bin\extnet.dll

JVMTI agents:
jdwp path:C:\Users\araom\.jdks\ms-21.0.8\bin\jdwp.dll, loaded, initialized, options:transport=dt_socket,address=127.0.0.1:53890,suspend=y,server=n
C:\Users\araom\AppData\Local\JetBrains\IntelliJIdea2025.3\captureAgent\debugger-agent.jar path:C:\Users\araom\.jdks\ms-21.0.8\bin\instrument.dll, loaded, initialized, instrumentlib options:file:///C:/Users/araom/AppData/Local/Temp/capture11615499735127054323.props

dbghelp: loaded successfully - version: 4.0.5 - missing functions: none
symbol engine: initialized successfully - sym options: 0x614 - pdb path: .;C:\Users\araom\.jdks\ms-21.0.8\bin;C:\WINDOWS\SYSTEM32;C:\WINDOWS\WinSxS\amd64_microsoft.windows.common-controls_6595b64144ccf1df_6.0.26100.5074_none_3e0d6f78e32fd63f;C:\Users\araom\.jdks\ms-21.0.8\bin\server

VM Arguments:
jvm_args: -agentlib:jdwp=transport=dt_socket,address=127.0.0.1:53890,suspend=y,server=n -javaagent:C:\Users\araom\AppData\Local\JetBrains\IntelliJIdea2025.3\captureAgent\debugger-agent.jar=file:///C:/Users/araom/AppData/Local/Temp/capture11615499735127054323.props -Dkotlinx.coroutines.debug.enable.creation.stack.trace=false -Ddebugger.agent.enable.coroutines=true -Dkotlinx.coroutines.debug.enable.flows.stack.trace=true -Dkotlinx.coroutines.debug.enable.mutable.state.flows.stack.trace=true -Ddebugger.async.stack.trace.for.all.threads=true -Dfile.encoding=UTF-8 -Dsun.stdout.encoding=UTF-8 -Dsun.stderr.encoding=UTF-8 
java_command: com.jobportal.Job.Poratl.JobPoratlApplication
java_class_path (initial): C:\Users\araom\OneDrive\Desktop\Job Poratl backend\Job-Poratl\target\test-classes;C:\Users\araom\OneDrive\Desktop\Job Poratl backend\Job-Poratl\target\classes;C:\Users\araom\.m2\repository\org\springframework\boot\spring-boot-starter-web\4.0.1\spring-boot-starter-web-4.0.1.jar;C:\Users\araom\.m2\repository\org\springframework\boot\spring-boot-starter-jackson\4.0.1\spring-boot-starter-jackson-4.0.1.jar;C:\Users\araom\.m2\repository\org\springframework\boot\spring-boot-jackson\4.0.1\spring-boot-jackson-4.0.1.jar;C:\Users\araom\.m2\repository\tools\jackson\core\jackson-databind\3.0.3\jackson-databind-3.0.3.jar;C:\Users\araom\.m2\repository\tools\jackson\core\jackson-core\3.0.3\jackson-core-3.0.3.jar;C:\Users\araom\.m2\repository\org\springframework\boot\spring-boot-starter-tomcat\4.0.1\spring-boot-starter-tomcat-4.0.1.jar;C:\Users\araom\.m2\repository\org\springframework\boot\spring-boot-starter-tomcat-runtime\4.0.1\spring-boot-starter-tomcat-runtime-4.0.1.jar;C:\Users\araom\.m2\repository\org\springframework\boot\spring-boot-web-server\4.0.1\spring-boot-web-server-4.0.1.jar;C:\Users\araom\.m2\repository\org\apache\tomcat\embed\tomcat-embed-core\11.0.15\tomcat-embed-core-11.0.15.jar;C:\Users\araom\.m2\repository\org\apache\tomcat\embed\tomcat-embed-websocket\11.0.15\tomcat-embed-websocket-11.0.15.jar;C:\Users\araom\.m2\repository\org\springframework\boot\spring-boot-tomcat\4.0.1\spring-boot-tomcat-4.0.1.jar;C:\Users\araom\.m2\repository\org\springframework\boot\spring-boot-http-converter\4.0.1\spring-boot-http-converter-4.0.1.jar;C:\Users\araom\.m2\repository\org\springframework\spring-web\7.0.2\spring-web-7.0.2.jar;C:\Users\araom\.m2\repository\io\micrometer\micrometer-observation\1.16.1\micrometer-observation-1.16.1.jar;C:\Users\araom\.m2\repository\io\micrometer\micrometer-commons\1.16.1\micrometer-commons-1.16.1.jar;C:\Users\araom\.m2\repository\org\springframework\boot\spring-boot-webmvc\4.0.1\spring-boot-webmvc-4.0.1.jar;C:\Users\araom\.m2\repository\org\springframework\boot\spring-boot-servlet\4.0.1\spring-boot-servlet-4.0.1.jar;C:\Users\araom\.m2\repository\org\springframework\spring-webmvc\7.0.2\spring-webmvc-7.0.2.jar;C:\Users\araom\.m2\repository\org\springframework\spring-expression\7.0.2\spring-expression-7.0.2.jar;C:\Users\araom\.m2\repository\org\springframework\boot\spring-boot-starter-data-mongodb\4.0.1\spring-boot-starter-data-mongodb-4.0.1.jar;C:\Users\araom\.m2\repository\org\springframework\boot\spring-boot-starter-mongodb\4.0.1\spring-boot-starter-mongodb-4.0.1.jar;C:\Users\araom\.m2\repository\org\springframework\boot\spring-boot-mongodb\4.0.1\spring-boot-mongodb-4.0.1.jar;C:\Users\araom\.m2\repository\org\mongodb\mongodb-driver-sync\5.6.2\mongodb-driver-sync-5.6.2.jar;C:\Users\araom\.m2\repository\org\mongodb\bson\5.6.2\bson-5.6.2.jar;C:\Users\araom\.m2\repository\org\mongodb\mongodb-driver-core\5.6.2\mongodb-driver-core-5.6.2.jar;C:\Users\araom\.m2\repository\org\mongodb\bson-record-codec\5.6.2\bson-record-codec-5.6.2.jar;C:\Users\araom\.m2\repository\org\springframework\boot\spring-boot-data-mongodb\4.0.1\spring-boot-data-mongodb-4.0.1.jar;C:\Users\araom\.m2\repository\org\springframework\boot\spring-boot-data-commons\4.0.1\spring-boot-data-commons-4.0.1.jar;C:\Users\araom\.m2\repository\org\springframework\boot\spring-boot-persistence\4.0.1\spring-boot-persistence-4.0.1.jar;C:\Users\araom\.m2\repository\org\springframework\data\spring-data-commons\4.0.1\spring-data-commons-4.0.1.jar;C:\Users\araom\.m2\repository\org\springframework\boot\spring-boot-transaction\4.0.1\spring-boot-transaction-4.0.1.jar;C:\Users\araom\.m2\repository\org\springframework\spring-tx\7.0.2\spring-tx-7.0.2.jar;C:\Users\araom\.m2\repository\org\springframework\data\spring-data-mongodb\5.0.1\spring-data-mongodb-5.0.1.jar;C:\Users\araom\.m2\repository\org\projectlombok\lombok\1.18.42\lombok-1.18.42.jar;C:\Users\araom\.m2\repository\org\springframework\boot\spring-boot-devtools\4.0.1\spring-boot-devtools-4.0.1.jar;C:\Users\araom\.m2\repository\org\springframework\boot\spring-boot\4.0.1\spring-boot-4.0.1.jar;C:\Users\araom\.m2\repository\org\springframework\spring-context\7.0.2\spring-context-7.0.2.jar;C:\Users\araom\.m2\repository\org\springframework\boot\spring-boot-autoconfigure\4.0.1\spring-boot-autoconfigure-4.0.1.jar;C:\Users\araom\.m2\repository\org\springframework\boot\spring-boot-starter-validation\4.0.1\spring-boot-starter-validation-4.0.1.jar;C:\Users\araom\.m2\repository\org\springframework\boot\spring-boot-starter\4.0.1\spring-boot-starter-4.0.1.jar;C:\Users\araom\.m2\repository\org\springframework\boot\spring-boot-starter-logging\4.0.1\spring-boot-starter-logging-4.0.1.jar;C:\Users\araom\.m2\repository\ch\qos\logback\logback-classic\1.5.22\logback-classic-1.5.22.jar;C:\Users\araom\.m2\repository\ch\qos\logback\logback-core\1.5.22\logback-core-1.5.22.jar;C:\Users\araom\.m2\repository\org\apache\logging\log4j\log4j-to-slf4j\2.25.3\log4j-to-slf4j-2.25.3.jar;C:\Users\araom\.m2\repository\org\apache\logging\log4j\log4j-api\2.25.3\log4j-api-2.25.3.jar;C:\Users\araom\.m2\repository\org\slf4j\jul-to-slf4j\2.0.17\jul-to-slf4j-2.0.17.jar;C:\Users\araom\.m2\repository\jakarta\annotation\jakarta.annotation-api\3.0.0\jakarta.annotation-api-3.0.0.jar;C:\Users\araom\.m2\repository\org\yaml\snakeyaml\2.5\snakeyaml-2.5.jar;C:\Users\araom\.m2\repository\org\springframework\boot\spring-boot-validation\4.0.1\spring-boot-validation-4.0.1.jar;C:\Users\araom\.m2\repository\org\apache\tomcat\embed\tomcat-embed-el\11.0.15\tomcat-embed-el-11.0.15.jar;C:\Users\araom\.m2\repository\org\hibernate\validator\hibernate-validator\9.0.1.Final\hibernate-validator-9.0.1.Final.jar;C:\Users\araom\.m2\repository\jakarta\validation\jakarta.validation-api\3.1.1\jakarta.validation-api-3.1.1.jar;C:\Users\araom\.m2\repository\org\jboss\logging\jboss-logging\3.6.1.Final\jboss-logging-3.6.1.Final.jar;C:\Users\araom\.m2\repository\com\fasterxml\classmate\1.7.1\classmate-1.7.1.jar;C:\Users\araom\.m2\repository\org\springframework\boot\spring-boot-starter-test\4.0.1\spring-boot-starter-test-4.0.1.jar;C:\Users\araom\.m2\repository\org\springframework\boot\spring-boot-test\4.0.1\spring-boot-test-4.0.1.jar;C:\Users\araom\.m2\repository\org\springframework\boot\spring-boot-test-autoconfigure\4.0.1\spring-boot-test-autoconfigure-4.0.1.jar;C:\Users\araom\.m2\repository\com\jayway\jsonpath\json-path\2.10.0\json-path-2.10.0.jar;C:\Users\araom\.m2\repository\org\slf4j\slf4j-api\2.0.17\slf4j-api-2.0.17.jar;C:\Users\araom\.m2\repository\jakarta\xml\bind\jakarta.xml.bind-api\4.0.4\jakarta.xml.bind-api-4.0.4.jar;C:\Users\araom\.m2\repository\jakarta\activation\jakarta.activation-api\2.1.4\jakarta.activation-api-2.1.4.jar;C:\Users\araom\.m2\repository\net\minidev\json-smart\2.6.0\json-smart-2.6.0.jar;C:\Users\araom\.m2\repository\net\minidev\accessors-smart\2.6.0\accessors-smart-2.6.0.jar;C:\Users\araom\.m2\repository\org\ow2\asm\asm\9.7.1\asm-9.7.1.jar;C:\Users\araom\.m2\repository\org\assertj\assertj-core\3.27.6\assertj-core-3.27.6.jar;C:\Users\araom\.m2\repository\net\bytebuddy\byte-buddy\1.17.8\byte-buddy-1.17.8.jar;C:\Users\araom\.m2\repository\org\awaitility\awaitility\4.3.0\awaitility-4.3.0.jar;C:\Users\araom\.m2\repository\org\hamcrest\hamcrest\3.0\hamcrest-3.0.jar;C:\Users\araom\.m2\repository\org\junit\jupiter\junit-jupiter\6.0.1\junit-jupiter-6.0.1.jar;C:\Users\araom\.m2\repository\org\junit\jupiter\junit-jupiter-api\6.0.1\junit-jupiter-api-6.0.1.jar;C:\Users\araom\.m2\repository\org\opentest4j\opentest4j\1.3.0\opentest4j-1.3.0.jar;C:\Users\araom\.m2\repository\org\junit\platform\junit-platform-commons\6.0.1\junit-platform-commons-6.0.1.jar;C:\Users\araom\.m2\repository\org\apiguardian\apiguardian-api\1.1.2\apiguardian-api-1.1.2.jar;C:\Users\araom\.m2\repository\org\junit\jupiter\junit-jupiter-params\6.0.1\junit-jupiter-params-6.0.1.jar;C:\Users\araom\.m2\repository\org\junit\jupiter\junit-jupiter-engine\6.0.1\junit-jupiter-engine-6.0.1.jar;C:\Users\araom\.m2\repository\org\junit\platform\junit-platform-engine\6.0.1\junit-platform-engine-6.0.1.jar;C:\Users\araom\.m2\repository\org\mockito\mockito-core\5.20.0\mockito-core-5.20.0.jar;C:\Users\araom\.m2\repository\net\bytebuddy\byte-buddy-agent\1.17.8\byte-buddy-agent-1.17.8.jar;C:\Users\araom\.m2\repository\org\objenesis\objenesis\3.3\objenesis-3.3.jar;C:\Users\araom\.m2\repository\org\mockito\mockito-junit-jupiter\5.20.0\mockito-junit-jupiter-5.20.0.jar;C:\Users\araom\.m2\repository\org\skyscreamer\jsonassert\1.5.3\jsonassert-1.5.3.jar;C:\Users\araom\.m2\repository\com\vaadin\external\google\android-json\0.0.20131108.vaadin1\android-json-0.0.20131108.vaadin1.jar;C:\Users\araom\.m2\repository\org\springframework\spring-core\7.0.2\spring-core-7.0.2.jar;C:\Users\araom\.m2\repository\commons-logging\commons-logging\1.3.5\commons-logging-1.3.5.jar;C:\Users\araom\.m2\repository\org\jspecify\jspecify\1.0.0\jspecify-1.0.0.jar;C:\Users\araom\.m2\repository\org\springframework\spring-test\7.0.2\spring-test-7.0.2.jar;C:\Users\araom\.m2\repository\org\xmlunit\xmlunit-core\2.10.4\xmlunit-core-2.10.4.jar;C:\Users\araom\.m2\repository\org\springframework\boot\spring-boot-starter-security\4.0.1\spring-boot-starter-security-4.0.1.jar;C:\Users\araom\.m2\repository\org\springframework\boot\spring-boot-security\4.0.1\spring-boot-security-4.0.1.jar;C:\Users\araom\.m2\repository\org\springframework\security\spring-security-config\7.0.2\spring-security-config-7.0.2.jar;C:\Users\araom\.m2\repository\org\springframework\security\spring-security-core\7.0.2\spring-security-core-7.0.2.jar;C:\Users\araom\.m2\repository\org\springframework\security\spring-security-crypto\7.0.2\spring-security-crypto-7.0.2.jar;C:\Users\araom\.m2\repository\org\springframework\security\spring-security-web\7.0.2\spring-security-web-7.0.2.jar;C:\Users\araom\.m2\repository\org\springframework\spring-aop\7.0.2\spring-aop-7.0.2.jar;C:\Users\araom\.m2\repository\org\springframework\spring-beans\7.0.2\spring-beans-7.0.2.jar;C:\Users\araom\.m2\repository\org\springframework\boot\spring-boot-starter-mail\4.0.1\spring-boot-starter-mail-4.0.1.jar;C:\Users\araom\.m2\repository\org\springframework\boot\spring-boot-mail\4.0.1\spring-boot-mail-4.0.1.jar;C:\Users\araom\.m2\repository\org\springframework\spring-context-support\7.0.2\spring-context-support-7.0.2.jar;C:\Users\araom\.m2\repository\jakarta\mail\jakarta.mail-api\2.1.5\jakarta.mail-api-2.1.5.jar;C:\Users\araom\.m2\repository\org\eclipse\angus\angus-mail\2.0.5\angus-mail-2.0.5.jar;C:\Users\araom\.m2\repository\org\eclipse\angus\angus-activation\2.0.3\angus-activation-2.0.3.jar;C:\Users\araom\.m2\repository\com\fasterxml\jackson\core\jackson-databind\2.20.1\jackson-databind-2.20.1.jar;C:\Users\araom\.m2\repository\com\fasterxml\jackson\core\jackson-annotations\2.20\jackson-annotations-2.20.jar;C:\Users\araom\.m2\repository\com\fasterxml\jackson\core\jackson-core\2.20.1\jackson-core-2.20.1.jar;C:\Users\araom\AppData\Local\Programs\IntelliJ IDEA Community Edition\lib\idea_rt.jar
Launcher Type: SUN_STANDARD

[Global flags]
     intx CICompilerCount                          = 4                                         {product} {ergonomic}
     uint ConcGCThreads                            = 3                                         {product} {ergonomic}
     uint G1ConcRefinementThreads                  = 10                                        {product} {ergonomic}
   size_t G1HeapRegionSize                         = 2097152                                   {product} {ergonomic}
    uintx GCDrainStackTargetSize                   = 64                                        {product} {ergonomic}
   size_t InitialHeapSize                          = 264241152                                 {product} {ergonomic}
   size_t MarkStackSize                            = 4194304                                   {product} {ergonomic}
   size_t MaxHeapSize                              = 4202692608                                {product} {ergonomic}
   size_t MaxNewSize                               = 2520776704                                {product} {ergonomic}
   size_t MinHeapDeltaBytes                        = 2097152                                   {product} {ergonomic}
   size_t MinHeapSize                              = 8388608                                   {product} {ergonomic}
    uintx NonNMethodCodeHeapSize                   = 5839372                                {pd product} {ergonomic}
    uintx NonProfiledCodeHeapSize                  = 122909434                              {pd product} {ergonomic}
    uintx ProfiledCodeHeapSize                     = 122909434                              {pd product} {ergonomic}
    uintx ReservedCodeCacheSize                    = 251658240                              {pd product} {ergonomic}
     bool SegmentedCodeCache                       = true                                      {product} {ergonomic}
   size_t SoftMaxHeapSize                          = 4202692608                             {manageable} {ergonomic}
     bool UseCompressedOops                        = true                           {product lp64_product} {ergonomic}
     bool UseG1GC                                  = true                                      {product} {ergonomic}
     bool UseLargePagesIndividualAllocation        = false                                  {pd product} {ergonomic}

Logging:
Log output configuration:
 #0: stdout all=warning uptime,level,tags foldmultilines=false
 #1: stderr all=off uptime,level,tags foldmultilines=false

Environment Variables:
JAVA_HOME=C:\Program Files\Eclipse Adoptium\jdk-21.0.6.7-hotspot\bin
PATH=C:\Program Files\Eclipse Adoptium\jdk-21.0.6.7-hotspot\bin;C:\Python313\Scripts\;C:\Python313\;C:\Python312\Scripts\;C:\Python312\;C:\WINDOWS\system32;C:\WINDOWS;C:\WINDOWS\System32\Wbem;C:\WINDOWS\System32\WindowsPowerShell\v1.0\;C:\WINDOWS\System32\OpenSSH\;C:\Program Files\Git\cmd;C:\Program Files (x86)\dotnet\;C:\MAMP\bin\mysql\bin;C:\Program Files\nodejs\;C:\ProgramData\chocolatey\bin;;C:\Program Files\Docker\Docker\resources\bin;C:\Users\araom\AppData\Local\Programs\Eclipse Adoptium\jdk-21.0.6.7-hotspot\bin;C:\Users\araom\AppData\Local\Microsoft\WindowsApps;C:\Users\araom\AppData\Local\Programs\Microsoft VS Code\bin;C:\Users\araom\AppData\Roaming\npm;C:\Users\araom\AppData\Local\JetBrains\Toolbox\scripts;C:\Users\araom\AppData\Local\Programs\mongosh\
USERNAME=araom
OS=Windows_NT
PROCESSOR_IDENTIFIER=Intel64 Family 6 Model 186 Stepping 3, GenuineIntel
TMP=C:\Users\araom\AppData\Local\Temp
TEMP=C:\Users\araom\AppData\Local\Temp




Periodic native trim disabled

---------------  S Y S T E M  ---------------

OS:
 Windows 11 , 64 bit Build 26100 (10.0.26100.5074)
OS uptime: 0 days 1:19 hours
Hyper-V role detected

CPU: total 12 (initial active 12) (6 cores per cpu, 2 threads per core) family 6 model 186 stepping 3 microcode 0x4129, cx8, cmov, fxsr, ht, mmx, 3dnowpref, sse, sse2, sse3, ssse3, sse4.1, sse4.2, popcnt, lzcnt, tsc, tscinvbit, avx, avx2, aes, erms, clmul, bmi1, bmi2, adx, sha, fma, vzeroupper, clflush, clflushopt, clwb, hv, serialize, rdtscp, rdpid, fsrm, f16c, cet_ibt, cet_ss
Processor Information for the first 12 processors :
  Max Mhz: 1300, Current Mhz: 1300, Mhz Limit: 1300

Memory: 4k page, system-wide physical 16024M (1705M free)
TotalPageFile size 19146M (AvailPageFile size 5M)
current process WorkingSet (physical memory assigned to process): 278M, peak: 278M
current process commit charge ("private bytes"): 402M, peak: 408M

vm_info: OpenJDK 64-Bit Server VM (21.0.8+9-LTS) for windows-amd64 JRE (21.0.8+9-LTS), built on 2025-07-10T20:22:44Z by "MicrosoftCorporation" with unknown MS VC++:1944

END.
