#
# There is insufficient memory for the Java Runtime Environment to continue.
# Native memory allocation (malloc) failed to allocate 1030256 bytes. Error detail: Chunk::new
# Possible reasons:
#   The system is out of physical RAM or swap space
#   This process is running with CompressedOops enabled, and the Java Heap may be blocking the growth of the native heap
# Possible solutions:
#   Reduce memory load on the system
#   Increase physical memory or swap space
#   Check if swap backing store is full
#   Decrease Java heap size (-Xmx/-Xms)
#   Decrease number of Java threads
#   Decrease Java thread stack sizes (-Xss)
#   Set larger code cache with -XX:ReservedCodeCacheSize=
#   JVM is running with Zero Based Compressed Oops mode in which the Java heap is
#     placed in the first 32GB address space. The Java Heap base address is the
#     maximum limit for the native heap growth. Please use -XX:HeapBaseMinAddress
#     to set the Java Heap base and to place the Java Heap above 32GB virtual address.
# This output file may be truncated or incomplete.
#
#  Out of Memory Error (arena.cpp:168), pid=17876, tid=1556
#
# JRE version: OpenJDK Runtime Environment Microsoft-11933218 (21.0.8+9) (build 21.0.8+9-LTS)
# Java VM: OpenJDK 64-Bit Server VM Microsoft-11933218 (21.0.8+9-LTS, mixed mode, sharing, tiered, compressed oops, compressed class ptrs, g1 gc, windows-amd64)
# No core dump will be written. Minidumps are not enabled by default on client versions of Windows
#

---------------  S U M M A R Y ------------

Command Line: -agentlib:jdwp=transport=dt_socket,address=127.0.0.1:55951,suspend=y,server=n -javaagent:C:\Users\araom\AppData\Local\JetBrains\Toolbox\cache\backup\IDEA-C-252.26199.169-7431022744784453738\plugins\java\lib\rt\debugger-agent.jar=file:///C:/Users/araom/AppData/Local/Temp/capture8537464551172573921.props -Dkotlinx.coroutines.debug.enable.creation.stack.trace=false -Ddebugger.agent.enable.coroutines=true -Dkotlinx.coroutines.debug.enable.flows.stack.trace=true -Dkotlinx.coroutines.debug.enable.mutable.state.flows.stack.trace=true -Dfile.encoding=UTF-8 -Dsun.stdout.encoding=UTF-8 -Dsun.stderr.encoding=UTF-8 com.jobportal.Job.Poratl.JobPoratlApplication

Host: 13th Gen Intel(R) Core(TM) i5-1335U, 12 cores, 15G,  Windows 11 , 64 bit Build 26100 (10.0.26100.5074)
Time: Tue Feb  3 02:42:10 2026 elapsed time: 4.267361 seconds (0d 0h 0m 4s)

---------------  T H R E A D  ---------------

Current thread (0x000001f3715549d0):  JavaThread "C2 CompilerThread1" daemon [_thread_in_native, id=1556, stack(0x0000003bcc700000,0x0000003bcc800000) (1024K)]


Current CompileTask:
C2:4267 3766       4       org.springframework.beans.factory.support.AbstractBeanFactory::isTypeMatch (776 bytes)

Stack: [0x0000003bcc700000,0x0000003bcc800000]
Native frames: (J=compiled Java code, j=interpreted, Vv=VM code, C=native code)
V  [jvm.dll+0x6e1729]
V  [jvm.dll+0x8bf47b]
V  [jvm.dll+0x8c19aa]
V  [jvm.dll+0x8c2083]
V  [jvm.dll+0x289fd6]
V  [jvm.dll+0xc903d]
V  [jvm.dll+0xc958c]
V  [jvm.dll+0x3c76e2]
V  [jvm.dll+0x393f22]
V  [jvm.dll+0x39337a]
V  [jvm.dll+0x251c60]
V  [jvm.dll+0x251283]
V  [jvm.dll+0x1d18bf]
V  [jvm.dll+0x260f4a]
V  [jvm.dll+0x25f2b5]
V  [jvm.dll+0x40151d]
V  [jvm.dll+0x86975d]
V  [jvm.dll+0x6dff2d]
C  [ucrtbase.dll+0x37b0]
C  [KERNEL32.DLL+0x2e8d7]
C  [ntdll.dll+0x8d9c]


---------------  P R O C E S S  ---------------

Threads class SMR info:
_java_thread_list=0x000001f377eca3c0, length=18, elements={
0x000001f34b9ab750, 0x000001f36ce92a50, 0x000001f36ce942c0, 0x000001f36ce9af20,
0x000001f36ce9bbd0, 0x000001f36cea0830, 0x000001f36cea1f20, 0x000001f36ceab820,
0x000001f36ceb0580, 0x000001f3710c0fe0, 0x000001f3711b0030, 0x000001f3711b06b0,
0x000001f3711d5fb0, 0x000001f3712f5f00, 0x000001f371248490, 0x000001f3715549d0,
0x000001f372427740, 0x000001f3724662e0
}

Java Threads: ( => current thread )
  0x000001f34b9ab750 JavaThread "main"                              [_thread_blocked, id=10340, stack(0x0000003bcb100000,0x0000003bcb200000) (1024K)]
  0x000001f36ce92a50 JavaThread "Reference Handler"          daemon [_thread_blocked, id=11920, stack(0x0000003bcb900000,0x0000003bcba00000) (1024K)]
  0x000001f36ce942c0 JavaThread "Finalizer"                  daemon [_thread_blocked, id=15380, stack(0x0000003bcba00000,0x0000003bcbb00000) (1024K)]
  0x000001f36ce9af20 JavaThread "Signal Dispatcher"          daemon [_thread_blocked, id=2420, stack(0x0000003bcbb00000,0x0000003bcbc00000) (1024K)]
  0x000001f36ce9bbd0 JavaThread "Attach Listener"            daemon [_thread_blocked, id=11668, stack(0x0000003bcbc00000,0x0000003bcbd00000) (1024K)]
  0x000001f36cea0830 JavaThread "Service Thread"             daemon [_thread_blocked, id=1096, stack(0x0000003bcbd00000,0x0000003bcbe00000) (1024K)]
  0x000001f36cea1f20 JavaThread "Monitor Deflation Thread"   daemon [_thread_blocked, id=23188, stack(0x0000003bcbe00000,0x0000003bcbf00000) (1024K)]
  0x000001f36ceab820 JavaThread "C2 CompilerThread0"         daemon [_thread_blocked, id=1332, stack(0x0000003bcbf00000,0x0000003bcc000000) (1024K)]
  0x000001f36ceb0580 JavaThread "C1 CompilerThread0"         daemon [_thread_blocked, id=26256, stack(0x0000003bcc000000,0x0000003bcc100000) (1024K)]
  0x000001f3710c0fe0 JavaThread "Common-Cleaner"             daemon [_thread_blocked, id=13872, stack(0x0000003bcc100000,0x0000003bcc200000) (1024K)]
  0x000001f3711b0030 JavaThread "JDWP Transport Listener: dt_socket" daemon [_thread_blocked, id=23696, stack(0x0000003bcc200000,0x0000003bcc300000) (1024K)]
  0x000001f3711b06b0 JavaThread "JDWP Event Helper Thread"   daemon [_thread_blocked, id=6700, stack(0x0000003bcc300000,0x0000003bcc400000) (1024K)]
  0x000001f3711d5fb0 JavaThread "JDWP Command Reader"        daemon [_thread_in_native, id=25100, stack(0x0000003bcc400000,0x0000003bcc500000) (1024K)]
  0x000001f3712f5f00 JavaThread "IntelliJ Suspend Helper"    daemon [_thread_blocked, id=6228, stack(0x0000003bcc500000,0x0000003bcc600000) (1024K)]
  0x000001f371248490 JavaThread "Notification Thread"        daemon [_thread_blocked, id=24892, stack(0x0000003bcc600000,0x0000003bcc700000) (1024K)]
=>0x000001f3715549d0 JavaThread "C2 CompilerThread1"         daemon [_thread_in_native, id=1556, stack(0x0000003bcc700000,0x0000003bcc800000) (1024K)]
  0x000001f372427740 JavaThread "Thread-0"                          [_thread_blocked, id=8096, stack(0x0000003bcd200000,0x0000003bcd300000) (1024K)]
  0x000001f3724662e0 JavaThread "restartedMain"                     [_thread_in_native, id=192, stack(0x0000003bcd300000,0x0000003bcd400000) (1024K)]
Total: 18

Other Threads:
  0x000001f36ce77360 VMThread "VM Thread"                           [id=24920, stack(0x0000003bcb800000,0x0000003bcb900000) (1024K)]
  0x000001f36ce63180 WatcherThread "VM Periodic Task Thread"        [id=22976, stack(0x0000003bcb700000,0x0000003bcb800000) (1024K)]
  0x000001f34ba17d80 WorkerThread "GC Thread#0"                     [id=18880, stack(0x0000003bcb200000,0x0000003bcb300000) (1024K)]
  0x000001f372049050 WorkerThread "GC Thread#1"                     [id=2204, stack(0x0000003bcc900000,0x0000003bcca00000) (1024K)]
  0x000001f372166b10 WorkerThread "GC Thread#2"                     [id=6672, stack(0x0000003bcca00000,0x0000003bccb00000) (1024K)]
  0x000001f372176a20 WorkerThread "GC Thread#3"                     [id=8980, stack(0x0000003bccb00000,0x0000003bccc00000) (1024K)]
  0x000001f372176680 WorkerThread "GC Thread#4"                     [id=15052, stack(0x0000003bccc00000,0x0000003bccd00000) (1024K)]
  0x000001f3721762e0 WorkerThread "GC Thread#5"                     [id=26108, stack(0x0000003bccd00000,0x0000003bcce00000) (1024K)]
  0x000001f372175ba0 WorkerThread "GC Thread#6"                     [id=26104, stack(0x0000003bcce00000,0x0000003bccf00000) (1024K)]
  0x000001f372175f40 WorkerThread "GC Thread#7"                     [id=17056, stack(0x0000003bccf00000,0x0000003bcd000000) (1024K)]
  0x000001f372175460 WorkerThread "GC Thread#8"                     [id=17392, stack(0x0000003bcd000000,0x0000003bcd100000) (1024K)]
  0x000001f372176dc0 WorkerThread "GC Thread#9"                     [id=5436, stack(0x0000003bcd100000,0x0000003bcd200000) (1024K)]
  0x000001f34ba286f0 ConcurrentGCThread "G1 Main Marker"            [id=2788, stack(0x0000003bcb300000,0x0000003bcb400000) (1024K)]
  0x000001f34ba29f80 WorkerThread "G1 Conc#0"                       [id=3604, stack(0x0000003bcb400000,0x0000003bcb500000) (1024K)]
  0x000001f3725421b0 WorkerThread "G1 Conc#1"                       [id=26824, stack(0x0000003bcd500000,0x0000003bcd600000) (1024K)]
  0x000001f3725433d0 WorkerThread "G1 Conc#2"                       [id=26828, stack(0x0000003bcd600000,0x0000003bcd700000) (1024K)]
  0x000001f36cd31fe0 ConcurrentGCThread "G1 Refine#0"               [id=17184, stack(0x0000003bcb500000,0x0000003bcb600000) (1024K)]
  0x000001f36cd32a60 ConcurrentGCThread "G1 Service"                [id=19144, stack(0x0000003bcb600000,0x0000003bcb700000) (1024K)]
Total: 18

Threads with active compile tasks:
C2 CompilerThread1  4297 3766       4       org.springframework.beans.factory.support.AbstractBeanFactory::isTypeMatch (776 bytes)
Total: 1

VM state: not at safepoint (normal execution)

VM Mutex/Monitor currently owned by a thread: None

Heap address: 0x0000000705800000, size: 4008 MB, Compressed Oops mode: Zero based, Oop shift amount: 3

CDS archive(s) mapped at: [0x000001f300000000-0x000001f300c80000-0x000001f300c80000), size 13107200, SharedBaseAddress: 0x000001f300000000, ArchiveRelocationMode: 1.
Compressed class space mapped at: 0x000001f301000000-0x000001f341000000, reserved size: 1073741824
Narrow klass base: 0x000001f300000000, Narrow klass shift: 0, Narrow klass range: 0x100000000

GC Precious Log:
 CardTable entry size: 512
 Card Set container configuration: InlinePtr #cards 4 size 8 Array Of Cards #cards 16 size 48 Howl #buckets 8 coarsen threshold 3686 Howl Bitmap #cards 512 size 80 coarsen threshold 460 Card regions per heap region 1 cards per card region 4096
 CPUs: 12 total, 12 available
 Memory: 16024M
 Large Page Support: Disabled
 NUMA Support: Disabled
 Compressed Oops: Enabled (Zero based)
 Heap Region Size: 2M
 Heap Min Capacity: 8M
 Heap Initial Capacity: 252M
 Heap Max Capacity: 4008M
 Pre-touch: Disabled
 Parallel Workers: 10
 Concurrent Workers: 3
 Concurrent Refinement Workers: 10
 Periodic GC: Disabled

Heap:
 garbage-first heap   total 49152K, used 18519K [0x0000000705800000, 0x0000000800000000)
  region size 2048K, 4 young (8192K), 2 survivors (4096K)
 Metaspace       used 32076K, committed 32512K, reserved 1114112K
  class space    used 3882K, committed 4096K, reserved 1048576K

Heap Regions: E=young(eden), S=young(survivor), O=old, HS=humongous(starts), HC=humongous(continues), CS=collection set, F=free, TAMS=top-at-mark-start, PB=parsable bottom
|   0|0x0000000705800000, 0x0000000705a00000, 0x0000000705a00000|100%| O|  |TAMS 0x0000000705800000| PB 0x0000000705800000| Untracked 
|   1|0x0000000705a00000, 0x0000000705c00000, 0x0000000705c00000|100%| O|  |TAMS 0x0000000705a00000| PB 0x0000000705a00000| Untracked 
|   2|0x0000000705c00000, 0x0000000705e00000, 0x0000000705e00000|100%| O|  |TAMS 0x0000000705c00000| PB 0x0000000705c00000| Untracked 
|   3|0x0000000705e00000, 0x0000000705e00000, 0x0000000706000000|  0%| F|  |TAMS 0x0000000705e00000| PB 0x0000000705e00000| Untracked 
|   4|0x0000000706000000, 0x0000000706200000, 0x0000000706200000|100%| O|  |TAMS 0x0000000706000000| PB 0x0000000706000000| Untracked 
|   5|0x0000000706200000, 0x0000000706400000, 0x0000000706400000|100%| O|  |TAMS 0x0000000706200000| PB 0x0000000706200000| Untracked 
|   6|0x0000000706400000, 0x0000000706600000, 0x0000000706600000|100%| O|  |TAMS 0x0000000706400000| PB 0x0000000706400000| Untracked 
|   7|0x0000000706600000, 0x00000007066df980, 0x0000000706800000| 43%| O|  |TAMS 0x0000000706600000| PB 0x0000000706600000| Untracked 
|   8|0x0000000706800000, 0x0000000706800000, 0x0000000706a00000|  0%| F|  |TAMS 0x0000000706800000| PB 0x0000000706800000| Untracked 
|   9|0x0000000706a00000, 0x0000000706a00000, 0x0000000706c00000|  0%| F|  |TAMS 0x0000000706a00000| PB 0x0000000706a00000| Untracked 
|  10|0x0000000706c00000, 0x0000000706c00000, 0x0000000706e00000|  0%| F|  |TAMS 0x0000000706c00000| PB 0x0000000706c00000| Untracked 
|  11|0x0000000706e00000, 0x0000000706f362c0, 0x0000000707000000| 60%| S|CS|TAMS 0x0000000706e00000| PB 0x0000000706e00000| Complete 
|  12|0x0000000707000000, 0x0000000707200000, 0x0000000707200000|100%| S|CS|TAMS 0x0000000707000000| PB 0x0000000707000000| Complete 
|  13|0x0000000707200000, 0x0000000707200000, 0x0000000707400000|  0%| F|  |TAMS 0x0000000707200000| PB 0x0000000707200000| Untracked 
|  14|0x0000000707400000, 0x0000000707400000, 0x0000000707600000|  0%| F|  |TAMS 0x0000000707400000| PB 0x0000000707400000| Untracked 
|  15|0x0000000707600000, 0x0000000707600000, 0x0000000707800000|  0%| F|  |TAMS 0x0000000707600000| PB 0x0000000707600000| Untracked 
|  16|0x0000000707800000, 0x0000000707800000, 0x0000000707a00000|  0%| F|  |TAMS 0x0000000707800000| PB 0x0000000707800000| Untracked 
|  17|0x0000000707a00000, 0x0000000707a00000, 0x0000000707c00000|  0%| F|  |TAMS 0x0000000707a00000| PB 0x0000000707a00000| Untracked 
|  18|0x0000000707c00000, 0x0000000707c00000, 0x0000000707e00000|  0%| F|  |TAMS 0x0000000707c00000| PB 0x0000000707c00000| Untracked 
|  19|0x0000000707e00000, 0x0000000707e00000, 0x0000000708000000|  0%| F|  |TAMS 0x0000000707e00000| PB 0x0000000707e00000| Untracked 
| 106|0x0000000712c00000, 0x0000000712c00000, 0x0000000712e00000|  0%| F|  |TAMS 0x0000000712c00000| PB 0x0000000712c00000| Untracked 
| 107|0x0000000712e00000, 0x0000000712e00000, 0x0000000713000000|  0%| F|  |TAMS 0x0000000712e00000| PB 0x0000000712e00000| Untracked 
| 124|0x0000000715000000, 0x0000000715200000, 0x0000000715200000|100%| E|  |TAMS 0x0000000715000000| PB 0x0000000715000000| Complete 
| 125|0x0000000715200000, 0x0000000715400000, 0x0000000715400000|100%| E|CS|TAMS 0x0000000715200000| PB 0x0000000715200000| Complete 

Card table byte_map: [0x000001f365b10000,0x000001f3662f0000] _byte_map_base: 0x000001f3622e4000

Marking Bits: (CMBitMap*) 0x000001f34ba18390
 Bits: [0x000001f3662f0000, 0x000001f36a190000)

Polling page: 0x000001f34b710000

Metaspace:

Usage:
  Non-class:     27.54 MB used.
      Class:      3.79 MB used.
       Both:     31.33 MB used.

Virtual space:
  Non-class space:       64.00 MB reserved,      27.75 MB ( 43%) committed,  1 nodes.
      Class space:        1.00 GB reserved,       4.00 MB ( <1%) committed,  1 nodes.
             Both:        1.06 GB reserved,      31.75 MB (  3%) committed. 

Chunk freelists:
   Non-Class:  4.08 MB
       Class:  12.02 MB
        Both:  16.09 MB

MaxMetaspaceSize: unlimited
CompressedClassSpaceSize: 1.00 GB
Initial GC threshold: 21.00 MB
Current GC threshold: 35.25 MB
CDS: on
 - commit_granule_bytes: 65536.
 - commit_granule_words: 8192.
 - virtual_space_node_default_size: 8388608.
 - enlarge_chunks_in_place: 1.
 - use_allocation_guard: 0.


Internal statistics:

num_allocs_failed_limit: 3.
num_arena_births: 518.
num_arena_deaths: 0.
num_vsnodes_births: 2.
num_vsnodes_deaths: 0.
num_space_committed: 508.
num_space_uncommitted: 0.
num_chunks_returned_to_freelist: 3.
num_chunks_taken_from_freelist: 1523.
num_chunk_merges: 3.
num_chunk_splits: 1020.
num_chunks_enlarged: 716.
num_inconsistent_stats: 0.

CodeHeap 'non-profiled nmethods': size=120000Kb used=2123Kb max_used=2123Kb free=117876Kb
 bounds [0x000001f35d160000, 0x000001f35d3d0000, 0x000001f364690000]
CodeHeap 'profiled nmethods': size=120000Kb used=7952Kb max_used=7952Kb free=112047Kb
 bounds [0x000001f355690000, 0x000001f355e60000, 0x000001f35cbc0000]
CodeHeap 'non-nmethods': size=5760Kb used=1536Kb max_used=1611Kb free=4223Kb
 bounds [0x000001f35cbc0000, 0x000001f35ce30000, 0x000001f35d160000]
CodeCache: size=245760Kb, used=11611Kb, max_used=11686Kb, free=234146Kb
 total_blobs=4336, nmethods=3787, adapters=452, full_count=0
Compilation: enabled, stopped_count=0, restarted_count=0

Compilation events (20 events):
Event: 4.218 Thread 0x000001f36ceb0580 nmethod 3779 0x000001f355e3c290 code [0x000001f355e3c500, 0x000001f355e3cf18]
Event: 4.218 Thread 0x000001f36ceb0580 3780       3       java.lang.reflect.AccessibleObject::getAnnotations (5 bytes)
Event: 4.219 Thread 0x000001f36ceb0580 nmethod 3780 0x000001f355e3d290 code [0x000001f355e3d440, 0x000001f355e3d618]
Event: 4.219 Thread 0x000001f36ceb0580 3781       3       jdk.internal.loader.BuiltinClassLoader::definePackage (277 bytes)
Event: 4.222 Thread 0x000001f36ceb0580 nmethod 3781 0x000001f355e3d690 code [0x000001f355e3dda0, 0x000001f355e42028]
Event: 4.231 Thread 0x000001f36ceb0580 3783       3       org.springframework.beans.factory.support.AbstractBeanFactory::getMergedLocalBeanDefinition (38 bytes)
Event: 4.232 Thread 0x000001f36ceb0580 nmethod 3783 0x000001f355e43b90 code [0x000001f355e43d80, 0x000001f355e44308]
Event: 4.232 Thread 0x000001f36ceb0580 3784   !   3       org.springframework.beans.factory.support.DefaultListableBeanFactory::doGetBeanNamesForType (527 bytes)
Event: 4.237 Thread 0x000001f36ceb0580 nmethod 3784 0x000001f355e44510 code [0x000001f355e44dc0, 0x000001f355e4b9b8]
Event: 4.237 Thread 0x000001f36ceb0580 3786       3       org.springframework.beans.factory.support.AbstractBeanDefinition::resolveBeanClass (24 bytes)
Event: 4.237 Thread 0x000001f36ceb0580 nmethod 3786 0x000001f355e4e110 code [0x000001f355e4e320, 0x000001f355e4ea48]
Event: 4.237 Thread 0x000001f36ceb0580 3785       3       java.util.Collections$UnmodifiableCollection::isEmpty (10 bytes)
Event: 4.237 Thread 0x000001f36ceb0580 nmethod 3785 0x000001f355e4ec10 code [0x000001f355e4edc0, 0x000001f355e4efa8]
Event: 4.237 Thread 0x000001f36ceb0580 3787       1       org.springframework.context.annotation.ConfigurationClassBeanDefinitionReader$ConfigurationClassBeanDefinition::getFactoryMethodMetadata (5 bytes)
Event: 4.237 Thread 0x000001f36ceb0580 nmethod 3787 0x000001f35d36e490 code [0x000001f35d36e620, 0x000001f35d36e6f0]
Event: 4.258 Thread 0x000001f36ceb0580 3788       3       org.springframework.asm.Type::getType (10 bytes)
Event: 4.258 Thread 0x000001f36ceb0580 nmethod 3788 0x000001f355e4f090 code [0x000001f355e4f260, 0x000001f355e4f4a0]
Event: 4.260 Thread 0x000001f36ceab820 nmethod 3762 0x000001f35d36e790 code [0x000001f35d36eb60, 0x000001f35d371680]
Event: 4.260 Thread 0x000001f36ceab820 3777       4       java.util.concurrent.locks.AbstractQueuedSynchronizer::signalNext (34 bytes)
Event: 4.262 Thread 0x000001f36ceab820 nmethod 3777 0x000001f35d372b90 code [0x000001f35d372d20, 0x000001f35d372e18]

GC Heap History (12 events):
Event: 1.004 GC heap before
{Heap before GC invocations=0 (full 0):
 garbage-first heap   total 258048K, used 20480K [0x0000000705800000, 0x0000000800000000)
  region size 2048K, 11 young (22528K), 0 survivors (0K)
 Metaspace       used 6916K, committed 7104K, reserved 1114112K
  class space    used 663K, committed 768K, reserved 1048576K
}
Event: 1.009 GC heap after
{Heap after GC invocations=1 (full 0):
 garbage-first heap   total 258048K, used 6883K [0x0000000705800000, 0x0000000800000000)
  region size 2048K, 2 young (4096K), 2 survivors (4096K)
 Metaspace       used 6916K, committed 7104K, reserved 1114112K
  class space    used 663K, committed 768K, reserved 1048576K
}
Event: 1.650 GC heap before
{Heap before GC invocations=1 (full 0):
 garbage-first heap   total 258048K, used 31459K [0x0000000705800000, 0x0000000800000000)
  region size 2048K, 15 young (30720K), 2 survivors (4096K)
 Metaspace       used 13322K, committed 13632K, reserved 1114112K
  class space    used 1474K, committed 1600K, reserved 1048576K
}
Event: 1.653 GC heap after
{Heap after GC invocations=2 (full 0):
 garbage-first heap   total 258048K, used 8888K [0x0000000705800000, 0x0000000800000000)
  region size 2048K, 1 young (2048K), 1 survivors (2048K)
 Metaspace       used 13322K, committed 13632K, reserved 1114112K
  class space    used 1474K, committed 1600K, reserved 1048576K
}
Event: 2.167 GC heap before
{Heap before GC invocations=2 (full 0):
 garbage-first heap   total 258048K, used 41656K [0x0000000705800000, 0x0000000800000000)
  region size 2048K, 18 young (36864K), 1 survivors (2048K)
 Metaspace       used 21105K, committed 21504K, reserved 1114112K
  class space    used 2465K, committed 2688K, reserved 1048576K
}
Event: 2.170 GC heap after
{Heap after GC invocations=3 (full 0):
 garbage-first heap   total 258048K, used 11028K [0x0000000705800000, 0x0000000800000000)
  region size 2048K, 2 young (4096K), 2 survivors (4096K)
 Metaspace       used 21105K, committed 21504K, reserved 1114112K
  class space    used 2465K, committed 2688K, reserved 1048576K
}
Event: 2.750 GC heap before
{Heap before GC invocations=4 (full 0):
 garbage-first heap   total 40960K, used 39700K [0x0000000705800000, 0x0000000800000000)
  region size 2048K, 16 young (32768K), 2 survivors (4096K)
 Metaspace       used 26468K, committed 26880K, reserved 1114112K
  class space    used 3164K, committed 3328K, reserved 1048576K
}
Event: 2.754 GC heap after
{Heap after GC invocations=5 (full 0):
 garbage-first heap   total 49152K, used 13553K [0x0000000705800000, 0x0000000800000000)
  region size 2048K, 4 young (8192K), 4 survivors (8192K)
 Metaspace       used 26468K, committed 26880K, reserved 1114112K
  class space    used 3164K, committed 3328K, reserved 1048576K
}
Event: 3.327 GC heap before
{Heap before GC invocations=5 (full 0):
 garbage-first heap   total 49152K, used 34033K [0x0000000705800000, 0x0000000800000000)
  region size 2048K, 14 young (28672K), 4 survivors (8192K)
 Metaspace       used 28463K, committed 28928K, reserved 1114112K
  class space    used 3424K, committed 3648K, reserved 1048576K
}
Event: 3.332 GC heap after
{Heap after GC invocations=6 (full 0):
 garbage-first heap   total 49152K, used 15024K [0x0000000705800000, 0x0000000800000000)
  region size 2048K, 1 young (2048K), 1 survivors (2048K)
 Metaspace       used 28463K, committed 28928K, reserved 1114112K
  class space    used 3424K, committed 3648K, reserved 1048576K
}
Event: 4.171 GC heap before
{Heap before GC invocations=6 (full 0):
 garbage-first heap   total 49152K, used 35504K [0x0000000705800000, 0x0000000800000000)
  region size 2048K, 12 young (24576K), 1 survivors (2048K)
 Metaspace       used 31285K, committed 31744K, reserved 1114112K
  class space    used 3794K, committed 4032K, reserved 1048576K
}
Event: 4.173 GC heap after
{Heap after GC invocations=7 (full 0):
 garbage-first heap   total 49152K, used 16471K [0x0000000705800000, 0x0000000800000000)
  region size 2048K, 2 young (4096K), 2 survivors (4096K)
 Metaspace       used 31285K, committed 31744K, reserved 1114112K
  class space    used 3794K, committed 4032K, reserved 1048576K
}

Dll operation events (11 events):
Event: 0.019 Loaded shared library C:\Users\araom\.jdks\ms-21.0.8\bin\java.dll
Event: 0.022 Loaded shared library C:\Users\araom\.jdks\ms-21.0.8\bin\zip.dll
Event: 0.068 Loaded shared library C:\Users\araom\.jdks\ms-21.0.8\bin\jsvml.dll
Event: 0.300 Loaded shared library C:\Users\araom\.jdks\ms-21.0.8\bin\instrument.dll
Event: 0.384 Loaded shared library C:\Users\araom\.jdks\ms-21.0.8\bin\net.dll
Event: 0.386 Loaded shared library C:\Users\araom\.jdks\ms-21.0.8\bin\nio.dll
Event: 0.403 Loaded shared library C:\Users\araom\.jdks\ms-21.0.8\bin\zip.dll
Event: 0.619 Loaded shared library C:\Users\araom\.jdks\ms-21.0.8\bin\jimage.dll
Event: 1.117 Loaded shared library C:\Users\araom\.jdks\ms-21.0.8\bin\management.dll
Event: 1.122 Loaded shared library C:\Users\araom\.jdks\ms-21.0.8\bin\management_ext.dll
Event: 2.310 Loaded shared library C:\Users\araom\.jdks\ms-21.0.8\bin\sunmscapi.dll

Deoptimization events (20 events):
Event: 4.195 Thread 0x000001f3724662e0 DEOPT PACKING pc=0x000001f355dffa64 sp=0x0000003bcd3fe5a0
Event: 4.195 Thread 0x000001f3724662e0 DEOPT UNPACKING pc=0x000001f35cc14e42 sp=0x0000003bcd3fda50 mode 1
Event: 4.199 Thread 0x000001f3724662e0 DEOPT PACKING pc=0x000001f355ccd4b9 sp=0x0000003bcd3fd680
Event: 4.199 Thread 0x000001f3724662e0 DEOPT UNPACKING pc=0x000001f35cc14e42 sp=0x0000003bcd3fcb58 mode 1
Event: 4.199 Thread 0x000001f3724662e0 DEOPT PACKING pc=0x000001f355dc178c sp=0x0000003bcd3fd710
Event: 4.199 Thread 0x000001f3724662e0 DEOPT UNPACKING pc=0x000001f35cc14e42 sp=0x0000003bcd3fccd0 mode 1
Event: 4.199 Thread 0x000001f3724662e0 DEOPT PACKING pc=0x000001f355ccb004 sp=0x0000003bcd3fd890
Event: 4.199 Thread 0x000001f3724662e0 DEOPT UNPACKING pc=0x000001f35cc14e42 sp=0x0000003bcd3fce40 mode 1
Event: 4.219 Thread 0x000001f3724662e0 Uncommon trap: trap_request=0xffffff45 fr.pc=0x000001f35d33271c relative=0x000000000000029c
Event: 4.219 Thread 0x000001f3724662e0 Uncommon trap: reason=unstable_if action=reinterpret pc=0x000001f35d33271c method=org.springframework.beans.factory.support.AbstractBeanFactory.getMergedLocalBeanDefinition(Ljava/lang/String;)Lorg/springframework/beans/factory/support/RootBeanDefinition; 
Event: 4.220 Thread 0x000001f3724662e0 DEOPT PACKING pc=0x000001f35d33271c sp=0x0000003bcd3fe8e0
Event: 4.220 Thread 0x000001f3724662e0 DEOPT UNPACKING pc=0x000001f35cc146a2 sp=0x0000003bcd3fe898 mode 2
Event: 4.226 Thread 0x000001f3724662e0 DEOPT PACKING pc=0x000001f355c052ec sp=0x0000003bcd3fe2c0
Event: 4.226 Thread 0x000001f3724662e0 DEOPT UNPACKING pc=0x000001f35cc14e42 sp=0x0000003bcd3fd838 mode 1
Event: 4.226 Thread 0x000001f3724662e0 DEOPT PACKING pc=0x000001f355c052ec sp=0x0000003bcd3fe2c0
Event: 4.226 Thread 0x000001f3724662e0 DEOPT UNPACKING pc=0x000001f35cc14e42 sp=0x0000003bcd3fd838 mode 1
Event: 4.232 Thread 0x000001f3724662e0 Uncommon trap: trap_request=0xffffff45 fr.pc=0x000001f35d288cc4 relative=0x0000000000000124
Event: 4.232 Thread 0x000001f3724662e0 Uncommon trap: reason=unstable_if action=reinterpret pc=0x000001f35d288cc4 method=org.springframework.util.ObjectUtils.nullSafeEquals(Ljava/lang/Object;Ljava/lang/Object;)Z @ 12 c2
Event: 4.232 Thread 0x000001f3724662e0 DEOPT PACKING pc=0x000001f35d288cc4 sp=0x0000003bcd3fe8e0
Event: 4.232 Thread 0x000001f3724662e0 DEOPT UNPACKING pc=0x000001f35cc146a2 sp=0x0000003bcd3fe880 mode 2

Classes loaded (20 events):
Event: 4.259 Loading class org/springframework/cglib/core/Constants
Event: 4.259 Loading class org/springframework/cglib/core/Constants done
Event: 4.260 Loading class org/springframework/cglib/core/AsmApi
Event: 4.260 Loading class org/springframework/cglib/core/AsmApi done
Event: 4.261 Loading class org/springframework/cglib/core/DefaultGeneratorStrategy
Event: 4.261 Loading class org/springframework/cglib/core/DefaultGeneratorStrategy done
Event: 4.262 Loading class org/springframework/cglib/core/DebuggingClassWriter
Event: 4.262 Loading class org/springframework/cglib/core/DebuggingClassWriter done
Event: 4.262 Loading class org/springframework/cglib/core/DefaultNamingPolicy
Event: 4.262 Loading class org/springframework/cglib/core/DefaultNamingPolicy done
Event: 4.263 Loading class org/springframework/cglib/core/SpringNamingPolicy
Event: 4.263 Loading class org/springframework/cglib/core/SpringNamingPolicy done
Event: 4.263 Loading class org/springframework/context/annotation/ConfigurationClassEnhancer$BeanFactoryAwareGeneratorStrategy
Event: 4.263 Loading class org/springframework/context/annotation/ConfigurationClassEnhancer$BeanFactoryAwareGeneratorStrategy done
Event: 4.264 Loading class org/springframework/cglib/core/ClassLoaderAwareGeneratorStrategy
Event: 4.264 Loading class org/springframework/cglib/core/ClassLoaderAwareGeneratorStrategy done
Event: 4.264 Loading class org/springframework/cglib/core/ClassTransformer
Event: 4.264 Loading class org/springframework/cglib/core/ClassTransformer done
Event: 4.265 Loading class org/springframework/context/annotation/ConfigurationClassEnhancer$BeanFactoryAwareGeneratorStrategy$1
Event: 4.265 Loading class org/springframework/context/annotation/ConfigurationClassEnhancer$BeanFactoryAwareGeneratorStrategy$1 done

Classes unloaded (0 events):
No events

Classes redefined (1 events):
Event: 0.335 Thread 0x000001f36ce77360 redefined class name=java.lang.Throwable, count=1

Internal exceptions (20 events):
Event: 1.635 Thread 0x000001f3724662e0 Exception <a 'java/lang/NoSuchMethodError'{0x000000071377e570}: 'java.lang.Object java.lang.invoke.DirectMethodHandle$Holder.invokeVirtual(java.lang.Object, java.lang.Object, java.lang.Object)'> (0x000000071377e570) 
thrown [s\src\hotspot\share\interpreter\linkResolver.cpp, line 773]
Event: 1.640 Thread 0x000001f3724662e0 Exception <a 'java/lang/NoSuchMethodError'{0x00000007137a8740}: 'java.lang.Object java.lang.invoke.DirectMethodHandle$Holder.invokeStaticInit(java.lang.Object, int)'> (0x00000007137a8740) 
thrown [s\src\hotspot\share\interpreter\linkResolver.cpp, line 773]
Event: 1.642 Thread 0x000001f3724662e0 Exception <a 'java/lang/NoSuchMethodError'{0x00000007137b6708}: 'java.lang.Object java.lang.invoke.DirectMethodHandle$Holder.invokeStaticInit(java.lang.Object, int, java.lang.Object)'> (0x00000007137b6708) 
thrown [s\src\hotspot\share\interpreter\linkResolver.cpp, line 773]
Event: 1.669 Thread 0x000001f3724662e0 Exception <a 'java/lang/NoSuchMethodError'{0x0000000715294790}: 'void java.lang.invoke.DirectMethodHandle$Holder.invokeVirtual(java.lang.Object, java.lang.Object, java.lang.Object, java.lang.Object)'> (0x0000000715294790) 
thrown [s\src\hotspot\share\interpreter\linkResolver.cpp, line 773]
Event: 1.786 Thread 0x000001f3724662e0 Exception <a 'java/lang/NoSuchMethodError'{0x0000000714e7ebc8}: 'java.lang.Object java.lang.invoke.Invokers$Holder.invoke_MT(java.lang.Object, java.lang.Object, java.lang.Object, java.lang.Object, java.lang.Object, java.lang.Object, java.lang.Object, java.lang.Object, java.lang.Object)'> (0x0000000714e7ebc8) 
thrown [s\src\hotspot\share\interpreter\linkResolver.cpp, line 773]
Event: 1.795 Thread 0x000001f3724662e0 Exception <a 'java/lang/NoSuchMethodError'{0x0000000714f70218}: 'java.lang.reflect.Field[] java.lang.Class.getDeclaredFields(java.lang.Class)'> (0x0000000714f70218) 
thrown [s\src\hotspot\share\interpreter\linkResolver.cpp, line 773]
Event: 1.806 Thread 0x000001f3724662e0 Exception <a 'java/lang/IncompatibleClassChangeError'{0x0000000714d17b90}: Found class java.lang.Object, but interface was expected> (0x0000000714d17b90) 
thrown [s\src\hotspot\share\interpreter\linkResolver.cpp, line 840]
Event: 2.117 Thread 0x000001f3728a6610 Exception <a 'java/lang/NoSuchMethodError'{0x0000000713754200}: 'long java.lang.invoke.DirectMethodHandle$Holder.invokeSpecial(java.lang.Object, java.lang.Object)'> (0x0000000713754200) 
thrown [s\src\hotspot\share\interpreter\linkResolver.cpp, line 773]
Event: 2.119 Thread 0x000001f3728a6610 Exception <a 'java/lang/NoSuchMethodError'{0x000000071375e170}: 'long java.lang.invoke.DirectMethodHandle$Holder.invokeStatic(java.lang.Object, java.lang.Object)'> (0x000000071375e170) 
thrown [s\src\hotspot\share\interpreter\linkResolver.cpp, line 773]
Event: 2.120 Thread 0x000001f3728a6610 Exception <a 'java/lang/NoSuchMethodError'{0x0000000713761288}: 'long java.lang.invoke.DirectMethodHandle$Holder.invokeStaticInit(java.lang.Object, java.lang.Object)'> (0x0000000713761288) 
thrown [s\src\hotspot\share\interpreter\linkResolver.cpp, line 773]
Event: 2.123 Thread 0x000001f3728a6610 Exception <a 'java/lang/NoSuchMethodError'{0x000000071376d468}: 'long java.lang.invoke.DirectMethodHandle$Holder.invokeInterface(java.lang.Object, java.lang.Object)'> (0x000000071376d468) 
thrown [s\src\hotspot\share\interpreter\linkResolver.cpp, line 773]
Event: 2.124 Thread 0x000001f3728a6610 Exception <a 'java/lang/IncompatibleClassChangeError'{0x00000007137704a8}: Found class java.lang.Object, but interface was expected> (0x00000007137704a8) 
thrown [s\src\hotspot\share\interpreter\linkResolver.cpp, line 840]
Event: 2.271 Thread 0x000001f3724662e0 Exception <a 'java/lang/NoSuchMethodError'{0x00000007076fca28}: 'int java.lang.invoke.DirectMethodHandle$Holder.invokeSpecial(java.lang.Object, java.lang.Object, java.lang.Object, java.lang.Object, java.lang.Object)'> (0x00000007076fca28) 
thrown [s\src\hotspot\share\interpreter\linkResolver.cpp, line 773]
Event: 2.277 Thread 0x000001f3724662e0 Exception <a 'java/lang/NoSuchMethodError'{0x00000007074c9900}: 'void java.lang.invoke.DirectMethodHandle$Holder.invokeVirtual(java.lang.Object, java.lang.Object)'> (0x00000007074c9900) 
thrown [s\src\hotspot\share\interpreter\linkResolver.cpp, line 773]
Event: 2.668 Thread 0x000001f3724662e0 Exception <a 'java/lang/IncompatibleClassChangeError'{0x00000007064036a0}: Found class java.lang.Object, but interface was expected> (0x00000007064036a0) 
thrown [s\src\hotspot\share\interpreter\linkResolver.cpp, line 840]
Event: 2.794 Thread 0x000001f3724662e0 Exception <a 'java/lang/IncompatibleClassChangeError'{0x0000000715084280}: Found class java.lang.Object, but interface was expected> (0x0000000715084280) 
thrown [s\src\hotspot\share\interpreter\linkResolver.cpp, line 840]
Event: 3.482 Thread 0x000001f3724662e0 Exception <a 'sun/nio/fs/WindowsException'{0x0000000712ec49e8}> (0x0000000712ec49e8) 
thrown [s\src\hotspot\share\prims\jni.cpp, line 520]
Event: 3.548 Thread 0x000001f3724662e0 Exception <a 'sun/nio/fs/WindowsException'{0x0000000712c30b70}> (0x0000000712c30b70) 
thrown [s\src\hotspot\share\prims\jni.cpp, line 520]
Event: 4.224 Thread 0x000001f3724662e0 Exception <a 'java/lang/NoSuchMethodError'{0x00000007153c6290}: 'java.lang.Object java.lang.invoke.DirectMethodHandle$Holder.newInvokeSpecial(java.lang.Object, java.lang.Object, java.lang.Object, java.lang.Object, java.lang.Object, java.lang.Object)'> (0x00000007153c6290) 
thrown [s\src\hotspot\share\interpreter\linkResolver.cpp, line 773]
Event: 4.232 Thread 0x000001f3724662e0 Implicit null exception at 0x000001f35d288bcf to 0x000001f35d288cb2

ZGC Phase Switch (0 events):
No events

VM Operations (20 events):
Event: 2.318 Executing VM operation: HandshakeAllThreads (Deoptimize)
Event: 2.318 Executing VM operation: HandshakeAllThreads (Deoptimize) done
Event: 2.750 Executing VM operation: G1CollectForAllocation (G1 Evacuation Pause)
Event: 2.754 Executing VM operation: G1CollectForAllocation (G1 Evacuation Pause) done
Event: 2.804 Executing VM operation: HandshakeAllThreads (Deoptimize)
Event: 2.804 Executing VM operation: HandshakeAllThreads (Deoptimize) done
Event: 3.186 Executing VM operation: ICBufferFull
Event: 3.186 Executing VM operation: ICBufferFull done
Event: 3.327 Executing VM operation: G1CollectForAllocation (G1 Evacuation Pause)
Event: 3.332 Executing VM operation: G1CollectForAllocation (G1 Evacuation Pause) done
Event: 3.476 Executing VM operation: HandshakeAllThreads (Deoptimize)
Event: 3.476 Executing VM operation: HandshakeAllThreads (Deoptimize) done
Event: 3.476 Executing VM operation: HandshakeAllThreads (Deoptimize)
Event: 3.476 Executing VM operation: HandshakeAllThreads (Deoptimize) done
Event: 3.723 Executing VM operation: ICBufferFull
Event: 3.723 Executing VM operation: ICBufferFull done
Event: 4.170 Executing VM operation: G1CollectForAllocation (G1 Evacuation Pause)
Event: 4.173 Executing VM operation: G1CollectForAllocation (G1 Evacuation Pause) done
Event: 4.230 Executing VM operation: HandshakeAllThreads (Deoptimize)
Event: 4.230 Executing VM operation: HandshakeAllThreads (Deoptimize) done

Memory protections (0 events):
No events

Nmethod flushes (0 events):
No events

Events (20 events):
Event: 0.065 Thread 0x000001f34b9ab750 Thread added: 0x000001f36ce9bbd0
Event: 0.065 Thread 0x000001f34b9ab750 Thread added: 0x000001f36cea0830
Event: 0.065 Thread 0x000001f34b9ab750 Thread added: 0x000001f36cea1f20
Event: 0.065 Thread 0x000001f34b9ab750 Thread added: 0x000001f36ceab820
Event: 0.065 Thread 0x000001f34b9ab750 Thread added: 0x000001f36ceb0580
Event: 0.238 Thread 0x000001f34b9ab750 Thread added: 0x000001f3710c0fe0
Event: 0.261 Thread 0x000001f34b9ab750 Thread added: 0x000001f3711b0030
Event: 0.262 Thread 0x000001f34b9ab750 Thread added: 0x000001f3711b06b0
Event: 0.262 Thread 0x000001f3711b0030 Thread added: 0x000001f3711d5fb0
Event: 0.341 Thread 0x000001f34b9ab750 Thread added: 0x000001f3712f5f00
Event: 0.344 Thread 0x000001f34b9ab750 Thread added: 0x000001f371248490
Event: 0.437 Thread 0x000001f36ceb0580 Thread added: 0x000001f3715549d0
Event: 0.441 Thread 0x000001f36ceb0580 Thread added: 0x000001f37153b620
Event: 1.173 Thread 0x000001f34b9ab750 Thread added: 0x000001f372427740
Event: 1.180 Thread 0x000001f372427740 Thread added: 0x000001f3724662e0
Event: 1.784 Thread 0x000001f3724662e0 Thread added: 0x000001f3728a6610
Event: 2.686 Thread 0x000001f3724662e0 Thread added: 0x000001f3728ac1f0
Event: 2.783 Thread 0x000001f3728ac1f0 Thread exited: 0x000001f3728ac1f0
Event: 2.894 Thread 0x000001f3728a6610 Thread exited: 0x000001f3728a6610
Event: 3.695 Thread 0x000001f37153b620 Thread exited: 0x000001f37153b620


Dynamic libraries:
0x00007ff7ddec0000 - 0x00007ff7ddece000 	C:\Users\araom\.jdks\ms-21.0.8\bin\java.exe
0x00007ffa6f9c0000 - 0x00007ffa6fc29000 	C:\WINDOWS\SYSTEM32\ntdll.dll
0x00007ffa6dfe0000 - 0x00007ffa6e0a9000 	C:\WINDOWS\System32\KERNEL32.DLL
0x00007ffa6cca0000 - 0x00007ffa6d093000 	C:\WINDOWS\System32\KERNELBASE.dll
0x00007ffa6d370000 - 0x00007ffa6d4bb000 	C:\WINDOWS\System32\ucrtbase.dll
0x00007ffa4a500000 - 0x00007ffa4a518000 	C:\Users\araom\.jdks\ms-21.0.8\bin\jli.dll
0x00007ffa496c0000 - 0x00007ffa496de000 	C:\Users\araom\.jdks\ms-21.0.8\bin\VCRUNTIME140.dll
0x00007ffa6d8f0000 - 0x00007ffa6dab4000 	C:\WINDOWS\System32\USER32.dll
0x00007ffa6d0a0000 - 0x00007ffa6d0c7000 	C:\WINDOWS\System32\win32u.dll
0x00007ffa6f630000 - 0x00007ffa6f65b000 	C:\WINDOWS\System32\GDI32.dll
0x00007ffa6d0d0000 - 0x00007ffa6d1fd000 	C:\WINDOWS\System32\gdi32full.dll
0x00007ffa32a90000 - 0x00007ffa32d23000 	C:\WINDOWS\WinSxS\amd64_microsoft.windows.common-controls_6595b64144ccf1df_6.0.26100.5074_none_3e0d6f78e32fd63f\COMCTL32.dll
0x00007ffa6cbf0000 - 0x00007ffa6cc93000 	C:\WINDOWS\System32\msvcp_win.dll
0x00007ffa6ee10000 - 0x00007ffa6eeb9000 	C:\WINDOWS\System32\msvcrt.dll
0x00007ffa6e800000 - 0x00007ffa6e82f000 	C:\WINDOWS\System32\IMM32.DLL
0x00007ffa64640000 - 0x00007ffa6464c000 	C:\Users\araom\.jdks\ms-21.0.8\bin\vcruntime140_1.dll
0x00007ffa47440000 - 0x00007ffa474c9000 	C:\Users\araom\.jdks\ms-21.0.8\bin\msvcp140.dll
0x00007ff9d7ec0000 - 0x00007ff9d8c6c000 	C:\Users\araom\.jdks\ms-21.0.8\bin\server\jvm.dll
0x00007ffa6eec0000 - 0x00007ffa6ef74000 	C:\WINDOWS\System32\ADVAPI32.dll
0x00007ffa6e8d0000 - 0x00007ffa6e976000 	C:\WINDOWS\System32\sechost.dll
0x00007ffa6f860000 - 0x00007ffa6f978000 	C:\WINDOWS\System32\RPCRT4.dll
0x00007ffa6de00000 - 0x00007ffa6de74000 	C:\WINDOWS\System32\WS2_32.dll
0x00007ffa6c9a0000 - 0x00007ffa6c9fe000 	C:\WINDOWS\SYSTEM32\POWRPROF.dll
0x00007ffa64d10000 - 0x00007ffa64d45000 	C:\WINDOWS\SYSTEM32\WINMM.dll
0x00007ffa5c930000 - 0x00007ffa5c93b000 	C:\WINDOWS\SYSTEM32\VERSION.dll
0x00007ffa6c980000 - 0x00007ffa6c994000 	C:\WINDOWS\SYSTEM32\UMPDC.dll
0x00007ffa6b8f0000 - 0x00007ffa6b90b000 	C:\WINDOWS\SYSTEM32\kernel.appcore.dll
0x00007ffa5d0f0000 - 0x00007ffa5d0fa000 	C:\Users\araom\.jdks\ms-21.0.8\bin\jimage.dll
0x00007ffa563e0000 - 0x00007ffa56622000 	C:\WINDOWS\SYSTEM32\DBGHELP.DLL
0x00007ffa6f130000 - 0x00007ffa6f4ab000 	C:\WINDOWS\System32\combase.dll
0x00007ffa6df00000 - 0x00007ffa6dfd7000 	C:\WINDOWS\System32\OLEAUT32.dll
0x00007ffa47930000 - 0x00007ffa4796d000 	C:\WINDOWS\SYSTEM32\dbgcore.DLL
0x00007ffa6cb50000 - 0x00007ffa6cbe9000 	C:\WINDOWS\System32\bcryptPrimitives.dll
0x00007ffa486f0000 - 0x00007ffa4872c000 	C:\Users\araom\.jdks\ms-21.0.8\bin\jdwp.dll
0x00007ffa4d0e0000 - 0x00007ffa4d0f0000 	C:\Users\araom\.jdks\ms-21.0.8\bin\instrument.dll
0x00007ffa48b30000 - 0x00007ffa48b51000 	C:\Users\araom\.jdks\ms-21.0.8\bin\java.dll
0x00007ffa48560000 - 0x00007ffa48578000 	C:\Users\araom\.jdks\ms-21.0.8\bin\zip.dll
0x00007ffa6e0b0000 - 0x00007ffa6e7fd000 	C:\WINDOWS\System32\SHELL32.dll
0x00007ffa6d200000 - 0x00007ffa6d36c000 	C:\WINDOWS\System32\wintypes.dll
0x00007ffa6a770000 - 0x00007ffa6afc9000 	C:\WINDOWS\SYSTEM32\windows.storage.dll
0x00007ffa6f760000 - 0x00007ffa6f850000 	C:\WINDOWS\System32\SHCORE.dll
0x00007ffa6d880000 - 0x00007ffa6d8e2000 	C:\WINDOWS\System32\shlwapi.dll
0x00007ffa6ca70000 - 0x00007ffa6ca99000 	C:\WINDOWS\SYSTEM32\profapi.dll
0x00007ffa47360000 - 0x00007ffa47436000 	C:\Users\araom\.jdks\ms-21.0.8\bin\jsvml.dll
0x00007ffa4a6d0000 - 0x00007ffa4a6dc000 	C:\Users\araom\.jdks\ms-21.0.8\bin\dt_socket.dll
0x00007ffa6b2f0000 - 0x00007ffa6b324000 	C:\WINDOWS\SYSTEM32\IPHLPAPI.DLL
0x00007ffa6be50000 - 0x00007ffa6bebb000 	C:\WINDOWS\system32\mswsock.dll
0x00007ffa47d70000 - 0x00007ffa47d81000 	C:\Users\araom\.jdks\ms-21.0.8\bin\net.dll
0x00007ffa64a70000 - 0x00007ffa64b8f000 	C:\WINDOWS\SYSTEM32\WINHTTP.dll
0x00007ffa47d50000 - 0x00007ffa47d66000 	C:\Users\araom\.jdks\ms-21.0.8\bin\nio.dll
0x00007ffa49660000 - 0x00007ffa4966a000 	C:\Users\araom\.jdks\ms-21.0.8\bin\management.dll
0x00007ffa49410000 - 0x00007ffa4941c000 	C:\Users\araom\.jdks\ms-21.0.8\bin\management_ext.dll
0x00007ffa6dbb0000 - 0x00007ffa6dbb8000 	C:\WINDOWS\System32\PSAPI.DLL
0x00007ffa4a650000 - 0x00007ffa4a65e000 	C:\Users\araom\.jdks\ms-21.0.8\bin\sunmscapi.dll
0x00007ffa6d580000 - 0x00007ffa6d6f7000 	C:\WINDOWS\System32\CRYPT32.dll
0x00007ffa6c370000 - 0x00007ffa6c3a0000 	C:\WINDOWS\SYSTEM32\ncrypt.dll
0x00007ffa6c320000 - 0x00007ffa6c35f000 	C:\WINDOWS\SYSTEM32\NTASN1.dll

JVMTI agents:
jdwp path:C:\Users\araom\.jdks\ms-21.0.8\bin\jdwp.dll, loaded, initialized, options:transport=dt_socket,address=127.0.0.1:55951,suspend=y,server=n
C:\Users\araom\AppData\Local\JetBrains\Toolbox\cache\backup\IDEA-C-252.26199.169-7431022744784453738\plugins\java\lib\rt\debugger-agent.jar path:C:\Users\araom\.jdks\ms-21.0.8\bin\instrument.dll, loaded, initialized, instrumentlib options:file:///C:/Users/araom/AppData/Local/Temp/capture8537464551172573921.props

dbghelp: loaded successfully - version: 4.0.5 - missing functions: none
symbol engine: initialized successfully - sym options: 0x614 - pdb path: .;C:\Users\araom\.jdks\ms-21.0.8\bin;C:\WINDOWS\SYSTEM32;C:\WINDOWS\WinSxS\amd64_microsoft.windows.common-controls_6595b64144ccf1df_6.0.26100.5074_none_3e0d6f78e32fd63f;C:\Users\araom\.jdks\ms-21.0.8\bin\server

VM Arguments:
jvm_args: -agentlib:jdwp=transport=dt_socket,address=127.0.0.1:55951,suspend=y,server=n -javaagent:C:\Users\araom\AppData\Local\JetBrains\Toolbox\cache\backup\IDEA-C-252.26199.169-7431022744784453738\plugins\java\lib\rt\debugger-agent.jar=file:///C:/Users/araom/AppData/Local/Temp/capture8537464551172573921.props -Dkotlinx.coroutines.debug.enable.creation.stack.trace=false -Ddebugger.agent.enable.coroutines=true -Dkotlinx.coroutines.debug.enable.flows.stack.trace=true -Dkotlinx.coroutines.debug.enable.mutable.state.flows.stack.trace=true -Dfile.encoding=UTF-8 -Dsun.stdout.encoding=UTF-8 -Dsun.stderr.encoding=UTF-8 
java_command: com.jobportal.Job.Poratl.JobPoratlApplication
java_class_path (initial): C:\Users\araom\OneDrive\Desktop\Job Poratl backend\Job-Poratl\target\test-classes;C:\Users\araom\OneDrive\Desktop\Job Poratl backend\Job-Poratl\target\classes;C:\Users\araom\.m2\repository\org\springframework\boot\spring-boot-starter-web\4.0.1\spring-boot-starter-web-4.0.1.jar;C:\Users\araom\.m2\repository\org\springframework\boot\spring-boot-starter-jackson\4.0.1\spring-boot-starter-jackson-4.0.1.jar;C:\Users\araom\.m2\repository\org\springframework\boot\spring-boot-jackson\4.0.1\spring-boot-jackson-4.0.1.jar;C:\Users\araom\.m2\repository\tools\jackson\core\jackson-databind\3.0.3\jackson-databind-3.0.3.jar;C:\Users\araom\.m2\repository\tools\jackson\core\jackson-core\3.0.3\jackson-core-3.0.3.jar;C:\Users\araom\.m2\repository\org\springframework\boot\spring-boot-starter-tomcat\4.0.1\spring-boot-starter-tomcat-4.0.1.jar;C:\Users\araom\.m2\repository\org\springframework\boot\spring-boot-starter-tomcat-runtime\4.0.1\spring-boot-starter-tomcat-runtime-4.0.1.jar;C:\Users\araom\.m2\repository\org\springframework\boot\spring-boot-web-server\4.0.1\spring-boot-web-server-4.0.1.jar;C:\Users\araom\.m2\repository\org\apache\tomcat\embed\tomcat-embed-core\11.0.15\tomcat-embed-core-11.0.15.jar;C:\Users\araom\.m2\repository\org\apache\tomcat\embed\tomcat-embed-websocket\11.0.15\tomcat-embed-websocket-11.0.15.jar;C:\Users\araom\.m2\repository\org\springframework\boot\spring-boot-tomcat\4.0.1\spring-boot-tomcat-4.0.1.jar;C:\Users\araom\.m2\repository\org\springframework\boot\spring-boot-http-converter\4.0.1\spring-boot-http-converter-4.0.1.jar;C:\Users\araom\.m2\repository\org\springframework\spring-web\7.0.2\spring-web-7.0.2.jar;C:\Users\araom\.m2\repository\io\micrometer\micrometer-observation\1.16.1\micrometer-observation-1.16.1.jar;C:\Users\araom\.m2\repository\io\micrometer\micrometer-commons\1.16.1\micrometer-commons-1.16.1.jar;C:\Users\araom\.m2\repository\org\springframework\boot\spring-boot-webmvc\4.0.1\spring-boot-webmvc-4.0.1.jar;C:\Users\araom\.m2\repository\org\springframework\boot\spring-boot-servlet\4.0.1\spring-boot-servlet-4.0.1.jar;C:\Users\araom\.m2\repository\org\springframework\spring-webmvc\7.0.2\spring-webmvc-7.0.2.jar;C:\Users\araom\.m2\repository\org\springframework\spring-expression\7.0.2\spring-expression-7.0.2.jar;C:\Users\araom\.m2\repository\org\springframework\boot\spring-boot-starter-data-mongodb\4.0.1\spring-boot-starter-data-mongodb-4.0.1.jar;C:\Users\araom\.m2\repository\org\springframework\boot\spring-boot-starter-mongodb\4.0.1\spring-boot-starter-mongodb-4.0.1.jar;C:\Users\araom\.m2\repository\org\springframework\boot\spring-boot-mongodb\4.0.1\spring-boot-mongodb-4.0.1.jar;C:\Users\araom\.m2\repository\org\mongodb\mongodb-driver-sync\5.6.2\mongodb-driver-sync-5.6.2.jar;C:\Users\araom\.m2\repository\org\mongodb\bson\5.6.2\bson-5.6.2.jar;C:\Users\araom\.m2\repository\org\mongodb\mongodb-driver-core\5.6.2\mongodb-driver-core-5.6.2.jar;C:\Users\araom\.m2\repository\org\mongodb\bson-record-codec\5.6.2\bson-record-codec-5.6.2.jar;C:\Users\araom\.m2\repository\org\springframework\boot\spring-boot-data-mongodb\4.0.1\spring-boot-data-mongodb-4.0.1.jar;C:\Users\araom\.m2\repository\org\springframework\boot\spring-boot-data-commons\4.0.1\spring-boot-data-commons-4.0.1.jar;C:\Users\araom\.m2\repository\org\springframework\boot\spring-boot-persistence\4.0.1\spring-boot-persistence-4.0.1.jar;C:\Users\araom\.m2\repository\org\springframework\data\spring-data-commons\4.0.1\spring-data-commons-4.0.1.jar;C:\Users\araom\.m2\repository\org\springframework\boot\spring-boot-transaction\4.0.1\spring-boot-transaction-4.0.1.jar;C:\Users\araom\.m2\repository\org\springframework\spring-tx\7.0.2\spring-tx-7.0.2.jar;C:\Users\araom\.m2\repository\org\springframework\data\spring-data-mongodb\5.0.1\spring-data-mongodb-5.0.1.jar;C:\Users\araom\.m2\repository\org\projectlombok\lombok\1.18.42\lombok-1.18.42.jar;C:\Users\araom\.m2\repository\org\springframework\boot\spring-boot-devtools\4.0.1\spring-boot-devtools-4.0.1.jar;C:\Users\araom\.m2\repository\org\springframework\boot\spring-boot\4.0.1\spring-boot-4.0.1.jar;C:\Users\araom\.m2\repository\org\springframework\spring-context\7.0.2\spring-context-7.0.2.jar;C:\Users\araom\.m2\repository\org\springframework\boot\spring-boot-autoconfigure\4.0.1\spring-boot-autoconfigure-4.0.1.jar;C:\Users\araom\.m2\repository\org\springframework\boot\spring-boot-starter-validation\4.0.1\spring-boot-starter-validation-4.0.1.jar;C:\Users\araom\.m2\repository\org\springframework\boot\spring-boot-starter\4.0.1\spring-boot-starter-4.0.1.jar;C:\Users\araom\.m2\repository\org\springframework\boot\spring-boot-starter-logging\4.0.1\spring-boot-starter-logging-4.0.1.jar;C:\Users\araom\.m2\repository\ch\qos\logback\logback-classic\1.5.22\logback-classic-1.5.22.jar;C:\Users\araom\.m2\repository\ch\qos\logback\logback-core\1.5.22\logback-core-1.5.22.jar;C:\Users\araom\.m2\repository\org\apache\logging\log4j\log4j-to-slf4j\2.25.3\log4j-to-slf4j-2.25.3.jar;C:\Users\araom\.m2\repository\org\apache\logging\log4j\log4j-api\2.25.3\log4j-api-2.25.3.jar;C:\Users\araom\.m2\repository\org\slf4j\jul-to-slf4j\2.0.17\jul-to-slf4j-2.0.17.jar;C:\Users\araom\.m2\repository\jakarta\annotation\jakarta.annotation-api\3.0.0\jakarta.annotation-api-3.0.0.jar;C:\Users\araom\.m2\repository\org\yaml\snakeyaml\2.5\snakeyaml-2.5.jar;C:\Users\araom\.m2\repository\org\springframework\boot\spring-boot-validation\4.0.1\spring-boot-validation-4.0.1.jar;C:\Users\araom\.m2\repository\org\apache\tomcat\embed\tomcat-embed-el\11.0.15\tomcat-embed-el-11.0.15.jar;C:\Users\araom\.m2\repository\org\hibernate\validator\hibernate-validator\9.0.1.Final\hibernate-validator-9.0.1.Final.jar;C:\Users\araom\.m2\repository\jakarta\validation\jakarta.validation-api\3.1.1\jakarta.validation-api-3.1.1.jar;C:\Users\araom\.m2\repository\org\jboss\logging\jboss-logging\3.6.1.Final\jboss-logging-3.6.1.Final.jar;C:\Users\araom\.m2\repository\com\fasterxml\classmate\1.7.1\classmate-1.7.1.jar;C:\Users\araom\.m2\repository\org\springframework\boot\spring-boot-starter-test\4.0.1\spring-boot-starter-test-4.0.1.jar;C:\Users\araom\.m2\repository\org\springframework\boot\spring-boot-test\4.0.1\spring-boot-test-4.0.1.jar;C:\Users\araom\.m2\repository\org\springframework\boot\spring-boot-test-autoconfigure\4.0.1\spring-boot-test-autoconfigure-4.0.1.jar;C:\Users\araom\.m2\repository\com\jayway\jsonpath\json-path\2.10.0\json-path-2.10.0.jar;C:\Users\araom\.m2\repository\org\slf4j\slf4j-api\2.0.17\slf4j-api-2.0.17.jar;C:\Users\araom\.m2\repository\jakarta\xml\bind\jakarta.xml.bind-api\4.0.4\jakarta.xml.bind-api-4.0.4.jar;C:\Users\araom\.m2\repository\jakarta\activation\jakarta.activation-api\2.1.4\jakarta.activation-api-2.1.4.jar;C:\Users\araom\.m2\repository\net\minidev\json-smart\2.6.0\json-smart-2.6.0.jar;C:\Users\araom\.m2\repository\net\minidev\accessors-smart\2.6.0\accessors-smart-2.6.0.jar;C:\Users\araom\.m2\repository\org\ow2\asm\asm\9.7.1\asm-9.7.1.jar;C:\Users\araom\.m2\repository\org\assertj\assertj-core\3.27.6\assertj-core-3.27.6.jar;C:\Users\araom\.m2\repository\net\bytebuddy\byte-buddy\1.17.8\byte-buddy-1.17.8.jar;C:\Users\araom\.m2\repository\org\awaitility\awaitility\4.3.0\awaitility-4.3.0.jar;C:\Users\araom\.m2\repository\org\hamcrest\hamcrest\3.0\hamcrest-3.0.jar;C:\Users\araom\.m2\repository\org\junit\jupiter\junit-jupiter\6.0.1\junit-jupiter-6.0.1.jar;C:\Users\araom\.m2\repository\org\junit\jupiter\junit-jupiter-api\6.0.1\junit-jupiter-api-6.0.1.jar;C:\Users\araom\.m2\repository\org\opentest4j\opentest4j\1.3.0\opentest4j-1.3.0.jar;C:\Users\araom\.m2\repository\org\junit\platform\junit-platform-commons\6.0.1\junit-platform-commons-6.0.1.jar;C:\Users\araom\.m2\repository\org\apiguardian\apiguardian-api\1.1.2\apiguardian-api-1.1.2.jar;C:\Users\araom\.m2\repository\org\junit\jupiter\junit-jupiter-params\6.0.1\junit-jupiter-params-6.0.1.jar;C:\Users\araom\.m2\repository\org\junit\jupiter\junit-jupiter-engine\6.0.1\junit-jupiter-engine-6.0.1.jar;C:\Users\araom\.m2\repository\org\junit\platform\junit-platform-engine\6.0.1\junit-platform-engine-6.0.1.jar;C:\Users\araom\.m2\repository\org\mockito\mockito-core\5.20.0\mockito-core-5.20.0.jar;C:\Users\araom\.m2\repository\net\bytebuddy\byte-buddy-agent\1.17.8\byte-buddy-agent-1.17.8.jar;C:\Users\araom\.m2\repository\org\objenesis\objenesis\3.3\objenesis-3.3.jar;C:\Users\araom\.m2\repository\org\mockito\mockito-junit-jupiter\5.20.0\mockito-junit-jupiter-5.20.0.jar;C:\Users\araom\.m2\repository\org\skyscreamer\jsonassert\1.5.3\jsonassert-1.5.3.jar;C:\Users\araom\.m2\repository\com\vaadin\external\google\android-json\0.0.20131108.vaadin1\android-json-0.0.20131108.vaadin1.jar;C:\Users\araom\.m2\repository\org\springframework\spring-core\7.0.2\spring-core-7.0.2.jar;C:\Users\araom\.m2\repository\commons-logging\commons-logging\1.3.5\commons-logging-1.3.5.jar;C:\Users\araom\.m2\repository\org\jspecify\jspecify\1.0.0\jspecify-1.0.0.jar;C:\Users\araom\.m2\repository\org\springframework\spring-test\7.0.2\spring-test-7.0.2.jar;C:\Users\araom\.m2\repository\org\xmlunit\xmlunit-core\2.10.4\xmlunit-core-2.10.4.jar;C:\Users\araom\.m2\repository\org\springframework\boot\spring-boot-starter-security\4.0.1\spring-boot-starter-security-4.0.1.jar;C:\Users\araom\.m2\repository\org\springframework\boot\spring-boot-security\4.0.1\spring-boot-security-4.0.1.jar;C:\Users\araom\.m2\repository\org\springframework\security\spring-security-config\7.0.2\spring-security-config-7.0.2.jar;C:\Users\araom\.m2\repository\org\springframework\security\spring-security-core\7.0.2\spring-security-core-7.0.2.jar;C:\Users\araom\.m2\repository\org\springframework\security\spring-security-crypto\7.0.2\spring-security-crypto-7.0.2.jar;C:\Users\araom\.m2\repository\org\springframework\security\spring-security-web\7.0.2\spring-security-web-7.0.2.jar;C:\Users\araom\.m2\repository\org\springframework\spring-aop\7.0.2\spring-aop-7.0.2.jar;C:\Users\araom\.m2\repository\org\springframework\spring-beans\7.0.2\spring-beans-7.0.2.jar;C:\Users\araom\.m2\repository\org\springframework\boot\spring-boot-starter-mail\4.0.1\spring-boot-starter-mail-4.0.1.jar;C:\Users\araom\.m2\repository\org\springframework\boot\spring-boot-mail\4.0.1\spring-boot-mail-4.0.1.jar;C:\Users\araom\.m2\repository\org\springframework\spring-context-support\7.0.2\spring-context-support-7.0.2.jar;C:\Users\araom\.m2\repository\jakarta\mail\jakarta.mail-api\2.1.5\jakarta.mail-api-2.1.5.jar;C:\Users\araom\.m2\repository\org\eclipse\angus\angus-mail\2.0.5\angus-mail-2.0.5.jar;C:\Users\araom\.m2\repository\org\eclipse\angus\angus-activation\2.0.3\angus-activation-2.0.3.jar;C:\Users\araom\.m2\repository\com\fasterxml\jackson\core\jackson-databind\2.20.1\jackson-databind-2.20.1.jar;C:\Users\araom\.m2\repository\com\fasterxml\jackson\core\jackson-annotations\2.20\jackson-annotations-2.20.jar;C:\Users\araom\.m2\repository\com\fasterxml\jackson\core\jackson-core\2.20.1\jackson-core-2.20.1.jar;C:\Users\araom\AppData\Local\JetBrains\Toolbox\cache\backup\IDEA-C-252.26199.169-7431022744784453738\lib\idea_rt.jar
Launcher Type: SUN_STANDARD

[Global flags]
     intx CICompilerCount                          = 4                                         {product} {ergonomic}
     uint ConcGCThreads                            = 3                                         {product} {ergonomic}
     uint G1ConcRefinementThreads                  = 10                                        {product} {ergonomic}
   size_t G1HeapRegionSize                         = 2097152                                   {product} {ergonomic}
    uintx GCDrainStackTargetSize                   = 64                                        {product} {ergonomic}
   size_t InitialHeapSize                          = 264241152                                 {product} {ergonomic}
   size_t MarkStackSize                            = 4194304                                   {product} {ergonomic}
   size_t MaxHeapSize                              = 4202692608                                {product} {ergonomic}
   size_t MaxNewSize                               = 2520776704                                {product} {ergonomic}
   size_t MinHeapDeltaBytes                        = 2097152                                   {product} {ergonomic}
   size_t MinHeapSize                              = 8388608                                   {product} {ergonomic}
    uintx NonNMethodCodeHeapSize                   = 5839372                                {pd product} {ergonomic}
    uintx NonProfiledCodeHeapSize                  = 122909434                              {pd product} {ergonomic}
    uintx ProfiledCodeHeapSize                     = 122909434                              {pd product} {ergonomic}
    uintx ReservedCodeCacheSize                    = 251658240                              {pd product} {ergonomic}
     bool SegmentedCodeCache                       = true                                      {product} {ergonomic}
   size_t SoftMaxHeapSize                          = 4202692608                             {manageable} {ergonomic}
     bool UseCompressedOops                        = true                           {product lp64_product} {ergonomic}
     bool UseG1GC                                  = true                                      {product} {ergonomic}
     bool UseLargePagesIndividualAllocation        = false                                  {pd product} {ergonomic}

Logging:
Log output configuration:
 #0: stdout all=warning uptime,level,tags foldmultilines=false
 #1: stderr all=off uptime,level,tags foldmultilines=false

Environment Variables:
JAVA_HOME=C:\Program Files\Eclipse Adoptium\jdk-21.0.6.7-hotspot\bin
PATH=C:\Program Files\Eclipse Adoptium\jdk-21.0.6.7-hotspot\bin;C:\Python313\Scripts\;C:\Python313\;C:\Python312\Scripts\;C:\Python312\;C:\WINDOWS\system32;C:\WINDOWS;C:\WINDOWS\System32\Wbem;C:\WINDOWS\System32\WindowsPowerShell\v1.0\;C:\WINDOWS\System32\OpenSSH\;C:\Program Files\Git\cmd;C:\Program Files (x86)\dotnet\;C:\MAMP\bin\mysql\bin;C:\Program Files\nodejs\;C:\ProgramData\chocolatey\bin;;C:\Program Files\Docker\Docker\resources\bin;C:\Users\araom\AppData\Local\Programs\Eclipse Adoptium\jdk-21.0.6.7-hotspot\bin;C:\Users\araom\AppData\Local\Microsoft\WindowsApps;C:\Users\araom\AppData\Local\Programs\Microsoft VS Code\bin;C:\Users\araom\AppData\Roaming\npm;C:\Users\araom\AppData\Local\JetBrains\Toolbox\scripts;C:\Users\araom\AppData\Local\Programs\mongosh\
USERNAME=araom
OS=Windows_NT
PROCESSOR_IDENTIFIER=Intel64 Family 6 Model 186 Stepping 3, GenuineIntel
TMP=C:\Users\araom\AppData\Local\Temp
TEMP=C:\Users\araom\AppData\Local\Temp




Periodic native trim disabled

---------------  S Y S T E M  ---------------

OS:
 Windows 11 , 64 bit Build 26100 (10.0.26100.5074)
OS uptime: 0 days 0:40 hours
Hyper-V role detected

CPU: total 12 (initial active 12) (6 cores per cpu, 2 threads per core) family 6 model 186 stepping 3 microcode 0x4129, cx8, cmov, fxsr, ht, mmx, 3dnowpref, sse, sse2, sse3, ssse3, sse4.1, sse4.2, popcnt, lzcnt, tsc, tscinvbit, avx, avx2, aes, erms, clmul, bmi1, bmi2, adx, sha, fma, vzeroupper, clflush, clflushopt, clwb, hv, serialize, rdtscp, rdpid, fsrm, f16c, cet_ibt, cet_ss
Processor Information for the first 12 processors :
  Max Mhz: 1300, Current Mhz: 1300, Mhz Limit: 1300

Memory: 4k page, system-wide physical 16024M (1387M free)
TotalPageFile size 21560M (AvailPageFile size 369M)
current process WorkingSet (physical memory assigned to process): 229M, peak: 229M
current process commit charge ("private bytes"): 269M, peak: 428M

vm_info: OpenJDK 64-Bit Server VM (21.0.8+9-LTS) for windows-amd64 JRE (21.0.8+9-LTS), built on 2025-07-10T20:22:44Z by "MicrosoftCorporation" with unknown MS VC++:1944

END.
